IQ-TREE multicore version 1.6.12 for Linux 64-bit built Aug 15 2019
Developed by Bui Quang Minh, Nguyen Lam Tung, Olga Chernomor,
Heiko Schmidt, Dominik Schrempf, Michael Woodhams.

Host:    coral (AVX512, FMA3, 376 GB RAM)
Command: /home/timothy/programs/iqtree-1.6.12-Linux/bin/iqtree -s K00088.blastp_ALL.outfmt6.parsed.filtered.uniq.faa.mafft.aln -nt AUTO -ntmax 6 -m LG+R7 -bb 2000 -nm 2000 -quiet
Seed:    757228 (Using SPRNG - Scalable Parallel Random Number Generator)
Time:    Tue Oct 12 19:48:46 2021
Kernel:  AVX+FMA - auto-detect threads (96 CPU cores detected)

Reading alignment file K00088.blastp_ALL.outfmt6.parsed.filtered.uniq.faa.mafft.aln ... Fasta format detected
Alignment most likely contains protein sequences
Alignment has 127 sequences with 2580 columns, 962 distinct patterns
588 parsimony-informative, 228 singleton sites, 1763 constant sites
                                                                                                                                               Gap/Ambiguity  Composition  p-value
   1  Archaea-CandidatusKorarchaeota-NA-NA-NA-Candidatus_Methanodesulfokores_washburnensis_WP_125672077.1                                             81.59%    failed      0.00%
   2  Archaea-Crenarchaeota-Thermoprotei-Acidilobales-Acidilobaceae-Acidilobus_sp._7A_WP_117354628.1                                                  81.86%    failed      0.00%
   3  Archaea-Crenarchaeota-Thermoprotei-Desulfurococcales-Desulfurococcaceae-Desulfurococcaceae_archaeon_AG1_WP_109159965.1                          82.13%    failed      0.02%
   4  Archaea-Euryarchaeota-NA-NA-NA-Aciduliprofundum_sp._MAR08339_WP_015283233.1                                                                     81.32%    failed      0.00%
   5  Archaea-Euryarchaeota-Thermoplasmata-Thermoplasmatales-Cuniculiplasmataceae-Cuniculiplasma_divulgatum_WP_077075975.1                            81.24%    failed      4.26%
   6  Archaea-NA-NA-NA-NA-anaerobic_archaeon_MKD1_WP_147664708.1                                                                                      80.70%    failed      0.44%
   7  Archaea-NA-NA-NA-NA-archaeon_AArcSl_WP_119821314.1                                                                                              80.70%    failed      0.00%
   8  Archaea-Thaumarchaeota-NA-NA-NA-Thaumarchaeota_archaeon_N4_WP_048194473.1                                                                       81.55%    passed     36.06%
   9  Archaea-Thaumarchaeota-Nitrososphaeria-Nitrososphaerales-Nitrososphaeraceae-Candidatus_Nitrososphaera_gargensis_WP_015020539.1                  81.51%    passed      9.41%
  10  Bacteria-Acidobacteria-Acidobacteriia-Acidobacteriales-Acidobacteriaceae-Acidipila_dinghuensis_WP_129209849.1                                   80.43%    passed      8.11%
  11  Bacteria-Acidobacteria-Acidobacteriia-Acidobacteriales-Acidobacteriaceae-Occallatibacter_savannae_WP_109489154.1                                80.39%    failed      2.71%
  12  Bacteria-Actinobacteria-Actinobacteria-Actinomycetales-Actinomycetaceae-Varibaculum_timonense_WP_080913587.1                                    81.28%    failed      1.51%
  13  Bacteria-Actinobacteria-Actinobacteria-Micrococcales-Microbacteriaceae-Microbacterium_arborescens_WP_114598516.1                                80.81%    passed     75.00%
  14  Bacteria-Aquificae-Aquificae-Aquificales-Aquificaceae-Hydrogenobacter_thermophilus_WP_012962969.1                                               81.09%    failed      2.57%
  15  Bacteria-Aquificae-Aquificae-Aquificales-Aquificaceae-Thermocrinis_minervae_WP_079653449.1                                                      81.24%    failed      0.13%
  16  Bacteria-Bacteroidetes-Bacteroidia-Bacteroidales-Porphyromonadaceae-Fermentimonas_caenicola_WP_045090640.1                                      80.93%    passed      5.27%
  17  Bacteria-Bacteroidetes-Bacteroidia-Bacteroidales-Porphyromonadaceae-Lascolabacillus_massiliensis_WP_053826985.1                                 80.93%    failed      4.76%
  18  Bacteria-CandidatusKryptonia-NA-NA-NA-Candidatus_Chrysopegis_kryptomonas_WP_092347517.1                                                         80.78%    failed      0.08%
  19  Bacteria-CandidatusMelainabacteria-NA-NA-NA-Candidatus_Melainabacteria_bacterium_WP_144104886.1                                                 80.27%    passed     61.47%
  20  Bacteria-Chlamydiae-Chlamydiia-Parachlamydiales-Waddliaceae-Waddlia_chondrophila_WP_013182705.1                                                 79.77%    passed     13.26%
  21  Bacteria-Chloroflexi-Ardenticatenia-Ardenticatenales-Ardenticatenaceae-Ardenticatena_maritima_WP_054491546.1                                    80.70%    failed      0.00%
  22  Bacteria-Coprothermobacterota-Coprothermobacteria-Coprothermobacterales-Coprothermobacteraceae-Coprothermobacter_proteolyticus_WP_107763666.1   81.20%    failed      4.66%
  23  Bacteria-Dictyoglomi-Dictyoglomia-Dictyoglomales-Dictyoglomaceae-Dictyoglomus_sp._ob14_WP_148807743.1                                           80.89%    failed      1.14%
  24  Bacteria-Elusimicrobia-Endomicrobia-Endomicrobiales-Endomicrobiaceae-Candidatus_Endomicrobium_trichonymphae_WP_096525900.1                      81.12%    failed      0.25%
  25  Bacteria-Firmicutes-Clostridia-Clostridiales-Syntrophomonadaceae-Thermosyntropha_lipolytica_WP_073089529.1                                      81.28%    failed      1.39%
  26  Bacteria-Firmicutes-Clostridia-Thermoanaerobacterales-Thermoanaerobacteraceae-Moorella_mulderi_WP_062285500.1                                   81.32%    failed      0.03%
  27  Bacteria-NA-NA-NA-NA-bacterium_1xD4267_WP_120396535.1                                                                                           80.97%    passed     10.21%
  28  Bacteria-NA-NA-NA-NA-NA_WP_016291787.1                                                                                                          81.24%    passed     12.86%
  29  Bacteria-Planctomycetes-CandidatusBrocadiae-CandidatusBrocadiales-CandidatusBrocadiaceae-Candiadtus_Scalindua_japonica_WP_096894517.1           80.31%    failed      4.81%
  30  Bacteria-Planctomycetes-CandidatusBrocadiae-CandidatusBrocadiales-CandidatusBrocadiaceae-Candidatus_Brocadia_sinica_WP_052564009.1              80.47%    passed     19.74%
  31  Bacteria-Proteobacteria-Betaproteobacteria-Burkholderiales-Burkholderiaceae-Burkholderia_sp._DHOD12_WP_137332171.1                              81.16%    failed      0.81%
  32  Bacteria-Proteobacteria-Betaproteobacteria-Neisseriales-Chromobacteriaceae-NA_WP_054285701.1                                                    81.16%    failed      0.68%
  33  Bacteria-Spirochaetes-Spirochaetia-Leptospirales-Leptospiraceae-Leptospira_bourretii_WP_135748571.1                                             80.31%    passed     47.65%
  34  Bacteria-Spirochaetes-Spirochaetia-Leptospirales-Leptospiraceae-NA_WP_100718146.1                                                               80.31%    passed     64.74%
  35  Bacteria-Synergistetes-Synergistia-Synergistales-Synergistaceae-Aminivibrio_pyruvatiphilus_WP_133957529.1                                       80.97%    failed      2.87%
  36  Bacteria-Synergistetes-Synergistia-Synergistales-Synergistaceae-Cloacibacillus_sp._An23_WP_087363237.1                                          80.93%    failed      1.92%
  37  Bacteria-Tenericutes-Mollicutes-Entomoplasmatales-Spiroplasmataceae-Spiroplasma_sabaudiense_WP_025250780.1                                      81.09%    failed      0.00%
  38  Bacteria-Thermotogae-Thermotogae-Thermotogales-Fervidobacteriaceae-Fervidobacterium_thailandense_WP_069293131.1                                 81.05%    failed      0.76%
  39  Bacteria-Thermotogae-Thermotogae-Thermotogales-Fervidobacteriaceae-Thermosipho_globiformans_WP_126993569.1                                      81.28%    failed      0.25%
  40  Eukaryota-Acytosteliales-Acytosteliales-Acytosteliales-Acytosteliaceae-Acytostelium_subglobosum_XP_012752937.1                                  79.03%    passed     80.92%
  41  Eukaryota-Acytosteliales-Acytosteliales-Acytosteliales-Cavenderiaceae-Cavenderia_fasciculata_XP_004359521.1                                     15.35%    failed      0.00%
  42  Eukaryota-Alveolata-Dinophyceae-NA-Unranked-Glenodinium_foliaceum_MMETSP0119_c5980_g1_i1.p2                                                     80.58%    passed     50.22%
  43  Eukaryota-Alveolata-Dinophyceae-Peridiniales-Kryptoperidiniaceae-Kryptoperidinium_foliaceum_MMETSP0120_c69875_g1_i1.p1                          79.19%    passed     92.54%
  44  Eukaryota-Amoebozoa-NA-NA-Paramoebidae-Stygamoeba_regulata_MMETSP0447_c9683_g1_i1.p1                                                            79.77%    passed     83.10%
  45  Eukaryota-Amoebozoa-NA-NA-Paramoebidae-Vexillifera_sp_MMETSP0173_c1130_g1_i1.p1                                                                 79.69%    failed      1.74%
  46  Eukaryota-Annelida-Clitellata-Hirudinida-Glossiphoniidae-Helobdella_robusta_jgi186209                                                           80.08%    passed     23.28%
  47  Eukaryota-Apicomplexa-Conoidasida-Eucoccidiorida-Sarcocystidae-Besnoitia_besnoiti_XP_029222528.1                                                79.84%    passed     76.26%
  48  Eukaryota-Apicomplexa-NA-Unranked-NA-Alveolata_sp_MMETSP0288_c31130_g1_i1.p1                                                                    80.31%    passed     76.67%
  49  Eukaryota-Apusomonadidae-NA-NA-NA-Thecamonas_trahens_XP_013760733.1                                                                             79.50%    passed      8.43%
  50  Eukaryota-Arthropoda-Insecta-Hymenoptera-Braconidae-Diachasma_alloeum_XP_015123628.1                                                            79.73%    passed     67.67%
  51  Eukaryota-Arthropoda-Insecta-Hymenoptera-Braconidae-Fopius_arisanus_XP_011302503.1                                                              79.73%    passed     72.41%
  52  Eukaryota-Ascomycota-Pneumocystidomycetes-Pneumocystidales-Pneumocystidaceae-Pneumocystis_jirovecii_XP_018230640.1                              79.30%    passed     14.67%
  53  Eukaryota-Ascomycota-Saccharomycetes-Saccharomycetales-Saccharomycetaceae-Eremothecium_sinecaudum_XP_017989130.1                                79.77%    passed     74.95%
  54  Eukaryota-Basidiomycota-Microbotryomycetes-Undefined-Undefined-Sporobolomyces_roseus_jgi28117                                                   79.42%    passed     12.21%
  55  Eukaryota-Basidiomycota-Pucciniomycetes-Pucciniales-Melampsoraceae-Melampsora_laricipopulina_XP_007410271.1                                     79.46%    passed     18.62%
  56  Eukaryota-Brachiopoda-Lingulata-Lingulida-Lingulidae-Lingula_anatina_XP_013422152.1                                                             76.36%    passed     59.84%
  57  Eukaryota-Cercozoa-Chlorarachniophyceae-NA-NA-Gymnochlora_sp_MMETSP0110_c5464_g1_i1.p1                                                          77.98%    passed     19.70%
  58  Eukaryota-Cercozoa-Chlorarachniophyceae-NA-NA-Lotharella_amoebiformis_MMETSP0042_c9803_g1_i2.p1                                                 77.67%    passed     46.57%
  59  Eukaryota-Chlorophyta-Mamiellophyceae-Mamiellales-Mamiellaceae-Micromonas_commoda_XP_002504960.1                                                79.84%    failed      1.53%
  60  Eukaryota-Chlorophyta-NA-Pyramimonadales-NA-Pyramimonas_amylifera_MMETSP1081_c16122_g1_i1.p1                                                    80.31%    passed     10.11%
  61  Eukaryota-Choanoflagellata-Choanoflagellata-Choanoflagellata-NA-Acanthoeca_sp_MMETSP0105_c14750_g1_i1.p1                                        78.02%    passed     12.74%
  62  Eukaryota-Choanoflagellata-Choanoflagellata-Choanoflagellata-Salpingoecidae-Monosiga_brevicollis_XP_001749943.1                                 79.46%    passed     40.78%
  63  Eukaryota-Chordata-Actinopteri-Beloniformes-Adrianichthyidae-Oryzias_latipes_XP_023807934.1                                                     77.25%    passed     59.03%
  64  Eukaryota-Chordata-Actinopteri-Cyprinodontiformes-Cyprinodontidae-Cyprinodon_variegatus_XP_015255456.1                                          77.29%    passed     67.30%
  65  Eukaryota-Chromeraceae-NA-NA-NA-Chromera_velia_MMETSP0290_c29293_g1_i1.p1                                                                       80.19%    passed     50.79%
  66  Eukaryota-Chromeraceae-NA-NA-NA-Vitrella_brassicaformis_MMETSP1451_c36946_g1_i1.p1                                                              80.31%    passed     76.67%
  67  Eukaryota-Chytridiomycota-Chytridiomycetes-Rhizophydiales-NA-Batrachochytrium_dendrobatidis_jgi12346                                            79.26%    passed     35.57%
  68  Eukaryota-Chytridiomycota-Chytridiomycetes-Spizellomycetales-Spizellomycetaceae-Spizellomyces_punctatus_XP_016608989.1                          78.49%    passed     42.11%
  69  Eukaryota-Ciliophora-NA-Unranked-NA-Protocruzia_adherens_MMETSP0216_c16332_g1_i1.p2                                                             80.50%    passed     77.74%
  70  Eukaryota-Ciliophora-NA-Unranked-NA-Tiarina_fusus_MMETSP0472_c10871_g1_i1.p1                                                                    80.39%    passed     96.67%
  71  Eukaryota-Cnidaria-Anthozoa-Scleractinia-Merulinidae-Orbicella_faveolata_XP_020629487.1                                                         80.12%    passed     47.59%
  72  Eukaryota-Cnidaria-Anthozoa-Scleractinia-Pocilloporidae-Pocillopora_damicornis_XP_027058205.1                                                   80.12%    passed     62.29%
  73  Eukaryota-Cryptophyta-NA-Cryptomonadales-Cryptomonadaceae-Cryptomonas_paramecium_MMETSP0038_c22813_g1_i1.p1                                     77.98%    passed     52.68%
  74  Eukaryota-Cryptophyta-NA-Cryptomonadales-Hemiselmidaceae-Hemiselmis_andersenii_MMETSP1043_c1685_g2_i1.p1                                        76.74%    passed     42.81%
  75  Eukaryota-Dictyosteliales-Dictyosteliales-Dictyosteliales-Dictyosteliaceae-Dictyostelium_discoideum_XP_638973.1                                 80.04%    passed     54.56%
  76  Eukaryota-Echinodermata-Asteroidea-Valvatida-Acanthasteridae-Acanthaster_planci_XP_022108472.1                                                  77.75%    passed     52.10%
  77  Eukaryota-Echinodermata-Echinoidea-Echinoida-Strongylocentrotidae-Strongylocentrotus_purpuratus_XP_011667956.1                                  80.00%    passed     32.16%
  78  Eukaryota-Euglenida-NA-Eutreptiales-NA-Eutreptiella_gymnastica_MMETSP0039_c19372_g2_i1.p2                                                       79.30%    passed     44.48%
  79  Eukaryota-Euglenida-NA-NA-Unranked-Neobodo_designis_MMETSP1114_c41854_g1_i1.p1                                                                  80.23%    failed      2.96%
  80  Eukaryota-Fonticulida-Fonticulida-Fonticulida-Fonticulaceae-Fonticula_alba_XP_009493835.1                                                       77.98%    failed      0.00%
  81  Eukaryota-Glaucophyta-Glaucophyta-Gloeochaetales-Gloeochaetaceae-Gloeochaete_witrockiana_MMETSP0308_c18896_g1_i1.p1                             78.14%    passed     36.75%
  82  Eukaryota-Glaucophyta-Glaucophyta-NA-NA-Cyanoptyche_gloeocystis_MMETSP1086_c20109_g1_i1.p1                                                      78.84%    passed     78.86%
  83  Eukaryota-Haptophyta-NA-Prymnesiales-NA-Chrysoculter_rhomboideus_MMETSP1335_c10343_g1_i1.p1                                                     79.81%    passed     30.35%
  84  Eukaryota-Haptophyta-NA-Prymnesiales-NA-Prymnesium_parvum_MMETSP0815_c7250_g1_i1.p1                                                             79.69%    passed     97.81%
  85  Eukaryota-Hemichordata-Enteropneusta-NA-Harrimaniidae-Saccoglossus_kowalevskii_XP_006825706.1                                                   82.79%    passed     77.89%
  86  Eukaryota-Heterolobosea-NA-NA-NA-Percolomonas_cosmopolitus_MMETSP0758_c1579_g1_i1.p1                                                            85.70%    passed     65.76%
  87  Eukaryota-Heterolobosea-NA-NA-Vahlkampfiidae-Naegleria_gruberi_jgi34674                                                                         86.59%    passed     79.15%
  88  Eukaryota-Kinetoplastida-Kinetoplastida-Kinetoplastida-Trypanosomatidae-Leishmania_mexicana_XP_003874334.1                                      80.08%    passed     80.49%
  89  Eukaryota-Kinetoplastida-Kinetoplastida-Kinetoplastida-Trypanosomatidae-Trypanosoma_grayi_XP_009312907.1                                        80.16%    passed     93.77%
  90  Eukaryota-Longamoebia-Longamoebia-Longamoebia-Acanthamoebidae-Acanthamoeba_castellanii_XP_004353733.1                                           78.95%    passed     90.19%
  91  Eukaryota-Mesomycetozoea-Ichthyosporea-Ichthyophonida-NA-Sphaeroforma_arctica_XP_014150102.1                                                    79.50%    passed     90.98%
  92  Eukaryota-Mesomycetozoea-Ichthyosporea-NA-NA-Capsaspora_owczarzaki_XP_004345327.1                                                               79.69%    passed     20.93%
  93  Eukaryota-Mollusca-Bivalvia-Ostreoida-Ostreidae-Crassostrea_virginica_XP_022297425.1                                                            79.07%    passed     80.28%
  94  Eukaryota-Mollusca-Gastropoda-NA-Planorbidae-Biomphalaria_glabrata_XP_013065314.1                                                               78.64%    passed     72.35%
  95  Eukaryota-Mucorales-Mucoraceae-Undefined-Undefined-Mucor_circinelloides_jgi43749                                                                79.61%    passed     73.69%
  96  Eukaryota-Mucoromycota-Mortierellomycetes-Mortierellales-Mortierellaceae-Lobosporangium_transversale_XP_021876151.1                             79.50%    passed     59.78%
  97  Eukaryota-Mucoromycota-Mucoromycetes-Mucorales-Rhizopodaceae-Rhizopus_microsporus_XP_023461305.1                                                79.53%    passed     65.45%
  98  Eukaryota-Nematoda-Chromadorea-Rhabditida-Onchocercidae-Loa_loa_XP_003136355.2                                                                  80.16%    passed     74.18%
  99  Eukaryota-Nematoda-Enoplea-Trichinellida-Trichinellidae-Trichinella_spiralis_XP_003375010.1                                                     80.39%    passed     88.78%
 100  Eukaryota-Palpitomonas-NA-NA-NA-Palpitomonas_bilix_MMETSP0780_c12271_g1_i1.p1                                                                   79.38%    passed     49.68%
 101  Eukaryota-Perkinsozoa-NA-Perkinsida-Perkinsidae-Perkinsus_marinus_XP_002771644.1                                                                79.53%    passed     49.48%
 102  Eukaryota-Placozoa-NA-NA-Trichoplacidae-Trichoplax_adhaerens_XP_002112400.1                                                                     80.16%    passed     55.53%
 103  Eukaryota-Platyhelminthes-Cestoda-Cyclophyllidea-Taeniidae-Echinococcus_granulosus_XP_024352251.1                                               80.35%    passed     43.31%
 104  Eukaryota-Platyhelminthes-Trematoda-Strigeidida-Schistosomatidae-Schistosoma_mansoni_XP_018648174.1                                             80.27%    passed     22.13%
 105  Eukaryota-Porifera-Demospongiae-Haplosclerida-Niphatidae-Amphimedon_queenslandica_jgiAqu1217776                                                 80.08%    passed     58.63%
 106  Eukaryota-Priapulida-Priapulimorpha-Priapulimorphida-Priapulidae-Priapulus_caudatus_XP_014667896.1                                              80.08%    passed     32.95%
 107  Eukaryota-Retaria-NA-NA-NA-Ammonia_sp_MMETSP1384_c18998_g1_i1.p1                                                                                78.68%    passed     66.07%
 108  Eukaryota-Retaria-NA-NA-NA-Rosalina_sp_MMETSP0190_c14017_g1_i1.p1                                                                               78.37%    failed      0.98%
 109  Eukaryota-Rhodophyta-Bangiophyceae-Cyanidiales-Cyanidiaceae-Cyanidioschyzon_merolae_CmerSOOS_G3248.1                                            79.15%    passed     67.80%
 110  Eukaryota-Rhodophyta-Bangiophyceae-Porphyridiales-Porphyridiaceae-Porphyridium_aerugineum_MMETSP0313_c5769_g1_i1.p1                             79.57%    passed     66.76%
 111  Eukaryota-Stramenopiles-Labyrinthista-NA-NA-Aplanochytrium_stocchinoi_MMETSP1346_c7934_g1_i1.p1                                                 79.96%    passed     57.13%
 112  Eukaryota-Stramenopiles-Labyrinthulomycetes-Unranked-Unranked-Aplanochytrium_kerguelense_jgi47591                                               80.97%    passed     67.77%
 113  Eukaryota-Streptophyta-NA-Fagales-Fagaceae-Quercus_suber_XP_023927037.1                                                                         77.67%    failed      2.31%
 114  Eukaryota-Streptophyta-NA-Myrtales-Myrtaceae-Rhodamnia_argentea_XP_030529773.1                                                                  79.96%    passed     53.66%
 115  MSTRG.5217.1.p1                                                                                                                                 79.11%    passed     48.97%
 116  Paulinella_chromatophora_CCAC0185_nuclear___scaffold24548-m124149                                                                               93.45%    passed      9.60%
 117  Paulinella_chromatophora_CCAC0185_nuclear___scaffold3858-m38036                                                                                 78.14%    passed     50.06%
 118  Paulinella_ovalis_nuclear_SingleCell___SAG1_utg7180000021121.g9663.t1                                                                           94.53%    passed     25.44%
 119  Paulinella_ovalis_nuclear_SingleCell___SAG3_contig00465.g583.t1                                                                                 85.39%    passed     41.31%
 120  Paulinella_ovalis_nuclear_SingleCell___SAG3_contig00940.g985.t1                                                                                 93.37%    passed     17.25%
 121  Paulinella_ovalis_nuclear_SingleCell___SAG5_contig00003.g16.t1                                                                                  85.97%    passed     29.18%
 122  Paulinella_ovalis_nuclear_SingleCell___SAG5_contig00621.g866.t1                                                                                 89.42%    passed     14.97%
 123  Viruses-Myoviridae-NA-NA-NA-Bacillus_virus_G_YP_009015423.1                                                                                     87.33%    passed     29.99%
 124  Viruses-Myoviridae-NA-NA-NA-Caulobacter_phage_Cr30_YP_009098783.1                                                                               86.51%    passed     73.38%
 125  Viruses-Phycodnaviridae-NA-NA-NA-Chrysochromulina_ericina_virus_YP_009173395.1                                                                  86.86%    passed     18.09%
 126  Viruses-Phycodnaviridae-NA-NA-NA-Phaeocystis_globosa_virus_YP_008052403.1                                                                       86.43%    failed      0.01%
 127  Viruses-Siphoviridae-NA-NA-NA-Staphylococcus_virus_42e_YP_239889.1                                                                              87.40%    passed     19.43%
WARNING: 126 sequences contain more than 50% gaps/ambiguity
****  TOTAL                                                                                                                                           80.30%  35 sequences failed composition chi2 test (p-value<5%; df=19)
NOTE: Eukaryota-Chromeraceae-NA-NA-NA-Vitrella_brassicaformis_MMETSP1451_c36946_g1_i1.p1 is identical to Eukaryota-Apicomplexa-NA-Unranked-NA-Alveolata_sp_MMETSP0288_c31130_g1_i1.p1 but kept for subsequent analysis

Create initial parsimony tree by phylogenetic likelihood library (PLL)... 0.067 seconds
Generating 2000 samples for ultrafast bootstrap (seed: 757228)...

NOTE: 142 MB RAM (0 GB) is required!
Measuring multi-threading efficiency up to 6 CPU cores
3 trees examined
Threads: 1 / Time: 7.859 sec / Speedup: 1.000 / Efficiency: 100% / LogL: -102372
Threads: 2 / Time: 1.630 sec / Speedup: 4.822 / Efficiency: 241% / LogL: -102372
Threads: 3 / Time: 1.167 sec / Speedup: 6.736 / Efficiency: 225% / LogL: -102372
Threads: 4 / Time: 1.263 sec / Speedup: 6.225 / Efficiency: 156% / LogL: -102372
Threads: 5 / Time: 1.510 sec / Speedup: 5.204 / Efficiency: 104% / LogL: -102372
BEST NUMBER OF THREADS: 3

Estimate model parameters (epsilon = 0.100)
1. Initial log-likelihood: -83908.484
2. Current log-likelihood: -77793.832
3. Current log-likelihood: -77655.753
4. Current log-likelihood: -77646.490
5. Current log-likelihood: -77643.566
6. Current log-likelihood: -77642.363
7. Current log-likelihood: -77641.796
8. Current log-likelihood: -77641.636
9. Current log-likelihood: -77641.517
Optimal log-likelihood: -77641.378
Site proportion and rates:  (0.116,0.059) (0.117,0.189) (0.141,0.379) (0.098,0.552) (0.152,0.867) (0.139,1.363) (0.235,2.299)
Parameters optimization took 9 rounds (56.501 sec)
Computing ML distances based on estimated model parameters... 12.510 sec
WARNING: Some pairwise ML distances are too long (saturated)
Computing BIONJ tree...
0.030 seconds
Log-likelihood of BIONJ tree: -77714.072
--------------------------------------------------------------------
|             INITIALIZING CANDIDATE TREE SET                      |
--------------------------------------------------------------------
Generating 98 parsimony trees... 11.929 second
Computing log-likelihood of 98 initial trees ... 63.614 seconds
Current best score: -77641.378

Do NNI search on 20 best initial trees
Estimate model parameters (epsilon = 0.100)
BETTER TREE FOUND at iteration 1: -77465.719
Estimate model parameters (epsilon = 0.100)
BETTER TREE FOUND at iteration 3: -77421.464
Estimate model parameters (epsilon = 0.100)
BETTER TREE FOUND at iteration 4: -77398.066
Estimate model parameters (epsilon = 0.100)
BETTER TREE FOUND at iteration 7: -77394.304
Iteration 10 / LogL: -77429.412 / Time: 0h:5m:5s
Estimate model parameters (epsilon = 0.100)
BETTER TREE FOUND at iteration 12: -77388.619
Iteration 20 / LogL: -77428.166 / Time: 0h:6m:32s
Finish initializing candidate tree set (20)
Current best tree score: -77388.619 / CPU time: 296.536
Number of iterations: 20
--------------------------------------------------------------------
|               OPTIMIZING CANDIDATE TREE SET                      |
--------------------------------------------------------------------
Estimate model parameters (epsilon = 0.100)
BETTER TREE FOUND at iteration 21: -77384.181
UPDATE BEST LOG-LIKELIHOOD: -77384.175
Estimate model parameters (epsilon = 0.100)
BETTER TREE FOUND at iteration 25: -77379.262
Iteration 30 / LogL: -77383.397 / Time: 0h:8m:19s (0h:27m:2s left)
Estimate model parameters (epsilon = 0.100)
BETTER TREE FOUND at iteration 31: -77367.595
Estimate model parameters (epsilon = 0.100)
BETTER TREE FOUND at iteration 34: -77366.866
Estimate model parameters (epsilon = 0.100)
BETTER TREE FOUND at iteration 35: -77357.673
Iteration 40 / LogL: -77373.625 / Time: 0h:10m:18s (0h:24m:55s left)
Iteration 50 / LogL: -77368.070 / Time: 0h:11m:59s (0h:20m:39s left)
Log-likelihood cutoff on original alignment: -77495.558
Iteration 60 / LogL: -77368.140 / Time: 0h:13m:25s (0h:16m:57s left)
Estimate model parameters (epsilon = 0.100)
BETTER TREE FOUND at iteration 66: -77357.289
Iteration 70 / LogL: -77364.382 / Time: 0h:15m:4s (0h:20m:51s left)
Iteration 80 / LogL: -77376.951 / Time: 0h:16m:32s (0h:17m:55s left)
Iteration 90 / LogL: -77389.075 / Time: 0h:18m:3s (0h:15m:21s left)
Iteration 100 / LogL: -77358.925 / Time: 0h:19m:41s (0h:13m:4s left)
Log-likelihood cutoff on original alignment: -77495.558
NOTE: Bootstrap correlation coefficient of split occurrence frequencies: 0.992
Iteration 110 / LogL: -77364.977 / Time: 0h:21m:26s (0h:17m:37s left)
Iteration 120 / LogL: -77364.242 / Time: 0h:23m:10s (0h:15m:31s left)
Iteration 130 / LogL: -77371.451 / Time: 0h:24m:47s (0h:13m:24s left)
Estimate model parameters (epsilon = 0.100)
BETTER TREE FOUND at iteration 132: -77357.051
Iteration 140 / LogL: -77362.341 / Time: 0h:26m:24s (0h:17m:25s left)
Iteration 150 / LogL: -77358.255 / Time: 0h:28m:8s (0h:15m:26s left)
Log-likelihood cutoff on original alignment: -77495.558
Iteration 160 / LogL: -77384.403 / Time: 0h:29m:48s (0h:13m:27s left)
Iteration 170 / LogL: -77357.739 / Time: 0h:31m:38s (0h:11m:34s left)
Iteration 180 / LogL: -77360.582 / Time: 0h:33m:4s (0h:9m:35s left)
Iteration 190 / LogL: -77358.920 / Time: 0h:34m:40s (0h:7m:41s left)
Iteration 200 / LogL: -77357.560 / Time: 0h:36m:10s (0h:5m:48s left)
Log-likelihood cutoff on original alignment: -77495.558
NOTE: Bootstrap correlation coefficient of split occurrence frequencies: 0.999
Iteration 210 / LogL: -77357.665 / Time: 0h:37m:49s (0h:16m:15s left)
Iteration 220 / LogL: -77366.370 / Time: 0h:39m:17s (0h:14m:19s left)
Iteration 230 / LogL: -77378.857 / Time: 0h:40m:57s (0h:12m:29s left)
TREE SEARCH COMPLETED AFTER 233 ITERATIONS / Time: 0h:41m:24s

--------------------------------------------------------------------
|                    FINALIZING TREE SEARCH                        |
--------------------------------------------------------------------
Performs final model parameters optimization
Estimate model parameters (epsilon = 0.010)
1. Initial log-likelihood: -77357.051
Optimal log-likelihood: -77357.047
Site proportion and rates:  (0.123,0.060) (0.120,0.195) (0.168,0.389) (0.084,0.625) (0.143,0.902) (0.137,1.400) (0.225,2.353)
Parameters optimization took 1 rounds (2.889 sec)
BEST SCORE FOUND : -77357.047
Creating bootstrap support values...
Split supports printed to NEXUS file K00088.blastp_ALL.outfmt6.parsed.filtered.uniq.faa.mafft.aln.splits.nex
Total tree length: 80.853

Total number of iterations: 233
CPU time used for tree search: 7045.830 sec (1h:57m:25s)
Wall-clock time used for tree search: 2388.679 sec (0h:39m:48s)
Total CPU time used: 7294.040 sec (2h:1m:34s)
Total wall-clock time used: 2489.159 sec (0h:41m:29s)

Computing bootstrap consensus tree...
Reading input file K00088.blastp_ALL.outfmt6.parsed.filtered.uniq.faa.mafft.aln.splits.nex...
127 taxa and 913 splits.
Consensus tree written to K00088.blastp_ALL.outfmt6.parsed.filtered.uniq.faa.mafft.aln.contree
Reading input trees file K00088.blastp_ALL.outfmt6.parsed.filtered.uniq.faa.mafft.aln.contree
Log-likelihood of consensus tree: -77359.783

Analysis results written to: 
  IQ-TREE report:                K00088.blastp_ALL.outfmt6.parsed.filtered.uniq.faa.mafft.aln.iqtree
  Maximum-likelihood tree:       K00088.blastp_ALL.outfmt6.parsed.filtered.uniq.faa.mafft.aln.treefile
  Likelihood distances:          K00088.blastp_ALL.outfmt6.parsed.filtered.uniq.faa.mafft.aln.mldist

Ultrafast bootstrap approximation results written to:
  Split support values:          K00088.blastp_ALL.outfmt6.parsed.filtered.uniq.faa.mafft.aln.splits.nex
  Consensus tree:                K00088.blastp_ALL.outfmt6.parsed.filtered.uniq.faa.mafft.aln.contree
  Screen log file:               K00088.blastp_ALL.outfmt6.parsed.filtered.uniq.faa.mafft.aln.log

Date and Time: Tue Oct 12 20:30:24 2021
