IQ-TREE multicore version 1.6.12 for Linux 64-bit built Aug 15 2019
Developed by Bui Quang Minh, Nguyen Lam Tung, Olga Chernomor,
Heiko Schmidt, Dominik Schrempf, Michael Woodhams.

Host:    coral (AVX512, FMA3, 376 GB RAM)
Command: /home/timothy/programs/iqtree-1.6.12-Linux/bin/iqtree -s K00609.blastp_ALL.outfmt6.parsed.filtered.uniq.faa.mafft.aln.trimal1 -nt AUTO -ntmax 4 -m MFP -bb 2000 -nm 2000 -quiet
Seed:    386070 (Using SPRNG - Scalable Parallel Random Number Generator)
Time:    Wed Oct 13 08:59:41 2021
Kernel:  AVX+FMA - auto-detect threads (96 CPU cores detected)

Reading alignment file K00609.blastp_ALL.outfmt6.parsed.filtered.uniq.faa.mafft.aln.trimal1 ... Fasta format detected
Alignment most likely contains protein sequences
Alignment has 106 sequences with 222 columns, 214 distinct patterns
174 parsimony-informative, 17 singleton sites, 30 constant sites
                                                                                                                                                Gap/Ambiguity  Composition  p-value
   1  Archaea-CandidatusBathyarchaeota-NA-NA-NA-Candidatus_Bathyarchaeota_archaeon_WP_116577612.1                                                       1.35%    passed     35.20%
   2  Archaea-CandidatusKorarchaeota-NA-NA-NA-Candidatus_Methanodesulfokores_washburnensis_WP_125672971.1                                               1.35%    passed     83.49%
   3  Archaea-Crenarchaeota-Thermoprotei-Acidilobales-Acidilobaceae-Acidilobus_saccharovorans_WP_048812820.1                                            1.35%    passed     85.16%
   4  Archaea-Crenarchaeota-Thermoprotei-Sulfolobales-Sulfolobaceae-Sulfolobus_sp._A20_WP_069282163.1                                                   1.35%    passed     48.57%
   5  Archaea-Euryarchaeota-Methanomicrobia-Methanocellales-Methanocellaceae-Methanocella_paludicola_WP_012901741.1                                     1.35%    passed     92.01%
   6  Archaea-Euryarchaeota-Methanomicrobia-Methanosarcinales-CandidatusMethanoperedenaceae-Candidatus_Methanoperedens_nitroreducens_WP_048088669.1     1.35%    passed     85.38%
   7  Archaea-NA-NA-NA-NA-anaerobic_archaeon_MKD1_WP_147664845.1                                                                                        1.35%    passed     18.98%
   8  Archaea-NA-NA-NA-NA-archaeon_AArcSl_WP_119815301.1                                                                                                1.35%    passed     91.85%
   9  Archaea-Thaumarchaeota-NA-Nitrosopumilales-Nitrosopumilaceae-Nitrosopumilaceae_archaeon_WP_129916769.1                                            1.35%    passed     59.54%
  10  Archaea-Thaumarchaeota-Nitrososphaeria-Nitrososphaerales-Nitrososphaeraceae-Nitrososphaera_viennensis_WP_075055150.1                              1.35%    passed     32.07%
  11  Bacteria-Acidobacteria-Acidobacteriia-Acidobacteriales-Acidobacteriaceae-Candidatus_Sulfotelmatobacter_kueseliae_WP_106807121.1                   3.15%    passed     96.43%
  12  Bacteria-Acidobacteria-Acidobacteriia-NA-NA-Acidobacteriia_bacterium_SbA2_WP_105313561.1                                                          1.35%    passed     97.52%
  13  Bacteria-Actinobacteria-Actinobacteria-Micrococcales-Microbacteriaceae-Humibacter_sp._WJ71_WP_146319765.1                                         3.15%    passed     21.11%
  14  Bacteria-Actinobacteria-Actinobacteria-Micrococcales-Microbacteriaceae-Microbacterium_sorbitolivorans_WP_114116734.1                              3.15%    passed     24.97%
  15  Bacteria-Bacteroidetes-Bacteroidia-Bacteroidales-Muribaculaceae-Duncaniella_sp._TLLA3_WP_135470182.1                                              1.35%    passed     96.16%
  16  Bacteria-Bacteroidetes-Bacteroidia-Bacteroidales-Prevotellaceae-Prevotella_amnii_WP_008446953.1                                                   1.35%    passed      7.86%
  17  Bacteria-CandidatusKryptonia-NA-NA-NA-Candidatus_Kryptonium_thompsoni_WP_047133790.1                                                              0.90%    passed     87.51%
  18  Bacteria-Chloroflexi-Thermomicrobia-Sphaerobacterales-Sphaerobacteraceae-Nitrolancea_hollandica_WP_008476788.1                                    1.35%    passed     10.48%
  19  Bacteria-Chloroflexi-Thermomicrobia-Sphaerobacterales-Sphaerobacteraceae-Sphaerobacter_thermophilus_WP_148219949.1                                1.35%    passed     31.87%
  20  Bacteria-Firmicutes-Bacilli-Bacillales-Alicyclobacillaceae-Effusibacillus_pohliae_WP_018132396.1                                                  1.80%    passed     19.13%
  21  Bacteria-Firmicutes-Bacilli-Bacillales-Paenibacillaceae-Cohnella_phaseoli_WP_116064660.1                                                          1.35%    passed     71.69%
  22  Bacteria-Fusobacteria-Fusobacteriia-Fusobacteriales-Fusobacteriaceae-Fusobacterium_necrophorum_WP_035933755.1                                     1.35%    passed     87.01%
  23  Bacteria-Fusobacteria-Fusobacteriia-Fusobacteriales-Fusobacteriaceae-NA_WP_008801762.1                                                            1.35%    passed     44.24%
  24  Bacteria-NA-NA-NA-NA-bacterium_JKG1_WP_029214713.1                                                                                                1.35%    passed     99.02%
  25  Bacteria-NA-NA-NA-NA-NA_WP_135891705.1                                                                                                            2.70%    passed     92.48%
  26  Bacteria-Planctomycetes-CandidatusBrocadiae-CandidatusBrocadiales-CandidatusBrocadiaceae-Candidatus_Brocadiaceae_bacterium_B188_WP_146327244.1    1.35%    passed     88.15%
  27  Bacteria-Proteobacteria-Deltaproteobacteria-Desulfobacterales-Desulfobacteraceae-Desulfococcus_multivorans_WP_020877465.1                         1.35%    passed     91.51%
  28  Bacteria-Proteobacteria-Deltaproteobacteria-Desulfobacterales-Desulfobulbaceae-Desulfopila_sp._IMCC35006_WP_136815609.1                           1.35%    passed     97.72%
  29  Bacteria-Spirochaetes-Spirochaetia-Leptospirales-Leptospiraceae-Leptonema_illini_WP_002772635.1                                                   1.35%    passed     55.36%
  30  Bacteria-Spirochaetes-Spirochaetia-Leptospirales-Leptospiraceae-Leptospira_noguchii_WP_004422071.1                                                1.35%    passed     64.10%
  31  Bacteria-Verrucomicrobia-Verrucomicrobiae-Verrucomicrobiales-Rubritaleaceae-Rubritalea_marina_WP_018970309.1                                      1.80%    passed     97.81%
  32  Eukaryota-Acytosteliales-Acytosteliales-Acytosteliales-Acytosteliaceae-Acytostelium_subglobosum_XP_012755643.1                                    1.35%    passed     94.46%
  33  Eukaryota-Acytosteliales-Acytosteliales-Acytosteliales-Cavenderiaceae-Cavenderia_fasciculata_XP_004361697.1                                       1.35%    passed     97.22%
  34  Eukaryota-Alveolata-Dinophyceae-NA-Unranked-Karlodinium_micrum_MMETSP1015_c2136_g1_i1.p1                                                          1.35%    passed     98.17%
  35  Eukaryota-Alveolata-Dinophyceae-NA-Unranked-Pelagodinium_bii_MMETSP1338_c5148_g1_i1.p1                                                            1.35%    passed     82.18%
  36  Eukaryota-Amoebozoa-NA-NA-Paramoebidae-Mayorella_sp_MMETSP0417_c4575_g2_i1.p1                                                                     1.35%    passed     99.11%
  37  Eukaryota-Amoebozoa-NA-NA-Paramoebidae-Stygamoeba_regulata_MMETSP0447_c7087_g1_i3.p1                                                              1.35%    passed     99.11%
  38  Eukaryota-Annelida-Clitellata-Hirudinida-Glossiphoniidae-Helobdella_robusta_jgi186717                                                             1.80%    passed     83.64%
  39  Eukaryota-Apicomplexa-Aconoidasida-Piroplasmida-Babesiidae-Babesia_ovata_XP_028867441.1                                                           1.35%    passed     98.02%
  40  Eukaryota-Apicomplexa-NA-Unranked-NA-Alveolata_sp_MMETSP0288_c162_g1_i1.p1                                                                        2.70%    passed     97.56%
  41  Eukaryota-Arthropoda-Arachnida-Araneae-Theridiidae-Parasteatoda_tepidariorum_XP_021003830.1                                                       1.35%    passed     98.33%
  42  Eukaryota-Arthropoda-Arachnida-Mesostigmata-Phytoseiidae-Galendromus_occidentalis_XP_003739459.1                                                  1.35%    passed     96.59%
  43  Eukaryota-Ascomycota-Eurotiomycetes-Onygenales-Arthrodermataceae-Nannizzia_gypsea_XP_003176028.1                                                  1.35%    passed     80.45%
  44  Eukaryota-Ascomycota-Saccharomycetes-Saccharomycetales-Trichomonascaceae-Wickerhamiella_sorbophila_XP_024666459.1                                 1.35%    passed     97.28%
  45  Eukaryota-Basidiomycota-Agaricomycetes-Agaricales-Schizophyllaceae-Schizophyllum_commune_XP_003030885.1                                           0.90%    passed     75.04%
  46  Eukaryota-Basidiomycota-Malasseziomycetes-Malasseziales-Malasseziaceae-Malassezia_restricta_XP_027486380.1                                        0.90%    passed     95.74%
  47  Eukaryota-Brachiopoda-Lingulata-Lingulida-Lingulidae-Lingula_anatina_XP_013406337.1                                                               1.35%    passed     99.96%
  48  Eukaryota-Cercozoa-Chlorarachniophyceae-NA-NA-Gymnochlora_sp_MMETSP0110_c9873_g1_i1.p1                                                            2.25%    passed     79.10%
  49  Eukaryota-Cercozoa-Chlorarachniophyceae-NA-NA-Lotharella_globosa_MMETSP0041_c28248_g1_i1.p1                                                       2.25%    passed     96.16%
  50  Eukaryota-Chlorophyta-Chlorophyceae-Chlamydomonadales-Chlamydomonadaceae-Chlamydomonas_chlamydogama_MMETSP1392_c30124_g1_i1.p1                    1.35%    passed     99.98%
  51  Eukaryota-Chlorophyta-Nephroselmidophyceae-NA-NA-Nephroselmis_pyriformis_MMETSP0034_c31398_g1_i1.p1                                               1.35%    passed     96.33%
  52  Eukaryota-Choanoflagellata-Choanoflagellata-Choanoflagellata-Salpingoecidae-Monosiga_brevicollis_XP_001746804.1                                   1.35%    passed     99.71%
  53  Eukaryota-Choanoflagellata-Choanoflagellata-Choanoflagellata-Salpingoecidae-Salpingoeca_rosetta_XP_004995659.1                                    1.35%    passed     97.05%
  54  Eukaryota-Chordata-Actinopteri-Blenniiformes-Blenniidae-Salarias_fasciatus_XP_029966027.1                                                         1.35%    passed     72.47%
  55  Eukaryota-Chordata-Actinopteri-Clupeiformes-Denticipitidae-Denticeps_clupeoides_XP_028858688.1                                                    1.35%    passed     69.49%
  56  Eukaryota-Chromeraceae-NA-NA-NA-Chromera_velia_MMETSP0290_c39538_g1_i1.p1                                                                        32.43%    passed     88.72%
  57  Eukaryota-Chromeraceae-NA-NA-NA-Vitrella_brassicaformis_MMETSP1451_c2232_g3_i1.p1                                                                 2.70%    passed     97.56%
  58  Eukaryota-Chytridiomycota-Chytridiomycetes-Rhizophydiales-NA-Batrachochytrium_dendrobatidis_jgi29998                                              1.35%    passed     66.72%
  59  Eukaryota-Chytridiomycota-Chytridiomycetes-Spizellomycetales-Spizellomycetaceae-Spizellomyces_punctatus_XP_016604812.1                            1.35%    passed     76.98%
  60  Eukaryota-Ciliophora-NA-Unranked-NA-Litonotus_pictus_MMETSP0209_c25776_g1_i1.p1                                                                   1.35%    passed     96.17%
  61  Eukaryota-Ciliophora-NA-Unranked-NA-Tiarina_fusus_MMETSP0472_c113119_g1_i1.p2                                                                     1.35%    passed     99.99%
  62  Eukaryota-Cnidaria-Anthozoa-Scleractinia-Pocilloporidae-Pocillopora_damicornis_XP_027052951.1                                                     1.35%    passed     98.93%
  63  Eukaryota-Cnidaria-Anthozoa-Scleractinia-Pocilloporidae-Stylophora_pistillata_XP_022798866.1                                                      1.35%    passed     98.37%
  64  Eukaryota-Cryptophyta-NA-Pyrenomonadales-Chroomonadaceae-Chroomonas_mesostigmaticacf_MMETSP0047_c2648_g1_i1.p1                                    1.35%    passed     99.78%
  65  Eukaryota-Cryptophyta-NA-Pyrenomonadales-Pyrenomonadaceae-Rhodomonas_abbreviata_MMETSP1101_c8235_g1_i1.p1                                         1.35%    passed     99.55%
  66  Eukaryota-Dictyosteliales-Dictyosteliales-Dictyosteliales-Dictyosteliaceae-Dictyostelium_discoideum_XP_643196.1                                   1.35%    passed     99.06%
  67  Eukaryota-Echinodermata-Asteroidea-Valvatida-Acanthasteridae-Acanthaster_planci_XP_022107143.1                                                    1.35%    passed     87.06%
  68  Eukaryota-Echinodermata-Echinoidea-Echinoida-Strongylocentrotidae-Strongylocentrotus_purpuratus_XP_011667092.1                                    1.35%    passed     99.16%
  69  Eukaryota-Euglenida-NA-NA-Unranked-Neobodo_designis_MMETSP1114_c4423_g1_i1.p1                                                                     1.35%    passed     73.87%
  70  Eukaryota-Fonticulida-Fonticulida-Fonticulida-Fonticulaceae-Fonticula_alba_XP_009492289.1                                                         1.35%    failed      4.96%
  71  Eukaryota-Glaucophyta-Glaucophyta-Gloeochaetales-Gloeochaetaceae-Gloeochaete_witrockiana_MMETSP0308_c36267_g1_i1.p1                               1.35%    passed     99.62%
  72  Eukaryota-Glaucophyta-Glaucophyta-NA-NA-Cyanoptyche_gloeocystis_MMETSP1086_c741_g1_i1.p1                                                          1.35%    passed     99.83%
  73  Eukaryota-Haptophyta-NA-Phaeocystales-Phaeocystaceae-Phaeocystis_cordata_MMETSP1465_c5457_g1_i1.p1                                                1.35%    passed     97.31%
  74  Eukaryota-Haptophyta-NA-Prymnesiales-NA-Calcidiscus_leptoporus_MMETSP1334_c27742_g1_i1.p1                                                         1.35%    passed     97.37%
  75  Eukaryota-Hemichordata-Enteropneusta-NA-Harrimaniidae-Saccoglossus_kowalevskii_XP_006819567.1                                                     1.35%    passed     93.01%
  76  Eukaryota-Heterolobosea-NA-NA-Vahlkampfiidae-Naegleria_gruberi_jgi74661                                                                           0.90%    passed     31.52%
  77  Eukaryota-Kinetoplastida-Kinetoplastida-Kinetoplastida-Trypanosomatidae-Leishmania_donovani_XP_003859742.1                                        0.90%    passed     93.50%
  78  Eukaryota-Kinetoplastida-Kinetoplastida-Kinetoplastida-Trypanosomatidae-Trypanosoma_rangeli_XP_029236662.1                                        0.90%    passed     84.71%
  79  Eukaryota-Longamoebia-Longamoebia-Longamoebia-Acanthamoebidae-Acanthamoeba_castellanii_XP_004341545.1                                             1.35%    passed     99.99%
  80  Eukaryota-Mesomycetozoea-Ichthyosporea-Ichthyophonida-NA-Sphaeroforma_arctica_XP_014152790.1                                                      1.80%    passed     12.87%
  81  Eukaryota-Mesomycetozoea-Ichthyosporea-NA-NA-Capsaspora_owczarzaki_XP_004346899.2                                                                 1.35%    passed     95.52%
  82  Eukaryota-Mollusca-Bivalvia-Pectinoida-Pectinidae-Mizuhopecten_yessoensis_XP_021353567.1                                                          1.35%    passed     81.55%
  83  Eukaryota-Mollusca-Cephalopoda-Octopoda-Octopodidae-Octopus_bimaculoides_XP_014788813.1                                                           1.35%    passed     98.36%
  84  Eukaryota-Mucorales-Mucoraceae-Undefined-Undefined-Mucor_circinelloides_jgi35343                                                                  1.35%    passed     99.96%
  85  Eukaryota-Mucoromycota-Mucoromycetes-Mucorales-Phycomycetaceae-Phycomyces_blakesleeanus_jgi74982                                                  1.35%    passed     99.91%
  86  Eukaryota-Mucoromycota-Mucoromycetes-Mucorales-Rhizopodaceae-Rhizopus_microsporus_XP_023466212.1                                                  1.35%    passed     99.99%
  87  Eukaryota-Nematoda-Chromadorea-Rhabditida-Rhabditidae-Caenorhabditis_briggsae_XP_002630114.1                                                      1.35%    passed     76.80%
  88  Eukaryota-Nematoda-Chromadorea-Strongylida-Ancylostomatidae-Necator_americanus_XP_013304238.1                                                     4.05%    passed     97.52%
  89  Eukaryota-Placozoa-NA-NA-Trichoplacidae-Trichoplax_adhaerens_XP_002115431.1                                                                       1.35%    passed     94.24%
  90  Eukaryota-Platyhelminthes-Trematoda-Strigeidida-Schistosomatidae-Schistosoma_mansoni_XP_018650997.1                                               1.35%    passed     98.68%
  91  Eukaryota-Porifera-Demospongiae-Haplosclerida-Niphatidae-Amphimedon_queenslandica_XP_019849014.1                                                  1.35%    passed     85.08%
  92  Eukaryota-Priapulida-Priapulimorpha-Priapulimorphida-Priapulidae-Priapulus_caudatus_XP_014663678.1                                                5.41%    passed     99.43%
  93  Eukaryota-Retaria-NA-NA-NA-Elphidium_margaritaceum_MMETSP1385_c14257_g1_i1.p1                                                                     1.35%    passed     99.73%
  94  Eukaryota-Retaria-NA-NA-NA-Sorites_sp_MMETSP0191_c25974_g1_i1.p1                                                                                  1.35%    failed      0.98%
  95  Eukaryota-Rhodophyta-Bangiophyceae-Cyanidiales-Cyanidiaceae-Galdieria_phlegrea_GphlegSOOS_G268.1                                                  1.35%    passed     86.84%
  96  Eukaryota-Rhodophyta-Bangiophyceae-Porphyridiales-Porphyridiaceae-Porphyridium_aerugineum_MMETSP0313_c3543_g1_i1.p1                               1.35%    passed     98.78%
  97  Eukaryota-Stramenopiles-Dictyochophyceae-Dictyochales-NA-Dictyocha_speculum_MMETSP1174_c9784_g1_i3.p1                                             0.90%    passed     98.33%
  98  Eukaryota-Stramenopiles-Eustigmatophyceae-Eustigmatales-Monodopsidaceae-Nannochloropsis_gaditana_XP_005856017.1                                  12.61%    passed     96.38%
  99  Eukaryota-Streptophyta-Lycopodiopsida-Selaginellales-Selaginellaceae-Selaginella_moellendorffii_XP_002987333.2                                    1.35%    passed     96.91%
 100  Eukaryota-Streptophyta-NA-Malpighiales-Euphorbiaceae-Hevea_brasiliensis_XP_021642880.1                                                            1.35%    passed     92.54%
 101  MSTRG.21874.1.p1                                                                                                                                 46.40%    passed     97.55%
 102  Paulinella_chromatophora_CCAC0185_nuclear___scaffold13356-m86993                                                                                  1.35%    passed     51.83%
 103  Paulinella_chromatophora_CCAC0185_nuclear___scaffold7938-m62292                                                                                   1.35%    passed     93.99%
 104  Paulinella_ovalis_nuclear_SingleCell___SAG3_contig02279.g1771.t1                                                                                 66.22%    passed     41.37%
 105  Viruses-Phycodnaviridae-NA-NA-NA-Only_Syngen_Nebraska_virus_5_YP_009325590.1                                                                      1.35%    passed     59.68%
 106  Viruses-Phycodnaviridae-NA-NA-NA-Paramecium_bursaria_Chlorella_virus_1_NP_048517.1                                                                1.35%    passed     96.35%
WARNING: 1 sequences contain more than 50% gaps/ambiguity
****  TOTAL                                                                                                                                             2.94%  2 sequences failed composition chi2 test (p-value<5%; df=19)
NOTE: Eukaryota-Amoebozoa-NA-NA-Paramoebidae-Stygamoeba_regulata_MMETSP0447_c7087_g1_i3.p1 is identical to Eukaryota-Amoebozoa-NA-NA-Paramoebidae-Mayorella_sp_MMETSP0417_c4575_g2_i1.p1 but kept for subsequent analysis
NOTE: Eukaryota-Chromeraceae-NA-NA-NA-Vitrella_brassicaformis_MMETSP1451_c2232_g3_i1.p1 is identical to Eukaryota-Apicomplexa-NA-Unranked-NA-Alveolata_sp_MMETSP0288_c162_g1_i1.p1 but kept for subsequent analysis


Create initial parsimony tree by phylogenetic likelihood library (PLL)... 0.022 seconds
NOTE: ModelFinder requires 40 MB RAM!
ModelFinder will test 546 protein models (sample size: 222) ...
 No. Model         -LnL         df  AIC          AICc         BIC
Measuring multi-threading efficiency up to 4 CPU cores
Increase to 10 rounds for branch lengths
5 trees examined
Threads: 1 / Time: 4.198 sec / Speedup: 1.000 / Efficiency: 100% / LogL: -31574
Threads: 2 / Time: 1.881 sec / Speedup: 2.232 / Efficiency: 112% / LogL: -31574
Threads: 3 / Time: 3.019 sec / Speedup: 1.390 / Efficiency: 46% / LogL: -31574
BEST NUMBER OF THREADS: 2

  1  Dayhoff       24008.298    209 48434.595    55749.595    49145.755
  2  Dayhoff+I     23314.257    210 47048.514    55104.877    47763.076
  3  Dayhoff+G4    22204.980    210 44829.960    52886.324    45544.522
  4  Dayhoff+I+G4  22144.526    211 44711.053    53657.453    45429.018
  5  Dayhoff+R2    22560.487    211 45542.975    54489.375    46260.939
  6  Dayhoff+R3    22223.677    213 44873.355    56268.855    45598.125
  7  Dayhoff+R4    22149.974    215 44729.948    60209.948    45461.524
  8  Dayhoff+R5    22112.496    217 44658.993    68311.993    45397.374
  9  Dayhoff+R6    22102.043    219 44642.086    92822.086    45387.272
 10  Dayhoff+R7    22098.075    221 44638.149    142762.149   45390.141
 14  Dayhoff+F     23901.611    228 48259.222    152683.222   49035.032
 15  Dayhoff+F+I   23283.798    229 47025.596    152365.596   47804.809
 16  Dayhoff+F+G4  22145.856    229 44749.711    150089.711   45528.924
 17  Dayhoff+F+I+G4 22111.530    230 44683.059    150943.059   45465.675
 18  Dayhoff+F+R2  22507.995    230 45475.989    151735.989   46258.605
 19  Dayhoff+F+R3  22176.408    232 44816.816    152928.816   45606.237
 20  Dayhoff+F+R4  22094.799    234 44657.597    154637.597   45453.824
 21  Dayhoff+F+R5  22070.545    236 44613.090    156477.090   45416.122
 22  Dayhoff+F+R6  22064.468    238 44604.937    158368.937   45414.774
 23  Dayhoff+F+R7  22063.836    240 44607.672    160287.672   45424.314
 27  mtMAM         26463.976    209 53345.951    60660.951    54057.111
 28  mtMAM+I       26031.428    210 52482.855    60539.219    53197.417
 29  mtMAM+G4      23504.703    210 47429.405    55485.769    48143.968
 30  mtMAM+I+G4    23473.430    211 47368.860    56315.260    48086.825
 31  mtMAM+R2      24170.132    211 48762.264    57708.664    49480.229
 32  mtMAM+R3      23628.068    213 47682.137    59077.637    48406.907
 33  mtMAM+R4      23499.322    215 47428.644    62908.644    48160.219
 34  mtMAM+R5      23445.158    217 47324.317    70977.317    48062.698
 35  mtMAM+R6      23412.128    219 47262.257    95442.257    48007.443
 36  mtMAM+R7      23411.701    221 47265.401    145389.401   48017.393
 40  mtMAM+F       25386.961    228 51229.922    155653.922   52005.732
 41  mtMAM+F+I     24892.553    229 50243.106    155583.106   51022.319
 42  mtMAM+F+G4    22849.222    229 46156.444    151496.444   46935.657
 43  mtMAM+F+I+G4  22805.566    230 46071.132    152331.132   46853.748
 44  mtMAM+F+R2    23522.402    230 47504.804    153764.804   48287.420
 45  mtMAM+F+R3    22933.361    232 46330.722    154442.722   47120.143
 46  mtMAM+F+R4    22838.078    234 46144.157    156124.157   46940.383
 47  mtMAM+F+R5    22782.949    236 46037.899    157901.899   46840.931
 48  mtMAM+F+R6    22756.308    238 45988.616    159752.616   46798.453
 49  mtMAM+F+R7    22755.978    240 45991.956    161671.956   46808.599
 53  JTT           23842.446    209 48102.893    55417.893    48814.052
 54  JTT+I         23167.498    210 46754.995    54811.359    47469.558
 55  JTT+G4        22040.523    210 44501.046    52557.410    45215.609
 56  JTT+I+G4      21996.470    211 44414.940    53361.340    45132.905
 57  JTT+R2        22400.075    211 45222.149    54168.549    45940.114
 58  JTT+R3        22079.311    213 44584.621    55980.121    45309.392
 59  JTT+R4        21989.716    215 44409.431    59889.431    45141.007
 60  JTT+R5        21964.196    217 44362.391    68015.391    45100.772
 61  JTT+R6        21956.700    219 44351.399    92531.399    45096.586
 62  JTT+R7        21956.553    221 44355.105    142479.105   45107.097
 66  JTT+F         23837.626    228 48131.251    152555.251   48907.062
 67  JTT+F+I       23212.107    229 46882.214    152222.214   47661.427
 68  JTT+F+G4      22062.674    229 44583.349    149923.349   45362.562
 69  JTT+F+I+G4    22029.748    230 44519.495    150779.495   45302.111
 70  JTT+F+R2      22436.949    230 45333.897    151593.897   46116.513
 71  JTT+F+R3      22106.069    232 44676.137    152788.137   45465.559
 72  JTT+F+R4      22020.945    234 44509.889    154489.889   45306.116
 73  JTT+F+R5      21992.885    236 44457.771    156321.771   45260.803
 74  JTT+F+R6      21987.094    238 44450.188    158214.188   45260.025
 75  JTT+F+R7      21986.998    240 44453.995    160133.995   45270.638
 79  WAG           23491.665    209 47401.330    54716.330    48112.489
 80  WAG+I         22865.858    210 46151.715    54208.079    46866.277
 81  WAG+G4        21898.289    210 44216.578    52272.942    44931.140
 82  WAG+I+G4      21850.145    211 44122.291    53068.691    44840.256
 83  WAG+R2        22143.667    211 44709.334    53655.734    45427.299
 84  WAG+R3        21915.125    213 44256.250    55651.750    44981.020
 85  WAG+R4        21824.939    215 44079.878    59559.878    44811.454
 86  WAG+R5        21803.858    217 44041.716    67694.716    44780.097
 87  WAG+R6        21794.225    219 44026.450    92206.450    44771.637
 88  WAG+R7        21794.155    221 44030.309    142154.309   44782.301
 92  WAG+F         23419.779    228 47295.557    151719.557   48071.368
 93  WAG+F+I       22849.039    229 46156.079    151496.079   46935.292
 94  WAG+F+G4      21856.370    229 44170.739    149510.739   44949.952
 95  WAG+F+I+G4    21821.431    230 44102.862    150362.862   44885.477
 96  WAG+F+R2      22134.940    230 44729.881    150989.881   45512.496
 97  WAG+F+R3      21885.195    232 44234.389    152346.389   45023.810
 98  WAG+F+R4      21797.661    234 44063.321    154043.321   44859.548
 99  WAG+F+R5      21774.269    236 44020.537    155884.537   44823.569
100  WAG+F+R6      21771.170    238 44018.340    157782.340   44828.177
105  cpREV         23542.878    209 47503.757    54818.757    48214.916
106  cpREV+I       22957.006    210 46334.012    54390.376    47048.575
107  cpREV+G4      22007.225    210 44434.451    52490.815    45149.013
108  cpREV+I+G4    21962.950    211 44347.899    53294.299    45065.864
109  cpREV+R2      22259.475    211 44940.951    53887.351    45658.916
110  cpREV+R3      22034.485    213 44494.971    55890.471    45219.741
111  cpREV+R4      21941.022    215 44312.044    59792.044    45043.620
112  cpREV+R5      21909.050    217 44252.099    67905.099    44990.480
113  cpREV+R6      21899.017    219 44236.034    92416.034    44981.220
114  cpREV+R7      21898.992    221 44239.985    142363.985   44991.977
118  cpREV+F       23391.543    228 47239.087    151663.087   48014.897
119  cpREV+F+I     22828.646    229 46115.292    151455.292   46894.505
120  cpREV+F+G4    21908.053    229 44274.106    149614.106   45053.319
121  cpREV+F+I+G4  21856.125    230 44172.250    150432.250   44954.866
122  cpREV+F+R2    22141.095    230 44742.189    151002.189   45524.805
123  cpREV+F+R3    21921.399    232 44306.798    152418.798   45096.220
124  cpREV+F+R4    21839.592    234 44147.184    154127.184   44943.411
125  cpREV+F+R5    21797.820    236 44067.640    155931.640   44870.672
126  cpREV+F+R6    21788.629    238 44053.257    157817.257   44863.094
127  cpREV+F+R7    21788.586    240 44057.172    159737.172   44873.815
131  mtREV         25093.043    209 50604.086    57919.086    51315.246
132  mtREV+I       24639.390    210 49698.780    57755.144    50413.342
133  mtREV+G4      22954.355    210 46328.711    54385.075    47043.273
134  mtREV+I+G4    22951.476    211 46324.952    55271.352    47042.917
135  mtREV+R2      23687.051    211 47796.102    56742.502    48514.067
136  mtREV+R3      23016.525    213 46459.050    57854.550    47183.821
137  mtREV+R4      22946.519    215 46323.038    61803.038    47054.614
138  mtREV+R5      22907.089    217 46248.177    69901.177    46986.558
139  mtREV+R6      22890.812    219 46219.623    94399.623    46964.810
140  mtREV+R7      22890.669    221 46223.338    144347.338   46975.330
144  mtREV+F       24109.345    228 48674.689    153098.689   49450.499
145  mtREV+F+I     23611.726    229 47681.451    153021.451   48460.664
146  mtREV+F+G4    22199.350    229 44856.701    150196.701   45635.914
147  mtREV+F+I+G4  22182.683    230 44825.365    151085.365   45607.981
148  mtREV+F+R2    22720.899    230 45901.797    152161.797   46684.413
149  mtREV+F+R3    22255.839    232 44975.678    153087.678   45765.099
150  mtREV+F+R4    22183.068    234 44834.136    154814.136   45630.362
151  mtREV+F+R5    22141.318    236 44754.636    156618.636   45557.668
152  mtREV+F+R6    22129.579    238 44735.159    158499.159   45544.996
153  mtREV+F+R7    22129.434    240 44738.867    160418.867   45555.510
157  rtREV         23679.679    209 47777.358    55092.358    48488.518
158  rtREV+I       23080.053    210 46580.107    54636.470    47294.669
159  rtREV+G4      21952.798    210 44325.597    52381.961    45040.159
160  rtREV+I+G4    21917.954    211 44257.908    53204.308    44975.873
161  rtREV+R2      22327.179    211 45076.358    54022.758    45794.323
162  rtREV+R3      22013.032    213 44452.064    55847.564    45176.834
163  rtREV+R4      21913.237    215 44256.474    59736.474    44988.050
164  rtREV+R5      21885.495    217 44204.989    67857.989    44943.370
165  rtREV+R6      21872.807    219 44183.613    92363.613    44928.800
166  rtREV+R7      21872.784    221 44187.567    142311.567   44939.559
170  rtREV+F       23488.909    228 47433.818    151857.818   48209.629
171  rtREV+F+I     22941.390    229 46340.781    151680.781   47119.994
172  rtREV+F+G4    21772.332    229 44002.664    149342.664   44781.878
173  rtREV+F+I+G4  21745.451    230 43950.902    150210.902   44733.518
174  rtREV+F+R2    22169.938    230 44799.875    151059.875   45582.491
175  rtREV+F+R3    21823.420    232 44110.840    152222.840   44900.261
176  rtREV+F+R4    21739.436    234 43946.873    153926.873   44743.099
177  rtREV+F+R5    21706.017    236 43884.035    155748.035   44687.067
178  rtREV+F+R6    21691.466    238 43858.932    157622.932   44668.769
179  rtREV+F+R7    21691.370    240 43862.739    159542.739   44679.382
183  mtART         25584.679    209 51587.358    58902.358    52298.518
184  mtART+I       25209.874    210 50839.748    58896.111    51554.310
185  mtART+G4      22900.482    210 46220.963    54277.327    46935.525
186  mtART+I+G4    22854.399    211 46130.797    55077.197    46848.762
187  mtART+R2      23461.107    211 47344.215    56290.615    48062.180
188  mtART+R3      22978.401    213 46382.801    57778.301    47107.572
189  mtART+R4      22879.109    215 46188.218    61668.218    46919.794
190  mtART+R5      22828.549    217 46091.098    69744.098    46829.479
191  mtART+R6      22810.219    219 46058.438    94238.438    46803.625
192  mtART+R7      22792.677    221 46027.354    144151.354   46779.346
193  mtART+R8      22792.673    223 46031.345    145935.345   46790.142
196  mtART+F       24507.177    228 49470.354    153894.354   50246.164
197  mtART+F+I     24066.912    229 48591.824    153931.824   49371.038
198  mtART+F+G4    22207.304    229 44872.608    150212.608   45651.821
199  mtART+F+I+G4  22184.131    230 44828.263    151088.263   45610.878
200  mtART+F+R2    22848.798    230 46157.596    152417.596   46940.212
201  mtART+F+R3    22292.087    232 45048.174    153160.174   45837.595
202  mtART+F+R4    22202.726    234 44873.451    154853.451   45669.678
203  mtART+F+R5    22152.627    236 44777.254    156641.254   45580.286
204  mtART+F+R6    22139.136    238 44754.271    158518.271   45564.108
205  mtART+F+R7    22129.738    240 44739.476    160419.476   45556.119
206  mtART+F+R8    22129.662    242 44743.325    162355.325   45566.773
209  mtZOA         24775.446    209 49968.892    57283.892    50680.051
210  mtZOA+I       24371.368    210 49162.736    57219.100    49877.298
211  mtZOA+G4      22386.158    210 45192.316    53248.680    45906.878
212  mtZOA+I+G4    22338.484    211 45098.967    54045.367    45816.932
213  mtZOA+R2      22961.505    211 46345.010    55291.410    47062.975
214  mtZOA+R3      22433.974    213 45293.947    56689.447    46018.718
215  mtZOA+R4      22356.679    215 45143.359    60623.359    45874.934
216  mtZOA+R5      22321.478    217 45076.956    68729.956    45815.337
217  mtZOA+R6      22303.824    219 45045.648    93225.648    45790.834
218  mtZOA+R7      22290.257    221 45022.513    143146.513   45774.505
219  mtZOA+R8      22290.141    223 45026.283    144930.283   45785.080
222  mtZOA+F       24035.454    228 48526.907    152950.907   49302.718
223  mtZOA+F+I     23559.583    229 47577.166    152917.166   48356.379
224  mtZOA+F+G4    21983.363    229 44424.727    149764.727   45203.940
225  mtZOA+F+I+G4  21943.881    230 44347.762    150607.762   45130.378
226  mtZOA+F+R2    22606.364    230 45672.727    151932.727   46455.343
227  mtZOA+F+R3    22055.216    232 44574.431    152686.431   45363.852
228  mtZOA+F+R4    21972.095    234 44412.190    154392.190   45208.416
229  mtZOA+F+R5    21920.817    236 44313.634    156177.634   45116.666
230  mtZOA+F+R6    21910.658    238 44297.316    158061.316   45107.153
231  mtZOA+F+R7    21906.561    240 44293.123    159973.123   45109.765
235  VT            23555.891    209 47529.782    54844.782    48240.942
236  VT+I          22934.687    210 46289.374    54345.737    47003.936
237  VT+G4         21948.686    210 44317.373    52373.736    45031.935
238  VT+I+G4       21905.607    211 44233.213    53179.613    44951.178
239  VT+R2         22258.185    211 44938.371    53884.771    45656.336
240  VT+R3         21975.341    213 44376.682    55772.182    45101.452
241  VT+R4         21885.288    215 44200.576    59680.576    44932.152
242  VT+R5         21872.584    217 44179.168    67832.168    44917.549
243  VT+R6         21862.195    219 44162.391    92342.391    44907.577
244  VT+R7         21861.468    221 44164.936    142288.936   44916.928
248  VT+F          23520.065    228 47496.129    151920.129   48271.939
249  VT+F+I        22937.141    229 46332.281    151672.281   47111.494
250  VT+F+G4       21942.736    229 44343.471    149683.471   45122.684
251  VT+F+I+G4     21906.914    230 44273.829    150533.829   45056.444
252  VT+F+R2       22246.081    230 44952.162    151212.162   45734.778
253  VT+F+R3       21970.727    232 44405.455    152517.455   45194.876
254  VT+F+R4       21886.891    234 44241.782    154221.782   45038.009
255  VT+F+R5       21868.332    236 44208.663    156072.663   45011.695
256  VT+F+R6       21863.867    238 44203.735    157967.735   45013.572
261  LG            23355.990    209 47129.979    54444.979    47841.139
262  LG+I          22756.646    210 45933.293    53989.657    46647.855
263  LG+G4         21605.930    210 43631.859    51688.223    44346.422
264  LG+I+G4       21578.294    211 43578.587    52524.987    44296.552
265  LG+R2         21994.258    211 44410.517    53356.917    45128.482
266  LG+R3         21661.779    213 43749.557    55145.057    44474.327
267  LG+R4         21567.206    215 43564.413    59044.413    44295.988
268  LG+R5         21536.600    217 43507.200    67160.200    44245.581
269  LG+R6         21526.475    219 43490.951    91670.951    44236.137
270  LG+R7         21526.474    221 43494.948    141618.948   44246.939
274  LG+F          23341.251    228 47138.501    151562.501   47914.311
275  LG+F+I        22791.392    229 46040.784    151380.784   46819.997
276  LG+F+G4       21623.963    229 43705.926    149045.926   44485.139
277  LG+F+I+G4     21601.192    230 43662.385    149922.385   44445.001
278  LG+F+R2       22024.110    230 44508.219    150768.219   45290.835
279  LG+F+R3       21673.164    232 43810.329    151922.329   44599.750
280  LG+F+R4       21591.201    234 43650.401    153630.401   44446.628
281  LG+F+R5       21553.832    236 43579.663    155443.663   44382.695
282  LG+F+R6       21543.849    238 43563.697    157327.697   44373.535
283  LG+F+R7       21543.840    240 43567.679    159247.679   44384.322
287  DCMut         24008.665    209 48435.329    55750.329    49146.489
288  DCMut+I       23314.637    210 47049.273    55105.637    47763.835
289  DCMut+G4      22206.301    210 44832.603    52888.967    45547.165
290  DCMut+I+G4    22146.214    211 44714.429    53660.829    45432.393
291  DCMut+R2      22497.106    211 45416.213    54362.613    46134.178
292  DCMut+R3      22225.012    213 44876.024    56271.524    45600.794
293  DCMut+R4      22134.369    215 44698.737    60178.737    45430.313
294  DCMut+R5      22100.486    217 44634.972    68287.972    45373.353
295  DCMut+R6      22098.179    219 44634.359    92814.359    45379.545
300  DCMut+F       23901.326    228 48258.652    152682.652   49034.463
301  DCMut+F+I     23283.460    229 47024.921    152364.921   47804.134
302  DCMut+F+G4    22146.536    229 44751.071    150091.071   45530.284
303  DCMut+F+I+G4  22112.206    230 44684.413    150944.413   45467.029
304  DCMut+F+R2    22473.591    230 45407.181    151667.181   46189.797
305  DCMut+F+R3    22176.964    232 44817.927    152929.927   45607.348
306  DCMut+F+R4    22093.280    234 44654.561    154634.561   45450.787
307  DCMut+F+R5    22068.711    236 44609.423    156473.423   45412.455
308  DCMut+F+R6    22064.134    238 44604.269    158368.269   45414.106
313  PMB           23593.016    209 47604.032    54919.032    48315.192
314  PMB+I         23023.889    210 46467.778    54524.142    47182.340
315  PMB+G4        22030.016    210 44480.032    52536.395    45194.594
316  PMB+I+G4      21996.220    211 44414.441    53360.841    45132.406
317  PMB+R2        22330.261    211 45082.522    54028.922    45800.487
318  PMB+R3        22068.505    213 44563.009    55958.509    45287.779
319  PMB+R4        21975.870    215 44381.739    59861.739    45113.315
320  PMB+R5        21957.916    217 44349.832    68002.832    45088.213
321  PMB+R6        21952.873    219 44343.746    92523.746    45088.932
326  PMB+F         23618.712    228 47693.423    152117.423   48469.234
327  PMB+F+I       23068.875    229 46595.750    151935.750   47374.963
328  PMB+F+G4      22069.720    229 44597.440    149937.440   45376.653
329  PMB+F+I+G4    22038.262    230 44536.525    150796.525   45319.141
330  PMB+F+R2      22376.281    230 45212.561    151472.561   45995.177
331  PMB+F+R3      22107.439    232 44678.879    152790.879   45468.300
332  PMB+F+R4      22019.458    234 44506.916    154486.916   45303.142
333  PMB+F+R5      21999.062    236 44470.125    156334.125   45273.157
334  PMB+F+R6      21993.372    238 44462.744    158226.744   45272.581
335  PMB+F+R7      21993.363    240 44466.727    160146.727   45283.369
339  HIVb          24908.596    209 50235.193    57550.193    50946.352
340  HIVb+I        24133.262    210 48686.524    56742.888    49401.087
341  HIVb+G4       22747.473    210 45914.947    53971.310    46629.509
342  HIVb+I+G4     22705.200    211 45832.401    54778.801    46550.366
343  HIVb+R2       23222.996    211 46867.991    55814.391    47585.956
344  HIVb+R3       22800.335    213 46026.670    57422.170    46751.440
345  HIVb+R4       22704.142    215 45838.284    61318.284    46569.859
346  HIVb+R5       22653.005    217 45740.011    69393.011    46478.392
347  HIVb+R6       22643.506    219 45725.011    93905.011    46470.197
348  HIVb+R7       22643.236    221 45728.471    143852.471   46480.463
352  HIVb+F        24837.916    228 50131.831    154555.831   50907.642
353  HIVb+F+I      24125.010    229 48708.021    154048.021   49487.234
354  HIVb+F+G4     22688.193    229 45834.386    151174.386   46613.599
355  HIVb+F+I+G4   22650.260    230 45760.520    152020.520   46543.136
356  HIVb+F+R2     23219.128    230 46898.256    153158.256   47680.872
357  HIVb+F+R3     22740.684    232 45945.367    154057.367   46734.788
358  HIVb+F+R4     22658.319    234 45784.639    155764.639   46580.865
359  HIVb+F+R5     22602.571    236 45677.143    157541.143   46480.174
360  HIVb+F+R6     22587.416    238 45650.832    159414.832   46460.669
361  HIVb+F+R7     22586.062    240 45652.124    161332.124   46468.766
365  HIVw          26115.055    209 52648.110    59963.110    53359.270
366  HIVw+I        25285.734    210 50991.468    59047.832    51706.030
367  HIVw+G4       24019.039    210 48458.079    56514.443    49172.641
368  HIVw+I+G4     23956.291    211 48334.583    57280.983    49052.547
369  HIVw+R2       24399.011    211 49220.021    58166.421    49937.986
370  HIVw+R3       24069.776    213 48565.553    59961.053    49290.323
371  HIVw+R4       23956.862    215 48343.725    63823.725    49075.301
372  HIVw+R5       23895.541    217 48225.082    71878.082    48963.463
373  HIVw+R6       23883.793    219 48205.587    96385.587    48950.773
374  HIVw+R7       23882.797    221 48207.593    146331.593   48959.585
378  HIVw+F        25689.111    228 51834.221    156258.221   52610.032
379  HIVw+F+I      24927.873    229 50313.746    155653.746   51092.959
380  HIVw+F+G4     23588.358    229 47634.717    152974.717   48413.930
381  HIVw+F+I+G4   23543.780    230 47547.560    153807.560   48330.176
382  HIVw+F+R2     24045.870    230 48551.739    154811.739   49334.355
383  HIVw+F+R3     23646.726    232 47757.452    155869.452   48546.873
384  HIVw+F+R4     23547.202    234 47562.404    157542.404   48358.631
385  HIVw+F+R5     23497.966    236 47467.931    159331.931   48270.963
386  HIVw+F+R6     23484.875    238 47445.750    161209.750   48255.587
387  HIVw+F+R7     23484.507    240 47449.013    163129.013   48265.656
391  JTTDCMut      23830.590    209 48079.179    55394.179    48790.339
392  JTTDCMut+I    23156.077    210 46732.154    54788.518    47446.716
393  JTTDCMut+G4   22034.998    210 44489.996    52546.359    45204.558
394  JTTDCMut+I+G4 21990.957    211 44403.914    53350.314    45121.879
395  JTTDCMut+R2   22367.255    211 45156.510    54102.910    45874.475
396  JTTDCMut+R3   22070.942    213 44567.883    55963.383    45292.653
397  JTTDCMut+R4   21980.458    215 44390.916    59870.916    45122.491
398  JTTDCMut+R5   21955.450    217 44344.899    67997.899    45083.280
399  JTTDCMut+R6   21947.548    219 44333.097    92513.097    45078.283
400  JTTDCMut+R7   21947.376    221 44336.751    142460.751   45088.743
404  JTTDCMut+F    23821.375    228 48098.750    152522.750   48874.560
405  JTTDCMut+F+I  23198.016    229 46854.032    152194.032   47633.245
406  JTTDCMut+F+G4 22054.512    229 44567.024    149907.024   45346.237
407  JTTDCMut+F+I+G4 22022.113    230 44504.225    150764.225   45286.841
408  JTTDCMut+F+R2 22420.610    230 45301.221    151561.221   46083.836
409  JTTDCMut+F+R3 22095.893    232 44655.786    152767.786   45445.207
410  JTTDCMut+F+R4 22010.572    234 44489.144    154469.144   45285.370
411  JTTDCMut+F+R5 21983.306    236 44438.611    156302.611   45241.643
412  JTTDCMut+F+R6 21977.800    238 44431.600    158195.600   45241.437
413  JTTDCMut+F+R7 21977.777    240 44435.555    160115.555   45252.197
417  FLU           24589.942    209 49597.883    56912.883    50309.043
418  FLU+I         23939.659    210 48299.319    56355.682    49013.881
419  FLU+G4        22647.642    210 45715.284    53771.647    46429.846
420  FLU+I+G4      22620.909    211 45663.818    54610.218    46381.783
421  FLU+R2        23081.061    211 46584.122    55530.522    47302.087
422  FLU+R3        22721.934    213 45869.867    57265.367    46594.638
423  FLU+R4        22616.576    215 45663.152    61143.152    46394.728
424  FLU+R5        22572.156    217 45578.312    69231.312    46316.693
425  FLU+R6        22561.652    219 45561.304    93741.304    46306.490
426  FLU+R7        22561.602    221 45565.204    143689.204   46317.195
430  FLU+F         24482.618    228 49421.236    153845.236   50197.047
431  FLU+F+I       23919.384    229 48296.769    153636.769   49075.982
432  FLU+F+G4      22582.355    229 45622.710    150962.710   46401.923
433  FLU+F+I+G4    22554.230    230 45568.459    151828.459   46351.075
434  FLU+F+R2      23075.923    230 46611.845    152871.845   47394.461
435  FLU+F+R3      22668.088    232 45800.177    153912.177   46589.598
436  FLU+F+R4      22562.982    234 45593.965    155573.965   46390.191
437  FLU+F+R5      22521.423    236 45514.846    157378.846   46317.878
438  FLU+F+R6      22506.318    238 45488.635    159252.635   46298.473
439  FLU+F+R7      22506.258    240 45492.516    161172.516   46309.159
443  Blosum62      23535.976    209 47489.952    54804.952    48201.112
444  Blosum62+I    22963.519    210 46347.037    54403.401    47061.599
445  Blosum62+G4   21992.360    210 44404.720    52461.084    45119.283
446  Blosum62+I+G4 21955.649    211 44333.298    53279.698    45051.263
447  Blosum62+R2   22275.809    211 44973.617    53920.017    45691.582
448  Blosum62+R3   22028.041    213 44482.082    55877.582    45206.853
449  Blosum62+R4   21935.241    215 44300.481    59780.481    45032.057
450  Blosum62+R5   21912.929    217 44259.858    67912.858    44998.239
451  Blosum62+R6   21906.368    219 44250.737    92430.737    44995.923
452  Blosum62+R7   21906.334    221 44254.668    142378.668   45006.660
456  Blosum62+F    23580.087    228 47616.174    152040.174   48391.985
457  Blosum62+F+I  23026.354    229 46510.708    151850.708   47289.921
458  Blosum62+F+G4 22051.135    229 44560.269    149900.269   45339.483
459  Blosum62+F+I+G4 22016.807    230 44493.614    150753.614   45276.230
460  Blosum62+F+R2 22338.282    230 45136.565    151396.565   45919.181
461  Blosum62+F+R3 22083.945    232 44631.890    152743.890   45421.311
462  Blosum62+F+R4 21996.680    234 44461.360    154441.360   45257.586
463  Blosum62+F+R5 21971.293    236 44414.586    156278.586   45217.617
464  Blosum62+F+R6 21965.018    238 44406.037    158170.037   45215.874
465  Blosum62+F+R7 21965.017    240 44410.033    160090.033   45226.676
469  mtMet         25140.297    209 50698.593    58013.593    51409.753
470  mtMet+I       24698.486    210 49816.972    57873.336    50531.535
471  mtMet+G4      22873.400    210 46166.799    54223.163    46881.361
472  mtMet+I+G4    22825.916    211 46073.832    55020.232    46791.797
473  mtMet+R2      23463.888    211 47349.776    56296.176    48067.741
474  mtMet+R3      22933.009    213 46292.019    57687.519    47016.789
475  mtMet+R4      22838.028    215 46106.057    61586.057    46837.632
476  mtMet+R5      22805.148    217 46044.296    69697.296    46782.677
477  mtMet+R6      22786.134    219 46010.268    94190.268    46755.455
478  mtMet+R7      22783.556    221 46009.111    144133.111   46761.103
482  mtMet+F       24295.158    228 49046.316    153470.316   49822.127
483  mtMet+F+I     23776.570    229 48011.140    153351.140   48790.353
484  mtMet+F+G4    22252.104    229 44962.207    150302.207   45741.420
485  mtMet+F+I+G4  22197.845    230 44855.689    151115.689   45638.305
486  mtMet+F+R2    22853.900    230 46167.799    152427.799   46950.415
487  mtMet+F+R3    22315.987    232 45095.973    153207.973   45885.394
488  mtMet+F+R4    22219.721    234 44907.441    154887.441   45703.668
489  mtMet+F+R5    22174.163    236 44820.325    156684.325   45623.357
490  mtMet+F+R6    22166.529    238 44809.059    158573.059   45618.896
491  mtMet+F+R7    22166.397    240 44812.795    160492.795   45629.437
495  mtVer         25790.464    209 51998.929    59313.929    52710.088
496  mtVer+I       25321.285    210 51062.571    59118.934    51777.133
497  mtVer+G4      23286.367    210 46992.735    55049.098    47707.297
498  mtVer+I+G4    23246.918    211 46915.835    55862.235    47633.800
499  mtVer+R2      23911.032    211 48244.065    57190.465    48962.030
500  mtVer+R3      23362.756    213 47151.511    58547.011    47876.282
501  mtVer+R4      23288.458    215 47006.916    62486.916    47738.492
502  mtVer+R5      23214.774    217 46863.547    70516.547    47601.928
503  mtVer+R6      23208.945    219 46855.889    95035.889    47601.076
504  mtVer+R7      23208.942    221 46859.884    144983.884   47611.876
508  mtVer+F       24898.420    228 50252.839    154676.839   51028.649
509  mtVer+F+I     24342.167    229 49142.334    154482.334   49921.547
510  mtVer+F+G4    22695.570    229 45849.140    151189.140   46628.353
511  mtVer+F+I+G4  22653.227    230 45766.453    152026.453   46549.069
512  mtVer+F+R2    23328.838    230 47117.677    153377.677   47900.293
513  mtVer+F+R3    22773.576    232 46011.152    154123.152   46800.574
514  mtVer+F+R4    22685.122    234 45838.243    155818.243   46634.470
515  mtVer+F+R5    22627.383    236 45726.767    157590.767   46529.799
516  mtVer+F+R6    22612.618    238 45701.236    159465.236   46511.074
517  mtVer+F+R7    22612.612    240 45705.223    161385.223   46521.866
521  mtInv         24934.239    209 50286.478    57601.478    50997.637
522  mtInv+I       24473.080    210 49366.160    57422.523    50080.722
523  mtInv+G4      22821.244    210 46062.487    54118.851    46777.049
524  mtInv+I+G4    22783.107    211 45988.213    54934.613    46706.178
525  mtInv+R2      23415.776    211 47253.551    56199.951    47971.516
526  mtInv+R3      22882.915    213 46191.830    57587.330    46916.600
527  mtInv+R4      22795.130    215 46020.260    61500.260    46751.835
528  mtInv+R5      22745.809    217 45925.619    69578.619    46664.000
529  mtInv+R6      22732.940    219 45903.880    94083.880    46649.066
530  mtInv+R7      22732.935    221 45907.869    144031.869   46659.861
534  mtInv+F       23899.071    228 48254.142    152678.142   49029.952
535  mtInv+F+I     23355.221    229 47168.442    152508.442   47947.655
536  mtInv+F+G4    22016.450    229 44490.899    149830.899   45270.112
537  mtInv+F+I+G4  21971.440    230 44402.881    150662.881   45185.496
538  mtInv+F+R2    22565.958    230 45591.915    151851.915   46374.531
539  mtInv+F+R3    22080.965    232 44625.930    152737.930   45415.351
540  mtInv+F+R4    21993.852    234 44455.704    154435.704   45251.930
541  mtInv+F+R5    21937.379    236 44346.758    156210.758   45149.790
542  mtInv+F+R6    21929.235    238 44334.471    158098.471   45144.308
543  mtInv+F+R7    21929.210    240 44338.420    160018.420   45155.063
Akaike Information Criterion:           LG+R6
Corrected Akaike Information Criterion: LG+G4
Bayesian Information Criterion:         LG+R6
Best-fit model: LG+R6 chosen according to BIC

All model information printed to K00609.blastp_ALL.outfmt6.parsed.filtered.uniq.faa.mafft.aln.trimal1.model.gz
CPU time for ModelFinder: 1408.715 seconds (0h:23m:28s)
Wall-clock time for ModelFinder: 703.977 seconds (0h:11m:43s)
Generating 2000 samples for ultrafast bootstrap (seed: 386070)...

NOTE: 25 MB RAM (0 GB) is required!
Measuring multi-threading efficiency up to 4 CPU cores
Increase to 10 rounds for branch lengths
7 trees examined
Threads: 1 / Time: 4.077 sec / Speedup: 1.000 / Efficiency: 100% / LogL: -27416
Threads: 2 / Time: 3.833 sec / Speedup: 1.064 / Efficiency: 53% / LogL: -27416
Threads: 3 / Time: 2.320 sec / Speedup: 1.757 / Efficiency: 59% / LogL: -27416
Threads: 4 / Time: 1.981 sec / Speedup: 2.058 / Efficiency: 51% / LogL: -27416
BEST NUMBER OF THREADS: 4

Estimate model parameters (epsilon = 0.100)
1. Initial log-likelihood: -21593.182
2. Current log-likelihood: -21567.870
3. Current log-likelihood: -21564.337
4. Current log-likelihood: -21561.805
5. Current log-likelihood: -21559.568
6. Current log-likelihood: -21557.560
7. Current log-likelihood: -21555.759
8. Current log-likelihood: -21554.128
9. Current log-likelihood: -21552.641
10. Current log-likelihood: -21551.274
11. Current log-likelihood: -21550.011
12. Current log-likelihood: -21548.839
13. Current log-likelihood: -21547.753
14. Current log-likelihood: -21546.748
15. Current log-likelihood: -21545.822
16. Current log-likelihood: -21545.075
17. Current log-likelihood: -21544.387
18. Current log-likelihood: -21543.814
19. Current log-likelihood: -21543.369
20. Current log-likelihood: -21543.061
21. Current log-likelihood: -21542.919
22. Current log-likelihood: -21542.781
23. Current log-likelihood: -21542.667
Optimal log-likelihood: -21542.541
Site proportion and rates:  (0.252,0.055) (0.079,0.248) (0.086,0.418) (0.323,0.974) (0.152,1.767) (0.108,3.213)
Parameters optimization took 23 rounds (12.164 sec)
Computing ML distances based on estimated model parameters... 5.829 sec
Computing BIONJ tree...
0.010 seconds
Log-likelihood of BIONJ tree: -21484.580
--------------------------------------------------------------------
|             INITIALIZING CANDIDATE TREE SET                      |
--------------------------------------------------------------------
Generating 98 parsimony trees... 3.062 second
Computing log-likelihood of 98 initial trees ... 5.554 seconds
Current best score: -21484.580

Do NNI search on 20 best initial trees
Estimate model parameters (epsilon = 0.100)
BETTER TREE FOUND at iteration 1: -21443.647
Estimate model parameters (epsilon = 0.100)
BETTER TREE FOUND at iteration 2: -21431.619
Estimate model parameters (epsilon = 0.100)
BETTER TREE FOUND at iteration 5: -21429.891
Estimate model parameters (epsilon = 0.100)
BETTER TREE FOUND at iteration 8: -21426.781
Iteration 10 / LogL: -21447.604 / Time: 0h:1m:1s
Iteration 20 / LogL: -21429.418 / Time: 0h:1m:8s
Finish initializing candidate tree set (20)
Current best tree score: -21426.781 / CPU time: 42.339
Number of iterations: 20
--------------------------------------------------------------------
|               OPTIMIZING CANDIDATE TREE SET                      |
--------------------------------------------------------------------
Estimate model parameters (epsilon = 0.100)
BETTER TREE FOUND at iteration 22: -21412.942
Estimate model parameters (epsilon = 0.100)
BETTER TREE FOUND at iteration 26: -21395.045
Iteration 30 / LogL: -21411.541 / Time: 0h:1m:25s (0h:4m:43s left)
Estimate model parameters (epsilon = 0.100)
BETTER TREE FOUND at iteration 32: -21394.077
Estimate model parameters (epsilon = 0.100)
BETTER TREE FOUND at iteration 36: -21393.001
Estimate model parameters (epsilon = 0.100)
BETTER TREE FOUND at iteration 37: -21387.919
Iteration 40 / LogL: -21399.015 / Time: 0h:1m:34s (0h:3m:54s left)
Iteration 50 / LogL: -21402.827 / Time: 0h:1m:40s (0h:2m:58s left)
Log-likelihood cutoff on original alignment: -21475.823
BETTER TREE FOUND at iteration 58: -21387.909
Iteration 60 / LogL: -21388.788 / Time: 0h:1m:49s (0h:3m:1s left)
Estimate model parameters (epsilon = 0.100)
BETTER TREE FOUND at iteration 66: -21386.544
Iteration 70 / LogL: -21394.759 / Time: 0h:1m:56s (0h:2m:41s left)
Iteration 80 / LogL: -21401.121 / Time: 0h:2m:2s (0h:2m:13s left)
Estimate model parameters (epsilon = 0.100)
BETTER TREE FOUND at iteration 81: -21384.875
Iteration 90 / LogL: -21403.135 / Time: 0h:2m:9s (0h:2m:11s left)
Iteration 100 / LogL: -21393.239 / Time: 0h:2m:15s (0h:1m:51s left)
Log-likelihood cutoff on original alignment: -21469.492
NOTE: Bootstrap correlation coefficient of split occurrence frequencies: 0.990
NOTE: UFBoot does not converge, continue at least 100 more iterations
Iteration 110 / LogL: -21387.118 / Time: 0h:2m:25s (0h:2m:0s left)
Estimate model parameters (epsilon = 0.100)
BETTER TREE FOUND at iteration 112: -21382.818
Iteration 120 / LogL: -21385.371 / Time: 0h:2m:35s (0h:2m:0s left)
Iteration 130 / LogL: -21386.597 / Time: 0h:2m:44s (0h:1m:44s left)
Iteration 140 / LogL: -21386.785 / Time: 0h:2m:51s (0h:1m:28s left)
Iteration 150 / LogL: -21385.700 / Time: 0h:2m:58s (0h:1m:14s left)
Log-likelihood cutoff on original alignment: -21458.048
Iteration 160 / LogL: -21385.037 / Time: 0h:3m:5s (0h:1m:0s left)
Iteration 170 / LogL: -21389.925 / Time: 0h:3m:15s (0h:0m:48s left)
Iteration 180 / LogL: -21386.828 / Time: 0h:3m:22s (0h:0m:36s left)
Iteration 190 / LogL: -21391.254 / Time: 0h:3m:28s (0h:0m:24s left)
Iteration 200 / LogL: -21383.999 / Time: 0h:3m:35s (0h:0m:12s left)
Log-likelihood cutoff on original alignment: -21458.048
NOTE: Bootstrap correlation coefficient of split occurrence frequencies: 0.980
NOTE: UFBoot does not converge, continue at least 100 more iterations
Iteration 210 / LogL: -21387.799 / Time: 0h:3m:44s (0h:1m:36s left)
Iteration 220 / LogL: -21385.731 / Time: 0h:3m:51s (0h:1m:24s left)
Estimate model parameters (epsilon = 0.100)
UPDATE BEST LOG-LIKELIHOOD: -21382.673
Iteration 230 / LogL: -21383.389 / Time: 0h:3m:58s (0h:1m:13s left)
UPDATE BEST LOG-LIKELIHOOD: -21382.672
Iteration 240 / LogL: -21395.091 / Time: 0h:4m:5s (0h:1m:1s left)
Iteration 250 / LogL: -21385.406 / Time: 0h:4m:11s (0h:0m:50s left)
Log-likelihood cutoff on original alignment: -21458.048
Iteration 260 / LogL: -21383.761 / Time: 0h:4m:23s (0h:0m:40s left)
Iteration 270 / LogL: -21385.066 / Time: 0h:4m:34s (0h:0m:30s left)
Iteration 280 / LogL: -21387.096 / Time: 0h:4m:49s (0h:0m:20s left)
Iteration 290 / LogL: -21384.482 / Time: 0h:4m:58s (0h:0m:10s left)
Iteration 300 / LogL: -21385.747 / Time: 0h:5m:7s (0h:0m:0s left)
Log-likelihood cutoff on original alignment: -21458.048
NOTE: Bootstrap correlation coefficient of split occurrence frequencies: 0.992
TREE SEARCH COMPLETED AFTER 300 ITERATIONS / Time: 0h:5m:8s

--------------------------------------------------------------------
|                    FINALIZING TREE SEARCH                        |
--------------------------------------------------------------------
Performs final model parameters optimization
Estimate model parameters (epsilon = 0.010)
1. Initial log-likelihood: -21382.672
Optimal log-likelihood: -21382.661
Site proportion and rates:  (0.248,0.042) (0.160,0.307) (0.315,0.934) (0.133,1.569) (0.117,2.653) (0.029,4.509)
Parameters optimization took 1 rounds (0.309 sec)
BEST SCORE FOUND : -21382.661
Creating bootstrap support values...
Split supports printed to NEXUS file K00609.blastp_ALL.outfmt6.parsed.filtered.uniq.faa.mafft.aln.trimal1.splits.nex
Total tree length: 30.355

Total number of iterations: 300
CPU time used for tree search: 1093.777 sec (0h:18m:13s)
Wall-clock time used for tree search: 282.122 sec (0h:4m:42s)
Total CPU time used: 1178.235 sec (0h:19m:38s)
Total wall-clock time used: 309.389 sec (0h:5m:9s)

Computing bootstrap consensus tree...
Reading input file K00609.blastp_ALL.outfmt6.parsed.filtered.uniq.faa.mafft.aln.trimal1.splits.nex...
106 taxa and 963 splits.
Consensus tree written to K00609.blastp_ALL.outfmt6.parsed.filtered.uniq.faa.mafft.aln.trimal1.contree
Reading input trees file K00609.blastp_ALL.outfmt6.parsed.filtered.uniq.faa.mafft.aln.trimal1.contree
Log-likelihood of consensus tree: -21383.365

Analysis results written to: 
  IQ-TREE report:                K00609.blastp_ALL.outfmt6.parsed.filtered.uniq.faa.mafft.aln.trimal1.iqtree
  Maximum-likelihood tree:       K00609.blastp_ALL.outfmt6.parsed.filtered.uniq.faa.mafft.aln.trimal1.treefile
  Likelihood distances:          K00609.blastp_ALL.outfmt6.parsed.filtered.uniq.faa.mafft.aln.trimal1.mldist

Ultrafast bootstrap approximation results written to:
  Split support values:          K00609.blastp_ALL.outfmt6.parsed.filtered.uniq.faa.mafft.aln.trimal1.splits.nex
  Consensus tree:                K00609.blastp_ALL.outfmt6.parsed.filtered.uniq.faa.mafft.aln.trimal1.contree
  Screen log file:               K00609.blastp_ALL.outfmt6.parsed.filtered.uniq.faa.mafft.aln.trimal1.log

Date and Time: Wed Oct 13 09:16:35 2021
