IQ-TREE multicore version 1.6.12 for Linux 64-bit built Aug 15 2019
Developed by Bui Quang Minh, Nguyen Lam Tung, Olga Chernomor,
Heiko Schmidt, Dominik Schrempf, Michael Woodhams.

Host:    coral (AVX512, FMA3, 376 GB RAM)
Command: /home/timothy/programs/iqtree-1.6.12-Linux/bin/iqtree -s K00759.blastp_ALL.outfmt6.parsed.filtered.uniq.faa.mafft.aln.trimal1 -nt AUTO -ntmax 4 -m MFP -bb 2000 -nm 2000 -quiet
Seed:    389280 (Using SPRNG - Scalable Parallel Random Number Generator)
Time:    Wed Oct 13 08:59:41 2021
Kernel:  AVX+FMA - auto-detect threads (96 CPU cores detected)

Reading alignment file K00759.blastp_ALL.outfmt6.parsed.filtered.uniq.faa.mafft.aln.trimal1 ... Fasta format detected
Alignment most likely contains protein sequences
Alignment has 132 sequences with 131 columns, 128 distinct patterns
114 parsimony-informative, 6 singleton sites, 11 constant sites
                                                                                                                                                     Gap/Ambiguity  Composition  p-value
   1  Archaea-CandidatusBathyarchaeota-NA-NA-NA-Candidatus_Bathyarchaeota_archaeon_WP_119820534.1                                                            9.16%    passed     95.28%
   2  Archaea-CandidatusMicrarchaeota-NA-NA-NA-Candidatus_Mancarchaeum_acidiphilum_WP_088820559.1                                                            4.58%    passed      8.44%
   3  Archaea-Euryarchaeota-Thermoplasmata-Methanomassiliicoccales-CandidatusMethanomethylophilaceae-Candidatus_Methanomethylophilus_alvus_WP_015505478.1    3.82%    passed     60.42%
   4  Archaea-Euryarchaeota-Thermoplasmata-Methanomassiliicoccales-Methanomassiliicoccaceae-Candidatus_Methanoplasma_termitum_WP_048111120.1                 4.58%    passed     82.36%
   5  Archaea-Euryarchaeota-Thermoplasmata-Thermoplasmatales-NA-Thermoplasmatales_archaeon_BRNA1_WP_015492981.1                                              3.82%    passed     78.15%
   6  Archaea-Thaumarchaeota-NA-NA-NA-Marine_Group_I_thaumarchaeote_SCGC_AAA799B03_WP_048069937.1                                                            7.63%    passed     21.94%
   7  Archaea-Thaumarchaeota-NA-Nitrosopumilales-Nitrosopumilaceae-NA_WP_014965680.1                                                                         5.34%    passed     31.77%
   8  Archaea-Thaumarchaeota-NA-Nitrosopumilales-Nitrosopumilaceae-Nitrosopumilus_piranensis_WP_148703967.1                                                  5.34%    passed     55.93%
   9  Bacteria-Acidobacteria-Holophagae-Holophagales-Holophagaceae-Holophaga_foetida_WP_026939098.1                                                          4.58%    passed     99.37%
  10  Bacteria-Actinobacteria-Actinobacteria-Micrococcales-Beutenbergiaceae-Salana_multivorans_WP_123739982.1                                                3.82%    passed     22.12%
  11  Bacteria-Actinobacteria-Actinobacteria-Micrococcales-Microbacteriaceae-Chitinimonas_sp._R344_WP_144279936.1                                            3.82%    passed     52.08%
  12  Bacteria-Bacteroidetes-NA-BacteroidetesOrderII.Incertaesedis-Rhodothermaceae-Rhodothermus_profundi_WP_072715857.1                                      3.82%    passed     10.39%
  13  Bacteria-Chlorobi-Chlorobia-Chlorobiales-Chlorobiaceae-Chlorobium_phaeobacteroides_WP_012475373.1                                                      4.58%    passed     87.81%
  14  Bacteria-Chlorobi-Chlorobia-Chlorobiales-Chlorobiaceae-Prosthecochloris_sp._GSB1_WP_094081965.1                                                        4.58%    passed     76.92%
  15  Bacteria-Firmicutes-Bacilli-Bacillales-Bacillaceae-Melghiribacillus_thermohalophilus_WP_132370587.1                                                    4.58%    passed     69.67%
  16  Bacteria-Firmicutes-Clostridia-Halanaerobiales-Halobacteroidaceae-NA_WP_089749891.1                                                                    4.58%    passed     21.56%
  17  Bacteria-Firmicutes-Clostridia-Halanaerobiales-Halobacteroidaceae-Orenia_marismortui_WP_018247740.1                                                    4.58%    passed     35.11%
  18  Bacteria-NA-NA-NA-NA-bacterium_B66_WP_136252159.1                                                                                                      3.82%    passed     99.41%
  19  Bacteria-NA-NA-NA-NA-Bathymodiolus_heckerae_thiotrophic_gill_symbiont_WP_138118559.1                                                                   7.63%    failed      1.91%
  20  Bacteria-NA-NA-NA-NA-Natronospirillum_operossus_WP_135482716.1                                                                                         3.82%    passed     95.92%
  21  Bacteria-Nitrospirae-Nitrospira-Nitrospirales-Nitrospiraceae-Leptospirillum_ferriphilum_WP_052157952.1                                                 3.82%    passed     94.00%
  22  Bacteria-Nitrospirae-Nitrospira-Nitrospirales-Nitrospiraceae-NA_WP_014961201.1                                                                         3.82%    passed     94.00%
  23  Bacteria-Planctomycetes-CandidatusBrocadiae-CandidatusBrocadiales-CandidatusBrocadiaceae-Candiadtus_Scalindua_japonica_WP_096894458.1                  4.58%    passed     61.49%
  24  Bacteria-Planctomycetes-NA-NA-NA-Planctomycetes_bacterium_Q31a_WP_145076112.1                                                                          4.58%    passed     86.19%
  25  Bacteria-Proteobacteria-Gammaproteobacteria-Alteromonadales-Pseudoalteromonadaceae-NA_WP_010559764.1                                                   3.82%    passed     91.30%
  26  Bacteria-Proteobacteria-Gammaproteobacteria-Alteromonadales-Pseudoalteromonadaceae-Pseudoalteromonas_denitrificans_WP_091979559.1                      3.82%    passed     97.66%
  27  Bacteria-Proteobacteria-Oligoflexia-Bacteriovoracales-Bacteriovoracaceae-Bacteriovorax_sp._Seq25_V_WP_021275317.1                                      4.58%    passed     56.79%
  28  Bacteria-Spirochaetes-Spirochaetia-Brachyspirales-Brachyspiraceae-Brachyspira_suanatina_WP_048593316.1                                                 4.58%    passed     85.39%
  29  Bacteria-Spirochaetes-Spirochaetia-Leptospirales-Leptospiraceae-Leptospira_brenneri_WP_100792241.1                                                     3.82%    passed     99.71%
  30  Bacteria-Spirochaetes-Spirochaetia-Leptospirales-Leptospiraceae-NA_WP_100744998.1                                                                      3.82%    passed     95.80%
  31  Bacteria-Verrucomicrobia-Opitutae-Opitutales-Opitutaceae-Ereboglobus_luteus_WP_108823687.1                                                             3.82%    passed     97.13%
  32  Eukaryota-Acytosteliales-Acytosteliales-Acytosteliales-Acytosteliaceae-Acytostelium_subglobosum_XP_012749551.1                                         3.82%    passed     12.07%
  33  Eukaryota-Acytosteliales-Acytosteliales-Acytosteliales-Acytosteliaceae-Heterostelium_album_XP_020435520.1                                              3.82%    failed      4.17%
  34  Eukaryota-Acytosteliales-Acytosteliales-Acytosteliales-Cavenderiaceae-Cavenderia_fasciculata_XP_004350361.1                                            3.82%    passed     53.91%
  35  Eukaryota-Alveolata-Dinophyceae-NA-Unranked-Karlodinium_micrum_MMETSP1016_c98044_g1_i1.p1                                                              2.29%    passed     65.61%
  36  Eukaryota-Alveolata-Dinophyceae-NA-Unranked-Oxyrrhis_marina_MMETSP0469_c5721_g1_i1.p1                                                                  3.05%    passed     92.81%
  37  Eukaryota-Alveolata-Dinophyceae-Peridiniales-Kryptoperidiniaceae-Durinskia_baltica_MMETSP0117_c5150_g1_i1.p1                                           3.05%    passed     99.87%
  38  Eukaryota-Amoebozoa-NA-NA-Paramoebidae-Filamoeba_nolandi_MMETSP0413_c1021_g1_i1.p1                                                                     3.82%    passed     52.42%
  39  Eukaryota-Amoebozoa-NA-NA-Paramoebidae-Pessonella_sp_MMETSP0420_c784_g1_i1.p1                                                                          6.11%    passed     86.98%
  40  Eukaryota-Amoebozoa-NA-NA-Paramoebidae-Stygamoeba_regulata_MMETSP0447_c24140_g1_i1.p1                                                                  3.82%    passed     98.51%
  41  Eukaryota-Annelida-Clitellata-Hirudinida-Glossiphoniidae-Helobdella_robusta_jgi89746                                                                   4.58%    passed     93.13%
  42  Eukaryota-Apicomplexa-Aconoidasida-Piroplasmida-Theileriidae-Theileria_equi_XP_004828598.1                                                             3.82%    passed     76.95%
  43  Eukaryota-Apicomplexa-Conoidasida-Eugregarinorida-Gregarinidae-Gregarina_niphandrodes_XP_011132359.1                                                   3.05%    passed     53.56%
  44  Eukaryota-Apicomplexa-NA-Unranked-NA-Alveolata_sp_MMETSP0288_c8751_g1_i1.p1                                                                            3.05%    passed     53.20%
  45  Eukaryota-Apusomonadidae-NA-NA-NA-Thecamonas_trahens_XP_013759246.1                                                                                    3.82%    passed     39.19%
  46  Eukaryota-Arthropoda-Insecta-Coleoptera-Cerambycidae-Anoplophora_glabripennis_XP_018562936.1                                                           4.58%    passed     95.67%
  47  Eukaryota-Arthropoda-Insecta-Coleoptera-Chrysomelidae-Diabrotica_virgifera_XP_028152548.1                                                              4.58%    passed     93.50%
  48  Eukaryota-Arthropoda-Insecta-Hymenoptera-Tenthredinidae-Athalia_rosae_XP_012268136.1                                                                   4.58%    passed     95.73%
  49  Eukaryota-Ascomycota-Saccharomycetes-Saccharomycetales-Debaryomycetaceae-Debaryomyces_hansenii_MMETSP0233_c591_g1_i1.p1                                3.82%    passed     81.18%
  50  Eukaryota-Ascomycota-Saccharomycetes-Saccharomycetales-Debaryomycetaceae-Suhomyces_tanzawaensis_XP_020062242.1                                         3.82%    passed     87.80%
  51  Eukaryota-Ascomycota-Saccharomycetes-Saccharomycetales-Debaryomycetaceae-Yamadazyma_tenuis_XP_006684413.1                                              3.82%    passed     74.76%
  52  Eukaryota-Basidiomycota-Agaricomycetes-Agaricales-Psathyrellaceae-Coprinopsis_cinerea_XP_001837101.1                                                   4.58%    passed     76.26%
  53  Eukaryota-Basidiomycota-Agaricomycetes-Polyporales-Polyporaceae-Dichomitus_squalens_XP_007364342.1                                                     4.58%    passed     83.97%
  54  Eukaryota-Basidiomycota-Agaricomycetes-Polyporales-Polyporaceae-Trametes_versicolor_XP_008034918.1                                                     4.58%    passed     99.99%
  55  Eukaryota-Brachiopoda-Lingulata-Lingulida-Lingulidae-Lingula_anatina_XP_013387077.1                                                                    5.34%    passed     62.78%
  56  Eukaryota-Cercozoa-Chlorarachniophyceae-NA-NA-Bigelowiella_natans_CCMP2755_jgi51143                                                                    3.05%    passed     97.72%
  57  Eukaryota-Cercozoa-Chlorarachniophyceae-NA-NA-Lotharella_amoebiformis_MMETSP0042_c8345_g1_i1.p1                                                        3.05%    passed     96.84%
  58  Eukaryota-Cercozoa-Chlorarachniophyceae-NA-NA-Partenskyella_glossopodia_MMETSP1318_c28954_g1_i1.p1                                                     3.05%    passed     98.59%
  59  Eukaryota-Chlorophyta-Chlorophyceae-Sphaeropleales-Selenastraceae-Monoraphidium_neglectum_XP_013899175.1                                               3.82%    passed     97.82%
  60  Eukaryota-Chlorophyta-NA-NA-NA-Tetraselmis_astigmatica_MMETSP0804_c21610_g1_i1.p1                                                                      2.29%    passed     99.57%
  61  Eukaryota-Chlorophyta-NA-NA-Pycnococcaceae-Pycnococcus_provasolii_MMETSP1471_c11537_g1_i1.p1                                                           3.82%    passed     99.76%
  62  Eukaryota-Choanoflagellata-Choanoflagellata-Choanoflagellata-NA-Acanthoeca_sp_MMETSP0105_c31432_g1_i1.p1                                               3.05%    passed     62.98%
  63  Eukaryota-Choanoflagellata-Choanoflagellata-Choanoflagellata-Salpingoecidae-Monosiga_brevicollis_XP_001747882.1                                        4.58%    passed     99.83%
  64  Eukaryota-Choanoflagellata-Choanoflagellata-Choanoflagellata-Salpingoecidae-Salpingoeca_rosetta_XP_004998463.1                                         4.58%    passed     99.62%
  65  Eukaryota-Chordata-Mammalia-NA-Camelidae-Vicugna_pacos_XP_006212532.1                                                                                  3.82%    passed     33.62%
  66  Eukaryota-Chordata-Mammalia-Rodentia-Sciuridae-Marmota_marmota_XP_015351443.1                                                                          3.82%    passed     25.65%
  67  Eukaryota-Chordata-Mammalia-Rodentia-Sciuridae-Urocitellus_parryii_XP_026257713.1                                                                      3.82%    passed     25.77%
  68  Eukaryota-Chromeraceae-NA-NA-NA-Chromera_velia_MMETSP0290_c3203_g1_i1.p1                                                                               3.05%    passed     72.84%
  69  Eukaryota-Chromeraceae-NA-NA-NA-Vitrella_brassicaformis_MMETSP1451_c31606_g1_i1.p1                                                                     3.05%    passed     53.20%
  70  Eukaryota-Chytridiomycota-Chytridiomycetes-Rhizophydiales-NA-Batrachochytrium_dendrobatidis_jgi25461                                                   4.58%    passed     45.40%
  71  Eukaryota-Chytridiomycota-Chytridiomycetes-Spizellomycetales-Spizellomycetaceae-Spizellomyces_punctatus_XP_016610503.1                                 4.58%    passed     69.28%
  72  Eukaryota-Ciliophora-NA-Unranked-NA-Euplotes_focardii_MMETSP0206_TR4242-c0_g1_i1.p1                                                                   56.49%    passed     99.87%
  73  Eukaryota-Ciliophora-NA-Unranked-NA-Pseudokeronopsis_sp_MMETSP1396_c15953_g1_i1.p1                                                                     3.05%    passed     72.55%
  74  Eukaryota-Ciliophora-NA-Unranked-NA-Tiarina_fusus_MMETSP0472_c97472_g1_i1.p1                                                                           2.29%    passed     96.27%
  75  Eukaryota-Cnidaria-Anthozoa-Scleractinia-Acroporidae-Acropora_millepora_XP_029184475.1                                                                 4.58%    passed     99.44%
  76  Eukaryota-Cnidaria-Anthozoa-Scleractinia-Pocilloporidae-Pocillopora_damicornis_XP_027040621.1                                                          4.58%    passed     95.91%
  77  Eukaryota-Cnidaria-Anthozoa-Scleractinia-Pocilloporidae-Stylophora_pistillata_XP_022779650.1                                                           4.58%    passed     99.30%
  78  Eukaryota-Cryptophyta-NA-Cryptomonadales-Hemiselmidaceae-Hemiselmis_virescens_MMETSP1356_c6208_g1_i1.p1                                               20.61%    passed     97.17%
  79  Eukaryota-Cryptophyta-NA-Goniomondales-NA-Goniomonas_sp_MMETSP0114_c26460_g1_i1.p1                                                                     3.05%    passed     97.03%
  80  Eukaryota-Cryptophyta-NA-Pyrenomonadales-Pyrenomonadaceae-Rhodomonas_abbreviata_MMETSP1101_c7418_g1_i1.p1                                             40.46%    passed     74.16%
  81  Eukaryota-Dictyosteliales-Dictyosteliales-Dictyosteliales-Dictyosteliaceae-Dictyostelium_purpureum_jgi27751                                            3.82%    passed     56.40%
  82  Eukaryota-Diplomonadida-Diplomonadida-Diplomonadida-Hexamitidae-Giardia_intestinalis_XP_001704321.1                                                    3.82%    passed     82.81%
  83  Eukaryota-Echinodermata-Asteroidea-Valvatida-Acanthasteridae-Acanthaster_planci_XP_022092174.1                                                         4.58%    passed     93.53%
  84  Eukaryota-Echinodermata-Echinoidea-Echinoida-Strongylocentrotidae-Strongylocentrotus_purpuratus_XP_788872.1                                            5.34%    passed     92.71%
  85  Eukaryota-Euglenida-NA-Eutreptiales-NA-Eutreptiella_gymnastica-like_MMETSP0809_c2686_g1_i1.p1                                                          3.05%    passed     85.31%
  86  Eukaryota-Euglenida-NA-NA-Unranked-Neobodo_designis_MMETSP1114_c7140_g1_i1.p2                                                                          3.05%    passed     83.30%
  87  Eukaryota-Glaucophyta-Glaucophyta-Gloeochaetales-Gloeochaetaceae-Gloeochaete_witrockiana_MMETSP0308_c31399_g1_i1.p1                                    3.82%    passed     65.50%
  88  Eukaryota-Glaucophyta-Glaucophyta-NA-Cyanophoraceae-Cyanophora_paradoxa_tig00020675_g12597.t1                                                          5.34%    passed     99.71%
  89  Eukaryota-Glaucophyta-Glaucophyta-NA-NA-Cyanoptyche_gloeocystis_MMETSP1086_c10381_g1_i1.p1                                                             3.82%    passed     69.10%
  90  Eukaryota-Haptophyta-NA-Isochrysidales-Noelaerhabdaceae-Emiliania_huxleyi_MMETSP0994_c34382_g1_i1.p1                                                   2.29%    passed     47.32%
  91  Eukaryota-Haptophyta-NA-Prymnesiales-NA-Gephyrocapsa_oceanica_MMETSP1363_c3101_g1_i1.p1                                                                2.29%    passed     56.68%
  92  Eukaryota-Haptophyta-NA-Prymnesiales-NA-Isochrysis_sp_MMETSP1388_c18484_g1_i1.p1                                                                       2.29%    passed     47.32%
  93  Eukaryota-Heterolobosea-NA-NA-NA-Percolomonas_cosmopolitus_MMETSP0758_c10874_g1_i1.p1                                                                  6.11%    passed     88.64%
  94  Eukaryota-Heterolobosea-NA-NA-Vahlkampfiidae-Naegleria_gruberi_jgi44236                                                                                3.82%    passed     51.97%
  95  Eukaryota-Kinetoplastida-Kinetoplastida-Kinetoplastida-Trypanosomatidae-Leishmania_infantum_XP_001470362.1                                             3.05%    passed     92.89%
  96  Eukaryota-Kinetoplastida-Kinetoplastida-Kinetoplastida-Trypanosomatidae-Leptomonas_pyrrhocoris_XP_015665149.1                                          3.05%    passed     88.49%
  97  Eukaryota-Kinetoplastida-Kinetoplastida-Kinetoplastida-Trypanosomatidae-Trypanosoma_cruzi_XP_816102.1                                                  3.05%    passed     76.97%
  98  Eukaryota-Longamoebia-Longamoebia-Longamoebia-Acanthamoebidae-Acanthamoeba_castellanii_XP_004352478.1                                                  3.82%    passed     96.94%
  99  Eukaryota-Mesomycetozoea-Ichthyosporea-Ichthyophonida-NA-Sphaeroforma_arctica_XP_014161005.1                                                          27.48%    passed     34.14%
 100  Eukaryota-Mesomycetozoea-Ichthyosporea-NA-NA-Capsaspora_owczarzaki_XP_004343820.2                                                                     17.56%    passed     97.18%
 101  Eukaryota-Mollusca-Bivalvia-Ostreoida-Ostreidae-Crassostrea_gigas_XP_011456774.1                                                                       4.58%    passed     92.28%
 102  Eukaryota-Mollusca-Bivalvia-Pectinoida-Pectinidae-Mizuhopecten_yessoensis_XP_021350170.1                                                               4.58%    passed     95.45%
 103  Eukaryota-Mollusca-Gastropoda-Aplysiida-Aplysiidae-Aplysia_californica_XP_005093222.1                                                                  4.58%    passed     88.34%
 104  Eukaryota-Mucorales-Mucoraceae-Undefined-Undefined-Mucor_circinelloides_jgi48200                                                                       4.58%    passed     65.01%
 105  Eukaryota-Mucoromycota-Glomeromycetes-Glomerales-Glomeraceae-Rhizophagus_irregularis_XP_025183512.1                                                    4.58%    passed     10.99%
 106  Eukaryota-Mucoromycota-Mortierellomycetes-Mortierellales-Mortierellaceae-Lobosporangium_transversale_XP_021882215.1                                    4.58%    passed     60.58%
 107  Eukaryota-Mucoromycota-Mucoromycetes-Mucorales-Rhizopodaceae-Rhizopus_microsporus_XP_023465893.1                                                       4.58%    passed     65.81%
 108  Eukaryota-Nematoda-Chromadorea-Rhabditida-Onchocercidae-Brugia_malayi_XP_001901379.1                                                                   3.82%    passed     88.10%
 109  Eukaryota-Nematoda-Chromadorea-Rhabditida-Onchocercidae-Loa_loa_XP_003147422.1                                                                         3.82%    passed     59.95%
 110  Eukaryota-Nematoda-Chromadorea-Rhabditida-Rhabditidae-Caenorhabditis_briggsae_XP_002639097.1                                                           3.82%    passed     87.52%
 111  Eukaryota-Palpitomonas-NA-NA-NA-Palpitomonas_bilix_MMETSP0780_c8847_g1_i2.p1                                                                           3.82%    passed     93.59%
 112  Eukaryota-Perkinsozoa-NA-Perkinsida-Perkinsidae-Perkinsus_marinus_XP_002787744.1                                                                       3.05%    passed     77.71%
 113  Eukaryota-Placozoa-NA-NA-Trichoplacidae-Trichoplax_adhaerens_XP_002111522.1                                                                            4.58%    passed     95.04%
 114  Eukaryota-Platyhelminthes-Cestoda-Cyclophyllidea-Taeniidae-Echinococcus_granulosus_XP_024346423.1                                                      3.82%    passed     88.89%
 115  Eukaryota-Platyhelminthes-Trematoda-Opisthorchiida-Opisthorchiidae-Opisthorchis_viverrini_XP_009173914.1                                               3.82%    passed     73.92%
 116  Eukaryota-Platyhelminthes-Trematoda-Strigeidida-Schistosomatidae-Schistosoma_mansoni_XP_018655139.1                                                    3.82%    passed     19.46%
 117  Eukaryota-Priapulida-Priapulimorpha-Priapulimorphida-Priapulidae-Priapulus_caudatus_XP_014675285.1                                                     7.63%    passed     51.58%
 118  Eukaryota-Retaria-NA-NA-NA-Ammonia_sp_MMETSP1384_c9125_g1_i1.p1                                                                                        2.29%    passed     61.00%
 119  Eukaryota-Retaria-NA-NA-NA-Elphidium_margaritaceum_MMETSP1385_c11096_g1_i1.p1                                                                          2.29%    passed     31.57%
 120  Eukaryota-Retaria-NA-NA-NA-Sorites_sp_MMETSP0191_c18282_g1_i1.p1                                                                                       3.82%    passed     75.78%
 121  Eukaryota-Rhodophyta-Bangiophyceae-Cyanidiales-Cyanidiaceae-Galdieria_phlegrea_GphlegSOOS_G5250.1                                                      4.58%    passed     60.88%
 122  Eukaryota-Rhodophyta-Compsopogonophyceae-NA-NA-Madagascaria_erythrocladiodes_MMETSP1450_c42548_g1_i1.p2                                                3.82%    passed     22.87%
 123  Eukaryota-Rhodophyta-Porphyridiophyceae-NA-NA-Timspurckia_oligopyrenoides_MMETSP1172_c4242_g1_i1.p2                                                    3.82%    passed     95.61%
 124  Eukaryota-Stramenopiles-NA-NA-NA-Pelagomonas_calceolata_MMETSP1328_c7221_g1_i1.p1                                                                      3.05%    passed     90.19%
 125  Eukaryota-Stramenopiles-Pelagophyceae-Pelagomonadales-NA-Aureococcus_anophagefferens_MMETSP0914_c546_g1_i1.p2                                          3.05%    passed     60.54%
 126  Eukaryota-Stramenopiles-Raphidophyceae-Chattonellales-Chattonellaceae-Chattonella_subsalsa_MMETSP0949_c8368_g1_i1.p1                                   3.05%    passed     97.31%
 127  Eukaryota-Streptophyta-NA-Caryophyllales-Chenopodiaceae-Beta_vulgaris_XP_010688209.1                                                                   3.82%    passed     94.08%
 128  Eukaryota-Streptophyta-NA-Myrtales-Myrtaceae-Rhodamnia_argentea_XP_030528588.1                                                                         3.82%    passed     99.81%
 129  Eukaryota-Streptophyta-NA-Solanales-Convolvulaceae-Ipomoea_nil_XP_019152985.1                                                                          3.82%    passed     98.29%
 130  MSTRG.6689.1.p1                                                                                                                                        3.05%    passed     89.75%
 131  Paulinella_chromatophora_CCAC0185_nuclear___scaffold9449-m69775                                                                                        3.05%    passed     93.33%
 132  Paulinella_ovalis_nuclear_SingleCell___SAG1_utg7180000021882.g10000.t1                                                                                 3.82%    passed     94.46%
WARNING: 1 sequences contain more than 50% gaps/ambiguity
****  TOTAL                                                                                                                                                  5.11%  2 sequences failed composition chi2 test (p-value<5%; df=19)
NOTE: Bacteria-Nitrospirae-Nitrospira-Nitrospirales-Nitrospiraceae-NA_WP_014961201.1 is identical to Bacteria-Nitrospirae-Nitrospira-Nitrospirales-Nitrospiraceae-Leptospirillum_ferriphilum_WP_052157952.1 but kept for subsequent analysis
NOTE: Eukaryota-Chromeraceae-NA-NA-NA-Vitrella_brassicaformis_MMETSP1451_c31606_g1_i1.p1 is identical to Eukaryota-Apicomplexa-NA-Unranked-NA-Alveolata_sp_MMETSP0288_c8751_g1_i1.p1 but kept for subsequent analysis
NOTE: Eukaryota-Haptophyta-NA-Prymnesiales-NA-Isochrysis_sp_MMETSP1388_c18484_g1_i1.p1 is identical to Eukaryota-Haptophyta-NA-Isochrysidales-Noelaerhabdaceae-Emiliania_huxleyi_MMETSP0994_c34382_g1_i1.p1 but kept for subsequent analysis


Create initial parsimony tree by phylogenetic likelihood library (PLL)... 0.024 seconds
NOTE: ModelFinder requires 31 MB RAM!
ModelFinder will test 546 protein models (sample size: 131) ...
 No. Model         -LnL         df  AIC          AICc         BIC
Measuring multi-threading efficiency up to 4 CPU cores
Increase to 10 rounds for branch lengths
24 trees examined
Threads: 1 / Time: 4.213 sec / Speedup: 1.000 / Efficiency: 100% / LogL: -27897
Threads: 2 / Time: 8.450 sec / Speedup: 0.499 / Efficiency: 25% / LogL: -27897
BEST NUMBER OF THREADS: 1

  1  Dayhoff       19567.189    261 39656.378    176420.378   40406.804
  2  Dayhoff+I     19253.725    262 39031.450    176843.450   39784.751
  3  Dayhoff+G4    18558.727    262 37641.454    175453.454   38394.755
  4  Dayhoff+I+G4  18527.632    263 37581.264    176445.264   38337.441
  5  Dayhoff+R2    18763.183    263 38052.366    176916.366   38808.543
  6  Dayhoff+R3    18580.588    265 37691.175    178671.175   38453.103
  7  Dayhoff+R4    18515.222    267 37564.445    180676.445   38332.122
  8  Dayhoff+R5    18492.780    269 37523.560    182783.560   38296.988
  9  Dayhoff+R6    18483.804    271 37509.608    184933.608   38288.787
 10  Dayhoff+R7    18477.871    273 37501.741    187105.741   38286.670
 11  Dayhoff+R8    18475.380    275 37500.761    189300.761   38291.440
 14  Dayhoff+F     19628.068    280 39816.136    197176.136   40621.191
 15  Dayhoff+F+I   19355.176    281 39272.353    197756.353   40080.283
 16  Dayhoff+F+G4  18644.865    281 37851.731    196335.731   38659.661
 17  Dayhoff+F+I+G4 18608.318    282 37780.635    197392.635   38591.441
 18  Dayhoff+F+R2  18879.402    282 38322.804    197934.804   39133.610
 19  Dayhoff+F+R3  18668.150    284 37904.299    199784.299   38720.855
 20  Dayhoff+F+R4  18605.412    286 37782.824    201946.824   38605.131
 21  Dayhoff+F+R5  18576.690    288 37729.381    204193.381   38557.438
 22  Dayhoff+F+R6  18567.239    290 37714.477    206494.477   38548.284
 23  Dayhoff+F+R7  18565.698    292 37715.396    208827.396   38554.954
 27  mtMAM         21687.530    261 43897.059    180661.059   44647.486
 28  mtMAM+I       21474.489    262 43472.977    181284.977   44226.279
 29  mtMAM+G4      19772.341    262 40068.681    177880.681   40821.983
 30  mtMAM+I+G4    19752.809    263 40031.617    178895.617   40787.794
 31  mtMAM+R2      20162.421    263 40850.842    179714.842   41607.018
 32  mtMAM+R3      19898.603    265 40327.207    181307.207   41089.134
 33  mtMAM+R4      19799.136    267 40132.272    183244.272   40899.949
 34  mtMAM+R5      19739.596    269 40017.192    185277.192   40790.620
 35  mtMAM+R6      19708.362    271 39958.723    187382.723   40737.902
 36  mtMAM+R7      19701.820    273 39949.641    189553.641   40734.570
 37  mtMAM+R8      19698.951    275 39947.901    191747.901   40738.581
 40  mtMAM+F       20672.599    280 41905.197    199265.197   42710.252
 41  mtMAM+F+I     20460.076    281 41482.152    199966.152   42290.082
 42  mtMAM+F+G4    19165.256    281 38892.512    197376.512   39700.442
 43  mtMAM+F+I+G4  19150.400    282 38864.800    198476.800   39675.606
 44  mtMAM+F+R2    19478.683    282 39521.366    199133.366   40332.172
 45  mtMAM+F+R3    19246.822    284 39061.645    200941.645   39878.201
 46  mtMAM+F+R4    19166.420    286 38904.839    203068.839   39727.145
 47  mtMAM+F+R5    19116.989    288 38809.978    205273.978   39638.035
 48  mtMAM+F+R6    19096.890    290 38773.780    207553.780   39607.587
 49  mtMAM+F+R7    19094.248    292 38772.496    209884.496   39612.054
 53  JTT           19528.772    261 39579.544    176343.544   40329.970
 54  JTT+I         19220.009    262 38964.017    176776.017   39717.319
 55  JTT+G4        18512.259    262 37548.517    175360.517   38301.819
 56  JTT+I+G4      18474.573    263 37475.147    176339.147   38231.324
 57  JTT+R2        18753.986    263 38033.973    176897.973   38790.150
 58  JTT+R3        18544.835    265 37619.670    178599.670   38381.598
 59  JTT+R4        18475.927    267 37485.854    180597.854   38253.531
 60  JTT+R5        18444.562    269 37427.125    182687.125   38200.553
 61  JTT+R6        18437.944    271 37417.888    184841.888   38197.067
 62  JTT+R7        18437.216    273 37420.432    187024.432   38205.361
 66  JTT+F         19634.978    280 39829.957    197189.957   40635.012
 67  JTT+F+I       19364.466    281 39290.932    197774.932   40098.862
 68  JTT+F+G4      18610.984    281 37783.969    196267.969   38591.899
 69  JTT+F+I+G4    18580.880    282 37725.759    197337.759   38536.565
 70  JTT+F+R2      18880.074    282 38324.147    197936.147   39134.953
 71  JTT+F+R3      18650.571    284 37869.143    199749.143   38685.699
 72  JTT+F+R4      18581.201    286 37734.403    201898.403   38556.709
 73  JTT+F+R5      18552.559    288 37681.118    204145.118   38509.175
 74  JTT+F+R6      18547.644    290 37675.288    206455.288   38509.095
 75  JTT+F+R7      18542.817    292 37669.634    208781.634   38509.192
 79  WAG           19087.776    261 38697.552    175461.552   39447.979
 80  WAG+I         18789.344    262 38102.688    175914.688   38855.990
 81  WAG+G4        18253.833    262 37031.665    174843.665   37784.967
 82  WAG+I+G4      18212.900    263 36951.799    175815.799   37707.976
 83  WAG+R2        18409.487    263 37344.975    176208.975   38101.152
 84  WAG+R3        18243.362    265 37016.725    177996.725   37778.652
 85  WAG+R4        18191.249    267 36916.497    180028.497   37684.175
 86  WAG+R5        18170.192    269 36878.384    182138.384   37651.812
 87  WAG+R6        18164.295    271 36870.590    184294.590   37649.768
 88  WAG+R7        18163.988    273 36873.975    186477.975   37658.904
 92  WAG+F         19169.779    280 38899.558    196259.558   39704.614
 93  WAG+F+I       18909.377    281 38380.754    196864.754   39188.685
 94  WAG+F+G4      18328.343    281 37218.686    195702.686   38026.616
 95  WAG+F+I+G4    18295.488    282 37154.975    196766.975   37965.781
 96  WAG+F+R2      18517.910    282 37599.820    197211.820   38410.625
 97  WAG+F+R3      18331.320    284 37230.640    199110.640   38047.196
 98  WAG+F+R4      18288.580    286 37149.160    201313.160   37971.467
 99  WAG+F+R5      18258.316    288 37092.632    203556.632   37920.689
100  WAG+F+R6      18252.513    290 37085.025    205865.025   37918.832
101  WAG+F+R7      18252.324    292 37088.648    208200.648   37928.206
105  cpREV         19228.318    261 38978.636    175742.636   39729.063
106  cpREV+I       18901.495    262 38326.989    176138.989   39080.291
107  cpREV+G4      18379.350    262 37282.700    175094.700   38036.002
108  cpREV+I+G4    18339.852    263 37205.704    176069.704   37961.881
109  cpREV+R2      18557.345    263 37640.689    176504.689   38396.866
110  cpREV+R3      18378.800    265 37287.601    178267.601   38049.528
111  cpREV+R4      18328.046    267 37190.093    180302.093   37957.770
112  cpREV+R5      18303.155    269 37144.310    182404.310   37917.739
113  cpREV+R6      18300.977    271 37143.954    184567.954   37923.132
118  cpREV+F       19274.094    280 39108.188    196468.188   39913.244
119  cpREV+F+I     18986.624    281 38535.249    197019.249   39343.179
120  cpREV+F+G4    18432.815    281 37427.631    195911.631   38235.561
121  cpREV+F+I+G4  18404.434    282 37372.868    196984.868   38183.674
122  cpREV+F+R2    18614.978    282 37793.955    197405.955   38604.761
123  cpREV+F+R3    18442.651    284 37453.303    199333.303   38269.859
124  cpREV+F+R4    18386.273    286 37344.546    201508.546   38166.853
125  cpREV+F+R5    18367.989    288 37311.978    203775.978   38140.035
126  cpREV+F+R6    18361.320    290 37302.640    206082.640   38136.447
127  cpREV+F+R7    18361.212    292 37306.423    208418.423   38145.981
131  mtREV         20545.249    261 41612.497    178376.497   42362.924
132  mtREV+I       20326.028    262 41176.055    178988.055   41929.357
133  mtREV+G4      19287.496    262 39098.993    176910.993   39852.294
134  mtREV+I+G4    19263.178    263 39052.357    177916.357   39808.533
135  mtREV+R2      19613.737    263 39753.475    178617.475   40509.652
136  mtREV+R3      19336.699    265 39203.399    180183.399   39965.326
137  mtREV+R4      19266.243    267 39066.487    182178.487   39834.164
138  mtREV+R5      19248.014    269 39034.029    184294.029   39807.457
139  mtREV+R6      19234.841    271 39011.682    186435.682   39790.860
140  mtREV+R7      19234.495    273 39014.990    188618.990   39799.919
144  mtREV+F       19647.763    280 39855.525    197215.525   40660.581
145  mtREV+F+I     19438.929    281 39439.859    197923.859   40247.789
146  mtREV+F+G4    18574.518    281 37711.037    196195.037   38518.967
147  mtREV+F+I+G4  18555.180    282 37674.361    197286.361   38485.167
148  mtREV+F+R2    18836.645    282 38237.289    197849.289   39048.095
149  mtREV+F+R3    18601.417    284 37770.833    199650.833   38587.390
150  mtREV+F+R4    18548.957    286 37669.914    201833.914   38492.220
151  mtREV+F+R5    18517.812    288 37611.624    204075.624   38439.681
152  mtREV+F+R6    18512.206    290 37604.411    206384.411   38438.218
153  mtREV+F+R7    18512.200    292 37608.400    208720.400   38447.958
157  rtREV         19160.013    261 38842.026    175606.026   39592.453
158  rtREV+I       18879.725    262 38283.451    176095.451   39036.753
159  rtREV+G4      18264.464    262 37052.928    174864.928   37806.230
160  rtREV+I+G4    18224.814    263 36975.627    175839.627   37731.804
161  rtREV+R2      18496.819    263 37519.637    176383.637   38275.814
162  rtREV+R3      18265.807    265 37061.614    178041.614   37823.541
163  rtREV+R4      18217.860    267 36969.720    180081.720   37737.398
164  rtREV+R5      18188.333    269 36914.666    182174.666   37688.094
165  rtREV+R6      18183.498    271 36908.996    184332.996   37688.174
170  rtREV+F       19190.286    280 38940.571    196300.571   39745.626
171  rtREV+F+I     18939.280    281 38440.561    196924.561   39248.491
172  rtREV+F+G4    18248.307    281 37058.613    195542.613   37866.544
173  rtREV+F+I+G4  18226.503    282 37017.006    196629.006   37827.812
174  rtREV+F+R2    18495.604    282 37555.208    197167.208   38366.014
175  rtREV+F+R3    18257.833    284 37083.666    198963.666   37900.222
176  rtREV+F+R4    18215.654    286 37003.308    201167.308   37825.615
177  rtREV+F+R5    18185.640    288 36947.279    203411.279   37775.336
178  rtREV+F+R6    18179.450    290 36938.900    205718.900   37772.707
179  rtREV+F+R7    18179.338    292 36942.677    208054.677   37782.235
183  mtART         21017.534    261 42557.068    179321.068   43307.495
184  mtART+I       20793.338    262 42110.677    179922.677   42863.979
185  mtART+G4      19273.466    262 39070.932    176882.932   39824.234
186  mtART+I+G4    19259.428    263 39044.856    177908.856   39801.033
187  mtART+R2      19654.244    263 39834.488    178698.488   40590.665
188  mtART+R3      19388.613    265 39307.227    180287.227   40069.154
189  mtART+R4      19339.189    267 39212.378    182324.378   39980.056
190  mtART+R5      19249.971    269 39037.942    184297.942   39811.370
191  mtART+R6      19225.913    271 38993.826    186417.826   39773.004
192  mtART+R7      19225.212    273 38996.423    188600.423   39781.352
196  mtART+F       20117.415    280 40794.830    198154.830   41599.885
197  mtART+F+I     19903.962    281 40369.924    198853.924   41177.855
198  mtART+F+G4    18679.795    281 37921.589    196405.589   38729.520
199  mtART+F+I+G4  18665.268    282 37894.536    197506.536   38705.342
200  mtART+F+R2    19016.484    282 38596.968    198208.968   39407.774
201  mtART+F+R3    18766.085    284 38100.169    199980.169   38916.725
202  mtART+F+R4    18707.973    286 37987.946    202151.946   38810.252
203  mtART+F+R5    18640.636    288 37857.271    204321.271   38685.328
204  mtART+F+R6    18628.376    290 37836.751    206616.751   38670.559
205  mtART+F+R7    18627.864    292 37839.728    208951.728   38679.286
209  mtZOA         20367.956    261 41257.912    178021.912   42008.338
210  mtZOA+I       20152.850    262 40829.701    178641.701   41583.002
211  mtZOA+G4      18860.391    262 38244.782    176056.782   38998.084
212  mtZOA+I+G4    18846.777    263 38219.554    177083.554   38975.731
213  mtZOA+R2      19223.651    263 38973.302    177837.302   39729.479
214  mtZOA+R3      18938.476    265 38406.952    179386.952   39168.880
215  mtZOA+R4      18879.446    267 38292.892    181404.892   39060.570
216  mtZOA+R5      18825.049    269 38188.097    183448.097   38961.525
217  mtZOA+R6      18808.781    271 38159.561    185583.561   38938.740
218  mtZOA+R7      18808.357    273 38162.714    187766.714   38947.643
222  mtZOA+F       19759.212    280 40078.423    197438.423   40883.478
223  mtZOA+F+I     19539.846    281 39641.692    198125.692   40449.622
224  mtZOA+F+G4    18518.537    281 37599.075    196083.075   38407.005
225  mtZOA+F+I+G4  18499.048    282 37562.095    197174.095   38372.901
226  mtZOA+F+R2    18811.497    282 38186.995    197798.995   38997.800
227  mtZOA+F+R3    18586.163    284 37740.326    199620.326   38556.882
228  mtZOA+F+R4    18508.188    286 37588.377    201752.377   38410.683
229  mtZOA+F+R5    18474.634    288 37525.267    203989.267   38353.324
230  mtZOA+F+R6    18458.235    290 37496.471    206276.471   38330.278
231  mtZOA+F+R7    18457.943    292 37499.886    208611.886   38339.443
235  VT            19166.181    261 38854.362    175618.362   39604.788
236  VT+I          18872.278    262 38268.557    176080.557   39021.859
237  VT+G4         18316.188    262 37156.376    174968.376   37909.677
238  VT+I+G4       18273.195    263 37072.391    175936.391   37828.568
239  VT+R2         18484.791    263 37495.582    176359.582   38251.758
240  VT+R3         18314.475    265 37158.949    178138.949   37920.877
241  VT+R4         18269.044    267 37072.088    180184.088   37839.766
242  VT+R5         18237.875    269 37013.750    182273.750   37787.179
243  VT+R6         18233.722    271 37009.445    184433.445   37788.623
248  VT+F          19265.889    280 39091.778    196451.778   39896.833
249  VT+F+I        19005.185    281 38572.369    197056.369   39380.300
250  VT+F+G4       18412.597    281 37387.194    195871.194   38195.125
251  VT+F+I+G4     18372.419    282 37308.838    196920.838   38119.644
252  VT+F+R2       18604.569    282 37773.138    197385.138   38583.944
253  VT+F+R3       18415.349    284 37398.699    199278.699   38215.255
254  VT+F+R4       18368.138    286 37308.276    201472.276   38130.583
255  VT+F+R5       18340.423    288 37256.846    203720.846   38084.903
256  VT+F+R6       18335.327    290 37250.655    206030.655   38084.462
257  VT+F+R7       18335.254    292 37254.507    208366.507   38094.065
261  LG            19034.456    261 38590.913    175354.913   39341.339
262  LG+I          18743.112    262 38010.225    175822.225   38763.526
263  LG+G4         18094.774    262 36713.548    174525.548   37466.850
264  LG+I+G4       18057.527    263 36641.053    175505.053   37397.230
265  LG+R2         18323.228    263 37172.457    176036.457   37928.633
266  LG+R3         18113.005    265 36756.009    177736.009   37517.937
267  LG+R4         18056.710    267 36647.420    179759.420   37415.098
268  LG+R5         18028.281    269 36594.563    181854.563   37367.991
269  LG+R6         18020.918    271 36583.836    184007.836   37363.014
270  LG+R7         18020.866    273 36587.733    186191.733   37372.662
274  LG+F          19159.930    280 38879.860    196239.860   39684.915
275  LG+F+I        18912.964    281 38387.928    196871.928   39195.858
276  LG+F+G4       18191.416    281 36944.832    195428.832   37752.763
277  LG+F+I+G4     18166.778    282 36897.556    196509.556   37708.362
278  LG+F+R2       18443.339    282 37450.679    197062.679   38261.484
279  LG+F+R3       18208.582    284 36985.164    198865.164   37801.720
280  LG+F+R4       18162.013    286 36896.026    201060.026   37718.333
281  LG+F+R5       18130.434    288 36836.869    203300.869   37664.926
282  LG+F+R6       18121.793    290 36823.587    205603.587   37657.394
283  LG+F+R7       18121.755    292 36827.510    207939.510   37667.068
287  DCMut         19566.796    261 39655.592    176419.592   40406.018
288  DCMut+I       19253.357    262 39030.714    176842.714   39784.015
289  DCMut+G4      18559.459    262 37642.919    175454.919   38396.220
290  DCMut+I+G4    18528.231    263 37582.462    176446.462   38338.639
291  DCMut+R2      18768.567    263 38063.134    176927.134   38819.311
292  DCMut+R3      18578.783    265 37687.565    178667.565   38449.493
293  DCMut+R4      18505.488    267 37544.975    180656.975   38312.653
294  DCMut+R5      18480.609    269 37499.219    182759.219   38272.647
295  DCMut+R6      18473.712    271 37489.423    184913.423   38268.602
296  DCMut+R7      18473.637    273 37493.274    187097.274   38278.203
300  DCMut+F       19627.840    280 39815.681    197175.681   40620.736
301  DCMut+F+I     19354.896    281 39271.791    197755.791   40079.722
302  DCMut+F+G4    18645.438    281 37852.876    196336.876   38660.806
303  DCMut+F+I+G4  18608.749    282 37781.497    197393.497   38592.303
304  DCMut+F+R2    18879.807    282 38323.614    197935.614   39134.420
305  DCMut+F+R3    18668.506    284 37905.012    199785.012   38721.568
306  DCMut+F+R4    18601.527    286 37775.054    201939.054   38597.360
307  DCMut+F+R5    18575.028    288 37726.056    204190.056   38554.113
308  DCMut+F+R6    18563.059    290 37706.119    206486.119   38539.926
309  DCMut+F+R7    18563.014    292 37710.028    208822.028   38549.586
313  PMB           19191.398    261 38904.796    175668.796   39655.223
314  PMB+I         18907.206    262 38338.412    176150.412   39091.714
315  PMB+G4        18349.491    262 37222.983    175034.983   37976.284
316  PMB+I+G4      18314.981    263 37155.963    176019.963   37912.140
317  PMB+R2        18535.331    263 37596.662    176460.662   38352.839
318  PMB+R3        18346.236    265 37222.471    178202.471   37984.398
319  PMB+R4        18298.944    267 37131.888    180243.888   37899.566
320  PMB+R5        18278.897    269 37095.794    182355.794   37869.222
321  PMB+R6        18275.097    271 37092.193    184516.193   37871.371
326  PMB+F         19346.599    280 39253.198    196613.198   40058.253
327  PMB+F+I       19086.532    281 38735.064    197219.064   39542.994
328  PMB+F+G4      18486.281    281 37534.561    196018.561   38342.492
329  PMB+F+I+G4    18455.208    282 37474.416    197086.416   38285.222
330  PMB+F+R2      18696.407    282 37956.815    197568.815   38767.620
331  PMB+F+R3      18490.804    284 37549.608    199429.608   38366.164
332  PMB+F+R4      18446.974    286 37465.949    201629.949   38288.255
333  PMB+F+R5      18421.122    288 37418.244    203882.244   38246.301
334  PMB+F+R6      18417.187    290 37414.374    206194.374   38248.182
339  HIVb          20364.688    261 41251.377    178015.377   42001.803
340  HIVb+I        19945.652    262 40415.304    178227.304   41168.605
341  HIVb+G4       19085.405    262 38694.810    176506.810   39448.111
342  HIVb+I+G4     19042.992    263 38611.984    177475.984   39368.160
343  HIVb+R2       19422.226    263 39370.451    178234.451   40126.628
344  HIVb+R3       19120.363    265 38770.725    179750.725   39532.652
345  HIVb+R4       19038.945    267 38611.890    181723.890   39379.568
346  HIVb+R5       19000.402    269 38538.803    183798.803   39312.231
347  HIVb+R6       18991.116    271 38524.232    185948.232   39303.411
348  HIVb+R7       18989.176    273 38524.351    188128.351   39309.280
352  HIVb+F        20475.002    280 41510.003    198870.003   42315.059
353  HIVb+F+I      20129.622    281 40821.244    199305.244   41629.174
354  HIVb+F+G4     19146.487    281 38854.975    197338.975   39662.905
355  HIVb+F+I+G4   19112.895    282 38789.790    198401.790   39600.595
356  HIVb+F+R2     19517.591    282 39599.181    199211.181   40409.987
357  HIVb+F+R3     19189.509    284 38947.018    200827.018   39763.574
358  HIVb+F+R4     19115.085    286 38802.170    202966.170   39624.476
359  HIVb+F+R5     19072.945    288 38721.889    205185.889   39549.946
360  HIVb+F+R6     19065.978    290 38711.956    207491.956   39545.763
361  HIVb+F+R7     19065.977    292 38715.953    209827.953   39555.511
365  HIVw          21333.189    261 43188.379    179952.379   43938.805
366  HIVw+I        20881.232    262 42286.464    180098.464   43039.766
367  HIVw+G4       20067.531    262 40659.061    178471.061   41412.363
368  HIVw+I+G4     20009.843    263 40545.686    179409.686   41301.863
369  HIVw+R2       20355.300    263 41236.600    180100.600   41992.777
370  HIVw+R3       20097.010    265 40724.019    181704.019   41485.946
371  HIVw+R4       20015.250    267 40564.500    183676.500   41332.178
372  HIVw+R5       19972.288    269 40482.576    185742.576   41256.004
373  HIVw+R6       19967.360    271 40476.719    187900.719   41255.898
374  HIVw+R7       19967.338    273 40480.675    190084.675   41265.604
378  HIVw+F        21171.645    280 42903.291    200263.291   43708.346
379  HIVw+F+I      20803.485    281 42168.970    200652.970   42976.900
380  HIVw+F+G4     19893.896    281 40349.791    198833.791   41157.722
381  HIVw+F+I+G4   19850.188    282 40264.376    199876.376   41075.182
382  HIVw+F+R2     20221.302    282 41006.603    200618.603   41817.409
383  HIVw+F+R3     19924.986    284 40417.971    202297.971   41234.527
384  HIVw+F+R4     19862.557    286 40297.115    204461.115   41119.421
385  HIVw+F+R5     19811.615    288 40199.230    206663.230   41027.287
386  HIVw+F+R6     19805.598    290 40191.197    208971.197   41025.004
387  HIVw+F+R7     19805.566    292 40195.131    211307.131   41034.689
391  JTTDCMut      19518.592    261 39559.184    176323.184   40309.611
392  JTTDCMut+I    19210.652    262 38945.304    176757.304   39698.605
393  JTTDCMut+G4   18507.645    262 37539.290    175351.290   38292.592
394  JTTDCMut+I+G4 18470.215    263 37466.430    176330.430   38222.607
395  JTTDCMut+R2   18747.038    263 38020.076    176884.076   38776.253
396  JTTDCMut+R3   18538.511    265 37607.022    178587.022   38368.949
397  JTTDCMut+R4   18464.840    267 37463.680    180575.680   38231.358
398  JTTDCMut+R5   18435.228    269 37408.455    182668.455   38181.884
399  JTTDCMut+R6   18429.166    271 37400.332    184824.332   38179.511
400  JTTDCMut+R7   18429.082    273 37404.165    187008.165   38189.093
404  JTTDCMut+F    19623.316    280 39806.633    197166.633   40611.688
405  JTTDCMut+F+I  19353.591    281 39269.182    197753.182   40077.112
406  JTTDCMut+F+G4 18605.058    281 37772.116    196256.116   38580.047
407  JTTDCMut+F+I+G4 18574.787    282 37713.574    197325.574   38524.379
408  JTTDCMut+F+R2 18871.873    282 38307.747    197919.747   39118.552
409  JTTDCMut+F+R3 18642.436    284 37852.873    199732.873   38669.429
410  JTTDCMut+F+R4 18571.028    286 37714.057    201878.057   38536.363
411  JTTDCMut+F+R5 18542.543    288 37661.086    204125.086   38489.142
412  JTTDCMut+F+R6 18538.695    290 37657.389    206437.389   38491.197
417  FLU           20155.493    261 40832.985    177596.985   41583.412
418  FLU+I         19779.439    262 40082.878    177894.878   40836.180
419  FLU+G4        19018.898    262 38561.797    176373.797   39315.098
420  FLU+I+G4      18981.017    263 38488.034    177352.034   39244.211
421  FLU+R2        19318.701    263 39163.401    178027.401   39919.578
422  FLU+R3        19062.810    265 38655.619    179635.619   39417.546
423  FLU+R4        18981.966    267 38497.932    181609.932   39265.610
424  FLU+R5        18948.616    269 38435.233    183695.233   39208.661
425  FLU+R6        18939.788    271 38421.576    185845.576   39200.755
426  FLU+R7        18939.786    273 38425.572    188029.572   39210.500
430  FLU+F         20245.783    280 41051.567    198411.567   41856.622
431  FLU+F+I       19920.448    281 40402.896    198886.896   41210.826
432  FLU+F+G4      19064.967    281 38691.934    197175.934   39499.864
433  FLU+F+I+G4    19018.817    282 38601.633    198213.633   39412.439
434  FLU+F+R2      19371.324    282 39306.648    198918.648   40117.453
435  FLU+F+R3      19100.771    284 38769.541    200649.541   39586.097
436  FLU+F+R4      19024.389    286 38620.778    202784.778   39443.084
437  FLU+F+R5      18991.162    288 38558.324    205022.324   39386.381
438  FLU+F+R6      18983.658    290 38547.316    207327.316   39381.123
439  FLU+F+R7      18983.587    292 38551.173    209663.173   39390.731
443  Blosum62      19090.324    261 38702.649    175466.649   39453.075
444  Blosum62+I    18810.333    262 38144.666    175956.666   38897.968
445  Blosum62+G4   18275.835    262 37075.671    174887.671   37828.972
446  Blosum62+I+G4 18242.790    263 37011.581    175875.581   37767.758
447  Blosum62+R2   18441.058    263 37408.116    176272.116   38164.293
448  Blosum62+R3   18269.748    265 37069.496    178049.496   37831.423
449  Blosum62+R4   18223.488    267 36980.975    180092.975   37748.653
450  Blosum62+R5   18203.460    269 36944.920    182204.920   37718.348
451  Blosum62+R6   18200.973    271 36943.947    184367.947   37723.125
456  Blosum62+F    19258.857    280 39077.715    196437.715   39882.770
457  Blosum62+F+I  18997.643    281 38557.285    197041.285   39365.216
458  Blosum62+F+G4 18422.739    281 37407.478    195891.478   38215.408
459  Blosum62+F+I+G4 18391.812    282 37347.625    196959.625   38158.430
460  Blosum62+F+R2 18613.426    282 37790.851    197402.851   38601.657
461  Blosum62+F+R3 18424.885    284 37417.769    199297.769   38234.325
462  Blosum62+F+R4 18380.758    286 37333.517    201497.517   38155.823
463  Blosum62+F+R5 18357.056    288 37290.111    203754.111   38118.168
464  Blosum62+F+R6 18353.164    290 37286.327    206066.327   38120.135
469  mtMet         20692.244    261 41906.487    178670.487   42656.914
470  mtMet+I       20465.926    262 41455.852    179267.852   42209.154
471  mtMet+G4      19269.368    262 39062.736    176874.736   39816.038
472  mtMet+I+G4    19260.025    263 39046.050    177910.050   39802.227
473  mtMet+R2      19627.704    263 39781.407    178645.407   40537.584
474  mtMet+R3      19334.665    265 39199.329    180179.329   39961.257
475  mtMet+R4      19263.807    267 39061.614    182173.614   39829.292
476  mtMet+R5      19223.226    269 38984.452    184244.452   39757.880
477  mtMet+R6      19220.247    271 38982.494    186406.494   39761.673
482  mtMet+F       19947.975    280 40455.951    197815.951   41261.006
483  mtMet+F+I     19723.459    281 40008.919    198492.919   40816.849
484  mtMet+F+G4    18696.596    281 37955.192    196439.192   38763.122
485  mtMet+F+I+G4  18682.908    282 37929.815    197541.815   38740.621
486  mtMet+F+R2    18998.018    282 38560.037    198172.037   39370.842
487  mtMet+F+R3    18760.875    284 38089.751    199969.751   38906.307
488  mtMet+F+R4    18683.954    286 37939.907    202103.907   38762.214
489  mtMet+F+R5    18649.606    288 37875.212    204339.212   38703.269
490  mtMet+F+R6    18643.278    290 37866.556    206646.556   38700.363
491  mtMet+F+R7    18637.744    292 37859.487    208971.487   38699.045
492  mtMet+F+R8    18637.739    294 37863.478    211323.478   38708.786
495  mtVer         21163.524    261 42849.049    179613.049   43599.475
496  mtVer+I       20925.874    262 42375.747    180187.747   43129.049
497  mtVer+G4      19536.207    262 39596.414    177408.414   40349.716
498  mtVer+I+G4    19522.130    263 39570.260    178434.260   40326.437
499  mtVer+R2      19915.289    263 40356.579    179220.579   41112.755
500  mtVer+R3      19620.509    265 39771.019    180751.019   40532.946
501  mtVer+R4      19531.311    267 39596.623    182708.623   40364.300
502  mtVer+R5      19491.279    269 39520.559    184780.559   40293.987
503  mtVer+R6      19488.127    271 39518.254    186942.254   40297.432
508  mtVer+F       20430.403    280 41420.806    198780.806   42225.861
509  mtVer+F+I     20177.124    281 40916.248    199400.248   41724.179
510  mtVer+F+G4    19077.099    281 38716.198    197200.198   39524.128
511  mtVer+F+I+G4  19059.531    282 38683.063    198295.063   39493.868
512  mtVer+F+R2    19390.232    282 39344.464    198956.464   40155.270
513  mtVer+F+R3    19153.151    284 38874.301    200754.301   39690.857
514  mtVer+F+R4    19062.282    286 38696.563    202860.563   39518.870
515  mtVer+F+R5    19027.215    288 38630.431    205094.431   39458.488
516  mtVer+F+R6    19017.237    290 38614.473    207394.473   39448.280
517  mtVer+F+R7    19007.585    292 38599.170    209711.170   39438.727
518  mtVer+F+R8    19007.583    294 38603.165    212063.165   39448.473
521  mtInv         20551.005    261 41624.011    178388.011   42374.437
522  mtInv+I       20309.306    262 41142.612    178954.612   41895.914
523  mtInv+G4      19246.015    262 39016.030    176828.030   39769.332
524  mtInv+I+G4    19230.769    263 38987.538    177851.538   39743.715
525  mtInv+R2      19595.545    263 39717.090    178581.090   40473.267
526  mtInv+R3      19297.236    265 39124.472    180104.472   39886.400
527  mtInv+R4      19231.627    267 38997.255    182109.255   39764.932
528  mtInv+R5      19195.349    269 38928.699    184188.699   39702.127
529  mtInv+R6      19192.763    271 38927.526    186351.526   39706.704
534  mtInv+F       19654.522    280 39869.043    197229.043   40674.099
535  mtInv+F+I     19415.838    281 39393.675    197877.675   40201.606
536  mtInv+F+G4    18512.627    281 37587.253    196071.253   38395.184
537  mtInv+F+I+G4  18493.508    282 37551.016    197163.016   38361.821
538  mtInv+F+R2    18811.158    282 38186.316    197798.316   38997.122
539  mtInv+F+R3    18567.176    284 37702.352    199582.352   38518.908
540  mtInv+F+R4    18499.380    286 37570.760    201734.760   38393.066
541  mtInv+F+R5    18465.449    288 37506.899    203970.899   38334.956
542  mtInv+F+R6    18459.036    290 37498.071    206278.071   38331.879
543  mtInv+F+R7    18456.768    292 37497.536    208609.536   38337.094
Akaike Information Criterion:           LG+R6
Corrected Akaike Information Criterion: LG+G4
Bayesian Information Criterion:         LG+R6
Best-fit model: LG+R6 chosen according to BIC

All model information printed to K00759.blastp_ALL.outfmt6.parsed.filtered.uniq.faa.mafft.aln.trimal1.model.gz
CPU time for ModelFinder: 896.640 seconds (0h:14m:56s)
Wall-clock time for ModelFinder: 887.514 seconds (0h:14m:47s)
Generating 2000 samples for ultrafast bootstrap (seed: 389280)...

NOTE: 19 MB RAM (0 GB) is required!
Measuring multi-threading efficiency up to 4 CPU cores
Increase to 10 rounds for branch lengths
9 trees examined
Threads: 1 / Time: 4.439 sec / Speedup: 1.000 / Efficiency: 100% / LogL: -24856
Threads: 2 / Time: 4.354 sec / Speedup: 1.020 / Efficiency: 51% / LogL: -24856
Threads: 3 / Time: 4.226 sec / Speedup: 1.050 / Efficiency: 35% / LogL: -24856
BEST NUMBER OF THREADS: 1

Estimate model parameters (epsilon = 0.100)
1. Initial log-likelihood: -18052.601
2. Current log-likelihood: -18039.681
3. Current log-likelihood: -18038.412
4. Current log-likelihood: -18037.336
5. Current log-likelihood: -18036.351
6. Current log-likelihood: -18035.425
7. Current log-likelihood: -18034.553
8. Current log-likelihood: -18033.732
9. Current log-likelihood: -18033.080
10. Current log-likelihood: -18032.328
11. Current log-likelihood: -18031.747
12. Current log-likelihood: -18031.184
13. Current log-likelihood: -18030.649
14. Current log-likelihood: -18030.133
15. Current log-likelihood: -18029.647
16. Current log-likelihood: -18029.231
17. Current log-likelihood: -18028.868
18. Current log-likelihood: -18028.718
19. Current log-likelihood: -18028.576
20. Current log-likelihood: -18028.440
Optimal log-likelihood: -18028.317
Site proportion and rates:  (0.150,0.059) (0.099,0.258) (0.179,0.616) (0.232,0.980) (0.224,1.476) (0.117,2.551)
Parameters optimization took 20 rounds (17.169 sec)
Computing ML distances based on estimated model parameters... 7.633 sec
Computing BIONJ tree...
0.010 seconds
Log-likelihood of BIONJ tree: -17824.018
--------------------------------------------------------------------
|             INITIALIZING CANDIDATE TREE SET                      |
--------------------------------------------------------------------
Generating 98 parsimony trees... 2.756 second
Computing log-likelihood of 98 initial trees ... 11.050 seconds
Current best score: -17824.018

Do NNI search on 20 best initial trees
Estimate model parameters (epsilon = 0.100)
BETTER TREE FOUND at iteration 1: -17751.935
Estimate model parameters (epsilon = 0.100)
BETTER TREE FOUND at iteration 2: -17712.795
Iteration 10 / LogL: -17810.212 / Time: 0h:1m:35s
Iteration 20 / LogL: -17786.005 / Time: 0h:1m:55s
Finish initializing candidate tree set (20)
Current best tree score: -17712.795 / CPU time: 77.616
Number of iterations: 20
--------------------------------------------------------------------
|               OPTIMIZING CANDIDATE TREE SET                      |
--------------------------------------------------------------------
Estimate model parameters (epsilon = 0.100)
BETTER TREE FOUND at iteration 21: -17710.960
Estimate model parameters (epsilon = 0.100)
BETTER TREE FOUND at iteration 24: -17710.148
Estimate model parameters (epsilon = 0.100)
BETTER TREE FOUND at iteration 25: -17704.423
Estimate model parameters (epsilon = 0.100)
BETTER TREE FOUND at iteration 28: -17701.003
Estimate model parameters (epsilon = 0.100)
BETTER TREE FOUND at iteration 30: -17700.661
Iteration 30 / LogL: -17700.661 / Time: 0h:2m:25s (0h:8m:22s left)
Estimate model parameters (epsilon = 0.100)
BETTER TREE FOUND at iteration 32: -17693.291
Estimate model parameters (epsilon = 0.100)
BETTER TREE FOUND at iteration 40: -17688.099
Iteration 40 / LogL: -17688.099 / Time: 0h:2m:47s (0h:7m:10s left)
Iteration 50 / LogL: -17694.452 / Time: 0h:3m:2s (0h:5m:36s left)
Log-likelihood cutoff on original alignment: -17788.398
Estimate model parameters (epsilon = 0.100)
BETTER TREE FOUND at iteration 52: -17687.600
Iteration 60 / LogL: -17693.477 / Time: 0h:3m:18s (0h:5m:10s left)
Iteration 70 / LogL: -17696.478 / Time: 0h:3m:32s (0h:4m:12s left)
Estimate model parameters (epsilon = 0.100)
BETTER TREE FOUND at iteration 74: -17686.082
Iteration 80 / LogL: -17693.468 / Time: 0h:3m:48s (0h:4m:32s left)
Estimate model parameters (epsilon = 0.100)
BETTER TREE FOUND at iteration 85: -17685.658
Estimate model parameters (epsilon = 0.100)
BETTER TREE FOUND at iteration 86: -17684.677
Iteration 90 / LogL: -17689.394 / Time: 0h:4m:6s (0h:4m:25s left)
Iteration 100 / LogL: -17693.304 / Time: 0h:4m:27s (0h:3m:52s left)
Log-likelihood cutoff on original alignment: -17786.134
NOTE: Bootstrap correlation coefficient of split occurrence frequencies: 0.985
NOTE: UFBoot does not converge, continue at least 100 more iterations
Iteration 110 / LogL: -17685.851 / Time: 0h:4m:41s (0h:3m:52s left)
Iteration 120 / LogL: -17688.689 / Time: 0h:4m:55s (0h:3m:18s left)
Iteration 130 / LogL: -17685.430 / Time: 0h:5m:10s (0h:2m:48s left)
Iteration 140 / LogL: -17693.787 / Time: 0h:5m:24s (0h:2m:19s left)
Iteration 150 / LogL: -17696.799 / Time: 0h:5m:38s (0h:1m:53s left)
Log-likelihood cutoff on original alignment: -17781.447
Estimate model parameters (epsilon = 0.100)
BETTER TREE FOUND at iteration 152: -17684.603
Estimate model parameters (epsilon = 0.100)
BETTER TREE FOUND at iteration 159: -17684.048
Iteration 160 / LogL: -17684.570 / Time: 0h:5m:55s (0h:3m:41s left)
Iteration 170 / LogL: -17684.386 / Time: 0h:6m:10s (0h:3m:15s left)
Estimate model parameters (epsilon = 0.100)
BETTER TREE FOUND at iteration 180: -17683.909
Iteration 180 / LogL: -17683.909 / Time: 0h:6m:26s (0h:3m:36s left)
Estimate model parameters (epsilon = 0.100)
BETTER TREE FOUND at iteration 188: -17682.597
Iteration 190 / LogL: -17708.196 / Time: 0h:6m:41s (0h:3m:28s left)
Estimate model parameters (epsilon = 0.100)
BETTER TREE FOUND at iteration 195: -17681.809
Iteration 200 / LogL: -17687.439 / Time: 0h:6m:58s (0h:3m:19s left)
Log-likelihood cutoff on original alignment: -17781.447
NOTE: Bootstrap correlation coefficient of split occurrence frequencies: 0.993
Estimate model parameters (epsilon = 0.100)
BETTER TREE FOUND at iteration 207: -17679.627
Iteration 210 / LogL: -17700.940 / Time: 0h:7m:21s (0h:3m:25s left)
Estimate model parameters (epsilon = 0.100)
BETTER TREE FOUND at iteration 216: -17678.823
Iteration 220 / LogL: -17686.782 / Time: 0h:7m:45s (0h:3m:24s left)
Iteration 230 / LogL: -17680.742 / Time: 0h:7m:59s (0h:3m:0s left)
Iteration 240 / LogL: -17681.314 / Time: 0h:8m:13s (0h:2m:36s left)
Estimate model parameters (epsilon = 0.100)
BETTER TREE FOUND at iteration 244: -17678.748
Iteration 250 / LogL: -17679.941 / Time: 0h:8m:27s (0h:3m:11s left)
Log-likelihood cutoff on original alignment: -17781.447
Iteration 260 / LogL: -17681.137 / Time: 0h:8m:40s (0h:2m:48s left)
Iteration 270 / LogL: -17686.337 / Time: 0h:8m:53s (0h:2m:26s left)
Iteration 280 / LogL: -17687.386 / Time: 0h:9m:8s (0h:2m:5s left)
Iteration 290 / LogL: -17679.597 / Time: 0h:9m:21s (0h:1m:44s left)
Iteration 300 / LogL: -17682.749 / Time: 0h:9m:44s (0h:1m:26s left)
Log-likelihood cutoff on original alignment: -17781.447
NOTE: Bootstrap correlation coefficient of split occurrence frequencies: 0.989
NOTE: UFBoot does not converge, continue at least 100 more iterations
Iteration 310 / LogL: -17679.834 / Time: 0h:10m:2s (0h:2m:55s left)
Estimate model parameters (epsilon = 0.100)
BETTER TREE FOUND at iteration 314: -17676.530
Iteration 320 / LogL: -17685.865 / Time: 0h:10m:17s (0h:3m:1s left)
Iteration 330 / LogL: -17678.748 / Time: 0h:10m:30s (0h:2m:41s left)
Iteration 340 / LogL: -17680.045 / Time: 0h:10m:44s (0h:2m:20s left)
Iteration 350 / LogL: -17679.355 / Time: 0h:11m:6s (0h:2m:2s left)
Log-likelihood cutoff on original alignment: -17781.447
Iteration 360 / LogL: -17697.975 / Time: 0h:11m:23s (0h:1m:42s left)
Iteration 370 / LogL: -17684.152 / Time: 0h:11m:37s (0h:1m:23s left)
Estimate model parameters (epsilon = 0.100)
BETTER TREE FOUND at iteration 372: -17676.156
Iteration 380 / LogL: -17677.177 / Time: 0h:11m:59s (0h:2m:54s left)
Iteration 390 / LogL: -17685.445 / Time: 0h:12m:12s (0h:2m:34s left)
Iteration 400 / LogL: -17683.821 / Time: 0h:12m:25s (0h:2m:14s left)
Log-likelihood cutoff on original alignment: -17781.447
NOTE: Bootstrap correlation coefficient of split occurrence frequencies: 0.984
NOTE: UFBoot does not converge, continue at least 100 more iterations
Iteration 410 / LogL: -17696.487 / Time: 0h:12m:40s (0h:2m:47s left)
BETTER TREE FOUND at iteration 413: -17676.146
Estimate model parameters (epsilon = 0.100)
BETTER TREE FOUND at iteration 418: -17675.878
Iteration 420 / LogL: -17704.841 / Time: 0h:12m:55s (0h:3m:1s left)
Iteration 430 / LogL: -17681.213 / Time: 0h:13m:9s (0h:2m:41s left)
Iteration 440 / LogL: -17676.343 / Time: 0h:13m:23s (0h:2m:22s left)
Iteration 450 / LogL: -17685.773 / Time: 0h:13m:37s (0h:2m:3s left)
Log-likelihood cutoff on original alignment: -17781.447
Iteration 460 / LogL: -17715.858 / Time: 0h:13m:52s (0h:1m:45s left)
Estimate model parameters (epsilon = 0.100)
UPDATE BEST LOG-LIKELIHOOD: -17675.743
Iteration 470 / LogL: -17690.704 / Time: 0h:14m:7s (0h:1m:26s left)
Iteration 480 / LogL: -17707.761 / Time: 0h:14m:21s (0h:1m:8s left)
Iteration 490 / LogL: -17686.281 / Time: 0h:14m:35s (0h:0m:50s left)
Iteration 500 / LogL: -17681.288 / Time: 0h:14m:49s (0h:0m:32s left)
Log-likelihood cutoff on original alignment: -17781.447
NOTE: Bootstrap correlation coefficient of split occurrence frequencies: 0.987
NOTE: UFBoot does not converge, continue at least 100 more iterations
Iteration 510 / LogL: -17681.855 / Time: 0h:15m:5s (0h:2m:40s left)
Iteration 520 / LogL: -17677.333 / Time: 0h:15m:23s (0h:2m:22s left)
Iteration 530 / LogL: -17693.428 / Time: 0h:15m:37s (0h:2m:4s left)
Iteration 540 / LogL: -17678.980 / Time: 0h:15m:51s (0h:1m:45s left)
Iteration 550 / LogL: -17677.374 / Time: 0h:16m:6s (0h:1m:28s left)
Log-likelihood cutoff on original alignment: -17781.447
Estimate model parameters (epsilon = 0.100)
UPDATE BEST LOG-LIKELIHOOD: -17675.673
Iteration 560 / LogL: -17677.288 / Time: 0h:16m:23s (0h:1m:10s left)
Iteration 570 / LogL: -17680.295 / Time: 0h:16m:36s (0h:0m:52s left)
Iteration 580 / LogL: -17678.615 / Time: 0h:16m:49s (0h:0m:34s left)
Iteration 590 / LogL: -17677.147 / Time: 0h:17m:3s (0h:0m:17s left)
Iteration 600 / LogL: -17675.791 / Time: 0h:17m:17s (0h:0m:0s left)
Log-likelihood cutoff on original alignment: -17781.447
NOTE: Bootstrap correlation coefficient of split occurrence frequencies: 0.986
NOTE: UFBoot does not converge, continue at least 100 more iterations
Iteration 610 / LogL: -17677.667 / Time: 0h:17m:34s (0h:2m:35s left)
Iteration 620 / LogL: -17683.656 / Time: 0h:17m:49s (0h:2m:18s left)
Iteration 630 / LogL: -17677.679 / Time: 0h:18m:3s (0h:2m:0s left)
Iteration 640 / LogL: -17678.647 / Time: 0h:18m:17s (0h:1m:43s left)
Iteration 650 / LogL: -17675.822 / Time: 0h:18m:31s (0h:1m:25s left)
Log-likelihood cutoff on original alignment: -17781.447
Iteration 660 / LogL: -17678.437 / Time: 0h:18m:49s (0h:1m:8s left)
Iteration 670 / LogL: -17683.286 / Time: 0h:19m:5s (0h:0m:51s left)
Iteration 680 / LogL: -17682.279 / Time: 0h:19m:20s (0h:0m:34s left)
Iteration 690 / LogL: -17682.486 / Time: 0h:19m:34s (0h:0m:17s left)
Iteration 700 / LogL: -17692.717 / Time: 0h:19m:49s (0h:0m:0s left)
Log-likelihood cutoff on original alignment: -17781.447
NOTE: Bootstrap correlation coefficient of split occurrence frequencies: 0.992
TREE SEARCH COMPLETED AFTER 700 ITERATIONS / Time: 0h:19m:51s

--------------------------------------------------------------------
|                    FINALIZING TREE SEARCH                        |
--------------------------------------------------------------------
Performs final model parameters optimization
Estimate model parameters (epsilon = 0.010)
1. Initial log-likelihood: -17675.673
2. Current log-likelihood: -17675.652
3. Current log-likelihood: -17675.618
4. Current log-likelihood: -17675.585
5. Current log-likelihood: -17675.553
6. Current log-likelihood: -17675.521
7. Current log-likelihood: -17675.490
8. Current log-likelihood: -17675.459
9. Current log-likelihood: -17675.429
10. Current log-likelihood: -17675.399
11. Current log-likelihood: -17675.370
12. Current log-likelihood: -17675.341
13. Current log-likelihood: -17675.313
14. Current log-likelihood: -17675.286
15. Current log-likelihood: -17675.269
16. Current log-likelihood: -17675.242
17. Current log-likelihood: -17675.225
18. Current log-likelihood: -17675.207
19. Current log-likelihood: -17675.181
20. Current log-likelihood: -17675.165
21. Current log-likelihood: -17675.148
22. Current log-likelihood: -17675.132
23. Current log-likelihood: -17675.116
24. Current log-likelihood: -17675.100
25. Current log-likelihood: -17675.074
26. Current log-likelihood: -17675.060
27. Current log-likelihood: -17675.045
28. Current log-likelihood: -17675.030
29. Current log-likelihood: -17675.016
30. Current log-likelihood: -17675.001
31. Current log-likelihood: -17674.987
32. Current log-likelihood: -17674.972
33. Current log-likelihood: -17674.959
34. Current log-likelihood: -17674.945
35. Current log-likelihood: -17674.932
36. Current log-likelihood: -17674.918
37. Current log-likelihood: -17674.905
38. Current log-likelihood: -17674.892
39. Current log-likelihood: -17674.878
40. Current log-likelihood: -17674.866
41. Current log-likelihood: -17674.853
42. Current log-likelihood: -17674.840
43. Current log-likelihood: -17674.828
44. Current log-likelihood: -17674.815
45. Current log-likelihood: -17674.804
46. Current log-likelihood: -17674.793
47. Current log-likelihood: -17674.781
48. Current log-likelihood: -17674.771
49. Current log-likelihood: -17674.760
50. Current log-likelihood: -17674.749
51. Current log-likelihood: -17674.738
52. Current log-likelihood: -17674.727
53. Current log-likelihood: -17674.716
54. Current log-likelihood: -17674.705
55. Current log-likelihood: -17674.694
56. Current log-likelihood: -17674.683
57. Current log-likelihood: -17674.672
Optimal log-likelihood: -17674.657
Site proportion and rates:  (0.132,0.026) (0.109,0.225) (0.151,0.582) (0.214,0.886) (0.271,1.404) (0.124,2.543)
Parameters optimization took 57 rounds (41.785 sec)
BEST SCORE FOUND : -17674.657
Creating bootstrap support values...
Split supports printed to NEXUS file K00759.blastp_ALL.outfmt6.parsed.filtered.uniq.faa.mafft.aln.trimal1.splits.nex
Total tree length: 47.624

Total number of iterations: 700
CPU time used for tree search: 1106.446 sec (0h:18m:26s)
Wall-clock time used for tree search: 1152.717 sec (0h:19m:12s)
Total CPU time used: 1200.534 sec (0h:20m:0s)
Total wall-clock time used: 1233.848 sec (0h:20m:33s)

Computing bootstrap consensus tree...
Reading input file K00759.blastp_ALL.outfmt6.parsed.filtered.uniq.faa.mafft.aln.trimal1.splits.nex...
132 taxa and 1498 splits.
Consensus tree written to K00759.blastp_ALL.outfmt6.parsed.filtered.uniq.faa.mafft.aln.trimal1.contree
Reading input trees file K00759.blastp_ALL.outfmt6.parsed.filtered.uniq.faa.mafft.aln.trimal1.contree
Log-likelihood of consensus tree: -17676.381

Analysis results written to: 
  IQ-TREE report:                K00759.blastp_ALL.outfmt6.parsed.filtered.uniq.faa.mafft.aln.trimal1.iqtree
  Maximum-likelihood tree:       K00759.blastp_ALL.outfmt6.parsed.filtered.uniq.faa.mafft.aln.trimal1.treefile
  Likelihood distances:          K00759.blastp_ALL.outfmt6.parsed.filtered.uniq.faa.mafft.aln.trimal1.mldist

Ultrafast bootstrap approximation results written to:
  Split support values:          K00759.blastp_ALL.outfmt6.parsed.filtered.uniq.faa.mafft.aln.trimal1.splits.nex
  Consensus tree:                K00759.blastp_ALL.outfmt6.parsed.filtered.uniq.faa.mafft.aln.trimal1.contree
  Screen log file:               K00759.blastp_ALL.outfmt6.parsed.filtered.uniq.faa.mafft.aln.trimal1.log

Date and Time: Wed Oct 13 09:35:03 2021
