IQ-TREE multicore version 1.6.12 for Linux 64-bit built Aug 15 2019
Developed by Bui Quang Minh, Nguyen Lam Tung, Olga Chernomor,
Heiko Schmidt, Dominik Schrempf, Michael Woodhams.

Host:    coral (AVX512, FMA3, 376 GB RAM)
Command: /home/timothy/programs/iqtree-1.6.12-Linux/bin/iqtree -s K00856.blastp_ALL.outfmt6.parsed.filtered.uniq.faa.mafft.aln.trimal1 -nt AUTO -ntmax 4 -m MFP -bb 2000 -nm 2000 -quiet
Seed:    398507 (Using SPRNG - Scalable Parallel Random Number Generator)
Time:    Wed Oct 13 08:59:41 2021
Kernel:  AVX+FMA - auto-detect threads (96 CPU cores detected)

Reading alignment file K00856.blastp_ALL.outfmt6.parsed.filtered.uniq.faa.mafft.aln.trimal1 ... Fasta format detected
Alignment most likely contains protein sequences
Alignment has 176 sequences with 245 columns, 244 distinct patterns
223 parsimony-informative, 10 singleton sites, 12 constant sites
                                                                                                                                          Gap/Ambiguity  Composition  p-value
   1  Eukaryota-Acytosteliales-Acytosteliales-Acytosteliales-Acytosteliaceae-Acytostelium_subglobosum_XP_012756678.1                              4.49%    passed     97.61%
   2  Eukaryota-Acytosteliales-Acytosteliales-Acytosteliales-Cavenderiaceae-Cavenderia_fasciculata_XP_004359756.1                                 4.08%    passed     99.79%
   3  Eukaryota-Alveolata-Dinophyceae-NA-Unranked-Alexandrium_tamarense_MMETSP0382_c31225_g1_i1.p1                                                6.53%    failed      0.00%
   4  Eukaryota-Alveolata-Dinophyceae-NA-Unranked-Alexandrium_tamarense_MMETSP0384_c10080_g1_i1.p1                                               17.14%    passed     84.61%
   5  Eukaryota-Alveolata-Dinophyceae-NA-Unranked-Amphidinium_massartii_MMETSP0689_c40917_g1_i1.p1                                                4.08%    passed     98.59%
   6  Eukaryota-Alveolata-Dinophyceae-NA-Unranked-Crypthecodinium_cohnii_MMETSP0324_c86199_g1_i1.p1                                               5.31%    passed      6.88%
   7  Eukaryota-Alveolata-Dinophyceae-NA-Unranked-Karenia_brevis_MMETSP0030_c141431_g1_i1.p1                                                     20.41%    passed      5.96%
   8  Eukaryota-Alveolata-Dinophyceae-NA-Unranked-Lingulodinium_polyedra_MMETSP1035_c5993_g1_i1.p1                                                7.35%    failed      0.00%
   9  Eukaryota-Alveolata-Dinophyceae-NA-Unranked-Oxyrrhis_marina_MMETSP0469_c75782_g1_i1.p1                                                     63.27%    passed     99.35%
  10  Eukaryota-Alveolata-Dinophyceae-NA-Unranked-Peridinium_aciculiferum_MMETSP0370_c83900_g1_i1.p1                                             20.41%    failed      0.00%
  11  Eukaryota-Alveolata-Dinophyceae-NA-Unranked-Prorocentrum_minimum_MMETSP0268_c3697_g1_i1.p2                                                  4.08%    passed     99.72%
  12  Eukaryota-Alveolata-Dinophyceae-NA-Unranked-Scrippsiella_hangoei_MMETSP0359_c19647_g1_i1.p1                                                 4.90%    failed      0.00%
  13  Eukaryota-Alveolata-Dinophyceae-NA-Unranked-Symbiodinium_sp_MMETSP1367_c41721_g1_i1.p1                                                     18.78%    failed      4.64%
  14  Eukaryota-Alveolata-Dinophyceae-NA-Unranked-Togula_jolla_MMETSP0224_c38449_g1_i1.p1                                                        64.49%    failed      0.39%
  15  Eukaryota-Alveolata-Dinophyceae-Peridiniales-Kryptoperidiniaceae-Durinskia_baltica_MMETSP0117_c7052_g1_i1.p1                                4.08%    passed     97.93%
  16  Eukaryota-Amoebozoa-NA-NA-Paramoebidae-Filamoeba_nolandi_MMETSP0413_c519_g1_i1.p1                                                           4.08%    passed     20.80%
  17  Eukaryota-Amoebozoa-NA-NA-Paramoebidae-Neoparamoeba_aestuarina_MMETSP0161_c3006_g1_i1.p1                                                    4.49%    passed     88.19%
  18  Eukaryota-Amoebozoa-NA-NA-Paramoebidae-Paramoeba_atlantica_MMETSP0151_c17274_g1_i1.p1                                                       4.08%    passed     99.27%
  19  Eukaryota-Amoebozoa-NA-NA-Paramoebidae-Sexangularia_sp_MMETSP0437_c2397_g1_i1.p1                                                            3.67%    passed     32.23%
  20  Eukaryota-Amoebozoa-NA-NA-Paramoebidae-Stygamoeba_regulata_MMETSP0447_c21678_g1_i1.p1                                                       4.08%    passed     98.64%
  21  Eukaryota-Amoebozoa-NA-NA-Paramoebidae-Vexillifera_sp_MMETSP0173_c2021_g1_i2.p1                                                             4.49%    passed     96.95%
  22  Eukaryota-Annelida-Clitellata-Hirudinida-Glossiphoniidae-Helobdella_robusta_jgi193631                                                       3.67%    passed     97.72%
  23  Eukaryota-Apicomplexa-Conoidasida-Eucoccidiorida-Eimeriidae-Eimeria_acervulina_XP_013248640.1                                              15.51%    failed      1.27%
  24  Eukaryota-Apicomplexa-Conoidasida-Eucoccidiorida-Sarcocystidae-Besnoitia_besnoiti_XP_029215495.1                                            4.49%    passed     12.60%
  25  Eukaryota-Apicomplexa-Conoidasida-Eucoccidiorida-Sarcocystidae-Neospora_caninum_XP_003886241.1                                              4.49%    passed     41.45%
  26  Eukaryota-Apicomplexa-NA-Unranked-NA-Alveolata_sp_MMETSP0288_c31624_g1_i1.p1                                                                4.08%    passed     65.37%
  27  Eukaryota-Apusomonadidae-NA-NA-NA-Thecamonas_trahens_XP_013760029.1                                                                         4.08%    passed     97.89%
  28  Eukaryota-Arthropoda-Insecta-Diptera-Tephritidae-Bactrocera_oleae_XP_014090887.1                                                            4.08%    passed     84.51%
  29  Eukaryota-Arthropoda-Insecta-Hymenoptera-Agaonidae-Ceratosolen_solmsi_XP_011502977.1                                                        4.08%    passed     94.57%
  30  Eukaryota-Arthropoda-Insecta-Hymenoptera-Formicidae-Temnothorax_curvispinosus_XP_024884466.1                                                4.08%    passed     96.00%
  31  Eukaryota-Arthropoda-Insecta-Lepidoptera-Sphingidae-Manduca_sexta_XP_030039834.1                                                            4.08%    passed     96.68%
  32  Eukaryota-Ascomycota-Pneumocystidomycetes-Pneumocystidales-Pneumocystidaceae-Pneumocystis_murina_XP_007872601.1                             4.49%    passed     45.64%
  33  Eukaryota-Ascomycota-Saccharomycetes-Saccharomycetales-Ascoideaceae-Ascoidea_rubescens_XP_020045419.1                                       4.08%    passed     71.32%
  34  Eukaryota-Ascomycota-Saccharomycetes-Saccharomycetales-Debaryomycetaceae-Babjeviella_inositovora_XP_018984862.1                             4.08%    passed     76.05%
  35  Eukaryota-Ascomycota-Saccharomycetes-Saccharomycetales-Debaryomycetaceae-Scheffersomyces_stipitis_XP_001383404.1                            4.08%    passed     20.15%
  36  Eukaryota-Ascomycota-Schizosaccharomycetes-Schizosaccharomycetales-Schizosaccharomycetaceae-Schizosaccharomyces_pombe_NP_588154.1           4.49%    passed     41.96%
  37  Eukaryota-Basidiomycota-Exobasidiomycetes-Microstromatales-NA-Pseudomicrostroma_glucosiphilum_XP_025347364.1                                4.08%    passed     99.59%
  38  Eukaryota-Basidiomycota-Malasseziomycetes-Malasseziales-Malasseziaceae-Malassezia_restricta_XP_027482496.1                                  4.08%    passed     98.19%
  39  Eukaryota-Basidiomycota-Microbotryomycetes-Sporidiobolales-Sporidiobolaceae-Rhodotorula_toruloides_XP_016269642.1                           4.08%    passed     96.41%
  40  Eukaryota-Basidiomycota-Microbotryomycetes-Undefined-Undefined-Sporobolomyces_roseus_jgi22724                                               4.08%    passed     79.96%
  41  Eukaryota-Basidiomycota-Pucciniomycetes-Pucciniales-Melampsoraceae-Melampsora_laricipopulina_XP_007417548.1                                 4.49%    passed     99.95%
  42  Eukaryota-Basidiomycota-Pucciniomycetes-Pucciniales-Pucciniaceae-Puccinia_graminis_XP_003321895.1                                           4.49%    passed     90.11%
  43  Eukaryota-Basidiomycota-Ustilaginomycetes-Ustilaginales-Ustilaginaceae-Kalmanozyma_brasiliensis_XP_016291712.1                              4.08%    passed     99.01%
  44  Eukaryota-Basidiomycota-Ustilaginomycetes-Ustilaginales-Ustilaginaceae-Moesziomyces_antarcticus_XP_014659141.1                              4.08%    passed     81.46%
  45  Eukaryota-Basidiomycota-Ustilaginomycetes-Ustilaginales-Ustilaginaceae-Sporisorium_graminicola_XP_029743018.1                               4.08%    passed     97.76%
  46  Eukaryota-Brachiopoda-Lingulata-Lingulida-Lingulidae-Lingula_anatina_XP_013383353.1                                                         4.08%    passed     93.40%
  47  Eukaryota-Cercozoa-Chlorarachniophyceae-NA-NA-Bigelowiella_longifila_MMETSP1359_c22282_g1_i1.p1                                             4.49%    passed     63.27%
  48  Eukaryota-Cercozoa-Chlorarachniophyceae-NA-NA-Bigelowiella_longifila_MMETSP1359_c650_g1_i1.p1                                               6.53%    passed      5.38%
  49  Eukaryota-Cercozoa-Chlorarachniophyceae-NA-NA-Chlorarachnion_reptans_MMETSP0109_c20184_g2_i1.p1                                            35.10%    failed      2.15%
  50  Eukaryota-Cercozoa-Chlorarachniophyceae-NA-NA-Chlorarachnion_reptans_MMETSP0109_c508_g1_i1.p1                                               4.49%    passed     79.29%
  51  Eukaryota-Cercozoa-Chlorarachniophyceae-NA-NA-Lotharella_amoebiformis_MMETSP0042_c10305_g1_i1.p1                                            4.49%    passed     90.71%
  52  Eukaryota-Cercozoa-Chlorarachniophyceae-NA-NA-Norrisiella_sphaerica_MMETSP0113_c10918_g1_i1.p1                                              4.49%    passed     91.15%
  53  Eukaryota-Cercozoa-Chlorarachniophyceae-NA-NA-Partenskyella_glossopodia_MMETSP1318_c17197_g1_i1.p1                                          9.80%    passed     95.43%
  54  Eukaryota-Chlorophyta-Chlorophyceae-Sphaeropleales-Selenastraceae-Monoraphidium_neglectum_XP_013892499.1                                   32.65%    passed     99.36%
  55  Eukaryota-Chlorophyta-Mamiellophyceae-Mamiellales-Mamiellaceae-Micromonas_pusilla_XP_003055124.1                                            5.31%    passed     85.23%
  56  Eukaryota-Chlorophyta-Mamiellophyceae-Mamiellales-Mamiellaceae-Micromonas_sp_MMETSP1084_c11949_g1_i1.p2                                     4.08%    passed     84.49%
  57  Eukaryota-Chlorophyta-NA-NA-NA-Chlamydomonascf_sp_MMETSP1180_c1284_g1_i1.p1                                                                 4.08%    passed     99.40%
  58  Eukaryota-Chlorophyta-NA-NA-NA-Crustomastix_stigmata_MMETSP0803_c23039_g1_i1.p2                                                             4.08%    passed     98.90%
  59  Eukaryota-Chlorophyta-NA-NA-NA-Mantoniella_antarctica_MMETSP1106_c32136_g1_i1.p1                                                            4.08%    passed     54.98%
  60  Eukaryota-Chlorophyta-NA-NA-NA-Picochlorum_oklahomensis_MMETSP1161_c2801_g1_i1.p1                                                           4.08%    passed     99.96%
  61  Eukaryota-Chlorophyta-NA-NA-NA-Prasinococcus_capsulatus_MMETSP0941_c2899_g1_i1.p1                                                           4.08%    passed     99.94%
  62  Eukaryota-Chlorophyta-NA-NA-NA-Tetraselmis_chuii_MMETSP0491_c4742_g1_i1.p1                                                                  4.08%    passed     89.63%
  63  Eukaryota-Chlorophyta-Trebouxiophyceae-Chlorellales-Chlorellaceae-Auxenochlorella_protothecoides_XP_011400686.1                             4.08%    passed     99.40%
  64  Eukaryota-Chlorophyta-Trebouxiophyceae-Chlorellales-Chlorellaceae-Chlorella_NC64A_jgi48281                                                  4.08%    passed     99.44%
  65  Eukaryota-Chlorophyta-Trebouxiophyceae-NA-NA-Coccomyxa_subellipsoida_jgi66871                                                               4.08%    passed     99.77%
  66  Eukaryota-Choanoflagellata-Choanoflagellata-Choanoflagellata-NA-Acanthoeca_sp_MMETSP0105_c11054_g1_i1.p1                                    4.08%    passed     96.39%
  67  Eukaryota-Choanoflagellata-Choanoflagellata-Choanoflagellata-Salpingoecidae-Monosiga_brevicollis_XP_001750260.1                             4.08%    passed     99.57%
  68  Eukaryota-Choanoflagellata-Choanoflagellata-Choanoflagellata-Salpingoecidae-Salpingoeca_rosetta_XP_004992362.1                              4.08%    passed     98.03%
  69  Eukaryota-Chordata-Actinopteri-Carangiformes-Carangidae-Seriola_lalandi_XP_023253323.1                                                      4.08%    passed     99.79%
  70  Eukaryota-Chordata-Ascidiacea-Enterogona-Cionidae-Ciona_intestinalis_XP_026690632.1                                                         4.08%    passed     99.85%
  71  Eukaryota-Chordata-Aves-Falconiformes-Falconidae-Falco_cherrug_XP_027661282.1                                                               3.67%    passed     89.66%
  72  Eukaryota-Chordata-NA-NA-Branchiostomidae-Branchiostoma_floridae_XP_002613682.1                                                             4.08%    passed     99.91%
  73  Eukaryota-Chromeraceae-NA-NA-NA-Chromera_velia_MMETSP0290_c925_g1_i1.p1                                                                     3.67%    passed     91.11%
  74  Eukaryota-Chromeraceae-NA-NA-NA-Vitrella_brassicaformis_MMETSP1451_c1973_g1_i1.p1                                                           4.08%    passed     65.37%
  75  Eukaryota-Chytridiomycota-Chytridiomycetes-Rhizophydiales-NA-Batrachochytrium_dendrobatidis_jgi36383                                        4.08%    passed     96.00%
  76  Eukaryota-Chytridiomycota-Chytridiomycetes-Spizellomycetales-Spizellomycetaceae-Spizellomyces_punctatus_XP_016612970.1                      4.08%    passed     97.90%
  77  Eukaryota-Ciliophora-NA-Unranked-NA-Euplotes_focardii_MMETSP0206_TR7394-c0_g1_i1.p1                                                         4.08%    passed     99.07%
  78  Eukaryota-Ciliophora-NA-Unranked-NA-Favella_ehrenbergii_MMETSP0123_c2467_g1_i1.p1                                                           4.08%    passed     99.96%
  79  Eukaryota-Ciliophora-NA-Unranked-NA-Pseudokeronopsis_sp_MMETSP1396_c11929_g1_i1.p1                                                          4.08%    passed     99.70%
  80  Eukaryota-Ciliophora-NA-Unranked-NA-Strombidinopsis_acuminatum_MMETSP0126_c9475_g1_i1.p1                                                    4.08%    passed     82.66%
  81  Eukaryota-Ciliophora-NA-Unranked-NA-Strombidium_rassoulzadegani_MMETSP0449_c11484_g1_i1.p1                                                  5.31%    passed     87.39%
  82  Eukaryota-Ciliophora-NA-Unranked-NA-Tiarina_fusus_MMETSP0472_c112587_g1_i1.p1                                                               4.08%    passed     99.27%
  83  Eukaryota-Ciliophora-NA-Unranked-NA-Tiarina_fusus_MMETSP0472_c78805_g1_i1.p1                                                                4.49%    passed    100.00%
  84  Eukaryota-Cnidaria-Anthozoa-Actiniaria-Edwardsiidae-Nematostella_vectensis_XP_001635774.1                                                   4.08%    passed     89.48%
  85  Eukaryota-Cnidaria-Anthozoa-Alcyonacea-Nephtheidae-Dendronephthya_gigantea_XP_028408343.1                                                   3.67%    passed     92.47%
  86  Eukaryota-Cnidaria-Anthozoa-Scleractinia-Acroporidae-Acropora_millepora_XP_029212857.1                                                      4.08%    passed     85.44%
  87  Eukaryota-Cnidaria-Anthozoa-Scleractinia-Pocilloporidae-Pocillopora_damicornis_XP_027045118.1                                               3.67%    passed     67.00%
  88  Eukaryota-Cryptophyta-NA-Cryptomonadales-Hemiselmidaceae-Hemiselmis_rufescens_MMETSP1357_c6552_g1_i1.p1                                     4.08%    passed     99.81%
  89  Eukaryota-Cryptophyta-NA-Goniomondales-NA-Goniomonas_pacifica_MMETSP0108_c42191_g1_i1.p2                                                    4.08%    passed    100.00%
  90  Eukaryota-Cryptophyta-NA-Pyrenomonadales-Geminigeraceae-Guillardia_theta_CCMP2712_jgi144908                                                 4.08%    passed     90.44%
  91  Eukaryota-Cryptophyta-NA-Pyrenomonadales-Pyrenomonadaceae-Rhodomonas_abbreviata_MMETSP1101_c3614_g1_i1.p1                                   4.08%    passed     95.42%
  92  Eukaryota-Dictyosteliales-Dictyosteliales-Dictyosteliales-Dictyosteliaceae-Dictyostelium_purpureum_jgi40939                                 4.08%    passed     98.26%
  93  Eukaryota-Echinodermata-Asteroidea-Valvatida-Acanthasteridae-Acanthaster_planci_XP_022101340.1                                              4.08%    passed     98.16%
  94  Eukaryota-Echinodermata-Echinoidea-Echinoida-Strongylocentrotidae-Strongylocentrotus_purpuratus_XP_011673252.1                              3.67%    passed     89.73%
  95  Eukaryota-Euglenida-NA-Eutreptiales-NA-Eutreptiella_gymnastica_MMETSP0039_c73054_g1_i1.p1                                                   4.08%    passed     96.18%
  96  Eukaryota-Euglenida-NA-NA-Unranked-Neobodo_designis_MMETSP1114_c9107_g1_i1.p1                                                               3.27%    passed     51.45%
  97  Eukaryota-Glaucophyta-Glaucophyta-Gloeochaetales-Gloeochaetaceae-Gloeochaete_witrockiana_MMETSP0308_c24140_g1_i1.p1                         4.08%    passed     99.16%
  98  Eukaryota-Glaucophyta-Glaucophyta-NA-Cyanophoraceae-Cyanophora_paradoxa_tig00000498_g1584.t1                                                4.08%    passed     99.74%
  99  Eukaryota-Glaucophyta-Glaucophyta-NA-NA-Cyanoptyche_gloeocystis_MMETSP1086_c1435_g1_i1.p1                                                   4.08%    passed     80.28%
 100  Eukaryota-Haptophyta-NA-Isochrysidales-Noelaerhabdaceae-Emiliania_huxleyi_MMETSP1008_c2838_g1_i1.p1                                        16.33%    passed     95.94%
 101  Eukaryota-Haptophyta-NA-Pavlovales-Pavlovaceae-Pavlova_sp_MMETSP1381_TR4415-c0_g1_i1.p1                                                     3.27%    passed     92.74%
 102  Eukaryota-Haptophyta-NA-Phaeocystales-Phaeocystaceae-Phaeocystis_cordata_MMETSP1465_c3440_g1_i1.p1                                          4.08%    passed     87.24%
 103  Eukaryota-Haptophyta-NA-Prymnesiales-NA-Chrysochromulina_brevifilum_MMETSP1094_c27465_g1_i1.p1                                             63.67%    passed      6.30%
 104  Eukaryota-Haptophyta-NA-Prymnesiales-NA-Coccolithus_pelagicussspbraarudi_MMETSP0164_c4652_g1_i2.p1                                          4.08%    passed     99.81%
 105  Eukaryota-Haptophyta-NA-Prymnesiales-NA-Isochrysis_galbana_MMETSP0943_c20341_g1_i1.p1                                                       4.08%    passed     99.95%
 106  Eukaryota-Haptophyta-NA-Prymnesiales-NA-Isochrysis_sp_MMETSP1132_c3183_g1_i1.p1                                                             4.08%    passed     99.96%
 107  Eukaryota-Haptophyta-NA-Prymnesiales-NA-Prymnesium_parvum_MMETSP0006_c31132_g1_i1.p2                                                        4.08%    passed     89.68%
 108  Eukaryota-Haptophyta-NA-Unranked-NA-Scyphosphaera_apsteinii_MMETSP1333_c9776_g1_i1.p1                                                       4.08%    passed     98.77%
 109  Eukaryota-Hemichordata-Enteropneusta-NA-Harrimaniidae-Saccoglossus_kowalevskii_XP_006824957.1                                               4.08%    passed     94.61%
 110  Eukaryota-Heterolobosea-NA-NA-NA-Percolomonas_cosmopolitus_MMETSP0759_c3180_g1_i1.p1                                                        3.67%    passed     92.53%
 111  Eukaryota-Heterolobosea-NA-NA-Vahlkampfiidae-Naegleria_gruberi_jgi58850                                                                     4.08%    passed     97.47%
 112  Eukaryota-Kinetoplastida-Kinetoplastida-Kinetoplastida-Trypanosomatidae-Leishmania_major_XP_001686464.1                                     3.67%    passed     14.91%
 113  Eukaryota-Kinetoplastida-Kinetoplastida-Kinetoplastida-Trypanosomatidae-Leptomonas_pyrrhocoris_XP_015661534.1                               4.90%    passed     99.70%
 114  Eukaryota-Kinetoplastida-Kinetoplastida-Kinetoplastida-Trypanosomatidae-Trypanosoma_cruzi_XP_807281.1                                       4.90%    passed     45.78%
 115  Eukaryota-Mesomycetozoea-Ichthyosporea-Ichthyophonida-NA-Sphaeroforma_arctica_XP_014148730.1                                                4.08%    passed     99.94%
 116  Eukaryota-Mesomycetozoea-Ichthyosporea-NA-NA-Capsaspora_owczarzaki_XP_011270845.1                                                           4.08%    passed     41.31%
 117  Eukaryota-Mollusca-Cephalopoda-Octopoda-Octopodidae-Octopus_bimaculoides_XP_014784458.1                                                     4.08%    passed     97.15%
 118  Eukaryota-Mollusca-Gastropoda-Aplysiida-Aplysiidae-Aplysia_californica_XP_005112499.1                                                       4.08%    passed     96.60%
 119  Eukaryota-Mollusca-Gastropoda-Architaenioglossa-Ampullariidae-Pomacea_canaliculata_XP_025076810.1                                           4.08%    passed     87.03%
 120  Eukaryota-Mollusca-Gastropoda-NA-Lottiidae-Lottia_gigantea_jgi210552                                                                        4.08%    passed     98.67%
 121  Eukaryota-Mucorales-Mucoraceae-Undefined-Undefined-Mucor_circinelloides_jgi50100                                                            2.86%    passed     95.63%
 122  Eukaryota-Mucoromycota-Mucoromycetes-Mucorales-Phycomycetaceae-Phycomyces_blakesleeanus_jgi31375                                            2.86%    passed     98.11%
 123  Eukaryota-Mucoromycota-Mucoromycetes-Mucorales-Rhizopodaceae-Rhizopus_microsporus_XP_023462507.1                                            2.86%    passed     93.49%
 124  Eukaryota-Nematoda-Chromadorea-Rhabditida-Onchocercidae-Brugia_malayi_XP_001893241.1                                                       27.35%    passed     42.00%
 125  Eukaryota-Nematoda-Chromadorea-Rhabditida-Onchocercidae-Loa_loa_XP_020301957.1                                                              4.08%    passed     32.67%
 126  Eukaryota-Nematoda-Chromadorea-Rhabditida-Strongyloididae-Strongyloides_ratti_XP_024502099.1                                                4.08%    passed     57.47%
 127  Eukaryota-Nematoda-Enoplea-Trichinellida-Trichinellidae-Trichinella_spiralis_XP_003379225.1                                                 4.08%    passed     65.06%
 128  Eukaryota-Perkinsozoa-NA-Perkinsida-Perkinsidae-Perkinsus_marinus_XP_002767188.1                                                           52.24%    passed     70.84%
 129  Eukaryota-Placozoa-NA-NA-Trichoplacidae-Trichoplax_adhaerens_XP_002114485.1                                                                 4.08%    passed     94.45%
 130  Eukaryota-Platyhelminthes-Trematoda-Opisthorchiida-Opisthorchiidae-Opisthorchis_viverrini_XP_009178021.1                                   51.02%    failed      3.86%
 131  Eukaryota-Platyhelminthes-Trematoda-Strigeidida-Schistosomatidae-Schistosoma_mansoni_XP_018648837.1                                         3.67%    passed      9.86%
 132  Eukaryota-Porifera-Demospongiae-Haplosclerida-Niphatidae-Amphimedon_queenslandica_jgiAqu1214836                                             4.08%    passed     99.52%
 133  Eukaryota-Priapulida-Priapulimorpha-Priapulimorphida-Priapulidae-Priapulus_caudatus_XP_014672337.1                                         22.86%    passed     94.47%
 134  Eukaryota-Retaria-NA-NA-NA-Ammonia_sp_MMETSP1384_c19426_g1_i1.p1                                                                            4.08%    passed     83.00%
 135  Eukaryota-Retaria-NA-NA-NA-Elphidium_margaritaceum_MMETSP1385_c16777_g1_i1.p1                                                               4.08%    passed     98.50%
 136  Eukaryota-Retaria-NA-NA-NA-Rosalina_sp_MMETSP0190_c6960_g1_i1.p1                                                                            4.08%    passed     22.56%
 137  Eukaryota-Retaria-NA-NA-NA-Sorites_sp_MMETSP0191_c75331_g1_i1.p1                                                                            3.67%    passed     44.59%
 138  Eukaryota-Rhodophyta-Bangiophyceae-Bangiales-Bangiaceae-Porphyra_umbilicalis_Poumb0499s0011.1                                               4.08%    passed     35.40%
 139  Eukaryota-Rhodophyta-Bangiophyceae-Cyanidiales-Cyanidiaceae-Cyanidioschyzon_merolae_XP_005536452.1                                          3.27%    passed     46.73%
 140  Eukaryota-Rhodophyta-Bangiophyceae-Cyanidiales-Cyanidiaceae-Galdieria_sulphuraria_Gsulp5572_G2394.1                                         4.08%    passed     99.97%
 141  Eukaryota-Rhodophyta-Bangiophyceae-Cyanidiales-Cyanidiaceae-Galdieria_sulphuraria_GsulpRT22_G4586.1                                         4.08%    passed     99.98%
 142  Eukaryota-Rhodophyta-Florideophyceae-Gracilariales-Gracilariaceae-Gracilariopsis_chorda_PXF46283.1                                          4.08%    passed     99.22%
 143  Eukaryota-Stramenopiles-Bacillariophyceae-NA-Entomoneidaceae-Entomoneis_sp_MMETSP1443_c583_g1_i1.p1                                         4.08%    passed     94.21%
 144  Eukaryota-Stramenopiles-Chrysophyceae-Chromulinales-Chromulinaceae-Ochromonas_sp_MMETSP1105_TR21167-c0_g1_i1.p1                            31.02%    passed     93.26%
 145  Eukaryota-Stramenopiles-Coscinodiscophyceae-Coscinodiscales-Coscinodiscaceae-Coscinodiscus_wailesii_MMETSP1066_c43002_g1_i1.p1              4.08%    passed    100.00%
 146  Eukaryota-Stramenopiles-Coscinodiscophyceae-Leptocylindrales-Leptocylindraceae-Leptocylindrus_danicusvar.apora_MMETSP0322_c4646_g1_i1.p1    4.08%    passed     99.98%
 147  Eukaryota-Stramenopiles-Dictyochophyceae-Pedinellales-NA-Pseudopedinella_elastica_MMETSP1068_c3307_g1_i1.p1                                 4.08%    passed     96.75%
 148  Eukaryota-Stramenopiles-Eustigmatophyceae-Eustigmatales-Monodopsidaceae-Nannochloropsis_gaditana_XP_005854703.1                             4.08%    passed     99.99%
 149  Eukaryota-Stramenopiles-Labyrinthulomycetes-Unranked-Unranked-Aurantiochytrium_limacinum_jgi136746                                         10.20%    passed     53.78%
 150  Eukaryota-Stramenopiles-NA-Bicosoecida-Cafeteriaceae-Cafeteria_sp_MMETSP1104_c1465_g1_i1.p2                                                 4.08%    passed     98.14%
 151  Eukaryota-Stramenopiles-NA-NA-NA-Amphiprora_paludosa_MMETSP1065_c9001_g1_i1.p1                                                              4.08%    passed     99.57%
 152  Eukaryota-Stramenopiles-NA-NA-NA-Bolidomonas_pacifica_MMETSP0785_c13107_g1_i1.p1                                                            4.08%    passed     99.96%
 153  Eukaryota-Stramenopiles-NA-NA-NA-Corethron_pennatum_MMETSP0169_c4153_g1_i1.p1                                                              55.10%    passed     10.83%
 154  Eukaryota-Stramenopiles-NA-NA-NA-Dinobryon_sp_MMETSP0019_c3693_g2_i1.p2                                                                     4.08%    passed     99.83%
 155  Eukaryota-Stramenopiles-NA-NA-NA-Paraphysomonas_imperforata_MMETSP0103_c25879_g1_i1.p1                                                      4.08%    passed    100.00%
 156  Eukaryota-Stramenopiles-Oomycetes-Peronosporales-Peronosporaceae-Plasmopara_halstedii_XP_024577264.1                                        4.08%    passed     83.91%
 157  Eukaryota-Stramenopiles-Oomycetes-Saprolegniales-Saprolegniaceae-Aphanomyces_invadans_XP_008863255.1                                        4.49%    failed      0.02%
 158  Eukaryota-Streptophyta-Bryopsida-Funariales-Funariaceae-Physcomitrella_patens_XP_024372270.1                                                4.08%    passed     99.96%
 159  Eukaryota-Streptophyta-Liliopsida-Poales-Poaceae-Aegilops_tauschii_XP_020187467.1                                                           4.08%    passed     99.76%
 160  Eukaryota-Streptophyta-Liliopsida-Poales-Poaceae-Brachypodium_distachyon_XP_014751391.1                                                     4.08%    passed     99.85%
 161  Eukaryota-Streptophyta-Liliopsida-Poales-Poaceae-Oryza_sativa_XP_015633952.1                                                                4.08%    passed     99.99%
 162  Eukaryota-Streptophyta-Liliopsida-Poales-Poaceae-Sorghum_bicolor_XP_002448192.1                                                             4.08%    passed     99.92%
 163  Eukaryota-Streptophyta-Liliopsida-Poales-Poaceae-Zea_mays_XP_008669159.1                                                                    4.08%    passed     99.94%
 164  Eukaryota-Streptophyta-Lycopodiopsida-Selaginellales-Selaginellaceae-Selaginella_moellendorffii_XP_024524061.1                              4.08%    passed     99.76%
 165  Eukaryota-Streptophyta-NA-Asterales-Asteraceae-Helianthus_annuus_XP_021973131.1                                                             4.08%    passed     99.61%
 166  Eukaryota-Streptophyta-NA-Cucurbitales-Cucurbitaceae-Cucumis_melo_XP_008442687.1                                                            4.08%    passed     94.45%
 167  Eukaryota-Streptophyta-NA-Cucurbitales-Cucurbitaceae-Cucurbita_pepo_XP_023527232.1                                                          4.08%    passed     97.52%
 168  Eukaryota-Streptophyta-NA-Fagales-Juglandaceae-Juglans_regia_XP_018844827.1                                                                 4.08%    passed     97.11%
 169  Eukaryota-Streptophyta-NA-Rosales-Cannabaceae-Cannabis_sativa_XP_030488611.1                                                                4.08%    passed     99.72%
 170  MSTRG.18860.1.p1                                                                                                                            6.12%    failed      0.00%
 171  MSTRG.24012.1.p1                                                                                                                           72.24%    passed     15.99%
 172  NA-NA-NA-NA-NA-NA_XP_022446656.1                                                                                                            8.57%    passed     92.29%
 173  Paulinella_chromatophora_CCAC0185_nuclear___scaffold4661-m43287                                                                             4.08%    passed     89.16%
 174  Paulinella_chromatophora_CCAC0185_nuclear___scaffold5116-m46151                                                                             4.08%    passed     87.86%
 175  Paulinella_chromatophora_CCAC0185_nuclear___scaffold5342-m47560                                                                             4.08%    passed     89.16%
 176  Paulinella_ovalis_nuclear_SingleCell___SAG2_utg7180000003556.g1758.t1                                                                      22.86%    passed     98.83%
WARNING: 7 sequences contain more than 50% gaps/ambiguity
****  TOTAL                                                                                                                                       7.79%  11 sequences failed composition chi2 test (p-value<5%; df=19)
NOTE: Eukaryota-Chromeraceae-NA-NA-NA-Vitrella_brassicaformis_MMETSP1451_c1973_g1_i1.p1 is identical to Eukaryota-Apicomplexa-NA-Unranked-NA-Alveolata_sp_MMETSP0288_c31624_g1_i1.p1 but kept for subsequent analysis
NOTE: Eukaryota-Haptophyta-NA-Prymnesiales-NA-Isochrysis_sp_MMETSP1132_c3183_g1_i1.p1 is identical to Eukaryota-Ciliophora-NA-Unranked-NA-Favella_ehrenbergii_MMETSP0123_c2467_g1_i1.p1 but kept for subsequent analysis
NOTE: Paulinella_chromatophora_CCAC0185_nuclear___scaffold5342-m47560 is identical to Paulinella_chromatophora_CCAC0185_nuclear___scaffold4661-m43287 but kept for subsequent analysis


Create initial parsimony tree by phylogenetic likelihood library (PLL)... 0.049 seconds
NOTE: ModelFinder requires 73 MB RAM!
ModelFinder will test 546 protein models (sample size: 245) ...
 No. Model         -LnL         df  AIC          AICc         BIC
Measuring multi-threading efficiency up to 4 CPU cores
Increase to 10 rounds for branch lengths
5 trees examined
Threads: 1 / Time: 4.057 sec / Speedup: 1.000 / Efficiency: 100% / LogL: -58808
Threads: 2 / Time: 2.785 sec / Speedup: 1.457 / Efficiency: 73% / LogL: -58808
Threads: 3 / Time: 3.190 sec / Speedup: 1.272 / Efficiency: 42% / LogL: -58808
BEST NUMBER OF THREADS: 2

  1  Dayhoff       43296.345    349 87290.691    331590.691   88512.630
  2  Dayhoff+I     42904.112    350 86508.224    332208.224   87733.664
  3  Dayhoff+G4    40709.007    350 82118.015    327818.015   83343.455
  4  Dayhoff+I+G4  40692.619    351 82087.238    329191.238   83316.179
  5  Dayhoff+R2    41275.512    351 83253.024    330357.024   84481.965
  6  Dayhoff+R3    40825.406    353 82356.811    332280.811   83592.755
  7  Dayhoff+R4    40691.941    355 82093.882    334853.882   83336.829
  8  Dayhoff+R5    40618.487    357 81950.975    337562.975   83200.924
  9  Dayhoff+R6    40587.018    359 81892.036    340372.036   83148.987
 10  Dayhoff+R7    40577.942    361 81877.884    343241.884   83141.838
 11  Dayhoff+R8    40571.401    363 81868.802    346132.802   83139.758
 12  Dayhoff+R9    40565.827    365 81861.655    349041.655   83139.614
 13  Dayhoff+R10   40561.755    367 81857.510    351969.510   83142.472
 14  Dayhoff+F     43311.469    368 87358.939    358942.939   88647.402
 15  Dayhoff+F+I   42930.038    369 86598.077    359658.077   87890.041
 16  Dayhoff+F+G4  40714.906    369 82167.813    355227.813   83459.777
 17  Dayhoff+F+I+G4 40673.494    370 82086.987    356626.987   83382.453
 18  Dayhoff+F+R2  41295.476    370 83330.951    357870.951   84626.417
 19  Dayhoff+F+R3  40841.837    372 82427.674    359939.674   83730.142
 20  Dayhoff+F+R4  40676.185    374 82100.370    362600.370   83409.841
 21  Dayhoff+F+R5  40611.170    376 81974.339    365478.339   83290.813
 22  Dayhoff+F+R6  40587.922    378 81931.843    368455.843   83255.319
 23  Dayhoff+F+R7  40581.379    380 81922.758    371482.758   83253.236
 24  Dayhoff+F+R8  40576.489    382 81916.978    374528.978   83254.459
 27  mtMAM         48219.304    349 97136.607    341436.607   98358.547
 28  mtMAM+I       48068.622    350 96837.243    342537.243   98062.684
 29  mtMAM+G4      43739.276    350 88178.552    333878.552   89403.993
 30  mtMAM+I+G4    43723.686    351 88149.372    335253.372   89378.314
 31  mtMAM+R2      44752.312    351 90206.624    337310.624   91435.565
 32  mtMAM+R3      44017.682    353 88741.363    338665.363   89977.308
 33  mtMAM+R4      43752.815    355 88215.629    340975.629   89458.576
 34  mtMAM+R5      43646.927    357 88007.853    343619.853   89257.802
 35  mtMAM+R6      43626.633    359 87971.266    346451.266   89228.218
 36  mtMAM+R7      43618.941    361 87959.883    349323.883   89223.837
 37  mtMAM+R8      43612.581    363 87951.161    352215.161   89222.118
 38  mtMAM+R9      43589.861    365 87909.721    355089.721   89187.680
 39  mtMAM+R10     43583.149    367 87900.298    358012.298   89185.260
 40  mtMAM+F       46103.299    368 92942.598    364526.598   94231.061
 41  mtMAM+F+I     45873.287    369 92484.575    365544.575   93776.539
 42  mtMAM+F+G4    42161.508    369 85061.016    358121.016   86352.980
 43  mtMAM+F+I+G4  42140.663    370 85021.327    359561.327   86316.792
 44  mtMAM+F+R2    43072.245    370 86884.491    361424.491   88179.956
 45  mtMAM+F+R3    42354.677    372 85453.353    362965.353   86755.821
 46  mtMAM+F+R4    42175.363    374 85098.726    365598.726   86408.197
 47  mtMAM+F+R5    42061.322    376 84874.645    368378.645   86191.118
 48  mtMAM+F+R6    42050.448    378 84856.896    371380.896   86180.372
 49  mtMAM+F+R7    42041.016    380 84842.032    374402.032   86172.511
 50  mtMAM+F+R8    42032.416    382 84828.832    377440.832   86166.313
 51  mtMAM+F+R9    42012.627    384 84793.253    380473.253   86137.736
 52  mtMAM+F+R10   42005.200    386 84782.400    383546.400   86133.886
 53  JTT           43097.249    349 86892.498    331192.498   88114.437
 54  JTT+I         42760.371    350 86220.743    331920.743   87446.183
 55  JTT+G4        40599.610    350 81899.221    327599.221   83124.661
 56  JTT+I+G4      40542.824    351 81787.649    328891.649   83016.590
 57  JTT+R2        41144.087    351 82990.175    330094.175   84219.116
 58  JTT+R3        40695.347    353 82096.695    332020.695   83332.639
 59  JTT+R4        40564.646    355 81839.291    334599.291   83082.238
 60  JTT+R5        40489.593    357 81693.185    337305.185   82943.134
 61  JTT+R6        40479.647    359 81677.294    340157.294   82934.245
 62  JTT+R7        40477.042    361 81676.084    343040.084   82940.039
 66  JTT+F         43034.695    368 86805.389    358389.389   88093.852
 67  JTT+F+I       42710.289    369 86158.579    359218.579   87450.543
 68  JTT+F+G4      40414.811    369 81567.621    354627.621   82859.586
 69  JTT+F+I+G4    40371.444    370 81482.888    356022.888   82778.354
 70  JTT+F+R2      41025.444    370 82790.888    357330.888   84086.354
 71  JTT+F+R3      40548.565    372 81841.131    359353.131   83143.599
 72  JTT+F+R4      40387.839    374 81523.679    362023.679   82833.149
 73  JTT+F+R5      40326.157    376 81404.314    364908.314   82720.787
 74  JTT+F+R6      40315.031    378 81386.062    367910.062   82709.537
 75  JTT+F+R7      40313.196    380 81386.392    370946.392   82716.870
 79  WAG           42186.375    349 85070.751    329370.751   86292.690
 80  WAG+I         41890.444    350 84480.889    330180.889   85706.329
 81  WAG+G4        40055.873    350 80811.745    326511.745   82037.186
 82  WAG+I+G4      40035.995    351 80773.990    327877.990   82002.932
 83  WAG+R2        40524.448    351 81750.896    328854.896   82979.837
 84  WAG+R3        40150.970    353 81007.940    330931.940   82243.884
 85  WAG+R4        40018.267    355 80746.533    333506.533   81989.480
 86  WAG+R5        39957.410    357 80628.820    336240.820   81878.769
 87  WAG+R6        39948.869    359 80615.737    339095.737   81872.689
 88  WAG+R7        39948.606    361 80619.212    341983.212   81883.167
 92  WAG+F         42062.072    368 84860.144    356444.144   86148.607
 93  WAG+F+I       41777.277    369 84292.554    357352.554   85584.518
 94  WAG+F+G4      39912.408    369 80562.817    353622.817   81854.781
 95  WAG+F+I+G4    39886.849    370 80513.698    355053.698   81809.163
 96  WAG+F+R2      40401.115    370 81542.230    356082.230   82837.695
 97  WAG+F+R3      40012.179    372 80768.357    358280.357   82070.825
 98  WAG+F+R4      39880.188    374 80508.375    361008.375   81817.846
 99  WAG+F+R5      39822.900    376 80397.799    363901.799   81714.272
100  WAG+F+R6      39812.929    378 80381.859    366905.859   81705.334
101  WAG+F+R7      39812.868    380 80385.737    369945.737   81716.215
105  cpREV         42671.566    349 86041.131    330341.131   87263.070
106  cpREV+I       42388.154    350 85476.308    331176.308   86701.749
107  cpREV+G4      40543.646    350 81787.292    327487.292   83012.733
108  cpREV+I+G4    40527.961    351 81757.921    328861.921   82986.863
109  cpREV+R2      41018.801    351 82739.601    329843.601   83968.543
110  cpREV+R3      40642.220    353 81990.441    331914.441   83226.385
111  cpREV+R4      40508.644    355 81727.288    334487.288   82970.234
112  cpREV+R5      40465.690    357 81645.379    337257.379   82895.329
113  cpREV+R6      40447.214    359 81612.428    340092.428   82869.379
114  cpREV+R7      40447.026    361 81616.052    342980.052   82880.006
118  cpREV+F       42278.024    368 85292.048    356876.048   86580.512
119  cpREV+F+I     41977.163    369 84692.326    357752.326   85984.290
120  cpREV+F+G4    40062.248    369 80862.496    353922.496   82154.460
121  cpREV+F+I+G4  40040.809    370 80821.617    355361.617   82117.083
122  cpREV+F+R2    40546.462    370 81832.924    356372.924   83128.390
123  cpREV+F+R3    40169.713    372 81083.426    358595.426   82385.894
124  cpREV+F+R4    40029.287    374 80806.573    361306.573   82116.044
125  cpREV+F+R5    39988.685    376 80729.370    364233.370   82045.843
126  cpREV+F+R6    39960.941    378 80677.882    367201.882   82001.358
127  cpREV+F+R7    39960.712    380 80681.424    370241.424   82011.902
131  mtREV         45503.580    349 91705.161    336005.161   92927.100
132  mtREV+I       45331.034    350 91362.068    337062.068   92587.508
133  mtREV+G4      42480.652    350 85661.305    331361.305   86886.745
134  mtREV+I+G4    42467.703    351 85637.405    332741.405   86866.347
135  mtREV+R2      43164.343    351 87030.685    334134.685   88259.627
136  mtREV+R3      42624.871    353 85955.741    335879.741   87191.686
137  mtREV+R4      42475.993    355 85661.986    338421.986   86904.932
138  mtREV+R5      42409.441    357 85532.882    341144.882   86782.831
139  mtREV+R6      42353.877    359 85425.753    343905.753   86682.705
140  mtREV+R7      42353.777    361 85429.554    346793.554   86693.508
144  mtREV+F       43603.710    368 87943.420    359527.420   89231.883
145  mtREV+F+I     43363.823    369 87465.646    360525.646   88757.610
146  mtREV+F+G4    40761.396    369 82260.792    355320.792   83552.756
147  mtREV+F+I+G4  40758.393    370 82256.787    356796.787   83552.252
148  mtREV+F+R2    41469.719    370 83679.438    358219.438   84974.904
149  mtREV+F+R3    40914.212    372 82572.423    360084.423   83874.891
150  mtREV+F+R4    40770.753    374 82289.505    362789.505   83598.976
151  mtREV+F+R5    40688.666    376 82129.331    365633.331   83445.805
152  mtREV+F+R6    40655.429    378 82066.859    368590.859   83390.334
153  mtREV+F+R7    40655.293    380 82070.587    371630.587   83401.065
157  rtREV         42540.478    349 85778.955    330078.955   87000.895
158  rtREV+I       42293.836    350 85287.673    330987.673   86513.113
159  rtREV+G4      40229.752    350 81159.503    326859.503   82384.943
160  rtREV+I+G4    40220.719    351 81143.439    328247.439   82372.380
161  rtREV+R2      40721.648    351 82145.297    329249.297   83374.238
162  rtREV+R3      40311.065    353 81328.130    331252.130   82564.074
163  rtREV+R4      40217.551    355 81145.102    333905.102   82388.048
164  rtREV+R5      40122.486    357 80958.972    336570.972   82208.921
165  rtREV+R6      40110.216    359 80938.432    339418.432   82195.384
166  rtREV+R7      40110.176    361 80942.352    342306.352   82206.306
170  rtREV+F       42288.286    368 85312.571    356896.571   86601.034
171  rtREV+F+I     42056.656    369 84851.312    357911.312   86143.276
172  rtREV+F+G4    39813.958    369 80365.916    353425.916   81657.880
173  rtREV+F+I+G4  39809.969    370 80359.937    354899.937   81655.403
174  rtREV+F+R2    40343.806    370 81427.612    355967.612   82723.078
175  rtREV+F+R3    39910.030    372 80564.060    358076.060   81866.529
176  rtREV+F+R4    39803.472    374 80354.943    360854.943   81664.414
177  rtREV+F+R5    39709.686    376 80171.372    363675.372   81487.845
178  rtREV+F+R6    39689.356    378 80134.712    366658.712   81458.188
179  rtREV+F+R7    39689.349    380 80138.697    369698.697   81469.176
183  mtART         46486.175    349 93670.351    337970.351   94892.290
184  mtART+I       46319.690    350 93339.381    339039.381   94564.821
185  mtART+G4      42337.527    350 85375.054    331075.054   86600.495
186  mtART+I+G4    42325.974    351 85353.948    332457.948   86582.890
187  mtART+R2      43222.694    351 87147.388    334251.388   88376.330
188  mtART+R3      42601.492    353 85908.984    335832.984   87144.928
189  mtART+R4      42324.129    355 85358.258    338118.258   86601.205
190  mtART+R5      42259.524    357 85233.048    340845.048   86482.997
191  mtART+R6      42247.736    359 85213.473    343693.473   86470.425
192  mtART+R7      42247.700    361 85217.400    346581.400   86481.354
196  mtART+F       44573.101    368 89882.202    361466.202   91170.665
197  mtART+F+I     44335.303    369 89408.606    362468.606   90700.571
198  mtART+F+G4    40860.029    369 82458.058    355518.058   83750.023
199  mtART+F+I+G4  40846.133    370 82432.266    356972.266   83727.732
200  mtART+F+R2    41679.046    370 84098.092    358638.092   85393.557
201  mtART+F+R3    41084.445    372 82912.890    360424.890   84215.358
202  mtART+F+R4    40862.951    374 82473.902    362973.902   83783.373
203  mtART+F+R5    40761.952    376 82275.905    365779.905   83592.378
204  mtART+F+R6    40753.228    378 82262.456    368786.456   83585.932
205  mtART+F+R7    40753.227    380 82266.455    371826.455   83596.933
209  mtZOA         45054.825    349 90807.650    335107.650   92029.589
210  mtZOA+I       44864.468    350 90428.937    336128.937   91654.377
211  mtZOA+G4      41348.207    350 83396.414    329096.414   84621.855
212  mtZOA+I+G4    41330.030    351 83362.060    330466.060   84591.001
213  mtZOA+R2      42115.179    351 84932.359    332036.359   86161.300
214  mtZOA+R3      41552.714    353 83811.428    333735.428   85047.372
215  mtZOA+R4      41335.668    355 83381.335    336141.335   84624.282
216  mtZOA+R5      41271.438    357 83256.875    338868.875   84506.825
217  mtZOA+R6      41258.145    359 83234.291    341714.291   84491.243
218  mtZOA+R7      41258.137    361 83238.274    344602.274   84502.228
222  mtZOA+F       43790.566    368 88317.133    359901.133   89605.596
223  mtZOA+F+I     43515.842    369 87769.684    360829.684   89061.649
224  mtZOA+F+G4    40410.212    369 81558.424    354618.424   82850.388
225  mtZOA+F+I+G4  40389.966    370 81519.933    356059.933   82815.398
226  mtZOA+F+R2    41179.187    370 83098.374    357638.374   84393.840
227  mtZOA+F+R3    40598.939    372 81941.879    359453.879   83244.347
228  mtZOA+F+R4    40413.702    374 81575.403    362075.403   82884.874
229  mtZOA+F+R5    40338.275    376 81428.549    364932.549   82745.022
230  mtZOA+F+R6    40320.840    378 81397.681    367921.681   82721.156
231  mtZOA+F+R7    40320.700    380 81401.400    370961.400   82731.878
235  VT            42414.014    349 85526.028    329826.028   86747.967
236  VT+I          42121.114    350 84942.229    330642.229   86167.669
237  VT+G4         40262.872    350 81225.745    326925.745   82451.185
238  VT+I+G4       40251.421    351 81204.842    328308.842   82433.784
239  VT+R2         40742.122    351 82186.244    329290.244   83415.185
240  VT+R3         40348.168    353 81402.337    331326.337   82638.281
241  VT+R4         40235.648    355 81181.296    333941.296   82424.242
242  VT+R5         40161.077    357 81036.155    336648.155   82286.104
243  VT+R6         40156.887    359 81031.775    339511.775   82288.726
248  VT+F          42274.333    368 85284.665    356868.665   86573.129
249  VT+F+I        41990.331    369 84718.662    357778.662   86010.626
250  VT+F+G4       40065.103    369 80868.205    353928.205   82160.169
251  VT+F+I+G4     40038.567    370 80817.134    355357.134   82112.599
252  VT+F+R2       40576.593    370 81893.187    356433.187   83188.653
253  VT+F+R3       40158.266    372 81060.531    358572.531   82362.999
254  VT+F+R4       40039.655    374 80827.310    361327.310   82136.781
255  VT+F+R5       39970.232    376 80692.465    364196.465   82008.938
256  VT+F+R6       39959.328    378 80674.655    367198.655   81998.131
257  VT+F+R7       39959.226    380 80678.452    370238.452   82008.930
261  LG            42222.679    349 85143.359    329443.359   86365.298
262  LG+I          41946.077    350 84592.155    330292.155   85817.595
263  LG+G4         39815.239    350 80330.478    326030.478   81555.918
264  LG+I+G4       39786.079    351 80274.157    327378.157   81503.099
265  LG+R2         40346.475    351 81394.950    328498.950   82623.892
266  LG+R3         39908.654    353 80523.307    330447.307   81759.252
267  LG+R4         39793.453    355 80296.906    333056.906   81539.853
268  LG+R5         39708.943    357 80131.886    335743.886   81381.835
269  LG+R6         39702.653    359 80123.306    338603.306   81380.258
270  LG+R7         39702.578    361 80127.155    341491.155   81391.109
274  LG+F          42211.790    368 85159.581    356743.581   86448.044
275  LG+F+I        41943.362    369 84624.724    357684.724   85916.688
276  LG+F+G4       39662.014    369 80062.028    353122.028   81353.993
277  LG+F+I+G4     39641.623    370 80023.247    354563.247   81318.712
278  LG+F+R2       40231.487    370 81202.975    355742.975   82498.440
279  LG+F+R3       39765.158    372 80274.317    357786.317   81576.785
280  LG+F+R4       39646.434    374 80040.869    360540.869   81350.339
281  LG+F+R5       39570.827    376 79893.654    363397.654   81210.127
282  LG+F+R6       39551.997    378 79859.994    366383.994   81183.470
283  LG+F+R7       39551.795    380 79863.591    369423.591   81194.069
287  DCMut         43293.049    349 87284.097    331584.097   88506.036
288  DCMut+I       42901.213    350 86502.426    332202.426   87727.866
289  DCMut+G4      40709.958    350 82119.917    327819.917   83345.357
290  DCMut+I+G4    40693.624    351 82089.248    329193.248   83318.190
291  DCMut+R2      41275.784    351 83253.567    330357.567   84482.509
292  DCMut+R3      40826.075    353 82358.151    332282.151   83594.095
293  DCMut+R4      40670.352    355 82050.704    334810.704   83293.651
294  DCMut+R5      40590.968    357 81895.937    337507.937   83145.886
295  DCMut+R6      40563.621    359 81845.243    340325.243   83102.195
296  DCMut+R7      40563.489    361 81848.977    343212.977   83112.931
300  DCMut+F       43307.921    368 87351.841    358935.841   88640.304
301  DCMut+F+I     42926.920    369 86591.840    359651.840   87883.805
302  DCMut+F+G4    40714.776    369 82167.552    355227.552   83459.516
303  DCMut+F+I+G4  40673.474    370 82086.947    356626.947   83382.413
304  DCMut+F+R2    41295.090    370 83330.181    357870.181   84625.646
305  DCMut+F+R3    40841.643    372 82427.285    359939.285   83729.753
306  DCMut+F+R4    40666.746    374 82081.492    362581.492   83390.963
307  DCMut+F+R5    40594.410    376 81940.820    365444.820   83257.293
308  DCMut+F+R6    40569.609    378 81895.217    368419.217   83218.693
309  DCMut+F+R7    40569.159    380 81898.319    371458.319   83228.797
313  PMB           42479.916    349 85657.831    329957.831   86879.770
314  PMB+I         42212.935    350 85125.870    330825.870   86351.311
315  PMB+G4        40415.514    350 81531.028    327231.028   82756.468
316  PMB+I+G4      40396.114    351 81494.229    328598.229   82723.170
317  PMB+R2        40896.708    351 82495.416    329599.416   83724.357
318  PMB+R3        40506.928    353 81719.856    331643.856   82955.800
319  PMB+R4        40386.369    355 81482.738    334242.738   82725.685
320  PMB+R5        40329.657    357 81373.314    336985.314   82623.263
321  PMB+R6        40324.305    359 81366.609    339846.609   82623.561
326  PMB+F         42446.554    368 85629.108    357213.108   86917.571
327  PMB+F+I       42176.938    369 85091.875    358151.875   86383.839
328  PMB+F+G4      40316.835    369 81371.670    354431.670   82663.634
329  PMB+F+I+G4    40297.169    370 81334.338    355874.338   82629.804
330  PMB+F+R2      40819.539    370 82379.078    356919.078   83674.544
331  PMB+F+R3      40411.897    372 81567.794    359079.794   82870.262
332  PMB+F+R4      40294.470    374 81336.940    361836.940   82646.410
333  PMB+F+R5      40234.632    376 81221.263    364725.263   82537.736
334  PMB+F+R6      40224.716    378 81205.432    367729.432   82528.908
335  PMB+F+R7      40224.242    380 81208.485    370768.485   82538.963
339  HIVb          45175.343    349 91048.687    335348.687   92270.626
340  HIVb+I        44775.154    350 90250.308    335950.308   91475.748
341  HIVb+G4       42225.916    350 85151.833    330851.833   86377.273
342  HIVb+I+G4     42200.695    351 85103.391    332207.391   86332.332
343  HIVb+R2       42934.418    351 86570.835    333674.835   87799.777
344  HIVb+R3       42386.778    353 85479.556    335403.556   86715.500
345  HIVb+R4       42199.492    355 85108.983    337868.983   86351.930
346  HIVb+R5       42137.295    357 84988.591    340600.591   86238.540
347  HIVb+R6       42112.573    359 84943.145    343423.145   86200.097
348  HIVb+R7       42109.206    361 84940.412    346304.412   86204.366
352  HIVb+F        44928.502    368 90593.005    362177.005   91881.468
353  HIVb+F+I      44552.628    369 89843.257    362903.257   91135.221
354  HIVb+F+G4     41738.516    369 84215.032    357275.032   85506.996
355  HIVb+F+I+G4   41701.952    370 84143.904    358683.904   85439.369
356  HIVb+F+R2     42508.697    370 85757.394    360297.394   87052.860
357  HIVb+F+R3     41923.738    372 84591.477    362103.477   85893.945
358  HIVb+F+R4     41719.014    374 84186.028    364686.028   85495.499
359  HIVb+F+R5     41650.859    376 84053.717    367557.717   85370.190
360  HIVb+F+R6     41637.510    378 84031.020    370555.020   85354.495
361  HIVb+F+R7     41633.991    380 84027.983    373587.983   85358.461
365  HIVw          47480.044    349 95658.089    339958.089   96880.028
366  HIVw+I        47007.723    350 94715.446    340415.446   95940.887
367  HIVw+G4       44673.300    350 90046.600    335746.600   91272.040
368  HIVw+I+G4     44615.771    351 89933.542    337037.542   91162.483
369  HIVw+R2       45305.602    351 91313.204    338417.204   92542.146
370  HIVw+R3       44795.637    353 90297.273    340221.273   91533.217
371  HIVw+R4       44632.332    355 89974.663    342734.663   91217.610
372  HIVw+R5       44553.946    357 89821.893    345433.893   91071.842
373  HIVw+R6       44536.849    359 89791.697    348271.697   91048.649
374  HIVw+R7       44534.970    361 89791.941    351155.941   91055.895
378  HIVw+F        46566.787    368 93869.574    365453.574   95158.037
379  HIVw+F+I      46149.100    369 93036.201    366096.201   94328.165
380  HIVw+F+G4     43587.012    369 87912.024    360972.024   89203.988
381  HIVw+F+I+G4   43537.757    370 87815.513    362355.513   89110.979
382  HIVw+F+R2     44233.368    370 89206.737    363746.737   90502.202
383  HIVw+F+R3     43744.368    372 88232.736    365744.736   89535.204
384  HIVw+F+R4     43555.908    374 87859.816    368359.816   89169.287
385  HIVw+F+R5     43484.852    376 87721.705    371225.705   89038.178
386  HIVw+F+R6     43465.785    378 87687.571    374211.571   89011.046
387  HIVw+F+R7     43462.664    380 87685.328    377245.328   89015.807
391  JTTDCMut      43077.132    349 86852.263    331152.263   88074.202
392  JTTDCMut+I    42741.257    350 86182.513    331882.513   87407.954
393  JTTDCMut+G4   40589.387    350 81878.775    327578.775   83104.215
394  JTTDCMut+I+G4 40533.979    351 81769.957    328873.957   82998.899
395  JTTDCMut+R2   41130.688    351 82963.377    330067.377   84192.318
396  JTTDCMut+R3   40685.899    353 82077.798    332001.798   83313.742
397  JTTDCMut+R4   40547.050    355 81804.099    334564.099   83047.046
398  JTTDCMut+R5   40462.059    357 81638.118    337250.118   82888.067
399  JTTDCMut+R6   40446.810    359 81611.619    340091.619   82868.571
400  JTTDCMut+R7   40446.710    361 81615.420    342979.420   82879.374
404  JTTDCMut+F    43016.518    368 86769.037    358353.037   88057.500
405  JTTDCMut+F+I  42693.311    369 86124.623    359184.623   87416.587
406  JTTDCMut+F+G4 40406.233    369 81550.467    354610.467   82842.431
407  JTTDCMut+F+I+G4 40363.484    370 81466.968    356006.968   82762.433
408  JTTDCMut+F+R2 41012.909    370 82765.817    357305.817   84061.283
409  JTTDCMut+F+R3 40540.625    372 81825.251    359337.251   83127.719
410  JTTDCMut+F+R4 40376.197    374 81500.394    362000.394   82809.865
411  JTTDCMut+F+R5 40308.763    376 81369.526    364873.526   82685.999
412  JTTDCMut+F+R6 40290.244    378 81336.489    367860.489   82659.964
413  JTTDCMut+F+R7 40290.207    380 81340.414    370900.414   82670.893
417  FLU           44683.290    349 90064.580    334364.580   91286.519
418  FLU+I         44323.714    350 89347.429    335047.429   90572.869
419  FLU+G4        42150.689    350 85001.379    330701.379   86226.819
420  FLU+I+G4      42127.352    351 84956.704    332060.704   86185.645
421  FLU+R2        42731.712    351 86165.423    333269.423   87394.365
422  FLU+R3        42284.405    353 85274.811    335198.811   86510.755
423  FLU+R4        42119.057    355 84948.114    337708.114   86191.060
424  FLU+R5        42065.981    357 84845.961    340457.961   86095.910
425  FLU+R6        42049.984    359 84817.969    343297.969   86074.920
426  FLU+R7        42049.860    361 84821.721    346185.721   86085.675
430  FLU+F         44179.057    368 89094.114    360678.114   90382.577
431  FLU+F+I       43855.821    369 88449.642    361509.642   89741.607
432  FLU+F+G4      41512.841    369 83763.681    356823.681   85055.646
433  FLU+F+I+G4    41487.747    370 83715.495    358255.495   85010.960
434  FLU+F+R2      42115.222    370 84970.444    359510.444   86265.910
435  FLU+F+R3      41651.204    372 84046.407    361558.407   85348.875
436  FLU+F+R4      41484.555    374 83717.111    364217.111   85026.581
437  FLU+F+R5      41430.222    376 83612.443    367116.443   84928.917
438  FLU+F+R6      41415.645    378 83587.291    370111.291   84910.766
439  FLU+F+R7      41415.544    380 83591.088    373151.088   84921.566
443  Blosum62      42339.490    349 85376.981    329676.981   86598.920
444  Blosum62+I    42092.703    350 84885.405    330585.405   86110.846
445  Blosum62+G4   40312.907    350 81325.813    327025.813   82551.254
446  Blosum62+I+G4 40293.050    351 81288.100    328392.100   82517.042
447  Blosum62+R2   40762.850    351 82227.699    329331.699   83456.641
448  Blosum62+R3   40393.761    353 81493.521    331417.521   82729.465
449  Blosum62+R4   40283.339    355 81276.678    334036.678   82519.624
450  Blosum62+R5   40222.296    357 81158.592    336770.592   82408.541
451  Blosum62+R6   40218.578    359 81155.155    339635.155   82412.107
456  Blosum62+F    42311.961    368 85359.921    356943.921   86648.384
457  Blosum62+F+I  42056.916    369 84851.832    357911.832   86143.796
458  Blosum62+F+G4 40213.241    369 81164.481    354224.481   82456.445
459  Blosum62+F+I+G4 40191.811    370 81123.622    355663.622   82419.087
460  Blosum62+F+R2 40692.638    370 82125.277    356665.277   83420.742
461  Blosum62+F+R3 40304.804    372 81353.607    358865.607   82656.075
462  Blosum62+F+R4 40190.635    374 81129.270    361629.270   82438.740
463  Blosum62+F+R5 40129.968    376 81011.936    364515.936   82328.409
464  Blosum62+F+R6 40126.596    378 81009.192    367533.192   82332.668
469  mtMet         45715.062    349 92128.125    336428.125   93350.064
470  mtMet+I       45504.762    350 91709.525    337409.525   92934.965
471  mtMet+G4      42286.793    350 85273.585    330973.585   86499.026
472  mtMet+I+G4    42264.985    351 85231.970    332335.970   86460.912
473  mtMet+R2      43043.487    351 86788.973    333892.973   88017.915
474  mtMet+R3      42475.359    353 85656.717    335580.717   86892.661
475  mtMet+R4      42278.948    355 85267.897    338027.897   86510.844
476  mtMet+R5      42238.568    357 85191.135    340803.135   86441.085
477  mtMet+R6      42219.419    359 85156.839    343636.839   86413.790
478  mtMet+R7      42202.940    361 85127.880    346491.880   86391.835
479  mtMet+R8      42183.168    363 85092.335    349356.335   86363.292
480  mtMet+R9      42169.750    365 85069.500    352249.500   86347.459
481  mtMet+R10     42162.301    367 85058.603    355170.603   86343.565
482  mtMet+F       44113.363    368 88962.726    360546.726   90251.189
483  mtMet+F+I     43829.948    369 88397.896    361457.896   89689.860
484  mtMet+F+G4    40808.162    369 82354.324    355414.324   83646.289
485  mtMet+F+I+G4  40786.581    370 82313.161    356853.161   83608.627
486  mtMet+F+R2    41588.948    370 83917.897    358457.897   85213.362
487  mtMet+F+R3    40978.711    372 82701.421    360213.421   84003.889
488  mtMet+F+R4    40810.663    374 82369.326    362869.326   83678.796
489  mtMet+F+R5    40752.638    376 82257.276    365761.276   83573.749
490  mtMet+F+R6    40734.469    378 82224.939    368748.939   83548.415
491  mtMet+F+R7    40719.797    380 82199.595    371759.595   83530.073
492  mtMet+F+R8    40711.617    382 82187.235    374799.235   83524.716
493  mtMet+F+R9    40690.507    384 82149.015    377829.015   83493.498
494  mtMet+F+R10   40683.679    386 82139.359    380903.359   83490.845
495  mtVer         46718.906    349 94135.813    338435.813   95357.752
496  mtVer+I       46492.855    350 93685.710    339385.710   94911.150
497  mtVer+G4      42898.704    350 86497.407    332197.407   87722.847
498  mtVer+I+G4    42873.395    351 86448.789    333552.789   87677.731
499  mtVer+R2      43715.477    351 88132.953    335236.953   89361.895
500  mtVer+R3      43123.479    353 86952.958    336876.958   88188.902
501  mtVer+R4      42892.489    355 86494.978    339254.978   87737.925
502  mtVer+R5      42841.107    357 86396.215    342008.215   87646.164
503  mtVer+R6      42821.425    359 86360.849    344840.849   87617.801
504  mtVer+R7      42812.367    361 86346.734    347710.734   87610.688
505  mtVer+R8      42786.236    363 86298.471    350562.471   87569.428
506  mtVer+R9      42766.094    365 86262.188    353442.188   87540.148
507  mtVer+R10     42760.014    367 86254.029    356366.029   87538.990
508  mtVer+F       44986.439    368 90708.878    362292.878   91997.341
509  mtVer+F+I     44652.711    369 90043.423    363103.423   91335.387
510  mtVer+F+G4    41510.411    369 83758.822    356818.822   85050.786
511  mtVer+F+I+G4  41498.398    370 83736.797    358276.797   85032.262
512  mtVer+F+R2    42322.220    370 85384.440    359924.440   86679.905
513  mtVer+F+R3    41705.362    372 84154.724    361666.724   85457.192
514  mtVer+F+R4    41533.263    374 83814.526    364314.526   85123.996
515  mtVer+F+R5    41471.964    376 83695.928    367199.928   85012.401
516  mtVer+F+R6    41446.369    378 83648.737    370172.737   84972.213
517  mtVer+F+R7    41427.591    380 83615.181    373175.181   84945.659
518  mtVer+F+R8    41413.702    382 83591.405    376203.405   84928.885
519  mtVer+F+R9    41391.823    384 83551.647    379231.647   84896.130
520  mtVer+F+R10   41384.657    386 83541.313    382305.313   84892.799
521  mtInv         45374.994    349 91447.988    335747.988   92669.927
522  mtInv+I       45147.203    350 90994.406    336694.406   92219.846
523  mtInv+G4      42262.002    350 85224.005    330924.005   86449.445
524  mtInv+I+G4    42227.537    351 85157.074    332261.074   86386.016
525  mtInv+R2      42944.764    351 86591.528    333695.528   87820.470
526  mtInv+R3      42408.320    353 85522.640    335446.640   86758.584
527  mtInv+R4      42245.725    355 85201.450    337961.450   86444.397
528  mtInv+R5      42189.443    357 85092.885    340704.885   86342.834
529  mtInv+R6      42164.794    359 85047.588    343527.588   86304.540
530  mtInv+R7      42152.481    361 85026.961    346390.961   86290.916
531  mtInv+R8      42142.915    363 85011.830    349275.830   86282.787
532  mtInv+R9      42128.441    365 84986.882    352166.882   86264.841
533  mtInv+R10     42124.334    367 84982.668    355094.668   86267.630
534  mtInv+F       43379.843    368 87495.685    359079.685   88784.148
535  mtInv+F+I     43077.110    369 86892.220    359952.220   88184.184
536  mtInv+F+G4    40365.854    369 81469.708    354529.708   82761.672
537  mtInv+F+I+G4  40334.065    370 81408.129    355948.129   82703.595
538  mtInv+F+R2    41081.296    370 82902.591    357442.591   84198.057
539  mtInv+F+R3    40524.350    372 81792.701    359304.701   83095.169
540  mtInv+F+R4    40366.252    374 81480.504    361980.504   82789.974
541  mtInv+F+R5    40309.618    376 81371.235    364875.235   82687.708
542  mtInv+F+R6    40286.542    378 81329.085    367853.085   82652.560
543  mtInv+F+R7    40270.692    380 81301.385    370861.385   82631.863
544  mtInv+F+R8    40258.364    382 81280.728    373892.728   82618.208
545  mtInv+F+R9    40242.091    384 81252.182    376932.182   82596.665
546  mtInv+F+R10   40237.229    386 81246.459    380010.459   82597.944
Akaike Information Criterion:           LG+F+R6
Corrected Akaike Information Criterion: LG+G4
Bayesian Information Criterion:         LG+F+R6
Best-fit model: LG+F+R6 chosen according to BIC

All model information printed to K00856.blastp_ALL.outfmt6.parsed.filtered.uniq.faa.mafft.aln.trimal1.model.gz
CPU time for ModelFinder: 3270.880 seconds (0h:54m:30s)
Wall-clock time for ModelFinder: 1640.406 seconds (0h:27m:20s)
Generating 2000 samples for ultrafast bootstrap (seed: 398507)...

NOTE: 45 MB RAM (0 GB) is required!
Measuring multi-threading efficiency up to 4 CPU cores
Increase to 10 rounds for branch lengths
4 trees examined
Threads: 1 / Time: 4.450 sec / Speedup: 1.000 / Efficiency: 100% / LogL: -52397
Threads: 2 / Time: 2.611 sec / Speedup: 1.704 / Efficiency: 85% / LogL: -52397
Threads: 3 / Time: 2.045 sec / Speedup: 2.176 / Efficiency: 73% / LogL: -52397
Threads: 4 / Time: 1.753 sec / Speedup: 2.539 / Efficiency: 63% / LogL: -52397
BEST NUMBER OF THREADS: 4

Estimate model parameters (epsilon = 0.100)
1. Initial log-likelihood: -39583.967
2. Current log-likelihood: -39572.046
3. Current log-likelihood: -39569.618
4. Current log-likelihood: -39569.260
5. Current log-likelihood: -39569.128
Optimal log-likelihood: -39569.065
Site proportion and rates:  (0.139,0.088) (0.190,0.290) (0.212,0.608) (0.159,0.962) (0.160,1.698) (0.140,2.708)
Parameters optimization took 5 rounds (3.449 sec)
Computing ML distances based on estimated model parameters... 13.545 sec
WARNING: Some pairwise ML distances are too long (saturated)
Computing BIONJ tree...
0.016 seconds
Log-likelihood of BIONJ tree: -39613.441
--------------------------------------------------------------------
|             INITIALIZING CANDIDATE TREE SET                      |
--------------------------------------------------------------------
Generating 98 parsimony trees... 5.387 second
Computing log-likelihood of 98 initial trees ... 10.489 seconds
Current best score: -39569.065

Do NNI search on 20 best initial trees
Estimate model parameters (epsilon = 0.100)
BETTER TREE FOUND at iteration 1: -39473.860
Estimate model parameters (epsilon = 0.100)
BETTER TREE FOUND at iteration 2: -39471.309
Estimate model parameters (epsilon = 0.100)
BETTER TREE FOUND at iteration 5: -39456.374
Estimate model parameters (epsilon = 0.100)
BETTER TREE FOUND at iteration 6: -39444.971
Iteration 10 / LogL: -39530.219 / Time: 0h:0m:51s
Iteration 20 / LogL: -39519.331 / Time: 0h:1m:4s
Finish initializing candidate tree set (20)
Current best tree score: -39444.971 / CPU time: 46.598
Number of iterations: 20
--------------------------------------------------------------------
|               OPTIMIZING CANDIDATE TREE SET                      |
--------------------------------------------------------------------
Estimate model parameters (epsilon = 0.100)
BETTER TREE FOUND at iteration 21: -39444.243
Estimate model parameters (epsilon = 0.100)
BETTER TREE FOUND at iteration 22: -39440.629
Estimate model parameters (epsilon = 0.100)
BETTER TREE FOUND at iteration 25: -39435.194
Estimate model parameters (epsilon = 0.100)
BETTER TREE FOUND at iteration 26: -39429.407
Estimate model parameters (epsilon = 0.100)
BETTER TREE FOUND at iteration 30: -39421.037
Iteration 30 / LogL: -39421.037 / Time: 0h:1m:22s (0h:4m:44s left)
Iteration 40 / LogL: -39428.545 / Time: 0h:1m:34s (0h:3m:39s left)
Estimate model parameters (epsilon = 0.100)
BETTER TREE FOUND at iteration 50: -39406.421
Iteration 50 / LogL: -39406.421 / Time: 0h:1m:48s (0h:3m:41s left)
Log-likelihood cutoff on original alignment: -39554.549
Estimate model parameters (epsilon = 0.100)
BETTER TREE FOUND at iteration 51: -39402.320
Estimate model parameters (epsilon = 0.100)
BETTER TREE FOUND at iteration 54: -39397.809
Iteration 60 / LogL: -39398.736 / Time: 0h:2m:3s (0h:3m:16s left)
Estimate model parameters (epsilon = 0.100)
BETTER TREE FOUND at iteration 64: -39395.202
Estimate model parameters (epsilon = 0.100)
BETTER TREE FOUND at iteration 68: -39392.019
Estimate model parameters (epsilon = 0.100)
BETTER TREE FOUND at iteration 69: -39390.918
Iteration 70 / LogL: -39394.524 / Time: 0h:2m:19s (0h:3m:19s left)
Estimate model parameters (epsilon = 0.100)
BETTER TREE FOUND at iteration 77: -39389.033
Iteration 80 / LogL: -39435.702 / Time: 0h:2m:33s (0h:3m:8s left)
Estimate model parameters (epsilon = 0.100)
BETTER TREE FOUND at iteration 89: -39388.463
Iteration 90 / LogL: -39394.623 / Time: 0h:2m:50s (0h:3m:9s left)
Estimate model parameters (epsilon = 0.100)
BETTER TREE FOUND at iteration 93: -39387.764
Iteration 100 / LogL: -39411.866 / Time: 0h:3m:3s (0h:2m:52s left)
Log-likelihood cutoff on original alignment: -39528.241
NOTE: Bootstrap correlation coefficient of split occurrence frequencies: 0.952
NOTE: UFBoot does not converge, continue at least 100 more iterations
Estimate model parameters (epsilon = 0.100)
BETTER TREE FOUND at iteration 102: -39381.309
Estimate model parameters (epsilon = 0.100)
BETTER TREE FOUND at iteration 106: -39375.845
Estimate model parameters (epsilon = 0.100)
BETTER TREE FOUND at iteration 110: -39374.585
Iteration 110 / LogL: -39374.585 / Time: 0h:3m:19s (0h:3m:3s left)
Iteration 120 / LogL: -39385.476 / Time: 0h:3m:32s (0h:2m:40s left)
Iteration 130 / LogL: -39375.952 / Time: 0h:3m:45s (0h:2m:19s left)
Estimate model parameters (epsilon = 0.100)
BETTER TREE FOUND at iteration 131: -39374.241
Estimate model parameters (epsilon = 0.100)
BETTER TREE FOUND at iteration 133: -39374.047
Iteration 140 / LogL: -39374.695 / Time: 0h:3m:58s (0h:2m:39s left)
Iteration 150 / LogL: -39381.341 / Time: 0h:4m:12s (0h:2m:20s left)
Log-likelihood cutoff on original alignment: -39528.241
Iteration 160 / LogL: -39381.097 / Time: 0h:4m:26s (0h:2m:2s left)
Estimate model parameters (epsilon = 0.100)
BETTER TREE FOUND at iteration 161: -39372.942
Iteration 170 / LogL: -39377.946 / Time: 0h:4m:41s (0h:2m:31s left)
Iteration 180 / LogL: -39377.859 / Time: 0h:4m:53s (0h:2m:12s left)
Iteration 190 / LogL: -39379.470 / Time: 0h:5m:7s (0h:1m:55s left)
Iteration 200 / LogL: -39377.886 / Time: 0h:5m:19s (0h:1m:38s left)
Log-likelihood cutoff on original alignment: -39528.241
NOTE: Bootstrap correlation coefficient of split occurrence frequencies: 0.968
NOTE: UFBoot does not converge, continue at least 100 more iterations
Iteration 210 / LogL: -39383.748 / Time: 0h:5m:34s (0h:2m:24s left)
Iteration 220 / LogL: -39380.052 / Time: 0h:5m:47s (0h:2m:6s left)
Iteration 230 / LogL: -39384.462 / Time: 0h:6m:0s (0h:1m:50s left)
Iteration 240 / LogL: -39373.064 / Time: 0h:6m:13s (0h:1m:33s left)
Iteration 250 / LogL: -39382.022 / Time: 0h:6m:27s (0h:1m:17s left)
Log-likelihood cutoff on original alignment: -39528.241
Estimate model parameters (epsilon = 0.100)
BETTER TREE FOUND at iteration 254: -39372.350
Iteration 260 / LogL: -39374.784 / Time: 0h:6m:42s (0h:2m:26s left)
Iteration 270 / LogL: -39376.866 / Time: 0h:6m:55s (0h:2m:9s left)
Iteration 280 / LogL: -39377.501 / Time: 0h:7m:8s (0h:1m:53s left)
Estimate model parameters (epsilon = 0.100)
BETTER TREE FOUND at iteration 289: -39371.139
Iteration 290 / LogL: -39376.540 / Time: 0h:7m:22s (0h:2m:31s left)
Iteration 300 / LogL: -39402.219 / Time: 0h:7m:36s (0h:2m:15s left)
Log-likelihood cutoff on original alignment: -39528.241
NOTE: Bootstrap correlation coefficient of split occurrence frequencies: 0.996
Estimate model parameters (epsilon = 0.100)
BETTER TREE FOUND at iteration 306: -39370.776
Iteration 310 / LogL: -39395.270 / Time: 0h:7m:51s (0h:2m:26s left)
Iteration 320 / LogL: -39418.969 / Time: 0h:8m:5s (0h:2m:11s left)
Estimate model parameters (epsilon = 0.100)
BETTER TREE FOUND at iteration 323: -39370.571
Estimate model parameters (epsilon = 0.100)
BETTER TREE FOUND at iteration 327: -39367.782
Iteration 330 / LogL: -39390.348 / Time: 0h:8m:21s (0h:2m:27s left)
Iteration 340 / LogL: -39436.412 / Time: 0h:8m:35s (0h:2m:12s left)
Estimate model parameters (epsilon = 0.100)
BETTER TREE FOUND at iteration 344: -39366.300
Estimate model parameters (epsilon = 0.100)
BETTER TREE FOUND at iteration 350: -39366.055
Iteration 350 / LogL: -39366.055 / Time: 0h:8m:55s (0h:2m:33s left)
Log-likelihood cutoff on original alignment: -39528.241
Iteration 360 / LogL: -39382.630 / Time: 0h:9m:10s (0h:2m:18s left)
Estimate model parameters (epsilon = 0.100)
BETTER TREE FOUND at iteration 366: -39365.736
Iteration 370 / LogL: -39375.760 / Time: 0h:9m:29s (0h:2m:28s left)
BETTER TREE FOUND at iteration 380: -39365.729
Iteration 380 / LogL: -39365.729 / Time: 0h:9m:44s (0h:2m:34s left)
Iteration 390 / LogL: -39383.308 / Time: 0h:10m:0s (0h:2m:18s left)
Iteration 400 / LogL: -39366.088 / Time: 0h:10m:15s (0h:2m:3s left)
Log-likelihood cutoff on original alignment: -39528.241
NOTE: Bootstrap correlation coefficient of split occurrence frequencies: 0.990
NOTE: UFBoot does not converge, continue at least 100 more iterations
Iteration 410 / LogL: -39374.828 / Time: 0h:10m:32s (0h:2m:19s left)
Iteration 420 / LogL: -39376.148 / Time: 0h:10m:47s (0h:2m:3s left)
Iteration 430 / LogL: -39366.846 / Time: 0h:11m:3s (0h:1m:48s left)
Iteration 440 / LogL: -39377.032 / Time: 0h:11m:20s (0h:1m:33s left)
Iteration 450 / LogL: -39396.762 / Time: 0h:11m:36s (0h:1m:17s left)
Log-likelihood cutoff on original alignment: -39528.241
Iteration 460 / LogL: -39374.747 / Time: 0h:11m:54s (0h:1m:2s left)
Iteration 470 / LogL: -39368.741 / Time: 0h:12m:9s (0h:0m:46s left)
Iteration 480 / LogL: -39373.578 / Time: 0h:12m:24s (0h:0m:31s left)
Iteration 490 / LogL: -39376.092 / Time: 0h:12m:39s (0h:0m:15s left)
Iteration 500 / LogL: -39402.268 / Time: 0h:12m:54s (0h:0m:0s left)
Log-likelihood cutoff on original alignment: -39528.241
NOTE: Bootstrap correlation coefficient of split occurrence frequencies: 0.987
NOTE: UFBoot does not converge, continue at least 100 more iterations
Iteration 510 / LogL: -39399.394 / Time: 0h:13m:17s (0h:2m:21s left)
Estimate model parameters (epsilon = 0.100)
BETTER TREE FOUND at iteration 516: -39365.612
Iteration 520 / LogL: -39366.104 / Time: 0h:13m:32s (0h:2m:30s left)
Iteration 530 / LogL: -39366.489 / Time: 0h:13m:47s (0h:2m:14s left)
Iteration 540 / LogL: -39384.429 / Time: 0h:14m:0s (0h:1m:58s left)
Iteration 550 / LogL: -39365.882 / Time: 0h:14m:14s (0h:1m:42s left)
Log-likelihood cutoff on original alignment: -39528.241
Iteration 560 / LogL: -39395.190 / Time: 0h:14m:29s (0h:1m:27s left)
Iteration 570 / LogL: -39386.566 / Time: 0h:14m:43s (0h:1m:11s left)
Iteration 580 / LogL: -39383.818 / Time: 0h:14m:57s (0h:0m:55s left)
Iteration 590 / LogL: -39374.399 / Time: 0h:15m:11s (0h:0m:40s left)
Iteration 600 / LogL: -39393.938 / Time: 0h:15m:26s (0h:0m:24s left)
Log-likelihood cutoff on original alignment: -39528.241
NOTE: Bootstrap correlation coefficient of split occurrence frequencies: 0.988
NOTE: UFBoot does not converge, continue at least 100 more iterations
Iteration 610 / LogL: -39367.436 / Time: 0h:15m:41s (0h:2m:19s left)
Iteration 620 / LogL: -39373.227 / Time: 0h:15m:57s (0h:2m:3s left)
Iteration 630 / LogL: -39371.339 / Time: 0h:16m:16s (0h:1m:48s left)
Iteration 640 / LogL: -39374.126 / Time: 0h:16m:31s (0h:1m:33s left)
Iteration 650 / LogL: -39368.675 / Time: 0h:16m:46s (0h:1m:17s left)
Log-likelihood cutoff on original alignment: -39528.241
Iteration 660 / LogL: -39366.124 / Time: 0h:17m:3s (0h:1m:2s left)
Iteration 670 / LogL: -39369.659 / Time: 0h:17m:29s (0h:0m:47s left)
Iteration 680 / LogL: -39395.848 / Time: 0h:17m:44s (0h:0m:31s left)
Iteration 690 / LogL: -39373.371 / Time: 0h:17m:58s (0h:0m:15s left)
Iteration 700 / LogL: -39377.785 / Time: 0h:18m:15s (0h:0m:0s left)
Log-likelihood cutoff on original alignment: -39528.241
NOTE: Bootstrap correlation coefficient of split occurrence frequencies: 0.994
TREE SEARCH COMPLETED AFTER 700 ITERATIONS / Time: 0h:18m:16s

--------------------------------------------------------------------
|                    FINALIZING TREE SEARCH                        |
--------------------------------------------------------------------
Performs final model parameters optimization
Estimate model parameters (epsilon = 0.010)
1. Initial log-likelihood: -39365.612
Optimal log-likelihood: -39365.612
Site proportion and rates:  (0.143,0.088) (0.207,0.304) (0.248,0.661) (0.116,1.089) (0.143,1.718) (0.144,2.702)
Parameters optimization took 1 rounds (0.328 sec)
BEST SCORE FOUND : -39365.612
Creating bootstrap support values...
Split supports printed to NEXUS file K00856.blastp_ALL.outfmt6.parsed.filtered.uniq.faa.mafft.aln.trimal1.splits.nex
Total tree length: 57.560

Total number of iterations: 700
CPU time used for tree search: 4204.587 sec (1h:10m:4s)
Wall-clock time used for tree search: 1078.625 sec (0h:17m:58s)
Total CPU time used: 4259.561 sec (1h:10m:59s)
Total wall-clock time used: 1098.370 sec (0h:18m:18s)

Computing bootstrap consensus tree...
Reading input file K00856.blastp_ALL.outfmt6.parsed.filtered.uniq.faa.mafft.aln.trimal1.splits.nex...
176 taxa and 1591 splits.
Consensus tree written to K00856.blastp_ALL.outfmt6.parsed.filtered.uniq.faa.mafft.aln.trimal1.contree
Reading input trees file K00856.blastp_ALL.outfmt6.parsed.filtered.uniq.faa.mafft.aln.trimal1.contree
Log-likelihood of consensus tree: -39366.285

Analysis results written to: 
  IQ-TREE report:                K00856.blastp_ALL.outfmt6.parsed.filtered.uniq.faa.mafft.aln.trimal1.iqtree
  Maximum-likelihood tree:       K00856.blastp_ALL.outfmt6.parsed.filtered.uniq.faa.mafft.aln.trimal1.treefile
  Likelihood distances:          K00856.blastp_ALL.outfmt6.parsed.filtered.uniq.faa.mafft.aln.trimal1.mldist

Ultrafast bootstrap approximation results written to:
  Split support values:          K00856.blastp_ALL.outfmt6.parsed.filtered.uniq.faa.mafft.aln.trimal1.splits.nex
  Consensus tree:                K00856.blastp_ALL.outfmt6.parsed.filtered.uniq.faa.mafft.aln.trimal1.contree
  Screen log file:               K00856.blastp_ALL.outfmt6.parsed.filtered.uniq.faa.mafft.aln.trimal1.log

Date and Time: Wed Oct 13 09:45:21 2021
