IQ-TREE multicore version 1.6.12 for Linux 64-bit built Aug 15 2019
Developed by Bui Quang Minh, Nguyen Lam Tung, Olga Chernomor,
Heiko Schmidt, Dominik Schrempf, Michael Woodhams.

Host:    coral (AVX512, FMA3, 376 GB RAM)
Command: /home/timothy/programs/iqtree-1.6.12-Linux/bin/iqtree -s K00958.blastp_ALL.outfmt6.parsed.filtered.uniq.faa.mafft.aln -nt AUTO -ntmax 6 -m LG+R7 -bb 2000 -nm 2000 -quiet
Seed:    803281 (Using SPRNG - Scalable Parallel Random Number Generator)
Time:    Tue Oct 12 19:48:46 2021
Kernel:  AVX+FMA - auto-detect threads (96 CPU cores detected)

Reading alignment file K00958.blastp_ALL.outfmt6.parsed.filtered.uniq.faa.mafft.aln ... Fasta format detected
Alignment most likely contains protein sequences
Alignment has 115 sequences with 2104 columns, 1430 distinct patterns
794 parsimony-informative, 413 singleton sites, 897 constant sites
                                                                                                                                                                   Gap/Ambiguity  Composition  p-value
   1  Archaea-CandidatusKorarchaeota-NA-NA-NA-Candidatus_Korarchaeum_cryptofilum_WP_125740960.1                                                                           81.89%    passed     19.25%
   2  Archaea-Crenarchaeota-Thermoprotei-Acidilobales-Acidilobaceae-Acidilobus_saccharovorans_WP_048812915.1                                                              81.61%    passed     81.03%
   3  Archaea-Crenarchaeota-Thermoprotei-Desulfurococcales-Desulfurococcaceae-Aeropyrum_camini_WP_022541495.1                                                             81.75%    failed      2.34%
   4  Archaea-Euryarchaeota-CandidatusMethanoliparia-CandidatusMethanoliparales-CandidatusMethanollivieraceae-Candidatus_Methanolliviera_sp._GoM_asphalt_WP_144184083.1   81.80%    failed      2.49%
   5  Archaea-Euryarchaeota-Thermococci-Thermococcales-Thermococcaceae-Pyrococcus_sp._NA2_WP_048055258.1                                                                  81.99%    failed      0.12%
   6  Archaea-Thaumarchaeota-NA-Nitrosopumilales-Nitrosopumilaceae-Candidatus_Nitrosopumilus_salaria_WP_008297150.1                                                       81.94%    failed      2.58%
   7  Archaea-Thaumarchaeota-NA-Nitrosopumilales-Nitrosopumilaceae-Nitrosarchaeum_koreense_WP_007551750.1                                                                 82.03%    failed      2.86%
   8  Bacteria-Abditibacteriota-Abditibacteria-Abditibacteriales-Abitibacteriaceae-Abditibacterium_utsteinense_WP_105483013.1                                             81.56%    passed     86.76%
   9  Bacteria-Acidobacteria-Acidobacteriia-Acidobacteriales-Acidobacteriaceae-Candidatus_Sulfotelmatobacter_kueseliae_WP_106806895.1                                     72.39%    passed     97.66%
  10  Bacteria-Acidobacteria-Thermoanaerobaculia-Thermoanaerobaculales-Thermoanaerobaculaceae-Thermoanaerobaculum_aquaticum_WP_038048665.1                                72.86%    passed     14.72%
  11  Bacteria-Actinobacteria-Actinobacteria-Geodermatophilales-Geodermatophilaceae-Geodermatophilus_ruber_WP_091325756.1                                                 81.08%    failed      0.00%
  12  Bacteria-Actinobacteria-Actinobacteria-Micrococcales-Intrasporangiaceae-Oryzihumus_leptocrescens_WP_141788729.1                                                     74.19%    failed      0.00%
  13  Bacteria-Aquificae-Aquificae-Aquificales-Aquificaceae-Aquifex_aeolicus_NP_213737.1                                                                                  74.05%    failed      0.01%
  14  Bacteria-Aquificae-Aquificae-Aquificales-Aquificaceae-Hydrogenivirga_caldilitoris_WP_121010047.1                                                                    73.15%    failed      0.05%
  15  Bacteria-Armatimonadetes-Chthonomonadetes-Chthonomonadales-Chthonomonadaceae-Chthonomonas_calidirosea_WP_075162866.1                                                81.65%    passed     10.29%
  16  Bacteria-Bacteroidetes-NA-BacteroidetesOrderII.Incertaesedis-Rhodothermaceae-NA_WP_068125714.1                                                                      72.53%    passed     39.84%
  17  Bacteria-Bacteroidetes-NA-BacteroidetesOrderII.Incertaesedis-Rhodothermaceae-Rhodothermus_profundi_WP_072714491.1                                                   72.53%    passed     13.98%
  18  Bacteria-candidatedivisionNC10-NA-NA-NA-candidate_division_NC10_bacterium_WP_116464964.1                                                                            81.13%    passed      8.56%
  19  Bacteria-candidatedivisionNC10-NA-NA-NA-Candidatus_Methylomirabilis_limnetica_WP_107562165.1                                                                        81.13%    failed      4.59%
  20  Bacteria-CandidatusMarinimicrobia-NA-NA-NA-Candidatus_Marinimicrobia_bacterium_WP_129508755.1                                                                       73.00%    passed     74.49%
  21  Bacteria-Chlamydiae-Chlamydiia-Parachlamydiales-Parachlamydiaceae-Parachlamydia_sp._C2_WP_079989584.1                                                               73.05%    passed     29.54%
  22  Bacteria-Chloroflexi-Anaerolineae-Anaerolineales-Anaerolineaceae-Bellilinea_caldifistulae_WP_061916464.1                                                            72.24%    passed     54.17%
  23  Bacteria-Chloroflexi-Chloroflexia-Chloroflexales-Chloroflexaceae-Chloroflexus_sp._Y3961_WP_028457974.1                                                              72.96%    passed      6.79%
  24  Bacteria-Cyanobacteria-NA-Synechococcales-Prochloraceae-Prochlorococcus_marinus_WP_011131866.1                                                                      81.42%    failed      1.48%
  25  Bacteria-Cyanobacteria-NA-Synechococcales-Synechococcaceae-Vulcanococcus_limneticus_WP_094591937.1                                                                  81.46%    passed     33.21%
  26  Bacteria-DeinococcusThermus-Deinococci-Deinococcales-Deinococcaceae-Deinococcus_sp._NW56_WP_104990756.1                                                             81.46%    failed      0.00%
  27  Bacteria-DeinococcusThermus-Deinococci-Thermales-Thermaceae-Marinithermus_hydrothermalis_WP_052297176.1                                                             80.94%    passed      5.30%
  28  Bacteria-Firmicutes-Bacilli-Bacillales-Bacillaceae-Bacillus_sp._SRB_336_WP_113725780.1                                                                              72.20%    failed      0.00%
  29  Bacteria-Firmicutes-Clostridia-Thermoanaerobacterales-Thermoanaerobacteraceae-Calderihabitans_maritimus_WP_088555117.1                                              72.72%    passed     75.80%
  30  Bacteria-Kiritimatiellaeota-Kiritimatiellae-Kiritimatiellales-Kiritimatiellaceae-Kiritimatiella_glycovorans_WP_052882758.1                                          72.67%    passed     57.60%
  31  Bacteria-NA-CandidatusBabeliae-CandidatusBabeliales-CandidatusBabeliaceae-Candidatus_Babela_massiliensis_WP_146617294.1                                             73.05%    failed      0.00%
  32  Bacteria-NA-NA-NA-NA-NA_WP_070038451.1                                                                                                                              81.32%    passed      8.63%
  33  Bacteria-Nitrospirae-Nitrospira-Nitrospirales-Nitrospiraceae-Leptospirillum_ferriphilum_WP_038505702.1                                                              72.86%    passed     22.14%
  34  Bacteria-Nitrospirae-Nitrospira-Nitrospirales-Nitrospiraceae-Nitrospira_japonica_WP_080885441.1                                                                     71.58%    passed     59.58%
  35  Bacteria-Planctomycetes-NA-NA-NA-Planctomycetes_bacterium_ElP_WP_145274864.1                                                                                        72.29%    passed     22.47%
  36  Bacteria-Planctomycetes-Planctomycetia-Planctomycetales-Isosphaeraceae-Isosphaeraceae_bacterium_GM2012_WP_126723468.1                                               72.43%    passed     29.23%
  37  Bacteria-Proteobacteria-Alphaproteobacteria-Rhodobacterales-Rhodobacteraceae-Limimaricola_cinnabarinus_WP_099277931.1                                               73.05%    passed     99.23%
  38  Bacteria-Proteobacteria-Alphaproteobacteria-Rhodobacterales-Rhodobacteraceae-Wenxinia_marina_WP_018304867.1                                                         73.00%    passed     99.06%
  39  Eukaryota-Acytosteliales-Acytosteliales-Acytosteliales-Acytosteliaceae-Acytostelium_subglobosum_XP_012758200.1                                                      72.15%    passed     75.78%
  40  Eukaryota-Acytosteliales-Acytosteliales-Acytosteliales-Cavenderiaceae-Cavenderia_fasciculata_XP_004367353.1                                                         72.01%    passed     71.98%
  41  Eukaryota-Alveolata-Dinophyceae-NA-Unranked-Alexandrium_tamarense_MMETSP0384_c155660_g1_i1.p1                                                                       77.00%    passed     12.55%
  42  Eukaryota-Alveolata-Dinophyceae-NA-Unranked-Symbiodinium_sp_MMETSP1377_c5237_g1_i1.p1                                                                               72.43%    passed     98.63%
  43  Eukaryota-Amoebozoa-NA-NA-Paramoebidae-Filamoeba_nolandi_MMETSP0413_c4825_g1_i1.p1                                                                                  72.62%    passed     24.72%
  44  Eukaryota-Amoebozoa-NA-NA-Paramoebidae-Pessonella_sp_MMETSP0420_c2917_g1_i1.p1                                                                                      69.25%    passed     47.49%
  45  Eukaryota-Annelida-Clitellata-Hirudinida-Glossiphoniidae-Helobdella_robusta_jgi64113                                                                                71.44%    passed     36.84%
  46  Eukaryota-Apicomplexa-NA-Unranked-NA-Alveolata_sp_MMETSP0288_c3928_g1_i1.p1                                                                                         73.10%    passed     67.55%
  47  Eukaryota-Apicomplexa-NA-Unranked-NA-Lankesteria_abbottii_MMETSP0372_c13423_g1_i2.p1                                                                                73.72%    failed      2.18%
  48  Eukaryota-Apusomonadidae-NA-NA-NA-Thecamonas_trahens_XP_013758473.1                                                                                                 48.76%    failed      0.00%
  49  Eukaryota-Arthropoda-Branchiopoda-Diplostraca-Daphniidae-Daphnia_pulex_jgi116436                                                                                    72.34%    passed     72.78%
  50  Eukaryota-Arthropoda-Hexanauplia-Calanoida-Temoridae-Eurytemora_affinis_XP_023321073.1                                                                              69.91%    passed     88.73%
  51  Eukaryota-Ascomycota-Eurotiomycetes-Eurotiales-Trichocomaceae-Rasamsonia_emersonii_XP_013323705.1                                                                   72.77%    passed     39.01%
  52  Eukaryota-Ascomycota-Sordariomycetes-Xylariales-Sporocadaceae-Pestalotiopsis_fici_XP_007836484.1                                                                    72.77%    passed     33.30%
  53  Eukaryota-Basidiomycota-Malasseziomycetes-Malasseziales-Malasseziaceae-Malassezia_pachydermatis_XP_017993322.1                                                      72.72%    passed     58.52%
  54  Eukaryota-Basidiomycota-Wallemiomycetes-Wallemiales-Wallemiaceae-Wallemia_ichthyophaga_XP_009266428.1                                                               72.62%    passed     78.55%
  55  Eukaryota-Brachiopoda-Lingulata-Lingulida-Lingulidae-Lingula_anatina_XP_013406193.1                                                                                 69.06%    passed     78.16%
  56  Eukaryota-Cercozoa-Chlorarachniophyceae-NA-NA-Bigelowiella_natans_MMETSP1052_c24127_g1_i1.p1                                                                        78.09%    passed     54.09%
  57  Eukaryota-Cercozoa-Chlorarachniophyceae-NA-NA-Chlorarachnion_reptans_MMETSP0109_c8403_g1_i1.p1                                                                      79.75%    passed     95.73%
  58  Eukaryota-Chlorophyta-Mamiellophyceae-Mamiellales-Bathycoccaceae-Bathycoccus_prasinos_MMETSP0933_TR6220-c0_g1_i1.p1                                                 78.09%    failed      3.35%
  59  Eukaryota-Chlorophyta-NA-NA-NA-Tetraselmis_striata_MMETSP0820_c11369_g1_i1.p1                                                                                       78.37%    passed     20.67%
  60  Eukaryota-Choanoflagellata-Choanoflagellata-Choanoflagellata-Salpingoecidae-Monosiga_brevicollis_XP_001745049.1                                                     71.10%    passed     59.80%
  61  Eukaryota-Choanoflagellata-Choanoflagellata-Choanoflagellata-Salpingoecidae-Salpingoeca_rosetta_XP_004995022.1                                                      70.87%    passed     38.64%
  62  Eukaryota-Chordata-Actinopteri-Clupeiformes-Clupeidae-Clupea_harengus_XP_012683666.1                                                                                70.82%    passed     99.39%
  63  Eukaryota-Chordata-NA-NA-Branchiostomidae-Branchiostoma_belcheri_XP_019639562.1                                                                                     70.53%    passed     94.09%
  64  Eukaryota-Chromeraceae-NA-NA-NA-Chromera_velia_MMETSP0290_c12286_g1_i1.p1                                                                                           61.36%    passed     37.59%
  65  Eukaryota-Chromeraceae-NA-NA-NA-Vitrella_brassicaformis_MMETSP1451_c29897_g1_i1.p1                                                                                  73.10%    passed     67.55%
  66  Eukaryota-Chytridiomycota-Chytridiomycetes-Spizellomycetales-Spizellomycetaceae-Spizellomyces_punctatus_XP_016608966.1                                              72.72%    passed     89.36%
  67  Eukaryota-Ciliophora-NA-Unranked-NA-Mesodinium_pulex_MMETSP0467_c14354_g1_i1.p1                                                                                     66.92%    failed      1.70%
  68  Eukaryota-Ciliophora-NA-Unranked-NA-Tiarina_fusus_MMETSP0472_c51151_g1_i1.p1                                                                                        71.96%    passed     80.10%
  69  Eukaryota-Cnidaria-Anthozoa-Scleractinia-Pocilloporidae-Pocillopora_damicornis_XP_027057446.1                                                                       70.53%    passed     69.99%
  70  Eukaryota-Cnidaria-Hydrozoa-Anthoathecata-Hydridae-Hydra_magnipapillata_jgiHma2223032                                                                               70.67%    passed     46.28%
  71  Eukaryota-Cryptophyta-NA-Cryptomonadales-NA-Hanusia_phi_MMETSP1048_c19914_g1_i1.p1                                                                                  81.56%    passed     66.24%
  72  Eukaryota-Cryptophyta-NA-Goniomondales-NA-Goniomonas_pacifica_MMETSP0107_c16994_g1_i1.p1                                                                            72.24%    passed     66.87%
  73  Eukaryota-Dictyosteliales-Dictyosteliales-Dictyosteliales-Dictyosteliaceae-Dictyostelium_discoideum_XP_635463.1                                                     72.05%    failed      3.95%
  74  Eukaryota-Echinodermata-Asteroidea-Valvatida-Acanthasteridae-Acanthaster_planci_XP_022087404.1                                                                      69.96%    passed     98.69%
  75  Eukaryota-Echinodermata-Echinoidea-Echinoida-Strongylocentrotidae-Strongylocentrotus_purpuratus_XP_011671773.1                                                      70.39%    passed     98.66%
  76  Eukaryota-Entamoebidae-NA-NA-NA-Entamoeba_invadens_XP_004183081.1                                                                                                   77.38%    failed      1.74%
  77  Eukaryota-Euglenida-NA-Eutreptiales-NA-Eutreptiella_gymnastica-like_MMETSP0809_c36875_g1_i1.p1                                                                      80.70%    passed     86.96%
  78  Eukaryota-Fonticulida-Fonticulida-Fonticulida-Fonticulaceae-Fonticula_alba_XP_009495945.1                                                                           72.67%    passed     31.34%
  79  Eukaryota-Glaucophyta-Glaucophyta-Gloeochaetales-Gloeochaetaceae-Gloeochaete_wittrockiana_MMETSP1089_c15245_g1_i1.p1                                                71.29%    passed     69.92%
  80  Eukaryota-Glaucophyta-Glaucophyta-NA-NA-Cyanoptyche_gloeocystis_MMETSP1086_c7612_g1_i1.p1                                                                           76.95%    passed     49.00%
  81  Eukaryota-Haptophyta-NA-Prymnesiales-NA-Chrysoculter_rhomboideus_MMETSP1335_c10799_g1_i1.p1                                                                         81.27%    passed     41.03%
  82  Eukaryota-Haptophyta-NA-Prymnesiales-NA-Imantonia_sp_MMETSP1474_c10683_g1_i1.p1                                                                                     72.72%    passed     79.66%
  83  Eukaryota-Hemichordata-Enteropneusta-NA-Harrimaniidae-Saccoglossus_kowalevskii_XP_002738925.1                                                                       70.20%    passed     94.03%
  84  Eukaryota-Longamoebia-Longamoebia-Longamoebia-Acanthamoebidae-Acanthamoeba_castellanii_XP_004338838.1                                                               72.96%    passed     95.36%
  85  Eukaryota-Mesomycetozoea-Ichthyosporea-Ichthyophonida-NA-Sphaeroforma_arctica_XP_014154335.1                                                                        68.16%    passed      5.76%
  86  Eukaryota-Mesomycetozoea-Ichthyosporea-NA-NA-Capsaspora_owczarzaki_XP_004349154.1                                                                                   68.30%    failed      3.49%
  87  Eukaryota-Mollusca-Gastropoda-NA-Lottiidae-Lottia_gigantea_jgi230274                                                                                                71.10%    passed     91.66%
  88  Eukaryota-Mollusca-Gastropoda-NA-Planorbidae-Biomphalaria_glabrata_XP_013068143.1                                                                                   70.72%    passed     85.34%
  89  Eukaryota-Mucorales-Mucoraceae-Undefined-Undefined-Mucor_circinelloides_jgi93686                                                                                    72.72%    passed     50.31%
  90  Eukaryota-Mucoromycota-Mucoromycetes-Mucorales-Phycomycetaceae-Phycomyces_blakesleeanus_jgi30373                                                                    72.72%    passed     74.74%
  91  Eukaryota-Mucoromycota-Mucoromycetes-Mucorales-Rhizopodaceae-Rhizopus_microsporus_XP_023463225.1                                                                    72.72%    passed     60.26%
  92  Eukaryota-Nematoda-Chromadorea-Rhabditida-Rhabditidae-Caenorhabditis_briggsae_XP_002633720.1                                                                        69.01%    passed     73.26%
  93  Eukaryota-Nematoda-Enoplea-Trichinellida-Trichinellidae-Trichinella_spiralis_XP_003375608.1                                                                         68.87%    passed     67.68%
  94  Eukaryota-Palpitomonas-NA-NA-NA-Palpitomonas_bilix_MMETSP0780_c5957_g1_i1.p1                                                                                        57.18%    failed      0.00%
  95  Eukaryota-Placozoa-NA-NA-Trichoplacidae-Trichoplax_adhaerens_XP_002110451.1                                                                                         71.20%    passed     43.80%
  96  Eukaryota-Platyhelminthes-Trematoda-Opisthorchiida-Opisthorchiidae-Opisthorchis_viverrini_XP_009173684.1                                                            63.78%    passed     81.99%
  97  Eukaryota-Platyhelminthes-Trematoda-Strigeidida-Schistosomatidae-Schistosoma_mansoni_XP_018653238.1                                                                 70.87%    failed      1.27%
  98  Eukaryota-Porifera-Demospongiae-Haplosclerida-Niphatidae-Amphimedon_queenslandica_XP_003390095.2                                                                    81.08%    passed     19.02%
  99  Eukaryota-Retaria-NA-NA-NA-Ammonia_sp_MMETSP1384_c17174_g1_i1.p1                                                                                                    71.01%    passed     77.34%
 100  Eukaryota-Retaria-NA-NA-NA-Sorites_sp_MMETSP0191_c26236_g1_i1.p1                                                                                                    70.77%    failed      0.67%
 101  Eukaryota-Rhodophyta-Compsopogonophyceae-NA-NA-Madagascaria_erythrocladiodes_MMETSP1450_c21580_g1_i1.p2                                                             80.28%    failed      0.01%
 102  Eukaryota-Rhodophyta-Florideophyceae-Gigartinales-Gigartinaceae-Chondrus_crispus_XP_005716520.1                                                                     80.09%    passed     34.27%
 103  Eukaryota-Stramenopiles-Coscinodiscophyceae-Thalassiosirales-Thalassiosiraceae-Thalassiosira_miniscula_MMETSP0738_c5958_g1_i2.p1                                    85.12%    passed     82.41%
 104  Eukaryota-Stramenopiles-NA-Bicosoecida-Cafeteriaceae-Cafeteria_roenbergensis_MMETSP0942_c2218_g1_i1.p1                                                              65.40%    failed      0.00%
 105  Eukaryota-Streptophyta-NA-Brassicales-Cleomaceae-Tarenaya_hassleriana_XP_010527712.1                                                                                82.65%    passed     67.37%
 106  Eukaryota-Streptophyta-NA-Fagales-Fagaceae-Quercus_suber_XP_023914715.1                                                                                             72.67%    passed     15.73%
 107  MSTRG.11794.2.p1                                                                                                                                                    71.20%    passed     92.04%
 108  Paulinella_chromatophora_CCAC0185_nuclear___scaffold160-m4077                                                                                                       81.32%    passed     93.63%
 109  Paulinella_chromatophora_CCAC0185_nuclear___scaffold17194-m101268                                                                                                   87.64%    failed      0.00%
 110  Paulinella_chromatophora_CCAC0185_nuclear___scaffold4621-m43037                                                                                                     71.06%    passed     91.27%
 111  Paulinella_chromatophora_CCAC0185_nuclear___scaffold9699-m70934                                                                                                     81.23%    failed      0.00%
 112  Paulinella_ovalis_nuclear_SingleCell___SAG2_utg7180000008797.g4371.t1                                                                                               79.52%    passed     98.11%
 113  Paulinella_ovalis_nuclear_SingleCell___SAG2_utg7180000018340.g8978.t1                                                                                               90.30%    passed     78.14%
 114  Paulinella_ovalis_nuclear_SingleCell___SAG2_utg7180000022980.g11056.t1                                                                                              81.08%    failed      0.00%
 115  Paulinella_ovalis_nuclear_SingleCell___SAG5_contig00882.g1099.t1                                                                                                    88.78%    passed     80.87%
WARNING: 114 sequences contain more than 50% gaps/ambiguity
****  TOTAL                                                                                                                                                               74.48%  29 sequences failed composition chi2 test (p-value<5%; df=19)
NOTE: Eukaryota-Chromeraceae-NA-NA-NA-Vitrella_brassicaformis_MMETSP1451_c29897_g1_i1.p1 is identical to Eukaryota-Apicomplexa-NA-Unranked-NA-Alveolata_sp_MMETSP0288_c3928_g1_i1.p1 but kept for subsequent analysis

Create initial parsimony tree by phylogenetic likelihood library (PLL)... 0.060 seconds
Generating 2000 samples for ultrafast bootstrap (seed: 803281)...

NOTE: 191 MB RAM (0 GB) is required!
Measuring multi-threading efficiency up to 6 CPU cores
2 trees examined
Threads: 1 / Time: 6.291 sec / Speedup: 1.000 / Efficiency: 100% / LogL: -110105
Threads: 2 / Time: 3.714 sec / Speedup: 1.694 / Efficiency: 85% / LogL: -110105
Threads: 3 / Time: 1.556 sec / Speedup: 4.043 / Efficiency: 135% / LogL: -110105
Threads: 4 / Time: 1.449 sec / Speedup: 4.343 / Efficiency: 109% / LogL: -110105
Threads: 5 / Time: 1.225 sec / Speedup: 5.136 / Efficiency: 103% / LogL: -110105
Threads: 6 / Time: 1.354 sec / Speedup: 4.647 / Efficiency: 77% / LogL: -110105
BEST NUMBER OF THREADS: 5

Estimate model parameters (epsilon = 0.100)
1. Initial log-likelihood: -86135.343
2. Current log-likelihood: -81816.928
3. Current log-likelihood: -81748.165
4. Current log-likelihood: -81741.507
5. Current log-likelihood: -81738.352
6. Current log-likelihood: -81736.783
7. Current log-likelihood: -81735.976
8. Current log-likelihood: -81735.620
9. Current log-likelihood: -81735.465
10. Current log-likelihood: -81735.340
Optimal log-likelihood: -81735.192
Site proportion and rates:  (0.094,0.066) (0.111,0.227) (0.126,0.406) (0.155,0.620) (0.121,0.884) (0.230,1.416) (0.162,2.399)
Parameters optimization took 10 rounds (44.101 sec)
Computing ML distances based on estimated model parameters... 11.175 sec
WARNING: Some pairwise ML distances are too long (saturated)
Computing BIONJ tree...
0.011 seconds
Log-likelihood of BIONJ tree: -81961.235
--------------------------------------------------------------------
|             INITIALIZING CANDIDATE TREE SET                      |
--------------------------------------------------------------------
Generating 98 parsimony trees... 12.108 second
Computing log-likelihood of 98 initial trees ... 57.752 seconds
Current best score: -81735.192

Do NNI search on 20 best initial trees
Estimate model parameters (epsilon = 0.100)
BETTER TREE FOUND at iteration 1: -81644.400
Estimate model parameters (epsilon = 0.100)
BETTER TREE FOUND at iteration 2: -81583.505
Estimate model parameters (epsilon = 0.100)
BETTER TREE FOUND at iteration 3: -81575.542
Estimate model parameters (epsilon = 0.100)
BETTER TREE FOUND at iteration 5: -81574.272
Iteration 10 / LogL: -81584.053 / Time: 0h:4m:7s
Estimate model parameters (epsilon = 0.100)
BETTER TREE FOUND at iteration 13: -81550.397
Iteration 20 / LogL: -81575.683 / Time: 0h:5m:25s
Finish initializing candidate tree set (20)
Current best tree score: -81550.397 / CPU time: 255.648
Number of iterations: 20
--------------------------------------------------------------------
|               OPTIMIZING CANDIDATE TREE SET                      |
--------------------------------------------------------------------
Estimate model parameters (epsilon = 0.100)
BETTER TREE FOUND at iteration 23: -81548.029
Estimate model parameters (epsilon = 0.100)
BETTER TREE FOUND at iteration 29: -81547.245
Iteration 30 / LogL: -81570.205 / Time: 0h:6m:55s (0h:23m:24s left)
Estimate model parameters (epsilon = 0.100)
BETTER TREE FOUND at iteration 31: -81545.364
Estimate model parameters (epsilon = 0.100)
BETTER TREE FOUND at iteration 33: -81543.782
Iteration 40 / LogL: -81561.169 / Time: 0h:8m:23s (0h:19m:49s left)
Estimate model parameters (epsilon = 0.100)
BETTER TREE FOUND at iteration 42: -81543.363
Iteration 50 / LogL: -81546.291 / Time: 0h:9m:39s (0h:18m:0s left)
Log-likelihood cutoff on original alignment: -81645.576
Iteration 60 / LogL: -81557.060 / Time: 0h:10m:43s (0h:14m:48s left)
Estimate model parameters (epsilon = 0.100)
BETTER TREE FOUND at iteration 61: -81542.281
Iteration 70 / LogL: -81559.390 / Time: 0h:11m:56s (0h:15m:39s left)
Estimate model parameters (epsilon = 0.100)
BETTER TREE FOUND at iteration 73: -81541.689
Iteration 80 / LogL: -81550.325 / Time: 0h:13m:10s (0h:15m:26s left)
Iteration 90 / LogL: -81542.291 / Time: 0h:14m:13s (0h:13m:12s left)
UPDATE BEST LOG-LIKELIHOOD: -81541.681
Estimate model parameters (epsilon = 0.100)
UPDATE BEST LOG-LIKELIHOOD: -81541.553
Iteration 100 / LogL: -81550.859 / Time: 0h:15m:22s (0h:11m:16s left)
Log-likelihood cutoff on original alignment: -81645.576
NOTE: Bootstrap correlation coefficient of split occurrence frequencies: 0.994
Iteration 110 / LogL: -81569.331 / Time: 0h:16m:23s (0h:13m:28s left)
Iteration 120 / LogL: -81547.726 / Time: 0h:17m:30s (0h:11m:43s left)
Estimate model parameters (epsilon = 0.100)
BETTER TREE FOUND at iteration 125: -81539.016
Iteration 130 / LogL: -81555.882 / Time: 0h:18m:43s (0h:13m:43s left)
Iteration 140 / LogL: -81539.165 / Time: 0h:19m:51s (0h:12m:5s left)
Iteration 150 / LogL: -81548.390 / Time: 0h:20m:57s (0h:10m:30s left)
Log-likelihood cutoff on original alignment: -81645.576
Iteration 160 / LogL: -81544.593 / Time: 0h:22m:7s (0h:9m:1s left)
Iteration 170 / LogL: -81548.236 / Time: 0h:23m:14s (0h:7m:32s left)
Iteration 180 / LogL: -81545.158 / Time: 0h:24m:19s (0h:6m:5s left)
Iteration 190 / LogL: -81556.002 / Time: 0h:25m:29s (0h:4m:42s left)
Estimate model parameters (epsilon = 0.100)
BETTER TREE FOUND at iteration 195: -81538.502
Iteration 200 / LogL: -81545.828 / Time: 0h:26m:43s (0h:12m:43s left)
Log-likelihood cutoff on original alignment: -81645.576
NOTE: Bootstrap correlation coefficient of split occurrence frequencies: 0.994
Estimate model parameters (epsilon = 0.100)
BETTER TREE FOUND at iteration 201: -81537.078
Iteration 210 / LogL: -81552.092 / Time: 0h:27m:55s (0h:12m:7s left)
Iteration 220 / LogL: -81561.898 / Time: 0h:29m:1s (0h:10m:42s left)
Iteration 230 / LogL: -81547.287 / Time: 0h:30m:31s (0h:9m:26s left)
Iteration 240 / LogL: -81557.256 / Time: 0h:31m:35s (0h:8m:2s left)
Iteration 250 / LogL: -81554.128 / Time: 0h:32m:35s (0h:6m:39s left)
Log-likelihood cutoff on original alignment: -81642.690
Iteration 260 / LogL: -81543.016 / Time: 0h:33m:47s (0h:5m:20s left)
Iteration 270 / LogL: -81541.979 / Time: 0h:35m:2s (0h:4m:1s left)
Iteration 280 / LogL: -81552.402 / Time: 0h:36m:9s (0h:2m:42s left)
Iteration 290 / LogL: -81565.962 / Time: 0h:37m:18s (0h:1m:25s left)
Iteration 300 / LogL: -81537.650 / Time: 0h:38m:26s (0h:0m:7s left)
Log-likelihood cutoff on original alignment: -81642.690
NOTE: Bootstrap correlation coefficient of split occurrence frequencies: 0.991
TREE SEARCH COMPLETED AFTER 302 ITERATIONS / Time: 0h:38m:40s

--------------------------------------------------------------------
|                    FINALIZING TREE SEARCH                        |
--------------------------------------------------------------------
Performs final model parameters optimization
Estimate model parameters (epsilon = 0.010)
1. Initial log-likelihood: -81537.078
2. Current log-likelihood: -81537.063
3. Current log-likelihood: -81537.052
Optimal log-likelihood: -81537.045
Site proportion and rates:  (0.098,0.071) (0.129,0.242) (0.126,0.432) (0.188,0.670) (0.130,1.088) (0.192,1.509) (0.137,2.557)
Parameters optimization took 3 rounds (12.968 sec)
BEST SCORE FOUND : -81537.045
Creating bootstrap support values...
Split supports printed to NEXUS file K00958.blastp_ALL.outfmt6.parsed.filtered.uniq.faa.mafft.aln.splits.nex
Total tree length: 67.670

Total number of iterations: 302
CPU time used for tree search: 11028.187 sec (3h:3m:48s)
Wall-clock time used for tree search: 2250.433 sec (0h:37m:30s)
Total CPU time used: 11346.358 sec (3h:9m:6s)
Total wall-clock time used: 2334.455 sec (0h:38m:54s)

Computing bootstrap consensus tree...
Reading input file K00958.blastp_ALL.outfmt6.parsed.filtered.uniq.faa.mafft.aln.splits.nex...
115 taxa and 783 splits.
Consensus tree written to K00958.blastp_ALL.outfmt6.parsed.filtered.uniq.faa.mafft.aln.contree
Reading input trees file K00958.blastp_ALL.outfmt6.parsed.filtered.uniq.faa.mafft.aln.contree
Log-likelihood of consensus tree: -81541.886

Analysis results written to: 
  IQ-TREE report:                K00958.blastp_ALL.outfmt6.parsed.filtered.uniq.faa.mafft.aln.iqtree
  Maximum-likelihood tree:       K00958.blastp_ALL.outfmt6.parsed.filtered.uniq.faa.mafft.aln.treefile
  Likelihood distances:          K00958.blastp_ALL.outfmt6.parsed.filtered.uniq.faa.mafft.aln.mldist

Ultrafast bootstrap approximation results written to:
  Split support values:          K00958.blastp_ALL.outfmt6.parsed.filtered.uniq.faa.mafft.aln.splits.nex
  Consensus tree:                K00958.blastp_ALL.outfmt6.parsed.filtered.uniq.faa.mafft.aln.contree
  Screen log file:               K00958.blastp_ALL.outfmt6.parsed.filtered.uniq.faa.mafft.aln.log

Date and Time: Tue Oct 12 20:27:45 2021
