IQ-TREE multicore version 1.6.12 for Linux 64-bit built Aug 15 2019
Developed by Bui Quang Minh, Nguyen Lam Tung, Olga Chernomor,
Heiko Schmidt, Dominik Schrempf, Michael Woodhams.

Host:    coral (AVX512, FMA3, 376 GB RAM)
Command: /home/timothy/programs/iqtree-1.6.12-Linux/bin/iqtree -s K00943.blastp_ALL.outfmt6.parsed.filtered.uniq.faa.mafft.aln.trimal1 -nt AUTO -ntmax 4 -m MFP -bb 2000 -nm 2000 -quiet
Seed:    422614 (Using SPRNG - Scalable Parallel Random Number Generator)
Time:    Wed Oct 13 08:59:41 2021
Kernel:  AVX+FMA - auto-detect threads (96 CPU cores detected)

Reading alignment file K00943.blastp_ALL.outfmt6.parsed.filtered.uniq.faa.mafft.aln.trimal1 ... Fasta format detected
Alignment most likely contains protein sequences
Alignment has 136 sequences with 108 columns, 107 distinct patterns
102 parsimony-informative, 5 singleton sites, 1 constant sites
                                                                                                                                                   Gap/Ambiguity  Composition  p-value
   1  Archaea-CandidatusBathyarchaeota-NA-NA-NA-Candidatus_Bathyarchaeota_archaeon_WP_116595889.1                                                          1.85%    passed     93.85%
   2  Archaea-CandidatusMicrarchaeota-NA-NA-NA-Candidatus_Mancarchaeum_acidiphilum_WP_088819825.1                                                          3.70%    passed     78.19%
   3  Archaea-Crenarchaeota-Thermoprotei-Acidilobales-Acidilobaceae-Acidilobus_sp._7A_WP_117353675.1                                                      10.19%    passed     78.70%
   4  Archaea-Crenarchaeota-Thermoprotei-Thermoproteales-Thermofilaceae-Thermofilum_uzonense_WP_052884152.1                                                3.70%    passed     86.66%
   5  Archaea-Euryarchaeota-Thermococci-Thermococcales-Thermococcaceae-Pyrococcus_horikoshii_WP_010885760.1                                                2.78%    passed     88.95%
   6  Archaea-Euryarchaeota-Thermococci-Thermococcales-Thermococcaceae-Thermococcus_cleftensis_WP_148267264.1                                              2.78%    passed     88.59%
   7  Archaea-Thaumarchaeota-NA-NA-NA-Candidatus_Nitrosotalea_bavarica_WP_101477756.1                                                                      3.70%    passed     19.18%
   8  Archaea-Thaumarchaeota-NA-Nitrosopumilales-Nitrosopumilaceae-Nitrosarchaeum_koreense_WP_007551555.1                                                  3.70%    passed     13.83%
   9  Bacteria-Acidobacteria-Blastocatellia-Blastocatellales-Pyrinomonadaceae-Pyrinomonas_methylaliphatogenes_WP_041975885.1                               1.85%    passed     27.52%
  10  Bacteria-Acidobacteria-Vicinamibacteria-NA-Vicinamibacteraceae-Luteitalea_pratensis_WP_110173697.1                                                   1.85%    passed     22.48%
  11  Bacteria-Actinobacteria-Actinobacteria-Actinomycetales-Actinomycetaceae-Actinobaculum_sp._oral_taxon_183_WP_084432020.1                              1.85%    passed     14.42%
  12  Bacteria-Actinobacteria-Actinobacteria-Micrococcales-Microbacteriaceae-Gulosibacter_sp._10_WP_087008618.1                                            1.85%    passed     14.16%
  13  Bacteria-Aquificae-Aquificae-Aquificales-Aquificaceae-Aquifex_aeolicus_NP_213662.1                                                                   3.70%    passed     25.48%
  14  Bacteria-Aquificae-Aquificae-Aquificales-Aquificaceae-Hydrogenobacter_thermophilus_WP_012964299.1                                                    1.85%    passed     86.81%
  15  Bacteria-Bacteroidetes-Bacteroidia-Bacteroidales-Rikenellaceae-Alistipes_sp._HGB5_WP_009598032.1                                                     4.63%    passed     88.12%
  16  Bacteria-Bacteroidetes-Sphingobacteriia-Sphingobacteriales-Sphingobacteriaceae-Mucilaginibacter_sp._BJC16A31_WP_094572935.1                          2.78%    passed     24.24%
  17  Bacteria-Balneolaeota-Balneolia-Balneolales-Balneolaceae-Aliifodinibius_sp._ECH52_WP_138429486.1                                                     6.48%    passed     98.00%
  18  Bacteria-Balneolaeota-Balneolia-Balneolales-Balneolaceae-Gracilimonas_tropica_WP_020402878.1                                                         5.56%    passed     52.47%
  19  Bacteria-CandidatusMelainabacteria-NA-CandidatusGastranaerophilales-NA-Candidatus_Gastranaerophilales_bacterium_WP_022481663.1                       1.85%    passed     64.23%
  20  Bacteria-CandidatusTectomicrobia-NA-NA-NA-Candidatus_Entotheonella_palauensis_WP_089945940.1                                                         1.85%    passed     74.48%
  21  Bacteria-Chloroflexi-Anaerolineae-Anaerolineales-Anaerolineaceae-Bellilinea_caldifistulae_WP_061913106.1                                             1.85%    passed     15.27%
  22  Bacteria-Chloroflexi-Anaerolineae-Anaerolineales-Anaerolineaceae-Pelolinea_submarina_WP_116224490.1                                                 10.19%    passed     84.47%
  23  Bacteria-Cyanobacteria-NA-Chroococcales-Aphanothecaceae-Crocosphaera_subtropica_WP_009544004.1                                                       1.85%    passed      7.82%
  24  Bacteria-Cyanobacteria-NA-Chroococcales-Cyanobacteriaceae-Cyanobacterium_sp._IPPAS_B1200_WP_069790373.1                                              1.85%    passed     72.51%
  25  Bacteria-DeinococcusThermus-Deinococci-Thermales-Thermaceae-Meiothermus_luteus_WP_119359827.1                                                        4.63%    passed     23.88%
  26  Bacteria-DeinococcusThermus-Deinococci-Thermales-Thermaceae-NA_WP_027887412.1                                                                        4.63%    passed     42.20%
  27  Bacteria-Fibrobacteres-Fibrobacteria-Fibrobacterales-Fibrobacteraceae-NA_WP_100425324.1                                                              1.85%    passed     97.89%
  28  Bacteria-Firmicutes-Clostridia-Clostridiales-Clostridiaceae-Lutispora_thermophila_WP_084524579.1                                                     1.85%    passed     80.30%
  29  Bacteria-Firmicutes-Clostridia-Clostridiales-NA-Anaerovirgula_multivorans_WP_089282281.1                                                             2.78%    passed     94.13%
  30  Bacteria-Ignavibacteriae-Ignavibacteria-Ignavibacteriales-Melioribacteraceae-Melioribacter_roseus_WP_014856565.1                                     3.70%    passed     46.05%
  31  Bacteria-NA-NA-NA-NA-bacterium_YEK0313_WP_103168479.1                                                                                                1.85%    passed     12.39%
  32  Bacteria-NA-NA-NA-NA-Bathymodiolus_heckerae_thiotrophic_gill_symbiont_WP_138118898.1                                                                 1.85%    passed     95.32%
  33  Bacteria-Nitrospinae-Nitrospinia-Nitrospinales-Nitrospinaceae-Nitrospina_gracilis_WP_042251016.1                                                     1.85%    passed     92.47%
  34  Bacteria-Planctomycetes-NA-NA-NA-Planctomycetes_bacterium_Pla52o_WP_146593664.1                                                                      2.78%    passed     55.58%
  35  Bacteria-Planctomycetes-Planctomycetia-Planctomycetales-Planctomycetaceae-Rhodopirellula_maiorica_WP_008701182.1                                     2.78%    passed     81.80%
  36  Bacteria-Proteobacteria-Deltaproteobacteria-Desulfobacterales-Desulfobulbaceae-Desulfocapsa_sulfexigens_WP_015405560.1                               2.78%    passed     81.33%
  37  Bacteria-Proteobacteria-Deltaproteobacteria-Desulfobacterales-Desulfobulbaceae-Desulfopila_sp._IMCC35006_WP_136811653.1                              2.78%    passed     77.53%
  38  Bacteria-Rhodothermaeota-Rhodothermia-Rhodothermales-Rubricoccaceae-Rubrivirga_sp._SAORIC476_WP_095514718.1                                          3.70%    passed     38.40%
  39  Bacteria-Spirochaetes-Spirochaetia-Spirochaetales-Spirochaetaceae-NA_WP_018525218.1                                                                  6.48%    passed     33.17%
  40  Bacteria-Spirochaetes-Spirochaetia-Spirochaetales-Spirochaetaceae-Treponema_sp._OMZ_838_WP_044013521.1                                               2.78%    passed     71.93%
  41  Bacteria-Synergistetes-Synergistia-Synergistales-Synergistaceae-Dethiosulfovibrio_salsuginis_WP_143340769.1                                          2.78%    passed     22.09%
  42  Bacteria-Thermodesulfobacteria-Thermodesulfobacteria-Thermodesulfobacteriales-Thermodesulfobacteriaceae-Thermodesulfatator_indicus_WP_013907683.1    3.70%    passed     69.91%
  43  Bacteria-Thermotogae-Thermotogae-Thermotogales-Thermotogaceae-NA_WP_004080341.1                                                                      3.70%    passed     78.08%
  44  Bacteria-Thermotogae-Thermotogae-Thermotogales-Thermotogaceae-Thermotoga_maritima_NP_228905.1                                                        3.70%    passed     78.08%
  45  Bacteria-Verrucomicrobia-NA-NA-NA-NA_WP_019111263.1                                                                                                  5.56%    passed     90.94%
  46  Bacteria-Verrucomicrobia-Verrucomicrobiae-Verrucomicrobiales-Rubritaleaceae-Rubritalea_profundi_WP_105044571.1                                       4.63%    passed     85.85%
  47  Eukaryota-Acytosteliales-Acytosteliales-Acytosteliales-Acytosteliaceae-Heterostelium_album_XP_020435953.1                                            1.85%    passed     99.65%
  48  Eukaryota-Acytosteliales-Acytosteliales-Acytosteliales-Cavenderiaceae-Cavenderia_fasciculata_XP_004352153.1                                          1.85%    passed     50.65%
  49  Eukaryota-Alveolata-Dinophyceae-NA-Unranked-Glenodinium_foliaceum_MMETSP0118_c38098_g1_i1.p1                                                         1.85%    passed     98.32%
  50  Eukaryota-Alveolata-Dinophyceae-Peridiniales-Kryptoperidiniaceae-Durinskia_baltica_MMETSP0116_c11280_g1_i1.p1                                        1.85%    passed     99.95%
  51  Eukaryota-Amoebozoa-NA-NA-Paramoebidae-Neoparamoeba_aestuarina_MMETSP0161_c18226_g1_i1.p1                                                            1.85%    passed     99.98%
  52  Eukaryota-Amoebozoa-NA-NA-Paramoebidae-Vexillifera_sp_MMETSP0173_c5598_g1_i1.p1                                                                      1.85%    passed     91.50%
  53  Eukaryota-Annelida-Clitellata-Hirudinida-Glossiphoniidae-Helobdella_robusta_jgi87434                                                                 6.48%    passed     52.86%
  54  Eukaryota-Apicomplexa-Aconoidasida-Haemosporida-Plasmodiidae-Plasmodium_gaboni_XP_018640932.1                                                        1.85%    passed     61.56%
  55  Eukaryota-Apicomplexa-NA-Unranked-NA-Lankesteria_abbottii_MMETSP0372_c13308_g1_i1.p1                                                                 1.85%    passed     98.64%
  56  Eukaryota-Apusomonadidae-NA-NA-NA-Thecamonas_trahens_XP_013761092.1                                                                                  5.56%    passed     80.75%
  57  Eukaryota-Arthropoda-Insecta-Lepidoptera-Bombycidae-Bombyx_mandarina_XP_028043877.1                                                                  1.85%    passed     95.35%
  58  Eukaryota-Arthropoda-Insecta-Siphonaptera-Pulicidae-Ctenocephalides_felis_XP_026477950.1                                                             1.85%    passed     74.09%
  59  Eukaryota-Ascomycota-Dothideomycetes-Capnodiales-Teratosphaeriaceae-Baudoinia_panamericana_XP_007678862.1                                            1.85%    passed     95.60%
  60  Eukaryota-Ascomycota-NA-NA-NA-Saitoella_complicata_XP_019025157.1                                                                                    6.48%    passed     98.64%
  61  Eukaryota-Basidiomycota-Mixiomycetes-Mixiales-Mixiaceae-Mixia_osmundae_XP_014569543.1                                                                1.85%    passed     99.12%
  62  Eukaryota-Basidiomycota-Tremellomycetes-Tremellales-Cryptococcaceae-Cryptococcus_neoformans_XP_776763.1                                              1.85%    passed     88.44%
  63  Eukaryota-Brachiopoda-Lingulata-Lingulida-Lingulidae-Lingula_anatina_XP_013417404.1                                                                  1.85%    passed     99.58%
  64  Eukaryota-Cercozoa-Chlorarachniophyceae-NA-NA-Bigelowiella_natans_CCMP2755_jgi46174                                                                  1.85%    passed     43.09%
  65  Eukaryota-Cercozoa-Chlorarachniophyceae-NA-NA-Partenskyella_glossopodia_MMETSP1318_c7915_g1_i1.p1                                                    1.85%    passed     63.56%
  66  Eukaryota-Chlorophyta-Mamiellophyceae-Mamiellales-Mamiellaceae-Micromonas_pusilla_MMETSP1402_c6182_g1_i1.p1                                          1.85%    passed     92.77%
  67  Eukaryota-Chlorophyta-NA-NA-NA-Prasinococcus_capsulatus_MMETSP0941_c2672_g1_i1.p1                                                                    1.85%    passed     99.93%
  68  Eukaryota-Choanoflagellata-Choanoflagellata-Choanoflagellata-Salpingoecidae-Monosiga_brevicollis_XP_001742500.1                                     12.96%    passed     98.42%
  69  Eukaryota-Choanoflagellata-Choanoflagellata-Choanoflagellata-Salpingoecidae-Salpingoeca_rosetta_XP_004993861.1                                       1.85%    passed     85.27%
  70  Eukaryota-Chordata-Ascidiacea-Enterogona-Cionidae-Ciona_intestinalis_XP_026695821.1                                                                  1.85%    passed     99.94%
  71  Eukaryota-Chordata-NA-NA-Branchiostomidae-Branchiostoma_belcheri_XP_019646589.1                                                                      1.85%    passed     97.91%
  72  Eukaryota-Chromeraceae-NA-NA-NA-Chromera_velia_MMETSP0290_c161_g1_i1.p1                                                                              1.85%    passed     95.26%
  73  Eukaryota-Chromeraceae-NA-NA-NA-Vitrella_brassicaformis_MMETSP1451_c37527_g1_i1.p1                                                                   1.85%    passed     16.02%
  74  Eukaryota-Chytridiomycota-Chytridiomycetes-Rhizophydiales-NA-Batrachochytrium_dendrobatidis_jgi8037                                                 12.04%    passed     90.84%
  75  Eukaryota-Chytridiomycota-Chytridiomycetes-Spizellomycetales-Spizellomycetaceae-Spizellomyces_punctatus_XP_016605202.1                               1.85%    passed     99.98%
  76  Eukaryota-Ciliophora-NA-Unranked-NA-Myrionecta_rubra_MMETSP0798_c53663_g1_i1.p1                                                                      1.85%    passed     98.85%
  77  Eukaryota-Ciliophora-Oligohymenophorea-Hymenostomatida-Tetrahymenidae-Tetrahymena_thermophila_XP_001009062.1                                         1.85%    passed     44.50%
  78  Eukaryota-Cnidaria-Anthozoa-Scleractinia-Merulinidae-Orbicella_faveolata_XP_020614792.1                                                              1.85%    passed     99.75%
  79  Eukaryota-Cnidaria-Anthozoa-Scleractinia-Pocilloporidae-Pocillopora_damicornis_XP_027048748.1                                                        1.85%    passed     99.87%
  80  Eukaryota-Cryptophyta-NA-Cryptomonadales-Cryptomonadaceae-Cryptomonas_paramecium_MMETSP0038_c13204_g1_i1.p1                                          1.85%    passed     92.49%
  81  Eukaryota-Cryptophyta-NA-Pyrenomonadales-Pyrenomonadaceae-Rhodomonas_abbreviata_MMETSP1101_c38512_g1_i1.p1                                           1.85%    passed     91.23%
  82  Eukaryota-Dictyosteliales-Dictyosteliales-Dictyosteliales-Dictyosteliaceae-Dictyostelium_purpureum_jgi97517                                          1.85%    passed     88.50%
  83  Eukaryota-Diplomonadida-Diplomonadida-Diplomonadida-Hexamitidae-Giardia_intestinalis_XP_001704822.1                                                  1.85%    passed     91.86%
  84  Eukaryota-Echinodermata-Asteroidea-Valvatida-Acanthasteridae-Acanthaster_planci_XP_022098000.1                                                       1.85%    passed     96.47%
  85  Eukaryota-Echinodermata-Echinoidea-Echinoida-Strongylocentrotidae-Strongylocentrotus_purpuratus_XP_784160.2                                          1.85%    passed     89.97%
  86  Eukaryota-Entamoebidae-NA-NA-NA-Entamoeba_histolytica_XP_654383.1                                                                                    1.85%    passed     64.91%
  87  Eukaryota-Fonticulida-Fonticulida-Fonticulida-Fonticulaceae-Fonticula_alba_XP_009495790.1                                                            0.93%    passed     94.03%
  88  Eukaryota-Glaucophyta-Glaucophyta-NA-Cyanophoraceae-Cyanophora_paradoxa_tig00021254_g19719.t1                                                        2.78%    passed     99.79%
  89  Eukaryota-Glaucophyta-Glaucophyta-NA-NA-Cyanoptyche_gloeocystis_MMETSP1086_c10516_g1_i1.p1                                                           1.85%    passed     99.93%
  90  Eukaryota-Haptophyta-NA-Phaeocystales-Phaeocystaceae-Phaeocystis_cordata_MMETSP1465_c5596_g1_i1.p1                                                   1.85%    passed     94.76%
  91  Eukaryota-Haptophyta-NA-Prymnesiales-NA-Prymnesium_parvum_MMETSP0006_c2232_g1_i1.p1                                                                  1.85%    passed     96.45%
  92  Eukaryota-Hemichordata-Enteropneusta-NA-Harrimaniidae-Saccoglossus_kowalevskii_XP_006811655.1                                                        1.85%    passed     99.14%
  93  Eukaryota-Heterolobosea-NA-NA-NA-Percolomonas_cosmopolitus_MMETSP0759_c6263_g1_i1.p1                                                                 1.85%    passed     99.84%
  94  Eukaryota-Mesomycetozoea-Ichthyosporea-Ichthyophonida-NA-Sphaeroforma_arctica_XP_014156493.1                                                         1.85%    passed     61.93%
  95  Eukaryota-Mesomycetozoea-Ichthyosporea-NA-NA-Capsaspora_owczarzaki_XP_004348250.1                                                                    1.85%    passed     99.05%
  96  Eukaryota-Microsporidia-NA-NA-Ordosporidae-Ordospora_colligata_XP_014564012.1                                                                        1.85%    passed     90.45%
  97  Eukaryota-Microsporidia-NA-NA-Unikaryonidae-Encephalitozoon_intestinalis_XP_003072769.1                                                              1.85%    passed     11.35%
  98  Eukaryota-Mollusca-Bivalvia-Pectinoida-Pectinidae-Mizuhopecten_yessoensis_XP_021377737.1                                                             1.85%    passed     84.22%
  99  Eukaryota-Mollusca-Gastropoda-NA-Lottiidae-Lottia_gigantea_jgi140318                                                                                 1.85%    passed     99.80%
 100  Eukaryota-Mucorales-Mucoraceae-Undefined-Undefined-Mucor_circinelloides_jgi77465                                                                    11.11%    passed     99.47%
 101  Eukaryota-Mucoromycota-Mucoromycetes-Mucorales-Phycomycetaceae-Phycomyces_blakesleeanus_jgi18573                                                     1.85%    passed     75.45%
 102  Eukaryota-Mucoromycota-Mucoromycetes-Mucorales-Rhizopodaceae-Rhizopus_microsporus_XP_023462749.1                                                     1.85%    passed     95.41%
 103  Eukaryota-Nematoda-Chromadorea-Rhabditida-Rhabditidae-Caenorhabditis_elegans_NP_496151.1                                                             1.85%    passed     90.24%
 104  Eukaryota-Nematoda-Chromadorea-Strongylida-Ancylostomatidae-Necator_americanus_XP_013296904.1                                                        1.85%    passed     99.33%
 105  Eukaryota-Palpitomonas-NA-NA-NA-Palpitomonas_bilix_MMETSP0780_c11699_g1_i2.p1                                                                        1.85%    passed     92.62%
 106  Eukaryota-Perkinsozoa-NA-Perkinsida-Perkinsidae-Perkinsus_marinus_XP_002786603.1                                                                     1.85%    passed     92.00%
 107  Eukaryota-Placozoa-NA-NA-Trichoplacidae-Trichoplax_adhaerens_XP_002117658.1                                                                          1.85%    passed     98.06%
 108  Eukaryota-Platyhelminthes-Cestoda-Cyclophyllidea-Taeniidae-Echinococcus_granulosus_XP_024350322.1                                                    1.85%    passed     82.10%
 109  Eukaryota-Platyhelminthes-Trematoda-Opisthorchiida-Opisthorchiidae-Opisthorchis_viverrini_XP_009163532.1                                             2.78%    passed     96.61%
 110  Eukaryota-Porifera-Demospongiae-Haplosclerida-Niphatidae-Amphimedon_queenslandica_jgiAqu1209813                                                     49.07%    passed     89.45%
 111  Eukaryota-Priapulida-Priapulimorpha-Priapulimorphida-Priapulidae-Priapulus_caudatus_XP_014677638.1                                                   1.85%    passed     82.27%
 112  Eukaryota-Retaria-NA-NA-NA-Elphidium_margaritaceum_MMETSP1385_c11614_g1_i1.p1                                                                        1.85%    passed     10.66%
 113  Eukaryota-Retaria-NA-NA-NA-Rosalina_sp_MMETSP0190_c12415_g1_i1.p1                                                                                    1.85%    passed     10.31%
 114  Eukaryota-Rhodophyta-Bangiophyceae-NA-NA-Rhodosorus_marinus_MMETSP0011_c5623_g1_i2.p1                                                                1.85%    passed     95.29%
 115  Eukaryota-Rhodophyta-Florideophyceae-Gigartinales-Gigartinaceae-Chondrus_crispus_XP_005713082.1                                                      1.85%    passed     29.78%
 116  Eukaryota-Stramenopiles-NA-Bicosoecida-Cafeteriaceae-Cafeteria_sp_MMETSP1104_c18983_g1_i1.p1                                                         1.85%    passed     99.08%
 117  Eukaryota-Stramenopiles-NA-NA-NA-Pelagococcus_subviridis_MMETSP0882_c5503_g1_i1.p2                                                                   1.85%    passed     64.94%
 118  Eukaryota-Streptophyta-NA-Brassicales-Brassicaceae-Camelina_sativa_XP_010455008.1                                                                    1.85%    passed     85.45%
 119  Eukaryota-Streptophyta-NA-Rosales-Rosaceae-Pyrus_x_bretschneideri_XP_009370289.1                                                                     1.85%    passed     92.90%
 120  Eukaryota-Trichomonadida-Trichomonadida-Trichomonadida-Trichomonadidae-Trichomonas_vaginalis_XP_001309954.1                                          4.63%    passed     91.58%
 121  MSTRG.9240.1.p1                                                                                                                                      1.85%    passed     98.97%
 122  Paulinella_chromatophora_CCAC0185_nuclear___scaffold15052-m93602                                                                                     8.33%    passed     94.85%
 123  Paulinella_chromatophora_CCAC0185_nuclear___scaffold21160-m114252                                                                                   23.15%    passed     99.79%
 124  Paulinella_ovalis_nuclear_SingleCell___SAG2_utg7180000010671.g5325.t1                                                                               63.89%    passed     96.32%
 125  Paulinella_ovalis_nuclear_SingleCell___SAG2_utg7180000012280.g6119.t1                                                                               52.78%    passed     99.54%
 126  Paulinella_ovalis_nuclear_SingleCell___SAG5_contig01795.g1753.t1                                                                                    63.89%    passed     96.32%
 127  Paulinella_ovalis_nuclear_SingleCell___SAG6_contig00608.g567.t1                                                                                     68.52%    passed     83.98%
 128  Viruses-Alloherpesviridae-NA-NA-NA-Anguillid_herpesvirus_1_YP_003358216.2                                                                            1.85%    passed     90.60%
 129  Viruses-Alloherpesviridae-NA-NA-NA-Cyprinid_herpesvirus_1_YP_007003686.1                                                                             1.85%    passed     95.52%
 130  Viruses-Asfarviridae-NA-NA-NA-African_swine_fever_virus_NP_042729.1                                                                                  6.48%    failed      0.60%
 131  Viruses-Baculoviridae-NA-NA-NA-Epinotia_aporema_granulovirus_YP_006908572.1                                                                          1.85%    passed     23.37%
 132  Viruses-Iridoviridae-NA-NA-NA-Cherax_quadricarinatus_iridovirus_YP_009552336.1                                                                       3.70%    passed     61.11%
 133  Viruses-Iridoviridae-NA-NA-NA-Invertebrate_iridescent_virus_6_NP_149714.1                                                                            1.85%    failed      1.71%
 134  Viruses-Nimaviridae-NA-NA-NA-White_spot_syndrome_virus_YP_009220601.1                                                                                1.85%    passed     99.46%
 135  Viruses-Poxviridae-NA-NA-NA-Flamingopox_virus_FGPVKD09_YP_009448044.1                                                                                1.85%    passed     93.67%
 136  Viruses-Poxviridae-NA-NA-NA-Pigeonpox_virus_YP_009046356.1                                                                                           1.85%    passed     98.27%
WARNING: 4 sequences contain more than 50% gaps/ambiguity
****  TOTAL                                                                                                                                                5.11%  2 sequences failed composition chi2 test (p-value<5%; df=19)
NOTE: Bacteria-Thermotogae-Thermotogae-Thermotogales-Thermotogaceae-Thermotoga_maritima_NP_228905.1 is identical to Bacteria-Thermotogae-Thermotogae-Thermotogales-Thermotogaceae-NA_WP_004080341.1 but kept for subsequent analysis
NOTE: Paulinella_ovalis_nuclear_SingleCell___SAG5_contig01795.g1753.t1 is identical to Paulinella_ovalis_nuclear_SingleCell___SAG2_utg7180000010671.g5325.t1 but kept for subsequent analysis


Create initial parsimony tree by phylogenetic likelihood library (PLL)... 0.031 seconds
NOTE: ModelFinder requires 27 MB RAM!
ModelFinder will test 546 protein models (sample size: 108) ...
 No. Model         -LnL         df  AIC          AICc         BIC
Measuring multi-threading efficiency up to 4 CPU cores
Increase to 10 rounds for branch lengths
12 trees examined
Threads: 1 / Time: 4.266 sec / Speedup: 1.000 / Efficiency: 100% / LogL: -24031
Threads: 2 / Time: 3.452 sec / Speedup: 1.236 / Efficiency: 62% / LogL: -24031
Threads: 3 / Time: 1.860 sec / Speedup: 2.294 / Efficiency: 76% / LogL: -24031
Threads: 4 / Time: 2.305 sec / Speedup: 1.851 / Efficiency: 46% / LogL: -24031
BEST NUMBER OF THREADS: 3

  1  Dayhoff       19513.225    269 39564.450    184824.450   40285.943
  2  Dayhoff+I     19513.211    270 39566.423    185906.423   40290.598
  3  Dayhoff+G4    18314.443    270 37168.886    183508.886   37893.062
  4  Dayhoff+I+G4  18314.447    271 37170.894    184594.894   37897.751
  5  Dayhoff+R2    18585.475    271 37712.950    185136.950   38439.807
  6  Dayhoff+R3    18381.516    273 37309.032    186913.032   38041.254
  7  Dayhoff+R4    18304.783    275 37159.566    188959.566   37897.152
  8  Dayhoff+R5    18265.144    277 37084.289    191096.289   37827.239
  9  Dayhoff+R6    18259.094    279 37076.188    193316.188   37824.503
 10  Dayhoff+R7    18255.227    281 37072.453    195556.453   37826.132
 14  Dayhoff+F     19341.315    288 39258.630    205722.630   40031.084
 15  Dayhoff+F+I   19341.313    289 39260.626    206880.626   40035.762
 16  Dayhoff+F+G4  18131.771    289 36841.543    204461.543   37616.679
 17  Dayhoff+F+I+G4 18131.745    290 36843.490    205623.490   37621.308
 18  Dayhoff+F+R2  18412.937    290 37405.874    206185.874   38183.692
 19  Dayhoff+F+R3  18207.252    292 36998.503    208110.503   37781.685
 20  Dayhoff+F+R4  18130.505    294 36849.011    210309.011   37637.557
 21  Dayhoff+F+R5  18100.961    296 36793.923    212617.923   37587.834
 22  Dayhoff+F+R6  18094.498    298 36784.996    214988.996   37584.271
 23  Dayhoff+F+R7  18089.734    300 36779.467    217379.467   37584.107
 24  Dayhoff+F+R8  18087.104    302 36778.207    219790.207   37588.211
 27  mtMAM         21600.283    269 43738.566    188998.566   44460.060
 28  mtMAM+I       21600.278    270 43740.556    190080.556   44464.731
 29  mtMAM+G4      19323.319    270 39186.638    185526.638   39910.814
 30  mtMAM+I+G4    19323.317    271 39188.635    186612.635   39915.493
 31  mtMAM+R2      19932.521    271 40407.042    187831.042   41133.900
 32  mtMAM+R3      19481.974    273 39509.947    189113.947   40242.169
 33  mtMAM+R4      19346.175    275 39242.349    191042.349   39979.936
 34  mtMAM+R5      19312.231    277 39178.463    193190.463   39921.413
 35  mtMAM+R6      19295.608    279 39149.217    195389.217   39897.531
 36  mtMAM+R7      19270.328    281 39102.656    197586.656   39856.335
 37  mtMAM+R8      19261.324    283 39088.649    199832.649   39847.692
 38  mtMAM+R9      19254.701    285 39079.402    202099.402   39843.809
 39  mtMAM+R10     19249.955    287 39073.910    204385.910   39843.682
 40  mtMAM+F       20528.768    288 41633.535    208097.535   42405.989
 41  mtMAM+F+I     20528.766    289 41635.533    209255.533   42410.669
 42  mtMAM+F+G4    18678.058    289 37934.116    205554.116   38709.252
 43  mtMAM+F+I+G4  18678.053    290 37936.106    206716.106   38713.924
 44  mtMAM+F+R2    19153.222    290 38886.445    207666.445   39664.263
 45  mtMAM+F+R3    18784.991    292 38153.981    209265.981   38937.164
 46  mtMAM+F+R4    18705.968    294 37999.936    211459.936   38788.482
 47  mtMAM+F+R5    18663.162    296 37918.324    213742.324   38712.235
 48  mtMAM+F+R6    18641.873    298 37879.746    216083.746   38679.021
 49  mtMAM+F+R7    18626.584    300 37853.167    218453.167   38657.807
 50  mtMAM+F+R8    18622.504    302 37849.008    220861.008   38659.011
 53  JTT           19450.591    269 39439.183    184699.183   40160.676
 54  JTT+I         19450.586    270 39441.172    185781.172   40165.347
 55  JTT+G4        18216.701    270 36973.402    183313.402   37697.577
 56  JTT+I+G4      18216.701    271 36975.402    184399.402   37702.260
 57  JTT+R2        18511.260    271 37564.520    184988.520   38291.378
 58  JTT+R3        18305.470    273 37156.940    186760.940   37889.162
 59  JTT+R4        18220.457    275 36990.914    188790.914   37728.500
 60  JTT+R5        18192.279    277 36938.558    190950.558   37681.508
 61  JTT+R6        18189.065    279 36936.131    193176.131   37684.446
 66  JTT+F         19343.174    288 39262.348    205726.348   40034.801
 67  JTT+F+I       19343.167    289 39264.335    206884.335   40039.471
 68  JTT+F+G4      18112.155    289 36802.311    204422.311   37577.447
 69  JTT+F+I+G4    18112.155    290 36804.311    205584.311   37582.129
 70  JTT+F+R2      18407.524    290 37395.048    206175.048   38172.866
 71  JTT+F+R3      18201.007    292 36986.014    208098.014   37769.196
 72  JTT+F+R4      18117.574    294 36823.149    210283.149   37611.695
 73  JTT+F+R5      18093.350    296 36778.699    212602.699   37572.610
 74  JTT+F+R6      18091.114    298 36778.229    214982.229   37577.504
 79  WAG           19038.251    269 38614.501    183874.501   39335.994
 80  WAG+I         19038.238    270 38616.475    184956.475   39340.651
 81  WAG+G4        18004.257    270 36548.513    182888.513   37272.689
 82  WAG+I+G4      18004.256    271 36550.512    183974.512   37277.370
 83  WAG+R2        18229.174    271 37000.349    184424.349   37727.207
 84  WAG+R3        18068.706    273 36683.413    186287.413   37415.634
 85  WAG+R4        17993.626    275 36537.252    188337.252   37274.838
 86  WAG+R5        17971.233    277 36496.466    190508.466   37239.416
 87  WAG+R6        17968.338    279 36494.676    192734.676   37242.991
 92  WAG+F         18947.476    288 38470.952    204934.952   39243.406
 93  WAG+F+I       18947.468    289 38472.936    206092.936   39248.072
 94  WAG+F+G4      17903.396    289 36384.792    204004.792   37159.928
 95  WAG+F+I+G4    17903.395    290 36386.790    205166.790   37164.608
 96  WAG+F+R2      18137.664    290 36855.327    205635.327   37633.145
 97  WAG+F+R3      17975.242    292 36534.485    207646.485   37317.667
 98  WAG+F+R4      17895.161    294 36378.321    209838.321   37166.868
 99  WAG+F+R5      17879.670    296 36351.341    212175.341   37145.251
100  WAG+F+R6      17877.576    298 36351.151    214555.151   37150.426
105  cpREV         19191.403    269 38920.806    184180.806   39642.300
106  cpREV+I       19191.391    270 38922.782    185262.782   39646.957
107  cpREV+G4      18122.209    270 36784.417    183124.417   37508.593
108  cpREV+I+G4    18122.202    271 36786.403    184210.403   37513.261
109  cpREV+R2      18337.000    271 37216.000    184640.000   37942.857
110  cpREV+R3      18191.591    273 36929.181    186533.181   37661.403
111  cpREV+R4      18110.666    275 36771.333    188571.333   37508.919
112  cpREV+R5      18084.563    277 36723.126    190735.126   37466.077
113  cpREV+R6      18078.337    279 36714.673    192954.673   37462.988
114  cpREV+R7      18072.253    281 36706.506    195190.506   37460.184
115  cpREV+R8      18071.837    283 36709.674    197453.674   37468.717
118  cpREV+F       19135.369    288 38846.739    205310.739   39619.193
119  cpREV+F+I     19135.360    289 38848.721    206468.721   39623.857
120  cpREV+F+G4    18052.614    289 36683.228    204303.228   37458.364
121  cpREV+F+I+G4  18052.608    290 36685.216    205465.216   37463.035
122  cpREV+F+R2    18268.964    290 37117.928    205897.928   37895.746
123  cpREV+F+R3    18124.756    292 36833.513    207945.513   37616.695
124  cpREV+F+R4    18041.250    294 36670.500    210130.500   37459.046
125  cpREV+F+R5    18017.493    296 36626.987    212450.987   37420.897
126  cpREV+F+R6    18012.630    298 36621.259    214825.259   37420.535
127  cpREV+F+R7    18004.887    300 36609.774    217209.774   37414.414
128  cpREV+F+R8    18004.283    302 36612.565    219624.565   37422.569
131  mtREV         20462.962    269 41463.924    186723.924   42185.418
132  mtREV+I       20462.961    270 41465.921    187805.921   42190.097
133  mtREV+G4      18908.997    270 38357.993    184697.993   39082.169
134  mtREV+I+G4    18908.993    271 38359.986    185783.986   39086.844
135  mtREV+R2      19262.579    271 39067.158    186491.158   39794.016
136  mtREV+R3      18974.544    273 38495.088    188099.088   39227.310
137  mtREV+R4      18916.644    275 38383.289    190183.289   39120.875
138  mtREV+R5      18889.969    277 38333.938    192345.938   39076.889
139  mtREV+R6      18887.507    279 38333.014    194573.014   39081.329
144  mtREV+F       19545.945    288 39667.890    206131.890   40440.344
145  mtREV+F+I     19545.932    289 39669.865    207289.865   40445.001
146  mtREV+F+G4    18183.990    289 36945.980    204565.980   37721.116
147  mtREV+F+I+G4  18183.990    290 36947.981    205727.981   37725.799
148  mtREV+F+R2    18485.573    290 37551.146    206331.146   38328.964
149  mtREV+F+R3    18269.846    292 37123.692    208235.692   37906.875
150  mtREV+F+R4    18196.170    294 36980.340    210440.340   37768.886
151  mtREV+F+R5    18176.586    296 36945.173    212769.173   37739.084
152  mtREV+F+R6    18174.200    298 36944.401    215148.401   37743.676
157  rtREV         19164.673    269 38867.346    184127.346   39588.839
158  rtREV+I       19164.670    270 38869.340    185209.340   39593.515
159  rtREV+G4      18014.474    270 36568.948    182908.948   37293.124
160  rtREV+I+G4    18014.470    271 36570.941    183994.941   37297.798
161  rtREV+R2      18290.270    271 37122.540    184546.540   37849.398
162  rtREV+R3      18097.901    273 36741.802    186345.802   37474.023
163  rtREV+R4      18020.365    275 36590.730    188390.730   37328.317
164  rtREV+R5      18001.650    277 36557.300    190569.300   37300.250
165  rtREV+R6      17998.948    279 36555.895    192795.895   37304.210
170  rtREV+F       19049.572    288 38675.144    205139.144   39447.598
171  rtREV+F+I     19049.569    289 38677.137    206297.137   39452.273
172  rtREV+F+G4    17869.506    289 36317.012    203937.012   37092.148
173  rtREV+F+I+G4  17869.493    290 36318.986    205098.986   37096.804
174  rtREV+F+R2    18150.568    290 36881.136    205661.136   37658.954
175  rtREV+F+R3    17947.475    292 36478.951    207590.951   37262.133
176  rtREV+F+R4    17874.589    294 36337.179    209797.179   37125.725
177  rtREV+F+R5    17858.724    296 36309.449    212133.449   37103.360
178  rtREV+F+R6    17854.329    298 36304.657    214508.657   37103.932
183  mtART         21071.455    269 42680.909    187940.909   43402.402
184  mtART+I       21071.453    270 42682.906    189022.906   43407.081
185  mtART+G4      18988.756    270 38517.512    184857.512   39241.687
186  mtART+I+G4    18988.755    271 38519.510    185943.510   39246.368
187  mtART+R2      19432.846    271 39407.691    186831.691   40134.549
188  mtART+R3      19102.161    273 38750.323    188354.323   39482.544
189  mtART+R4      18988.793    275 38527.586    190327.586   39265.172
190  mtART+R5      18962.422    277 38478.843    192490.843   39221.793
191  mtART+R6      18956.303    279 38470.606    194710.606   39218.921
192  mtART+R7      18935.954    281 38433.907    196917.907   39187.586
193  mtART+R8      18928.152    283 38422.303    199166.303   39181.346
194  mtART+R9      18916.353    285 38402.706    201422.706   39167.114
195  mtART+R10     18907.564    287 38389.128    203701.128   39158.900
196  mtART+F       20105.088    288 40786.175    207250.175   41558.629
197  mtART+F+I     20105.082    289 40788.163    208408.163   41563.299
198  mtART+F+G4    18349.941    289 37277.881    204897.881   38053.017
199  mtART+F+I+G4  18349.940    290 37279.880    206059.880   38057.698
200  mtART+F+R2    18765.842    290 38111.685    206891.685   38889.503
201  mtART+F+R3    18447.652    292 37479.303    208591.303   38262.486
202  mtART+F+R4    18379.606    294 37347.213    210807.213   38135.759
203  mtART+F+R5    18338.606    296 37269.212    213093.212   38063.123
204  mtART+F+R6    18334.183    298 37264.365    215468.365   38063.641
209  mtZOA         20416.660    269 41371.321    186631.321   42092.814
210  mtZOA+I       20416.655    270 41373.310    187713.310   42097.485
211  mtZOA+G4      18585.255    270 37710.510    184050.510   38434.685
212  mtZOA+I+G4    18585.254    271 37712.508    185136.508   38439.365
213  mtZOA+R2      18989.002    271 38520.004    185944.004   39246.862
214  mtZOA+R3      18674.677    273 37895.354    187499.354   38627.576
215  mtZOA+R4      18588.767    275 37727.535    189527.535   38465.121
216  mtZOA+R5      18555.596    277 37665.192    191677.192   38408.143
217  mtZOA+R6      18553.834    279 37665.668    193905.668   38413.982
222  mtZOA+F       19761.598    288 40099.196    206563.196   40871.650
223  mtZOA+F+I     19761.594    289 40101.187    207721.187   40876.323
224  mtZOA+F+G4    18180.030    289 36938.059    204558.059   37713.195
225  mtZOA+F+I+G4  18180.028    290 36940.057    205720.057   37717.875
226  mtZOA+F+R2    18540.166    290 37660.332    206440.332   38438.150
227  mtZOA+F+R3    18268.706    292 37121.412    208233.412   37904.594
228  mtZOA+F+R4    18205.722    294 36999.444    210459.444   37787.991
229  mtZOA+F+R5    18175.310    296 36942.620    212766.620   37736.531
230  mtZOA+F+R6    18171.574    298 36939.149    215143.149   37738.424
235  VT            19073.908    269 38685.816    183945.816   39407.309
236  VT+I          19073.903    270 38687.806    185027.806   39411.982
237  VT+G4         18030.808    270 36601.617    182941.617   37325.792
238  VT+I+G4       18030.809    271 36603.618    184027.618   37330.475
239  VT+R2         18273.638    271 37089.276    184513.276   37816.134
240  VT+R3         18101.422    273 36748.844    186352.844   37481.065
241  VT+R4         18029.013    275 36608.026    188408.026   37345.612
242  VT+R5         18008.938    277 36571.877    190583.877   37314.827
243  VT+R6         18008.725    279 36575.450    192815.450   37323.765
248  VT+F          19005.709    288 38587.419    205051.419   39359.872
249  VT+F+I        19005.707    289 38589.413    206209.413   39364.549
250  VT+F+G4       17960.003    289 36498.006    204118.006   37273.142
251  VT+F+I+G4     17960.001    290 36500.002    205280.002   37277.820
252  VT+F+R2       18206.436    290 36992.873    205772.873   37770.691
253  VT+F+R3       18032.517    292 36649.034    207761.034   37432.217
254  VT+F+R4       17957.558    294 36503.116    209963.116   37291.662
255  VT+F+R5       17943.565    296 36479.130    212303.130   37273.041
256  VT+F+R6       17943.398    298 36482.796    214686.796   37282.071
261  LG            19060.268    269 38658.535    183918.535   39380.028
262  LG+I          19060.251    270 38660.501    185000.501   39384.677
263  LG+G4         17835.737    270 36211.474    182551.474   36935.650
264  LG+I+G4       17835.743    271 36213.486    183637.486   36940.343
265  LG+R2         18130.941    271 36803.883    184227.883   37530.740
266  LG+R3         17921.928    273 36389.855    185993.855   37122.077
267  LG+R4         17846.971    275 36243.941    188043.941   36981.528
268  LG+R5         17829.007    277 36212.014    190224.014   36954.964
269  LG+R6         17826.847    279 36211.695    192451.695   36960.010
274  LG+F          19026.125    288 38628.250    205092.250   39400.704
275  LG+F+I        19026.110    289 38630.220    206250.220   39405.356
276  LG+F+G4       17803.800    289 36185.601    203805.601   36960.737
277  LG+F+I+G4     17803.799    290 36187.598    204967.598   36965.416
278  LG+F+R2       18099.143    290 36778.285    205558.285   37556.103
279  LG+F+R3       17886.100    292 36356.200    207468.200   37139.382
280  LG+F+R4       17812.684    294 36213.368    209673.368   37001.915
281  LG+F+R5       17795.705    296 36183.409    212007.409   36977.320
282  LG+F+R6       17794.667    298 36185.333    214389.333   36984.608
287  DCMut         19511.984    269 39561.968    184821.968   40283.462
288  DCMut+I       19511.977    270 39563.954    185903.954   40288.129
289  DCMut+G4      18315.064    270 37170.129    183510.129   37894.304
290  DCMut+I+G4    18315.062    271 37172.125    184596.125   37898.982
291  DCMut+R2      18586.110    271 37714.221    185138.221   38441.079
292  DCMut+R3      18384.784    273 37315.569    186919.569   38047.790
293  DCMut+R4      18311.506    275 37173.013    188973.013   37910.599
294  DCMut+R5      18277.414    277 37108.829    191120.829   37851.779
295  DCMut+R6      18275.648    279 37109.295    193349.295   37857.610
300  DCMut+F       19339.965    288 39255.929    205719.929   40028.383
301  DCMut+F+I     19339.963    289 39257.925    206877.925   40033.061
302  DCMut+F+G4    18132.171    289 36842.341    204462.341   37617.477
303  DCMut+F+I+G4  18132.144    290 36844.288    205624.288   37622.106
304  DCMut+F+R2    18413.136    290 37406.271    206186.271   38184.089
305  DCMut+F+R3    18210.145    292 37004.290    208116.290   37787.473
306  DCMut+F+R4    18134.684    294 36857.368    210317.368   37645.915
307  DCMut+F+R5    18109.813    296 36811.626    212635.626   37605.536
308  DCMut+F+R6    18108.996    298 36813.993    215017.993   37613.268
313  PMB           19090.841    269 38719.681    183979.681   39441.175
314  PMB+I         19090.838    270 38721.677    185061.677   39445.852
315  PMB+G4        18084.838    270 36709.676    183049.676   37433.851
316  PMB+I+G4      18084.838    271 36711.676    184135.676   37438.533
317  PMB+R2        18311.345    271 37164.691    184588.691   37891.548
318  PMB+R3        18150.535    273 36847.070    186451.070   37579.292
319  PMB+R4        18076.628    275 36703.256    188503.256   37440.842
320  PMB+R5        18063.471    277 36680.942    190692.942   37423.893
321  PMB+R6        18061.338    279 36680.676    192920.676   37428.990
326  PMB+F         19069.415    288 38714.831    205178.831   39487.284
327  PMB+F+I       19069.399    289 38716.798    206336.798   39491.934
328  PMB+F+G4      18050.619    289 36679.238    204299.238   37454.374
329  PMB+F+I+G4    18050.620    290 36681.240    205461.240   37459.058
330  PMB+F+R2      18279.593    290 37139.186    205919.186   37917.004
331  PMB+F+R3      18119.122    292 36822.245    207934.245   37605.427
332  PMB+F+R4      18043.170    294 36674.341    210134.341   37462.887
333  PMB+F+R5      18030.624    296 36653.247    212477.247   37447.158
334  PMB+F+R6      18028.138    298 36652.277    214856.277   37451.552
339  HIVb          20167.990    269 40873.981    186133.981   41595.474
340  HIVb+I        20167.988    270 40875.977    187215.977   41600.152
341  HIVb+G4       18658.630    270 37857.260    184197.260   38581.435
342  HIVb+I+G4     18658.628    271 37859.255    185283.255   38586.113
343  HIVb+R2       19021.143    271 38584.286    186008.286   39311.144
344  HIVb+R3       18780.751    273 38107.501    187711.501   38839.723
345  HIVb+R4       18670.678    275 37891.356    189691.356   38628.942
346  HIVb+R5       18638.026    277 37830.052    191842.052   38573.002
347  HIVb+R6       18634.753    279 37827.507    194067.507   38575.821
352  HIVb+F        20046.682    288 40669.364    207133.364   41441.818
353  HIVb+F+I      20046.670    289 40671.339    208291.339   41446.475
354  HIVb+F+G4     18529.746    289 37637.493    205257.493   38412.629
355  HIVb+F+I+G4   18529.746    290 37639.491    206419.491   38417.309
356  HIVb+F+R2     18876.771    290 38333.541    207113.541   39111.359
357  HIVb+F+R3     18644.016    292 37872.032    208984.032   38655.214
358  HIVb+F+R4     18536.369    294 37660.739    211120.739   38449.285
359  HIVb+F+R5     18503.778    296 37599.556    213423.556   38393.467
360  HIVb+F+R6     18502.986    298 37601.973    215805.973   38401.248
365  HIVw          21308.737    269 43155.474    188415.474   43876.967
366  HIVw+I        21308.732    270 43157.464    189497.464   43881.640
367  HIVw+G4       19857.042    270 40254.084    186594.084   40978.260
368  HIVw+I+G4     19857.042    271 40256.085    187680.085   40982.942
369  HIVw+R2       20191.549    271 40925.098    188349.098   41651.956
370  HIVw+R3       19966.497    273 40478.995    190082.995   41211.217
371  HIVw+R4       19864.562    275 40279.124    192079.124   41016.710
372  HIVw+R5       19833.208    277 40220.417    194232.417   40963.367
373  HIVw+R6       19828.254    279 40214.508    196454.508   40962.822
374  HIVw+R7       19815.203    281 40192.406    198676.406   40946.085
375  HIVw+R8       19811.317    283 40188.633    200932.633   40947.677
378  HIVw+F        20776.298    288 42128.596    208592.596   42901.050
379  HIVw+F+I      20776.291    289 42130.582    209750.582   42905.718
380  HIVw+F+G4     19319.218    289 39216.435    206836.435   39991.571
381  HIVw+F+I+G4   19319.206    290 39218.411    207998.411   39996.229
382  HIVw+F+R2     19637.019    290 39854.037    208634.037   40631.855
383  HIVw+F+R3     19430.288    292 39444.576    210556.576   40227.759
384  HIVw+F+R4     19324.313    294 39236.626    212696.626   40025.172
385  HIVw+F+R5     19287.410    296 39166.819    214990.819   39960.730
386  HIVw+F+R6     19285.883    298 39167.766    217371.766   39967.041
391  JTTDCMut      19443.507    269 39425.014    184685.014   40146.508
392  JTTDCMut+I    19443.495    270 39426.990    185766.990   40151.165
393  JTTDCMut+G4   18215.338    270 36970.675    183310.675   37694.851
394  JTTDCMut+I+G4 18215.337    271 36972.675    184396.675   37699.532
395  JTTDCMut+R2   18506.824    271 37555.647    184979.647   38282.505
396  JTTDCMut+R3   18304.159    273 37154.319    186758.319   37886.540
397  JTTDCMut+R4   18220.204    275 36990.408    188790.408   37727.994
398  JTTDCMut+R5   18194.756    277 36943.513    190955.513   37686.463
399  JTTDCMut+R6   18192.166    279 36942.333    193182.333   37690.647
404  JTTDCMut+F    19336.830    288 39249.661    205713.661   40022.114
405  JTTDCMut+F+I  19336.825    289 39251.651    206871.651   40026.787
406  JTTDCMut+F+G4 18110.073    289 36798.146    204418.146   37573.282
407  JTTDCMut+F+I+G4 18110.073    290 36800.146    205580.146   37577.964
408  JTTDCMut+F+R2 18402.506    290 37385.011    206165.011   38162.829
409  JTTDCMut+F+R3 18199.065    292 36982.130    208094.130   37765.312
410  JTTDCMut+F+R4 18115.979    294 36819.957    210279.957   37608.504
411  JTTDCMut+F+R5 18094.247    296 36780.493    212604.493   37574.404
412  JTTDCMut+F+R6 18092.422    298 36780.844    214984.844   37580.119
417  FLU           20071.558    269 40681.116    185941.116   41402.609
418  FLU+I         20071.552    270 40683.104    187023.104   41407.279
419  FLU+G4        18749.599    270 38039.198    184379.198   38763.373
420  FLU+I+G4      18749.596    271 38041.192    185465.192   38768.050
421  FLU+R2        19050.852    271 38643.703    186067.703   39370.561
422  FLU+R3        18850.074    273 38246.148    187850.148   38978.369
423  FLU+R4        18755.760    275 38061.521    189861.521   38799.107
424  FLU+R5        18740.910    277 38035.820    192047.820   38778.771
425  FLU+R6        18737.540    279 38033.081    194273.081   38781.396
430  FLU+F         19873.982    288 40323.965    206787.965   41096.419
431  FLU+F+I       19873.952    289 40325.903    207945.903   41101.039
432  FLU+F+G4      18513.170    289 37604.339    205224.339   38379.475
433  FLU+F+I+G4    18513.166    290 37606.332    206386.332   38384.150
434  FLU+F+R2      18823.462    290 38226.923    207006.923   39004.742
435  FLU+F+R3      18617.257    292 37818.514    208930.514   38601.696
436  FLU+F+R4      18523.786    294 37635.573    211095.573   38424.119
437  FLU+F+R5      18508.101    296 37608.202    213432.202   38402.113
438  FLU+F+R6      18503.330    298 37602.660    215806.660   38401.935
439  FLU+F+R7      18498.070    300 37596.140    218196.140   38400.779
440  FLU+F+R8      18495.233    302 37594.466    220606.466   38404.469
443  Blosum62      19045.922    269 38629.845    183889.845   39351.338
444  Blosum62+I    19045.915    270 38631.830    184971.830   39356.006
445  Blosum62+G4   18046.071    270 36632.142    182972.142   37356.317
446  Blosum62+I+G4 18046.066    271 36634.132    184058.132   37360.990
447  Blosum62+R2   18265.777    271 37073.555    184497.555   37800.412
448  Blosum62+R3   18111.834    273 36769.667    186373.667   37501.889
449  Blosum62+R4   18037.142    275 36624.283    188424.283   37361.869
450  Blosum62+R5   18024.578    277 36603.155    190615.155   37346.106
451  Blosum62+R6   18024.361    279 36606.723    192846.723   37355.037
456  Blosum62+F    19027.045    288 38630.091    205094.091   39402.545
457  Blosum62+F+I  19027.039    289 38632.079    206252.079   39407.214
458  Blosum62+F+G4 18017.947    289 36613.895    204233.895   37389.031
459  Blosum62+F+I+G4 18017.942    290 36615.884    205395.884   37393.702
460  Blosum62+F+R2 18243.925    290 37067.850    205847.850   37845.668
461  Blosum62+F+R3 18086.567    292 36757.133    207869.133   37540.316
462  Blosum62+F+R4 18009.911    294 36607.822    210067.822   37396.369
463  Blosum62+F+R5 17998.243    296 36588.486    212412.486   37382.397
464  Blosum62+F+R6 17998.054    298 36592.108    214796.108   37391.383
469  mtMet         20606.097    269 41750.193    187010.193   42471.687
470  mtMet+I       20606.088    270 41752.176    188092.176   42476.352
471  mtMet+G4      18947.731    270 38435.462    184775.462   39159.637
472  mtMet+I+G4    18947.740    271 38437.480    185861.480   39164.338
473  mtMet+R2      19322.348    271 39186.696    186610.696   39913.553
474  mtMet+R3      19034.847    273 38615.694    188219.694   39347.916
475  mtMet+R4      18945.569    275 38441.139    190241.139   39178.725
476  mtMet+R5      18920.933    277 38395.866    192407.866   39138.817
477  mtMet+R6      18920.162    279 38398.324    194638.324   39146.638
482  mtMet+F       19780.830    288 40137.661    206601.661   40910.115
483  mtMet+F+I     19780.828    289 40139.657    207759.657   40914.793
484  mtMet+F+G4    18282.412    289 37142.824    204762.824   37917.959
485  mtMet+F+I+G4  18282.410    290 37144.820    205924.820   37922.638
486  mtMet+F+R2    18639.650    290 37859.299    206639.299   38637.117
487  mtMet+F+R3    18367.876    292 37319.752    208431.752   38102.934
488  mtMet+F+R4    18299.976    294 37187.953    210647.953   37976.499
489  mtMet+F+R5    18269.296    296 37130.593    212954.593   37924.504
490  mtMet+F+R6    18268.294    298 37132.588    215336.588   37931.863
495  mtVer         21075.226    269 42688.452    187948.452   43409.945
496  mtVer+I       21075.220    270 42690.439    189030.439   43414.615
497  mtVer+G4      19213.879    270 38967.758    185307.758   39691.933
498  mtVer+I+G4    19213.879    271 38969.758    186393.758   39696.616
499  mtVer+R2      19642.278    271 39826.556    187250.556   40553.413
500  mtVer+R3      19316.395    273 39178.789    188782.789   39911.011
501  mtVer+R4      19204.803    275 38959.606    190759.606   39697.192
502  mtVer+R5      19180.407    277 38914.815    192926.815   39657.765
503  mtVer+R6      19180.123    279 38918.246    195158.246   39666.561
508  mtVer+F       20246.879    288 41069.758    207533.758   41842.212
509  mtVer+F+I     20246.878    289 41071.756    208691.756   41846.892
510  mtVer+F+G4    18614.593    289 37807.187    205427.187   38582.322
511  mtVer+F+I+G4  18614.593    290 37809.187    206589.187   38587.005
512  mtVer+F+R2    19031.389    290 38642.778    207422.778   39420.596
513  mtVer+F+R3    18723.363    292 38030.727    209142.727   38813.909
514  mtVer+F+R4    18642.672    294 37873.343    211333.343   38661.890
515  mtVer+F+R5    18604.340    296 37800.680    213624.680   38594.590
516  mtVer+F+R6    18603.622    298 37803.245    216007.245   38602.520
521  mtInv         20498.334    269 41534.667    186794.667   42256.161
522  mtInv+I       20498.320    270 41536.641    187876.641   42260.816
523  mtInv+G4      18977.972    270 38495.945    184835.945   39220.120
524  mtInv+I+G4    18982.827    271 38507.655    185931.655   39234.512
525  mtInv+R2      19328.035    271 39198.070    186622.070   39924.928
526  mtInv+R3      19043.232    273 38632.464    188236.464   39364.686
527  mtInv+R4      18977.324    275 38504.648    190304.648   39242.234
528  mtInv+R5      18948.956    277 38451.913    192463.913   39194.863
529  mtInv+R6      18948.219    279 38454.438    194694.438   39202.752
534  mtInv+F       19518.303    288 39612.605    206076.605   40385.059
535  mtInv+F+I     19518.301    289 39614.602    207234.602   40389.737
536  mtInv+F+G4    18119.154    289 36816.307    204436.307   37591.443
537  mtInv+F+I+G4  18119.155    290 36818.309    205598.309   37596.127
538  mtInv+F+R2    18454.963    290 37489.926    206269.926   38267.744
539  mtInv+F+R3    18208.411    292 37000.823    208112.823   37784.005
540  mtInv+F+R4    18143.662    294 36875.323    210335.323   37663.870
541  mtInv+F+R5    18116.098    296 36824.197    212648.197   37618.107
542  mtInv+F+R6    18115.722    298 36827.444    215031.444   37626.719
Akaike Information Criterion:           LG+F+R5
Corrected Akaike Information Criterion: LG+G4
Bayesian Information Criterion:         LG+G4
Best-fit model: LG+G4 chosen according to BIC

All model information printed to K00943.blastp_ALL.outfmt6.parsed.filtered.uniq.faa.mafft.aln.trimal1.model.gz
CPU time for ModelFinder: 832.653 seconds (0h:13m:52s)
Wall-clock time for ModelFinder: 294.125 seconds (0h:4m:54s)
Generating 2000 samples for ultrafast bootstrap (seed: 422614)...

NOTE: 11 MB RAM (0 GB) is required!
Measuring multi-threading efficiency up to 4 CPU cores
Increase to 10 rounds for branch lengths
14 trees examined
Threads: 1 / Time: 4.106 sec / Speedup: 1.000 / Efficiency: 100% / LogL: -21904
Threads: 2 / Time: 4.137 sec / Speedup: 0.992 / Efficiency: 50% / LogL: -21904
BEST NUMBER OF THREADS: 1

Estimate model parameters (epsilon = 0.100)
1. Initial log-likelihood: -17845.393
2. Current log-likelihood: -17836.676
3. Current log-likelihood: -17835.832
Optimal log-likelihood: -17835.742
Gamma shape alpha: 0.816
Parameters optimization took 3 rounds (0.513 sec)
Computing ML distances based on estimated model parameters... 6.138 sec
WARNING: Some pairwise ML distances are too long (saturated)
Computing BIONJ tree...
0.010 seconds
Log-likelihood of BIONJ tree: -17827.980
--------------------------------------------------------------------
|             INITIALIZING CANDIDATE TREE SET                      |
--------------------------------------------------------------------
Generating 98 parsimony trees... 2.865 second
Computing log-likelihood of 98 initial trees ... 6.863 seconds
Current best score: -17794.389

Do NNI search on 20 best initial trees
Estimate model parameters (epsilon = 0.100)
BETTER TREE FOUND at iteration 1: -17698.916
Estimate model parameters (epsilon = 0.100)
BETTER TREE FOUND at iteration 2: -17665.807
Estimate model parameters (epsilon = 0.100)
BETTER TREE FOUND at iteration 7: -17644.983
Iteration 10 / LogL: -17714.383 / Time: 0h:0m:39s
Iteration 20 / LogL: -17678.045 / Time: 0h:0m:56s
Finish initializing candidate tree set (20)
Current best tree score: -17644.983 / CPU time: 41.184
Number of iterations: 20
--------------------------------------------------------------------
|               OPTIMIZING CANDIDATE TREE SET                      |
--------------------------------------------------------------------
Estimate model parameters (epsilon = 0.100)
BETTER TREE FOUND at iteration 25: -17638.924
Estimate model parameters (epsilon = 0.100)
BETTER TREE FOUND at iteration 28: -17634.074
Estimate model parameters (epsilon = 0.100)
BETTER TREE FOUND at iteration 30: -17606.363
Iteration 30 / LogL: -17606.363 / Time: 0h:1m:8s (0h:3m:56s left)
Iteration 40 / LogL: -17654.673 / Time: 0h:1m:24s (0h:3m:14s left)
Iteration 50 / LogL: -17626.864 / Time: 0h:1m:37s (0h:2m:38s left)
Log-likelihood cutoff on original alignment: -17745.157
Estimate model parameters (epsilon = 0.100)
BETTER TREE FOUND at iteration 51: -17605.703
Estimate model parameters (epsilon = 0.100)
BETTER TREE FOUND at iteration 54: -17603.826
Iteration 60 / LogL: -17604.871 / Time: 0h:1m:51s (0h:2m:57s left)
Estimate model parameters (epsilon = 0.100)
BETTER TREE FOUND at iteration 65: -17599.318
Iteration 70 / LogL: -17604.442 / Time: 0h:2m:3s (0h:2m:49s left)
Estimate model parameters (epsilon = 0.100)
BETTER TREE FOUND at iteration 76: -17599.097
Iteration 80 / LogL: -17604.375 / Time: 0h:2m:16s (0h:2m:45s left)
Estimate model parameters (epsilon = 0.100)
BETTER TREE FOUND at iteration 83: -17596.940
Iteration 90 / LogL: -17605.129 / Time: 0h:2m:28s (0h:2m:35s left)
Estimate model parameters (epsilon = 0.100)
BETTER TREE FOUND at iteration 99: -17595.283
Iteration 100 / LogL: -17605.190 / Time: 0h:2m:42s (0h:2m:42s left)
Log-likelihood cutoff on original alignment: -17740.008
NOTE: Bootstrap correlation coefficient of split occurrence frequencies: 0.969
NOTE: UFBoot does not converge, continue at least 100 more iterations
Iteration 110 / LogL: -17598.711 / Time: 0h:2m:55s (0h:2m:24s left)
Estimate model parameters (epsilon = 0.100)
BETTER TREE FOUND at iteration 113: -17595.038
Estimate model parameters (epsilon = 0.100)
BETTER TREE FOUND at iteration 120: -17594.837
Iteration 120 / LogL: -17594.837 / Time: 0h:3m:8s (0h:2m:38s left)
Estimate model parameters (epsilon = 0.100)
BETTER TREE FOUND at iteration 126: -17594.546
Iteration 130 / LogL: -17595.641 / Time: 0h:3m:21s (0h:2m:29s left)
Iteration 140 / LogL: -17601.084 / Time: 0h:3m:33s (0h:2m:12s left)
Estimate model parameters (epsilon = 0.100)
BETTER TREE FOUND at iteration 141: -17591.336
Iteration 150 / LogL: -17598.576 / Time: 0h:3m:47s (0h:2m:18s left)
Log-likelihood cutoff on original alignment: -17740.008
Estimate model parameters (epsilon = 0.100)
BETTER TREE FOUND at iteration 159: -17591.274
Iteration 160 / LogL: -17594.295 / Time: 0h:4m:1s (0h:2m:30s left)
Iteration 170 / LogL: -17604.549 / Time: 0h:4m:14s (0h:2m:14s left)
Iteration 180 / LogL: -17592.035 / Time: 0h:4m:27s (0h:1m:57s left)
BETTER TREE FOUND at iteration 181: -17591.266
Iteration 190 / LogL: -17617.385 / Time: 0h:4m:39s (0h:2m:14s left)
Iteration 200 / LogL: -17598.980 / Time: 0h:4m:53s (0h:1m:59s left)
Log-likelihood cutoff on original alignment: -17740.008
NOTE: Bootstrap correlation coefficient of split occurrence frequencies: 0.980
NOTE: UFBoot does not converge, continue at least 100 more iterations
Estimate model parameters (epsilon = 0.100)
BETTER TREE FOUND at iteration 207: -17590.778
Iteration 210 / LogL: -17595.717 / Time: 0h:5m:7s (0h:2m:22s left)
Estimate model parameters (epsilon = 0.100)
BETTER TREE FOUND at iteration 211: -17589.715
Iteration 220 / LogL: -17593.827 / Time: 0h:5m:20s (0h:2m:13s left)
Iteration 230 / LogL: -17606.182 / Time: 0h:5m:33s (0h:1m:57s left)
Iteration 240 / LogL: -17606.721 / Time: 0h:5m:45s (0h:1m:42s left)
Iteration 250 / LogL: -17597.439 / Time: 0h:5m:58s (0h:1m:27s left)
Log-likelihood cutoff on original alignment: -17740.008
Iteration 260 / LogL: -17600.220 / Time: 0h:6m:13s (0h:1m:13s left)
Iteration 270 / LogL: -17590.510 / Time: 0h:6m:26s (0h:0m:58s left)
Iteration 280 / LogL: -17601.476 / Time: 0h:6m:39s (0h:0m:44s left)
Estimate model parameters (epsilon = 0.100)
BETTER TREE FOUND at iteration 288: -17589.679
Iteration 290 / LogL: -17607.501 / Time: 0h:6m:53s (0h:2m:20s left)
Iteration 300 / LogL: -17601.033 / Time: 0h:7m:7s (0h:2m:5s left)
Log-likelihood cutoff on original alignment: -17740.008
NOTE: Bootstrap correlation coefficient of split occurrence frequencies: 0.983
NOTE: UFBoot does not converge, continue at least 100 more iterations
Iteration 310 / LogL: -17597.656 / Time: 0h:7m:20s (0h:2m:8s left)
Iteration 320 / LogL: -17593.760 / Time: 0h:7m:33s (0h:1m:53s left)
Iteration 330 / LogL: -17602.558 / Time: 0h:7m:46s (0h:1m:39s left)
Iteration 340 / LogL: -17600.203 / Time: 0h:7m:59s (0h:1m:24s left)
Iteration 350 / LogL: -17605.415 / Time: 0h:8m:13s (0h:1m:10s left)
Log-likelihood cutoff on original alignment: -17740.008
Iteration 360 / LogL: -17589.841 / Time: 0h:8m:27s (0h:0m:56s left)
Iteration 370 / LogL: -17597.271 / Time: 0h:8m:41s (0h:0m:42s left)
Iteration 380 / LogL: -17595.426 / Time: 0h:8m:54s (0h:0m:28s left)
Iteration 390 / LogL: -17603.660 / Time: 0h:9m:8s (0h:0m:14s left)
Iteration 400 / LogL: -17589.680 / Time: 0h:9m:21s (0h:0m:0s left)
Log-likelihood cutoff on original alignment: -17740.008
NOTE: Bootstrap correlation coefficient of split occurrence frequencies: 0.988
NOTE: UFBoot does not converge, continue at least 100 more iterations
Iteration 410 / LogL: -17592.629 / Time: 0h:9m:35s (0h:2m:6s left)
Estimate model parameters (epsilon = 0.100)
BETTER TREE FOUND at iteration 418: -17589.489
Iteration 420 / LogL: -17601.256 / Time: 0h:9m:48s (0h:2m:17s left)
Estimate model parameters (epsilon = 0.100)
BETTER TREE FOUND at iteration 427: -17587.889
Iteration 430 / LogL: -17602.088 / Time: 0h:10m:3s (0h:2m:16s left)
Iteration 440 / LogL: -17588.102 / Time: 0h:10m:15s (0h:2m:2s left)
Estimate model parameters (epsilon = 0.100)
BETTER TREE FOUND at iteration 443: -17585.519
Iteration 450 / LogL: -17587.691 / Time: 0h:10m:29s (0h:2m:10s left)
Log-likelihood cutoff on original alignment: -17740.008
Estimate model parameters (epsilon = 0.100)
BETTER TREE FOUND at iteration 458: -17584.683
Iteration 460 / LogL: -17586.032 / Time: 0h:10m:44s (0h:2m:17s left)
Estimate model parameters (epsilon = 0.100)
BETTER TREE FOUND at iteration 464: -17583.483
Iteration 470 / LogL: -17585.995 / Time: 0h:10m:58s (0h:2m:12s left)
Iteration 480 / LogL: -17590.441 / Time: 0h:11m:13s (0h:1m:58s left)
Estimate model parameters (epsilon = 0.100)
BETTER TREE FOUND at iteration 482: -17583.461
Iteration 490 / LogL: -17584.996 / Time: 0h:11m:30s (0h:2m:9s left)
Iteration 500 / LogL: -17610.118 / Time: 0h:11m:46s (0h:1m:56s left)
Log-likelihood cutoff on original alignment: -17740.008
NOTE: Bootstrap correlation coefficient of split occurrence frequencies: 0.978
NOTE: UFBoot does not converge, continue at least 100 more iterations
Estimate model parameters (epsilon = 0.100)
BETTER TREE FOUND at iteration 505: -17582.933
Iteration 510 / LogL: -17592.265 / Time: 0h:12m:1s (0h:2m:14s left)
Estimate model parameters (epsilon = 0.100)
BETTER TREE FOUND at iteration 516: -17582.743
Iteration 520 / LogL: -17603.417 / Time: 0h:12m:20s (0h:2m:17s left)
Iteration 530 / LogL: -17596.056 / Time: 0h:12m:38s (0h:2m:3s left)
Estimate model parameters (epsilon = 0.100)
BETTER TREE FOUND at iteration 539: -17582.645
Iteration 540 / LogL: -17586.758 / Time: 0h:12m:52s (0h:2m:21s left)
Iteration 550 / LogL: -17611.829 / Time: 0h:13m:5s (0h:2m:7s left)
Log-likelihood cutoff on original alignment: -17740.008
Estimate model parameters (epsilon = 0.100)
BETTER TREE FOUND at iteration 551: -17582.400
Iteration 560 / LogL: -17585.082 / Time: 0h:13m:19s (0h:2m:10s left)
Iteration 570 / LogL: -17592.660 / Time: 0h:13m:33s (0h:1m:55s left)
Iteration 580 / LogL: -17584.836 / Time: 0h:13m:46s (0h:1m:41s left)
Iteration 590 / LogL: -17586.157 / Time: 0h:13m:59s (0h:1m:26s left)
Iteration 600 / LogL: -17588.121 / Time: 0h:14m:18s (0h:1m:13s left)
Log-likelihood cutoff on original alignment: -17740.008
NOTE: Bootstrap correlation coefficient of split occurrence frequencies: 0.973
NOTE: UFBoot does not converge, continue at least 100 more iterations
Iteration 610 / LogL: -17593.583 / Time: 0h:14m:31s (0h:2m:8s left)
Iteration 620 / LogL: -17598.905 / Time: 0h:14m:44s (0h:1m:54s left)
Iteration 630 / LogL: -17584.546 / Time: 0h:14m:57s (0h:1m:39s left)
Iteration 640 / LogL: -17582.803 / Time: 0h:15m:12s (0h:1m:25s left)
Iteration 650 / LogL: -17585.607 / Time: 0h:15m:25s (0h:1m:11s left)
Log-likelihood cutoff on original alignment: -17740.008
Iteration 660 / LogL: -17590.572 / Time: 0h:15m:39s (0h:0m:57s left)
Iteration 670 / LogL: -17594.670 / Time: 0h:15m:52s (0h:0m:42s left)
Iteration 680 / LogL: -17586.196 / Time: 0h:16m:6s (0h:0m:28s left)
Iteration 690 / LogL: -17587.780 / Time: 0h:16m:19s (0h:0m:14s left)
Iteration 700 / LogL: -17590.410 / Time: 0h:16m:32s (0h:0m:0s left)
Log-likelihood cutoff on original alignment: -17740.008
NOTE: Bootstrap correlation coefficient of split occurrence frequencies: 0.966
NOTE: UFBoot does not converge, continue at least 100 more iterations
Estimate model parameters (epsilon = 0.100)
BETTER TREE FOUND at iteration 707: -17581.995
Iteration 710 / LogL: -17590.175 / Time: 0h:16m:47s (0h:2m:17s left)
Iteration 720 / LogL: -17586.540 / Time: 0h:17m:8s (0h:2m:4s left)
Estimate model parameters (epsilon = 0.100)
BETTER TREE FOUND at iteration 722: -17581.864
Estimate model parameters (epsilon = 0.100)
BETTER TREE FOUND at iteration 726: -17581.833
Iteration 730 / LogL: -17585.642 / Time: 0h:17m:21s (0h:2m:17s left)
Iteration 740 / LogL: -17586.788 / Time: 0h:17m:45s (0h:2m:3s left)
Iteration 750 / LogL: -17590.335 / Time: 0h:17m:58s (0h:1m:49s left)
Log-likelihood cutoff on original alignment: -17740.008
Estimate model parameters (epsilon = 0.100)
BETTER TREE FOUND at iteration 758: -17581.684
Iteration 760 / LogL: -17589.196 / Time: 0h:18m:12s (0h:2m:21s left)
Estimate model parameters (epsilon = 0.100)
BETTER TREE FOUND at iteration 763: -17581.404
Iteration 770 / LogL: -17585.822 / Time: 0h:18m:26s (0h:2m:13s left)
Iteration 780 / LogL: -17587.115 / Time: 0h:18m:40s (0h:1m:59s left)
Iteration 790 / LogL: -17585.089 / Time: 0h:18m:53s (0h:1m:44s left)
Iteration 800 / LogL: -17581.539 / Time: 0h:19m:7s (0h:1m:30s left)
Log-likelihood cutoff on original alignment: -17740.008
NOTE: Bootstrap correlation coefficient of split occurrence frequencies: 0.960
NOTE: UFBoot does not converge, continue at least 100 more iterations
Iteration 810 / LogL: -17584.366 / Time: 0h:19m:27s (0h:2m:9s left)
Estimate model parameters (epsilon = 0.100)
BETTER TREE FOUND at iteration 819: -17581.230
Iteration 820 / LogL: -17581.434 / Time: 0h:19m:48s (0h:2m:23s left)
Iteration 830 / LogL: -17587.008 / Time: 0h:20m:1s (0h:2m:8s left)
Iteration 840 / LogL: -17582.141 / Time: 0h:20m:16s (0h:1m:54s left)
Iteration 850 / LogL: -17599.321 / Time: 0h:20m:30s (0h:1m:39s left)
Log-likelihood cutoff on original alignment: -17740.008
Iteration 860 / LogL: -17584.754 / Time: 0h:20m:44s (0h:1m:25s left)
Iteration 870 / LogL: -17581.683 / Time: 0h:21m:7s (0h:1m:11s left)
Iteration 880 / LogL: -17584.800 / Time: 0h:21m:21s (0h:0m:56s left)
Iteration 890 / LogL: -17581.230 / Time: 0h:21m:34s (0h:0m:42s left)
Iteration 900 / LogL: -17593.471 / Time: 0h:21m:54s (0h:0m:27s left)
Log-likelihood cutoff on original alignment: -17740.008
NOTE: Bootstrap correlation coefficient of split occurrence frequencies: 0.977
NOTE: UFBoot does not converge, continue at least 100 more iterations
Iteration 910 / LogL: -17583.000 / Time: 0h:22m:9s (0h:2m:11s left)
Iteration 920 / LogL: -17620.866 / Time: 0h:22m:23s (0h:1m:56s left)
Iteration 930 / LogL: -17581.230 / Time: 0h:22m:36s (0h:1m:42s left)
Iteration 940 / LogL: -17587.928 / Time: 0h:22m:50s (0h:1m:27s left)
Iteration 950 / LogL: -17597.502 / Time: 0h:23m:4s (0h:1m:12s left)
Log-likelihood cutoff on original alignment: -17740.008
Estimate model parameters (epsilon = 0.100)
BETTER TREE FOUND at iteration 956: -17579.338
Iteration 960 / LogL: -17584.884 / Time: 0h:23m:19s (0h:2m:20s left)
Iteration 970 / LogL: -17586.648 / Time: 0h:23m:34s (0h:2m:5s left)
Estimate model parameters (epsilon = 0.100)
BETTER TREE FOUND at iteration 976: -17578.655
Iteration 980 / LogL: -17586.316 / Time: 0h:23m:48s (0h:2m:20s left)
Iteration 990 / LogL: -17586.275 / Time: 0h:24m:2s (0h:2m:5s left)
Iteration 1000 / LogL: -17588.771 / Time: 0h:24m:16s (0h:1m:50s left)
Log-likelihood cutoff on original alignment: -17740.008
NOTE: Bootstrap correlation coefficient of split occurrence frequencies: 0.982
NOTE: UFBoot does not converge, continue at least 100 more iterations
Iteration 1010 / LogL: -17589.738 / Time: 0h:24m:31s (0h:2m:11s left)
Iteration 1020 / LogL: -17580.777 / Time: 0h:24m:45s (0h:1m:56s left)
Iteration 1030 / LogL: -17582.290 / Time: 0h:25m:0s (0h:1m:42s left)
Iteration 1040 / LogL: -17579.494 / Time: 0h:25m:20s (0h:1m:27s left)
Iteration 1050 / LogL: -17596.591 / Time: 0h:25m:34s (0h:1m:13s left)
Log-likelihood cutoff on original alignment: -17740.008
Iteration 1060 / LogL: -17598.866 / Time: 0h:25m:50s (0h:0m:58s left)
Iteration 1070 / LogL: -17582.858 / Time: 0h:26m:4s (0h:0m:43s left)
Iteration 1080 / LogL: -17579.948 / Time: 0h:26m:19s (0h:0m:29s left)
Iteration 1090 / LogL: -17581.206 / Time: 0h:26m:33s (0h:0m:14s left)
Iteration 1100 / LogL: -17578.743 / Time: 0h:26m:47s (0h:0m:0s left)
Log-likelihood cutoff on original alignment: -17740.008
NOTE: Bootstrap correlation coefficient of split occurrence frequencies: 0.983
NOTE: UFBoot does not converge, continue at least 100 more iterations
Iteration 1110 / LogL: -17581.400 / Time: 0h:27m:2s (0h:2m:11s left)
Iteration 1120 / LogL: -17585.717 / Time: 0h:27m:17s (0h:1m:57s left)
Iteration 1130 / LogL: -17586.377 / Time: 0h:27m:35s (0h:1m:42s left)
Iteration 1140 / LogL: -17584.110 / Time: 0h:27m:50s (0h:1m:28s left)
Iteration 1150 / LogL: -17598.512 / Time: 0h:28m:7s (0h:1m:13s left)
Log-likelihood cutoff on original alignment: -17740.008
Iteration 1160 / LogL: -17579.800 / Time: 0h:28m:23s (0h:0m:58s left)
UPDATE BEST LOG-LIKELIHOOD: -17578.655
Iteration 1170 / LogL: -17583.049 / Time: 0h:28m:38s (0h:0m:44s left)
Iteration 1180 / LogL: -17579.740 / Time: 0h:28m:53s (0h:0m:29s left)
Iteration 1190 / LogL: -17578.656 / Time: 0h:29m:7s (0h:0m:14s left)
Iteration 1200 / LogL: -17589.705 / Time: 0h:29m:21s (0h:0m:0s left)
Log-likelihood cutoff on original alignment: -17740.008
NOTE: Bootstrap correlation coefficient of split occurrence frequencies: 0.983
NOTE: UFBoot does not converge, continue at least 100 more iterations
Iteration 1210 / LogL: -17584.779 / Time: 0h:29m:36s (0h:2m:12s left)
Iteration 1220 / LogL: -17581.669 / Time: 0h:29m:51s (0h:1m:57s left)
Estimate model parameters (epsilon = 0.100)
BETTER TREE FOUND at iteration 1229: -17576.855
Iteration 1230 / LogL: -17580.504 / Time: 0h:30m:6s (0h:2m:25s left)
Estimate model parameters (epsilon = 0.100)
BETTER TREE FOUND at iteration 1231: -17576.824
Estimate model parameters (epsilon = 0.100)
BETTER TREE FOUND at iteration 1235: -17576.733
Iteration 1240 / LogL: -17576.757 / Time: 0h:30m:21s (0h:2m:19s left)
Iteration 1250 / LogL: -17579.729 / Time: 0h:30m:38s (0h:2m:5s left)
Log-likelihood cutoff on original alignment: -17740.008
Iteration 1260 / LogL: -17622.288 / Time: 0h:30m:53s (0h:1m:50s left)
Iteration 1270 / LogL: -17576.764 / Time: 0h:31m:9s (0h:1m:35s left)
Iteration 1280 / LogL: -17580.259 / Time: 0h:31m:27s (0h:1m:21s left)
Iteration 1290 / LogL: -17578.963 / Time: 0h:31m:46s (0h:1m:6s left)
Iteration 1300 / LogL: -17579.048 / Time: 0h:32m:1s (0h:0m:51s left)
Log-likelihood cutoff on original alignment: -17740.008
NOTE: Bootstrap correlation coefficient of split occurrence frequencies: 0.981
NOTE: UFBoot does not converge, continue at least 100 more iterations
Iteration 1310 / LogL: -17581.728 / Time: 0h:32m:19s (0h:2m:13s left)
Iteration 1320 / LogL: -17580.098 / Time: 0h:32m:34s (0h:1m:58s left)
Iteration 1330 / LogL: -17580.033 / Time: 0h:32m:48s (0h:1m:43s left)
Iteration 1340 / LogL: -17583.200 / Time: 0h:33m:2s (0h:1m:28s left)
Iteration 1350 / LogL: -17585.739 / Time: 0h:33m:17s (0h:1m:14s left)
Log-likelihood cutoff on original alignment: -17740.008
Iteration 1360 / LogL: -17589.323 / Time: 0h:33m:36s (0h:0m:59s left)
Iteration 1370 / LogL: -17577.588 / Time: 0h:33m:51s (0h:0m:44s left)
Iteration 1380 / LogL: -17579.957 / Time: 0h:34m:5s (0h:0m:29s left)
Iteration 1390 / LogL: -17579.050 / Time: 0h:34m:20s (0h:0m:14s left)
Iteration 1400 / LogL: -17576.733 / Time: 0h:34m:35s (0h:0m:0s left)
Log-likelihood cutoff on original alignment: -17740.008
NOTE: Bootstrap correlation coefficient of split occurrence frequencies: 0.980
NOTE: UFBoot does not converge, continue at least 100 more iterations
UPDATE BEST LOG-LIKELIHOOD: -17576.733
Iteration 1410 / LogL: -17576.733 / Time: 0h:34m:50s (0h:2m:13s left)
Iteration 1420 / LogL: -17589.820 / Time: 0h:35m:5s (0h:1m:58s left)
Iteration 1430 / LogL: -17596.055 / Time: 0h:35m:20s (0h:1m:43s left)
Iteration 1440 / LogL: -17578.799 / Time: 0h:35m:43s (0h:1m:29s left)
Iteration 1450 / LogL: -17588.557 / Time: 0h:35m:57s (0h:1m:14s left)
Log-likelihood cutoff on original alignment: -17740.008
Iteration 1460 / LogL: -17583.267 / Time: 0h:36m:13s (0h:0m:59s left)
Iteration 1470 / LogL: -17590.657 / Time: 0h:36m:28s (0h:0m:44s left)
Iteration 1480 / LogL: -17581.222 / Time: 0h:36m:43s (0h:0m:29s left)
Iteration 1490 / LogL: -17576.856 / Time: 0h:36m:57s (0h:0m:14s left)
Iteration 1500 / LogL: -17584.292 / Time: 0h:37m:12s (0h:0m:0s left)
Log-likelihood cutoff on original alignment: -17740.008
NOTE: Bootstrap correlation coefficient of split occurrence frequencies: 0.981
NOTE: UFBoot does not converge, continue at least 100 more iterations
Iteration 1510 / LogL: -17589.229 / Time: 0h:37m:28s (0h:2m:14s left)
Iteration 1520 / LogL: -17576.764 / Time: 0h:37m:44s (0h:1m:59s left)
Iteration 1530 / LogL: -17593.940 / Time: 0h:37m:59s (0h:1m:44s left)
Iteration 1540 / LogL: -17588.535 / Time: 0h:38m:14s (0h:1m:29s left)
Iteration 1550 / LogL: -17596.364 / Time: 0h:38m:38s (0h:1m:14s left)
Log-likelihood cutoff on original alignment: -17740.008
Iteration 1560 / LogL: -17583.940 / Time: 0h:38m:53s (0h:0m:59s left)
Iteration 1570 / LogL: -17581.014 / Time: 0h:39m:9s (0h:0m:44s left)
Iteration 1580 / LogL: -17578.127 / Time: 0h:39m:25s (0h:0m:29s left)
Iteration 1590 / LogL: -17582.312 / Time: 0h:39m:54s (0h:0m:15s left)
Iteration 1600 / LogL: -17577.378 / Time: 0h:40m:15s (0h:0m:0s left)
Log-likelihood cutoff on original alignment: -17740.008
NOTE: Bootstrap correlation coefficient of split occurrence frequencies: 0.984
NOTE: UFBoot does not converge, continue at least 100 more iterations
Iteration 1610 / LogL: -17580.761 / Time: 0h:40m:33s (0h:2m:16s left)
Iteration 1620 / LogL: -17578.045 / Time: 0h:40m:58s (0h:2m:1s left)
Iteration 1630 / LogL: -17585.776 / Time: 0h:41m:17s (0h:1m:46s left)
Iteration 1640 / LogL: -17578.520 / Time: 0h:41m:34s (0h:1m:31s left)
Iteration 1650 / LogL: -17595.506 / Time: 0h:41m:48s (0h:1m:16s left)
Log-likelihood cutoff on original alignment: -17740.008
Iteration 1660 / LogL: -17582.692 / Time: 0h:42m:4s (0h:1m:0s left)
Iteration 1670 / LogL: -17577.671 / Time: 0h:42m:20s (0h:0m:45s left)
Iteration 1680 / LogL: -17582.586 / Time: 0h:42m:37s (0h:0m:30s left)
Iteration 1690 / LogL: -17576.733 / Time: 0h:42m:52s (0h:0m:15s left)
Iteration 1700 / LogL: -17580.349 / Time: 0h:43m:8s (0h:0m:0s left)
Log-likelihood cutoff on original alignment: -17740.008
NOTE: Bootstrap correlation coefficient of split occurrence frequencies: 0.983
NOTE: UFBoot does not converge, continue at least 100 more iterations
Iteration 1710 / LogL: -17580.183 / Time: 0h:43m:24s (0h:2m:17s left)
Iteration 1720 / LogL: -17576.733 / Time: 0h:43m:41s (0h:2m:1s left)
Iteration 1730 / LogL: -17593.929 / Time: 0h:43m:56s (0h:1m:46s left)
Iteration 1740 / LogL: -17583.387 / Time: 0h:44m:12s (0h:1m:31s left)
Iteration 1750 / LogL: -17582.651 / Time: 0h:44m:28s (0h:1m:16s left)
Log-likelihood cutoff on original alignment: -17740.008
Iteration 1760 / LogL: -17591.527 / Time: 0h:44m:45s (0h:1m:1s left)
Iteration 1770 / LogL: -17585.530 / Time: 0h:45m:1s (0h:0m:45s left)
Iteration 1780 / LogL: -17583.171 / Time: 0h:45m:16s (0h:0m:30s left)
Iteration 1790 / LogL: -17578.696 / Time: 0h:45m:36s (0h:0m:15s left)
Iteration 1800 / LogL: -17579.019 / Time: 0h:45m:52s (0h:0m:0s left)
Log-likelihood cutoff on original alignment: -17740.008
NOTE: Bootstrap correlation coefficient of split occurrence frequencies: 0.983
NOTE: UFBoot does not converge, continue at least 100 more iterations
Iteration 1810 / LogL: -17576.757 / Time: 0h:46m:9s (0h:2m:17s left)
Iteration 1820 / LogL: -17582.598 / Time: 0h:46m:25s (0h:2m:2s left)
Iteration 1830 / LogL: -17576.733 / Time: 0h:46m:45s (0h:1m:47s left)
Iteration 1840 / LogL: -17598.353 / Time: 0h:47m:1s (0h:1m:32s left)
Iteration 1850 / LogL: -17576.757 / Time: 0h:47m:23s (0h:1m:16s left)
Log-likelihood cutoff on original alignment: -17740.008
Iteration 1860 / LogL: -17577.557 / Time: 0h:47m:41s (0h:1m:1s left)
Iteration 1870 / LogL: -17581.811 / Time: 0h:47m:57s (0h:0m:46s left)
Iteration 1880 / LogL: -17584.016 / Time: 0h:48m:14s (0h:0m:30s left)
Iteration 1890 / LogL: -17582.088 / Time: 0h:48m:31s (0h:0m:15s left)
Iteration 1900 / LogL: -17577.072 / Time: 0h:48m:48s (0h:0m:0s left)
Log-likelihood cutoff on original alignment: -17734.130
NOTE: Bootstrap correlation coefficient of split occurrence frequencies: 0.983
NOTE: UFBoot does not converge, continue at least 100 more iterations
Iteration 1910 / LogL: -17580.120 / Time: 0h:49m:15s (0h:2m:19s left)
Iteration 1920 / LogL: -17584.367 / Time: 0h:49m:31s (0h:2m:3s left)
Iteration 1930 / LogL: -17576.733 / Time: 0h:49m:48s (0h:1m:48s left)
Iteration 1940 / LogL: -17576.733 / Time: 0h:50m:5s (0h:1m:33s left)
Estimate model parameters (epsilon = 0.100)
BETTER TREE FOUND at iteration 1941: -17575.273
Iteration 1950 / LogL: -17587.949 / Time: 0h:50m:22s (0h:2m:21s left)
Log-likelihood cutoff on original alignment: -17734.130
Iteration 1960 / LogL: -17575.310 / Time: 0h:50m:47s (0h:2m:5s left)
Iteration 1970 / LogL: -17576.734 / Time: 0h:51m:3s (0h:1m:50s left)
Iteration 1980 / LogL: -17578.701 / Time: 0h:51m:20s (0h:1m:34s left)
Estimate model parameters (epsilon = 0.100)
BETTER TREE FOUND at iteration 1982: -17575.241
Iteration 1990 / LogL: -17591.786 / Time: 0h:51m:37s (0h:2m:23s left)
Iteration 2000 / LogL: -17585.254 / Time: 0h:51m:54s (0h:2m:7s left)
Log-likelihood cutoff on original alignment: -17734.130
NOTE: Bootstrap correlation coefficient of split occurrence frequencies: 0.988
NOTE: UFBoot does not converge, continue at least 100 more iterations
WARNING: bootstrap analysis did not converge. You should rerun with higher number of iterations (-nm option)
TREE SEARCH COMPLETED AFTER 2001 ITERATIONS / Time: 0h:51m:57s

--------------------------------------------------------------------
|                    FINALIZING TREE SEARCH                        |
--------------------------------------------------------------------
Performs final model parameters optimization
Estimate model parameters (epsilon = 0.010)
1. Initial log-likelihood: -17575.241
Optimal log-likelihood: -17575.241
Gamma shape alpha: 0.846
Parameters optimization took 1 rounds (0.113 sec)
BEST SCORE FOUND : -17575.241
Creating bootstrap support values...
Split supports printed to NEXUS file K00943.blastp_ALL.outfmt6.parsed.filtered.uniq.faa.mafft.aln.trimal1.splits.nex
Total tree length: 74.286

Total number of iterations: 2001
CPU time used for tree search: 2992.357 sec (0h:49m:52s)
Wall-clock time used for tree search: 3102.598 sec (0h:51m:42s)
Total CPU time used: 3013.644 sec (0h:50m:13s)
Total wall-clock time used: 3119.216 sec (0h:51m:59s)

Computing bootstrap consensus tree...
Reading input file K00943.blastp_ALL.outfmt6.parsed.filtered.uniq.faa.mafft.aln.trimal1.splits.nex...
136 taxa and 2856 splits.
Consensus tree written to K00943.blastp_ALL.outfmt6.parsed.filtered.uniq.faa.mafft.aln.trimal1.contree
Reading input trees file K00943.blastp_ALL.outfmt6.parsed.filtered.uniq.faa.mafft.aln.trimal1.contree
Log-likelihood of consensus tree: -17576.734

Analysis results written to: 
  IQ-TREE report:                K00943.blastp_ALL.outfmt6.parsed.filtered.uniq.faa.mafft.aln.trimal1.iqtree
  Maximum-likelihood tree:       K00943.blastp_ALL.outfmt6.parsed.filtered.uniq.faa.mafft.aln.trimal1.treefile
  Likelihood distances:          K00943.blastp_ALL.outfmt6.parsed.filtered.uniq.faa.mafft.aln.trimal1.mldist

Ultrafast bootstrap approximation results written to:
  Split support values:          K00943.blastp_ALL.outfmt6.parsed.filtered.uniq.faa.mafft.aln.trimal1.splits.nex
  Consensus tree:                K00943.blastp_ALL.outfmt6.parsed.filtered.uniq.faa.mafft.aln.trimal1.contree
  Screen log file:               K00943.blastp_ALL.outfmt6.parsed.filtered.uniq.faa.mafft.aln.trimal1.log

Date and Time: Wed Oct 13 09:56:36 2021
