IQ-TREE multicore version 1.6.12 for Linux 64-bit built Aug 15 2019
Developed by Bui Quang Minh, Nguyen Lam Tung, Olga Chernomor,
Heiko Schmidt, Dominik Schrempf, Michael Woodhams.

Host:    coral (AVX512, FMA3, 376 GB RAM)
Command: /home/timothy/programs/iqtree-1.6.12-Linux/bin/iqtree -s K01923.blastp_ALL.outfmt6.parsed.filtered.uniq.faa.mafft.aln -nt AUTO -ntmax 6 -m LG+R7 -bb 2000 -nm 2000 -quiet
Seed:    974191 (Using SPRNG - Scalable Parallel Random Number Generator)
Time:    Tue Oct 12 21:18:44 2021
Kernel:  AVX+FMA - auto-detect threads (96 CPU cores detected)

Reading alignment file K01923.blastp_ALL.outfmt6.parsed.filtered.uniq.faa.mafft.aln ... Fasta format detected
Alignment most likely contains protein sequences
Alignment has 120 sequences with 922 columns, 866 distinct patterns
538 parsimony-informative, 214 singleton sites, 170 constant sites
                                                                                                                                                             Gap/Ambiguity  Composition  p-value
   1  Archaea-Crenarchaeota-Thermoprotei-Desulfurococcales-Desulfurococcaceae-Desulfurococcus_amylolyticus_WP_012608187.1                                           72.56%    failed      2.24%
   2  Archaea-Crenarchaeota-Thermoprotei-Sulfolobales-Sulfolobaceae-Metallosphaera_yellowstonensis_WP_009075445.1                                                   74.73%    failed      0.02%
   3  Archaea-Crenarchaeota-Thermoprotei-Sulfolobales-Sulfolobaceae-Saccharolobus_solfataricus_WP_009991162.1                                                       74.73%    failed      0.21%
   4  Archaea-Euryarchaeota-Thermoplasmata-Methanomassiliicoccales-CandidatusMethanomethylophilaceae-Candidatus_Methanomethylophilus_sp._1R26_WP_058746997.1        67.46%    failed      3.23%
   5  Archaea-Euryarchaeota-Thermoplasmata-NA-NA-methanogenic_archaeon_ISO4H5_WP_066074681.1                                                                        67.46%    passed      9.69%
   6  Archaea-Euryarchaeota-Thermoplasmata-Thermoplasmatales-NA-Thermoplasmatales_archaeon_BRNA1_WP_015492122.1                                                     67.46%    passed     12.79%
   7  Archaea-NA-NA-NA-NA-anaerobic_archaeon_MKD1_WP_147663252.1                                                                                                    65.51%    failed      4.67%
   8  Archaea-Thaumarchaeota-NA-NA-NA-Candidatus_Nitrosotenuis_cloacae_WP_048187961.1                                                                               70.28%    passed     59.56%
   9  Archaea-Thaumarchaeota-NA-Nitrosopumilales-Nitrosopumilaceae-Candidatus_Nitrosarchaeum_limnium_WP_010193882.1                                                 70.28%    passed     46.78%
  10  Archaea-Thaumarchaeota-Nitrososphaeria-Nitrososphaerales-Nitrososphaeraceae-Candidatus_Nitrosocosmicus_arcticus_WP_144732859.1                                68.66%    failed      1.84%
  11  Bacteria-Abditibacteriota-Abditibacteria-Abditibacteriales-Abitibacteriaceae-Abditibacterium_utsteinense_WP_105482332.1                                       67.79%    passed     63.30%
  12  Bacteria-Acidobacteria-Acidobacteriia-Acidobacteriales-Acidobacteriaceae-Acidobacteria_bacterium_KBS_146_WP_026385780.1                                       67.68%    passed     88.98%
  13  Bacteria-Acidobacteria-Acidobacteriia-Acidobacteriales-Acidobacteriaceae-Acidobacteriaceae_bacterium_TAA166_WP_022846051.1                                    67.79%    passed     82.83%
  14  Bacteria-Acidobacteria-Acidobacteriia-Acidobacteriales-Acidobacteriaceae-Edaphobacter_aggregans_WP_035350170.1                                                67.68%    passed     34.20%
  15  Bacteria-Actinobacteria-Coriobacteriia-Eggerthellales-Eggerthellaceae-Gordonibacter_massiliensis_WP_080144033.1                                               68.33%    passed     88.88%
  16  Bacteria-Actinobacteria-Coriobacteriia-Eggerthellales-Eggerthellaceae-Raoultibacter_timonensis_WP_102380232.1                                                 68.55%    passed     94.20%
  17  Bacteria-Actinobacteria-Coriobacteriia-Eggerthellales-Eggerthellaceae-Slackia_isoflavoniconvertens_WP_114615289.1                                             68.55%    passed     95.09%
  18  Bacteria-Bacteroidetes-Bacteroidia-Bacteroidales-Bacteroidaceae-Bacteroides_caecimuris_WP_120359972.1                                                         68.33%    passed     85.55%
  19  Bacteria-Bacteroidetes-Bacteroidia-Marinilabiliales-Marinifilaceae-Marinifilum_sp._JC120_WP_136675946.1                                                       67.57%    passed     84.53%
  20  Bacteria-candidatedivisionNC10-NA-NA-NA-candidate_division_NC10_bacterium_WP_116464761.1                                                                      66.70%    passed     71.32%
  21  Bacteria-candidatedivisionNC10-NA-NA-NA-Candidatus_Methylomirabilis_limnetica_WP_107561027.1                                                                  67.57%    passed     43.59%
  22  Bacteria-CandidatusKryptonia-NA-NA-NA-Candidatus_Thermokryptus_mobilis_WP_140944252.1                                                                         67.35%    passed     25.06%
  23  Bacteria-Chloroflexi-Thermomicrobia-NA-NA-Thermorudis_peleae_WP_051914616.1                                                                                   67.79%    failed      0.00%
  24  Bacteria-Chloroflexi-Thermomicrobia-Sphaerobacterales-Sphaerobacteraceae-Sphaerobacter_thermophilus_WP_012871774.1                                            67.57%    failed      0.38%
  25  Bacteria-Deferribacteres-Deferribacteres-Deferribacterales-Deferribacteraceae-Deferribacter_desulfuricans_WP_013008560.1                                      68.33%    passed      5.62%
  26  Bacteria-Deferribacteres-Deferribacteres-Deferribacterales-Deferribacteraceae-Denitrovibrio_acetiphilus_WP_052293503.1                                        68.22%    passed     30.62%
  27  Bacteria-Deferribacteres-Deferribacteres-Deferribacterales-Deferribacteraceae-Flexistipes_sinusarabici_WP_013885280.1                                         68.33%    passed     62.53%
  28  Bacteria-Elusimicrobia-Endomicrobia-Endomicrobiales-Endomicrobiaceae-Candidatus_Endomicrobium_trichonymphae_WP_096525981.1                                    68.33%    passed      5.67%
  29  Bacteria-Elusimicrobia-Endomicrobia-Endomicrobiales-Endomicrobiaceae-Endomicrobium_proavitum_WP_052571571.1                                                   68.33%    passed     33.29%
  30  Bacteria-Elusimicrobia-NA-NA-NA-uncultured_Termite_group_1_bacterium_WP_015423759.1                                                                           68.33%    passed      5.14%
  31  Bacteria-Fibrobacteres-Fibrobacteria-Fibrobacterales-Fibrobacteraceae-Fibrobacter_sp._UWCM_WP_073116610.1                                                     68.11%    passed     96.89%
  32  Bacteria-Fibrobacteres-Fibrobacteria-Fibrobacterales-Fibrobacteraceae-NA_WP_109736091.1                                                                       68.11%    passed     98.40%
  33  Bacteria-Firmicutes-Clostridia-Clostridiales-Clostridiaceae-Clostridium_sp._BNL1100_WP_014312100.1                                                            67.68%    passed     83.06%
  34  Bacteria-Firmicutes-Clostridia-Clostridiales-Hungateiclostridiaceae-Ruminiclostridium_cellulolyticum_WP_012634833.1                                           67.68%    passed     91.35%
  35  Bacteria-Firmicutes-Clostridia-Clostridiales-Hungateiclostridiaceae-Thermoclostridium_stercorarium_WP_015360113.1                                             68.00%    passed     37.99%
  36  Bacteria-Ignavibacteriae-Ignavibacteria-Ignavibacteriales-Ignavibacteriaceae-Ignavibacterium_album_WP_014560190.1                                             67.79%    passed     30.91%
  37  Bacteria-Ignavibacteriae-Ignavibacteria-Ignavibacteriales-Melioribacteraceae-Melioribacter_roseus_WP_014857090.1                                              67.57%    passed     21.58%
  38  Bacteria-Kiritimatiellaeota-Kiritimatiellae-Kiritimatiellales-Kiritimatiellaceae-Kiritimatiella_glycovorans_WP_052881644.1                                    67.35%    passed     73.22%
  39  Bacteria-Kiritimatiellaeota-Kiritimatiellae-Kiritimatiellales-NA-Kiritimatiellales_bacterium_WP_136078583.1                                                   67.79%    passed     76.08%
  40  Bacteria-Lentisphaerae-Lentisphaeria-Victivallales-NA-Victivallales_bacterium_CCUG_44730_WP_106054415.1                                                       67.68%    passed     80.17%
  41  Bacteria-Lentisphaerae-Lentisphaeria-Victivallales-Victivallaceae-Victivallis_vadensis_WP_116882223.1                                                         67.68%    passed     87.30%
  42  Bacteria-NA-NA-NA-NA-bacterium_D1663_WP_120376345.1                                                                                                           68.55%    passed     56.11%
  43  Bacteria-NA-NA-NA-NA-NA_WP_135892992.1                                                                                                                        67.90%    passed     88.19%
  44  Bacteria-Nitrospirae-Nitrospira-Nitrospirales-Nitrospiraceae-Candidatus_Sulfobium_mesophilum_WP_109134777.1                                                   68.33%    passed     65.97%
  45  Bacteria-Nitrospirae-Nitrospira-Nitrospirales-Nitrospiraceae-NA_WP_012545457.1                                                                                68.33%    passed     60.29%
  46  Bacteria-Nitrospirae-Nitrospira-Nitrospirales-Nitrospiraceae-Thermodesulfovibrio_yellowstonii_YP_002249081.1                                                  68.33%    passed     60.29%
  47  Bacteria-Planctomycetes-Phycisphaerae-NA-NA-Phycisphaerae_bacterium_SMChiD1_WP_146683402.1                                                                    67.79%    passed     63.83%
  48  Bacteria-Planctomycetes-Phycisphaerae-Sedimentisphaerales-Sedimentisphaeraceae-Sedimentisphaera_salicampi_WP_094759847.1                                      67.79%    passed     17.62%
  49  Bacteria-Planctomycetes-Planctomycetia-Planctomycetales-Planctomycetaceae-Thermogutta_terrifontis_WP_095416136.1                                              68.00%    passed     85.16%
  50  Bacteria-Proteobacteria-Deltaproteobacteria-Desulfovibrionales-Desulfohalobiaceae-Desulfohalobium_retbaense_WP_015751550.1                                    67.14%    failed      1.59%
  51  Bacteria-Proteobacteria-Deltaproteobacteria-Desulfovibrionales-Desulfovibrionaceae-Bilophila_sp._4_1_30_WP_009380962.1                                        67.68%    passed     99.75%
  52  Bacteria-Proteobacteria-Deltaproteobacteria-Desulfovibrionales-Desulfovibrionaceae-Halodesulfovibrio_marinisediminis_WP_074217655.1                           67.68%    passed     93.70%
  53  Bacteria-Synergistetes-Synergistia-Synergistales-Synergistaceae-Pyramidobacter_piscolens_WP_009165720.1                                                       68.66%    passed     89.74%
  54  Bacteria-Thermodesulfobacteria-Thermodesulfobacteria-Thermodesulfobacteriales-Thermodesulfobacteriaceae-Thermodesulfatator_autotrophicus_WP_068540973.1       67.68%    passed     19.00%
  55  Bacteria-Thermodesulfobacteria-Thermodesulfobacteria-Thermodesulfobacteriales-Thermodesulfobacteriaceae-Thermodesulfobacterium_hveragerdense_WP_028840722.1   68.00%    passed     33.99%
  56  Bacteria-Thermodesulfobacteria-Thermodesulfobacteria-Thermodesulfobacteriales-Thermodesulfobacteriaceae-Thermosulfurimonas_dismutans_WP_068668908.1           67.79%    passed     36.51%
  57  Bacteria-Verrucomicrobia-NA-NA-NA-Verrucomicrobia_bacterium_S94_WP_130594619.1                                                                                67.79%    passed     62.25%
  58  Bacteria-Verrucomicrobia-Spartobacteria-NA-NA-Spartobacteria_bacterium_LR76_WP_108062260.1                                                                    67.90%    passed     34.14%
  59  Bacteria-Verrucomicrobia-Spartobacteria-NA-NA-Terrimicrobium_sacchariphilum_WP_075079238.1                                                                    67.90%    passed     27.38%
  60  Eukaryota-Alveolata-Dinophyceae-NA-Unranked-Glenodinium_foliaceum_MMETSP0119_c85039_g1_i1.p2                                                                  67.68%    passed     15.85%
  61  Eukaryota-Alveolata-Dinophyceae-Peridiniales-Kryptoperidiniaceae-Durinskia_baltica_MMETSP0116_c88310_g1_i1.p1                                                 71.15%    passed     79.40%
  62  Eukaryota-Alveolata-Dinophyceae-Peridiniales-Kryptoperidiniaceae-Kryptoperidinium_foliaceum_MMETSP0120_c11255_g1_i1.p1                                        51.41%    passed     59.02%
  63  Eukaryota-Amoebozoa-NA-NA-Paramoebidae-Paramoeba_atlantica_MMETSP0151_c23877_g1_i1.p1                                                                         50.00%    passed     99.10%
  64  Eukaryota-Amoebozoa-NA-NA-Paramoebidae-Stygamoeba_regulata_MMETSP0447_c14816_g1_i1.p1                                                                         66.59%    failed      3.55%
  65  Eukaryota-Amoebozoa-NA-NA-Paramoebidae-Trichosphaerium_sp_MMETSP0405_c3559_g1_i1.p1                                                                           64.43%    passed     52.23%
  66  Eukaryota-Apicomplexa-NA-Unranked-NA-Alveolata_sp_MMETSP0288_c97_g1_i1.p1                                                                                     45.88%    passed     61.25%
  67  Eukaryota-Arthropoda-Insecta-Diptera-Calliphoridae-Lucilia_cuprina_XP_023308021.1                                                                             67.57%    failed      0.94%
  68  Eukaryota-Ascomycota-Saccharomycetes-Saccharomycetales-Debaryomycetaceae-Candida_viswanathii_XP_026597730.1                                                   68.11%    passed     95.42%
  69  Eukaryota-Ascomycota-Saccharomycetes-Saccharomycetales-Saccharomycetaceae-Eremothecium_gossypii_NP_985078.1                                                   67.25%    passed     97.07%
  70  Eukaryota-Ascomycota-Sordariomycetes-Sordariales-Sordariaceae-Neurospora_discreta_jgi99799                                                                    66.70%    passed     92.10%
  71  Eukaryota-Basidiomycota-Agaricomycetes-Polyporales-Phanerochaetaceae-Phanerochaete_chrysosporium_jgi137445                                                    66.27%    passed     48.41%
  72  Eukaryota-Basidiomycota-Agaricomycetes-Polyporales-Polyporaceae-Dichomitus_squalens_XP_007363111.1                                                            65.94%    passed     37.57%
  73  Eukaryota-Basidiomycota-Agaricomycetes-Polyporales-Polyporaceae-Trametes_versicolor_XP_008038092.1                                                            66.70%    passed     27.93%
  74  Eukaryota-Cercozoa-Chlorarachniophyceae-NA-NA-Gymnochlora_sp_MMETSP0110_c8240_g1_i1.p1                                                                        65.94%    failed      2.94%
  75  Eukaryota-Cercozoa-Chlorarachniophyceae-NA-NA-Lotharella_amoebiformis_MMETSP0042_c16443_g1_i1.p1                                                              65.94%    failed      1.13%
  76  Eukaryota-Cercozoa-Chlorarachniophyceae-NA-NA-Partenskyella_glossopodia_MMETSP1318_c2535_g1_i1.p1                                                             65.73%    passed     21.72%
  77  Eukaryota-Chlorophyta-Chlorophyceae-Chlamydomonadales-Chlamydomonadaceae-Chlamydomonas_euryale_MMETSP0063_c401_g1_i1.p2                                       56.18%    passed     33.04%
  78  Eukaryota-Chlorophyta-Chlorophyceae-Chlamydomonadales-Chlamydomonadaceae-Polytomella_parva_MMETSP0052_c8336_g1_i1.p1                                          59.65%    passed     40.94%
  79  Eukaryota-Chlorophyta-Trebouxiophyceae-Chlorellales-Chlorellaceae-Chlorella_NC64A_jgi21048                                                                    58.79%    failed      0.04%
  80  Eukaryota-Choanoflagellata-Choanoflagellata-Choanoflagellata-NA-Acanthoeca_sp_MMETSP0105_c19824_g1_i1.p1                                                      59.65%    failed      0.00%
  81  Eukaryota-Chromeraceae-NA-NA-NA-Chromera_velia_MMETSP0290_c41293_g1_i1.p1                                                                                     49.57%    passed      9.26%
  82  Eukaryota-Chromeraceae-NA-NA-NA-Vitrella_brassicaformis_MMETSP1451_c4143_g1_i1.p1                                                                             45.88%    passed     61.25%
  83  Eukaryota-Chytridiomycota-Chytridiomycetes-Rhizophydiales-NA-Batrachochytrium_dendrobatidis_jgi90103                                                          67.79%    passed     87.76%
  84  Eukaryota-Chytridiomycota-Chytridiomycetes-Spizellomycetales-Spizellomycetaceae-Spizellomyces_punctatus_XP_016610224.1                                        66.38%    passed     99.39%
  85  Eukaryota-Ciliophora-NA-Unranked-NA-Mesodinium_pulex_MMETSP0467_c14021_g1_i1.p1                                                                               57.70%    passed     56.09%
  86  Eukaryota-Ciliophora-NA-Unranked-NA-Strombidinopsis_sp_MMETSP0463_c4287_g1_i1.p1                                                                              60.41%    passed     48.33%
  87  Eukaryota-Ciliophora-NA-Unranked-NA-Tiarina_fusus_MMETSP0472_c12927_g1_i1.p1                                                                                  50.43%    passed     75.38%
  88  Eukaryota-Cnidaria-Anthozoa-Scleractinia-Pocilloporidae-Stylophora_pistillata_XP_022809929.1                                                                  73.97%    passed     98.37%
  89  Eukaryota-Cryptophyta-NA-Cryptomonadales-Hemiselmidaceae-Hemiselmis_virescens_MMETSP1356_c35154_g1_i1.p1                                                      61.28%    passed     22.31%
  90  Eukaryota-Cryptophyta-NA-Goniomondales-NA-Goniomonas_pacifica_MMETSP0108_c42043_g1_i1.p2                                                                      67.90%    passed      7.76%
  91  Eukaryota-Cryptophyta-NA-Pyrenomonadales-Pyrenomonadaceae-Rhodomonas_lens_MMETSP0484_c997_g1_i1.p2                                                            61.93%    passed     58.37%
  92  Eukaryota-Euglenida-NA-Eutreptiales-NA-Eutreptiella_gymnastica_MMETSP0039_c25591_g1_i2.p1                                                                     46.20%    passed      5.28%
  93  Eukaryota-Glaucophyta-Glaucophyta-Gloeochaetales-Gloeochaetaceae-Gloeochaete_witrockiana_MMETSP0308_c17659_g1_i1.p1                                           56.18%    passed     33.92%
  94  Eukaryota-Glaucophyta-Glaucophyta-NA-Cyanophoraceae-Cyanophora_paradoxa_tig00000241_g21004.t1                                                                 58.79%    passed     64.27%
  95  Eukaryota-Glaucophyta-Glaucophyta-NA-NA-Cyanoptyche_gloeocystis_MMETSP1086_c3847_g1_i1.p1                                                                     56.83%    passed      6.68%
  96  Eukaryota-Haptophyta-NA-Prymnesiales-NA-Chrysochromulina_polylepis_MMETSP0143_c63649_g1_i1.p1                                                                 65.29%    passed     78.19%
  97  Eukaryota-Haptophyta-NA-Prymnesiales-NA-Coccolithus_pelagicussspbraarudi_MMETSP0164_c1623_g1_i1.p1                                                            64.53%    passed     76.78%
  98  Eukaryota-Haptophyta-NA-Prymnesiales-NA-Prymnesium_parvum_MMETSP0007_c5485_g1_i1.p1                                                                           66.49%    passed     83.06%
  99  Eukaryota-Mesomycetozoea-Ichthyosporea-Ichthyophonida-NA-Sphaeroforma_arctica_XP_014157594.1                                                                  67.57%    passed     98.56%
 100  Eukaryota-Mesomycetozoea-Ichthyosporea-NA-NA-Capsaspora_owczarzaki_XP_004347344.1                                                                             67.57%    passed     99.66%
 101  Eukaryota-Mucorales-Mucoraceae-Undefined-Undefined-Mucor_circinelloides_jgi49872                                                                              67.68%    passed     88.07%
 102  Eukaryota-Mucoromycota-Glomeromycetes-Glomerales-Glomeraceae-Rhizophagus_irregularis_XP_025168452.1                                                           67.68%    passed     28.52%
 103  Eukaryota-Mucoromycota-Mucoromycetes-Mucorales-Phycomycetaceae-Phycomyces_blakesleeanus_jgi77526                                                              67.68%    passed     60.29%
 104  Eukaryota-Mucoromycota-Mucoromycetes-Mucorales-Rhizopodaceae-Rhizopus_microsporus_XP_023466879.1                                                              67.68%    passed     66.80%
 105  Eukaryota-Perkinsozoa-NA-Perkinsida-Perkinsidae-Perkinsus_marinus_XP_002772079.1                                                                              44.90%    failed      0.23%
 106  Eukaryota-Priapulida-Priapulimorpha-Priapulimorphida-Priapulidae-Priapulus_caudatus_XP_014680469.1                                                            78.96%    passed     52.22%
 107  Eukaryota-Retaria-NA-NA-NA-Sorites_sp_MMETSP0191_c12140_g1_i1.p1                                                                                              48.48%    failed      0.56%
 108  Eukaryota-Rhodophyta-Bangiophyceae-Bangiales-Bangiaceae-Porphyra_umbilicalis_Poumb0715s0004.1                                                                 46.85%    failed      0.00%
 109  Eukaryota-Rhodophyta-Bangiophyceae-NA-NA-Rhodella_maculata_MMETSP0167_c12460_g1_i1.p1                                                                         57.70%    passed     21.73%
 110  Eukaryota-Rhodophyta-Florideophyceae-Gigartinales-Gigartinaceae-Chondrus_crispus_XP_005715985.1                                                               39.37%    failed      0.00%
 111  Eukaryota-Stramenopiles-NA-NA-NA-Pseudo_australis_MMETSP0139_c12253_g1_i1.p1                                                                                  50.00%    passed     82.69%
 112  Eukaryota-Stramenopiles-Oomycetes-Peronosporales-Peronosporaceae-Phytophthora_capsici_jgi26969                                                                72.23%    passed     44.11%
 113  Eukaryota-Stramenopiles-Raphidophyceae-Chattonellales-Chattonellaceae-Heterosigma_akashiwo_MMETSP0414_c31320_g1_i1.p3                                         77.01%    passed     26.04%
 114  Eukaryota-Streptophyta-Liliopsida-Poales-Poaceae-Oryza_brachyantha_XP_006660719.1                                                                             56.62%    failed      0.07%
 115  Eukaryota-Streptophyta-NA-Fagales-Fagaceae-Quercus_suber_XP_023929171.1                                                                                       66.59%    failed      2.07%
 116  Eukaryota-Streptophyta-NA-Lamiales-Phrymaceae-Erythranthe_guttata_XP_012850952.1                                                                              68.44%    passed     64.45%
 117  MSTRG.7998.1.p1                                                                                                                                               64.32%    passed     16.61%
 118  Paulinella_chromatophora_CCAC0185_nuclear___scaffold11809-m80556                                                                                              64.21%    failed      3.75%
 119  Paulinella_chromatophora_CCAC0185_nuclear___scaffold8005-m62628                                                                                               64.21%    failed      3.75%
 120  Viruses-NA-NA-NA-NA-Mollivirus_sibericum_YP_009165053.1                                                                                                       59.76%    failed      0.57%
WARNING: 110 sequences contain more than 50% gaps/ambiguity
****  TOTAL                                                                                                                                                         64.90%  24 sequences failed composition chi2 test (p-value<5%; df=19)
NOTE: Bacteria-Nitrospirae-Nitrospira-Nitrospirales-Nitrospiraceae-Thermodesulfovibrio_yellowstonii_YP_002249081.1 is identical to Bacteria-Nitrospirae-Nitrospira-Nitrospirales-Nitrospiraceae-NA_WP_012545457.1 but kept for subsequent analysis
NOTE: Eukaryota-Chromeraceae-NA-NA-NA-Vitrella_brassicaformis_MMETSP1451_c4143_g1_i1.p1 is identical to Eukaryota-Apicomplexa-NA-Unranked-NA-Alveolata_sp_MMETSP0288_c97_g1_i1.p1 but kept for subsequent analysis
NOTE: Paulinella_chromatophora_CCAC0185_nuclear___scaffold8005-m62628 is identical to Paulinella_chromatophora_CCAC0185_nuclear___scaffold11809-m80556 but kept for subsequent analysis

Create initial parsimony tree by phylogenetic likelihood library (PLL)... 0.109 seconds
Generating 2000 samples for ultrafast bootstrap (seed: 974191)...

NOTE: 122 MB RAM (0 GB) is required!
Measuring multi-threading efficiency up to 6 CPU cores
6 trees examined
Threads: 1 / Time: 6.323 sec / Speedup: 1.000 / Efficiency: 100% / LogL: -66211
Threads: 2 / Time: 3.792 sec / Speedup: 1.667 / Efficiency: 83% / LogL: -66211
Threads: 3 / Time: 2.211 sec / Speedup: 2.859 / Efficiency: 95% / LogL: -66211
Threads: 4 / Time: 2.122 sec / Speedup: 2.980 / Efficiency: 75% / LogL: -66211
Threads: 5 / Time: 2.297 sec / Speedup: 2.752 / Efficiency: 55% / LogL: -66211
Threads: 6 / Time: 1.451 sec / Speedup: 4.357 / Efficiency: 73% / LogL: -66211
BEST NUMBER OF THREADS: 6

Estimate model parameters (epsilon = 0.100)
1. Initial log-likelihood: -48758.946
2. Current log-likelihood: -46753.064
3. Current log-likelihood: -46728.274
4. Current log-likelihood: -46727.662
5. Current log-likelihood: -46727.464
6. Current log-likelihood: -46727.336
Optimal log-likelihood: -46727.239
Site proportion and rates:  (0.064,0.043) (0.064,0.145) (0.103,0.308) (0.059,0.428) (0.137,0.642) (0.173,1.000) (0.400,1.676)
Parameters optimization took 6 rounds (24.653 sec)
Computing ML distances based on estimated model parameters... 13.152 sec
Computing BIONJ tree...
0.014 seconds
Log-likelihood of BIONJ tree: -46752.677
--------------------------------------------------------------------
|             INITIALIZING CANDIDATE TREE SET                      |
--------------------------------------------------------------------
Generating 98 parsimony trees... 14.989 second
Computing log-likelihood of 98 initial trees ... 49.282 seconds
Current best score: -46703.747

Do NNI search on 20 best initial trees
Estimate model parameters (epsilon = 0.100)
BETTER TREE FOUND at iteration 1: -46611.519
Estimate model parameters (epsilon = 0.100)
BETTER TREE FOUND at iteration 2: -46581.671
Estimate model parameters (epsilon = 0.100)
BETTER TREE FOUND at iteration 3: -46577.629
Estimate model parameters (epsilon = 0.100)
BETTER TREE FOUND at iteration 4: -46549.392
Iteration 10 / LogL: -46598.209 / Time: 0h:5m:43s
Iteration 20 / LogL: -46582.797 / Time: 0h:6m:39s
Finish initializing candidate tree set (20)
Current best tree score: -46549.392 / CPU time: 339.538
Number of iterations: 20
--------------------------------------------------------------------
|               OPTIMIZING CANDIDATE TREE SET                      |
--------------------------------------------------------------------
Estimate model parameters (epsilon = 0.100)
BETTER TREE FOUND at iteration 24: -46542.714
Estimate model parameters (epsilon = 0.100)
BETTER TREE FOUND at iteration 29: -46537.729
Iteration 30 / LogL: -46568.346 / Time: 0h:7m:34s (0h:25m:17s left)
Iteration 40 / LogL: -46560.369 / Time: 0h:8m:31s (0h:19m:5s left)
Iteration 50 / LogL: -46538.435 / Time: 0h:9m:20s (0h:14m:47s left)
Log-likelihood cutoff on original alignment: -46631.271
Iteration 60 / LogL: -46549.575 / Time: 0h:10m:16s (0h:11m:48s left)
Iteration 70 / LogL: -46537.979 / Time: 0h:11m:14s (0h:9m:28s left)
Estimate model parameters (epsilon = 0.100)
BETTER TREE FOUND at iteration 74: -46537.534
Iteration 80 / LogL: -46542.806 / Time: 0h:12m:8s (0h:14m:14s left)
Estimate model parameters (epsilon = 0.100)
BETTER TREE FOUND at iteration 86: -46536.773
Iteration 90 / LogL: -46565.936 / Time: 0h:13m:7s (0h:13m:58s left)
UPDATE BEST LOG-LIKELIHOOD: -46536.771
Iteration 100 / LogL: -46552.119 / Time: 0h:14m:0s (0h:12m:1s left)
Log-likelihood cutoff on original alignment: -46631.271
NOTE: Bootstrap correlation coefficient of split occurrence frequencies: 0.995
Estimate model parameters (epsilon = 0.100)
BETTER TREE FOUND at iteration 109: -46536.269
Iteration 110 / LogL: -46545.977 / Time: 0h:15m:18s (0h:13m:45s left)
Iteration 120 / LogL: -46547.532 / Time: 0h:16m:26s (0h:12m:10s left)
Iteration 130 / LogL: -46538.569 / Time: 0h:17m:34s (0h:10m:39s left)
Estimate model parameters (epsilon = 0.100)
BETTER TREE FOUND at iteration 131: -46535.101
Estimate model parameters (epsilon = 0.100)
BETTER TREE FOUND at iteration 133: -46535.054
Iteration 140 / LogL: -46538.602 / Time: 0h:18m:54s (0h:12m:32s left)
Iteration 150 / LogL: -46536.534 / Time: 0h:20m:1s (0h:11m:3s left)
Log-likelihood cutoff on original alignment: -46631.271
Iteration 160 / LogL: -46535.105 / Time: 0h:21m:12s (0h:9m:39s left)
Iteration 170 / LogL: -46546.513 / Time: 0h:22m:17s (0h:8m:14s left)
Iteration 180 / LogL: -46535.565 / Time: 0h:23m:34s (0h:6m:55s left)
Iteration 190 / LogL: -46578.725 / Time: 0h:24m:54s (0h:5m:37s left)
Iteration 200 / LogL: -46536.782 / Time: 0h:26m:8s (0h:4m:18s left)
Log-likelihood cutoff on original alignment: -46631.271
NOTE: Bootstrap correlation coefficient of split occurrence frequencies: 0.996
Iteration 210 / LogL: -46541.127 / Time: 0h:27m:23s (0h:11m:43s left)
Iteration 220 / LogL: -46536.035 / Time: 0h:28m:22s (0h:10m:18s left)
Iteration 230 / LogL: -46539.258 / Time: 0h:29m:27s (0h:8m:57s left)
TREE SEARCH COMPLETED AFTER 234 ITERATIONS / Time: 0h:29m:51s

--------------------------------------------------------------------
|                    FINALIZING TREE SEARCH                        |
--------------------------------------------------------------------
Performs final model parameters optimization
Estimate model parameters (epsilon = 0.010)
1. Initial log-likelihood: -46535.054
Optimal log-likelihood: -46535.053
Site proportion and rates:  (0.057,0.031) (0.070,0.134) (0.128,0.306) (0.129,0.550) (0.169,0.851) (0.256,1.394) (0.190,1.983)
Parameters optimization took 1 rounds (1.653 sec)
BEST SCORE FOUND : -46535.053
Creating bootstrap support values...
Split supports printed to NEXUS file K01923.blastp_ALL.outfmt6.parsed.filtered.uniq.faa.mafft.aln.splits.nex
Total tree length: 75.224

Total number of iterations: 234
CPU time used for tree search: 9238.438 sec (2h:33m:58s)
Wall-clock time used for tree search: 1732.075 sec (0h:28m:52s)
Total CPU time used: 9767.707 sec (2h:42m:47s)
Total wall-clock time used: 1794.690 sec (0h:29m:54s)

Computing bootstrap consensus tree...
Reading input file K01923.blastp_ALL.outfmt6.parsed.filtered.uniq.faa.mafft.aln.splits.nex...
120 taxa and 989 splits.
Consensus tree written to K01923.blastp_ALL.outfmt6.parsed.filtered.uniq.faa.mafft.aln.contree
Reading input trees file K01923.blastp_ALL.outfmt6.parsed.filtered.uniq.faa.mafft.aln.contree
Log-likelihood of consensus tree: -46537.249

Analysis results written to: 
  IQ-TREE report:                K01923.blastp_ALL.outfmt6.parsed.filtered.uniq.faa.mafft.aln.iqtree
  Maximum-likelihood tree:       K01923.blastp_ALL.outfmt6.parsed.filtered.uniq.faa.mafft.aln.treefile
  Likelihood distances:          K01923.blastp_ALL.outfmt6.parsed.filtered.uniq.faa.mafft.aln.mldist

Ultrafast bootstrap approximation results written to:
  Split support values:          K01923.blastp_ALL.outfmt6.parsed.filtered.uniq.faa.mafft.aln.splits.nex
  Consensus tree:                K01923.blastp_ALL.outfmt6.parsed.filtered.uniq.faa.mafft.aln.contree
  Screen log file:               K01923.blastp_ALL.outfmt6.parsed.filtered.uniq.faa.mafft.aln.log

Date and Time: Tue Oct 12 21:48:42 2021
