IQ-TREE multicore version 1.6.12 for Linux 64-bit built Aug 15 2019
Developed by Bui Quang Minh, Nguyen Lam Tung, Olga Chernomor,
Heiko Schmidt, Dominik Schrempf, Michael Woodhams.

Host:    coral (AVX512, FMA3, 376 GB RAM)
Command: /home/timothy/programs/iqtree-1.6.12-Linux/bin/iqtree -s K01939.blastp_ALL.outfmt6.parsed.filtered.uniq.faa.mafft.aln.trimal1 -nt AUTO -ntmax 4 -m MFP -bb 2000 -nm 2000 -quiet
Seed:    992825 (Using SPRNG - Scalable Parallel Random Number Generator)
Time:    Wed Oct 13 09:35:39 2021
Kernel:  AVX+FMA - auto-detect threads (96 CPU cores detected)

Reading alignment file K01939.blastp_ALL.outfmt6.parsed.filtered.uniq.faa.mafft.aln.trimal1 ... Fasta format detected
Alignment most likely contains protein sequences
Alignment has 215 sequences with 297 columns, 297 distinct patterns
264 parsimony-informative, 21 singleton sites, 12 constant sites
                                                                                                                                                                Gap/Ambiguity  Composition  p-value
   1  Archaea-CandidatusBathyarchaeota-NA-NA-NA-Candidatus_Bathyarchaeota_archaeon_WP_116596616.1                                                                      15.82%    passed     39.17%
   2  Archaea-CandidatusBathyarchaeota-NA-NA-NA-Candidatus_Bathyarchaeota_archaeon_WP_119818961.1                                                                      15.82%    passed     16.81%
   3  Archaea-CandidatusKorarchaeota-NA-NA-NA-Candidatus_Korarchaeum_cryptofilum_WP_125742960.1                                                                         3.03%    passed     30.78%
   4  Archaea-Crenarchaeota-Thermoprotei-Desulfurococcales-Desulfurococcaceae-Desulfurococcaceae_archaeon_AG1_WP_109159295.1                                           16.16%    failed      1.74%
   5  Archaea-Crenarchaeota-Thermoprotei-Desulfurococcales-Desulfurococcaceae-Desulfurococcus_amylolyticus_WP_048815847.1                                              16.16%    passed     16.40%
   6  Archaea-Crenarchaeota-Thermoprotei-Sulfolobales-Sulfolobaceae-Sulfolobus_sp._JCM_16833_WP_054844886.1                                                            16.16%    failed      1.30%
   7  Archaea-Euryarchaeota-Archaeoglobi-Archaeoglobales-Archaeoglobaceae-Archaeoglobus_sulfaticallidus_WP_015590543.1                                                  3.37%    passed     95.52%
   8  Archaea-Euryarchaeota-Methanomicrobia-Methanosarcinales-CandidatusMethanoperedenaceae-Candidatus_Methanoperedenaceae_archaeon_WP_116481558.1                      3.37%    passed     58.51%
   9  Archaea-Euryarchaeota-Methanomicrobia-Methanosarcinales-Methanosarcinaceae-Methanohalobium_evestigatum_WP_013194210.1                                             3.37%    passed     95.07%
  10  Archaea-Euryarchaeota-Thermoplasmata-Methanomassiliicoccales-Methanomassiliicoccaceae-Candidatus_Methanomassiliicoccus_intestinalis_WP_020449084.1                3.37%    passed     98.93%
  11  Archaea-NA-NA-NA-NA-anaerobic_archaeon_MKD1_WP_147664005.1                                                                                                        3.03%    passed     93.99%
  12  Archaea-NA-NA-NA-NA-archaeon_AArcSl_WP_119818676.1                                                                                                                3.70%    passed     36.64%
  13  Archaea-Thaumarchaeota-NA-NA-NA-Marine_Group_I_thaumarchaeote_SCGC_AAA799O18_WP_048069988.1                                                                      15.82%    passed     87.32%
  14  Archaea-Thaumarchaeota-NA-NA-NA-NA_WP_048079375.1                                                                                                                15.82%    passed     93.27%
  15  Archaea-Thaumarchaeota-NA-Nitrosopumilales-Nitrosopumilaceae-Candidatus_Nitrosarchaeum_limnium_WP_010191071.1                                                    15.82%    passed     52.94%
  16  Archaea-Thaumarchaeota-NA-Nitrosopumilales-Nitrosopumilaceae-Nitrosopumilus_maritimus_WP_012215803.1                                                             15.82%    passed     76.27%
  17  Bacteria-Acidobacteria-Acidobacteriia-Acidobacteriales-Acidobacteriaceae-Acidobacteria_bacterium_KBS_146_WP_026388385.1                                           3.37%    passed     99.91%
  18  Bacteria-Acidobacteria-Acidobacteriia-Acidobacteriales-Acidobacteriaceae-Candidatus_Koribacter_versatilis_WP_011524667.1                                          3.37%    passed     99.70%
  19  Bacteria-Acidobacteria-Acidobacteriia-Acidobacteriales-Acidobacteriaceae-NA_WP_047490417.1                                                                        3.37%    passed     99.93%
  20  Bacteria-Acidobacteria-Acidobacteriia-Bryobacterales-Solibacteraceae-Candidatus_Solibacter_usitatus_WP_011683785.1                                                3.37%    passed     99.71%
  21  Bacteria-Actinobacteria-Actinobacteria-Actinomycetales-Actinomycetaceae-Actinomyces_radicidentis_WP_067941718.1                                                   3.37%    passed     44.81%
  22  Bacteria-Actinobacteria-Actinobacteria-Bifidobacteriales-Bifidobacteriaceae-Bifidobacterium_breve_WP_016462059.1                                                  3.37%    passed     98.26%
  23  Bacteria-Actinobacteria-Actinobacteria-Micrococcales-Rarobacteraceae-Rarobacter_incanus_WP_142112390.1                                                            3.37%    passed     88.87%
  24  Bacteria-Actinobacteria-Coriobacteriia-Coriobacteriales-Atopobiaceae-Atopobium_vaginae_WP_006302238.1                                                             3.37%    passed     99.64%
  25  Bacteria-Aquificae-Aquificae-Aquificales-Hydrogenothermaceae-Persephonella_hydrogeniphila_WP_097001157.1                                                          3.37%    passed     98.45%
  26  Bacteria-Aquificae-Aquificae-Aquificales-Hydrogenothermaceae-Sulfurihydrogenibium_subterraneum_WP_028950248.1                                                     3.37%    passed     94.26%
  27  Bacteria-Aquificae-Aquificae-Desulfurobacteriales-Desulfurobacteriaceae-Balnearium_lithotrophicum_WP_142935746.1                                                  3.37%    passed     71.00%
  28  Bacteria-Aquificae-Aquificae-Desulfurobacteriales-Desulfurobacteriaceae-Desulfurobacterium_indicum_WP_076713080.1                                                 3.37%    passed     82.54%
  29  Bacteria-Bacteroidetes-Cytophagia-Cytophagales-Hymenobacteraceae-Hymenobacter_perfusus_WP_125434506.1                                                             3.37%    passed     52.48%
  30  Bacteria-Bacteroidetes-Cytophagia-Cytophagales-Hymenobacteraceae-NA_WP_045689958.1                                                                                3.37%    passed     78.54%
  31  Bacteria-Bacteroidetes-NA-BacteroidetesOrderII.Incertaesedis-Rhodothermaceae-Longibacter_salinarum_WP_098075086.1                                                 3.37%    passed    100.00%
  32  Bacteria-Bacteroidetes-NA-BacteroidetesOrderII.Incertaesedis-Rhodothermaceae-Rhodothermaceae_bacterium_RA_WP_068125026.1                                          3.37%    passed     88.89%
  33  Bacteria-candidatedivisionNC10-NA-NA-NA-Candidatus_Methylomirabilis_limnetica_WP_107561898.1                                                                      3.37%    passed     98.49%
  34  Bacteria-CandidatusKryptonia-NA-NA-NA-Candidatus_Kryptobacter_tengchongensis_WP_072151010.1                                                                       3.37%    passed     87.92%
  35  Bacteria-CandidatusMelainabacteria-NA-NA-NA-Candidatus_Melainabacteria_bacterium_WP_144105344.1                                                                   3.70%    passed     99.77%
  36  Bacteria-Deferribacteres-Deferribacteres-Deferribacterales-Deferribacteraceae-Calditerrivibrio_nitroreducens_WP_013450504.1                                       3.37%    passed     82.66%
  37  Bacteria-Deferribacteres-Deferribacteres-Deferribacterales-Deferribacteraceae-Flexistipes_sinusarabici_WP_013885805.1                                             3.37%    passed     91.26%
  38  Bacteria-Deferribacteres-Deferribacteres-Deferribacterales-Deferribacteraceae-Seleniivibrio_woodruffii_WP_132871951.1                                             3.37%    passed     99.05%
  39  Bacteria-Fibrobacteres-Chitinivibrionia-Chitinivibrionales-Chitinivibrionaceae-Chitinivibrio_alkaliphilus_WP_022637445.1                                          3.03%    passed     90.29%
  40  Bacteria-Fibrobacteres-Fibrobacteria-Fibrobacterales-Fibrobacteraceae-Fibrobacter_sp._UWP2_WP_073188081.1                                                         3.37%    passed     99.33%
  41  Bacteria-Fibrobacteres-Fibrobacteria-Fibrobacterales-Fibrobacteraceae-Fibrobacter_sp._UWT1_WP_101480194.1                                                         3.37%    passed     96.93%
  42  Bacteria-Fibrobacteres-Fibrobacteria-Fibrobacterales-Fibrobacteraceae-NA_WP_109734751.1                                                                           3.37%    passed     98.46%
  43  Bacteria-Firmicutes-Bacilli-Bacillales-Staphylococcaceae-Abyssicoccus_albus_WP_123808047.1                                                                        3.37%    passed     95.77%
  44  Bacteria-Firmicutes-Clostridia-Clostridiales-Hungateiclostridiaceae-Ruminiclostridium_sufflavum_WP_110462893.1                                                    4.04%    passed     99.38%
  45  Bacteria-Firmicutes-Clostridia-Clostridiales-Syntrophomonadaceae-Thermohydrogenium_kirishiense_WP_132775629.1                                                     3.37%    passed     73.55%
  46  Bacteria-Firmicutes-Clostridia-Thermoanaerobacterales-ThermoanaerobacteralesFamilyIII.IncertaeSedis-Thermoanaerobacterium_thermosaccharolyticum_WP_013299112.1    3.37%    passed     69.34%
  47  Bacteria-Fusobacteria-Fusobacteriia-Fusobacteriales-Fusobacteriaceae-Fusobacterium_necrogenes_WP_115270765.1                                                      3.37%    passed     95.80%
  48  Bacteria-Fusobacteria-Fusobacteriia-Fusobacteriales-Fusobacteriaceae-Fusobacterium_russii_WP_022818811.1                                                          3.37%    passed     69.16%
  49  Bacteria-Fusobacteria-Fusobacteriia-Fusobacteriales-Fusobacteriaceae-NA_WP_070577629.1                                                                            3.37%    passed     92.48%
  50  Bacteria-Fusobacteria-Fusobacteriia-Fusobacteriales-Leptotrichiaceae-Leptotrichia_wadei_WP_018499121.1                                                            3.37%    passed     55.54%
  51  Bacteria-Ignavibacteriae-Ignavibacteria-Ignavibacteriales-Ignavibacteriaceae-Ignavibacterium_album_WP_014559691.1                                                 3.37%    passed     97.01%
  52  Bacteria-Ignavibacteriae-Ignavibacteria-Ignavibacteriales-Melioribacteraceae-Melioribacter_roseus_WP_014856518.1                                                  3.37%    passed     85.12%
  53  Bacteria-Lentisphaerae-Lentisphaeria-Lentisphaerales-Lentisphaeraceae-Lentisphaera_araneosa_WP_007278570.1                                                        3.37%    passed     98.71%
  54  Bacteria-Lentisphaerae-Lentisphaeria-Victivallales-NA-Victivallales_bacterium_CCUG_44730_WP_106054715.1                                                           3.37%    passed     99.98%
  55  Bacteria-Lentisphaerae-Lentisphaeria-Victivallales-Victivallaceae-Victivallis_vadensis_WP_116884937.1                                                             3.37%    passed     95.45%
  56  Bacteria-NA-NA-NA-NA-NA_WP_004110044.1                                                                                                                            3.37%    passed     99.10%
  57  Bacteria-NA-NA-NA-NA-NA_WP_012655930.1                                                                                                                            3.37%    passed     99.69%
  58  Bacteria-NA-NA-NA-NA-Vampirococcus_sp._LiM_WP_128699061.1                                                                                                         3.37%    passed     94.73%
  59  Bacteria-Nitrospirae-Nitrospira-Nitrospirales-Nitrospiraceae-Thermodesulfovibrio_thiophilus_WP_028845063.1                                                        3.37%    passed      5.35%
  60  Bacteria-Planctomycetes-CandidatusBrocadiae-CandidatusBrocadiales-CandidatusBrocadiaceae-Candiadtus_Scalindua_japonica_WP_096892728.1                             3.37%    passed     32.91%
  61  Bacteria-Planctomycetes-NA-NA-NA-Planctomycetes_bacterium_Pan265_WP_145445290.1                                                                                   3.03%    passed     59.83%
  62  Bacteria-Planctomycetes-Planctomycetia-Planctomycetales-Planctomycetaceae-Blastopirellula_marina_WP_105334502.1                                                   4.38%    passed     91.43%
  63  Bacteria-Planctomycetes-Planctomycetia-Planctomycetales-Planctomycetaceae-NA_WP_105333044.1                                                                       4.38%    passed     95.02%
  64  Bacteria-Proteobacteria-Deltaproteobacteria-Desulfobacterales-Desulfobulbaceae-Desulfobulbus_mediterraneus_WP_028583273.1                                         3.37%    passed     99.79%
  65  Bacteria-Proteobacteria-Deltaproteobacteria-Desulfobacterales-Desulfobulbaceae-Desulfocapsa_sulfexigens_WP_015404537.1                                            3.37%    passed     49.14%
  66  Bacteria-Proteobacteria-Deltaproteobacteria-Desulfuromonadales-Desulfuromonadaceae-Pelobacter_propionicus_WP_011734463.1                                          3.37%    passed     97.60%
  67  Bacteria-Proteobacteria-Deltaproteobacteria-Desulfuromonadales-Geobacteraceae-Geobacter_daltonii_WP_012645937.1                                                   3.37%    passed     98.07%
  68  Bacteria-Rhodothermaeota-Rhodothermia-Rhodothermales-Rubricoccaceae-Rubricoccus_marinus_WP_094547328.1                                                            3.70%    passed     90.57%
  69  Bacteria-Rhodothermaeota-Rhodothermia-Rhodothermales-Rubricoccaceae-Rubrivirga_sp._SAORIC476_WP_095513086.1                                                       3.37%    passed     94.91%
  70  Bacteria-Spirochaetes-Spirochaetia-Brachyspirales-Brachyspiraceae-Brachyspira_aalborgi_WP_147527433.1                                                             3.37%    passed     82.81%
  71  Bacteria-Spirochaetes-Spirochaetia-Brachyspirales-Brachyspiraceae-Brachyspira_pilosicoli_WP_147731050.1                                                           3.37%    passed     93.38%
  72  Bacteria-Spirochaetes-Spirochaetia-Leptospirales-Leptospiraceae-Leptonema_illini_WP_002771011.1                                                                   4.04%    passed     95.82%
  73  Bacteria-Spirochaetes-Spirochaetia-Leptospirales-Leptospiraceae-Leptospira_perolatii_WP_100714406.1                                                               4.04%    passed     97.25%
  74  Bacteria-Synergistetes-Synergistia-Synergistales-Synergistaceae-Cloacibacillus_sp._An23_WP_087366900.1                                                            3.37%    passed     70.08%
  75  Bacteria-Synergistetes-Synergistia-Synergistales-Synergistaceae-Dethiosulfovibrio_salsuginis_WP_085544937.1                                                       3.37%    passed     99.71%
  76  Bacteria-Synergistetes-Synergistia-Synergistales-Synergistaceae-NA_WP_008709106.1                                                                                 3.37%    passed     76.11%
  77  Bacteria-Synergistetes-Synergistia-Synergistales-Synergistaceae-Synergistes_jonesii_WP_037977458.1                                                                3.37%    passed     41.62%
  78  Bacteria-Tenericutes-Mollicutes-Entomoplasmatales-Entomoplasmataceae-Entomoplasma_somnilux_WP_024863860.1                                                         3.70%    passed     85.30%
  79  Bacteria-Tenericutes-Mollicutes-Entomoplasmatales-Spiroplasmataceae-NA_WP_070406424.1                                                                             3.37%    passed     61.61%
  80  Bacteria-Tenericutes-Mollicutes-Entomoplasmatales-Spiroplasmataceae-Spiroplasma_kunkelii_WP_053390461.1                                                           3.37%    passed     73.79%
  81  Bacteria-Thermodesulfobacteria-Thermodesulfobacteria-Thermodesulfobacteriales-Thermodesulfobacteriaceae-Thermodesulfatator_autotrophicus_WP_068543924.1           3.37%    passed     96.04%
  82  Bacteria-Thermodesulfobacteria-Thermodesulfobacteria-Thermodesulfobacteriales-Thermodesulfobacteriaceae-Thermosulfurimonas_dismutans_WP_068669213.1               3.37%    passed     86.31%
  83  Bacteria-Verrucomicrobia-NA-NA-NA-Verrucomicrobia_bacterium_S94_WP_130594215.1                                                                                    3.37%    passed     95.34%
  84  Eukaryota-Acytosteliales-Acytosteliales-Acytosteliales-Acytosteliaceae-Acytostelium_subglobosum_XP_012758313.1                                                    3.37%    passed     99.92%
  85  Eukaryota-Acytosteliales-Acytosteliales-Acytosteliales-Acytosteliaceae-Heterostelium_album_XP_020427224.1                                                         3.37%    passed     96.70%
  86  Eukaryota-Acytosteliales-Acytosteliales-Acytosteliales-Cavenderiaceae-Cavenderia_fasciculata_XP_004354087.1                                                       3.37%    passed     90.86%
  87  Eukaryota-Alveolata-Dinophyceae-NA-Unranked-Alexandrium_tamarense_MMETSP0384_c52_g2_i1.p2                                                                         3.37%    passed     92.58%
  88  Eukaryota-Alveolata-Dinophyceae-NA-Unranked-Azadinium_spinosum_MMETSP1036_c49542_g1_i1.p1                                                                         3.37%    passed     99.98%
  89  Eukaryota-Alveolata-Dinophyceae-NA-Unranked-Dinophysis_acuminata_MMETSP0797_c14885_g1_i1.p1                                                                       3.37%    passed     99.82%
  90  Eukaryota-Alveolata-Dinophyceae-NA-Unranked-Symbiodinium_sp_MMETSP1370_c1034_g1_i1.p1                                                                             3.37%    passed     99.49%
  91  Eukaryota-Amoebozoa-NA-NA-Paramoebidae-Filamoeba_nolandi_MMETSP0413_c7830_g1_i1.p1                                                                                3.37%    passed     99.98%
  92  Eukaryota-Amoebozoa-NA-NA-Paramoebidae-Stygamoeba_regulata_MMETSP0447_c7612_g1_i1.p1                                                                              3.37%    passed     84.80%
  93  Eukaryota-Amoebozoa-NA-NA-Paramoebidae-Vexillifera_sp_MMETSP0173_c10282_g1_i1.p1                                                                                  3.37%    passed     97.88%
  94  Eukaryota-Annelida-Clitellata-Hirudinida-Glossiphoniidae-Helobdella_robusta_jgi93565                                                                              3.37%    passed     97.85%
  95  Eukaryota-Apicomplexa-Conoidasida-Eucoccidiorida-Sarcocystidae-Besnoitia_besnoiti_XP_029217377.1                                                                  3.37%    passed     13.87%
  96  Eukaryota-Apicomplexa-Conoidasida-Eucoccidiorida-Sarcocystidae-Neospora_caninum_XP_003880791.1                                                                    3.37%    passed     69.32%
  97  Eukaryota-Apicomplexa-NA-Unranked-NA-Alveolata_sp_MMETSP0288_c13398_g1_i1.p1                                                                                      3.03%    passed     96.86%
  98  Eukaryota-Apusomonadidae-NA-NA-NA-Thecamonas_trahens_XP_013759631.1                                                                                               3.37%    passed     84.04%
  99  Eukaryota-Arthropoda-Insecta-Coleoptera-Cerambycidae-Anoplophora_glabripennis_XP_018562863.1                                                                      3.37%    passed     99.91%
 100  Eukaryota-Arthropoda-Insecta-Diptera-Muscidae-Stomoxys_calcitrans_XP_013101185.1                                                                                  3.37%    passed     99.27%
 101  Eukaryota-Arthropoda-Insecta-Hemiptera-Aphididae-Melanaphis_sacchari_XP_025190971.1                                                                              11.45%    passed     95.91%
 102  Eukaryota-Arthropoda-Insecta-Hymenoptera-Apidae-Ceratina_calcarata_XP_017885737.1                                                                                 3.37%    passed     99.21%
 103  Eukaryota-Ascomycota-Saccharomycetes-Saccharomycetales-Debaryomycetaceae-Babjeviella_inositovora_XP_018984453.1                                                   3.37%    passed     93.54%
 104  Eukaryota-Ascomycota-Saccharomycetes-Saccharomycetales-Phaffomycetaceae-Cyberlindnera_jadinii_XP_020070865.1                                                      3.37%    passed     93.76%
 105  Eukaryota-Ascomycota-Saccharomycetes-Saccharomycetales-Saccharomycetaceae-Vanderwaltozyma_polyspora_XP_001645854.1                                                3.37%    passed     94.10%
 106  Eukaryota-Basidiomycota-Agaricomycetes-Polyporales-Phanerochaetaceae-Phanerochaete_chrysosporium_jgi4077                                                          3.37%    passed     95.51%
 107  Eukaryota-Basidiomycota-Agaricomycetes-Polyporales-Polyporaceae-Dichomitus_squalens_XP_007361609.1                                                                3.37%    passed     98.97%
 108  Eukaryota-Basidiomycota-Tremellomycetes-Tremellales-Cryptococcaceae-Kwoniella_bestiolae_XP_019049142.1                                                            3.03%    passed     99.92%
 109  Eukaryota-Basidiomycota-Wallemiomycetes-Wallemiales-Wallemiaceae-Wallemia_ichthyophaga_XP_009268475.1                                                             3.37%    passed     70.49%
 110  Eukaryota-Brachiopoda-Lingulata-Lingulida-Lingulidae-Lingula_anatina_XP_013406660.1                                                                               3.37%    passed     88.79%
 111  Eukaryota-Cercozoa-Chlorarachniophyceae-NA-NA-Bigelowiella_natans_CCMP2755_jgi52661                                                                               3.37%    passed     99.19%
 112  Eukaryota-Cercozoa-Chlorarachniophyceae-NA-NA-Chlorarachnion_reptans_MMETSP0109_c13471_g1_i1.p1                                                                   3.37%    passed     96.69%
 113  Eukaryota-Cercozoa-Chlorarachniophyceae-NA-NA-Lotharella_globosa_MMETSP0041_c7885_g1_i1.p1                                                                        3.37%    passed     97.20%
 114  Eukaryota-Chlorophyta-Chlorophyceae-Chlamydomonadales-Chlamydomonadaceae-Chlamydomonas_euryale_MMETSP0063_c29440_g1_i1.p1                                         3.37%    passed     88.71%
 115  Eukaryota-Chlorophyta-NA-NA-Pycnococcaceae-Pycnococcus_provasolii_MMETSP1316_c8943_g1_i1.p1                                                                       3.03%    passed     80.11%
 116  Eukaryota-Chlorophyta-Trebouxiophyceae-Chlorellales-Chlorellaceae-Chlorella_vulgaris_jgi43809                                                                     3.37%    passed     42.87%
 117  Eukaryota-Chlorophyta-Trebouxiophyceae-NA-NA-Coccomyxa_subellipsoida_jgi47829                                                                                     3.37%    passed     42.87%
 118  Eukaryota-Choanoflagellata-Choanoflagellata-Choanoflagellata-NA-Acanthoeca_sp_MMETSP0105_c530_g1_i1.p1                                                            3.37%    passed     99.50%
 119  Eukaryota-Choanoflagellata-Choanoflagellata-Choanoflagellata-Salpingoecidae-Monosiga_brevicollis_XP_001743948.1                                                   3.37%    passed     86.14%
 120  Eukaryota-Choanoflagellata-Choanoflagellata-Choanoflagellata-Salpingoecidae-Salpingoeca_rosetta_XP_004997362.1                                                   10.44%    failed      2.10%
 121  Eukaryota-Chordata-Ascidiacea-Enterogona-Cionidae-Ciona_intestinalis_XP_026695137.1                                                                              33.67%    passed     86.93%
 122  Eukaryota-Chordata-Mammalia-Cetacea-Monodontidae-Delphinapterus_leucas_XP_022431648.1                                                                             3.37%    passed     99.77%
 123  Eukaryota-Chordata-Mammalia-Didelphimorphia-Didelphidae-Monodelphis_domestica_XP_001377584.4                                                                      3.37%    passed     98.83%
 124  Eukaryota-Chordata-Mammalia-Eulipotyphla-Erinaceidae-Erinaceus_europaeus_XP_007518424.1                                                                           3.37%    passed     98.66%
 125  Eukaryota-Chromeraceae-NA-NA-NA-Chromera_velia_MMETSP0290_c20684_g1_i1.p1                                                                                         3.03%    passed     82.81%
 126  Eukaryota-Chromeraceae-NA-NA-NA-Vitrella_brassicaformis_MMETSP1451_c15814_g1_i1.p1                                                                                3.03%    passed     96.86%
 127  Eukaryota-Chytridiomycota-Chytridiomycetes-Rhizophydiales-NA-Batrachochytrium_dendrobatidis_jgi32828                                                              3.37%    passed     99.35%
 128  Eukaryota-Chytridiomycota-Chytridiomycetes-Spizellomycetales-Spizellomycetaceae-Spizellomyces_punctatus_XP_016609800.1                                            3.03%    passed     97.00%
 129  Eukaryota-Ciliophora-NA-Unranked-NA-Fabrea_salina_MMETSP1345_c13108_g1_i1.p1                                                                                      3.37%    passed     98.76%
 130  Eukaryota-Ciliophora-NA-Unranked-NA-Mesodinium_pulex_MMETSP0467_c1481_g2_i1.p1                                                                                    3.37%    passed     99.97%
 131  Eukaryota-Ciliophora-Oligohymenophorea-Hymenostomatida-NA-Ichthyophthirius_multifiliis_XP_004030815.1                                                             3.37%    passed     63.89%
 132  Eukaryota-Ciliophora-Oligohymenophorea-Hymenostomatida-Tetrahymenidae-Tetrahymena_thermophila_XP_001031622.1                                                      3.37%    passed     98.49%
 133  Eukaryota-Cnidaria-Anthozoa-Actiniaria-Aiptasiidae-Exaiptasia_pallida_XP_020897846.1                                                                              3.37%    passed     89.86%
 134  Eukaryota-Cnidaria-Anthozoa-Actiniaria-Edwardsiidae-Nematostella_vectensis_XP_001624482.1                                                                         3.37%    passed     85.15%
 135  Eukaryota-Cnidaria-Anthozoa-Scleractinia-Merulinidae-Orbicella_faveolata_XP_020605924.1                                                                          18.52%    passed     95.09%
 136  Eukaryota-Cnidaria-Hydrozoa-Anthoathecata-Hydridae-Hydra_vulgaris_XP_012557588.1                                                                                  3.37%    passed     98.41%
 137  Eukaryota-Cryptophyta-NA-Goniomondales-NA-Goniomonas_pacifica_MMETSP0108_c40909_g1_i1.p1                                                                          3.37%    passed     92.37%
 138  Eukaryota-Cryptophyta-NA-Goniomondales-NA-Goniomonas_sp_MMETSP0114_c16429_g1_i1.p1                                                                                3.37%    passed     86.52%
 139  Eukaryota-Cryptophyta-NA-Pyrenomonadales-Chroomonadaceae-Chroomonas_mesostigmaticacf_MMETSP0047_c57163_g1_i1.p1                                                   2.69%    passed     99.44%
 140  Eukaryota-Cryptophyta-NA-Pyrenomonadales-NA-Geminigera_sp_MMETSP1102_c6045_g1_i1.p1                                                                               2.69%    passed     98.13%
 141  Eukaryota-Dictyosteliales-Dictyosteliales-Dictyosteliales-Dictyosteliaceae-Dictyostelium_discoideum_XP_638113.1                                                   3.37%    passed     98.62%
 142  Eukaryota-Dictyosteliales-Dictyosteliales-Dictyosteliales-Dictyosteliaceae-Dictyostelium_purpureum_jgi47452                                                       3.37%    passed     98.46%
 143  Eukaryota-Echinodermata-Asteroidea-Valvatida-Acanthasteridae-Acanthaster_planci_XP_022099407.1                                                                    3.37%    passed     99.99%
 144  Eukaryota-Echinodermata-Asteroidea-Valvatida-Acanthasteridae-Acanthaster_planci_XP_022099408.1                                                                   12.46%    passed     99.98%
 145  Eukaryota-Echinodermata-Echinoidea-Echinoida-Strongylocentrotidae-Strongylocentrotus_purpuratus_XP_011681630.1                                                    3.37%    passed    100.00%
 146  Eukaryota-Euglenida-NA-Eutreptiales-NA-Eutreptiella_gymnastica-like_MMETSP0809_c1952_g1_i1.p1                                                                     4.38%    passed     10.25%
 147  Eukaryota-Euglenida-NA-NA-Unranked-Neobodo_designis_MMETSP1114_c6533_g1_i1.p1                                                                                     4.38%    passed     47.33%
 148  Eukaryota-Glaucophyta-Glaucophyta-Gloeochaetales-Gloeochaetaceae-Gloeochaete_witrockiana_MMETSP0308_c24374_g1_i1.p1                                               3.37%    passed     99.94%
 149  Eukaryota-Glaucophyta-Glaucophyta-Gloeochaetales-Gloeochaetaceae-Gloeochaete_wittrockiana_MMETSP1089_c47519_g1_i1.p1                                              3.37%    passed     99.94%
 150  Eukaryota-Glaucophyta-Glaucophyta-NA-Cyanophoraceae-Cyanophora_paradoxa_tig00001029_g6409.t1                                                                      5.05%    passed     92.70%
 151  Eukaryota-Glaucophyta-Glaucophyta-NA-NA-Cyanoptyche_gloeocystis_MMETSP1086_c244_g1_i1.p1                                                                         26.60%    passed     86.04%
 152  Eukaryota-Haptophyta-NA-Pavlovales-Pavlovaceae-Pavlova_gyrans_MMETSP1466_c9106_g1_i1.p1                                                                           3.37%    passed     99.05%
 153  Eukaryota-Haptophyta-NA-Pavlovales-Pavlovaceae-Pavlova_sp_MMETSP1140_c12718_g1_i1.p1                                                                              3.37%    passed     99.17%
 154  Eukaryota-Haptophyta-NA-Prymnesiales-NA-Chrysoculter_rhomboideus_MMETSP1335_c9829_g1_i1.p1                                                                        3.37%    passed     99.92%
 155  Eukaryota-Hemichordata-Enteropneusta-NA-Harrimaniidae-Saccoglossus_kowalevskii_XP_002739027.1                                                                     3.37%    passed     99.92%
 156  Eukaryota-Heterolobosea-NA-NA-NA-Percolomonas_cosmopolitus_MMETSP0759_c6103_g1_i1.p1                                                                              4.04%    passed     98.85%
 157  Eukaryota-Heterolobosea-NA-NA-Vahlkampfiidae-Naegleria_gruberi_jgi37097                                                                                           3.70%    passed     99.70%
 158  Eukaryota-Kinetoplastida-Kinetoplastida-Kinetoplastida-Trypanosomatidae-Leptomonas_pyrrhocoris_XP_015654851.1                                                     3.37%    passed     29.17%
 159  Eukaryota-Kinetoplastida-Kinetoplastida-Kinetoplastida-Trypanosomatidae-Trypanosoma_conorhini_XP_029223611.1                                                      3.37%    passed     11.53%
 160  Eukaryota-Longamoebia-Longamoebia-Longamoebia-Acanthamoebidae-Acanthamoeba_castellanii_XP_004345874.1                                                             3.37%    passed     99.96%
 161  Eukaryota-Longamoebia-Longamoebia-Longamoebia-Acanthamoebidae-Acanthamoeba_castellanii_XP_004356763.1                                                             5.05%    passed     98.60%
 162  Eukaryota-Mesomycetozoea-Ichthyosporea-Ichthyophonida-NA-Sphaeroforma_arctica_XP_014155120.1                                                                      3.37%    passed     93.40%
 163  Eukaryota-Mesomycetozoea-Ichthyosporea-NA-NA-Capsaspora_owczarzaki_XP_004344412.1                                                                                 4.71%    passed     99.72%
 164  Eukaryota-Microsporidia-NA-NA-NA-Mitosporidium_daphniae_XP_013238603.1                                                                                            3.03%    passed     67.61%
 165  Eukaryota-Mollusca-Bivalvia-Ostreoida-Ostreidae-Crassostrea_virginica_XP_022332626.1                                                                              3.37%    passed     99.80%
 166  Eukaryota-Mollusca-Cephalopoda-Octopoda-Octopodidae-Octopus_bimaculoides_XP_014786575.1                                                                           3.37%    passed     99.26%
 167  Eukaryota-Mollusca-Gastropoda-NA-Lottiidae-Lottia_gigantea_jgi220834                                                                                              3.37%    passed     98.41%
 168  Eukaryota-Mollusca-Gastropoda-NA-Planorbidae-Biomphalaria_glabrata_XP_013069805.1                                                                                 3.37%    passed     95.81%
 169  Eukaryota-Mucorales-Mucoraceae-Undefined-Undefined-Mucor_circinelloides_jgi25440                                                                                  3.37%    passed     99.94%
 170  Eukaryota-Mucoromycota-Glomeromycetes-Glomerales-Glomeraceae-Rhizophagus_irregularis_XP_025185366.1                                                               3.37%    passed     98.69%
 171  Eukaryota-Mucoromycota-Mortierellomycetes-Mortierellales-Mortierellaceae-Lobosporangium_transversale_XP_021878793.1                                               3.37%    passed     99.96%
 172  Eukaryota-Nematoda-Chromadorea-Rhabditida-Onchocercidae-Brugia_malayi_XP_001901607.1                                                                              3.37%    passed     98.43%
 173  Eukaryota-Nematoda-Chromadorea-Rhabditida-Rhabditidae-Caenorhabditis_elegans_NP_741529.1                                                                          3.37%    passed     94.73%
 174  Eukaryota-Nematoda-Chromadorea-Rhabditida-Rhabditidae-Caenorhabditis_remanei_XP_003115521.1                                                                       3.37%    passed     96.65%
 175  Eukaryota-Nematoda-Chromadorea-Rhabditida-Strongyloididae-Strongyloides_ratti_XP_024501649.1                                                                      3.37%    passed     69.64%
 176  Eukaryota-Palpitomonas-NA-NA-NA-Palpitomonas_bilix_MMETSP0780_c14110_g1_i2.p1                                                                                    10.10%    passed     95.02%
 177  Eukaryota-Palpitomonas-NA-NA-NA-Palpitomonas_bilix_MMETSP0780_c14110_g1_i3.p1                                                                                     3.37%    passed     99.97%
 178  Eukaryota-Perkinsozoa-NA-Perkinsida-Perkinsidae-Perkinsus_marinus_XP_002773725.1                                                                                  3.37%    passed     97.01%
 179  Eukaryota-Perkinsozoa-NA-Perkinsida-Perkinsidae-Perkinsus_marinus_XP_002780224.1                                                                                 22.56%    passed     55.57%
 180  Eukaryota-Placozoa-NA-NA-Trichoplacidae-Trichoplax_adhaerens_XP_002113886.1                                                                                       3.37%    passed     99.81%
 181  Eukaryota-Platyhelminthes-Cestoda-Cyclophyllidea-Taeniidae-Echinococcus_granulosus_XP_024353144.1                                                                 5.39%    passed     87.63%
 182  Eukaryota-Platyhelminthes-Trematoda-Opisthorchiida-Opisthorchiidae-Opisthorchis_viverrini_XP_009167059.1                                                          3.37%    passed     97.74%
 183  Eukaryota-Platyhelminthes-Trematoda-Strigeidida-Schistosomatidae-Schistosoma_mansoni_XP_018649478.1                                                               3.37%    passed     99.45%
 184  Eukaryota-Porifera-Demospongiae-Haplosclerida-Niphatidae-Amphimedon_queenslandica_jgiAqu1219079                                                                   3.37%    passed     93.78%
 185  Eukaryota-Priapulida-Priapulimorpha-Priapulimorphida-Priapulidae-Priapulus_caudatus_XP_014669991.1                                                                3.37%    passed     99.95%
 186  Eukaryota-Retaria-NA-NA-NA-Ammonia_sp_MMETSP1384_c17149_g1_i1.p1                                                                                                  3.37%    passed     99.17%
 187  Eukaryota-Retaria-NA-NA-NA-Rosalina_sp_MMETSP0190_c15036_g1_i1.p1                                                                                                42.42%    passed     72.40%
 188  Eukaryota-Retaria-NA-NA-NA-Sorites_sp_MMETSP0191_c23573_g1_i1.p1                                                                                                  3.37%    passed     36.17%
 189  Eukaryota-Rhodophyta-Bangiophyceae-Bangiales-Bangiaceae-Porphyra_umbilicalis_Poumb0014s0120.1                                                                     3.37%    passed     43.99%
 190  Eukaryota-Rhodophyta-Bangiophyceae-NA-NA-Rhodella_maculata_MMETSP0167_c21849_g1_i1.p1                                                                             3.70%    passed     99.99%
 191  Eukaryota-Rhodophyta-Compsopogonophyceae-NA-NA-Madagascaria_erythrocladiodes_MMETSP1450_c3974_g1_i1.p2                                                           24.58%    passed      6.96%
 192  Eukaryota-Stramenopiles-Dictyochophyceae-Rhizochromulinales-NA-Rhizochromulina_marinacf_MMETSP1173_c1898_g1_i1.p1                                                 3.37%    passed     98.43%
 193  Eukaryota-Stramenopiles-Labyrinthista-NA-NA-Aplanochytrium_sp_MMETSP0957_c3127_g1_i1.p1                                                                           3.37%    passed     98.82%
 194  Eukaryota-Stramenopiles-Labyrinthulomycetes-Unranked-Unranked-Aplanochytrium_kerguelense_jgi35204                                                                 3.37%    passed     99.15%
 195  Eukaryota-Stramenopiles-NA-NA-NA-Stephanopyxis_turris_MMETSP0794_c37928_g1_i1.p1                                                                                 42.42%    passed     75.22%
 196  Eukaryota-Streptophyta-Liliopsida-Asparagales-Asparagaceae-Asparagus_officinalis_XP_020242761.1                                                                   3.37%    passed     98.73%
 197  Eukaryota-Streptophyta-Liliopsida-Poales-Poaceae-Panicum_hallii_XP_025798000.1                                                                                    3.03%    passed     84.41%
 198  Eukaryota-Streptophyta-NA-Cucurbitales-Cucurbitaceae-Cucumis_melo_XP_008442241.1                                                                                  3.03%    passed     98.09%
 199  Eukaryota-Streptophyta-NA-Fabales-Fabaceae-Arachis_hypogaea_XP_025671417.1                                                                                        3.03%    passed     98.90%
 200  MSTRG.20131.1.p1                                                                                                                                                 60.94%    passed     36.16%
 201  MSTRG.25312.1.p1                                                                                                                                                 42.42%    passed     59.99%
 202  Paulinella_chromatophora_CCAC0185_nuclear___scaffold6502-m54505                                                                                                   3.37%    passed     99.58%
 203  Paulinella_ovalis_nuclear_SingleCell___SAG1_utg7180000006958.g3275.t1                                                                                            83.50%    passed     45.20%
 204  Paulinella_ovalis_nuclear_SingleCell___SAG1_utg7180000020442.g9373.t1                                                                                            36.36%    passed     48.75%
 205  Paulinella_ovalis_nuclear_SingleCell___SAG1_utg7180000031497.g13862.t1                                                                                           72.73%    passed     95.62%
 206  Paulinella_ovalis_nuclear_SingleCell___SAG2_utg7180000018808.g9202.t1                                                                                            14.48%    passed     64.62%
 207  Paulinella_ovalis_nuclear_SingleCell___SAG5_contig00890.g1107.t1                                                                                                 82.49%    passed     54.12%
 208  Paulinella_ovalis_nuclear_SingleCell___SAG5_contig01610.g1645.t1                                                                                                 83.50%    passed     40.78%
 209  Paulinella_ovalis_nuclear_SingleCell___SAG5_contig02083.g1901.t1                                                                                                 72.73%    passed     95.23%
 210  Viruses-Mimiviridae-NA-NA-NA-Megavirus_chiliensis_YP_004895145.1                                                                                                  4.71%    failed      1.81%
 211  Viruses-NA-NA-NA-NA-Pandoravirus_dulcis_YP_009430286.1                                                                                                            3.37%    failed      0.00%
 212  Viruses-NA-NA-NA-NA-Pandoravirus_inopinatum_YP_009119049.1                                                                                                        3.37%    failed      0.00%
 213  Viruses-Pithoviridae-NA-NA-NA-Cedratvirus_A11_YP_009329210.1                                                                                                      4.71%    passed     65.59%
 214  Viruses-Pithoviridae-NA-NA-NA-Pithovirus_sibericum_YP_009000992.1                                                                                                 4.71%    passed     27.31%
 215  Viruses-Siphoviridae-NA-NA-NA-Gordonia_virus_Ghobes_YP_009281153.1                                                                                               19.19%    failed      0.00%
WARNING: 6 sequences contain more than 50% gaps/ambiguity
****  TOTAL                                                                                                                                                             7.46%  7 sequences failed composition chi2 test (p-value<5%; df=19)
NOTE: Eukaryota-Chromeraceae-NA-NA-NA-Vitrella_brassicaformis_MMETSP1451_c15814_g1_i1.p1 is identical to Eukaryota-Apicomplexa-NA-Unranked-NA-Alveolata_sp_MMETSP0288_c13398_g1_i1.p1 but kept for subsequent analysis
NOTE: Eukaryota-Chlorophyta-Trebouxiophyceae-NA-NA-Coccomyxa_subellipsoida_jgi47829 is identical to Eukaryota-Chlorophyta-Trebouxiophyceae-Chlorellales-Chlorellaceae-Chlorella_vulgaris_jgi43809 but kept for subsequent analysis
NOTE: Eukaryota-Glaucophyta-Glaucophyta-Gloeochaetales-Gloeochaetaceae-Gloeochaete_wittrockiana_MMETSP1089_c47519_g1_i1.p1 is identical to Eukaryota-Glaucophyta-Glaucophyta-Gloeochaetales-Gloeochaetaceae-Gloeochaete_witrockiana_MMETSP0308_c24374_g1_i1.p1 but kept for subsequent analysis


Create initial parsimony tree by phylogenetic likelihood library (PLL)... 0.141 seconds
NOTE: ModelFinder requires 108 MB RAM!
ModelFinder will test 546 protein models (sample size: 297) ...
 No. Model         -LnL         df  AIC          AICc         BIC
Measuring multi-threading efficiency up to 4 CPU cores
Increase to 10 rounds for branch lengths
12 trees examined
Threads: 1 / Time: 4.259 sec / Speedup: 1.000 / Efficiency: 100% / LogL: -84143
Threads: 2 / Time: 4.400 sec / Speedup: 0.968 / Efficiency: 48% / LogL: -84143
BEST NUMBER OF THREADS: 1

  1  Dayhoff       56572.805    427 113999.610   479511.610   115576.834
  2  Dayhoff+I     56164.761    428 113185.521   480409.521   114766.438
  3  Dayhoff+G4    52449.282    428 105754.563   472978.563   107335.481
  4  Dayhoff+I+G4  52416.231    429 105690.462   474630.462   107275.073
  5  Dayhoff+R2    53293.391    429 107444.782   476384.782   109029.393
  6  Dayhoff+R3    52617.749    431 106097.498   478481.498   107689.496
  7  Dayhoff+R4    52428.356    433 105722.712   481566.712   107322.098
  8  Dayhoff+R5    52327.423    435 105524.846   484844.846   107131.619
  9  Dayhoff+R6    52274.113    437 105422.227   488234.227   107036.388
 10  Dayhoff+R7    52251.213    439 105380.425   491700.425   107001.973
 11  Dayhoff+R8    52241.159    441 105364.318   495208.318   106993.254
 12  Dayhoff+R9    52234.876    443 105355.751   498739.751   106992.075
 13  Dayhoff+R10   52229.566    445 105349.133   502289.133   106992.844
 14  Dayhoff+F     56408.253    446 113708.506   512432.506   115355.910
 15  Dayhoff+F+I   56047.867    447 112989.733   513501.733   114640.831
 16  Dayhoff+F+G4  52549.372    447 105992.743   506504.743   107643.841
 17  Dayhoff+F+I+G4 52522.446    448 105940.892   508244.892   107595.684
 18  Dayhoff+F+R2  53429.168    448 107754.336   510058.336   109409.128
 19  Dayhoff+F+R3  52708.062    450 106316.123   512216.123   107978.303
 20  Dayhoff+F+R4  52546.674    452 105997.347   515509.347   107666.914
 21  Dayhoff+F+R5  52455.322    454 105818.644   518958.644   107495.598
 22  Dayhoff+F+R6  52398.197    456 105708.395   522492.395   107392.737
 23  Dayhoff+F+R7  52379.215    458 105674.430   526118.430   107366.160
 24  Dayhoff+F+R8  52368.400    460 105656.800   529776.800   107355.917
 25  Dayhoff+F+R9  52363.487    462 105650.975   533462.975   107357.479
 27  mtMAM         62217.987    427 125289.975   490801.975   126867.199
 28  mtMAM+I       61926.659    428 124709.317   491933.317   126290.234
 29  mtMAM+G4      55967.410    428 112790.820   480014.820   114371.737
 30  mtMAM+I+G4    55943.714    429 112745.428   481685.428   114330.039
 31  mtMAM+R2      57592.507    429 116043.014   484983.014   117627.625
 32  mtMAM+R3      56801.020    431 114464.040   486848.040   116056.039
 33  mtMAM+R4      56343.738    433 113553.475   489397.475   115152.861
 34  mtMAM+R5      56067.882    435 113005.765   492325.765   114612.538
 35  mtMAM+R6      55897.398    437 112668.797   495480.797   114282.958
 36  mtMAM+R7      55811.188    439 112500.376   498820.376   114121.924
 37  mtMAM+R8      55764.827    441 112411.654   502255.654   114040.590
 38  mtMAM+R9      55736.186    443 112358.372   505742.372   113994.696
 39  mtMAM+R10     55714.286    445 112318.571   509258.571   113962.282
 40  mtMAM+F       60014.049    446 120920.099   519644.099   122567.503
 41  mtMAM+F+I     59672.075    447 120238.150   520750.150   121889.248
 42  mtMAM+F+G4    54573.024    447 110040.049   510552.049   111691.147
 43  mtMAM+F+I+G4  54542.197    448 109980.393   512284.393   111635.185
 44  mtMAM+F+R2    56099.071    448 113094.143   515398.143   114748.935
 45  mtMAM+F+R3    55082.530    450 111065.061   516965.061   112727.240
 46  mtMAM+F+R4    54774.592    452 110453.184   519965.184   112122.751
 47  mtMAM+F+R5    54589.082    454 110086.164   523226.164   111763.119
 48  mtMAM+F+R6    54468.546    456 109849.092   526633.092   111533.434
 49  mtMAM+F+R7    54415.318    458 109746.637   530190.637   111438.366
 50  mtMAM+F+R8    54384.417    460 109688.834   533808.834   111387.950
 51  mtMAM+F+R9    54370.035    462 109664.071   537476.071   111370.575
 52  mtMAM+F+R10   54353.984    464 109635.968   541155.968   111349.860
 53  JTT           56295.872    427 113445.745   478957.745   115022.968
 54  JTT+I         55897.282    428 112650.563   479874.563   114231.481
 55  JTT+G4        52219.213    428 105294.427   472518.427   106875.344
 56  JTT+I+G4      52190.843    429 105239.687   474179.687   106824.298
 57  JTT+R2        53113.377    429 107084.753   476024.753   108669.364
 58  JTT+R3        52412.305    431 105686.610   478070.610   107278.608
 59  JTT+R4        52210.514    433 105287.028   481131.028   106886.414
 60  JTT+R5        52099.733    435 105069.466   484389.466   106676.240
 61  JTT+R6        52041.647    437 104957.294   487769.294   106571.455
 62  JTT+R7        52023.578    439 104925.156   491245.156   106546.704
 63  JTT+R8        52011.480    441 104904.959   494748.959   106533.895
 64  JTT+R9        52000.027    443 104886.054   498270.054   106522.377
 65  JTT+R10       51994.545    445 104879.090   501819.090   106522.801
 66  JTT+F         56456.098    446 113804.196   512528.196   115451.601
 67  JTT+F+I       56089.510    447 113073.019   513585.019   114724.117
 68  JTT+F+G4      52545.574    447 105985.149   506497.149   107636.247
 69  JTT+F+I+G4    52525.812    448 105947.624   508251.624   107602.416
 70  JTT+F+R2      53463.886    448 107823.771   510127.771   109478.563
 71  JTT+F+R3      52712.051    450 106324.103   512224.103   107986.282
 72  JTT+F+R4      52540.594    452 105985.188   515497.188   107654.755
 73  JTT+F+R5      52438.552    454 105785.104   518925.104   107462.059
 74  JTT+F+R6      52370.517    456 105653.034   522437.034   107337.375
 75  JTT+F+R7      52351.413    458 105618.826   526062.826   107310.556
 76  JTT+F+R8      52343.419    460 105606.838   529726.838   107305.955
 77  JTT+F+R9      52335.165    462 105594.330   533406.330   107300.835
 78  JTT+F+R10     52332.950    464 105593.901   537113.901   107307.792
 79  WAG           55153.099    427 111160.198   476672.198   112737.422
 80  WAG+I         54763.612    428 110383.224   477607.224   111964.142
 81  WAG+G4        51546.663    428 103949.325   471173.325   105530.243
 82  WAG+I+G4      51510.988    429 103879.976   472819.976   105464.587
 83  WAG+R2        52217.726    429 105293.451   474233.451   106878.062
 84  WAG+R3        51665.781    431 104193.563   476577.563   105785.561
 85  WAG+R4        51502.211    433 103870.423   479714.423   105469.809
 86  WAG+R5        51419.643    435 103709.287   483029.287   105316.060
 87  WAG+R6        51387.782    437 103649.563   486461.563   105263.724
 88  WAG+R7        51375.989    439 103629.978   489949.978   105251.527
 89  WAG+R8        51368.993    441 103619.986   493463.986   105248.922
 90  WAG+R9        51364.011    443 103614.022   496998.022   105250.345
 92  WAG+F         55073.223    446 111038.446   509762.446   112685.851
 93  WAG+F+I       54723.997    447 110341.995   510853.995   111993.093
 94  WAG+F+G4      51645.626    447 104185.251   504697.251   105836.350
 95  WAG+F+I+G4    51617.858    448 104131.716   506435.716   105786.508
 96  WAG+F+R2      52356.893    448 105609.786   507913.786   107264.578
 97  WAG+F+R3      51760.100    450 104420.199   510320.199   106082.379
 98  WAG+F+R4      51613.096    452 104130.191   513642.191   105799.758
 99  WAG+F+R5      51520.135    454 103948.270   517088.270   105625.224
100  WAG+F+R6      51483.797    456 103879.595   520663.595   105563.937
101  WAG+F+R7      51475.915    458 103867.830   524311.830   105559.559
102  WAG+F+R8      51471.641    460 103863.282   527983.282   105562.399
105  cpREV         55351.695    427 111557.390   477069.390   113134.614
106  cpREV+I       54977.677    428 110811.354   478035.354   112392.272
107  cpREV+G4      51827.425    428 104510.851   471734.851   106091.768
108  cpREV+I+G4    51796.248    429 104450.496   473390.496   106035.108
109  cpREV+R2      52559.472    429 105976.943   474916.943   107561.554
110  cpREV+R3      51958.020    431 104778.040   477162.040   106370.039
111  cpREV+R4      51790.640    433 104447.280   480291.280   106046.666
112  cpREV+R5      51715.539    435 104301.077   483621.077   105907.851
113  cpREV+R6      51687.160    437 104248.320   487060.320   105862.481
114  cpREV+R7      51676.528    439 104231.055   490551.055   105852.604
115  cpREV+R8      51667.933    441 104217.865   494061.865   105846.801
116  cpREV+R9      51660.767    443 104207.534   497591.534   105843.857
117  cpREV+R10     51652.534    445 104195.069   501135.069   105838.780
118  cpREV+F       55370.698    446 111633.396   510357.396   113280.800
119  cpREV+F+I     55009.377    447 110912.753   511424.753   112563.851
120  cpREV+F+G4    51928.575    447 104751.149   505263.149   106402.248
121  cpREV+F+I+G4  51899.256    448 104694.512   506998.512   106349.304
122  cpREV+F+R2    52667.144    448 106230.288   508534.288   107885.080
123  cpREV+F+R3    52054.585    450 105009.170   510909.170   106671.350
124  cpREV+F+R4    51891.759    452 104687.517   514199.517   106357.084
125  cpREV+F+R5    51809.383    454 104526.766   517666.766   106203.720
126  cpREV+F+R6    51782.142    456 104476.284   521260.284   106160.626
127  cpREV+F+R7    51771.167    458 104458.335   524902.335   106150.064
128  cpREV+F+R8    51763.816    460 104447.632   528567.632   106146.748
129  cpREV+F+R9    51758.514    462 104441.029   532253.029   106147.533
131  mtREV         58774.429    427 118402.858   483914.858   119980.082
132  mtREV+I       58459.413    428 117774.826   484998.826   119355.744
133  mtREV+G4      54328.968    428 109513.936   476737.936   111094.853
134  mtREV+I+G4    54288.433    429 109434.867   478374.867   111019.478
135  mtREV+R2      55681.836    429 112221.673   481161.673   113806.284
136  mtREV+R3      54610.920    431 110083.840   482467.840   111675.839
137  mtREV+R4      54403.608    433 109673.215   485517.215   111272.601
138  mtREV+R5      54253.565    435 109377.130   488697.130   110983.904
139  mtREV+R6      54198.790    437 109271.580   492083.580   110885.741
140  mtREV+R7      54154.986    439 109187.973   495507.973   110809.521
141  mtREV+R8      54134.246    441 109150.492   498994.492   110779.428
142  mtREV+R9      54123.629    443 109133.258   502517.258   110769.581
143  mtREV+R10     54102.280    445 109094.560   506034.560   110738.270
144  mtREV+F       56807.549    446 114507.098   513231.098   116154.502
145  mtREV+F+I     56459.036    447 113812.072   514324.072   115463.170
146  mtREV+F+G4    52694.289    447 106282.579   506794.579   107933.677
147  mtREV+F+I+G4  52654.127    448 106204.254   508508.254   107859.046
148  mtREV+F+R2    53864.885    448 108625.770   510929.770   110280.562
149  mtREV+F+R3    52958.782    450 106817.563   512717.563   108479.743
150  mtREV+F+R4    52743.602    452 106391.203   515903.203   108060.770
151  mtREV+F+R5    52627.977    454 106163.953   519303.953   107840.908
152  mtREV+F+R6    52573.303    456 106058.605   522842.605   107742.947
153  mtREV+F+R7    52548.622    458 106013.245   526457.245   107704.974
154  mtREV+F+R8    52535.796    460 105991.592   530111.592   107690.709
155  mtREV+F+R9    52526.507    462 105977.015   533789.015   107683.519
156  mtREV+F+R10   52513.317    464 105954.635   537474.635   107668.526
157  rtREV         55174.637    427 111203.274   476715.274   112780.498
158  rtREV+I       54815.523    428 110487.046   477711.046   112067.963
159  rtREV+G4      51493.177    428 103842.353   471066.353   105423.271
160  rtREV+I+G4    51471.457    429 103800.915   472740.915   105385.526
161  rtREV+R2      52437.918    429 105733.837   474673.837   107318.448
162  rtREV+R3      51628.233    431 104118.466   476502.466   105710.465
163  rtREV+R4      51481.458    433 103828.916   479672.916   105428.302
164  rtREV+R5      51376.596    435 103623.192   482943.192   105229.965
165  rtREV+R6      51320.956    437 103515.913   486327.913   105130.074
166  rtREV+R7      51301.321    439 103480.643   489800.643   105102.191
167  rtREV+R8      51292.530    441 103467.060   493311.060   105095.996
168  rtREV+R9      51286.979    443 103459.958   496843.958   105096.281
170  rtREV+F       55059.113    446 111010.227   509734.227   112657.631
171  rtREV+F+I     54735.613    447 110365.225   510877.225   112016.324
172  rtREV+F+G4    51450.921    447 103795.841   504307.841   105446.940
173  rtREV+F+I+G4  51421.822    448 103739.644   506043.644   105394.436
174  rtREV+F+R2    52426.762    448 105749.524   508053.524   107404.316
175  rtREV+F+R3    51583.704    450 104067.408   509967.408   105729.588
176  rtREV+F+R4    51430.324    452 103764.647   513276.647   105434.214
177  rtREV+F+R5    51347.524    454 103603.048   516743.048   105280.002
178  rtREV+F+R6    51293.931    456 103499.861   520283.861   105184.203
179  rtREV+F+R7    51266.938    458 103449.877   523893.877   105141.606
180  rtREV+F+R8    51254.220    460 103428.441   527548.441   105127.558
181  rtREV+F+R9    51248.885    462 103421.770   531233.770   105128.274
183  mtART         59630.321    427 120114.641   485626.641   121691.865
184  mtART+I       59370.541    428 119597.081   486821.081   121177.999
185  mtART+G4      54080.734    428 109017.468   476241.468   110598.385
186  mtART+I+G4    54058.578    429 108975.155   477915.155   110559.766
187  mtART+R2      55539.855    429 111937.709   480877.709   113522.320
188  mtART+R3      54541.649    431 109945.297   482329.297   111537.296
189  mtART+R4      54344.818    433 109555.636   485399.636   111155.022
190  mtART+R5      54090.269    435 109050.538   488370.538   110657.312
191  mtART+R6      53966.120    437 108806.240   491618.240   110420.401
192  mtART+R7      53916.276    439 108710.553   495030.553   110332.101
193  mtART+R8      53892.533    441 108667.065   498511.065   110296.001
194  mtART+R9      53885.330    443 108656.660   502040.660   110292.984
195  mtART+R10     53851.738    445 108593.477   505533.477   110237.188
196  mtART+F       57621.603    446 116135.207   514859.207   117782.611
197  mtART+F+I     57330.435    447 115554.871   516066.871   117205.969
198  mtART+F+G4    52766.845    447 106427.689   506939.689   108078.788
199  mtART+F+I+G4  52739.133    448 106374.266   508678.266   108029.058
200  mtART+F+R2    54168.621    448 109233.241   511537.241   110888.033
201  mtART+F+R3    53165.053    450 107230.105   513130.105   108892.284
202  mtART+F+R4    52964.901    452 106833.801   516345.801   108503.368
203  mtART+F+R5    52759.430    454 106426.859   519566.859   108103.814
204  mtART+F+R6    52684.053    456 106280.106   523064.106   107964.448
205  mtART+F+R7    52652.779    458 106221.558   526665.558   107913.287
206  mtART+F+R8    52632.885    460 106185.771   530305.771   107884.888
207  mtART+F+R9    52624.980    462 106173.960   533985.960   107880.465
208  mtART+F+R10   52569.669    464 106067.338   537587.338   107781.229
209  mtZOA         57972.577    427 116799.154   482311.154   118376.378
210  mtZOA+I       57694.078    428 116244.157   483468.157   117825.074
211  mtZOA+G4      52896.658    428 106649.316   473873.316   108230.233
212  mtZOA+I+G4    52869.034    429 106596.068   475536.068   108180.679
213  mtZOA+R2      54322.765    429 109503.529   478443.529   111088.140
214  mtZOA+R3      53292.326    431 107446.652   479830.652   109038.650
215  mtZOA+R4      53106.883    433 107079.766   482923.766   108679.152
216  mtZOA+R5      52875.789    435 106621.577   485941.577   108228.351
217  mtZOA+R6      52790.765    437 106455.529   489267.529   108069.690
218  mtZOA+R7      52766.273    439 106410.546   492730.546   108032.094
219  mtZOA+R8      52750.010    441 106382.019   496226.019   108010.955
220  mtZOA+R9      52744.873    443 106375.747   499759.747   108012.070
222  mtZOA+F       56665.748    446 114223.496   512947.496   115870.900
223  mtZOA+F+I     56357.409    447 113608.818   514120.818   115259.916
224  mtZOA+F+G4    52216.012    447 105326.024   505838.024   106977.122
225  mtZOA+F+I+G4  52179.510    448 105255.019   507559.019   106909.811
226  mtZOA+F+R2    53526.628    448 107949.256   510253.256   109604.048
227  mtZOA+F+R3    52556.908    450 106013.816   511913.816   107675.996
228  mtZOA+F+R4    52321.711    452 105547.422   515059.422   107216.988
229  mtZOA+F+R5    52172.708    454 105253.416   518393.416   106930.371
230  mtZOA+F+R6    52105.273    456 105122.546   521906.546   106806.887
231  mtZOA+F+R7    52082.071    458 105080.142   525524.142   106771.872
232  mtZOA+F+R8    52067.669    460 105055.337   529175.337   106754.454
233  mtZOA+F+R9    52061.195    462 105046.391   532858.391   106752.895
234  mtZOA+F+R10   52019.793    464 104967.585   536487.585   106681.477
235  VT            55364.065    427 111582.130   477094.130   113159.354
236  VT+I          54980.999    428 110817.997   478041.997   112398.915
237  VT+G4         51742.709    428 104341.417   471565.417   105922.335
238  VT+I+G4       51710.477    429 104278.953   473218.953   105863.564
239  VT+R2         52494.707    429 105847.413   474787.413   107432.025
240  VT+R3         51849.673    431 104561.345   476945.345   106153.344
241  VT+R4         51702.744    433 104271.488   480115.488   105870.874
242  VT+R5         51619.670    435 104109.339   483429.339   105716.113
243  VT+R6         51581.086    437 104036.171   486848.171   105650.332
244  VT+R7         51569.684    439 104017.368   490337.368   105638.916
245  VT+R8         51569.660    441 104021.320   493865.320   105650.256
248  VT+F          55449.218    446 111790.436   510514.436   113437.841
249  VT+F+I        55099.873    447 111093.746   511605.746   112744.844
250  VT+F+G4       51984.138    447 104862.277   505374.277   106513.375
251  VT+F+I+G4     51960.448    448 104816.896   507120.896   106471.688
252  VT+F+R2       52731.503    448 106359.005   508663.005   108013.797
253  VT+F+R3       52088.726    450 105077.453   510977.453   106739.632
254  VT+F+R4       51952.132    452 104808.264   514320.264   106477.831
255  VT+F+R5       51869.007    454 104646.015   517786.015   106322.969
256  VT+F+R6       51824.063    456 104560.127   521344.127   106244.469
257  VT+F+R7       51810.678    458 104537.356   524981.356   106229.086
258  VT+F+R8       51810.651    460 104541.303   528661.303   106240.420
261  LG            54815.983    427 110485.965   475997.965   112063.189
262  LG+I          54450.578    428 109757.155   476981.155   111338.073
263  LG+G4         50996.232    428 102848.463   470072.463   104429.380
264  LG+I+G4       50967.807    429 102793.614   471733.614   104378.225
265  LG+R2         51910.746    429 104679.492   473619.492   106264.103
266  LG+R3         51142.891    431 103147.783   475531.783   104739.781
267  LG+R4         50983.069    433 102832.138   478676.138   104431.524
268  LG+R5         50888.236    435 102646.471   481966.471   104253.245
269  LG+R6         50837.684    437 102549.367   485361.367   104163.528
270  LG+R7         50815.614    439 102509.228   488829.228   104130.776
271  LG+R8         50815.593    441 102513.187   492357.187   104142.122
274  LG+F          54963.821    446 110819.642   509543.642   112467.046
275  LG+F+I        54640.145    447 110174.291   510686.291   111825.389
276  LG+F+G4       51261.490    447 103416.980   503928.980   105068.078
277  LG+F+I+G4     51240.202    448 103376.404   505680.404   105031.196
278  LG+F+R2       52244.514    448 105385.028   507689.028   107039.820
279  LG+F+R3       51413.539    450 103727.078   509627.078   105389.257
280  LG+F+R4       51250.905    452 103405.810   512917.810   105075.377
281  LG+F+R5       51172.866    454 103253.732   516393.732   104930.686
282  LG+F+R6       51123.587    456 103159.174   519943.174   104843.516
283  LG+F+R7       51097.785    458 103111.570   523555.570   104803.300
284  LG+F+R8       51097.779    460 103115.557   527235.557   104814.674
287  DCMut         56571.567    427 113997.133   479509.133   115574.357
288  DCMut+I       56163.712    428 113183.424   480407.424   114764.341
289  DCMut+G4      52452.639    428 105761.279   472985.279   107342.196
290  DCMut+I+G4    52419.529    429 105697.058   474637.058   107281.669
291  DCMut+R2      53249.089    429 107356.178   476296.178   108940.789
292  DCMut+R3      52615.233    431 106092.467   478476.467   107684.465
293  DCMut+R4      52432.765    433 105731.531   481575.531   107330.917
294  DCMut+R5      52342.145    435 105554.289   484874.289   107161.063
295  DCMut+R6      52290.298    437 105454.597   488266.597   107068.757
296  DCMut+R7      52272.906    439 105423.811   491743.811   107045.360
297  DCMut+R8      52272.844    441 105427.688   495271.688   107056.624
300  DCMut+F       56407.079    446 113706.158   512430.158   115353.563
301  DCMut+F+I     56046.753    447 112987.506   513499.506   114638.604
302  DCMut+F+G4    52552.086    447 105998.172   506510.172   107649.270
303  DCMut+F+I+G4  52525.186    448 105946.371   508250.371   107601.163
304  DCMut+F+R2    53420.781    448 107737.563   510041.563   109392.355
305  DCMut+F+R3    52707.499    450 106314.998   512214.998   107977.178
306  DCMut+F+R4    52550.214    452 106004.428   515516.428   107673.995
307  DCMut+F+R5    52467.163    454 105842.326   518982.326   107519.280
308  DCMut+F+R6    52416.429    456 105744.858   522528.858   107429.200
309  DCMut+F+R7    52398.433    458 105712.865   526156.865   107404.594
310  DCMut+F+R8    52398.417    460 105716.834   529836.834   107415.951
313  PMB           55284.738    427 111423.475   476935.475   113000.699
314  PMB+I         54943.532    428 110743.064   477967.064   112323.982
315  PMB+G4        51862.449    428 104580.899   471804.899   106161.816
316  PMB+I+G4      51833.338    429 104524.676   473464.676   106109.287
317  PMB+R2        52559.162    429 105976.324   474916.324   107560.935
318  PMB+R3        51960.725    431 104783.451   477167.451   106375.449
319  PMB+R4        51804.740    433 104475.481   480319.481   106074.867
320  PMB+R5        51731.010    435 104332.021   483652.021   105938.794
321  PMB+R6        51699.212    437 104272.425   487084.425   105886.586
322  PMB+R7        51690.661    439 104259.322   490579.322   105880.870
323  PMB+R8        51690.654    441 104263.309   494107.309   105892.244
326  PMB+F         55484.585    446 111861.170   510585.170   113508.575
327  PMB+F+I       55161.399    447 111216.798   511728.798   112867.896
328  PMB+F+G4      52140.460    447 105174.920   505686.920   106826.018
329  PMB+F+I+G4    52114.273    448 105124.545   507428.545   106779.337
330  PMB+F+R2      52860.565    448 106617.129   508921.129   108271.921
331  PMB+F+R3      52237.868    450 105375.736   511275.736   107037.915
332  PMB+F+R4      52084.279    452 105072.558   514584.558   106742.124
333  PMB+F+R5      52014.108    454 104936.217   518076.217   106613.171
334  PMB+F+R6      51978.084    456 104868.168   521652.168   106552.510
335  PMB+F+R7      51966.661    458 104849.321   525293.321   106541.050
336  PMB+F+R8      51966.657    460 104853.314   528973.314   106552.431
339  HIVb          58614.969    427 118083.937   483595.937   119661.161
340  HIVb+I        58134.465    428 117124.929   484348.929   118705.847
341  HIVb+G4       53873.257    428 108602.514   475826.514   110183.431
342  HIVb+I+G4     53836.388    429 108530.776   477470.776   110115.387
343  HIVb+R2       54915.731    429 110689.462   479629.462   112274.073
344  HIVb+R3       54076.631    431 109015.261   481399.261   110607.260
345  HIVb+R4       53891.165    433 108648.331   484492.331   110247.717
346  HIVb+R5       53783.607    435 108437.214   487757.214   110043.987
347  HIVb+R6       53710.797    437 108295.594   491107.594   109909.755
348  HIVb+R7       53683.976    439 108245.951   494565.951   109867.499
349  HIVb+R8       53683.945    441 108249.890   498093.890   109878.826
352  HIVb+F        58832.744    446 118557.487   517281.487   120204.892
353  HIVb+F+I      58381.130    447 117656.261   518168.261   119307.359
354  HIVb+F+G4     54269.988    447 109433.976   509945.976   111085.074
355  HIVb+F+I+G4   54211.995    448 109319.990   511623.990   110974.782
356  HIVb+F+R2     55359.074    448 111614.149   513918.149   113268.941
357  HIVb+F+R3     54458.692    450 109817.384   515717.384   111479.564
358  HIVb+F+R4     54248.555    452 109401.110   518913.110   111070.676
359  HIVb+F+R5     54159.904    454 109227.808   522367.808   110904.762
360  HIVb+F+R6     54093.567    456 109099.135   525883.135   110783.477
361  HIVb+F+R7     54065.393    458 109046.787   529490.787   110738.516
362  HIVb+F+R8     54065.340    460 109050.680   533170.680   110749.797
365  HIVw          61729.019    427 124312.037   489824.037   125889.261
366  HIVw+I        61229.852    428 123315.705   490539.705   124896.622
367  HIVw+G4       56723.705    428 114303.409   481527.409   115884.327
368  HIVw+I+G4     56687.993    429 114233.986   483173.986   115818.597
369  HIVw+R2       57707.452    429 116272.904   485212.904   117857.515
370  HIVw+R3       56998.071    431 114858.142   487242.142   116450.141
371  HIVw+R4       56768.861    433 114403.722   490247.722   116003.108
372  HIVw+R5       56655.884    435 114181.768   493501.768   115788.542
373  HIVw+R6       56577.834    437 114029.669   496841.669   115643.830
374  HIVw+R7       56549.556    439 113977.111   500297.111   115598.660
375  HIVw+R8       56549.491    441 113980.982   503824.982   115609.917
378  HIVw+F        61450.899    446 123793.797   522517.797   125441.202
379  HIVw+F+I      60954.440    447 122802.880   523314.880   124453.978
380  HIVw+F+G4     56554.552    447 114003.105   514515.105   115654.203
381  HIVw+F+I+G4   56515.972    448 113927.945   516231.945   115582.737
382  HIVw+F+R2     57619.610    448 116135.220   518439.220   117790.012
383  HIVw+F+R3     56825.277    450 114550.555   520450.555   116212.734
384  HIVw+F+R4     56605.337    452 114114.674   523626.674   115784.241
385  HIVw+F+R5     56501.367    454 113910.734   527050.734   115587.688
386  HIVw+F+R6     56430.751    456 113773.503   530557.503   115457.845
387  HIVw+F+R7     56399.377    458 113714.753   534158.753   115406.483
388  HIVw+F+R8     56399.246    460 113718.492   537838.492   115417.609
391  JTTDCMut      56255.983    427 113365.965   478877.965   114943.189
392  JTTDCMut+I    55859.146    428 112574.291   479798.291   114155.209
393  JTTDCMut+G4   52199.903    428 105255.805   472479.805   106836.722
394  JTTDCMut+I+G4 52170.319    429 105198.638   474138.638   106783.249
395  JTTDCMut+R2   53049.585    429 106957.171   475897.171   108541.782
396  JTTDCMut+R3   52344.140    431 105550.280   477934.280   107142.279
397  JTTDCMut+R4   52181.519    433 105229.039   481073.039   106828.425
398  JTTDCMut+R5   52091.696    435 105053.392   484373.392   106660.165
399  JTTDCMut+R6   52041.524    437 104957.048   487769.048   106571.209
400  JTTDCMut+R7   52021.260    439 104920.519   491240.519   106542.068
401  JTTDCMut+R8   52021.230    441 104924.461   494768.461   106553.397
404  JTTDCMut+F    56411.926    446 113715.852   512439.852   115363.256
405  JTTDCMut+F+I  56046.545    447 112987.089   513499.089   114638.188
406  JTTDCMut+F+G4 52515.020    447 105924.041   506436.041   107575.139
407  JTTDCMut+F+I+G4 52494.776    448 105885.551   508189.551   107540.343
408  JTTDCMut+F+R2 53416.953    448 107729.907   510033.907   109384.699
409  JTTDCMut+F+R3 52651.586    450 106203.172   512103.172   107865.351
410  JTTDCMut+F+R4 52503.836    452 105911.671   515423.671   107581.238
411  JTTDCMut+F+R5 52418.930    454 105745.860   518885.860   107422.814
412  JTTDCMut+F+R6 52363.673    456 105639.345   522423.345   107323.687
413  JTTDCMut+F+R7 52339.982    458 105595.963   526039.963   107287.693
414  JTTDCMut+F+R8 52339.971    460 105599.942   529719.942   107299.059
417  FLU           57769.915    427 116393.829   481905.829   117971.053
418  FLU+I         57367.922    428 115591.845   482815.845   117172.762
419  FLU+G4        53521.221    428 107898.442   475122.442   109479.360
420  FLU+I+G4      53491.810    429 107841.620   476781.620   109426.231
421  FLU+R2        54530.536    429 109919.072   478859.072   111503.683
422  FLU+R3        53743.777    431 108349.555   480733.555   109941.553
423  FLU+R4        53541.881    433 107949.762   483793.762   109549.148
424  FLU+R5        53453.367    435 107776.735   487096.735   109383.508
425  FLU+R6        53390.052    437 107654.105   490466.105   109268.266
426  FLU+R7        53363.355    439 107604.709   493924.709   109226.258
427  FLU+R8        53363.262    441 107608.524   497452.524   109237.460
430  FLU+F         57872.833    446 116637.665   515361.665   118285.070
431  FLU+F+I       57488.638    447 115871.277   516383.277   117522.375
432  FLU+F+G4      53702.217    447 108298.435   508810.435   109949.533
433  FLU+F+I+G4    53664.656    448 108225.312   510529.312   109880.104
434  FLU+F+R2      54781.055    448 110458.110   512762.110   112112.902
435  FLU+F+R3      53950.629    450 108801.258   514701.258   110463.438
436  FLU+F+R4      53734.544    452 108373.087   517885.087   110042.654
437  FLU+F+R5      53646.163    454 108200.327   521340.327   109877.281
438  FLU+F+R6      53594.511    456 108101.022   524885.022   109785.364
439  FLU+F+R7      53570.018    458 108056.035   528500.035   109747.765
440  FLU+F+R8      53569.572    460 108059.143   532179.143   109758.260
443  Blosum62      55154.019    427 111162.038   476674.038   112739.262
444  Blosum62+I    54796.189    428 110448.377   477672.377   112029.295
445  Blosum62+G4   51713.126    428 104282.253   471506.253   105863.170
446  Blosum62+I+G4 51683.086    429 104224.172   473164.172   105808.783
447  Blosum62+R2   52419.229    429 105696.458   474636.458   107281.069
448  Blosum62+R3   51815.357    431 104492.715   476876.715   106084.713
449  Blosum62+R4   51670.209    433 104206.417   480050.417   105805.803
450  Blosum62+R5   51590.768    435 104051.535   483371.535   105658.309
451  Blosum62+R6   51554.762    437 103983.524   486795.524   105597.685
452  Blosum62+R7   51546.206    439 103970.412   490290.412   105591.960
453  Blosum62+R8   51546.194    441 103974.388   493818.388   105603.324
456  Blosum62+F    55400.529    446 111693.058   510417.058   113340.463
457  Blosum62+F+I  55063.135    447 111020.270   511532.270   112671.369
458  Blosum62+F+G4 52047.623    447 104989.247   505501.247   106640.345
459  Blosum62+F+I+G4 52019.910    448 104935.821   507239.821   106590.613
460  Blosum62+F+R2 52760.074    448 106416.148   508720.148   108070.940
461  Blosum62+F+R3 52144.511    450 105189.022   511089.022   106851.202
462  Blosum62+F+R4 51999.622    452 104903.243   514415.243   106572.810
463  Blosum62+F+R5 51924.696    454 104757.392   517897.392   106434.346
464  Blosum62+F+R6 51886.249    456 104684.497   521468.497   106368.839
465  Blosum62+F+R7 51875.595    458 104667.191   525111.191   106358.920
466  Blosum62+F+R8 51875.586    460 104671.171   528791.171   106370.288
469  mtMet         58811.877    427 118477.753   483989.753   120054.977
470  mtMet+I       58509.457    428 117874.915   485098.915   119455.832
471  mtMet+G4      54019.206    428 108894.412   476118.412   110475.330
472  mtMet+I+G4    53984.808    429 108827.616   477767.616   110412.227
473  mtMet+R2      55396.026    429 111650.051   480590.051   113234.662
474  mtMet+R3      54418.976    431 109699.951   482083.951   111291.950
475  mtMet+R4      54162.173    433 109190.347   485034.347   110789.733
476  mtMet+R5      53991.085    435 108852.170   488172.170   110458.944
477  mtMet+R6      53930.905    437 108735.810   491547.810   110349.971
478  mtMet+R7      53917.646    439 108713.292   495033.292   110334.840
479  mtMet+R8      53912.139    441 108706.279   498550.279   110335.215
482  mtMet+F       57411.716    446 115715.433   514439.433   117362.837
483  mtMet+F+I     57067.818    447 115029.636   515541.636   116680.734
484  mtMet+F+G4    53026.277    447 106946.554   507458.554   108597.652
485  mtMet+F+I+G4  52975.245    448 106846.490   509150.490   108501.282
486  mtMet+F+R2    54292.701    448 109481.402   511785.402   111136.194
487  mtMet+F+R3    53303.174    450 107506.347   513406.347   109168.527
488  mtMet+F+R4    53071.297    452 107046.594   516558.594   108716.161
489  mtMet+F+R5    52955.443    454 106818.886   519958.886   108495.840
490  mtMet+F+R6    52892.722    456 106697.444   523481.444   108381.786
491  mtMet+F+R7    52878.794    458 106673.588   527117.588   108365.317
492  mtMet+F+R8    52878.617    460 106677.235   530797.235   108376.352
495  mtVer         60314.154    427 121482.308   486994.308   123059.531
496  mtVer+I       60030.994    428 120917.989   488141.989   122498.906
497  mtVer+G4      55092.282    428 111040.564   478264.564   112621.482
498  mtVer+I+G4    55064.160    429 110986.319   479926.319   112570.930
499  mtVer+R2      56536.061    429 113930.121   482870.121   115514.732
500  mtVer+R3      55495.116    431 111852.231   484236.231   113444.230
501  mtVer+R4      55282.349    433 111430.699   487274.699   113030.085
502  mtVer+R5      55089.644    435 111049.287   490369.287   112656.061
503  mtVer+R6      55006.579    437 110887.158   493699.158   112501.319
504  mtVer+R7      54979.925    439 110837.851   497157.851   112459.399
505  mtVer+R8      54979.493    441 110840.985   500684.985   112469.921
508  mtVer+F       58894.348    446 118680.695   517404.695   120328.100
509  mtVer+F+I     58539.233    447 117972.466   518484.466   119623.564
510  mtVer+F+G4    54193.859    447 109281.718   509793.718   110932.817
511  mtVer+F+I+G4  54153.016    448 109202.032   511506.032   110856.824
512  mtVer+F+R2    55517.966    448 111931.931   514235.931   113586.723
513  mtVer+F+R3    54517.315    450 109934.630   515834.630   111596.809
514  mtVer+F+R4    54277.014    452 109458.029   518970.029   111127.596
515  mtVer+F+R5    54151.007    454 109210.014   522350.014   110886.969
516  mtVer+F+R6    54087.461    456 109086.922   525870.922   110771.263
517  mtVer+F+R7    54066.582    458 109049.164   529493.164   110740.893
518  mtVer+F+R8    54066.381    460 109052.761   533172.761   110751.878
521  mtInv         58378.250    427 117610.500   483122.500   119187.724
522  mtInv+I       58063.939    428 116983.879   484207.879   118564.796
523  mtInv+G4      53885.584    428 108627.169   475851.169   110208.086
524  mtInv+I+G4    53841.906    429 108541.812   477481.812   110126.423
525  mtInv+R2      55226.656    429 111311.312   480251.312   112895.923
526  mtInv+R3      54159.131    431 109180.263   481564.263   110772.261
527  mtInv+R4      53948.381    433 108762.763   484606.763   110362.149
528  mtInv+R5      53821.827    435 108513.653   487833.653   110120.427
529  mtInv+R6      53767.468    437 108408.936   491220.936   110023.097
530  mtInv+R7      53752.286    439 108382.572   494702.572   110004.120
531  mtInv+R8      53752.008    441 108386.017   498230.017   110014.953
534  mtInv+F       56488.214    446 113868.427   512592.427   115515.832
535  mtInv+F+I     56149.326    447 113192.653   513704.653   114843.751
536  mtInv+F+G4    52400.035    447 105694.071   506206.071   107345.169
537  mtInv+F+I+G4  52379.128    448 105654.256   507958.256   107309.048
538  mtInv+F+R2    53571.702    448 108039.405   510343.405   109694.197
539  mtInv+F+R3    52626.069    450 106152.138   512052.138   107814.317
540  mtInv+F+R4    52413.096    452 105730.192   515242.192   107399.759
541  mtInv+F+R5    52320.481    454 105548.963   518688.963   107225.917
542  mtInv+F+R6    52279.038    456 105470.076   522254.076   107154.417
543  mtInv+F+R7    52263.955    458 105443.911   525887.911   107135.640
544  mtInv+F+R8    52263.825    460 105447.650   529567.650   107146.767
Akaike Information Criterion:           LG+R7
Corrected Akaike Information Criterion: LG+G4
Bayesian Information Criterion:         LG+R7
Best-fit model: LG+R7 chosen according to BIC

All model information printed to K01939.blastp_ALL.outfmt6.parsed.filtered.uniq.faa.mafft.aln.trimal1.model.gz
CPU time for ModelFinder: 4404.487 seconds (1h:13m:24s)
Wall-clock time for ModelFinder: 3780.664 seconds (1h:3m:0s)
Generating 2000 samples for ultrafast bootstrap (seed: 992825)...

NOTE: 76 MB RAM (0 GB) is required!
Measuring multi-threading efficiency up to 4 CPU cores
Increase to 10 rounds for branch lengths
2 trees examined
Threads: 1 / Time: 4.331 sec / Speedup: 1.000 / Efficiency: 100% / LogL: -74075
Threads: 2 / Time: 2.601 sec / Speedup: 1.665 / Efficiency: 83% / LogL: -74075
Threads: 3 / Time: 2.104 sec / Speedup: 2.058 / Efficiency: 69% / LogL: -74075
Threads: 4 / Time: 1.857 sec / Speedup: 2.332 / Efficiency: 58% / LogL: -74075
BEST NUMBER OF THREADS: 4

Estimate model parameters (epsilon = 0.100)
1. Initial log-likelihood: -50836.480
2. Current log-likelihood: -50796.686
3. Current log-likelihood: -50795.121
Optimal log-likelihood: -50795.064
Site proportion and rates:  (0.234,0.084) (0.132,0.288) (0.053,0.499) (0.176,0.805) (0.165,1.189) (0.150,1.866) (0.090,3.315)
Parameters optimization took 3 rounds (5.201 sec)
Computing ML distances based on estimated model parameters... 33.308 sec
WARNING: Some pairwise ML distances are too long (saturated)
Computing BIONJ tree...
0.029 seconds
Log-likelihood of BIONJ tree: -50769.015
--------------------------------------------------------------------
|             INITIALIZING CANDIDATE TREE SET                      |
--------------------------------------------------------------------
Generating 98 parsimony trees... 9.967 second
Computing log-likelihood of 98 initial trees ... 18.833 seconds
Current best score: -50617.179

Do NNI search on 20 best initial trees
Estimate model parameters (epsilon = 0.100)
BETTER TREE FOUND at iteration 1: -50471.441
Iteration 10 / LogL: -50497.753 / Time: 0h:1m:26s
Iteration 20 / LogL: -50590.313 / Time: 0h:1m:57s
Finish initializing candidate tree set (20)
Current best tree score: -50471.441 / CPU time: 91.533
Number of iterations: 20
--------------------------------------------------------------------
|               OPTIMIZING CANDIDATE TREE SET                      |
--------------------------------------------------------------------
Estimate model parameters (epsilon = 0.100)
BETTER TREE FOUND at iteration 21: -50456.020
Estimate model parameters (epsilon = 0.100)
BETTER TREE FOUND at iteration 24: -50452.385
Estimate model parameters (epsilon = 0.100)
BETTER TREE FOUND at iteration 25: -50439.392
Iteration 30 / LogL: -50442.842 / Time: 0h:2m:33s (0h:8m:21s left)
Estimate model parameters (epsilon = 0.100)
BETTER TREE FOUND at iteration 31: -50425.889
Estimate model parameters (epsilon = 0.100)
BETTER TREE FOUND at iteration 38: -50412.406
Iteration 40 / LogL: -50433.408 / Time: 0h:3m:10s (0h:7m:58s left)
Iteration 50 / LogL: -50429.493 / Time: 0h:3m:32s (0h:6m:20s left)
Log-likelihood cutoff on original alignment: -50567.008
Iteration 60 / LogL: -50417.923 / Time: 0h:3m:56s (0h:5m:12s left)
Iteration 70 / LogL: -50418.965 / Time: 0h:4m:15s (0h:4m:11s left)
Estimate model parameters (epsilon = 0.100)
BETTER TREE FOUND at iteration 73: -50411.709
Estimate model parameters (epsilon = 0.100)
BETTER TREE FOUND at iteration 78: -50405.095
Iteration 80 / LogL: -50411.486 / Time: 0h:4m:41s (0h:5m:49s left)
Estimate model parameters (epsilon = 0.100)
BETTER TREE FOUND at iteration 81: -50403.883
Estimate model parameters (epsilon = 0.100)
BETTER TREE FOUND at iteration 82: -50397.886
Estimate model parameters (epsilon = 0.100)
BETTER TREE FOUND at iteration 83: -50391.677
Iteration 90 / LogL: -50398.141 / Time: 0h:5m:7s (0h:5m:21s left)
Iteration 100 / LogL: -50395.409 / Time: 0h:5m:36s (0h:4m:42s left)
Log-likelihood cutoff on original alignment: -50550.429
NOTE: Bootstrap correlation coefficient of split occurrence frequencies: 0.970
NOTE: UFBoot does not converge, continue at least 100 more iterations
Estimate model parameters (epsilon = 0.100)
BETTER TREE FOUND at iteration 106: -50389.555
Iteration 110 / LogL: -50405.489 / Time: 0h:6m:4s (0h:5m:20s left)
Estimate model parameters (epsilon = 0.100)
BETTER TREE FOUND at iteration 117: -50383.673
Iteration 120 / LogL: -50405.909 / Time: 0h:6m:34s (0h:5m:21s left)
Iteration 130 / LogL: -50392.950 / Time: 0h:7m:2s (0h:4m:45s left)
Estimate model parameters (epsilon = 0.100)
BETTER TREE FOUND at iteration 136: -50381.550
Iteration 140 / LogL: -50392.283 / Time: 0h:7m:23s (0h:5m:6s left)
Iteration 150 / LogL: -50423.037 / Time: 0h:7m:48s (0h:4m:30s left)
Log-likelihood cutoff on original alignment: -50550.429
Iteration 160 / LogL: -50455.110 / Time: 0h:8m:18s (0h:3m:58s left)
UPDATE BEST LOG-LIKELIHOOD: -50381.548
Iteration 170 / LogL: -50401.604 / Time: 0h:8m:40s (0h:3m:23s left)
Iteration 180 / LogL: -50402.504 / Time: 0h:9m:9s (0h:2m:51s left)
Iteration 190 / LogL: -50387.540 / Time: 0h:9m:30s (0h:2m:18s left)
Iteration 200 / LogL: -50386.268 / Time: 0h:9m:48s (0h:1m:46s left)
Log-likelihood cutoff on original alignment: -50550.429
NOTE: Bootstrap correlation coefficient of split occurrence frequencies: 0.983
NOTE: UFBoot does not converge, continue at least 100 more iterations
Estimate model parameters (epsilon = 0.100)
BETTER TREE FOUND at iteration 204: -50377.534
Iteration 210 / LogL: -50386.562 / Time: 0h:10m:22s (0h:4m:39s left)
Estimate model parameters (epsilon = 0.100)
BETTER TREE FOUND at iteration 211: -50375.057
Iteration 220 / LogL: -50425.023 / Time: 0h:10m:46s (0h:4m:28s left)
Iteration 230 / LogL: -50379.087 / Time: 0h:11m:5s (0h:3m:55s left)
Iteration 240 / LogL: -50385.351 / Time: 0h:11m:27s (0h:3m:24s left)
Iteration 250 / LogL: -50430.541 / Time: 0h:11m:47s (0h:2m:53s left)
Log-likelihood cutoff on original alignment: -50550.429
Iteration 260 / LogL: -50399.629 / Time: 0h:12m:12s (0h:2m:24s left)
Iteration 270 / LogL: -50385.769 / Time: 0h:12m:40s (0h:1m:55s left)
Iteration 280 / LogL: -50397.563 / Time: 0h:12m:59s (0h:1m:26s left)
Iteration 290 / LogL: -50393.781 / Time: 0h:13m:23s (0h:0m:58s left)
Iteration 300 / LogL: -50417.556 / Time: 0h:13m:48s (0h:0m:30s left)
Log-likelihood cutoff on original alignment: -50550.429
NOTE: Bootstrap correlation coefficient of split occurrence frequencies: 0.991
Iteration 310 / LogL: -50387.434 / Time: 0h:14m:17s (0h:4m:9s left)
TREE SEARCH COMPLETED AFTER 312 ITERATIONS / Time: 0h:14m:23s

--------------------------------------------------------------------
|                    FINALIZING TREE SEARCH                        |
--------------------------------------------------------------------
Performs final model parameters optimization
Estimate model parameters (epsilon = 0.010)
1. Initial log-likelihood: -50375.057
Optimal log-likelihood: -50375.051
Site proportion and rates:  (0.238,0.086) (0.147,0.304) (0.142,0.676) (0.165,0.998) (0.101,1.427) (0.120,1.960) (0.087,3.385)
Parameters optimization took 1 rounds (0.782 sec)
BEST SCORE FOUND : -50375.051
Creating bootstrap support values...
Split supports printed to NEXUS file K01939.blastp_ALL.outfmt6.parsed.filtered.uniq.faa.mafft.aln.trimal1.splits.nex
Total tree length: 58.215

Total number of iterations: 312
CPU time used for tree search: 3282.478 sec (0h:54m:42s)
Wall-clock time used for tree search: 836.732 sec (0h:13m:56s)
Total CPU time used: 3369.109 sec (0h:56m:9s)
Total wall-clock time used: 864.968 sec (0h:14m:24s)

Computing bootstrap consensus tree...
Reading input file K01939.blastp_ALL.outfmt6.parsed.filtered.uniq.faa.mafft.aln.trimal1.splits.nex...
215 taxa and 1701 splits.
Consensus tree written to K01939.blastp_ALL.outfmt6.parsed.filtered.uniq.faa.mafft.aln.trimal1.contree
Reading input trees file K01939.blastp_ALL.outfmt6.parsed.filtered.uniq.faa.mafft.aln.trimal1.contree
Log-likelihood of consensus tree: -50378.896

Analysis results written to: 
  IQ-TREE report:                K01939.blastp_ALL.outfmt6.parsed.filtered.uniq.faa.mafft.aln.trimal1.iqtree
  Maximum-likelihood tree:       K01939.blastp_ALL.outfmt6.parsed.filtered.uniq.faa.mafft.aln.trimal1.treefile
  Likelihood distances:          K01939.blastp_ALL.outfmt6.parsed.filtered.uniq.faa.mafft.aln.trimal1.mldist

Ultrafast bootstrap approximation results written to:
  Split support values:          K01939.blastp_ALL.outfmt6.parsed.filtered.uniq.faa.mafft.aln.trimal1.splits.nex
  Consensus tree:                K01939.blastp_ALL.outfmt6.parsed.filtered.uniq.faa.mafft.aln.trimal1.contree
  Screen log file:               K01939.blastp_ALL.outfmt6.parsed.filtered.uniq.faa.mafft.aln.trimal1.log

Date and Time: Wed Oct 13 10:53:07 2021
