IQ-TREE multicore version 1.6.12 for Linux 64-bit built Aug 15 2019
Developed by Bui Quang Minh, Nguyen Lam Tung, Olga Chernomor,
Heiko Schmidt, Dominik Schrempf, Michael Woodhams.

Host:    coral (AVX512, FMA3, 376 GB RAM)
Command: /home/timothy/programs/iqtree-1.6.12-Linux/bin/iqtree -s K02335.blastp_ALL.outfmt6.parsed.filtered.uniq.faa.mafft.aln -nt AUTO -ntmax 6 -m LG+R7 -bb 2000 -nm 2000 -quiet
Seed:    102065 (Using SPRNG - Scalable Parallel Random Number Generator)
Time:    Tue Oct 12 22:03:23 2021
Kernel:  AVX+FMA - auto-detect threads (96 CPU cores detected)

Reading alignment file K02335.blastp_ALL.outfmt6.parsed.filtered.uniq.faa.mafft.aln ... Fasta format detected
Alignment most likely contains protein sequences
Alignment has 398 sequences with 10846 columns, 8233 distinct patterns
3825 parsimony-informative, 3236 singleton sites, 3785 constant sites
WARNING: Some sequence names are changed as follows:
Bacteria-NA-NA-NA-NA-Candidatus_Dependentiae_bacterium_ex_Spumella_elongata_CCAP_955/1_WP_115585790.1 -> Bacteria-NA-NA-NA-NA-Candidatus_Dependentiae_bacterium_ex_Spumella_elongata_CCAP_955_1_WP_115585790.1

                                                                                                                                                     Gap/Ambiguity  Composition  p-value
   1  Archaea-Euryarchaeota-Methanomicrobia-Methanosarcinales-Methanosarcinaceae-Methanococcoides_vulcani_WP_091689909.1                                    94.22%    failed      0.00%
   2  Archaea-Euryarchaeota-Methanomicrobia-Methanosarcinales-Methanosarcinaceae-Methanosarcina_lacustris_WP_048127562.1                                    94.86%    failed      0.00%
   3  Archaea-Euryarchaeota-Methanomicrobia-Methanosarcinales-Methanosarcinaceae-Methanosarcina_mazei_WP_048038891.1                                        94.85%    failed      0.00%
   4  Archaea-Euryarchaeota-Thermoplasmata-Methanomassiliicoccales-CandidatusMethanomethylophilaceae-Candidatus_Methanomethylophilus_alvus_WP_015504601.1   91.98%    failed      0.00%
   5  Bacteria-Acidobacteria-Acidobacteriia-Bryobacterales-Solibacteraceae-Candidatus_Solibacter_usitatus_WP_011683115.1                                    92.02%    failed      0.00%
   6  Bacteria-Acidobacteria-Blastocatellia-Blastocatellales-Pyrinomonadaceae-Pyrinomonas_methylaliphatogenes_WP_060635407.1                                91.55%    failed      0.00%
   7  Bacteria-Actinobacteria-Actinobacteria-Micrococcales-Microbacteriaceae-Chitinimonas_sp._R344_WP_144277852.1                                           91.51%    failed      0.00%
   8  Bacteria-Actinobacteria-Actinobacteria-Streptomycetales-Streptomycetaceae-Streptomyces_purpurogeneiscleroticus_WP_053610458.1                         90.34%    failed      0.00%
   9  Bacteria-Actinobacteria-Coriobacteriia-Coriobacteriales-Atopobiaceae-Olsenella_mediterranea_WP_072369631.1                                            91.68%    failed      0.00%
  10  Bacteria-Actinobacteria-Coriobacteriia-Eggerthellales-Eggerthellaceae-Denitrobacterium_detoxificans_WP_066661908.1                                    91.85%    failed      0.00%
  11  Bacteria-Actinobacteria-NA-NA-NA-NA_WP_058986196.1                                                                                                    91.78%    failed      0.00%
  12  Bacteria-Aquificae-Aquificae-Aquificales-Hydrogenothermaceae-Persephonella_marina_WP_012675313.1                                                      97.27%    failed      0.00%
  13  Bacteria-Bacteroidetes-Bacteroidia-Bacteroidales-Barnesiellaceae-Barnesiella_sp._An22_WP_087407855.1                                                  91.43%    failed      0.00%
  14  Bacteria-Bacteroidetes-Bacteroidia-Marinilabiliales-Marinilabiliaceae-Geofilum_rhodophaeum_WP_088653647.1                                             91.47%    failed      0.00%
  15  Bacteria-Bacteroidetes-Cytophagia-Cytophagales-Hymenobacteraceae-Hymenobacter_sp._DG01_WP_139924847.1                                                 91.11%    failed      0.00%
  16  Bacteria-Bacteroidetes-Flavobacteriia-Flavobacteriales-Flavobacteriaceae-Antarcticibacterium_sp._PAMC_28998_WP_146837706.1                            91.30%    failed      0.00%
  17  Bacteria-Bacteroidetes-Flavobacteriia-Flavobacteriales-Flavobacteriaceae-Chishuiella_changwenlii_WP_072929571.1                                       91.30%    failed      0.00%
  18  Bacteria-Bacteroidetes-Flavobacteriia-Flavobacteriales-Flavobacteriaceae-Empedobacter_falsenii_WP_038332597.1                                         91.29%    failed      0.00%
  19  Bacteria-Bacteroidetes-Flavobacteriia-Flavobacteriales-Flavobacteriaceae-Empedobacter_haloabium_WP_147953033.1                                        91.55%    failed      0.00%
  20  Bacteria-Bacteroidetes-Flavobacteriia-Flavobacteriales-Flavobacteriaceae-Flavobacterium_succinicans_WP_035717345.1                                    91.21%    failed      0.00%
  21  Bacteria-Bacteroidetes-NA-BacteroidetesOrderII.Incertaesedis-Rhodothermaceae-Rhodothermus_marinus_WP_144295436.1                                      91.29%    failed      0.00%
  22  Bacteria-Bacteroidetes-NA-BacteroidetesOrderII.Incertaesedis-Rhodothermaceae-Salinibacter_sp._10B_WP_105013242.1                                      91.43%    failed      0.00%
  23  Bacteria-Bacteroidetes-Sphingobacteriia-Sphingobacteriales-Sphingobacteriaceae-Pedobacter_nutrimenti_WP_110828119.1                                   91.35%    failed      0.00%
  24  Bacteria-Bacteroidetes-Sphingobacteriia-Sphingobacteriales-Sphingobacteriaceae-Pelobium_manganitolerans_WP_120180318.1                                91.37%    failed      0.00%
  25  Bacteria-Bacteroidetes-Sphingobacteriia-Sphingobacteriales-Sphingobacteriaceae-Sphingobacterium_faecium_WP_108158397.1                                91.44%    failed      0.00%
  26  Bacteria-Balneolaeota-Balneolia-Balneolales-Balneolaceae-Aliifodinibius_sediminis_WP_142713095.1                                                      91.47%    failed      0.00%
  27  Bacteria-Balneolaeota-Balneolia-Balneolales-Balneolaceae-Balneola_sp._EhC07_WP_066217993.1                                                            91.55%    failed      0.00%
  28  Bacteria-Balneolaeota-Balneolia-Balneolales-Balneolaceae-Gracilimonas_mengyeensis_WP_142453700.1                                                      91.55%    failed      0.00%
  29  Bacteria-Balneolaeota-Balneolia-Balneolales-Balneolaceae-Gracilimonas_sp._8A47_WP_109646678.1                                                         91.51%    failed      0.00%
  30  Bacteria-Balneolaeota-Balneolia-Balneolales-Balneolaceae-Rhodohalobacter_sp._SW132_WP_116034886.1                                                     91.59%    failed      0.00%
  31  Bacteria-candidatedivisionNC10-NA-NA-NA-candidate_division_NC10_bacterium_WP_116465053.1                                                              91.94%    failed      0.00%
  32  Bacteria-candidatedivisionNC10-NA-NA-NA-Candidatus_Methylomirabilis_limnetica_WP_107562046.1                                                          91.98%    failed      0.00%
  33  Bacteria-CandidatusMarinimicrobia-NA-NA-NA-Candidatus_Marinimicrobia_bacterium_WP_129215853.1                                                         91.61%    failed      0.00%
  34  Bacteria-CandidatusTectomicrobia-NA-NA-NA-Candidatus_Entotheonella_palauensis_WP_089932883.1                                                          91.76%    failed      0.00%
  35  Bacteria-Chloroflexi-Anaerolineae-Anaerolineales-Anaerolineaceae-Anaerolinea_thermophila_WP_013561401.1                                               91.35%    failed      0.00%
  36  Bacteria-Chloroflexi-Anaerolineae-Anaerolineales-NA-Anaerolineales_bacterium_WP_116717386.1                                                           91.42%    failed      0.00%
  37  Bacteria-Chloroflexi-Thermomicrobia-NA-NA-Thermorudis_peleae_WP_038039825.1                                                                           91.48%    failed      0.00%
  38  Bacteria-Chloroflexi-Thermomicrobia-Sphaerobacterales-Sphaerobacteraceae-Nitrolancea_hollandica_WP_008481845.1                                        95.46%    failed      0.00%
  39  Bacteria-DeinococcusThermus-Deinococci-Deinococcales-Deinococcaceae-Deinococcus_misasensis_WP_051964071.1                                             92.29%    failed      0.00%
  40  Bacteria-DeinococcusThermus-Deinococci-Thermales-Thermaceae-Meiothermus_chliarophilus_WP_027893186.1                                                  92.19%    failed      0.00%
  41  Bacteria-DeinococcusThermus-Deinococci-Thermales-Thermaceae-Meiothermus_luteus_WP_119360751.1                                                         92.26%    failed      0.00%
  42  Bacteria-DeinococcusThermus-Deinococci-Thermales-Thermaceae-NA_WP_027887073.1                                                                         92.24%    failed      0.00%
  43  Bacteria-DeinococcusThermus-Deinococci-Thermales-Thermaceae-NA_WP_110532661.1                                                                         92.18%    failed      0.00%
  44  Bacteria-DeinococcusThermus-Deinococci-Thermales-Thermaceae-Thermus_arciformis_WP_093006241.1                                                         92.32%    failed      0.00%
  45  Bacteria-DeinococcusThermus-Deinococci-Thermales-Thermaceae-Thermus_caldifontis_WP_114312494.1                                                        92.32%    failed      0.00%
  46  Bacteria-DeinococcusThermus-Deinococci-Thermales-Thermaceae-Thermus_scotoductus_WP_019550117.1                                                        92.35%    failed      0.00%
  47  Bacteria-Firmicutes-Bacilli-Bacillales-Bacillaceae-Bacillus_sp._M30_WP_138809239.1                                                                    97.29%    failed      0.24%
  48  Bacteria-Firmicutes-Bacilli-Bacillales-Planococcaceae-Ureibacillus_terrenus_WP_141602383.1                                                            91.93%    failed      0.00%
  49  Bacteria-Firmicutes-Bacilli-Lactobacillales-Aerococcaceae-Facklamia_tabacinasalis_WP_138404690.1                                                      91.88%    failed      0.00%
  50  Bacteria-Firmicutes-Clostridia-Clostridiales-Clostridiaceae-Clostridium_formicaceticum_WP_070968765.1                                                 91.74%    failed      0.00%
  51  Bacteria-Firmicutes-Clostridia-Clostridiales-Clostridiaceae-Thermohalobacter_berrensis_WP_120167939.1                                                 91.76%    failed      0.00%
  52  Bacteria-Firmicutes-Clostridia-Halanaerobiales-Halobacteroidaceae-Orenia_metallireducens_WP_097017607.1                                               92.11%    failed      0.00%
  53  Bacteria-Firmicutes-Clostridia-Thermoanaerobacterales-Thermoanaerobacteraceae-Calderihabitans_maritimus_WP_088553765.1                                91.75%    failed      0.00%
  54  Bacteria-Firmicutes-Clostridia-Thermoanaerobacterales-ThermoanaerobacteralesFamilyIII.IncertaeSedis-Caldicellulosiruptor_acetigenus_WP_029227660.1    92.16%    failed      0.00%
  55  Bacteria-Gemmatimonadetes-Gemmatimonadetes-Gemmatimonadales-Gemmatimonadaceae-Gemmatimonas_aurantiaca_WP_012681500.1                                  90.93%    failed      0.00%
  56  Bacteria-NA-NA-NA-NA-bacterium_B66_WP_136250680.1                                                                                                     91.41%    failed      0.00%
  57  Bacteria-NA-NA-NA-NA-bacterium_endosymbiont_of_Bathymodiolus_sp._5_South_WP_139659695.1                                                               91.51%    failed      0.00%
  58  Bacteria-NA-NA-NA-NA-Bathymodiolus_heckerae_thiotrophic_gill_symbiont_WP_138120062.1                                                                  91.59%    failed      0.00%
  59  Bacteria-NA-NA-NA-NA-Candidatus_Dependentiae_bacterium_ex_Spumella_elongata_CCAP_955_1_WP_115585790.1                                                 91.60%    failed      0.00%
  60  Bacteria-NA-NA-NA-NA-NA_WP_135895264.1                                                                                                                91.58%    failed      0.00%
  61  Bacteria-NA-NA-NA-NA-Thermobaculum_terrenum_WP_012874717.1                                                                                            91.43%    failed      0.00%
  62  Bacteria-NA-NA-NA-NA-thiotrophic_endosymbiont_of_Bathymodiolus_puteoserpentis_Logatchev_WP_139682791.1                                                91.51%    failed      0.00%
  63  Bacteria-Nitrospinae-Nitrospinia-Nitrospinales-Nitrospinaceae-Nitrospina_gracilis_WP_005009565.1                                                      91.70%    failed      0.00%
  64  Bacteria-Nitrospirae-Nitrospira-Nitrospirales-Nitrospiraceae-Candidatus_Nitrospira_inopinata_WP_062484603.1                                           91.84%    failed      0.00%
  65  Bacteria-Nitrospirae-Nitrospira-Nitrospirales-Nitrospiraceae-Nitrospira_moscoviensis_WP_145976461.1                                                   91.90%    failed      0.00%
  66  Bacteria-Planctomycetes-NA-NA-NA-NA_WP_145064555.1                                                                                                    91.33%    failed      0.00%
  67  Bacteria-Planctomycetes-NA-NA-NA-Planctomycetes_bacterium_CA12_WP_145360284.1                                                                         91.34%    failed      0.00%
  68  Bacteria-Planctomycetes-NA-NA-NA-Planctomycetes_bacterium_KS4_WP_145077012.1                                                                          91.18%    failed      0.00%
  69  Bacteria-Planctomycetes-NA-NA-NA-Planctomycetes_bacterium_Poly30_WP_145200085.1                                                                       91.66%    failed      0.00%
  70  Bacteria-Planctomycetes-Phycisphaerae-NA-NA-Phycisphaerae_bacterium_STNAGABD1_WP_146660612.1                                                          91.52%    failed      0.00%
  71  Bacteria-Planctomycetes-Phycisphaerae-Sedimentisphaerales-Sedimentisphaeraceae-Sedimentisphaera_salicampi_WP_094760411.1                              91.55%    failed      0.00%
  72  Bacteria-Planctomycetes-Planctomycetia-Planctomycetales-Isosphaeraceae-Aquisphaera_giovannonii_WP_148594276.1                                         91.68%    failed      0.00%
  73  Bacteria-Planctomycetes-Planctomycetia-Planctomycetales-Isosphaeraceae-Singulisphaera_sp._GP187_WP_074306220.1                                        91.73%    failed      0.00%
  74  Bacteria-Planctomycetes-Planctomycetia-Planctomycetales-Planctomycetaceae-Planctomyces_sp._SHPL14_WP_075091614.1                                      95.25%    failed      0.00%
  75  Bacteria-Planctomycetes-Planctomycetia-Planctomycetales-Planctomycetaceae-Rhodopirellula_sp._SM50_WP_095736733.1                                      91.39%    failed      0.00%
  76  Bacteria-Proteobacteria-Alphaproteobacteria-Rhizobiales-Rhodobiaceae-Parvibaculum_lavamentivorans_WP_041536130.1                                      91.13%    failed      0.00%
  77  Bacteria-Proteobacteria-Alphaproteobacteria-Rhodobacterales-Rhodobacteraceae-Maritimibacter_sp._LZ17_WP_138423856.1                                   91.41%    failed      0.00%
  78  Bacteria-Proteobacteria-Betaproteobacteria-Burkholderiales-NA-Ideonella_sp._KYPY4_WP_128228742.1                                                      91.53%    failed      0.00%
  79  Bacteria-Proteobacteria-Betaproteobacteria-Burkholderiales-NA-Paucibacter_toxinivorans_WP_133703315.1                                                 91.43%    failed      0.00%
  80  Bacteria-Proteobacteria-Betaproteobacteria-Burkholderiales-NA-Rubrivivax_benzoatilyticus_WP_009857085.1                                               91.56%    failed      0.00%
  81  Bacteria-Proteobacteria-Betaproteobacteria-NA-NA-Betaproteobacteria_bacterium_MOLA814_WP_023472926.1                                                  91.26%    failed      0.00%
  82  Bacteria-Proteobacteria-Betaproteobacteria-NA-NA-beta_proteobacterium_AAP51_WP_054154828.1                                                            91.46%    failed      0.00%
  83  Bacteria-Proteobacteria-Betaproteobacteria-NA-NA-Chitinivorax_sp._B_WP_137939165.1                                                                    91.63%    failed      0.00%
  84  Bacteria-Proteobacteria-Deltaproteobacteria-Desulfuromonadales-Desulfuromonadaceae-Pelobacter_propionicus_WP_011734885.1                              95.56%    failed      0.00%
  85  Bacteria-Proteobacteria-Deltaproteobacteria-Desulfuromonadales-Geobacteraceae-Geobacter_sp._DSM_9736_WP_088535853.1                                   95.56%    failed      0.00%
  86  Bacteria-Proteobacteria-Deltaproteobacteria-Desulfuromonadales-Geobacteraceae-Geopsychrobacter_electrodiphilus_WP_020677534.1                         95.60%    failed      0.00%
  87  Bacteria-Proteobacteria-Deltaproteobacteria-Syntrophobacterales-Syntrophobacteraceae-Desulfacinum_infernum_WP_073038033.1                             91.67%    failed      0.00%
  88  Bacteria-Proteobacteria-Gammaproteobacteria-Enterobacterales-Morganellaceae-NA_WP_087803753.1                                                         91.41%    failed      0.00%
  89  Bacteria-Proteobacteria-Gammaproteobacteria-Enterobacterales-Morganellaceae-Proteus_alimentorum_WP_099076142.1                                        91.41%    failed      0.00%
  90  Bacteria-Proteobacteria-Gammaproteobacteria-Enterobacterales-Morganellaceae-Xenorhabdus_beddingii_WP_086113092.1                                      91.37%    failed      0.00%
  91  Bacteria-Proteobacteria-Gammaproteobacteria-Enterobacterales-Morganellaceae-Xenorhabdus_bovienii_WP_038189458.1                                       91.41%    failed      0.00%
  92  Bacteria-Proteobacteria-Gammaproteobacteria-Enterobacterales-Yersiniaceae-Serratia_marcescens_WP_060441437.1                                          91.41%    failed      0.00%
  93  Bacteria-Proteobacteria-Gammaproteobacteria-Methylococcales-Methylococcaceae-NA_WP_147773817.1                                                        91.67%    failed      0.00%
  94  Bacteria-Proteobacteria-Gammaproteobacteria-NA-NA-Bathymodiolus_platifrons_methanotrophic_gill_symbiont_WP_087869499.1                                91.67%    failed      0.00%
  95  Bacteria-Proteobacteria-Gammaproteobacteria-NA-NA-Sedimenticola_selenatireducens_WP_029133675.1                                                       91.60%    failed      0.00%
  96  Bacteria-Proteobacteria-Gammaproteobacteria-NA-NA-Wohlfahrtiimonas_chitiniclastica_WP_094492566.1                                                     91.57%    failed      0.00%
  97  Bacteria-Proteobacteria-Gammaproteobacteria-Nevskiales-Sinobacteraceae-Sinobacteraceae_bacterium_WP_123210641.1                                       91.19%    failed      0.00%
  98  Bacteria-Rhodothermaeota-Rhodothermia-Rhodothermales-Rubricoccaceae-Rubrivirga_marina_WP_095511834.1                                                  90.21%    failed      0.00%
  99  Bacteria-Spirochaetes-Spirochaetia-Leptospirales-Leptospiraceae-Leptospira_ryugenii_WP_108975437.1                                                    91.40%    failed      0.00%
 100  Bacteria-Spirochaetes-Spirochaetia-Spirochaetales-Spirochaetaceae-Alkalispirochaeta_alkalica_WP_018527515.1                                           91.32%    failed      0.00%
 101  Bacteria-Spirochaetes-Spirochaetia-Spirochaetales-Spirochaetaceae-Oceanispirochaeta_sp._M1_WP_114628288.1                                             91.74%    failed      0.00%
 102  Bacteria-Spirochaetes-Spirochaetia-Spirochaetales-Spirochaetaceae-Treponema_vincentii_WP_006189337.1                                                  91.23%    failed      0.00%
 103  Bacteria-Thermodesulfobacteria-Thermodesulfobacteria-Thermodesulfobacteriales-Thermodesulfobacteriaceae-Thermodesulfatator_indicus_WP_013908316.1     91.67%    failed      0.00%
 104  Bacteria-Verrucomicrobia-NA-NA-NA-Verrucomicrobia_bacterium_S94_WP_130595186.1                                                                        91.43%    failed      0.00%
 105  Eukaryota-Acytosteliales-Acytosteliales-Acytosteliales-Acytosteliaceae-Acytostelium_subglobosum_XP_012752514.1                                        87.27%    failed      0.00%
 106  Eukaryota-Acytosteliales-Acytosteliales-Acytosteliales-Acytosteliaceae-Acytostelium_subglobosum_XP_012758011.1                                        90.51%    failed      0.00%
 107  Eukaryota-Acytosteliales-Acytosteliales-Acytosteliales-Acytosteliaceae-Heterostelium_album_XP_020430510.1                                             87.47%    failed      0.00%
 108  Eukaryota-Acytosteliales-Acytosteliales-Acytosteliales-Acytosteliaceae-Heterostelium_album_XP_020431449.1                                             86.99%    failed      0.00%
 109  Eukaryota-Acytosteliales-Acytosteliales-Acytosteliales-Acytosteliaceae-Heterostelium_album_XP_020433743.1                                             89.01%    failed      0.00%
 110  Eukaryota-Acytosteliales-Acytosteliales-Acytosteliales-Cavenderiaceae-Cavenderia_fasciculata_XP_004355124.1                                           82.90%    failed      0.00%
 111  Eukaryota-Acytosteliales-Acytosteliales-Acytosteliales-Cavenderiaceae-Cavenderia_fasciculata_XP_004359222.1                                           90.88%    failed      0.00%
 112  Eukaryota-Alveolata-Dinophyceae-NA-Unranked-Alexandrium_andersonii_MMETSP1436_c69799_g1_i1.p1                                                         90.34%    failed      0.00%
 113  Eukaryota-Alveolata-Dinophyceae-NA-Unranked-Alexandrium_tamarense_MMETSP0384_c52789_g1_i1.p2                                                          98.63%    passed     10.72%
 114  Eukaryota-Alveolata-Dinophyceae-NA-Unranked-Ceratium_fusus_MMETSP1075_c10250_g1_i1.p1                                                                 91.30%    failed      0.00%
 115  Eukaryota-Alveolata-Dinophyceae-NA-Unranked-Glenodinium_foliaceum_MMETSP0119_c23659_g1_i1.p2                                                          97.33%    failed      0.00%
 116  Eukaryota-Alveolata-Dinophyceae-NA-Unranked-Glenodinium_foliaceum_MMETSP0119_c80175_g1_i1.p1                                                          95.29%    failed      0.00%
 117  Eukaryota-Alveolata-Dinophyceae-NA-Unranked-Karenia_brevis_MMETSP0027_c59827_g1_i1.p1                                                                 96.45%    failed      0.00%
 118  Eukaryota-Alveolata-Dinophyceae-NA-Unranked-Karenia_brevis_MMETSP0029_c33353_g1_i1.p1                                                                 90.64%    failed      0.00%
 119  Eukaryota-Alveolata-Dinophyceae-NA-Unranked-Oxyrrhis_marina_MMETSP0468_c49045_g1_i1.p1                                                                94.29%    failed      0.00%
 120  Eukaryota-Alveolata-Dinophyceae-NA-Unranked-Oxyrrhis_marina_MMETSP1426_c62768_g1_i1.p1                                                                95.49%    failed      0.00%
 121  Eukaryota-Alveolata-Dinophyceae-NA-Unranked-Oxyrrhis_marina_MMETSP1426_c73977_g1_i1.p1                                                                91.07%    failed      0.00%
 122  Eukaryota-Alveolata-Dinophyceae-NA-Unranked-Protoceratium_reticulatum_MMETSP0228_c14197_g1_i1.p1                                                      96.90%    passed     15.83%
 123  Eukaryota-Alveolata-Dinophyceae-NA-Unranked-Scrippsiella_hangoei_MMETSP0360_c8063_g1_i1.p1                                                            92.80%    failed      0.00%
 124  Eukaryota-Alveolata-Dinophyceae-NA-Unranked-Scrippsiella_trochoidea_MMETSP0270_c51007_g1_i1.p1                                                        97.54%    passed     11.01%
 125  Eukaryota-Alveolata-Dinophyceae-NA-Unranked-Symbiodinium_sp_MMETSP1115_c62042_g1_i1.p1                                                                97.86%    passed     40.62%
 126  Eukaryota-Alveolata-Dinophyceae-NA-Unranked-Togula_jolla_MMETSP0224_c60190_g1_i1.p1                                                                   93.29%    failed      0.00%
 127  Eukaryota-Amoebozoa-NA-NA-Paramoebidae-Filamoeba_nolandi_MMETSP0413_c4389_g1_i1.p1                                                                    96.04%    passed      5.47%
 128  Eukaryota-Amoebozoa-NA-NA-Paramoebidae-Mayorella_sp_MMETSP0417_c4558_g1_i1.p1                                                                         92.43%    failed      0.01%
 129  Eukaryota-Amoebozoa-NA-NA-Paramoebidae-Sexangularia_sp_MMETSP0437_c758_g1_i1.p1                                                                       92.85%    failed      0.00%
 130  Eukaryota-Amoebozoa-NA-NA-Paramoebidae-Stygamoeba_regulata_MMETSP0447_c15029_g1_i1.p1                                                                 92.36%    failed      0.01%
 131  Eukaryota-Amoebozoa-NA-NA-Paramoebidae-Trichosphaerium_sp_MMETSP0405_c4771_g1_i1.p1                                                                   94.78%    failed      0.00%
 132  Eukaryota-Amoebozoa-NA-NA-Paramoebidae-Vexillifera_sp_MMETSP0173_c9983_g1_i1.p1                                                                       97.71%    failed      3.04%
 133  Eukaryota-Annelida-Clitellata-Hirudinida-Glossiphoniidae-Helobdella_robusta_jgi191126                                                                 76.34%    failed      0.00%
 134  Eukaryota-Apicomplexa-Aconoidasida-Haemosporida-Plasmodiidae-Plasmodium_knowlesi_XP_002260883.1                                                       82.84%    failed      0.00%
 135  Eukaryota-Apicomplexa-Aconoidasida-Haemosporida-Plasmodiidae-Plasmodium_vinckei_XP_008624032.1                                                        83.44%    failed      0.00%
 136  Eukaryota-Apicomplexa-Aconoidasida-Piroplasmida-Babesiidae-Babesia_microti_XP_012649874.1                                                             93.02%    failed      0.00%
 137  Eukaryota-Apicomplexa-Aconoidasida-Piroplasmida-Babesiidae-Babesia_ovata_XP_028865888.1                                                               83.04%    failed      0.00%
 138  Eukaryota-Apicomplexa-Aconoidasida-Piroplasmida-Babesiidae-Babesia_sp._Xinjiang_XP_028870164.1                                                        84.91%    failed      0.00%
 139  Eukaryota-Apicomplexa-Aconoidasida-Piroplasmida-Theileriidae-Theileria_annulata_XP_954352.1                                                           83.53%    failed      0.00%
 140  Eukaryota-Apicomplexa-Aconoidasida-Piroplasmida-Theileriidae-Theileria_equi_XP_004829874.1                                                            84.21%    failed      0.00%
 141  Eukaryota-Apicomplexa-Conoidasida-Eucoccidiorida-Eimeriidae-Eimeria_acervulina_XP_013250993.1                                                         88.54%    failed      0.00%
 142  Eukaryota-Apicomplexa-Conoidasida-Eucoccidiorida-Eimeriidae-Eimeria_necatrix_XP_013439133.1                                                           88.09%    failed      0.00%
 143  Eukaryota-Apicomplexa-NA-Unranked-NA-Alveolata_sp_MMETSP0288_c18022_g1_i1.p1                                                                          96.64%    failed      0.17%
 144  Eukaryota-Apicomplexa-NA-Unranked-NA-Alveolata_sp_MMETSP0288_c19671_g1_i1.p1                                                                          98.29%    passed     13.80%
 145  Eukaryota-Apusomonadidae-NA-NA-NA-Thecamonas_trahens_XP_013753341.1                                                                                   91.78%    failed      0.00%
 146  Eukaryota-Arthropoda-Arachnida-Mesostigmata-Varroidae-Varroa_jacobsoni_XP_022710819.1                                                                 98.16%    failed      0.25%
 147  Eukaryota-Arthropoda-Arachnida-Scorpiones-Buthidae-Centruroides_sculpturatus_XP_023226557.1                                                           97.30%    failed      0.05%
 148  Eukaryota-Arthropoda-Insecta-Diptera-Drosophilidae-Drosophila_bipectinata_XP_017092754.1                                                              92.76%    failed      0.00%
 149  Eukaryota-Arthropoda-Insecta-Diptera-Drosophilidae-Drosophila_eugracilis_XP_017064168.1                                                               91.02%    failed      0.00%
 150  Eukaryota-Arthropoda-Insecta-Diptera-Drosophilidae-Drosophila_kikkawai_XP_017022995.1                                                                 88.44%    failed      0.00%
 151  Eukaryota-Arthropoda-Insecta-Diptera-Drosophilidae-Drosophila_obscura_XP_022210238.1                                                                  91.33%    failed      0.00%
 152  Eukaryota-Arthropoda-Insecta-Hymenoptera-Formicidae-Monomorium_pharaonis_XP_012542960.1                                                               98.00%    failed      0.65%
 153  Eukaryota-Arthropoda-Insecta-Hymenoptera-Formicidae-Vollenhovia_emeryi_XP_011860913.1                                                                 92.40%    failed      0.00%
 154  Eukaryota-Arthropoda-Insecta-Lepidoptera-Noctuidae-Spodoptera_litura_XP_022833544.1                                                                   92.29%    failed      0.00%
 155  Eukaryota-Arthropoda-Insecta-Lepidoptera-Noctuidae-Spodoptera_litura_XP_022836269.1                                                                   95.34%    failed      0.00%
 156  Eukaryota-Arthropoda-Malacostraca-Amphipoda-Hyalellidae-Hyalella_azteca_XP_018009449.1                                                                92.06%    failed      0.00%
 157  Eukaryota-Brachiopoda-Lingulata-Lingulida-Lingulidae-Lingula_anatina_XP_013403383.1                                                                   89.28%    failed      0.00%
 158  Eukaryota-Cercozoa-Chlorarachniophyceae-NA-NA-Bigelowiella_natans_CCMP2755_jgi125974                                                                  96.30%    failed      0.00%
 159  Eukaryota-Cercozoa-Chlorarachniophyceae-NA-NA-Bigelowiella_natans_CCMP2755_jgi89639                                                                   91.13%    failed      0.00%
 160  Eukaryota-Cercozoa-Chlorarachniophyceae-NA-NA-Bigelowiella_natans_MMETSP1052_c23936_g1_i1.p1                                                          92.54%    failed      0.06%
 161  Eukaryota-Cercozoa-Chlorarachniophyceae-NA-NA-Chlorarachnion_reptans_MMETSP0109_c22066_g1_i1.p1                                                       94.06%    failed      0.00%
 162  Eukaryota-Cercozoa-Chlorarachniophyceae-NA-NA-Chlorarachnion_reptans_MMETSP0109_c7086_g1_i1.p1                                                        92.45%    failed      0.01%
 163  Eukaryota-Cercozoa-Chlorarachniophyceae-NA-NA-Chlorarachnion_reptans_MMETSP0109_c8461_g1_i1.p1                                                        92.40%    failed      0.00%
 164  Eukaryota-Cercozoa-Chlorarachniophyceae-NA-NA-Gymnochlora_sp_MMETSP0110_c12936_g1_i1.p1                                                               96.79%    failed      0.00%
 165  Eukaryota-Cercozoa-Chlorarachniophyceae-NA-NA-Gymnochlora_sp_MMETSP0110_c7136_g1_i1.p1                                                                97.30%    failed      0.02%
 166  Eukaryota-Cercozoa-Chlorarachniophyceae-NA-NA-Lotharella_amoebiformis_MMETSP0042_c13997_g1_i1.p1                                                      92.79%    failed      0.23%
 167  Eukaryota-Cercozoa-Chlorarachniophyceae-NA-NA-Lotharella_amoebiformis_MMETSP0042_c22534_g1_i1.p1                                                      96.32%    failed      0.00%
 168  Eukaryota-Cercozoa-Chlorarachniophyceae-NA-NA-Lotharella_oceanica_MMETSP0040_c2322_g1_i1.p1                                                           97.03%    failed      0.02%
 169  Eukaryota-Chlorophyta-Chlorophyceae-Chlamydomonadales-Dunaliellaceae-Dunaliella_tertiolecta_MMETSP1127_c22498_g1_i1.p1                                95.11%    failed      0.00%
 170  Eukaryota-Chlorophyta-Chlorophyceae-Sphaeropleales-Selenastraceae-Monoraphidium_neglectum_XP_013902093.1                                              92.44%    failed      0.00%
 171  Eukaryota-Chlorophyta-Mamiellophyceae-Mamiellales-Bathycoccaceae-Ostreococcus_lucimarinus_MMETSP0939_c6852_g1_i1.p1                                   94.17%    failed      0.00%
 172  Eukaryota-Chlorophyta-Mamiellophyceae-Mamiellales-Bathycoccaceae-Ostreococcus_mediterraneus_MMETSP0929_c1282_g1_i1.p1                                 90.70%    failed      0.00%
 173  Eukaryota-Chlorophyta-Mamiellophyceae-Mamiellales-Bathycoccaceae-Ostreococcus_mediterraneus_MMETSP0929_c3189_g1_i1.p1                                 96.39%    failed      0.00%
 174  Eukaryota-Chlorophyta-Mamiellophyceae-Mamiellales-Mamiellaceae-Micromonas_sp_MMETSP1080_TR10493-c0_g1_i1.p1                                           96.00%    failed      0.00%
 175  Eukaryota-Chlorophyta-Mamiellophyceae-Mamiellales-Mamiellaceae-Micromonas_sp_MMETSP1082_c10247_g1_i1.p1                                               91.62%    failed      0.00%
 176  Eukaryota-Chlorophyta-Mamiellophyceae-Mamiellales-Mamiellaceae-Micromonas_sp_MMETSP1084_c12211_g1_i1.p1                                               90.90%    failed      0.00%
 177  Eukaryota-Chlorophyta-NA-NA-NA-Mantoniella_antarctica_MMETSP1106_c11599_g1_i1.p1                                                                      94.90%    failed      0.00%
 178  Eukaryota-Chlorophyta-NA-NA-NA-Picocystis_salinarum_MMETSP0807_c1663_g1_i1.p1                                                                         96.69%    failed      0.00%
 179  Eukaryota-Chlorophyta-NA-NA-NA-Tetraselmis_astigmatica_MMETSP0804_c14806_g1_i1.p1                                                                     92.25%    failed      0.00%
 180  Eukaryota-Chlorophyta-NA-NA-NA-Unidentifiedeukaryote_sp_MMETSP1326_c4802_g1_i1.p1                                                                     95.39%    failed      0.00%
 181  Eukaryota-Chlorophyta-NA-Pyramimonadales-NA-Pyramimonas_parkeae_MMETSP0058_c2785_g1_i1.p1                                                             90.50%    failed      0.00%
 182  Eukaryota-Chlorophyta-NA-Pyramimonadales-NA-Pyramimonas_parkeae_MMETSP0059_c26075_g1_i1.p1                                                            92.11%    failed      0.00%
 183  Eukaryota-Chlorophyta-NA-Pyramimonadales-NA-Pyramimonas_parkeae_MMETSP0059_c5993_g1_i1.p1                                                             95.98%    failed      0.03%
 184  Eukaryota-Chlorophyta-Trebouxiophyceae-Chlorellales-Chlorellaceae-Chlorella_NC64A_jgi136540                                                           97.30%    failed      0.00%
 185  Eukaryota-Choanoflagellata-Choanoflagellata-Choanoflagellata-NA-Acanthoeca_sp_MMETSP0105_c15339_g1_i1.p1                                              98.60%    passed     10.89%
 186  Eukaryota-Choanoflagellata-Choanoflagellata-Choanoflagellata-NA-Acanthoeca_sp_MMETSP0106_c27630_g1_i1.p1                                              97.01%    failed      0.22%
 187  Eukaryota-Choanoflagellata-Choanoflagellata-Choanoflagellata-Salpingoecidae-Monosiga_brevicollis_XP_001742740.1                                       94.17%    failed      0.00%
 188  Eukaryota-Choanoflagellata-Choanoflagellata-Choanoflagellata-Salpingoecidae-Salpingoeca_rosetta_XP_004998574.1                                        92.35%    failed      0.00%
 189  Eukaryota-Chordata-Actinopteri-Salmoniformes-Salmonidae-Oncorhynchus_nerka_XP_029506600.1                                                             97.91%    failed      0.29%
 190  Eukaryota-Chordata-Ascidiacea-Enterogona-Cionidae-Ciona_intestinalis_XP_004225500.1                                                                   96.91%    passed      9.21%
 191  Eukaryota-Chordata-Mammalia-Carnivora-Canidae-Canis_lupus_XP_013968048.1                                                                              91.69%    failed      0.00%
 192  Eukaryota-Chordata-Mammalia-Carnivora-Canidae-Vulpes_vulpes_XP_025854657.1                                                                            91.61%    failed      0.00%
 193  Eukaryota-Chordata-Mammalia-Carnivora-Herpestidae-Suricata_suricatta_XP_029808466.1                                                                   91.15%    failed      0.00%
 194  Eukaryota-Chordata-Mammalia-Carnivora-Ursidae-Ailuropoda_melanoleuca_XP_019652303.1                                                                   90.68%    failed      0.00%
 195  Eukaryota-Chordata-Mammalia-Carnivora-Ursidae-Ursus_maritimus_XP_008703999.1                                                                          91.97%    failed      0.00%
 196  Eukaryota-Chordata-Mammalia-Chiroptera-Phyllostomidae-Phyllostomus_discolor_XP_028359594.1                                                            91.69%    failed      0.00%
 197  Eukaryota-Chordata-Mammalia-Rodentia-Bathyergidae-Heterocephalus_glaber_XP_021116058.1                                                                91.42%    failed      0.00%
 198  Eukaryota-Chordata-Mammalia-Rodentia-Sciuridae-Marmota_flaviventris_XP_027796985.1                                                                    92.08%    failed      0.00%
 199  Eukaryota-Chromeraceae-NA-NA-NA-Chromera_velia_MMETSP0290_c38722_g1_i1.p1                                                                             96.44%    failed      1.15%
 200  Eukaryota-Chromeraceae-NA-NA-NA-Chromera_velia_MMETSP0290_c38859_g1_i1.p1                                                                             93.59%    failed      0.00%
 201  Eukaryota-Chromeraceae-NA-NA-NA-Chromera_velia_MMETSP0290_c6779_g1_i1.p1                                                                              96.92%    failed      0.00%
 202  Eukaryota-Chromeraceae-NA-NA-NA-Chromera_velia_MMETSP0290_c707_g1_i1.p1                                                                               94.65%    failed      0.00%
 203  Eukaryota-Chromeraceae-NA-NA-NA-Vitrella_brassicaformis_MMETSP1451_c21386_g1_i1.p1                                                                    96.50%    failed      0.38%
 204  Eukaryota-Chromeraceae-NA-NA-NA-Vitrella_brassicaformis_MMETSP1451_c28557_g1_i1.p1                                                                    94.69%    failed      0.19%
 205  Eukaryota-Chytridiomycota-Chytridiomycetes-Spizellomycetales-Spizellomycetaceae-Spizellomyces_punctatus_XP_016610942.1                                82.74%    failed      0.00%
 206  Eukaryota-Ciliophora-NA-Unranked-NA-Climacostomum_virens_MMETSP1397_c13371_g1_i1.p1                                                                   94.48%    failed      0.00%
 207  Eukaryota-Ciliophora-NA-Unranked-NA-Climacostomum_virens_MMETSP1397_c6909_g1_i1.p1                                                                    92.38%    failed      0.01%
 208  Eukaryota-Ciliophora-NA-Unranked-NA-Favella_taraikaensis_MMETSP0434_c24066_g1_i1.p2                                                                   98.57%    failed      0.24%
 209  Eukaryota-Ciliophora-NA-Unranked-NA-Mesodinium_pulex_MMETSP0467_c14717_g1_i1.p1                                                                       92.97%    failed      0.00%
 210  Eukaryota-Ciliophora-NA-Unranked-NA-Mesodinium_pulex_MMETSP0467_c46434_g1_i1.p2                                                                       93.45%    failed      0.00%
 211  Eukaryota-Ciliophora-NA-Unranked-NA-Mesodinium_pulex_MMETSP0467_c85813_g1_i1.p2                                                                       96.42%    failed      0.00%
 212  Eukaryota-Ciliophora-NA-Unranked-NA-Myrionecta_rubra_MMETSP0798_c53299_g1_i1.p1                                                                       92.66%    failed      0.00%
 213  Eukaryota-Ciliophora-NA-Unranked-NA-Myrionecta_rubra_MMETSP0798_c9953_g1_i1.p1                                                                        97.85%    failed      1.50%
 214  Eukaryota-Ciliophora-NA-Unranked-NA-Tiarina_fusus_MMETSP0472_c110593_g1_i1.p1                                                                         94.28%    failed      0.00%
 215  Eukaryota-Ciliophora-Oligohymenophorea-Peniculida-Parameciidae-Paramecium_tetraurelia_XP_001431083.1                                                  92.09%    failed      0.00%
 216  Eukaryota-Cnidaria-Anthozoa-Actiniaria-Aiptasiidae-Exaiptasia_pallida_XP_028518668.1                                                                  96.51%    failed      2.99%
 217  Eukaryota-Cnidaria-Anthozoa-Alcyonacea-Nephtheidae-Dendronephthya_gigantea_XP_028414018.1                                                             77.34%    failed      0.00%
 218  Eukaryota-Cnidaria-Anthozoa-Scleractinia-Pocilloporidae-Pocillopora_damicornis_XP_027041955.1                                                         94.03%    failed      0.00%
 219  Eukaryota-Cnidaria-Anthozoa-Scleractinia-Pocilloporidae-Stylophora_pistillata_XP_022778147.1                                                          91.94%    failed      0.00%
 220  Eukaryota-Cnidaria-Anthozoa-Scleractinia-Pocilloporidae-Stylophora_pistillata_XP_022797003.1                                                          94.04%    failed      0.00%
 221  Eukaryota-Cnidaria-Hydrozoa-Anthoathecata-Hydridae-Hydra_vulgaris_XP_012557615.1                                                                      82.46%    failed      0.00%
 222  Eukaryota-Cryptophyta-NA-Cryptomonadales-Hemiselmidaceae-Hemiselmis_andersenii_MMETSP1042_c10520_g1_i1.p1                                             97.21%    failed      0.00%
 223  Eukaryota-Cryptophyta-NA-Cryptomonadales-Hemiselmidaceae-Hemiselmis_andersenii_MMETSP1042_c35980_g1_i1.p1                                             95.58%    failed      0.00%
 224  Eukaryota-Cryptophyta-NA-Cryptomonadales-NA-Hanusia_phi_MMETSP1048_c14880_g1_i1.p1                                                                    89.17%    failed      0.00%
 225  Eukaryota-Cryptophyta-NA-Cryptomonadales-NA-Hanusia_phi_MMETSP1048_c461_g1_i1.p1                                                                      91.64%    failed      0.00%
 226  Eukaryota-Cryptophyta-NA-Goniomondales-NA-Goniomonas_pacifica_MMETSP0107_c12477_g1_i1.p1                                                              94.30%    failed      0.00%
 227  Eukaryota-Cryptophyta-NA-Goniomondales-NA-Goniomonas_pacifica_MMETSP0108_c21885_g1_i1.p1                                                              94.13%    failed      0.00%
 228  Eukaryota-Cryptophyta-NA-Pyrenomonadales-Geminigeraceae-Guillardia_theta_CCMP2712_jgi165393                                                           88.36%    failed      0.00%
 229  Eukaryota-Cryptophyta-NA-Pyrenomonadales-Geminigeraceae-Guillardia_theta_CCMP2712_jgi64797                                                            96.08%    failed      0.04%
 230  Eukaryota-Cryptophyta-NA-Pyrenomonadales-Geminigeraceae-Guillardia_theta_CCMP2712_jgi74910                                                            93.88%    failed      0.00%
 231  Eukaryota-Cryptophyta-NA-Pyrenomonadales-NA-Geminigera_cryophila_MMETSP0799_c69808_g1_i1.p1                                                           89.16%    failed      0.00%
 232  Eukaryota-Cryptophyta-NA-Pyrenomonadales-Pyrenomonadaceae-Rhodomonas_lens_MMETSP0484_c13290_g1_i1.p1                                                  96.37%    failed      0.00%
 233  Eukaryota-Cryptophyta-NA-Pyrenomonadales-Pyrenomonadaceae-Rhodomonas_lens_MMETSP0484_c27797_g1_i1.p1                                                  95.90%    failed      0.00%
 234  Eukaryota-Dictyosteliales-Dictyosteliales-Dictyosteliales-Dictyosteliaceae-Dictyostelium_discoideum_XP_642487.1                                       95.24%    failed      0.00%
 235  Eukaryota-Dictyosteliales-Dictyosteliales-Dictyosteliales-Dictyosteliaceae-Dictyostelium_purpureum_jgi158421                                          87.70%    failed      0.00%
 236  Eukaryota-Dictyosteliales-Dictyosteliales-Dictyosteliales-Dictyosteliaceae-Dictyostelium_purpureum_jgi34531                                           95.49%    failed      0.00%
 237  Eukaryota-Echinodermata-Asteroidea-Valvatida-Acanthasteridae-Acanthaster_planci_XP_022086497.1                                                        89.87%    failed      0.00%
 238  Eukaryota-Echinodermata-Asteroidea-Valvatida-Acanthasteridae-Acanthaster_planci_XP_022086498.1                                                        89.92%    failed      0.00%
 239  Eukaryota-Echinodermata-Echinoidea-Echinoida-Strongylocentrotidae-Strongylocentrotus_purpuratus_XP_011682966.1                                        88.81%    failed      0.00%
 240  Eukaryota-Echinodermata-Echinoidea-Echinoida-Strongylocentrotidae-Strongylocentrotus_purpuratus_XP_011683186.1                                        65.07%    failed      0.00%
 241  Eukaryota-Entamoebidae-NA-NA-NA-Entamoeba_dispar_XP_001739984.1                                                                                       94.00%    failed      0.00%
 242  Eukaryota-Entamoebidae-NA-NA-NA-Entamoeba_histolytica_XP_653960.2                                                                                     93.94%    failed      0.00%
 243  Eukaryota-Entamoebidae-NA-NA-NA-Entamoeba_invadens_XP_004258142.1                                                                                     94.55%    failed      0.00%
 244  Eukaryota-Euglenida-NA-Eutreptiales-NA-Eutreptiella_gymnastica_MMETSP0039_c24932_g1_i1.p1                                                             94.76%    failed      0.03%
 245  Eukaryota-Euglenida-NA-Eutreptiales-NA-Eutreptiella_gymnastica_MMETSP0039_c59685_g1_i1.p1                                                             91.12%    failed      0.00%
 246  Eukaryota-Euglenida-NA-Eutreptiales-NA-Eutreptiella_gymnastica_MMETSP0039_c86473_g1_i1.p1                                                             95.86%    failed      0.00%
 247  Eukaryota-Euglenida-NA-NA-Unranked-Neobodo_designis_MMETSP1114_c5956_g1_i1.p1                                                                         96.63%    failed      0.00%
 248  Eukaryota-Glaucophyta-Glaucophyta-Gloeochaetales-Gloeochaetaceae-Gloeochaete_witrockiana_MMETSP0308_c37943_g1_i1.p1                                   93.42%    failed      0.00%
 249  Eukaryota-Glaucophyta-Glaucophyta-Gloeochaetales-Gloeochaetaceae-Gloeochaete_witrockiana_MMETSP0308_c6012_g1_i1.p1                                    91.38%    failed      0.00%
 250  Eukaryota-Glaucophyta-Glaucophyta-Gloeochaetales-Gloeochaetaceae-Gloeochaete_wittrockiana_MMETSP1089_c15523_g1_i1.p1                                  97.70%    failed      0.01%
 251  Eukaryota-Glaucophyta-Glaucophyta-NA-Cyanophoraceae-Cyanophora_paradoxa_tig00000711_g3412.t1                                                          90.62%    failed      0.00%
 252  Eukaryota-Glaucophyta-Glaucophyta-NA-Cyanophoraceae-Cyanophora_paradoxa_tig00000865_g5110.t1                                                          90.21%    failed      0.00%
 253  Eukaryota-Glaucophyta-Glaucophyta-NA-Cyanophoraceae-Cyanophora_paradoxa_tig00000882_g5249.t1                                                          85.68%    failed      0.00%
 254  Eukaryota-Glaucophyta-Glaucophyta-NA-NA-Cyanoptyche_gloeocystis_MMETSP1086_c12423_g1_i1.p2                                                            98.51%    passed     13.34%
 255  Eukaryota-Haptophyta-NA-Isochrysidales-Noelaerhabdaceae-Emiliania_huxleyi_jgi208668                                                                   92.46%    failed      0.00%
 256  Eukaryota-Haptophyta-NA-Isochrysidales-Noelaerhabdaceae-Emiliania_huxleyi_MMETSP0994_c17837_g1_i1.p2                                                  97.68%    failed      0.00%
 257  Eukaryota-Haptophyta-NA-Isochrysidales-Noelaerhabdaceae-Emiliania_huxleyi_MMETSP1152_c40816_g1_i1.p2                                                  97.15%    failed      0.00%
 258  Eukaryota-Haptophyta-NA-Phaeocystales-Phaeocystaceae-Phaeocystis_cordata_MMETSP1465_c1444_g1_i1.p2                                                    97.30%    failed      0.41%
 259  Eukaryota-Haptophyta-NA-Phaeocystales-Phaeocystaceae-Phaeocystis_cordata_MMETSP1465_c4663_g1_i1.p1                                                    94.12%    failed      0.00%
 260  Eukaryota-Haptophyta-NA-Prymnesiales-NA-Calcidiscus_leptoporus_MMETSP1334_c41183_g1_i1.p1                                                             97.04%    failed      0.00%
 261  Eukaryota-Haptophyta-NA-Prymnesiales-NA-Chrysochromulina_ericina_MMETSP1096_c32876_g1_i1.p1                                                           96.95%    failed      0.03%
 262  Eukaryota-Haptophyta-NA-Prymnesiales-NA-Isochrysis_galbana_MMETSP0943_c16373_g1_i1.p1                                                                 96.71%    failed      0.00%
 263  Eukaryota-Haptophyta-NA-Prymnesiales-NA-Isochrysis_sp_MMETSP1388_c5781_g1_i2.p1                                                                       95.40%    failed      0.00%
 264  Eukaryota-Haptophyta-NA-Prymnesiales-NA-Pleurochrysis_carterae_MMETSP1136_c28657_g1_i1.p1                                                             96.15%    failed      0.00%
 265  Eukaryota-Haptophyta-NA-Prymnesiales-NA-Pleurochrysis_carterae_MMETSP1138_c8252_g1_i1.p1                                                              96.86%    failed      0.00%
 266  Eukaryota-Haptophyta-NA-Prymnesiales-NA-Prymnesium_parvum_MMETSP0008_c890_g1_i1.p1                                                                    92.26%    failed      0.00%
 267  Eukaryota-Haptophyta-NA-Prymnesiales-NA-Unidentifiedeukaryote_sp_MMETSP1178_c4976_g1_i1.p1                                                            96.04%    failed      0.00%
 268  Eukaryota-Hemichordata-Enteropneusta-NA-Harrimaniidae-Saccoglossus_kowalevskii_XP_006817290.1                                                         97.50%    passed      5.51%
 269  Eukaryota-Heterolobosea-NA-NA-NA-Percolomonas_cosmopolitus_MMETSP0758_c9630_g1_i1.p1                                                                  91.65%    failed      0.00%
 270  Eukaryota-Heterolobosea-NA-NA-NA-Percolomonas_cosmopolitus_MMETSP0758_c9654_g1_i1.p1                                                                  90.85%    failed      0.00%
 271  Eukaryota-Heterolobosea-NA-NA-NA-Percolomonas_cosmopolitus_MMETSP0759_c873_g1_i1.p1                                                                   87.78%    failed      0.00%
 272  Eukaryota-Heterolobosea-NA-NA-Vahlkampfiidae-Naegleria_gruberi_jgi79180                                                                               90.00%    failed      0.00%
 273  Eukaryota-Kinetoplastida-Kinetoplastida-Kinetoplastida-Trypanosomatidae-Leishmania_braziliensis_XP_001564413.1                                        88.35%    failed      0.00%
 274  Eukaryota-Kinetoplastida-Kinetoplastida-Kinetoplastida-Trypanosomatidae-Leishmania_major_XP_001686222.1                                               91.42%    failed      0.00%
 275  Eukaryota-Kinetoplastida-Kinetoplastida-Kinetoplastida-Trypanosomatidae-Leishmania_panamensis_XP_010698336.1                                          89.31%    failed      0.00%
 276  Eukaryota-Kinetoplastida-Kinetoplastida-Kinetoplastida-Trypanosomatidae-Leptomonas_pyrrhocoris_XP_015660633.1                                         89.71%    failed      0.00%
 277  Eukaryota-Kinetoplastida-Kinetoplastida-Kinetoplastida-Trypanosomatidae-Trypanosoma_conorhini_XP_029232225.1                                          91.33%    failed      0.00%
 278  Eukaryota-Kinetoplastida-Kinetoplastida-Kinetoplastida-Trypanosomatidae-Trypanosoma_rangeli_XP_029240695.1                                            91.34%    failed      0.00%
 279  Eukaryota-Longamoebia-Longamoebia-Longamoebia-Acanthamoebidae-Acanthamoeba_castellanii_XP_004341371.1                                                 89.65%    failed      0.00%
 280  Eukaryota-Longamoebia-Longamoebia-Longamoebia-Acanthamoebidae-Acanthamoeba_castellanii_XP_004342509.1                                                 90.13%    failed      0.00%
 281  Eukaryota-Mollusca-Bivalvia-Ostreoida-Ostreidae-Crassostrea_gigas_XP_011445110.1                                                                      92.43%    failed      0.00%
 282  Eukaryota-Mollusca-Bivalvia-Ostreoida-Ostreidae-Crassostrea_gigas_XP_019928173.1                                                                      96.43%    failed      0.00%
 283  Eukaryota-Mollusca-Bivalvia-Ostreoida-Ostreidae-Crassostrea_virginica_XP_022338671.1                                                                  93.62%    failed      0.00%
 284  Eukaryota-Mollusca-Gastropoda-Aplysiida-Aplysiidae-Aplysia_californica_XP_005089980.1                                                                 89.00%    failed      0.00%
 285  Eukaryota-Mollusca-Gastropoda-Architaenioglossa-Ampullariidae-Pomacea_canaliculata_XP_025094649.1                                                     90.36%    failed      0.00%
 286  Eukaryota-Mollusca-Gastropoda-Architaenioglossa-Ampullariidae-Pomacea_canaliculata_XP_025094652.1                                                     93.42%    failed      0.00%
 287  Eukaryota-Mollusca-Gastropoda-NA-Planorbidae-Biomphalaria_glabrata_XP_013077676.1                                                                     93.95%    failed      1.20%
 288  Eukaryota-Mollusca-Gastropoda-NA-Planorbidae-Biomphalaria_glabrata_XP_013091992.1                                                                     98.03%    failed      0.00%
 289  Eukaryota-Nematoda-Chromadorea-Rhabditida-Onchocercidae-Brugia_malayi_XP_001900953.1                                                                  95.62%    failed      0.00%
 290  Eukaryota-Nematoda-Chromadorea-Rhabditida-Onchocercidae-Loa_loa_XP_003139979.2                                                                        93.98%    failed      0.00%
 291  Eukaryota-Nematoda-Chromadorea-Rhabditida-Rhabditidae-Caenorhabditis_elegans_NP_498250.3                                                              84.69%    failed      0.00%
 292  Eukaryota-Nematoda-Enoplea-Trichinellida-Trichinellidae-Trichinella_spiralis_XP_003377292.1                                                           84.69%    failed      0.00%
 293  Eukaryota-Palpitomonas-NA-NA-NA-Palpitomonas_bilix_MMETSP0780_c3277_g1_i1.p1                                                                          96.02%    failed      0.00%
 294  Eukaryota-Palpitomonas-NA-NA-NA-Palpitomonas_bilix_MMETSP0780_c6226_g1_i1.p1                                                                          96.65%    failed      0.45%
 295  Eukaryota-Perkinsozoa-NA-Perkinsida-Perkinsidae-Perkinsus_marinus_XP_002772118.1                                                                      91.33%    failed      0.00%
 296  Eukaryota-Perkinsozoa-NA-Perkinsida-Perkinsidae-Perkinsus_marinus_XP_002773257.1                                                                      94.07%    failed      0.00%
 297  Eukaryota-Placozoa-NA-NA-Trichoplacidae-Trichoplax_adhaerens_XP_002112587.1                                                                           86.24%    failed      0.00%
 298  Eukaryota-Platyhelminthes-Cestoda-Cyclophyllidea-Taeniidae-Echinococcus_granulosus_XP_024352762.1                                                     83.53%    failed      0.00%
 299  Eukaryota-Platyhelminthes-Trematoda-Opisthorchiida-Opisthorchiidae-Opisthorchis_viverrini_XP_009165039.1                                              74.51%    failed      0.00%
 300  Eukaryota-Platyhelminthes-Trematoda-Strigeidida-Schistosomatidae-Schistosoma_haematobium_XP_012792931.1                                               79.69%    failed      0.00%
 301  Eukaryota-Platyhelminthes-Trematoda-Strigeidida-Schistosomatidae-Schistosoma_mansoni_XP_018654757.1                                                   95.56%    failed      0.00%
 302  Eukaryota-Porifera-Demospongiae-Haplosclerida-Niphatidae-Amphimedon_queenslandica_jgiAqu1225890                                                       84.30%    failed      0.00%
 303  Eukaryota-Porifera-Demospongiae-Haplosclerida-Niphatidae-Amphimedon_queenslandica_XP_019849759.1                                                      93.50%    failed      0.00%
 304  Eukaryota-Priapulida-Priapulimorpha-Priapulimorphida-Priapulidae-Priapulus_caudatus_XP_014662038.1                                                    84.44%    failed      0.00%
 305  Eukaryota-Priapulida-Priapulimorpha-Priapulimorphida-Priapulidae-Priapulus_caudatus_XP_014674796.1                                                    94.79%    failed      0.00%
 306  Eukaryota-Priapulida-Priapulimorpha-Priapulimorphida-Priapulidae-Priapulus_caudatus_XP_014674874.1                                                    95.32%    failed      0.00%
 307  Eukaryota-Retaria-NA-NA-NA-Sorites_sp_MMETSP0191_c72814_g1_i1.p1                                                                                      98.17%    passed      5.94%
 308  Eukaryota-Rhodophyta-Bangiophyceae-Cyanidiales-Cyanidiaceae-Cyanidioschyzon_merolae_CmerSOOS_G4142.1                                                  88.98%    failed      0.00%
 309  Eukaryota-Rhodophyta-Bangiophyceae-Cyanidiales-Cyanidiaceae-Cyanidioschyzon_merolae_XP_005537647.1                                                    91.26%    failed      0.00%
 310  Eukaryota-Rhodophyta-Bangiophyceae-Cyanidiales-Cyanidiaceae-Cyanidioschyzon_merolae_XP_005539430.1                                                    86.62%    failed      0.00%
 311  Eukaryota-Rhodophyta-Bangiophyceae-NA-NA-Rhodella_maculata_MMETSP0167_c6676_g1_i1.p1                                                                  90.24%    failed      0.00%
 312  Eukaryota-Rhodophyta-Bangiophyceae-NA-NA-Rhodosorus_marinus_MMETSP0011_c6431_g1_i3.p1                                                                 95.60%    failed      0.01%
 313  Eukaryota-Rhodophyta-Bangiophyceae-NA-NA-Rhodosorus_marinus_MMETSP0315_c6877_g1_i1.p1                                                                 93.59%    failed      0.12%
 314  Eukaryota-Rhodophyta-Bangiophyceae-Porphyridiales-Porphyridiaceae-Porphyridium_purpureum_2347.17                                                      92.40%    failed      0.00%
 315  Eukaryota-Rhodophyta-Compsopogonophyceae-Compsopogonales-Compsopogonaceae-Compsopogon_coeruleus_MMETSP0312_c2823_g1_i1.p1                             89.30%    failed      0.00%
 316  Eukaryota-Rhodophyta-Compsopogonophyceae-NA-NA-Madagascaria_erythrocladiodes_MMETSP1450_c11217_g1_i1.p1                                               92.67%    failed      0.00%
 317  Eukaryota-Rhodophyta-Florideophyceae-Gigartinales-Gigartinaceae-Chondrus_crispus_XP_005717334.1                                                       90.31%    failed      0.00%
 318  Eukaryota-Stramenopiles-Coscinodiscophyceae-Chaetocerotales-Chaetocerotaceae-Chaetoceros_neogracile_MMETSP0752_c8041_g1_i1.p1                         94.30%    failed      0.00%
 319  Eukaryota-Stramenopiles-Coscinodiscophyceae-Thalassiosirales-Skeletonemataceae-Skeletonema_dohrnii_MMETSP0563_c778_g1_i1.p1                           95.17%    failed      0.00%
 320  Eukaryota-Stramenopiles-Coscinodiscophyceae-Thalassiosirales-Thalassiosiraceae-Thalassiosira_miniscula_MMETSP0738_c9853_g1_i1.p1                      91.30%    failed      0.00%
 321  Eukaryota-Stramenopiles-Fragilariophyceae-Cyclophorales-Cyclophoraceae-Astrosyne_radiata_MMETSP0418_c1161_g1_i1.p1                                    92.77%    failed      0.00%
 322  Eukaryota-Stramenopiles-NA-Bicosoecida-Cafeteriaceae-Cafeteria_sp_MMETSP1104_c43_g1_i1.p1                                                             92.60%    failed      0.00%
 323  Eukaryota-Stramenopiles-NA-NA-Blastocystidae-Blastocystis_hominis_XP_012897149.1                                                                      95.97%    failed      0.24%
 324  Eukaryota-Stramenopiles-NA-NA-NA-Bolidomonas_pacifica_MMETSP0785_c13485_g1_i1.p1                                                                      94.87%    failed      0.00%
 325  Eukaryota-Stramenopiles-NA-NA-NA-Minutocellus_polymorphus_MMETSP1070_c21922_g1_i1.p1                                                                  96.46%    failed      0.00%
 326  Eukaryota-Stramenopiles-NA-NA-NA-Odontella_aurita_MMETSP0015_c6574_g1_i1.p1                                                                           92.56%    failed      0.00%
 327  Eukaryota-Stramenopiles-NA-NA-NA-Paraphysomonas_bandaiensis_MMETSP1103_c9979_g1_i1.p1                                                                 91.99%    failed      0.00%
 328  Eukaryota-Stramenopiles-NA-NA-NA-Stephanopyxis_turris_MMETSP0794_c2059_g1_i1.p1                                                                       90.93%    failed      0.00%
 329  Eukaryota-Stramenopiles-Oomycetes-Peronosporales-Peronosporaceae-Phytophthora_parasitica_XP_008907112.1                                               92.66%    failed      0.00%
 330  Eukaryota-Stramenopiles-Oomycetes-Saprolegniales-Saprolegniaceae-Saprolegnia_diclina_XP_008617851.1                                                   92.83%    failed      0.00%
 331  Eukaryota-Stramenopiles-Raphidophyceae-Chattonellales-Chattonellaceae-Heterosigma_akashiwo_MMETSP0415_c39205_g1_i1.p2                                 96.82%    failed      0.00%
 332  Eukaryota-Stramenopiles-Synurophyceae-Synurales-Mallomonadaceae-Mallomonas_sp_MMETSP1167_c12633_g1_i1.p1                                              94.54%    failed      0.00%
 333  Eukaryota-Streptophyta-Bryopsida-Funariales-Funariaceae-Physcomitrella_patens_XP_024375968.1                                                          77.60%    failed      0.00%
 334  Eukaryota-Streptophyta-Liliopsida-Poales-Poaceae-Brachypodium_distachyon_XP_010237302.2                                                               81.06%    failed      0.00%
 335  Eukaryota-Streptophyta-Liliopsida-Poales-Poaceae-Oryza_brachyantha_XP_015691061.1                                                                     96.29%    failed      0.00%
 336  Eukaryota-Streptophyta-Liliopsida-Poales-Poaceae-Panicum_hallii_XP_025798402.1                                                                        96.29%    failed      0.00%
 337  Eukaryota-Streptophyta-Liliopsida-Poales-Poaceae-Panicum_hallii_XP_025806011.1                                                                        80.78%    failed      0.00%
 338  Eukaryota-Streptophyta-Liliopsida-Poales-Poaceae-Setaria_italica_XP_004962606.1                                                                       80.80%    failed      0.00%
 339  Eukaryota-Streptophyta-NA-Asterales-Asteraceae-Helianthus_annuus_XP_022009179.1                                                                       81.77%    failed      0.00%
 340  Eukaryota-Streptophyta-NA-Brassicales-Brassicaceae-Arabidopsis_thaliana_NP_001321058.1                                                                90.31%    failed      0.00%
 341  Eukaryota-Streptophyta-NA-Brassicales-Brassicaceae-Brassica_oleracea_XP_013586338.1                                                                   90.37%    failed      0.00%
 342  Eukaryota-Streptophyta-NA-Brassicales-Brassicaceae-Camelina_sativa_XP_010479549.1                                                                     89.79%    failed      0.00%
 343  Eukaryota-Streptophyta-NA-Fabales-Fabaceae-Phaseolus_vulgaris_XP_007140997.1                                                                          80.40%    failed      0.00%
 344  Eukaryota-Streptophyta-NA-Malpighiales-Salicaceae-Populus_euphratica_XP_011037408.1                                                                   96.00%    failed      0.02%
 345  Eukaryota-Streptophyta-NA-Myrtales-Myrtaceae-Eucalyptus_grandis_XP_010045130.1                                                                        96.17%    failed      0.04%
 346  Eukaryota-Streptophyta-NA-Ranunculales-Papaveraceae-Papaver_somniferum_XP_026408647.1                                                                 79.73%    failed      0.00%
 347  Eukaryota-Streptophyta-NA-Rosales-Cannabaceae-Cannabis_sativa_XP_030506279.1                                                                          96.10%    failed      0.00%
 348  Eukaryota-Streptophyta-NA-Rosales-Rosaceae-Pyrus_x_bretschneideri_XP_009345253.1                                                                      79.98%    failed      0.00%
 349  Eukaryota-Trichomonadida-Trichomonadida-Trichomonadida-Trichomonadidae-Trichomonas_vaginalis_XP_001579382.1                                           93.46%    failed      0.00%
 350  MSTRG.13387.1.p1                                                                                                                                      94.04%    failed      0.00%
 351  MSTRG.17738.1.p1                                                                                                                                      96.39%    failed      0.00%
 352  MSTRG.27742.1.p1                                                                                                                                      89.19%    failed      0.00%
 353  MSTRG.4007.1.p1                                                                                                                                       95.21%    failed      0.00%
 354  MSTRG.6340.1.p1                                                                                                                                       92.54%    failed      0.03%
 355  Paulinella_chromatophora_CCAC0185_nuclear___scaffold18529-m105893                                                                                     97.88%    failed      0.00%
 356  Paulinella_chromatophora_CCAC0185_nuclear___scaffold18786-m106755                                                                                     97.71%    failed      0.15%
 357  Paulinella_chromatophora_CCAC0185_nuclear___scaffold2204-m25805                                                                                       92.58%    failed      0.00%
 358  Paulinella_chromatophora_CCAC0185_nuclear___scaffold27894-m133252                                                                                     98.49%    failed      0.00%
 359  Paulinella_chromatophora_CCAC0185_nuclear___scaffold410-m8010                                                                                         92.51%    failed      0.00%
 360  Paulinella_chromatophora_CCAC0185_nuclear___scaffold4340-m41193                                                                                       96.10%    failed      0.21%
 361  Paulinella_chromatophora_CCAC0185_nuclear___scaffold51430-m183634                                                                                     99.23%    passed     14.35%
 362  Paulinella_chromatophora_CCAC0185_nuclear___scaffold6139-m52383                                                                                       94.76%    failed      0.00%
 363  Paulinella_ovalis_nuclear_SingleCell___SAG1_utg7180000002800.g1288.t1                                                                                 96.89%    failed      0.00%
 364  Paulinella_ovalis_nuclear_SingleCell___SAG1_utg7180000003525.g1625.t1                                                                                 94.85%    passed      8.42%
 365  Paulinella_ovalis_nuclear_SingleCell___SAG1_utg7180000006878.g3236.t1                                                                                 98.11%    passed     10.35%
 366  Paulinella_ovalis_nuclear_SingleCell___SAG1_utg7180000008502.g3975.t1                                                                                 96.28%    failed      0.02%
 367  Paulinella_ovalis_nuclear_SingleCell___SAG1_utg7180000023942.g10922.t1                                                                                98.73%    failed      0.30%
 368  Paulinella_ovalis_nuclear_SingleCell___SAG1_utg7180000023942.g10923.t1                                                                                98.89%    failed      0.19%
 369  Paulinella_ovalis_nuclear_SingleCell___SAG2_utg7180000011556.g5769.t1                                                                                 92.81%    failed      0.00%
 370  Paulinella_ovalis_nuclear_SingleCell___SAG4_contig00196.g330.t1                                                                                       96.89%    failed      0.00%
 371  Paulinella_ovalis_nuclear_SingleCell___SAG6_contig00601.g565.t1                                                                                       98.72%    passed     63.73%
 372  Viruses-Herelleviridae-NA-NA-NA-Bacillus_phage_SP10_YP_007003448.1                                                                                    91.76%    failed      0.00%
 373  Viruses-Herelleviridae-NA-NA-NA-Bacillus_virus_SPO1_YP_002300417.1                                                                                    91.47%    failed      0.00%
 374  Viruses-Herelleviridae-NA-NA-NA-Enterococcus_phage_phiEF24C_YP_001504170.1                                                                            90.57%    failed      0.00%
 375  Viruses-Herelleviridae-NA-NA-NA-Enterococcus_virus_EFDG1_YP_009218375.1                                                                               93.28%    failed      0.00%
 376  Viruses-Herelleviridae-NA-NA-NA-Lactobacillus_virus_Lb3381_YP_002790829.1                                                                             90.36%    failed      0.00%
 377  Viruses-Herelleviridae-NA-NA-NA-Listeria_virus_A511_YP_001468518.1                                                                                    93.27%    failed      0.00%
 378  Viruses-Herelleviridae-NA-NA-NA-Listeria_virus_AG20_YP_007676797.1                                                                                    93.34%    failed      0.00%
 379  Viruses-Herelleviridae-NA-NA-NA-Listeria_virus_LMSP25_YP_009043145.1                                                                                  90.72%    failed      0.00%
 380  Viruses-Herelleviridae-NA-NA-NA-Listeria_virus_P100_YP_406445.1                                                                                       93.53%    failed      0.00%
 381  Viruses-Myoviridae-NA-NA-NA-Bacillus_phage_BCD7_YP_007005904.1                                                                                        92.94%    failed      0.00%
 382  Viruses-Myoviridae-NA-NA-NA-Bacillus_virus_Shbh1_YP_009275331.1                                                                                       90.25%    failed      0.00%
 383  Viruses-Myoviridae-NA-NA-NA-Pseudomonas_phage_Lu11_YP_006382627.1                                                                                     90.94%    failed      0.00%
 384  Viruses-Myoviridae-NA-NA-NA-Salmonella_phage_BP63_YP_009302972.1                                                                                      93.96%    failed      0.02%
 385  Viruses-Myoviridae-NA-NA-NA-Thermus_phage_phiYS40_YP_874046.1                                                                                         93.52%    failed      0.00%
 386  Viruses-Podoviridae-NA-NA-NA-Acinetobacter_phage_Presley_YP_009007605.1                                                                               91.95%    failed      0.00%
 387  Viruses-Podoviridae-NA-NA-NA-Anabaena_phage_A4L_YP_009042789.1                                                                                        93.99%    failed      0.24%
 388  Viruses-Podoviridae-NA-NA-NA-Arthrobacter_virus_Jasmine_YP_009594326.1                                                                                94.64%    failed      0.04%
 389  Viruses-Podoviridae-NA-NA-NA-Puniceispirillum_phage_HMO2011_YP_008320274.1                                                                            93.73%    failed      0.00%
 390  Viruses-Podoviridae-NA-NA-NA-Vibrio_phage_J2_YP_009152780.1                                                                                           94.16%    failed      0.00%
 391  Viruses-Podoviridae-NA-NA-NA-Vibrio_phage_VPMS1_YP_008239693.1                                                                                        94.26%    failed      0.79%
 392  Viruses-Siphoviridae-NA-NA-NA-Bacillus_virus_Mgbh1_YP_009595202.1                                                                                     93.39%    failed      0.00%
 393  Viruses-Siphoviridae-NA-NA-NA-Clostridium_phage_phi8074B1_YP_007237267.1                                                                              93.48%    failed      0.00%
 394  Viruses-Siphoviridae-NA-NA-NA-Clostridium_phage_phiCTP1_YP_003856842.1                                                                                92.95%    failed      0.00%
 395  Viruses-Siphoviridae-NA-NA-NA-Gordonia_virus_Emalyn_YP_009301483.1                                                                                    92.67%    failed      0.00%
 396  Viruses-Siphoviridae-NA-NA-NA-Listeria_virus_LP114_YP_009045072.1                                                                                     93.04%    failed      0.00%
 397  Viruses-Siphoviridae-NA-NA-NA-Streptococcus_phage_Dp1_YP_004306959.1                                                                                  92.82%    failed      0.00%
 398  Viruses-Siphoviridae-NA-NA-NA-Thermus_virus_P2345_YP_001467864.1                                                                                      93.29%    failed      0.00%
WARNING: 398 sequences contain more than 50% gaps/ambiguity
****  TOTAL                                                                                                                                                 92.32%  383 sequences failed composition chi2 test (p-value<5%; df=19)

Create initial parsimony tree by phylogenetic likelihood library (PLL)... 7.499 seconds
Generating 2000 samples for ultrafast bootstrap (seed: 102065)...

NOTE: 3616 MB RAM (3 GB) is required!
Measuring multi-threading efficiency up to 6 CPU cores
2 trees examined
Threads: 1 / Time: 85.851 sec / Speedup: 1.000 / Efficiency: 100% / LogL: -732016
Threads: 2 / Time: 42.770 sec / Speedup: 2.007 / Efficiency: 100% / LogL: -732016
Threads: 3 / Time: 31.627 sec / Speedup: 2.715 / Efficiency: 90% / LogL: -732016
Threads: 4 / Time: 25.874 sec / Speedup: 3.318 / Efficiency: 83% / LogL: -732016
Threads: 5 / Time: 22.927 sec / Speedup: 3.745 / Efficiency: 75% / LogL: -732016
Threads: 6 / Time: 19.193 sec / Speedup: 4.473 / Efficiency: 75% / LogL: -732016
BEST NUMBER OF THREADS: 6

Estimate model parameters (epsilon = 0.100)
1. Initial log-likelihood: -630240.623
2. Current log-likelihood: -550690.409
3. Current log-likelihood: -549660.945
4. Current log-likelihood: -549649.703
5. Current log-likelihood: -549648.238
6. Current log-likelihood: -549647.662
7. Current log-likelihood: -549647.483
Optimal log-likelihood: -549647.479
Site proportion and rates:  (0.017,0.060) (0.041,0.178) (0.075,0.303) (0.107,0.461) (0.187,0.682) (0.245,1.048) (0.328,1.633)
Parameters optimization took 7 rounds (691.437 sec)
Computing ML distances based on estimated model parameters... 243.858 sec
WARNING: Some pairwise ML distances are too long (saturated)
Computing BIONJ tree...
0.364 seconds
Log-likelihood of BIONJ tree: -552325.517
--------------------------------------------------------------------
|             INITIALIZING CANDIDATE TREE SET                      |
--------------------------------------------------------------------
Generating 98 parsimony trees... 791.468 second
Computing log-likelihood of 98 initial trees ... 1359.367 seconds
Current best score: -549647.479

Do NNI search on 20 best initial trees
Estimate model parameters (epsilon = 0.100)
BETTER TREE FOUND at iteration 1: -548798.270
Estimate model parameters (epsilon = 0.100)
BETTER TREE FOUND at iteration 2: -548596.566
Iteration 10 / LogL: -548649.268 / Time: 1h:49m:6s
Iteration 20 / LogL: -548646.905 / Time: 2h:22m:35s
Finish initializing candidate tree set (20)
Current best tree score: -548596.566 / CPU time: 7360.344
Number of iterations: 20
--------------------------------------------------------------------
|               OPTIMIZING CANDIDATE TREE SET                      |
--------------------------------------------------------------------
Estimate model parameters (epsilon = 0.100)
BETTER TREE FOUND at iteration 22: -548585.779
Estimate model parameters (epsilon = 0.100)
BETTER TREE FOUND at iteration 23: -548560.522
Estimate model parameters (epsilon = 0.100)
BETTER TREE FOUND at iteration 24: -548532.693
Iteration 30 / LogL: -548565.747 / Time: 2h:53m:27s (9h:21m:1s left)
BETTER TREE FOUND at iteration 34: -548532.692
Iteration 40 / LogL: -548561.556 / Time: 3h:18m:5s (7h:56m:30s left)
Estimate model parameters (epsilon = 0.100)
BETTER TREE FOUND at iteration 43: -548528.657
Estimate model parameters (epsilon = 0.100)
BETTER TREE FOUND at iteration 44: -548512.421
Estimate model parameters (epsilon = 0.100)
BETTER TREE FOUND at iteration 48: -548510.260
Iteration 50 / LogL: -548612.601 / Time: 3h:49m:53s (7h:39m:0s left)
Log-likelihood cutoff on original alignment: -548775.081
Estimate model parameters (epsilon = 0.100)
BETTER TREE FOUND at iteration 51: -548505.129
Estimate model parameters (epsilon = 0.100)
BETTER TREE FOUND at iteration 54: -548504.967
Estimate model parameters (epsilon = 0.100)
BETTER TREE FOUND at iteration 55: -548503.479
Estimate model parameters (epsilon = 0.100)
BETTER TREE FOUND at iteration 59: -548498.680
Iteration 60 / LogL: -548534.847 / Time: 4h:17m:23s (7h:11m:16s left)
Estimate model parameters (epsilon = 0.100)
BETTER TREE FOUND at iteration 64: -548496.787
Iteration 70 / LogL: -548518.769 / Time: 4h:37m:51s (6h:18m:1s left)
Estimate model parameters (epsilon = 0.100)
BETTER TREE FOUND at iteration 72: -548489.163
Estimate model parameters (epsilon = 0.100)
BETTER TREE FOUND at iteration 79: -548476.264
Iteration 80 / LogL: -548510.733 / Time: 4h:59m:14s (6h:14m:30s left)
Estimate model parameters (epsilon = 0.100)
BETTER TREE FOUND at iteration 84: -548473.645
Estimate model parameters (epsilon = 0.100)
BETTER TREE FOUND at iteration 88: -548471.199
Iteration 90 / LogL: -548480.081 / Time: 5h:15m:20s (5h:46m:48s left)
Iteration 100 / LogL: -548530.865 / Time: 5h:28m:34s (4h:51m:43s left)
Log-likelihood cutoff on original alignment: -548775.081
NOTE: Bootstrap correlation coefficient of split occurrence frequencies: 0.965
NOTE: UFBoot does not converge, continue at least 100 more iterations
Estimate model parameters (epsilon = 0.100)
BETTER TREE FOUND at iteration 102: -548467.935
Iteration 110 / LogL: -548498.241 / Time: 5h:41m:44s (4h:48m:7s left)
Estimate model parameters (epsilon = 0.100)
BETTER TREE FOUND at iteration 118: -548466.915
Iteration 120 / LogL: -548477.397 / Time: 5h:53m:50s (4h:51m:5s left)
Iteration 130 / LogL: -548469.709 / Time: 6h:3m:40s (4h:7m:49s left)
Iteration 140 / LogL: -548509.205 / Time: 6h:12m:44s (3h:28m:56s left)
Iteration 150 / LogL: -548563.507 / Time: 6h:22m:26s (2h:54m:21s left)
Log-likelihood cutoff on original alignment: -548775.081
Estimate model parameters (epsilon = 0.100)
BETTER TREE FOUND at iteration 157: -548464.404
Iteration 160 / LogL: -548541.579 / Time: 6h:32m:39s (3h:59m:18s left)
Estimate model parameters (epsilon = 0.100)
BETTER TREE FOUND at iteration 163: -548461.006
Estimate model parameters (epsilon = 0.100)
BETTER TREE FOUND at iteration 169: -548460.759
Estimate model parameters (epsilon = 0.100)
BETTER TREE FOUND at iteration 170: -548458.374
Iteration 170 / LogL: -548458.374 / Time: 6h:41m:52s (3h:57m:34s left)
Estimate model parameters (epsilon = 0.100)
BETTER TREE FOUND at iteration 171: -548456.343
Iteration 180 / LogL: -548520.536 / Time: 6h:51m:37s (3h:29m:4s left)
Iteration 190 / LogL: -548472.190 / Time: 7h:0m:13s (2h:59m:56s left)
Estimate model parameters (epsilon = 0.100)
BETTER TREE FOUND at iteration 197: -548451.624
Iteration 200 / LogL: -548459.656 / Time: 7h:9m:11s (3h:29m:1s left)
Log-likelihood cutoff on original alignment: -548775.081
NOTE: Bootstrap correlation coefficient of split occurrence frequencies: 0.979
NOTE: UFBoot does not converge, continue at least 100 more iterations
Iteration 210 / LogL: -548484.394 / Time: 7h:17m:47s (3h:8m:21s left)
Iteration 220 / LogL: -548473.786 / Time: 7h:26m:19s (2h:42m:54s left)
Iteration 230 / LogL: -548471.273 / Time: 7h:34m:58s (2h:18m:57s left)
Iteration 240 / LogL: -548474.367 / Time: 7h:43m:23s (1h:56m:14s left)
Iteration 250 / LogL: -548553.739 / Time: 7h:52m:15s (1h:34m:45s left)
Log-likelihood cutoff on original alignment: -548653.236
Estimate model parameters (epsilon = 0.100)
BETTER TREE FOUND at iteration 252: -548445.743
Iteration 260 / LogL: -548488.204 / Time: 8h:1m:27s (2h:50m:53s left)
Iteration 270 / LogL: -548484.133 / Time: 8h:9m:51s (2h:29m:12s left)
Iteration 280 / LogL: -548476.976 / Time: 8h:18m:27s (2h:8m:32s left)
Iteration 290 / LogL: -548479.071 / Time: 8h:26m:48s (1h:48m:38s left)
Iteration 300 / LogL: -548472.757 / Time: 8h:35m:9s (1h:29m:31s left)
Log-likelihood cutoff on original alignment: -548653.236
NOTE: Bootstrap correlation coefficient of split occurrence frequencies: 0.972
NOTE: UFBoot does not converge, continue at least 100 more iterations
Estimate model parameters (epsilon = 0.100)
BETTER TREE FOUND at iteration 310: -548444.337
Iteration 310 / LogL: -548444.337 / Time: 8h:43m:34s (2h:49m:18s left)
Iteration 320 / LogL: -548522.942 / Time: 8h:52m:0s (2h:29m:59s left)
Iteration 330 / LogL: -548461.818 / Time: 9h:0m:45s (2h:11m:24s left)
Iteration 340 / LogL: -548460.273 / Time: 9h:9m:2s (1h:53m:17s left)
Iteration 350 / LogL: -548465.733 / Time: 9h:17m:34s (1h:35m:47s left)
Log-likelihood cutoff on original alignment: -548652.679
Iteration 360 / LogL: -548458.508 / Time: 9h:25m:49s (1h:18m:45s left)
Iteration 370 / LogL: -548522.951 / Time: 9h:34m:34s (1h:2m:14s left)
Iteration 380 / LogL: -548581.174 / Time: 9h:42m:59s (0h:46m:7s left)
Iteration 390 / LogL: -548464.703 / Time: 9h:51m:20s (0h:30m:23s left)
Iteration 400 / LogL: -548463.284 / Time: 9h:59m:59s (0h:15m:1s left)
Log-likelihood cutoff on original alignment: -548652.679
NOTE: Bootstrap correlation coefficient of split occurrence frequencies: 0.993
Iteration 410 / LogL: -548451.842 / Time: 10h:8m:8s (2h:13m:44s left)
TREE SEARCH COMPLETED AFTER 411 ITERATIONS / Time: 10h:8m:59s

--------------------------------------------------------------------
|                    FINALIZING TREE SEARCH                        |
--------------------------------------------------------------------
Performs final model parameters optimization
Estimate model parameters (epsilon = 0.010)
1. Initial log-likelihood: -548444.337
2. Current log-likelihood: -548444.318
Optimal log-likelihood: -548444.312
Site proportion and rates:  (0.016,0.057) (0.038,0.170) (0.076,0.295) (0.112,0.455) (0.189,0.680) (0.261,1.052) (0.307,1.678)
Parameters optimization took 2 rounds (13.490 sec)
BEST SCORE FOUND : -548444.312
Creating bootstrap support values...
Split supports printed to NEXUS file K02335.blastp_ALL.outfmt6.parsed.filtered.uniq.faa.mafft.aln.splits.nex
Total tree length: 416.843

Total number of iterations: 411
CPU time used for tree search: 204507.259 sec (56h:48m:27s)
Wall-clock time used for tree search: 35344.632 sec (9h:49m:4s)
Total CPU time used: 210758.776 sec (58h:32m:38s)
Total wall-clock time used: 36555.463 sec (10h:9m:15s)

Computing bootstrap consensus tree...
Reading input file K02335.blastp_ALL.outfmt6.parsed.filtered.uniq.faa.mafft.aln.splits.nex...
398 taxa and 2483 splits.
Consensus tree written to K02335.blastp_ALL.outfmt6.parsed.filtered.uniq.faa.mafft.aln.contree
Reading input trees file K02335.blastp_ALL.outfmt6.parsed.filtered.uniq.faa.mafft.aln.contree
Log-likelihood of consensus tree: -548443.832

Analysis results written to: 
  IQ-TREE report:                K02335.blastp_ALL.outfmt6.parsed.filtered.uniq.faa.mafft.aln.iqtree
  Maximum-likelihood tree:       K02335.blastp_ALL.outfmt6.parsed.filtered.uniq.faa.mafft.aln.treefile
  Likelihood distances:          K02335.blastp_ALL.outfmt6.parsed.filtered.uniq.faa.mafft.aln.mldist

Ultrafast bootstrap approximation results written to:
  Split support values:          K02335.blastp_ALL.outfmt6.parsed.filtered.uniq.faa.mafft.aln.splits.nex
  Consensus tree:                K02335.blastp_ALL.outfmt6.parsed.filtered.uniq.faa.mafft.aln.contree
  Screen log file:               K02335.blastp_ALL.outfmt6.parsed.filtered.uniq.faa.mafft.aln.log

Date and Time: Wed Oct 13 08:14:01 2021
