IQ-TREE multicore version 1.6.12 for Linux 64-bit built Aug 15 2019
Developed by Bui Quang Minh, Nguyen Lam Tung, Olga Chernomor,
Heiko Schmidt, Dominik Schrempf, Michael Woodhams.

Host:    coral (AVX512, FMA3, 376 GB RAM)
Command: /home/timothy/programs/iqtree-1.6.12-Linux/bin/iqtree -s K06928.blastp_ALL.outfmt6.parsed.filtered.uniq.faa.mafft.aln -nt AUTO -ntmax 6 -m LG+R7 -bb 2000 -nm 2000 -quiet
Seed:    506037 (Using SPRNG - Scalable Parallel Random Number Generator)
Time:    Tue Oct 12 22:35:22 2021
Kernel:  AVX+FMA - auto-detect threads (96 CPU cores detected)

Reading alignment file K06928.blastp_ALL.outfmt6.parsed.filtered.uniq.faa.mafft.aln ... Fasta format detected
Alignment most likely contains protein sequences
Alignment has 84 sequences with 1149 columns, 994 distinct patterns
403 parsimony-informative, 412 singleton sites, 334 constant sites
                                                                                                                                   Gap/Ambiguity  Composition  p-value
   1  Archaea-Euryarchaeota-Methanomicrobia-Methanomicrobiales-Methanomicrobiaceae-Methanoculleus_bourgensis_WP_082070447.1               81.46%    failed      0.65%
   2  Bacteria-Aquificae-Aquificae-Aquificales-Aquificaceae-Hydrogenivirga_sp._1285R11_WP_008285816.1                                     84.94%    failed      0.02%
   3  Bacteria-Aquificae-Aquificae-Aquificales-Aquificaceae-Thermocrinis_albus_WP_012991207.1                                             84.51%    failed      3.78%
   4  Bacteria-Aquificae-Aquificae-Aquificales-Hydrogenothermaceae-Persephonella_sp._IF05L8_WP_029521396.1                                84.94%    failed      0.00%
   5  Bacteria-Firmicutes-Clostridia-Thermoanaerobacterales-Thermoanaerobacteraceae-Thermanaeromonas_toyohensis_WP_084665320.1            84.33%    passed     13.73%
   6  Bacteria-Planctomycetes-CandidatusBrocadiae-CandidatusBrocadiales-CandidatusBrocadiaceae-Candidatus_Jettenia_caeni_WP_007223398.1   84.51%    failed      0.05%
   7  Bacteria-Planctomycetes-Phycisphaerae-NA-NA-Phycisphaerae_bacterium_STNAGABD1_WP_146663896.1                                        82.68%    failed      0.08%
   8  Bacteria-Proteobacteria-Deltaproteobacteria-Desulfobacterales-Desulfobacteraceae-Desulfonema_ishimotonii_WP_124326927.1             84.68%    passed     43.26%
   9  Eukaryota-Alveolata-Dinophyceae-NA-Unranked-Alexandrium_tamarense_MMETSP0382_c36475_g1_i1.p1                                        55.35%    failed      0.00%
  10  Eukaryota-Alveolata-Dinophyceae-NA-Unranked-Amphidinium_massartii_MMETSP0689_c69323_g1_i1.p1                                        58.49%    failed      0.15%
  11  Eukaryota-Alveolata-Dinophyceae-NA-Unranked-Dinophysis_acuminata_MMETSP0797_c60293_g1_i1.p1                                         57.35%    failed      0.00%
  12  Eukaryota-Alveolata-Dinophyceae-NA-Unranked-Glenodinium_foliaceum_MMETSP0119_c19183_g1_i1.p1                                        74.50%    failed      0.00%
  13  Eukaryota-Alveolata-Dinophyceae-NA-Unranked-Karenia_brevis_MMETSP0027_c86352_g1_i1.p1                                               61.88%    failed      0.00%
  14  Eukaryota-Alveolata-Dinophyceae-NA-Unranked-Pyrodinium_bahamense_MMETSP0796_c127790_g1_i1.p1                                        49.61%    failed      0.00%
  15  Eukaryota-Annelida-Clitellata-Hirudinida-Glossiphoniidae-Helobdella_robusta_jgi70657                                                84.07%    passed     11.40%
  16  Eukaryota-Apicomplexa-NA-Unranked-NA-Alveolata_sp_MMETSP0288_c13458_g1_i1.p1                                                        79.98%    passed     72.73%
  17  Eukaryota-Arthropoda-Arachnida-Scorpiones-Buthidae-Centruroides_sculpturatus_XP_023231564.1                                         83.55%    passed     42.82%
  18  Eukaryota-Arthropoda-Insecta-Blattodea-Termopsidae-Zootermopsis_nevadensis_XP_021936239.1                                           83.64%    passed     35.83%
  19  Eukaryota-Arthropoda-Insecta-Diptera-Calliphoridae-Lucilia_cuprina_XP_023294584.1                                                   83.64%    failed      4.63%
  20  Eukaryota-Arthropoda-Insecta-Diptera-Drosophilidae-Drosophila_biarmipes_XP_016956232.1                                              83.29%    passed     15.74%
  21  Eukaryota-Arthropoda-Insecta-Hemiptera-Delphacidae-Nilaparvata_lugens_XP_022183910.1                                                82.42%    passed     38.99%
  22  Eukaryota-Arthropoda-Malacostraca-Decapoda-Penaeidae-Penaeus_vannamei_XP_027218059.1                                                83.55%    passed     24.47%
  23  Eukaryota-Brachiopoda-Lingulata-Lingulida-Lingulidae-Lingula_anatina_XP_013413792.1                                                 83.20%    passed     93.77%
  24  Eukaryota-Cercozoa-Chlorarachniophyceae-NA-NA-Bigelowiella_longifila_MMETSP1359_c21880_g1_i1.p1                                     74.50%    passed     32.48%
  25  Eukaryota-Cercozoa-Chlorarachniophyceae-NA-NA-Lotharella_amoebiformis_MMETSP0042_c8558_g1_i1.p1                                     76.85%    passed     52.30%
  26  Eukaryota-Chlorophyta-Chlorophyceae-Chlamydomonadales-Chlamydomonadaceae-Chlamydomonas_reinhardtii_XP_001692060.1                   84.51%    passed     73.51%
  27  Eukaryota-Chlorophyta-Chlorophyceae-Chlamydomonadales-Volvocaceae-Volvox_carteri_XP_002949453.1                                     83.38%    passed     23.82%
  28  Eukaryota-Chlorophyta-Mamiellophyceae-Mamiellales-Mamiellaceae-Micromonas_pusilla_MMETSP1403_c5869_g1_i1.p1                         58.57%    failed      0.00%
  29  Eukaryota-Chlorophyta-NA-NA-NA-Mantoniella_antarctica_MMETSP1106_c5064_g1_i1.p1                                                     57.44%    failed      0.00%
  30  Eukaryota-Chlorophyta-NA-NA-NA-Pterosperma_sp_MMETSP1438_c30885_g1_i1.p1                                                            78.15%    passed     78.39%
  31  Eukaryota-Chlorophyta-NA-NA-NA-Tetraselmis_sp_MMETSP0419_c31222_g1_i1.p1                                                            63.97%    passed     61.81%
  32  Eukaryota-Choanoflagellata-Choanoflagellata-Choanoflagellata-Salpingoecidae-Salpingoeca_rosetta_XP_004987884.1                      81.98%    passed     63.04%
  33  Eukaryota-Chordata-Actinopteri-Beloniformes-Adrianichthyidae-Oryzias_melastigma_XP_024152337.1                                      82.85%    passed     47.50%
  34  Eukaryota-Chordata-Mammalia-Cingulata-Dasypodidae-Dasypus_novemcinctus_XP_004451085.1                                               83.46%    passed     79.98%
  35  Eukaryota-Chordata-Mammalia-Lagomorpha-Ochotonidae-Ochotona_princeps_XP_004578589.1                                                 83.46%    passed     20.14%
  36  Eukaryota-Chordata-Mammalia-NA-Camelidae-Camelus_bactrianus_XP_010950406.1                                                          83.46%    passed     29.00%
  37  Eukaryota-Chordata-NA-Squamata-Dactyloidae-Anolis_carolinensis_XP_003215858.1                                                       83.46%    passed     64.85%
  38  Eukaryota-Chordata-NA-Squamata-Viperidae-Protobothrops_mucrosquamatus_XP_015675595.1                                                83.46%    passed     89.85%
  39  Eukaryota-Chromeraceae-NA-NA-NA-Vitrella_brassicaformis_MMETSP1451_c14389_g1_i1.p1                                                  80.16%    passed     74.19%
  40  Eukaryota-Cnidaria-Anthozoa-Actiniaria-Edwardsiidae-Nematostella_vectensis_XP_001626430.1                                           83.20%    passed     35.68%
  41  Eukaryota-Cnidaria-Anthozoa-Alcyonacea-Nephtheidae-Dendronephthya_gigantea_XP_028401340.1                                           82.77%    passed     60.68%
  42  Eukaryota-Cnidaria-Anthozoa-Scleractinia-Acroporidae-Acropora_millepora_XP_029188268.1                                              83.03%    passed     33.84%
  43  Eukaryota-Cnidaria-Anthozoa-Scleractinia-Merulinidae-Orbicella_faveolata_XP_020630375.1                                             82.25%    passed     36.19%
  44  Eukaryota-Cnidaria-Anthozoa-Scleractinia-Pocilloporidae-Pocillopora_damicornis_XP_027036819.1                                       82.25%    passed     47.56%
  45  Eukaryota-Cnidaria-Anthozoa-Scleractinia-Pocilloporidae-Stylophora_pistillata_XP_022787526.1                                        82.25%    passed     76.72%
  46  Eukaryota-Cryptophyta-NA-Cryptomonadales-NA-Hanusia_phi_MMETSP1048_c17749_g1_i1.p1                                                  82.59%    passed     20.39%
  47  Eukaryota-Cryptophyta-NA-Goniomondales-NA-Goniomonas_pacifica_MMETSP0108_c28613_g1_i1.p1                                            83.99%    passed     24.73%
  48  Eukaryota-Cryptophyta-NA-Pyrenomonadales-Geminigeraceae-Guillardia_theta_MMETSP0046_c11503_g2_i1.p2                                 82.59%    passed     11.05%
  49  Eukaryota-Cryptophyta-NA-Pyrenomonadales-Geminigeraceae-Proteomonas_sulcata_MMETSP1049_c847_g1_i1.p1                                84.42%    passed     59.81%
  50  Eukaryota-Cryptophyta-NA-Pyrenomonadales-Pyrenomonadaceae-Rhodomonas_lens_MMETSP0484_c58056_g1_i1.p1                                81.38%    passed     76.50%
  51  Eukaryota-Echinodermata-Asteroidea-Valvatida-Acanthasteridae-Acanthaster_planci_XP_022097960.1                                      78.33%    passed     53.83%
  52  Eukaryota-Echinodermata-Echinoidea-Echinoida-Strongylocentrotidae-Strongylocentrotus_purpuratus_XP_003723869.1                      83.46%    passed     26.88%
  53  Eukaryota-Euglenida-NA-Eutreptiales-NA-Eutreptiella_gymnastica_MMETSP0039_c43616_g1_i1.p2                                           86.16%    passed      6.81%
  54  Eukaryota-Haptophyta-NA-Isochrysidales-Noelaerhabdaceae-Emiliania_huxleyi_MMETSP1157_c32167_g1_i1.p2                                87.64%    failed      0.01%
  55  Eukaryota-Haptophyta-NA-Prymnesiales-NA-Coccolithus_pelagicussspbraarudi_MMETSP0164_c17686_g1_i1.p1                                 84.77%    passed      8.73%
  56  Eukaryota-Haptophyta-NA-Prymnesiales-NA-Gephyrocapsa_oceanica_MMETSP1363_c9196_g5_i1.p1                                             68.32%    failed      0.00%
  57  Eukaryota-Haptophyta-NA-Prymnesiales-NA-Isochrysis_sp_MMETSP1388_c2338_g1_i2.p2                                                     69.63%    failed      0.00%
  58  Eukaryota-Haptophyta-NA-Unranked-NA-Scyphosphaera_apsteinii_MMETSP1333_c46432_g1_i1.p2                                              88.69%    passed     16.44%
  59  Eukaryota-Hemichordata-Enteropneusta-NA-Harrimaniidae-Saccoglossus_kowalevskii_XP_002739152.2                                       82.68%    passed     15.30%
  60  Eukaryota-Mollusca-Bivalvia-Ostreoida-Ostreidae-Crassostrea_virginica_XP_022329301.1                                                82.42%    failed      4.67%
  61  Eukaryota-Mollusca-Bivalvia-Pectinoida-Pectinidae-Mizuhopecten_yessoensis_XP_021364849.1                                            83.03%    passed     85.65%
  62  Eukaryota-Mollusca-Gastropoda-Aplysiida-Aplysiidae-Aplysia_californica_XP_005110674.1                                               80.42%    passed     70.32%
  63  Eukaryota-Mollusca-Gastropoda-Architaenioglossa-Ampullariidae-Pomacea_canaliculata_XP_025091979.1                                   82.77%    passed     59.87%
  64  Eukaryota-Mollusca-Gastropoda-NA-Lottiidae-Lottia_gigantea_jgi223139                                                                83.46%    passed      9.12%
  65  Eukaryota-Mollusca-Gastropoda-NA-Planorbidae-Biomphalaria_glabrata_XP_013064821.1                                                   81.98%    failed      1.62%
  66  Eukaryota-Mucoromycota-Glomeromycetes-Glomerales-Glomeraceae-Rhizophagus_irregularis_XP_025177007.1                                 80.94%    failed      0.00%
  67  Eukaryota-Platyhelminthes-Trematoda-Opisthorchiida-Opisthorchiidae-Opisthorchis_viverrini_XP_009171865.1                            79.98%    passed     71.54%
  68  Eukaryota-Priapulida-Priapulimorpha-Priapulimorphida-Priapulidae-Priapulus_caudatus_XP_014663792.1                                  82.77%    passed     88.58%
  69  Eukaryota-Retaria-NA-NA-NA-Elphidium_margaritaceum_MMETSP1385_c11510_g1_i1.p1                                                       76.68%    failed      0.00%
  70  Eukaryota-Retaria-NA-NA-NA-Rosalina_sp_MMETSP0190_c22929_g1_i1.p1                                                                   87.29%    failed      0.05%
  71  Eukaryota-Stramenopiles-Fragilariophyceae-Fragilariales-Fragilariaceae-Asterionellopsis_glacialis_MMETSP0713_c13016_g1_i1.p1        72.93%    failed      4.44%
  72  Eukaryota-Stramenopiles-NA-NA-NA-Corethron_pennatum_MMETSP0169_c19062_g1_i1.p1                                                      83.46%    passed      5.43%
  73  Eukaryota-Stramenopiles-NA-NA-NA-Minutocellus_polymorphus_MMETSP1070_c1038_g1_i1.p1                                                 58.57%    failed      2.80%
  74  Eukaryota-Stramenopiles-NA-NA-NA-Pseudo_australis_MMETSP0139_c20246_g1_i1.p1                                                        77.02%    failed      3.60%
  75  Eukaryota-Stramenopiles-Raphidophyceae-Chattonellales-Chattonellaceae-Chattonella_subsalsa_MMETSP0947_c28202_g1_i1.p1               80.50%    passed     68.01%
  76  Eukaryota-Stramenopiles-Raphidophyceae-Chattonellales-Chattonellaceae-Heterosigma_akashiwo_MMETSP0416_c24075_g1_i1.p1               83.72%    passed     84.39%
  77  Eukaryota-Streptophyta-Liliopsida-Zingiberales-Musaceae-Musa_acuminata_XP_009389170.1                                               82.85%    passed     96.98%
  78  Eukaryota-Streptophyta-Lycopodiopsida-Selaginellales-Selaginellaceae-Selaginella_moellendorffii_XP_024521468.1                      83.99%    passed     15.26%
  79  Eukaryota-Streptophyta-NA-Brassicales-Caricaceae-Carica_papaya_XP_021911479.1                                                       83.29%    passed     54.02%
  80  Eukaryota-Streptophyta-NA-Lamiales-Phrymaceae-Erythranthe_guttata_XP_012827997.1                                                    83.20%    passed     91.34%
  81  Eukaryota-Streptophyta-NA-Malvales-Malvaceae-Durio_zibethinus_XP_022740867.1                                                        81.11%    passed     84.56%
  82  Eukaryota-Streptophyta-NA-Malvales-Malvaceae-Gossypium_raimondii_XP_012487317.1                                                     80.24%    passed     80.13%
  83  MSTRG.15872.1.p1                                                                                                                    73.72%    failed      0.00%
  84  NA-NA-NA-NA-NA-NA_XP_003267317.1                                                                                                    83.46%    passed     59.65%
WARNING: 83 sequences contain more than 50% gaps/ambiguity
****  TOTAL                                                                                                                               79.36%  27 sequences failed composition chi2 test (p-value<5%; df=19)

Create initial parsimony tree by phylogenetic likelihood library (PLL)... 0.072 seconds
Generating 2000 samples for ultrafast bootstrap (seed: 506037)...

NOTE: 100 MB RAM (0 GB) is required!
Measuring multi-threading efficiency up to 6 CPU cores
8 trees examined
Threads: 1 / Time: 6.697 sec / Speedup: 1.000 / Efficiency: 100% / LogL: -38650
Threads: 2 / Time: 3.552 sec / Speedup: 1.886 / Efficiency: 94% / LogL: -38650
Threads: 3 / Time: 2.417 sec / Speedup: 2.772 / Efficiency: 92% / LogL: -38650
Threads: 4 / Time: 1.782 sec / Speedup: 3.758 / Efficiency: 94% / LogL: -38650
Threads: 5 / Time: 1.452 sec / Speedup: 4.612 / Efficiency: 92% / LogL: -38650
Threads: 6 / Time: 1.292 sec / Speedup: 5.183 / Efficiency: 86% / LogL: -38650
BEST NUMBER OF THREADS: 6

Estimate model parameters (epsilon = 0.100)
1. Initial log-likelihood: -35227.938
2. Current log-likelihood: -32823.549
3. Current log-likelihood: -32777.069
4. Current log-likelihood: -32775.648
5. Current log-likelihood: -32775.018
6. Current log-likelihood: -32774.635
7. Current log-likelihood: -32774.455
8. Current log-likelihood: -32774.321
Optimal log-likelihood: -32774.187
Site proportion and rates:  (0.057,0.045) (0.037,0.179) (0.082,0.376) (0.096,0.401) (0.144,0.772) (0.252,1.059) (0.332,1.634)
Parameters optimization took 8 rounds (16.995 sec)
Computing ML distances based on estimated model parameters... 6.718 sec
Computing BIONJ tree...
0.007 seconds
Log-likelihood of BIONJ tree: -32717.872
--------------------------------------------------------------------
|             INITIALIZING CANDIDATE TREE SET                      |
--------------------------------------------------------------------
Generating 98 parsimony trees... 7.871 second
Computing log-likelihood of 98 initial trees ... 26.678 seconds
Current best score: -32717.872

Do NNI search on 20 best initial trees
Estimate model parameters (epsilon = 0.100)
BETTER TREE FOUND at iteration 1: -32616.721
Iteration 10 / LogL: -32633.602 / Time: 0h:3m:25s
Iteration 20 / LogL: -32666.655 / Time: 0h:4m:12s
Finish initializing candidate tree set (20)
Current best tree score: -32616.721 / CPU time: 209.529
Number of iterations: 20
--------------------------------------------------------------------
|               OPTIMIZING CANDIDATE TREE SET                      |
--------------------------------------------------------------------
Iteration 30 / LogL: -32621.930 / Time: 0h:4m:57s (0h:11m:50s left)
Estimate model parameters (epsilon = 0.100)
BETTER TREE FOUND at iteration 33: -32614.201
Estimate model parameters (epsilon = 0.100)
BETTER TREE FOUND at iteration 35: -32611.311
Estimate model parameters (epsilon = 0.100)
BETTER TREE FOUND at iteration 36: -32610.695
Estimate model parameters (epsilon = 0.100)
BETTER TREE FOUND at iteration 37: -32610.332
Iteration 40 / LogL: -32616.512 / Time: 0h:5m:59s (0h:14m:36s left)
Estimate model parameters (epsilon = 0.100)
BETTER TREE FOUND at iteration 50: -32610.174
Iteration 50 / LogL: -32610.174 / Time: 0h:6m:45s (0h:13m:32s left)
Log-likelihood cutoff on original alignment: -32698.671
Estimate model parameters (epsilon = 0.100)
BETTER TREE FOUND at iteration 53: -32609.046
Estimate model parameters (epsilon = 0.100)
BETTER TREE FOUND at iteration 55: -32608.783
Iteration 60 / LogL: -32610.283 / Time: 0h:7m:27s (0h:11m:50s left)
Iteration 70 / LogL: -32612.106 / Time: 0h:8m:5s (0h:9m:49s left)
Estimate model parameters (epsilon = 0.100)
UPDATE BEST LOG-LIKELIHOOD: -32608.689
Iteration 80 / LogL: -32610.598 / Time: 0h:8m:52s (0h:8m:18s left)
Iteration 90 / LogL: -32611.190 / Time: 0h:9m:32s (0h:6m:52s left)
Estimate model parameters (epsilon = 0.100)
BETTER TREE FOUND at iteration 92: -32607.613
Iteration 100 / LogL: -32610.061 / Time: 0h:10m:20s (0h:9m:30s left)
Log-likelihood cutoff on original alignment: -32698.413
NOTE: Bootstrap correlation coefficient of split occurrence frequencies: 0.990
NOTE: UFBoot does not converge, continue at least 100 more iterations
Estimate model parameters (epsilon = 0.100)
BETTER TREE FOUND at iteration 107: -32606.159
Iteration 110 / LogL: -32609.825 / Time: 0h:11m:4s (0h:9m:44s left)
Iteration 120 / LogL: -32611.098 / Time: 0h:11m:45s (0h:8m:30s left)
Iteration 130 / LogL: -32607.990 / Time: 0h:12m:22s (0h:7m:18s left)
Estimate model parameters (epsilon = 0.100)
BETTER TREE FOUND at iteration 132: -32605.775
Iteration 140 / LogL: -32611.670 / Time: 0h:13m:11s (0h:8m:39s left)
Iteration 150 / LogL: -32606.833 / Time: 0h:13m:46s (0h:7m:30s left)
Log-likelihood cutoff on original alignment: -32698.413
Iteration 160 / LogL: -32605.944 / Time: 0h:14m:28s (0h:6m:29s left)
Iteration 170 / LogL: -32607.417 / Time: 0h:14m:59s (0h:5m:27s left)
Iteration 180 / LogL: -32612.667 / Time: 0h:15m:30s (0h:4m:28s left)
Estimate model parameters (epsilon = 0.100)
BETTER TREE FOUND at iteration 183: -32605.527
Iteration 190 / LogL: -32607.209 / Time: 0h:16m:6s (0h:7m:52s left)
Iteration 200 / LogL: -32608.677 / Time: 0h:16m:38s (0h:6m:53s left)
Log-likelihood cutoff on original alignment: -32683.838
NOTE: Bootstrap correlation coefficient of split occurrence frequencies: 0.993
Iteration 210 / LogL: -32606.176 / Time: 0h:17m:14s (0h:7m:22s left)
Iteration 220 / LogL: -32611.229 / Time: 0h:17m:45s (0h:6m:26s left)
BETTER TREE FOUND at iteration 226: -32605.518
Iteration 230 / LogL: -32606.789 / Time: 0h:18m:15s (0h:7m:36s left)
Estimate model parameters (epsilon = 0.100)
BETTER TREE FOUND at iteration 239: -32605.106
Iteration 240 / LogL: -32613.759 / Time: 0h:18m:50s (0h:7m:45s left)
Iteration 250 / LogL: -32609.096 / Time: 0h:19m:21s (0h:6m:52s left)
Log-likelihood cutoff on original alignment: -32683.838
Iteration 260 / LogL: -32609.906 / Time: 0h:19m:55s (0h:6m:2s left)
Iteration 270 / LogL: -32607.245 / Time: 0h:20m:26s (0h:5m:12s left)
Iteration 280 / LogL: -32612.069 / Time: 0h:20m:58s (0h:4m:24s left)
Iteration 290 / LogL: -32610.914 / Time: 0h:21m:28s (0h:3m:37s left)
Iteration 300 / LogL: -32606.005 / Time: 0h:22m:1s (0h:2m:51s left)
Log-likelihood cutoff on original alignment: -32683.838
NOTE: Bootstrap correlation coefficient of split occurrence frequencies: 0.998
Iteration 310 / LogL: -32605.509 / Time: 0h:22m:38s (0h:6m:33s left)
Iteration 320 / LogL: -32627.676 / Time: 0h:23m:12s (0h:5m:47s left)
Iteration 330 / LogL: -32606.536 / Time: 0h:23m:43s (0h:5m:1s left)
Iteration 340 / LogL: -32605.904 / Time: 0h:24m:14s (0h:4m:16s left)
TREE SEARCH COMPLETED AFTER 340 ITERATIONS / Time: 0h:24m:14s

--------------------------------------------------------------------
|                    FINALIZING TREE SEARCH                        |
--------------------------------------------------------------------
Performs final model parameters optimization
Estimate model parameters (epsilon = 0.010)
1. Initial log-likelihood: -32605.106
2. Current log-likelihood: -32605.077
3. Current log-likelihood: -32605.035
4. Current log-likelihood: -32604.994
5. Current log-likelihood: -32604.954
6. Current log-likelihood: -32604.915
7. Current log-likelihood: -32604.878
8. Current log-likelihood: -32604.843
9. Current log-likelihood: -32604.811
10. Current log-likelihood: -32604.778
11. Current log-likelihood: -32604.749
12. Current log-likelihood: -32604.729
13. Current log-likelihood: -32604.702
14. Current log-likelihood: -32604.684
15. Current log-likelihood: -32604.665
16. Current log-likelihood: -32604.646
17. Current log-likelihood: -32604.628
18. Current log-likelihood: -32604.610
19. Current log-likelihood: -32604.593
20. Current log-likelihood: -32604.576
21. Current log-likelihood: -32604.559
22. Current log-likelihood: -32604.544
23. Current log-likelihood: -32604.529
24. Current log-likelihood: -32604.515
25. Current log-likelihood: -32604.500
26. Current log-likelihood: -32604.486
27. Current log-likelihood: -32604.473
28. Current log-likelihood: -32604.460
29. Current log-likelihood: -32604.447
30. Current log-likelihood: -32604.435
31. Current log-likelihood: -32604.423
32. Current log-likelihood: -32604.411
33. Current log-likelihood: -32604.399
34. Current log-likelihood: -32604.388
35. Current log-likelihood: -32604.377
36. Current log-likelihood: -32604.366
37. Current log-likelihood: -32604.354
38. Current log-likelihood: -32604.343
39. Current log-likelihood: -32604.333
Optimal log-likelihood: -32604.319
Site proportion and rates:  (0.051,0.024) (0.035,0.151) (0.070,0.317) (0.108,0.398) (0.141,0.744) (0.284,1.009) (0.310,1.730)
Parameters optimization took 39 rounds (60.012 sec)
BEST SCORE FOUND : -32604.319
Creating bootstrap support values...
Split supports printed to NEXUS file K06928.blastp_ALL.outfmt6.parsed.filtered.uniq.faa.mafft.aln.splits.nex
Total tree length: 73.225

Total number of iterations: 340
CPU time used for tree search: 8086.813 sec (2h:14m:46s)
Wall-clock time used for tree search: 1411.093 sec (0h:23m:31s)
Total CPU time used: 8879.032 sec (2h:27m:59s)
Total wall-clock time used: 1515.392 sec (0h:25m:15s)

Computing bootstrap consensus tree...
Reading input file K06928.blastp_ALL.outfmt6.parsed.filtered.uniq.faa.mafft.aln.splits.nex...
84 taxa and 785 splits.
Consensus tree written to K06928.blastp_ALL.outfmt6.parsed.filtered.uniq.faa.mafft.aln.contree
Reading input trees file K06928.blastp_ALL.outfmt6.parsed.filtered.uniq.faa.mafft.aln.contree
Log-likelihood of consensus tree: -32604.319

Analysis results written to: 
  IQ-TREE report:                K06928.blastp_ALL.outfmt6.parsed.filtered.uniq.faa.mafft.aln.iqtree
  Maximum-likelihood tree:       K06928.blastp_ALL.outfmt6.parsed.filtered.uniq.faa.mafft.aln.treefile
  Likelihood distances:          K06928.blastp_ALL.outfmt6.parsed.filtered.uniq.faa.mafft.aln.mldist

Ultrafast bootstrap approximation results written to:
  Split support values:          K06928.blastp_ALL.outfmt6.parsed.filtered.uniq.faa.mafft.aln.splits.nex
  Consensus tree:                K06928.blastp_ALL.outfmt6.parsed.filtered.uniq.faa.mafft.aln.contree
  Screen log file:               K06928.blastp_ALL.outfmt6.parsed.filtered.uniq.faa.mafft.aln.log

Date and Time: Tue Oct 12 23:00:39 2021
