IQ-TREE multicore version 1.6.12 for Linux 64-bit built Aug 15 2019
Developed by Bui Quang Minh, Nguyen Lam Tung, Olga Chernomor,
Heiko Schmidt, Dominik Schrempf, Michael Woodhams.

Host:    coral (AVX512, FMA3, 376 GB RAM)
Command: /home/timothy/programs/iqtree-1.6.12-Linux/bin/iqtree -s K06928.blastp_ALL.outfmt6.parsed.filtered.uniq.faa.mafft.aln.trimal1 -nt AUTO -ntmax 4 -m MFP -bb 2000 -nm 2000 -quiet
Seed:    980390 (Using SPRNG - Scalable Parallel Random Number Generator)
Time:    Wed Oct 13 09:45:48 2021
Kernel:  AVX+FMA - auto-detect threads (96 CPU cores detected)

Reading alignment file K06928.blastp_ALL.outfmt6.parsed.filtered.uniq.faa.mafft.aln.trimal1 ... Fasta format detected
Alignment most likely contains protein sequences
Alignment has 84 sequences with 149 columns, 146 distinct patterns
124 parsimony-informative, 9 singleton sites, 16 constant sites
                                                                                                                                   Gap/Ambiguity  Composition  p-value
   1  Archaea-Euryarchaeota-Methanomicrobia-Methanomicrobiales-Methanomicrobiaceae-Methanoculleus_bourgensis_WP_082070447.1                5.37%    passed     29.49%
   2  Bacteria-Aquificae-Aquificae-Aquificales-Aquificaceae-Hydrogenivirga_sp._1285R11_WP_008285816.1                                      6.71%    failed      0.39%
   3  Bacteria-Aquificae-Aquificae-Aquificales-Aquificaceae-Thermocrinis_albus_WP_012991207.1                                              5.37%    passed     33.35%
   4  Bacteria-Aquificae-Aquificae-Aquificales-Hydrogenothermaceae-Persephonella_sp._IF05L8_WP_029521396.1                                 7.38%    failed      0.00%
   5  Bacteria-Firmicutes-Clostridia-Thermoanaerobacterales-Thermoanaerobacteraceae-Thermanaeromonas_toyohensis_WP_084665320.1             6.71%    passed     55.32%
   6  Bacteria-Planctomycetes-CandidatusBrocadiae-CandidatusBrocadiales-CandidatusBrocadiaceae-Candidatus_Jettenia_caeni_WP_007223398.1    8.72%    passed     10.80%
   7  Bacteria-Planctomycetes-Phycisphaerae-NA-NA-Phycisphaerae_bacterium_STNAGABD1_WP_146663896.1                                         8.05%    passed      9.51%
   8  Bacteria-Proteobacteria-Deltaproteobacteria-Desulfobacterales-Desulfobacteraceae-Desulfonema_ishimotonii_WP_124326927.1             10.07%    passed     87.62%
   9  Eukaryota-Alveolata-Dinophyceae-NA-Unranked-Alexandrium_tamarense_MMETSP0382_c36475_g1_i1.p1                                         5.37%    passed     20.78%
  10  Eukaryota-Alveolata-Dinophyceae-NA-Unranked-Amphidinium_massartii_MMETSP0689_c69323_g1_i1.p1                                         6.71%    passed     97.08%
  11  Eukaryota-Alveolata-Dinophyceae-NA-Unranked-Dinophysis_acuminata_MMETSP0797_c60293_g1_i1.p1                                          8.72%    passed     74.31%
  12  Eukaryota-Alveolata-Dinophyceae-NA-Unranked-Glenodinium_foliaceum_MMETSP0119_c19183_g1_i1.p1                                         6.04%    failed      3.51%
  13  Eukaryota-Alveolata-Dinophyceae-NA-Unranked-Karenia_brevis_MMETSP0027_c86352_g1_i1.p1                                                6.04%    passed     75.06%
  14  Eukaryota-Alveolata-Dinophyceae-NA-Unranked-Pyrodinium_bahamense_MMETSP0796_c127790_g1_i1.p1                                         5.37%    passed     71.76%
  15  Eukaryota-Annelida-Clitellata-Hirudinida-Glossiphoniidae-Helobdella_robusta_jgi70657                                                 8.72%    passed     95.28%
  16  Eukaryota-Apicomplexa-NA-Unranked-NA-Alveolata_sp_MMETSP0288_c13458_g1_i1.p1                                                        11.41%    passed     10.11%
  17  Eukaryota-Arthropoda-Arachnida-Scorpiones-Buthidae-Centruroides_sculpturatus_XP_023231564.1                                          3.36%    passed     97.74%
  18  Eukaryota-Arthropoda-Insecta-Blattodea-Termopsidae-Zootermopsis_nevadensis_XP_021936239.1                                            4.03%    passed     84.71%
  19  Eukaryota-Arthropoda-Insecta-Diptera-Calliphoridae-Lucilia_cuprina_XP_023294584.1                                                    6.04%    passed     30.31%
  20  Eukaryota-Arthropoda-Insecta-Diptera-Drosophilidae-Drosophila_biarmipes_XP_016956232.1                                               4.70%    passed     98.81%
  21  Eukaryota-Arthropoda-Insecta-Hemiptera-Delphacidae-Nilaparvata_lugens_XP_022183910.1                                                 3.36%    passed     76.07%
  22  Eukaryota-Arthropoda-Malacostraca-Decapoda-Penaeidae-Penaeus_vannamei_XP_027218059.1                                                 4.03%    passed     56.86%
  23  Eukaryota-Brachiopoda-Lingulata-Lingulida-Lingulidae-Lingula_anatina_XP_013413792.1                                                  4.70%    passed     99.74%
  24  Eukaryota-Cercozoa-Chlorarachniophyceae-NA-NA-Bigelowiella_longifila_MMETSP1359_c21880_g1_i1.p1                                      5.37%    passed     35.86%
  25  Eukaryota-Cercozoa-Chlorarachniophyceae-NA-NA-Lotharella_amoebiformis_MMETSP0042_c8558_g1_i1.p1                                      6.04%    passed     97.73%
  26  Eukaryota-Chlorophyta-Chlorophyceae-Chlamydomonadales-Chlamydomonadaceae-Chlamydomonas_reinhardtii_XP_001692060.1                   16.78%    passed     64.06%
  27  Eukaryota-Chlorophyta-Chlorophyceae-Chlamydomonadales-Volvocaceae-Volvox_carteri_XP_002949453.1                                     13.42%    passed     72.48%
  28  Eukaryota-Chlorophyta-Mamiellophyceae-Mamiellales-Mamiellaceae-Micromonas_pusilla_MMETSP1403_c5869_g1_i1.p1                          8.72%    failed      1.23%
  29  Eukaryota-Chlorophyta-NA-NA-NA-Mantoniella_antarctica_MMETSP1106_c5064_g1_i1.p1                                                     18.12%    passed     30.03%
  30  Eukaryota-Chlorophyta-NA-NA-NA-Pterosperma_sp_MMETSP1438_c30885_g1_i1.p1                                                             4.70%    passed     97.63%
  31  Eukaryota-Chlorophyta-NA-NA-NA-Tetraselmis_sp_MMETSP0419_c31222_g1_i1.p1                                                            10.74%    passed     94.95%
  32  Eukaryota-Choanoflagellata-Choanoflagellata-Choanoflagellata-Salpingoecidae-Salpingoeca_rosetta_XP_004987884.1                       4.70%    passed     98.18%
  33  Eukaryota-Chordata-Actinopteri-Beloniformes-Adrianichthyidae-Oryzias_melastigma_XP_024152337.1                                       4.70%    passed     83.97%
  34  Eukaryota-Chordata-Mammalia-Cingulata-Dasypodidae-Dasypus_novemcinctus_XP_004451085.1                                                4.70%    passed     77.90%
  35  Eukaryota-Chordata-Mammalia-Lagomorpha-Ochotonidae-Ochotona_princeps_XP_004578589.1                                                  4.70%    passed     66.65%
  36  Eukaryota-Chordata-Mammalia-NA-Camelidae-Camelus_bactrianus_XP_010950406.1                                                           4.70%    passed     87.98%
  37  Eukaryota-Chordata-NA-Squamata-Dactyloidae-Anolis_carolinensis_XP_003215858.1                                                        4.70%    passed     98.87%
  38  Eukaryota-Chordata-NA-Squamata-Viperidae-Protobothrops_mucrosquamatus_XP_015675595.1                                                 4.70%    passed     90.67%
  39  Eukaryota-Chromeraceae-NA-NA-NA-Vitrella_brassicaformis_MMETSP1451_c14389_g1_i1.p1                                                  11.41%    passed     10.11%
  40  Eukaryota-Cnidaria-Anthozoa-Actiniaria-Edwardsiidae-Nematostella_vectensis_XP_001626430.1                                            6.71%    passed     89.33%
  41  Eukaryota-Cnidaria-Anthozoa-Alcyonacea-Nephtheidae-Dendronephthya_gigantea_XP_028401340.1                                            4.70%    passed     99.86%
  42  Eukaryota-Cnidaria-Anthozoa-Scleractinia-Acroporidae-Acropora_millepora_XP_029188268.1                                               6.04%    passed     95.63%
  43  Eukaryota-Cnidaria-Anthozoa-Scleractinia-Merulinidae-Orbicella_faveolata_XP_020630375.1                                              4.70%    passed     93.14%
  44  Eukaryota-Cnidaria-Anthozoa-Scleractinia-Pocilloporidae-Pocillopora_damicornis_XP_027036819.1                                        4.03%    passed     94.66%
  45  Eukaryota-Cnidaria-Anthozoa-Scleractinia-Pocilloporidae-Stylophora_pistillata_XP_022787526.1                                         4.03%    passed     94.45%
  46  Eukaryota-Cryptophyta-NA-Cryptomonadales-NA-Hanusia_phi_MMETSP1048_c17749_g1_i1.p1                                                  12.75%    passed     89.37%
  47  Eukaryota-Cryptophyta-NA-Goniomondales-NA-Goniomonas_pacifica_MMETSP0108_c28613_g1_i1.p1                                             8.72%    passed     96.45%
  48  Eukaryota-Cryptophyta-NA-Pyrenomonadales-Geminigeraceae-Guillardia_theta_MMETSP0046_c11503_g2_i1.p2                                  6.71%    passed     89.07%
  49  Eukaryota-Cryptophyta-NA-Pyrenomonadales-Geminigeraceae-Proteomonas_sulcata_MMETSP1049_c847_g1_i1.p1                                 6.71%    passed     34.97%
  50  Eukaryota-Cryptophyta-NA-Pyrenomonadales-Pyrenomonadaceae-Rhodomonas_lens_MMETSP0484_c58056_g1_i1.p1                                 6.71%    passed     92.73%
  51  Eukaryota-Echinodermata-Asteroidea-Valvatida-Acanthasteridae-Acanthaster_planci_XP_022097960.1                                       4.70%    passed     76.95%
  52  Eukaryota-Echinodermata-Echinoidea-Echinoida-Strongylocentrotidae-Strongylocentrotus_purpuratus_XP_003723869.1                       4.70%    passed     94.72%
  53  Eukaryota-Euglenida-NA-Eutreptiales-NA-Eutreptiella_gymnastica_MMETSP0039_c43616_g1_i1.p2                                           20.81%    passed     31.80%
  54  Eukaryota-Haptophyta-NA-Isochrysidales-Noelaerhabdaceae-Emiliania_huxleyi_MMETSP1157_c32167_g1_i1.p2                                42.95%    passed     16.90%
  55  Eukaryota-Haptophyta-NA-Prymnesiales-NA-Coccolithus_pelagicussspbraarudi_MMETSP0164_c17686_g1_i1.p1                                 23.49%    passed     45.63%
  56  Eukaryota-Haptophyta-NA-Prymnesiales-NA-Gephyrocapsa_oceanica_MMETSP1363_c9196_g5_i1.p1                                              6.04%    failed      3.95%
  57  Eukaryota-Haptophyta-NA-Prymnesiales-NA-Isochrysis_sp_MMETSP1388_c2338_g1_i2.p2                                                      6.04%    failed      0.45%
  58  Eukaryota-Haptophyta-NA-Unranked-NA-Scyphosphaera_apsteinii_MMETSP1333_c46432_g1_i1.p2                                              38.93%    passed     59.18%
  59  Eukaryota-Hemichordata-Enteropneusta-NA-Harrimaniidae-Saccoglossus_kowalevskii_XP_002739152.2                                        4.03%    passed     89.26%
  60  Eukaryota-Mollusca-Bivalvia-Ostreoida-Ostreidae-Crassostrea_virginica_XP_022329301.1                                                 4.03%    passed     27.04%
  61  Eukaryota-Mollusca-Bivalvia-Pectinoida-Pectinidae-Mizuhopecten_yessoensis_XP_021364849.1                                             4.70%    passed     86.68%
  62  Eukaryota-Mollusca-Gastropoda-Aplysiida-Aplysiidae-Aplysia_californica_XP_005110674.1                                                4.03%    passed     81.19%
  63  Eukaryota-Mollusca-Gastropoda-Architaenioglossa-Ampullariidae-Pomacea_canaliculata_XP_025091979.1                                    4.03%    passed     98.35%
  64  Eukaryota-Mollusca-Gastropoda-NA-Lottiidae-Lottia_gigantea_jgi223139                                                                 4.70%    passed     17.50%
  65  Eukaryota-Mollusca-Gastropoda-NA-Planorbidae-Biomphalaria_glabrata_XP_013064821.1                                                    4.03%    passed      7.06%
  66  Eukaryota-Mucoromycota-Glomeromycetes-Glomerales-Glomeraceae-Rhizophagus_irregularis_XP_025177007.1                                  3.36%    failed      0.00%
  67  Eukaryota-Platyhelminthes-Trematoda-Opisthorchiida-Opisthorchiidae-Opisthorchis_viverrini_XP_009171865.1                             3.36%    passed     93.31%
  68  Eukaryota-Priapulida-Priapulimorpha-Priapulimorphida-Priapulidae-Priapulus_caudatus_XP_014663792.1                                   4.03%    passed     95.42%
  69  Eukaryota-Retaria-NA-NA-NA-Elphidium_margaritaceum_MMETSP1385_c11510_g1_i1.p1                                                        2.01%    passed     74.87%
  70  Eukaryota-Retaria-NA-NA-NA-Rosalina_sp_MMETSP0190_c22929_g1_i1.p1                                                                   39.60%    passed     10.72%
  71  Eukaryota-Stramenopiles-Fragilariophyceae-Fragilariales-Fragilariaceae-Asterionellopsis_glacialis_MMETSP0713_c13016_g1_i1.p1         6.04%    passed     94.22%
  72  Eukaryota-Stramenopiles-NA-NA-NA-Corethron_pennatum_MMETSP0169_c19062_g1_i1.p1                                                      10.74%    passed     47.62%
  73  Eukaryota-Stramenopiles-NA-NA-NA-Minutocellus_polymorphus_MMETSP1070_c1038_g1_i1.p1                                                  6.71%    passed     70.55%
  74  Eukaryota-Stramenopiles-NA-NA-NA-Pseudo_australis_MMETSP0139_c20246_g1_i1.p1                                                         4.03%    passed     99.42%
  75  Eukaryota-Stramenopiles-Raphidophyceae-Chattonellales-Chattonellaceae-Chattonella_subsalsa_MMETSP0947_c28202_g1_i1.p1                6.71%    passed     50.26%
  76  Eukaryota-Stramenopiles-Raphidophyceae-Chattonellales-Chattonellaceae-Heterosigma_akashiwo_MMETSP0416_c24075_g1_i1.p1               21.48%    passed     79.63%
  77  Eukaryota-Streptophyta-Liliopsida-Zingiberales-Musaceae-Musa_acuminata_XP_009389170.1                                                3.36%    passed     98.17%
  78  Eukaryota-Streptophyta-Lycopodiopsida-Selaginellales-Selaginellaceae-Selaginella_moellendorffii_XP_024521468.1                       6.04%    passed     20.64%
  79  Eukaryota-Streptophyta-NA-Brassicales-Caricaceae-Carica_papaya_XP_021911479.1                                                        3.36%    passed     74.08%
  80  Eukaryota-Streptophyta-NA-Lamiales-Phrymaceae-Erythranthe_guttata_XP_012827997.1                                                     3.36%    passed     89.85%
  81  Eukaryota-Streptophyta-NA-Malvales-Malvaceae-Durio_zibethinus_XP_022740867.1                                                         3.36%    passed     96.24%
  82  Eukaryota-Streptophyta-NA-Malvales-Malvaceae-Gossypium_raimondii_XP_012487317.1                                                      3.36%    passed     99.21%
  83  MSTRG.15872.1.p1                                                                                                                     5.37%    passed     44.95%
  84  NA-NA-NA-NA-NA-NA_XP_003267317.1                                                                                                     4.70%    passed     97.02%
****  TOTAL                                                                                                                                7.92%  7 sequences failed composition chi2 test (p-value<5%; df=19)
NOTE: Eukaryota-Chromeraceae-NA-NA-NA-Vitrella_brassicaformis_MMETSP1451_c14389_g1_i1.p1 is identical to Eukaryota-Apicomplexa-NA-Unranked-NA-Alveolata_sp_MMETSP0288_c13458_g1_i1.p1 but kept for subsequent analysis


Create initial parsimony tree by phylogenetic likelihood library (PLL)... 0.035 seconds
NOTE: ModelFinder requires 23 MB RAM!
ModelFinder will test 546 protein models (sample size: 149) ...
 No. Model         -LnL         df  AIC          AICc         BIC
Measuring multi-threading efficiency up to 4 CPU cores
Increase to 10 rounds for branch lengths
68 trees examined
Threads: 1 / Time: 4.013 sec / Speedup: 1.000 / Efficiency: 100% / LogL: -19239
Threads: 2 / Time: 2.996 sec / Speedup: 1.339 / Efficiency: 67% / LogL: -19239
Threads: 3 / Time: 3.293 sec / Speedup: 1.219 / Efficiency: 41% / LogL: -19239
BEST NUMBER OF THREADS: 2

  1  Dayhoff       15351.986    165 31033.972    85813.972    31529.623
  2  Dayhoff+I     15037.809    166 30407.617    85851.617    30906.273
  3  Dayhoff+G4    14317.159    166 28966.318    84410.318    29464.973
  4  Dayhoff+I+G4  14293.517    167 28921.034    85033.034    29422.693
  5  Dayhoff+R2    14527.672    167 29389.345    85501.345    29891.004
  6  Dayhoff+R3    14345.710    169 29029.419    86489.419    29537.086
  7  Dayhoff+R4    14293.151    171 28928.302    87752.302    29441.977
  8  Dayhoff+R5    14278.924    173 28903.847    89107.847    29423.530
  9  Dayhoff+R6    14275.271    175 28900.542    90500.542    29426.232
 14  Dayhoff+F     15374.393    184 31116.785    99196.785    31669.511
 15  Dayhoff+F+I   15079.247    185 30528.493    99348.493    31084.223
 16  Dayhoff+F+G4  14349.526    185 29069.052    97889.052    29624.782
 17  Dayhoff+F+I+G4 14325.350    186 29022.701    98586.701    29581.435
 18  Dayhoff+F+R2  14565.890    186 29503.780    99067.780    30062.514
 19  Dayhoff+F+R3  14364.546    188 29105.091    100169.091   29669.833
 20  Dayhoff+F+R4  14334.740    190 29049.480    101629.480   29620.230
 21  Dayhoff+F+R5  14315.517    192 29015.034    103127.034   29591.792
 22  Dayhoff+F+R6  14310.173    194 29008.347    104668.347   29591.112
 23  Dayhoff+F+R7  14309.916    196 29011.832    106235.832   29600.605
 27  mtMAM         17422.583    165 35175.165    89955.165    35670.817
 28  mtMAM+I       17187.078    166 34706.156    90150.156    35204.811
 29  mtMAM+G4      15304.847    166 30941.695    86385.695    31440.350
 30  mtMAM+I+G4    15296.665    167 30927.331    87039.331    31428.990
 31  mtMAM+R2      15664.390    167 31662.779    87774.779    32164.438
 32  mtMAM+R3      15470.521    169 31279.043    88739.043    31786.710
 33  mtMAM+R4      15402.030    171 31146.060    89970.060    31659.735
 34  mtMAM+R5      15287.191    173 30920.382    91124.382    31440.065
 35  mtMAM+R6      15277.604    175 30905.208    92505.208    31430.899
 36  mtMAM+R7      15277.087    177 30908.173    93920.173    31439.872
 40  mtMAM+F       16321.845    184 33011.689    101091.689   33564.415
 41  mtMAM+F+I     16030.984    185 32431.968    101251.968   32987.698
 42  mtMAM+F+G4    14698.958    185 29767.915    98587.915    30323.645
 43  mtMAM+F+I+G4  14684.942    186 29741.885    99305.885    30300.619
 44  mtMAM+F+R2    14984.970    186 30341.939    99905.939    30900.673
 45  mtMAM+F+R3    14788.166    188 29952.332    101016.332   30517.074
 46  mtMAM+F+R4    14731.387    190 29842.774    102422.774   30413.524
 47  mtMAM+F+R5    14685.435    192 29754.870    103866.870   30331.628
 48  mtMAM+F+R6    14669.461    194 29726.922    105386.922   30309.688
 49  mtMAM+F+R7    14668.873    196 29729.747    106953.747   30318.520
 53  JTT           15271.707    165 30873.414    85653.414    31369.065
 54  JTT+I         14979.892    166 30291.784    85735.784    30790.439
 55  JTT+G4        14210.609    166 28753.218    84197.218    29251.873
 56  JTT+I+G4      14202.412    167 28738.824    84850.824    29240.483
 57  JTT+R2        14458.091    167 29250.182    85362.182    29751.841
 58  JTT+R3        14229.705    169 28797.410    86257.410    29305.077
 59  JTT+R4        14196.796    171 28735.592    87559.592    29249.266
 60  JTT+R5        14180.714    173 28707.427    88911.427    29227.110
 61  JTT+R6        14178.317    175 28706.635    90306.635    29232.325
 66  JTT+F         15342.326    184 31052.653    99132.653    31605.379
 67  JTT+F+I       15054.799    185 30479.599    99299.599    31035.329
 68  JTT+F+G4      14294.766    185 28959.532    97779.532    29515.262
 69  JTT+F+I+G4    14281.010    186 28934.020    98498.020    29492.754
 70  JTT+F+R2      14534.078    186 29440.155    99004.155    29998.889
 71  JTT+F+R3      14316.699    188 29009.399    100073.399   29574.141
 72  JTT+F+R4      14283.038    190 28946.076    101526.076   29516.825
 73  JTT+F+R5      14266.544    192 28917.089    103029.089   29493.846
 74  JTT+F+R6      14263.607    194 28915.214    104575.214   29497.979
 79  WAG           15049.282    165 30428.565    85208.565    30924.216
 80  WAG+I         14756.159    166 29844.319    85288.319    30342.974
 81  WAG+G4        14121.660    166 28575.321    84019.321    29073.976
 82  WAG+I+G4      14109.564    167 28553.128    84665.128    29054.787
 83  WAG+R2        14328.054    167 28990.108    85102.108    29491.767
 84  WAG+R3        14125.168    169 28588.335    86048.335    29096.002
 85  WAG+R4        14100.011    171 28542.022    87366.022    29055.697
 86  WAG+R5        14089.754    173 28525.508    88729.508    29045.191
 87  WAG+R6        14087.994    175 28525.989    90125.989    29051.679
 92  WAG+F         15074.203    184 30516.406    98596.406    31069.132
 93  WAG+F+I       14799.262    185 29968.524    98788.524    30524.254
 94  WAG+F+G4      14163.252    185 28696.504    97516.504    29252.234
 95  WAG+F+I+G4    14154.325    186 28680.650    98244.650    29239.384
 96  WAG+F+R2      14373.804    186 29119.608    98683.608    29678.342
 97  WAG+F+R3      14172.559    188 28721.118    99785.118    29285.860
 98  WAG+F+R4      14146.251    190 28672.502    101252.502   29243.252
 99  WAG+F+R5      14131.351    192 28646.703    102758.703   29223.461
100  WAG+F+R6      14130.707    194 28649.414    104309.414   29232.180
105  cpREV         15161.084    165 30652.169    85432.169    31147.820
106  cpREV+I       14888.869    166 30109.738    85553.738    30608.393
107  cpREV+G4      14191.223    166 28714.446    84158.446    29213.101
108  cpREV+I+G4    14182.015    167 28698.029    84810.029    29199.688
109  cpREV+R2      14424.083    167 29182.166    85294.166    29683.825
110  cpREV+R3      14194.819    169 28727.638    86187.638    29235.305
111  cpREV+R4      14174.490    171 28690.980    87514.980    29204.655
112  cpREV+R5      14158.418    173 28662.836    88866.836    29182.518
113  cpREV+R6      14152.649    175 28655.297    90255.297    29180.988
114  cpREV+R7      14152.638    177 28659.276    91671.276    29190.974
118  cpREV+F       15200.554    184 30769.107    98849.107    31321.833
119  cpREV+F+I     14931.987    185 30233.974    99053.974    30789.704
120  cpREV+F+G4    14256.182    185 28882.364    97702.364    29438.094
121  cpREV+F+I+G4  14240.246    186 28852.492    98416.492    29411.226
122  cpREV+F+R2    14474.550    186 29321.100    98885.100    29879.834
123  cpREV+F+R3    14260.406    188 28896.811    99960.811    29461.553
124  cpREV+F+R4    14240.245    190 28860.490    101440.490   29431.240
125  cpREV+F+R5    14219.724    192 28823.448    102935.448   29400.206
126  cpREV+F+R6    14213.390    194 28814.781    104474.781   29397.546
127  cpREV+F+R7    14213.382    196 28818.764    106042.764   29407.538
131  mtREV         16450.621    165 33231.241    88011.241    33726.893
132  mtREV+I       16216.326    166 32764.652    88208.652    33263.307
133  mtREV+G4      15013.673    166 30359.345    85803.345    30858.001
134  mtREV+I+G4    15005.033    167 30344.065    86456.065    30845.724
135  mtREV+R2      15290.072    167 30914.144    87026.144    31415.803
136  mtREV+R3      15064.752    169 30467.504    87927.504    30975.171
137  mtREV+R4      15001.626    171 30345.252    89169.252    30858.927
138  mtREV+R5      14974.615    173 30295.231    90499.231    30814.914
139  mtREV+R6      14970.717    175 30291.435    91891.435    30817.126
144  mtREV+F       15576.430    184 31520.861    99600.861    32073.587
145  mtREV+F+I     15323.214    185 31016.429    99836.429    31572.159
146  mtREV+F+G4    14370.178    185 29110.355    97930.355    29666.086
147  mtREV+F+I+G4  14359.150    186 29090.300    98654.300    29649.034
148  mtREV+F+R2    14617.909    186 29607.817    99171.817    30166.551
149  mtREV+F+R3    14404.764    188 29185.528    100249.528   29750.270
150  mtREV+F+R4    14358.992    190 29097.984    101677.984   29668.734
151  mtREV+F+R5    14339.650    192 29063.300    103175.300   29640.058
152  mtREV+F+R6    14336.053    194 29060.107    104720.107   29642.872
157  rtREV         15106.451    165 30542.903    85322.903    31038.554
158  rtREV+I       14818.358    166 29968.716    85412.716    30467.372
159  rtREV+G4      14111.476    166 28554.952    83998.952    29053.607
160  rtREV+I+G4    14102.597    167 28539.194    84651.194    29040.853
161  rtREV+R2      14331.545    167 28997.090    85109.090    29498.749
162  rtREV+R3      14121.153    169 28580.306    86040.306    29087.972
163  rtREV+R4      14092.364    171 28526.728    87350.728    29040.403
164  rtREV+R5      14075.328    173 28496.655    88700.655    29016.338
165  rtREV+R6      14074.770    175 28499.539    90099.539    29025.230
170  rtREV+F       15081.357    184 30530.714    98610.714    31083.441
171  rtREV+F+I     14817.812    185 30005.625    98825.625    30561.355
172  rtREV+F+G4    14094.855    185 28559.711    97379.711    29115.441
173  rtREV+F+I+G4  14090.462    186 28552.925    98116.925    29111.659
174  rtREV+F+R2    14312.962    186 28997.924    98561.924    29556.658
175  rtREV+F+R3    14106.708    188 28589.416    99653.416    29154.157
176  rtREV+F+R4    14081.436    190 28542.871    101122.871   29113.621
177  rtREV+F+R5    14061.298    192 28506.596    102618.596   29083.354
178  rtREV+F+R6    14060.740    194 28509.481    104169.481   29092.246
183  mtART         16994.955    165 34319.910    89099.910    34815.561
184  mtART+I       16719.168    166 33770.336    89214.336    34268.991
185  mtART+G4      15016.466    166 30364.932    85808.932    30863.587
186  mtART+I+G4    15005.646    167 30345.292    86457.292    30846.951
187  mtART+R2      15356.561    167 31047.122    87159.122    31548.781
188  mtART+R3      15132.875    169 30603.750    88063.750    31111.417
189  mtART+R4      15046.358    171 30434.716    89258.716    30948.391
190  mtART+R5      14994.834    173 30335.668    90539.668    30855.350
191  mtART+R6      14989.707    175 30329.414    91929.414    30855.104
192  mtART+R7      14975.525    177 30305.051    93317.051    30836.749
193  mtART+R8      14975.512    179 30309.023    94749.023    30846.729
196  mtART+F       16102.300    184 32572.600    100652.600   33125.326
197  mtART+F+I     15822.363    185 32014.726    100834.726   32570.456
198  mtART+F+G4    14522.156    185 29414.312    98234.312    29970.042
199  mtART+F+I+G4  14509.725    186 29391.451    98955.451    29950.185
200  mtART+F+R2    14799.243    186 29970.486    99534.486    30529.220
201  mtART+F+R3    14597.025    188 29570.050    100634.050   30134.792
202  mtART+F+R4    14528.571    190 29437.143    102017.143   30007.893
203  mtART+F+R5    14496.174    192 29376.348    103488.348   29953.106
204  mtART+F+R6    14491.042    194 29370.084    105030.084   29952.850
205  mtART+F+R7    14479.018    196 29350.037    106574.037   29938.810
206  mtART+F+R8    14479.011    198 29354.023    108158.023   29948.804
209  mtZOA         16351.225    165 33032.451    87812.451    33528.102
210  mtZOA+I       16096.302    166 32524.604    87968.604    33023.259
211  mtZOA+G4      14653.213    166 29638.425    85082.425    30137.080
212  mtZOA+I+G4    14642.755    167 29619.509    85731.509    30121.168
213  mtZOA+R2      14947.324    167 30228.648    86340.648    30730.307
214  mtZOA+R3      14739.872    169 29817.744    87277.744    30325.411
215  mtZOA+R4      14661.027    171 29664.054    88488.054    30177.729
216  mtZOA+R5      14634.504    173 29615.008    89819.008    30134.691
217  mtZOA+R6      14630.281    175 29610.562    91210.562    30136.253
222  mtZOA+F       15709.418    184 31786.835    99866.835    32339.561
223  mtZOA+F+I     15445.924    185 31261.849    100081.849   31817.579
224  mtZOA+F+G4    14372.161    185 29114.321    97934.321    29670.051
225  mtZOA+F+I+G4  14351.378    186 29074.755    98638.755    29633.489
226  mtZOA+F+R2    14616.305    186 29604.611    99168.611    30163.345
227  mtZOA+F+R3    14413.254    188 29202.508    100266.508   29767.250
228  mtZOA+F+R4    14358.896    190 29097.792    101677.792   29668.542
229  mtZOA+F+R5    14332.866    192 29049.731    103161.731   29626.489
230  mtZOA+F+R6    14330.834    194 29049.668    104709.668   29632.434
235  VT            15077.537    165 30485.073    85265.073    30980.725
236  VT+I          14794.132    166 29920.264    85364.264    30418.919
237  VT+G4         14145.481    166 28622.963    84066.963    29121.618
238  VT+I+G4       14136.077    167 28606.154    84718.154    29107.813
239  VT+R2         14357.005    167 29048.010    85160.010    29549.669
240  VT+R3         14153.187    169 28644.374    86104.374    29152.041
241  VT+R4         14126.522    171 28595.044    87419.044    29108.719
242  VT+R5         14118.567    173 28583.134    88787.134    29102.817
243  VT+R6         14118.116    175 28586.233    90186.233    29111.924
248  VT+F          15119.738    184 30607.476    98687.476    31160.202
249  VT+F+I        14850.780    185 30071.559    98891.559    30627.289
250  VT+F+G4       14209.971    185 28789.943    97609.943    29345.673
251  VT+F+I+G4     14201.913    186 28775.827    98339.827    29334.561
252  VT+F+R2       14422.272    186 29216.543    98780.543    29775.277
253  VT+F+R3       14221.014    188 28818.028    99882.028    29382.770
254  VT+F+R4       14193.548    190 28767.096    101347.096   29337.845
255  VT+F+R5       14183.803    192 28751.606    102863.606   29328.363
256  VT+F+R6       14183.332    194 28754.664    104414.664   29337.429
261  LG            15029.324    165 30388.648    85168.648    30884.299
262  LG+I          14743.708    166 29819.417    85263.417    30318.072
263  LG+G4         13990.441    166 28312.883    83756.883    28811.538
264  LG+I+G4       13984.398    167 28302.796    84414.796    28804.455
265  LG+R2         14235.621    167 28805.242    84917.242    29306.901
266  LG+R3         14007.298    169 28352.596    85812.596    28860.263
267  LG+R4         13976.654    171 28295.309    87119.309    28808.983
268  LG+R5         13960.734    173 28267.469    88471.469    28787.151
269  LG+R6         13958.743    175 28267.487    89867.487    28793.177
274  LG+F          15069.546    184 30507.092    98587.092    31059.818
275  LG+F+I        14807.209    185 29984.418    98804.418    30540.148
276  LG+F+G4       14056.893    185 28483.786    97303.786    29039.516
277  LG+F+I+G4     14051.567    186 28475.135    98039.135    29033.869
278  LG+F+R2       14277.072    186 28926.145    98490.145    29484.879
279  LG+F+R3       14072.145    188 28520.289    99584.289    29085.031
280  LG+F+R4       14044.957    190 28469.915    101049.915   29040.664
281  LG+F+R5       14025.096    192 28434.191    102546.191   29010.949
282  LG+F+R6       14024.161    194 28436.323    104096.323   29019.088
287  DCMut         15352.119    165 31034.239    85814.239    31529.890
288  DCMut+I       15037.949    166 30407.898    85851.898    30906.554
289  DCMut+G4      14318.885    166 28969.770    84413.770    29468.425
290  DCMut+I+G4    14295.299    167 28924.597    85036.597    29426.256
291  DCMut+R2      14528.051    167 29390.102    85502.102    29891.761
292  DCMut+R3      14329.183    169 28996.365    86456.365    29504.032
293  DCMut+R4      14293.416    171 28928.832    87752.832    29442.507
294  DCMut+R5      14277.495    173 28900.990    89104.990    29420.673
295  DCMut+R6      14273.354    175 28896.708    90496.708    29422.398
300  DCMut+F       15374.119    184 31116.237    99196.237    31668.963
301  DCMut+F+I     15079.027    185 30528.055    99348.055    31083.785
302  DCMut+F+G4    14350.506    185 29071.013    97891.013    29626.743
303  DCMut+F+I+G4  14326.554    186 29025.108    98589.108    29583.842
304  DCMut+F+R2    14567.011    186 29506.021    99070.021    30064.755
305  DCMut+F+R3    14364.477    188 29104.955    100168.955   29669.697
306  DCMut+F+R4    14333.626    190 29047.251    101627.251   29618.001
307  DCMut+F+R5    14314.922    192 29013.844    103125.844   29590.602
308  DCMut+F+R6    14309.707    194 29007.414    104667.414   29590.180
309  DCMut+F+R7    14308.970    196 29009.941    106233.941   29598.714
313  PMB           15127.599    165 30585.198    85365.198    31080.849
314  PMB+I         14841.407    166 30014.813    85458.813    30513.469
315  PMB+G4        14205.087    166 28742.173    84186.173    29240.828
316  PMB+I+G4      14195.199    167 28724.398    84836.398    29226.057
317  PMB+R2        14430.554    167 29195.108    85307.108    29696.767
318  PMB+R3        14211.952    169 28761.904    86221.904    29269.571
319  PMB+R4        14186.887    171 28715.775    87539.775    29229.449
320  PMB+R5        14179.207    173 28704.414    88908.414    29224.096
321  PMB+R6        14179.017    175 28708.034    90308.034    29233.725
326  PMB+F         15210.813    184 30789.626    98869.626    31342.352
327  PMB+F+I       14937.520    185 30245.039    99065.039    30800.769
328  PMB+F+G4      14302.153    185 28974.305    97794.305    29530.035
329  PMB+F+I+G4    14293.605    186 28959.210    98523.210    29517.944
330  PMB+F+R2      14523.157    186 29418.314    98982.314    29977.048
331  PMB+F+R3      14309.333    188 28994.666    100058.666   29559.408
332  PMB+F+R4      14286.185    190 28952.370    101532.370   29523.120
333  PMB+F+R5      14276.373    192 28936.746    103048.746   29513.504
334  PMB+F+R6      14276.255    194 28940.511    104600.511   29523.276
339  HIVb          15880.795    165 32091.591    86871.591    32587.242
340  HIVb+I        15513.049    166 31358.097    86802.097    31856.752
341  HIVb+G4       14457.805    166 29247.611    84691.611    29746.266
342  HIVb+I+G4     14450.389    167 29234.779    85346.779    29736.438
343  HIVb+R2       14830.540    167 29995.081    86107.081    30496.740
344  HIVb+R3       14488.485    169 29314.970    86774.970    29822.637
345  HIVb+R4       14445.368    171 29232.735    88056.735    29746.410
346  HIVb+R5       14425.838    173 29197.676    89401.676    29717.359
347  HIVb+R6       14423.075    175 29196.150    90796.150    29721.840
352  HIVb+F        15971.216    184 32310.432    100390.432   32863.158
353  HIVb+F+I      15612.589    185 31595.179    100415.179   32150.909
354  HIVb+F+G4     14555.274    185 29480.548    98300.548    30036.278
355  HIVb+F+I+G4   14546.396    186 29464.792    99028.792    30023.526
356  HIVb+F+R2     14901.307    186 30174.614    99738.614    30733.348
357  HIVb+F+R3     14586.424    188 29548.848    100612.848   30113.589
358  HIVb+F+R4     14545.029    190 29470.058    102050.058   30040.808
359  HIVb+F+R5     14523.227    192 29430.455    103542.455   30007.212
360  HIVb+F+R6     14518.385    194 29424.770    105084.770   30007.535
365  HIVw          16590.576    165 33511.152    88291.152    34006.803
366  HIVw+I        16220.470    166 32772.940    88216.940    33271.595
367  HIVw+G4       15269.000    166 30870.000    86314.000    31368.655
368  HIVw+I+G4     15247.970    167 30829.941    86941.941    31331.600
369  HIVw+R2       15596.569    167 31527.138    87639.138    32028.797
370  HIVw+R3       15301.131    169 30940.263    88400.263    31447.929
371  HIVw+R4       15257.080    171 30856.159    89680.159    31369.834
372  HIVw+R5       15222.726    173 30791.452    90995.452    31311.135
373  HIVw+R6       15220.903    175 30791.806    92391.806    31317.496
378  HIVw+F        16572.528    184 33513.055    101593.055   34065.781
379  HIVw+F+I      16168.453    185 32706.906    101526.906   33262.636
380  HIVw+F+G4     15179.289    185 30728.578    99548.578    31284.308
381  HIVw+F+I+G4   15142.560    186 30657.120    100221.120   31215.854
382  HIVw+F+R2     15521.873    186 31415.747    100979.747   31974.481
383  HIVw+F+R3     15218.642    188 30813.284    101877.284   31378.026
384  HIVw+F+R4     15171.042    190 30722.083    103302.083   31292.833
385  HIVw+F+R5     15131.249    192 30646.498    104758.498   31223.256
386  HIVw+F+R6     15129.343    194 30646.686    106306.686   31229.452
391  JTTDCMut      15267.375    165 30864.750    85644.750    31360.401
392  JTTDCMut+I    14977.846    166 30287.691    85731.691    30786.346
393  JTTDCMut+G4   14211.664    166 28755.329    84199.329    29253.984
394  JTTDCMut+I+G4 14203.290    167 28740.581    84852.581    29242.240
395  JTTDCMut+R2   14457.976    167 29249.952    85361.952    29751.611
396  JTTDCMut+R3   14228.188    169 28794.376    86254.376    29302.043
397  JTTDCMut+R4   14196.074    171 28734.148    87558.148    29247.823
398  JTTDCMut+R5   14180.468    173 28706.935    88910.935    29226.618
399  JTTDCMut+R6   14179.308    175 28708.616    90308.616    29234.306
404  JTTDCMut+F    15338.695    184 31045.390    99125.390    31598.116
405  JTTDCMut+F+I  15053.873    185 30477.746    99297.746    31033.476
406  JTTDCMut+F+G4 14294.320    185 28958.640    97778.640    29514.370
407  JTTDCMut+F+I+G4 14280.327    186 28932.655    98496.655    29491.389
408  JTTDCMut+F+R2 14531.985    186 29435.971    98999.971    29994.705
409  JTTDCMut+F+R3 14315.094    188 29006.189    100070.189   29570.931
410  JTTDCMut+F+R4 14281.564    190 28943.128    101523.128   29513.877
411  JTTDCMut+F+R5 14265.452    192 28914.903    103026.903   29491.661
412  JTTDCMut+F+R6 14262.816    194 28913.633    104573.633   29496.398
417  FLU           15757.802    165 31845.604    86625.604    32341.255
418  FLU+I         15417.013    166 31166.025    86610.025    31664.681
419  FLU+G4        14524.986    166 29381.973    84825.973    29880.628
420  FLU+I+G4      14519.144    167 29372.287    85484.287    29873.946
421  FLU+R2        14827.169    167 29988.338    86100.338    30489.997
422  FLU+R3        14553.361    169 29444.722    86904.722    29952.389
423  FLU+R4        14513.286    171 29368.572    88192.572    29882.247
424  FLU+R5        14493.803    173 29333.606    89537.606    29853.288
425  FLU+R6        14491.854    175 29333.709    90933.709    29859.399
430  FLU+F         15865.959    184 32099.919    100179.919   32652.645
431  FLU+F+I       15514.700    185 31399.400    100219.400   31955.131
432  FLU+F+G4      14597.673    185 29565.346    98385.346    30121.076
433  FLU+F+I+G4    14586.890    186 29545.781    99109.781    30104.515
434  FLU+F+R2      14882.780    186 30137.560    99701.560    30696.294
435  FLU+F+R3      14632.621    188 29641.241    100705.241   30205.983
436  FLU+F+R4      14588.394    190 29556.787    102136.787   30127.537
437  FLU+F+R5      14568.303    192 29520.606    103632.606   30097.364
438  FLU+F+R6      14564.582    194 29517.164    105177.164   30099.929
443  Blosum62      15090.475    165 30510.949    85290.949    31006.601
444  Blosum62+I    14811.873    166 29955.745    85399.745    30454.400
445  Blosum62+G4   14177.915    166 28687.831    84131.831    29186.486
446  Blosum62+I+G4 14169.104    167 28672.208    84784.208    29173.867
447  Blosum62+R2   14391.416    167 29116.833    85228.833    29618.492
448  Blosum62+R3   14179.049    169 28696.099    86156.099    29203.766
449  Blosum62+R4   14157.948    171 28657.895    87481.895    29171.570
450  Blosum62+R5   14149.544    173 28645.088    88849.088    29164.771
451  Blosum62+R6   14149.541    175 28649.082    90249.082    29174.773
456  Blosum62+F    15162.163    184 30692.326    98772.326    31245.052
457  Blosum62+F+I  14895.007    185 30160.015    98980.015    30715.745
458  Blosum62+F+G4 14269.062    185 28908.125    97728.125    29463.855
459  Blosum62+F+I+G4 14261.809    186 28895.618    98459.618    29454.352
460  Blosum62+F+R2 14480.143    186 29332.285    98896.285    29891.019
461  Blosum62+F+R3 14270.931    188 28917.863    99981.863    29482.605
462  Blosum62+F+R4 14250.896    190 28881.791    101461.791   29452.541
463  Blosum62+F+R5 14240.683    192 28865.366    102977.366   29442.124
464  Blosum62+F+R6 14240.675    194 28869.350    104529.350   29452.116
469  mtMet         16479.980    165 33289.959    88069.959    33785.610
470  mtMet+I       16233.763    166 32799.527    88243.527    33298.182
471  mtMet+G4      14916.066    166 30164.131    85608.131    30662.786
472  mtMet+I+G4    14903.267    167 30140.533    86252.533    30642.192
473  mtMet+R2      15199.029    167 30732.059    86844.059    31233.718
474  mtMet+R3      14985.014    169 30308.028    87768.028    30815.695
475  mtMet+R4      14908.380    171 30158.760    88982.760    30672.434
476  mtMet+R5      14887.637    173 30121.273    90325.273    30640.956
477  mtMet+R6      14887.362    175 30124.725    91724.725    30650.416
482  mtMet+F       15744.029    184 31856.058    99936.058    32408.784
483  mtMet+F+I     15467.992    185 31305.983    100125.983   31861.713
484  mtMet+F+G4    14418.774    185 29207.547    98027.547    29763.277
485  mtMet+F+I+G4  14411.084    186 29194.167    98758.167    29752.901
486  mtMet+F+R2    14677.563    186 29727.126    99291.126    30285.860
487  mtMet+F+R3    14455.796    188 29287.592    100351.592   29852.334
488  mtMet+F+R4    14415.936    190 29211.872    101791.872   29782.622
489  mtMet+F+R5    14385.374    192 29154.748    103266.748   29731.506
490  mtMet+F+R6    14385.160    194 29158.320    104818.320   29741.085
495  mtVer         16919.702    165 34169.403    88949.403    34665.054
496  mtVer+I       16661.655    166 33655.310    89099.310    34153.965
497  mtVer+G4      15156.213    166 30644.426    86088.426    31143.082
498  mtVer+I+G4    15144.048    167 30622.097    86734.097    31123.756
499  mtVer+R2      15443.396    167 31220.792    87332.792    31722.451
500  mtVer+R3      15208.537    169 30755.073    88215.073    31262.740
501  mtVer+R4      15157.203    171 30656.406    89480.406    31170.081
502  mtVer+R5      15124.261    173 30594.521    90798.521    31114.204
503  mtVer+R6      15124.110    175 30598.220    92198.220    31123.911
508  mtVer+F       16116.358    184 32600.715    100680.715   33153.441
509  mtVer+F+I     15794.622    185 31959.243    100779.243   32514.973
510  mtVer+F+G4    14656.960    185 29683.920    98503.920    30239.650
511  mtVer+F+I+G4  14649.248    186 29670.496    99234.496    30229.230
512  mtVer+F+R2    14939.400    186 30250.801    99814.801    30809.535
513  mtVer+F+R3    14693.688    188 29763.377    100827.377   30328.119
514  mtVer+F+R4    14660.621    190 29701.242    102281.242   30271.992
515  mtVer+F+R5    14627.605    192 29639.210    103751.210   30215.968
516  mtVer+F+R6    14627.349    194 29642.699    105302.699   30225.464
521  mtInv         16351.738    165 33033.476    87813.476    33529.128
522  mtInv+I       16093.105    166 32518.209    87962.209    33016.865
523  mtInv+G4      14931.630    166 30195.261    85639.261    30693.916
524  mtInv+I+G4    14916.480    167 30166.961    86278.961    30668.620
525  mtInv+R2      15201.075    167 30736.150    86848.150    31237.810
526  mtInv+R3      14983.564    169 30305.129    87765.129    30812.795
527  mtInv+R4      14917.354    171 30176.709    89000.709    30690.383
528  mtInv+R5      14887.992    173 30121.985    90325.985    30641.667
529  mtInv+R6      14887.867    175 30125.734    91725.734    30651.425
534  mtInv+F       15506.186    184 31380.372    99460.372    31933.098
535  mtInv+F+I     15233.235    185 30836.469    99656.469    31392.200
536  mtInv+F+G4    14319.620    185 29009.240    97829.240    29564.970
537  mtInv+F+I+G4  14306.491    186 28984.983    98548.983    29543.717
538  mtInv+F+R2    14567.025    186 29506.050    99070.050    30064.784
539  mtInv+F+R3    14349.032    188 29074.064    100138.064   29638.806
540  mtInv+F+R4    14309.731    190 28999.461    101579.461   29570.211
541  mtInv+F+R5    14281.476    192 28946.952    103058.952   29523.710
542  mtInv+F+R6    14281.452    194 28950.903    104610.903   29533.669
Akaike Information Criterion:           LG+R5
Corrected Akaike Information Criterion: LG+G4
Bayesian Information Criterion:         LG+R5
Best-fit model: LG+R5 chosen according to BIC

All model information printed to K06928.blastp_ALL.outfmt6.parsed.filtered.uniq.faa.mafft.aln.trimal1.model.gz
CPU time for ModelFinder: 789.565 seconds (0h:13m:9s)
Wall-clock time for ModelFinder: 236.014 seconds (0h:3m:56s)
Generating 2000 samples for ultrafast bootstrap (seed: 980390)...

NOTE: 12 MB RAM (0 GB) is required!
Measuring multi-threading efficiency up to 4 CPU cores
Increase to 10 rounds for branch lengths
14 trees examined
Threads: 1 / Time: 4.028 sec / Speedup: 1.000 / Efficiency: 100% / LogL: -16966
Threads: 2 / Time: 2.754 sec / Speedup: 1.463 / Efficiency: 73% / LogL: -16966
Threads: 3 / Time: 2.871 sec / Speedup: 1.403 / Efficiency: 47% / LogL: -16966
BEST NUMBER OF THREADS: 2

Estimate model parameters (epsilon = 0.100)
1. Initial log-likelihood: -14001.331
2. Current log-likelihood: -13984.146
3. Current log-likelihood: -13980.767
4. Current log-likelihood: -13978.373
5. Current log-likelihood: -13976.370
6. Current log-likelihood: -13974.694
7. Current log-likelihood: -13973.242
8. Current log-likelihood: -13971.962
9. Current log-likelihood: -13970.824
10. Current log-likelihood: -13969.807
11. Current log-likelihood: -13969.097
12. Current log-likelihood: -13968.482
13. Current log-likelihood: -13968.095
14. Current log-likelihood: -13967.676
15. Current log-likelihood: -13967.551
16. Current log-likelihood: -13967.416
17. Current log-likelihood: -13967.256
18. Current log-likelihood: -13967.155
19. Current log-likelihood: -13967.032
Optimal log-likelihood: -13966.950
Site proportion and rates:  (0.208,0.065) (0.101,0.290) (0.293,0.671) (0.225,1.512) (0.173,2.430)
Parameters optimization took 19 rounds (4.966 sec)
Computing ML distances based on estimated model parameters... 2.733 sec
Computing BIONJ tree...
0.004 seconds
Log-likelihood of BIONJ tree: -13918.104
--------------------------------------------------------------------
|             INITIALIZING CANDIDATE TREE SET                      |
--------------------------------------------------------------------
Generating 98 parsimony trees... 2.206 second
Computing log-likelihood of 98 initial trees ... 6.179 seconds
Current best score: -13913.643

Do NNI search on 20 best initial trees
Estimate model parameters (epsilon = 0.100)
BETTER TREE FOUND at iteration 1: -13881.097
Estimate model parameters (epsilon = 0.100)
BETTER TREE FOUND at iteration 2: -13855.374
Iteration 10 / LogL: -13859.547 / Time: 0h:0m:36s
Estimate model parameters (epsilon = 0.100)
BETTER TREE FOUND at iteration 18: -13852.390
Iteration 20 / LogL: -13909.707 / Time: 0h:0m:43s
Finish initializing candidate tree set (20)
Current best tree score: -13852.390 / CPU time: 27.339
Number of iterations: 20
--------------------------------------------------------------------
|               OPTIMIZING CANDIDATE TREE SET                      |
--------------------------------------------------------------------
Estimate model parameters (epsilon = 0.100)
BETTER TREE FOUND at iteration 22: -13851.740
Estimate model parameters (epsilon = 0.100)
BETTER TREE FOUND at iteration 23: -13847.699
Estimate model parameters (epsilon = 0.100)
BETTER TREE FOUND at iteration 29: -13846.805
Iteration 30 / LogL: -13852.977 / Time: 0h:0m:50s (0h:2m:52s left)
Estimate model parameters (epsilon = 0.100)
BETTER TREE FOUND at iteration 35: -13845.249
Iteration 40 / LogL: -13847.588 / Time: 0h:0m:57s (0h:2m:19s left)
Iteration 50 / LogL: -13847.222 / Time: 0h:1m:4s (0h:1m:51s left)
Log-likelihood cutoff on original alignment: -13897.120
Estimate model parameters (epsilon = 0.100)
BETTER TREE FOUND at iteration 51: -13843.904
Estimate model parameters (epsilon = 0.100)
BETTER TREE FOUND at iteration 59: -13843.488
Iteration 60 / LogL: -13843.831 / Time: 0h:1m:12s (0h:2m:1s left)
Estimate model parameters (epsilon = 0.100)
BETTER TREE FOUND at iteration 63: -13841.344
Iteration 70 / LogL: -13845.249 / Time: 0h:1m:23s (0h:1m:52s left)
Iteration 80 / LogL: -13843.397 / Time: 0h:1m:30s (0h:1m:34s left)
Estimate model parameters (epsilon = 0.100)
BETTER TREE FOUND at iteration 83: -13841.014
Iteration 90 / LogL: -13841.304 / Time: 0h:1m:37s (0h:1m:41s left)
Estimate model parameters (epsilon = 0.100)
BETTER TREE FOUND at iteration 97: -13840.880
Estimate model parameters (epsilon = 0.100)
BETTER TREE FOUND at iteration 99: -13840.791
Iteration 100 / LogL: -13875.500 / Time: 0h:1m:44s (0h:1m:44s left)
Log-likelihood cutoff on original alignment: -13894.436
NOTE: Bootstrap correlation coefficient of split occurrence frequencies: 0.980
NOTE: UFBoot does not converge, continue at least 100 more iterations
Estimate model parameters (epsilon = 0.100)
BETTER TREE FOUND at iteration 103: -13840.343
Iteration 110 / LogL: -13847.436 / Time: 0h:1m:51s (0h:1m:35s left)
UPDATE BEST LOG-LIKELIHOOD: -13840.338
BETTER TREE FOUND at iteration 114: -13840.338
Estimate model parameters (epsilon = 0.100)
BETTER TREE FOUND at iteration 117: -13839.919
Estimate model parameters (epsilon = 0.100)
BETTER TREE FOUND at iteration 119: -13837.834
Iteration 120 / LogL: -13841.094 / Time: 0h:2m:6s (0h:1m:44s left)
Estimate model parameters (epsilon = 0.100)
BETTER TREE FOUND at iteration 127: -13837.579
Iteration 130 / LogL: -13850.197 / Time: 0h:2m:12s (0h:1m:39s left)
BETTER TREE FOUND at iteration 133: -13837.575
Iteration 140 / LogL: -13848.443 / Time: 0h:2m:18s (0h:1m:32s left)
Iteration 150 / LogL: -13844.948 / Time: 0h:2m:25s (0h:1m:20s left)
Log-likelihood cutoff on original alignment: -13894.436
Estimate model parameters (epsilon = 0.100)
BETTER TREE FOUND at iteration 156: -13836.982
Iteration 160 / LogL: -13837.802 / Time: 0h:2m:32s (0h:1m:32s left)
Iteration 170 / LogL: -13838.964 / Time: 0h:2m:39s (0h:1m:20s left)
Estimate model parameters (epsilon = 0.100)
BETTER TREE FOUND at iteration 179: -13836.922
Iteration 180 / LogL: -13843.964 / Time: 0h:2m:45s (0h:1m:31s left)
Iteration 190 / LogL: -13839.444 / Time: 0h:2m:52s (0h:1m:21s left)
Iteration 200 / LogL: -13837.508 / Time: 0h:2m:58s (0h:1m:11s left)
Log-likelihood cutoff on original alignment: -13894.436
NOTE: Bootstrap correlation coefficient of split occurrence frequencies: 0.976
NOTE: UFBoot does not converge, continue at least 100 more iterations
UPDATE BEST LOG-LIKELIHOOD: -13836.919
Iteration 210 / LogL: -13837.157 / Time: 0h:3m:6s (0h:1m:20s left)
Iteration 220 / LogL: -13839.853 / Time: 0h:3m:13s (0h:1m:10s left)
Iteration 230 / LogL: -13842.628 / Time: 0h:3m:19s (0h:1m:1s left)
UPDATE BEST LOG-LIKELIHOOD: -13836.919
Iteration 240 / LogL: -13836.944 / Time: 0h:3m:26s (0h:0m:51s left)
Iteration 250 / LogL: -13836.944 / Time: 0h:3m:33s (0h:0m:42s left)
Log-likelihood cutoff on original alignment: -13894.436
Iteration 260 / LogL: -13837.305 / Time: 0h:3m:39s (0h:0m:33s left)
Iteration 270 / LogL: -13840.173 / Time: 0h:3m:46s (0h:0m:25s left)
Iteration 280 / LogL: -13838.130 / Time: 0h:3m:59s (0h:0m:17s left)
Iteration 290 / LogL: -13837.642 / Time: 0h:4m:10s (0h:0m:8s left)
Iteration 300 / LogL: -13845.316 / Time: 0h:4m:19s (0h:0m:0s left)
Log-likelihood cutoff on original alignment: -13894.436
NOTE: Bootstrap correlation coefficient of split occurrence frequencies: 0.993
TREE SEARCH COMPLETED AFTER 300 ITERATIONS / Time: 0h:4m:19s

--------------------------------------------------------------------
|                    FINALIZING TREE SEARCH                        |
--------------------------------------------------------------------
Performs final model parameters optimization
Estimate model parameters (epsilon = 0.010)
1. Initial log-likelihood: -13836.919
2. Current log-likelihood: -13836.899
3. Current log-likelihood: -13836.869
4. Current log-likelihood: -13836.841
5. Current log-likelihood: -13836.815
6. Current log-likelihood: -13836.789
7. Current log-likelihood: -13836.766
8. Current log-likelihood: -13836.749
9. Current log-likelihood: -13836.733
10. Current log-likelihood: -13836.718
11. Current log-likelihood: -13836.704
12. Current log-likelihood: -13836.690
13. Current log-likelihood: -13836.676
14. Current log-likelihood: -13836.663
15. Current log-likelihood: -13836.650
16. Current log-likelihood: -13836.638
17. Current log-likelihood: -13836.626
18. Current log-likelihood: -13836.615
Optimal log-likelihood: -13836.599
Site proportion and rates:  (0.197,0.040) (0.100,0.254) (0.316,0.659) (0.273,1.624) (0.114,2.774)
Parameters optimization took 18 rounds (4.036 sec)
BEST SCORE FOUND : -13836.599
Creating bootstrap support values...
Split supports printed to NEXUS file K06928.blastp_ALL.outfmt6.parsed.filtered.uniq.faa.mafft.aln.trimal1.splits.nex
Total tree length: 38.540

Total number of iterations: 300
CPU time used for tree search: 452.624 sec (0h:7m:32s)
Wall-clock time used for tree search: 243.551 sec (0h:4m:3s)
Total CPU time used: 492.875 sec (0h:8m:12s)
Total wall-clock time used: 264.212 sec (0h:4m:24s)

Computing bootstrap consensus tree...
Reading input file K06928.blastp_ALL.outfmt6.parsed.filtered.uniq.faa.mafft.aln.trimal1.splits.nex...
84 taxa and 1029 splits.
Consensus tree written to K06928.blastp_ALL.outfmt6.parsed.filtered.uniq.faa.mafft.aln.trimal1.contree
Reading input trees file K06928.blastp_ALL.outfmt6.parsed.filtered.uniq.faa.mafft.aln.trimal1.contree
Log-likelihood of consensus tree: -13837.677

Analysis results written to: 
  IQ-TREE report:                K06928.blastp_ALL.outfmt6.parsed.filtered.uniq.faa.mafft.aln.trimal1.iqtree
  Maximum-likelihood tree:       K06928.blastp_ALL.outfmt6.parsed.filtered.uniq.faa.mafft.aln.trimal1.treefile
  Likelihood distances:          K06928.blastp_ALL.outfmt6.parsed.filtered.uniq.faa.mafft.aln.trimal1.mldist

Ultrafast bootstrap approximation results written to:
  Split support values:          K06928.blastp_ALL.outfmt6.parsed.filtered.uniq.faa.mafft.aln.trimal1.splits.nex
  Consensus tree:                K06928.blastp_ALL.outfmt6.parsed.filtered.uniq.faa.mafft.aln.trimal1.contree
  Screen log file:               K06928.blastp_ALL.outfmt6.parsed.filtered.uniq.faa.mafft.aln.trimal1.log

Date and Time: Wed Oct 13 09:54:09 2021
