IQ-TREE multicore version 1.6.12 for Linux 64-bit built Aug 15 2019
Developed by Bui Quang Minh, Nguyen Lam Tung, Olga Chernomor,
Heiko Schmidt, Dominik Schrempf, Michael Woodhams.

Host:    coral (AVX512, FMA3, 376 GB RAM)
Command: /home/timothy/programs/iqtree-1.6.12-Linux/bin/iqtree -s K09913.blastp_ALL.outfmt6.parsed.filtered.uniq.faa.mafft.aln.trimal1 -nt AUTO -ntmax 4 -m MFP -bb 2000 -nm 2000 -quiet
Seed:    561220 (Using SPRNG - Scalable Parallel Random Number Generator)
Time:    Wed Oct 13 09:51:01 2021
Kernel:  AVX+FMA - auto-detect threads (96 CPU cores detected)

Reading alignment file K09913.blastp_ALL.outfmt6.parsed.filtered.uniq.faa.mafft.aln.trimal1 ... Fasta format detected
Alignment most likely contains protein sequences
Alignment has 88 sequences with 88 columns, 87 distinct patterns
74 parsimony-informative, 4 singleton sites, 10 constant sites
                                                                                                                                  Gap/Ambiguity  Composition  p-value
   1  Archaea-Euryarchaeota-Halobacteria-Natrialbales-Natrialbaceae-Natronorubrum_texcoconense_WP_090309625.1                             7.95%    passed     61.32%
   2  Bacteria-Actinobacteria-Actinobacteria-Corynebacteriales-Gordoniaceae-Gordonia_alkanivorans_WP_127962998.1                          5.68%    passed     82.31%
   3  Bacteria-Actinobacteria-Actinobacteria-Corynebacteriales-Gordoniaceae-NA_WP_006357233.1                                             5.68%    passed     87.60%
   4  Bacteria-Actinobacteria-Actinobacteria-Corynebacteriales-NA-NA_WP_063014479.1                                                       5.68%    passed     96.26%
   5  Bacteria-Actinobacteria-Actinobacteria-Corynebacteriales-Nocardiaceae-NA_WP_063023020.1                                             5.68%    passed     99.02%
   6  Bacteria-Actinobacteria-Actinobacteria-Corynebacteriales-Nocardiaceae-Nocardia_inohanensis_WP_067813928.1                           5.68%    passed     99.68%
   7  Bacteria-Actinobacteria-Actinobacteria-Corynebacteriales-Nocardiaceae-Nocardia_otitidiscaviarum_WP_143981584.1                      5.68%    passed     99.95%
   8  Bacteria-Actinobacteria-Actinobacteria-Corynebacteriales-Nocardiaceae-Rhodococcus_sp._SAORIC690_WP_105029517.1                      6.82%    passed     99.57%
   9  Bacteria-Actinobacteria-Actinobacteria-Propionibacteriales-Nocardioidaceae-Marmoricola_ginsengisoli_WP_123227456.1                  5.68%    passed     91.50%
  10  Bacteria-Actinobacteria-Actinobacteria-Propionibacteriales-Nocardioidaceae-Marmoricola_solisilvae_WP_123232522.1                    5.68%    passed     96.70%
  11  Bacteria-Actinobacteria-Actinobacteria-Propionibacteriales-Nocardioidaceae-Nocardioides_sp._K1W22B1_WP_120059289.1                  5.68%    passed     83.66%
  12  Bacteria-Bacteroidetes-Bacteroidia-Bacteroidales-Bacteroidaceae-Bacteroides_xylanolyticus_WP_104439214.1                            5.68%    passed     99.03%
  13  Bacteria-Chlorobi-Chlorobia-Chlorobiales-Chlorobiaceae-Chlorobium_chlorochromatii_WP_011361330.1                                    6.82%    passed     99.95%
  14  Bacteria-Deferribacteres-Deferribacteres-Deferribacterales-Deferribacteraceae-Geovibrio_thiophilus_WP_128466767.1                   5.68%    passed     47.80%
  15  Bacteria-Deferribacteres-Deferribacteres-Deferribacterales-Deferribacteraceae-Seleniivibrio_woodruffii_WP_132874207.1               5.68%    passed     78.08%
  16  Bacteria-Firmicutes-Bacilli-Bacillales-Paenibacillaceae-Ammoniphilus_sp._CFH_90114_WP_129200752.1                                   5.68%    passed     98.82%
  17  Bacteria-Firmicutes-Bacilli-Bacillales-Paenibacillaceae-Paenibacillus_koleovorans_WP_127589092.1                                    5.68%    passed     85.01%
  18  Bacteria-Firmicutes-Clostridia-Clostridiales-Clostridiaceae-Clostridium_beijerinckii_WP_017212984.1                                 5.68%    passed     89.67%
  19  Bacteria-Firmicutes-Clostridia-Clostridiales-Clostridiaceae-Clostridium_merdae_WP_085833015.1                                       5.68%    passed     93.57%
  20  Bacteria-Firmicutes-Clostridia-Clostridiales-Clostridiaceae-NA_WP_009066092.1                                                       5.68%    passed     72.45%
  21  Bacteria-Firmicutes-Clostridia-Clostridiales-Peptococcaceae-Candidatus_Desulfosporosinus_infrequens_WP_106801903.1                  5.68%    passed     86.51%
  22  Bacteria-Firmicutes-Clostridia-Clostridiales-Peptostreptococcaceae-Clostridioides_difficile_WP_021384444.1                          5.68%    passed     82.45%
  23  Bacteria-Firmicutes-Clostridia-Clostridiales-Peptostreptococcaceae-Peptoclostridium_acidaminophilum_WP_025435131.1                  5.68%    passed     92.21%
  24  Bacteria-Firmicutes-Negativicutes-Selenomonadales-Sporomusaceae-NA_WP_018704142.1                                                   5.68%    passed     91.42%
  25  Bacteria-Firmicutes-Negativicutes-Selenomonadales-Sporomusaceae-Pelosinus_fermentans_WP_007955897.1                                 5.68%    passed     99.51%
  26  Bacteria-Fusobacteria-Fusobacteriia-Fusobacteriales-Fusobacteriaceae-Cetobacterium_somerae_WP_023051300.1                           5.68%    passed     84.76%
  27  Bacteria-Kiritimatiellaeota-Kiritimatiellae-Kiritimatiellales-NA-Kiritimatiellales_bacterium_WP_136082822.1                         5.68%    passed     99.88%
  28  Bacteria-Lentisphaerae-Lentisphaeria-Lentisphaerales-Lentisphaeraceae-Lentisphaera_araneosa_WP_007279035.1                          5.68%    passed     96.30%
  29  Bacteria-NA-NA-NA-NA-thiotrophic_endosymbiont_of_Bathymodiolus_puteoserpentis_Logatchev_WP_139683090.1                              5.68%    passed     90.26%
  30  Bacteria-Nitrospirae-Nitrospira-Nitrospirales-Nitrospiraceae-Candidatus_Sulfobium_mesophilum_WP_109135932.1                         5.68%    passed     43.44%
  31  Bacteria-Planctomycetes-NA-NA-NA-NA_WP_145110468.1                                                                                  5.68%    passed     99.49%
  32  Bacteria-Planctomycetes-NA-NA-NA-Planctomycetes_bacterium_Mal64_WP_146401864.1                                                      5.68%    passed     85.98%
  33  Bacteria-Proteobacteria-Betaproteobacteria-Burkholderiales-Burkholderiaceae-Burkholderia_pyrrocinia_WP_017329154.1                  5.68%    passed     99.86%
  34  Bacteria-Proteobacteria-Betaproteobacteria-Burkholderiales-Burkholderiaceae-Caballeronia_arvi_WP_061147040.1                        5.68%    passed     97.26%
  35  Bacteria-Proteobacteria-Betaproteobacteria-Burkholderiales-Burkholderiaceae-Candidatus_Paraburkholderia_sp._4MK11_WP_133193385.1    5.68%    passed     78.70%
  36  Bacteria-Proteobacteria-Betaproteobacteria-Burkholderiales-Burkholderiaceae-NA_WP_006766049.1                                       5.68%    passed     98.68%
  37  Bacteria-Proteobacteria-Betaproteobacteria-Burkholderiales-Burkholderiaceae-Paraburkholderia_xenovorans_WP_011494446.1              5.68%    passed     96.20%
  38  Bacteria-Proteobacteria-Betaproteobacteria-Burkholderiales-Burkholderiaceae-Robbsia_andropogonis_WP_024904681.1                     5.68%    passed     98.89%
  39  Bacteria-Proteobacteria-Deltaproteobacteria-Desulfovibrionales-Desulfomicrobiaceae-Desulfomicrobium_norvegicum_WP_092194433.1       5.68%    passed     99.89%
  40  Bacteria-Proteobacteria-Gammaproteobacteria-Oceanospirillales-Oceanospirillaceae-Motiliproteus_coralliicola_WP_114696199.1          5.68%    passed     95.97%
  41  Bacteria-Spirochaetes-Spirochaetia-Leptospirales-Leptospiraceae-Leptospira_fluminis_WP_135813640.1                                  5.68%    passed     86.15%
  42  Bacteria-Spirochaetes-Spirochaetia-Leptospirales-Leptospiraceae-Leptospira_inadai_WP_010415646.1                                    5.68%    passed     69.77%
  43  Bacteria-Spirochaetes-Spirochaetia-Leptospirales-Leptospiraceae-NA_WP_008595637.1                                                   5.68%    passed     92.38%
  44  Bacteria-Spirochaetes-Spirochaetia-Leptospirales-Leptospiraceae-NA_WP_118980156.1                                                   5.68%    passed     96.47%
  45  Bacteria-Synergistetes-Synergistia-Synergistales-Synergistaceae-Aminiphilus_circumscriptus_WP_026368084.1                           5.68%    passed     95.18%
  46  Bacteria-Synergistetes-Synergistia-Synergistales-Synergistaceae-Aminomonas_paucivorans_WP_040346296.1                              12.50%    passed     88.22%
  47  Bacteria-Synergistetes-Synergistia-Synergistales-Synergistaceae-Cloacibacillus_sp._An23_WP_087367052.1                              5.68%    passed     58.87%
  48  Bacteria-Synergistetes-Synergistia-Synergistales-Synergistaceae-NA_WP_034445192.1                                                   5.68%    passed     99.59%
  49  Bacteria-Synergistetes-Synergistia-Synergistales-Synergistaceae-Synergistes_jonesii_WP_037974769.1                                  5.68%    passed     89.89%
  50  Bacteria-Verrucomicrobia-Opitutae-Opitutales-Opitutaceae-Geminisphaera_colitermitum_WP_043583963.1                                  5.68%    passed     98.96%
  51  Bacteria-Verrucomicrobia-Opitutae-Opitutales-Opitutaceae-Nibricoccus_aquaticus_WP_096057702.1                                       5.68%    passed     97.24%
  52  Bacteria-Verrucomicrobia-Opitutae-Opitutales-Opitutaceae-Opitutaceae_bacterium_53CWASEF_WP_144353984.1                              5.68%    passed     93.15%
  53  Bacteria-Verrucomicrobia-Opitutae-Opitutales-Opitutaceae-Opitutaceae_bacterium_EW11_WP_107743543.1                                  5.68%    passed     99.89%
  54  Bacteria-Verrucomicrobia-Spartobacteria-NA-NA-Spartobacteria_bacterium_LR76_WP_108058132.1                                          5.68%    passed     93.28%
  55  Bacteria-Verrucomicrobia-Spartobacteria-NA-NA-Terrimicrobium_sacchariphilum_WP_075080368.1                                          5.68%    passed     93.28%
  56  Bacteria-Verrucomicrobia-Verrucomicrobiae-Verrucomicrobiales-Rubritaleaceae-Rubritalea_marina_WP_018971009.1                        5.68%    passed     93.51%
  57  Bacteria-Verrucomicrobia-Verrucomicrobiae-Verrucomicrobiales-Verrucomicrobiaceae-Brevifollis_gellanilyticus_WP_146853500.1          5.68%    passed     97.12%
  58  Bacteria-Verrucomicrobia-Verrucomicrobiae-Verrucomicrobiales-Verrucomicrobiaceae-Prosthecobacter_fusiformis_WP_133795533.1          5.68%    passed     99.86%
  59  Eukaryota-Alveolata-Dinophyceae-NA-Unranked-Alexandrium_fundyense_MMETSP0197_c22448_g1_i1.p1                                        5.68%    passed     56.58%
  60  Eukaryota-Alveolata-Dinophyceae-NA-Unranked-Heterocapsa_arctica_MMETSP1441_c521_g1_i1.p2                                            5.68%    passed     52.06%
  61  Eukaryota-Alveolata-Dinophyceae-NA-Unranked-Pelagodinium_bii_MMETSP1338_c63750_g1_i1.p1                                             5.68%    passed     51.59%
  62  Eukaryota-Alveolata-Dinophyceae-NA-Unranked-Peridinium_aciculiferum_MMETSP0370_c6858_g1_i1.p3                                       4.55%    passed     93.43%
  63  Eukaryota-Alveolata-Dinophyceae-NA-Unranked-Polarella_glacialis_MMETSP0227_c13604_g1_i1.p2                                          3.41%    failed      0.10%
  64  Eukaryota-Alveolata-Dinophyceae-NA-Unranked-Prorocentrum_minimum_MMETSP0053_c47908_g1_i1.p1                                         5.68%    passed     57.50%
  65  Eukaryota-Alveolata-Dinophyceae-NA-Unranked-Scrippsiella_hangoei-like_MMETSP0368_c8282_g1_i1.p2                                     4.55%    passed     91.48%
  66  Eukaryota-Alveolata-Dinophyceae-NA-Unranked-Scrippsiella_hangoei-like_MMETSP0369_c9250_g1_i1.p2                                     4.55%    passed     91.48%
  67  Eukaryota-Cercozoa-Chlorarachniophyceae-NA-NA-Chlorarachnion_reptans_MMETSP0109_c18994_g1_i1.p1                                     5.68%    passed     99.90%
  68  Eukaryota-Cercozoa-Chlorarachniophyceae-NA-NA-Lotharella_globosa_MMETSP0041_c5570_g1_i1.p1                                          5.68%    passed     84.64%
  69  Eukaryota-Cercozoa-Chlorarachniophyceae-NA-NA-Lotharella_globosa_MMETSP0111_c32725_g1_i1.p1                                         5.68%    passed     84.64%
  70  Eukaryota-Cercozoa-Chlorarachniophyceae-NA-NA-Norrisiella_sphaerica_MMETSP0113_c16582_g1_i1.p1                                      5.68%    passed     96.12%
  71  Eukaryota-Chlorophyta-Mamiellophyceae-Mamiellales-Bathycoccaceae-Ostreococcus_mediterraneus_MMETSP0930_TR2579-c0_g1_i1.p1           3.41%    passed     96.89%
  72  Eukaryota-Chlorophyta-Mamiellophyceae-Mamiellales-Mamiellaceae-Micromonas_commoda_XP_002503874.1                                    5.68%    passed     87.18%
  73  Eukaryota-Chlorophyta-NA-Pyramimonadales-NA-Pyramimonas_sp_MMETSP1445_c7970_g1_i1.p2                                               13.64%    passed     84.86%
  74  Eukaryota-Cryptophyta-NA-Cryptomonadales-Cryptomonadaceae-Cryptomonas_curvata_MMETSP1050_c47417_g1_i1.p1                            5.68%    passed     97.97%
  75  Eukaryota-Euglenida-NA-Eutreptiales-NA-Eutreptiella_gymnastica-like_MMETSP0809_c7809_g1_i1.p3                                       5.68%    passed     55.83%
  76  Eukaryota-Haptophyta-NA-Phaeocystales-Phaeocystaceae-Phaeocystis_antarctica_MMETSP1444_c4295_g1_i1.p1                               5.68%    passed     41.25%
  77  Eukaryota-Rhodophyta-Bangiophyceae-NA-NA-Rhodella_maculata_MMETSP0167_c15583_g1_i1.p2                                               9.09%    passed     73.33%
  78  Eukaryota-Stramenopiles-Bacillariophyceae-Bacillariales-Bacillariaceae-Pseudonitzschia_multiseries_jgi199339                       13.64%    passed     85.14%
  79  Eukaryota-Stramenopiles-Bacillariophyceae-NA-Entomoneidaceae-Entomoneis_sp_MMETSP1443_c651_g1_i1.p1                                 5.68%    passed     99.11%
  80  Eukaryota-Stramenopiles-Chrysophyceae-Chromulinales-Chromulinaceae-Ochromonas_sp_MMETSP1177_c14209_g1_i1.p1                         5.68%    passed     65.21%
  81  Eukaryota-Stramenopiles-Coscinodiscophyceae-Thalassiosirales-Thalassiosiraceae-Thalassiosira_miniscula_MMETSP0737_c8549_g1_i1.p1    9.09%    passed     20.40%
  82  Eukaryota-Stramenopiles-Dictyochophyceae-Florenciellales-NA-Florenciella_parvula_MMETSP1344_c15694_g1_i1.p2                         3.41%    passed     96.56%
  83  Eukaryota-Stramenopiles-Labyrinthista-NA-NA-Aplanochytrium_stocchinoi_MMETSP1347_c6344_g1_i1.p1                                     5.68%    passed     98.48%
  84  Eukaryota-Stramenopiles-NA-NA-NA-Odontella_sinensis_MMETSP0160_c6180_g1_i1.p1                                                      11.36%    passed     70.26%
  85  Eukaryota-Stramenopiles-NA-NA-NA-Pseudo_delicatissima_MMETSP0327_c13101_g1_i1.p2                                                    9.09%    passed     96.50%
  86  Eukaryota-Stramenopiles-NA-NA-NA-Spumella_elongata_MMETSP1098_c7857_g1_i1.p3                                                        4.55%    passed     92.81%
  87  MSTRG.6408.1.p1                                                                                                                     5.68%    passed     99.37%
  88  MSTRG.6409.1.p1                                                                                                                     5.68%    passed     92.93%
****  TOTAL                                                                                                                               6.04%  1 sequences failed composition chi2 test (p-value<5%; df=19)
NOTE: Bacteria-Verrucomicrobia-Spartobacteria-NA-NA-Terrimicrobium_sacchariphilum_WP_075080368.1 is identical to Bacteria-Verrucomicrobia-Spartobacteria-NA-NA-Spartobacteria_bacterium_LR76_WP_108058132.1 but kept for subsequent analysis
NOTE: Eukaryota-Alveolata-Dinophyceae-NA-Unranked-Scrippsiella_hangoei-like_MMETSP0369_c9250_g1_i1.p2 is identical to Eukaryota-Alveolata-Dinophyceae-NA-Unranked-Scrippsiella_hangoei-like_MMETSP0368_c8282_g1_i1.p2 but kept for subsequent analysis
NOTE: Eukaryota-Cercozoa-Chlorarachniophyceae-NA-NA-Lotharella_globosa_MMETSP0111_c32725_g1_i1.p1 is identical to Eukaryota-Cercozoa-Chlorarachniophyceae-NA-NA-Lotharella_globosa_MMETSP0041_c5570_g1_i1.p1 but kept for subsequent analysis


Create initial parsimony tree by phylogenetic likelihood library (PLL)... 0.020 seconds
NOTE: ModelFinder requires 15 MB RAM!
ModelFinder will test 546 protein models (sample size: 88) ...
 No. Model         -LnL         df  AIC          AICc         BIC
Measuring multi-threading efficiency up to 4 CPU cores
Increase to 10 rounds for branch lengths
98 trees examined
Threads: 1 / Time: 4.028 sec / Speedup: 1.000 / Efficiency: 100% / LogL: -10838
Threads: 2 / Time: 4.135 sec / Speedup: 0.974 / Efficiency: 49% / LogL: -10838
BEST NUMBER OF THREADS: 1

  1  Dayhoff       6878.116     173 14102.232    74306.232    14530.811
  2  Dayhoff+I     6805.321     174 13958.642    74858.642    14389.698
  3  Dayhoff+G4    6646.151     174 13640.301    74540.301    14071.358
  4  Dayhoff+I+G4  6638.497     175 13626.993    75226.993    14060.527
  5  Dayhoff+R2    6671.313     175 13692.625    75292.625    14126.159
  6  Dayhoff+R3    6645.107     177 13644.214    76656.214    14082.702
  7  Dayhoff+R4    6636.414     179 13630.827    78070.827    14074.271
  8  Dayhoff+R5    6635.371     181 13632.742    79516.742    14081.140
 14  Dayhoff+F     6922.658     192 14229.316    88341.316    14704.964
 15  Dayhoff+F+I   6850.161     193 14086.321    88970.321    14564.447
 16  Dayhoff+F+G4  6676.100     193 13738.201    88622.201    14216.327
 17  Dayhoff+F+I+G4 6668.405     194 13724.810    89384.810    14205.414
 18  Dayhoff+F+R2  6709.081     194 13806.162    89466.162    14286.765
 19  Dayhoff+F+R3  6680.744     196 13753.488    90977.488    14239.046
 20  Dayhoff+F+R4  6667.118     198 13730.237    92534.237    14220.750
 21  Dayhoff+F+R5  6666.169     200 13732.339    94132.339    14227.806
 27  mtMAM         8143.854     173 16633.708    76837.708    17062.287
 28  mtMAM+I       8080.943     174 16509.885    77409.885    16940.942
 29  mtMAM+G4      7419.295     174 15186.591    76086.591    15617.648
 30  mtMAM+I+G4    7418.855     175 15187.709    76787.709    15621.243
 31  mtMAM+R2      7572.062     175 15494.123    77094.123    15927.657
 32  mtMAM+R3      7447.973     177 15249.945    78261.945    15688.434
 33  mtMAM+R4      7426.770     179 15211.541    79651.541    15654.984
 34  mtMAM+R5      7419.872     181 15201.744    81085.744    15650.142
 35  mtMAM+R6      7414.517     183 15195.033    82539.033    15648.386
 36  mtMAM+R7      7408.067     185 15186.133    84006.133    15644.441
 37  mtMAM+R8      7404.567     187 15183.133    85495.133    15646.395
 40  mtMAM+F       7697.385     192 15778.770    89890.770    16254.419
 41  mtMAM+F+I     7619.815     193 15625.629    90509.629    16103.755
 42  mtMAM+F+G4    7180.862     193 14747.723    89631.723    15225.849
 43  mtMAM+F+I+G4  7180.642     194 14749.284    90409.284    15229.887
 44  mtMAM+F+R2    7293.595     194 14975.189    90635.189    15455.792
 45  mtMAM+F+R3    7193.475     196 14778.951    92002.951    15264.509
 46  mtMAM+F+R4    7182.456     198 14760.911    93564.911    15251.424
 47  mtMAM+F+R5    7179.468     200 14758.935    95158.935    15254.403
 53  JTT           6969.946     173 14285.891    74489.891    14714.470
 54  JTT+I         6898.389     174 14144.778    75044.778    14575.835
 55  JTT+G4        6701.370     174 13750.740    74650.740    14181.796
 56  JTT+I+G4      6692.943     175 13735.885    75335.885    14169.419
 57  JTT+R2        6747.337     175 13844.674    75444.674    14278.208
 58  JTT+R3        6699.799     177 13753.599    76765.599    14192.088
 59  JTT+R4        6695.846     179 13749.692    78189.692    14193.136
 66  JTT+F         7004.643     192 14393.287    88505.287    14868.936
 67  JTT+F+I       6929.797     193 14245.594    89129.594    14723.720
 68  JTT+F+G4      6733.037     193 13852.074    88736.074    14330.200
 69  JTT+F+I+G4    6724.495     194 13836.990    89496.990    14317.594
 70  JTT+F+R2      6779.137     194 13946.274    89606.274    14426.877
 71  JTT+F+R3      6734.150     196 13860.300    91084.300    14345.858
 72  JTT+F+R4      6727.005     198 13850.010    92654.010    14340.522
 73  JTT+F+R5      6725.244     200 13850.488    94250.488    14345.955
 79  WAG           6804.087     173 13954.173    74158.173    14382.753
 80  WAG+I         6735.230     174 13818.461    74718.461    14249.517
 81  WAG+G4        6576.479     174 13500.958    74400.958    13932.015
 82  WAG+I+G4      6567.991     175 13485.982    75085.982    13919.516
 83  WAG+R2        6602.338     175 13554.676    75154.676    13988.210
 84  WAG+R3        6573.364     177 13500.728    76512.728    13939.216
 85  WAG+R4        6567.086     179 13492.171    77932.171    13935.614
 86  WAG+R5        6563.431     181 13488.862    79372.862    13937.260
 92  WAG+F         6830.178     192 14044.356    88156.356    14520.005
 93  WAG+F+I       6760.968     193 13907.935    88791.935    14386.061
 94  WAG+F+G4      6598.074     193 13582.148    88466.148    14060.274
 95  WAG+F+I+G4    6589.024     194 13566.048    89226.048    14046.651
 96  WAG+F+R2      6627.588     194 13643.176    89303.176    14123.780
 97  WAG+F+R3      6596.447     196 13584.893    90808.893    14070.451
 98  WAG+F+R4      6588.755     198 13573.509    92377.509    14064.022
 99  WAG+F+R5      6587.117     200 13574.234    93974.234    14069.701
105  cpREV         6940.387     173 14226.773    74430.773    14655.352
106  cpREV+I       6864.375     174 14076.750    74976.750    14507.806
107  cpREV+G4      6691.771     174 13731.542    74631.542    14162.598
108  cpREV+I+G4    6682.394     175 13714.788    75314.788    14148.322
109  cpREV+R2      6732.832     175 13815.664    75415.664    14249.198
110  cpREV+R3      6690.668     177 13735.336    76747.336    14173.824
111  cpREV+R4      6686.552     179 13731.104    78171.104    14174.547
118  cpREV+F       6934.650     192 14253.300    88365.300    14728.949
119  cpREV+F+I     6852.380     193 14090.760    88974.760    14568.886
120  cpREV+F+G4    6700.209     193 13786.417    88670.417    14264.543
121  cpREV+F+I+G4  6689.455     194 13766.910    89426.910    14247.514
122  cpREV+F+R2    6732.950     194 13853.899    89513.899    14334.503
123  cpREV+F+R3    6700.638     196 13793.276    91017.276    14278.834
124  cpREV+F+R4    6691.822     198 13779.644    92583.644    14270.157
125  cpREV+F+R5    6688.908     200 13777.815    94177.815    14273.283
131  mtREV         7603.208     173 15552.416    75756.416    15980.996
132  mtREV+I       7545.917     174 15439.835    76339.835    15870.891
133  mtREV+G4      7167.263     174 14682.527    75582.527    15113.583
134  mtREV+I+G4    7164.209     175 14678.418    76278.418    15111.952
135  mtREV+R2      7271.062     175 14892.124    76492.124    15325.658
136  mtREV+R3      7180.850     177 14715.699    77727.699    15154.188
137  mtREV+R4      7167.061     179 14692.122    79132.122    15135.565
138  mtREV+R5      7159.633     181 14681.266    80565.266    15129.664
139  mtREV+R6      7158.174     183 14682.348    82026.348    15135.701
144  mtREV+F       7233.026     192 14850.052    88962.052    15325.701
145  mtREV+F+I     7164.433     193 14714.865    89598.865    15192.991
146  mtREV+F+G4    6907.462     193 14200.925    89084.925    14679.051
147  mtREV+F+I+G4  6903.922     194 14195.844    89855.844    14676.448
148  mtREV+F+R2    6985.906     194 14359.812    90019.812    14840.415
149  mtREV+F+R3    6913.624     196 14219.247    91443.247    14704.805
150  mtREV+F+R4    6904.036     198 14204.071    93008.071    14694.584
151  mtREV+F+R5    6897.792     200 14195.584    94595.584    14691.051
152  mtREV+F+R6    6897.730     202 14199.459    96211.459    14699.882
157  rtREV         6959.013     173 14264.025    74468.025    14692.605
158  rtREV+I       6880.384     174 14108.767    75008.767    14539.824
159  rtREV+G4      6651.429     174 13650.858    74550.858    14081.915
160  rtREV+I+G4    6643.533     175 13637.067    75237.067    14070.601
161  rtREV+R2      6697.224     175 13744.448    75344.448    14177.982
162  rtREV+R3      6654.176     177 13662.351    76674.351    14100.840
163  rtREV+R4      6643.675     179 13645.350    78085.350    14088.794
164  rtREV+R5      6641.061     181 13644.122    79528.122    14092.520
170  rtREV+F       6963.060     192 14310.120    88422.120    14785.769
171  rtREV+F+I     6878.028     193 14142.057    89026.057    14620.183
172  rtREV+F+G4    6646.130     193 13678.260    88562.260    14156.386
173  rtREV+F+I+G4  6639.414     194 13666.829    89326.829    14147.432
174  rtREV+F+R2    6694.030     194 13776.060    89436.060    14256.663
175  rtREV+F+R3    6649.556     196 13691.112    90915.112    14176.670
176  rtREV+F+R4    6637.040     198 13670.080    92474.080    14160.593
177  rtREV+F+R5    6636.276     200 13672.553    94072.553    14168.020
183  mtART         7859.620     173 16065.239    76269.239    16493.819
184  mtART+I       7777.922     174 15903.843    76803.843    16334.900
185  mtART+G4      7195.213     174 14738.425    75638.425    15169.482
186  mtART+I+G4    7191.821     175 14733.642    76333.642    15167.176
187  mtART+R2      7317.062     175 14984.123    76584.123    15417.657
188  mtART+R3      7228.940     177 14811.881    77823.881    15250.369
189  mtART+R4      7194.539     179 14747.077    79187.077    15190.521
190  mtART+R5      7189.960     181 14741.921    80625.921    15190.319
191  mtART+R6      7189.442     183 14744.883    82088.883    15198.236
196  mtART+F       7511.096     192 15406.191    89518.191    15881.840
197  mtART+F+I     7414.527     193 15215.054    90099.054    15693.180
198  mtART+F+G4    7021.212     193 14428.424    89312.424    14906.550
199  mtART+F+I+G4  7012.819     194 14413.637    90073.637    14894.241
200  mtART+F+R2    7134.687     194 14657.373    90317.373    15137.977
201  mtART+F+R3    7026.754     196 14445.507    91669.507    14931.066
202  mtART+F+R4    7020.061     198 14436.122    93240.122    14926.635
203  mtART+F+R5    7017.191     200 14434.382    94834.382    14929.850
209  mtZOA         7571.177     173 15488.354    75692.354    15916.933
210  mtZOA+I       7492.084     174 15332.168    76232.168    15763.225
211  mtZOA+G4      7033.191     174 14414.382    75314.382    14845.439
212  mtZOA+I+G4    7029.045     175 14408.090    76008.090    14841.624
213  mtZOA+R2      7138.563     175 14627.126    76227.126    15060.660
214  mtZOA+R3      7052.993     177 14459.986    77471.986    14898.474
215  mtZOA+R4      7033.121     179 14424.242    78864.242    14867.685
216  mtZOA+R5      7029.318     181 14420.636    80304.636    14869.034
222  mtZOA+F       7299.839     192 14983.678    89095.678    15459.327
223  mtZOA+F+I     7208.185     193 14802.371    89686.371    15280.497
224  mtZOA+F+G4    6912.169     193 14210.338    89094.338    14688.464
225  mtZOA+F+I+G4  6904.772     194 14197.544    89857.544    14678.147
226  mtZOA+F+R2    7004.107     194 14396.213    90056.213    14876.816
227  mtZOA+F+R3    6913.712     196 14219.423    91443.423    14704.981
228  mtZOA+F+R4    6910.676     198 14217.351    93021.351    14707.864
235  VT            6866.233     173 14078.467    74282.467    14507.046
236  VT+I          6796.191     174 13940.382    74840.382    14371.439
237  VT+G4         6622.868     174 13593.736    74493.736    14024.793
238  VT+I+G4       6614.521     175 13579.042    75179.042    14012.576
239  VT+R2         6657.118     175 13664.235    75264.235    14097.769
240  VT+R3         6620.175     177 13594.349    76606.349    14032.838
241  VT+R4         6614.366     179 13586.732    78026.732    14030.175
242  VT+R5         6611.910     181 13585.820    79469.820    14034.218
248  VT+F          6892.503     192 14169.007    88281.007    14644.655
249  VT+F+I        6820.036     193 14026.072    88910.072    14504.198
250  VT+F+G4       6651.919     193 13689.838    88573.838    14167.964
251  VT+F+I+G4     6642.797     194 13673.594    89333.594    14154.198
252  VT+F+R2       6685.905     194 13759.810    89419.810    14240.413
253  VT+F+R3       6648.863     196 13689.725    90913.725    14175.283
254  VT+F+R4       6642.598     198 13681.196    92485.196    14171.709
255  VT+F+R5       6640.411     200 13680.821    94080.821    14176.289
261  LG            6868.933     173 14083.865    74287.865    14512.445
262  LG+I          6796.457     174 13940.914    74840.914    14371.971
263  LG+G4         6571.614     174 13491.228    74391.228    13922.284
264  LG+I+G4       6564.330     175 13478.660    75078.660    13912.194
265  LG+R2         6622.972     175 13595.944    75195.944    14029.478
266  LG+R3         6573.227     177 13500.454    76512.454    13938.942
267  LG+R4         6566.023     179 13490.047    77930.047    13933.490
268  LG+R5         6562.796     181 13487.591    79371.591    13935.989
274  LG+F          6897.395     192 14178.790    88290.790    14654.439
275  LG+F+I        6818.561     193 14023.121    88907.121    14501.247
276  LG+F+G4       6604.493     193 13594.985    88478.985    14073.111
277  LG+F+I+G4     6596.745     194 13581.490    89241.490    14062.093
278  LG+F+R2       6653.288     194 13694.576    89354.576    14175.179
279  LG+F+R3       6605.782     196 13603.564    90827.564    14089.122
280  LG+F+R4       6596.841     198 13589.681    92393.681    14080.194
281  LG+F+R5       6595.119     200 13590.239    93990.239    14085.706
287  DCMut         6878.067     173 14102.133    74306.133    14530.712
288  DCMut+I       6805.301     174 13958.602    74858.602    14389.658
289  DCMut+G4      6646.065     174 13640.130    74540.130    14071.187
290  DCMut+I+G4    6638.398     175 13626.797    75226.797    14060.331
291  DCMut+R2      6671.278     175 13692.557    75292.557    14126.091
292  DCMut+R3      6644.951     177 13643.901    76655.901    14082.390
293  DCMut+R4      6635.026     179 13628.053    78068.053    14071.496
294  DCMut+R5      6635.023     181 13632.045    79516.045    14080.443
300  DCMut+F       6922.794     192 14229.587    88341.587    14705.236
301  DCMut+F+I     6850.302     193 14086.604    88970.604    14564.730
302  DCMut+F+G4    6676.031     193 13738.062    88622.062    14216.188
303  DCMut+F+I+G4  6668.341     194 13724.681    89384.681    14205.285
304  DCMut+F+R2    6709.145     194 13806.290    89466.290    14286.894
305  DCMut+F+R3    6680.589     196 13753.179    90977.179    14238.737
306  DCMut+F+R4    6665.942     198 13727.884    92531.884    14218.396
307  DCMut+F+R5    6665.937     200 13731.875    94131.875    14227.342
313  PMB           6926.160     173 14198.319    74402.319    14626.898
314  PMB+I         6862.570     174 14073.141    74973.141    14504.198
315  PMB+G4        6672.250     174 13692.500    74592.500    14123.557
316  PMB+I+G4      6666.135     175 13682.270    75282.270    14115.804
317  PMB+R2        6706.826     175 13763.653    75363.653    14197.186
318  PMB+R3        6673.453     177 13700.906    76712.906    14139.395
319  PMB+R4        6664.326     179 13686.652    78126.652    14130.096
320  PMB+R5        6664.276     181 13690.552    79574.552    14138.950
326  PMB+F         6924.704     192 14233.407    88345.407    14709.056
327  PMB+F+I       6857.905     193 14101.810    88985.810    14579.936
328  PMB+F+G4      6680.859     193 13747.718    88631.718    14225.844
329  PMB+F+I+G4    6673.422     194 13734.844    89394.844    14215.447
330  PMB+F+R2      6714.174     194 13816.348    89476.348    14296.951
331  PMB+F+R3      6680.387     196 13752.773    90976.773    14238.331
332  PMB+F+R4      6671.779     198 13739.558    92543.558    14230.071
333  PMB+F+R5      6671.761     200 13743.523    94143.523    14238.990
339  HIVb          7359.185     173 15064.370    75268.370    15492.949
340  HIVb+I        7288.408     174 14924.816    75824.816    15355.873
341  HIVb+G4       6964.464     174 14276.927    75176.927    14707.984
342  HIVb+I+G4     6960.805     175 14271.610    75871.610    14705.144
343  HIVb+R2       7051.413     175 14452.826    76052.826    14886.360
344  HIVb+R3       6969.643     177 14293.286    77305.286    14731.775
345  HIVb+R4       6956.393     179 14270.785    78710.785    14714.228
346  HIVb+R5       6956.392     181 14274.784    80158.784    14723.182
352  HIVb+F        7367.028     192 15118.056    89230.056    15593.705
353  HIVb+F+I      7281.628     193 14949.255    89833.255    15427.381
354  HIVb+F+G4     6978.457     193 14342.914    89226.914    14821.040
355  HIVb+F+I+G4   6972.822     194 14333.645    89993.645    14814.248
356  HIVb+F+R2     7068.500     194 14525.001    90185.001    15005.604
357  HIVb+F+R3     6983.550     196 14359.100    91583.100    14844.658
358  HIVb+F+R4     6973.073     198 14342.146    93146.146    14832.659
359  HIVb+F+R5     6973.070     200 14346.140    94746.140    14841.607
365  HIVw          7665.106     173 15676.212    75880.212    16104.791
366  HIVw+I        7582.584     174 15513.168    76413.168    15944.224
367  HIVw+G4       7336.063     174 15020.127    75920.127    15451.183
368  HIVw+I+G4     7326.135     175 15002.271    76602.271    15435.805
369  HIVw+R2       7382.074     175 15114.149    76714.149    15547.683
370  HIVw+R3       7346.199     177 15046.398    78058.398    15484.886
371  HIVw+R4       7327.527     179 15013.053    79453.053    15456.496
372  HIVw+R5       7327.524     181 15017.048    80901.048    15465.446
378  HIVw+F        7612.799     192 15609.599    89721.599    16085.247
379  HIVw+F+I      7527.267     193 15440.533    90324.533    15918.659
380  HIVw+F+G4     7289.115     193 14964.231    89848.231    15442.357
381  HIVw+F+I+G4   7276.699     194 14941.398    90601.398    15422.001
382  HIVw+F+R2     7342.475     194 15072.950    90732.950    15553.553
383  HIVw+F+R3     7297.541     196 14987.082    92211.082    15472.640
384  HIVw+F+R4     7279.115     198 14954.230    93758.230    15444.743
385  HIVw+F+R5     7279.110     200 14958.220    95358.220    15453.687
391  JTTDCMut      6959.598     173 14265.196    74469.196    14693.776
392  JTTDCMut+I    6888.522     174 14125.043    75025.043    14556.100
393  JTTDCMut+G4   6695.655     174 13739.309    74639.309    14170.366
394  JTTDCMut+I+G4 6687.240     175 13724.480    75324.480    14158.014
395  JTTDCMut+R2   6740.221     175 13830.443    75430.443    14263.977
396  JTTDCMut+R3   6694.339     177 13742.678    76754.678    14181.167
397  JTTDCMut+R4   6689.724     179 13737.448    78177.448    14180.892
398  JTTDCMut+R5   6689.677     181 13741.353    79625.353    14189.751
404  JTTDCMut+F    6993.920     192 14371.841    88483.841    14847.489
405  JTTDCMut+F+I  6919.879     193 14225.758    89109.758    14703.884
406  JTTDCMut+F+G4 6725.539     193 13837.078    88721.078    14315.204
407  JTTDCMut+F+I+G4 6717.085     194 13822.170    89482.170    14302.774
408  JTTDCMut+F+R2 6770.523     194 13929.046    89589.046    14409.650
409  JTTDCMut+F+R3 6726.857     196 13845.714    91069.714    14331.272
410  JTTDCMut+F+R4 6718.789     198 13833.579    92637.579    14324.091
411  JTTDCMut+F+R5 6718.682     200 13837.365    94237.365    14332.832
417  FLU           7134.035     173 14614.069    74818.069    15042.649
418  FLU+I         7081.767     174 14511.535    75411.535    14942.591
419  FLU+G4        6833.322     174 14014.643    74914.643    14445.700
420  FLU+I+G4      6829.464     175 14008.928    75608.928    14442.462
421  FLU+R2        6888.168     175 14126.337    75726.337    14559.871
422  FLU+R3        6835.543     177 14025.086    77037.086    14463.574
423  FLU+R4        6830.793     179 14019.585    78459.585    14463.028
424  FLU+R5        6830.775     181 14023.550    79907.550    14471.948
430  FLU+F         7131.955     192 14647.910    88759.910    15123.558
431  FLU+F+I       7072.835     193 14531.671    89415.671    15009.797
432  FLU+F+G4      6840.085     193 14066.169    88950.169    14544.295
433  FLU+F+I+G4    6833.279     194 14054.559    89714.559    14535.162
434  FLU+F+R2      6891.100     194 14170.199    89830.199    14650.803
435  FLU+F+R3      6841.990     196 14075.979    91299.979    14561.537
436  FLU+F+R4      6836.384     198 14068.769    92872.769    14559.281
437  FLU+F+R5      6836.354     200 14072.707    94472.707    14568.174
443  Blosum62      6915.573     173 14177.146    74381.146    14605.725
444  Blosum62+I    6845.081     174 14038.162    74938.162    14469.218
445  Blosum62+G4   6661.491     174 13670.981    74570.981    14102.038
446  Blosum62+I+G4 6653.443     175 13656.887    75256.887    14090.421
447  Blosum62+R2   6691.087     175 13732.173    75332.173    14165.707
448  Blosum62+R3   6660.891     177 13675.783    76687.783    14114.271
449  Blosum62+R4   6653.329     179 13664.658    78104.658    14108.101
450  Blosum62+R5   6653.229     181 13668.459    79552.459    14116.857
456  Blosum62+F    6922.374     192 14228.748    88340.748    14704.396
457  Blosum62+F+I  6849.478     193 14084.956    88968.956    14563.082
458  Blosum62+F+G4 6675.689     193 13737.379    88621.379    14215.505
459  Blosum62+F+I+G4 6666.832     194 13721.664    89381.664    14202.267
460  Blosum62+F+R2 6705.040     194 13798.081    89458.081    14278.684
461  Blosum62+F+R3 6673.336     196 13738.671    90962.671    14224.229
462  Blosum62+F+R4 6666.304     198 13728.609    92532.609    14219.122
463  Blosum62+F+R5 6666.167     200 13732.335    94132.335    14227.802
469  mtMet         7619.581     173 15585.162    75789.162    16013.741
470  mtMet+I       7553.555     174 15455.109    76355.109    15886.166
471  mtMet+G4      7162.132     174 14672.263    75572.263    15103.320
472  mtMet+I+G4    7160.323     175 14670.645    76270.645    15104.179
473  mtMet+R2      7253.198     175 14856.396    76456.396    15289.930
474  mtMet+R3      7172.767     177 14699.534    77711.534    15138.023
475  mtMet+R4      7160.158     179 14678.315    79118.315    15121.759
476  mtMet+R5      7160.136     181 14682.272    80566.272    15130.670
482  mtMet+F       7301.254     192 14986.508    89098.508    15462.157
483  mtMet+F+I     7218.377     193 14822.754    89706.754    15300.880
484  mtMet+F+G4    6951.777     193 14289.554    89173.554    14767.680
485  mtMet+F+I+G4  6944.512     194 14277.023    89937.023    14757.627
486  mtMet+F+R2    7026.474     194 14440.949    90100.949    14921.552
487  mtMet+F+R3    6954.263     196 14300.527    91524.527    14786.085
488  mtMet+F+R4    6951.060     198 14298.121    93102.121    14788.633
495  mtVer         7816.894     173 15979.788    76183.788    16408.367
496  mtVer+I       7754.147     174 15856.295    76756.295    16287.352
497  mtVer+G4      7271.589     174 14891.177    75791.177    15322.234
498  mtVer+I+G4    7269.226     175 14888.451    76488.451    15321.985
499  mtVer+R2      7369.569     175 15089.139    76689.139    15522.673
500  mtVer+R3      7293.784     177 14941.569    77953.569    15380.057
501  mtVer+R4      7271.363     179 14900.726    79340.726    15344.169
502  mtVer+R5      7269.245     181 14900.491    80784.491    15348.889
508  mtVer+F       7480.742     192 15345.483    89457.483    15821.132
509  mtVer+F+I     7392.955     193 15171.910    90055.910    15650.036
510  mtVer+F+G4    7084.722     193 14555.444    89439.444    15033.570
511  mtVer+F+I+G4  7078.169     194 14544.337    90204.337    15024.940
512  mtVer+F+R2    7160.429     194 14708.858    90368.858    15189.461
513  mtVer+F+R3    7093.734     196 14579.468    91803.468    15065.027
514  mtVer+F+R4    7083.478     198 14562.956    93366.956    15053.469
515  mtVer+F+R5    7083.388     200 14566.776    94966.776    15062.243
521  mtInv         7551.032     173 15448.064    75652.064    15876.643
522  mtInv+I       7479.417     174 15306.835    76206.835    15737.891
523  mtInv+G4      7129.492     174 14606.985    75506.985    15038.041
524  mtInv+I+G4    7127.304     175 14604.607    76204.607    15038.141
525  mtInv+R2      7210.360     175 14770.720    76370.720    15204.254
526  mtInv+R3      7138.475     177 14630.951    77642.951    15069.440
527  mtInv+R4      7128.416     179 14614.832    79054.832    15058.275
528  mtInv+R5      7128.258     181 14618.516    80502.516    15066.914
534  mtInv+F       7178.350     192 14740.700    88852.700    15216.348
535  mtInv+F+I     7089.170     193 14564.339    89448.339    15042.465
536  mtInv+F+G4    6854.104     193 14094.208    88978.208    14572.334
537  mtInv+F+I+G4  6846.125     194 14080.250    89740.250    14560.854
538  mtInv+F+R2    6917.666     194 14223.333    89883.333    14703.936
539  mtInv+F+R3    6856.535     196 14105.069    91329.069    14590.627
540  mtInv+F+R4    6848.716     198 14093.432    92897.432    14583.945
541  mtInv+F+R5    6848.600     200 14097.200    94497.200    14592.668
Akaike Information Criterion:           LG+I+G4
Corrected Akaike Information Criterion: WAG
Bayesian Information Criterion:         LG+I+G4
Best-fit model: LG+I+G4 chosen according to BIC

All model information printed to K09913.blastp_ALL.outfmt6.parsed.filtered.uniq.faa.mafft.aln.trimal1.model.gz
CPU time for ModelFinder: 447.969 seconds (0h:7m:27s)
Wall-clock time for ModelFinder: 151.017 seconds (0h:2m:31s)
Generating 2000 samples for ultrafast bootstrap (seed: 561220)...

NOTE: 6 MB RAM (0 GB) is required!
Measuring multi-threading efficiency up to 4 CPU cores
Increase to 10 rounds for branch lengths
19 trees examined
Threads: 1 / Time: 4.247 sec / Speedup: 1.000 / Efficiency: 100% / LogL: -10071
Threads: 2 / Time: 7.478 sec / Speedup: 0.568 / Efficiency: 28% / LogL: -10071
BEST NUMBER OF THREADS: 1

Estimate model parameters (epsilon = 0.100)
Thoroughly optimizing +I+G parameters from 10 start values...
Init pinv, alpha: 0.000, 1.000 / Estimate: 0.000, 1.103 / LogL: -6571.593
Init pinv, alpha: 0.013, 1.000 / Estimate: 0.062, 1.427 / LogL: -6564.336
Init pinv, alpha: 0.025, 1.000 / Estimate: 0.062, 1.431 / LogL: -6564.332
Init pinv, alpha: 0.038, 1.000 / Estimate: 0.063, 1.432 / LogL: -6564.331
Init pinv, alpha: 0.051, 1.000 / Estimate: 0.063, 1.432 / LogL: -6564.331
Init pinv, alpha: 0.063, 1.000 / Estimate: 0.063, 1.433 / LogL: -6564.331
Init pinv, alpha: 0.076, 1.000 / Estimate: 0.063, 1.435 / LogL: -6564.331
Init pinv, alpha: 0.088, 1.000 / Estimate: 0.063, 1.435 / LogL: -6564.331
Init pinv, alpha: 0.101, 1.000 / Estimate: 0.063, 1.435 / LogL: -6564.330
Init pinv, alpha: 0.114, 1.000 / Estimate: 0.063, 1.435 / LogL: -6564.330
Optimal pinv,alpha: 0.063, 1.435 / LogL: -6564.330

Parameters optimization took 5.519 sec
Computing ML distances based on estimated model parameters... 2.180 sec
Computing BIONJ tree...
0.004 seconds
Log-likelihood of BIONJ tree: -6523.052
--------------------------------------------------------------------
|             INITIALIZING CANDIDATE TREE SET                      |
--------------------------------------------------------------------
Generating 98 parsimony trees... 1.341 second
Computing log-likelihood of 98 initial trees ... 3.564 seconds
Current best score: -6511.288

Do NNI search on 20 best initial trees
Estimate model parameters (epsilon = 0.100)
BETTER TREE FOUND at iteration 1: -6497.099
Estimate model parameters (epsilon = 0.100)
BETTER TREE FOUND at iteration 4: -6489.197
Iteration 10 / LogL: -6508.533 / Time: 0h:0m:28s
Iteration 20 / LogL: -6516.956 / Time: 0h:0m:33s
Finish initializing candidate tree set (20)
Current best tree score: -6489.197 / CPU time: 13.928
Number of iterations: 20
--------------------------------------------------------------------
|               OPTIMIZING CANDIDATE TREE SET                      |
--------------------------------------------------------------------
Estimate model parameters (epsilon = 0.100)
BETTER TREE FOUND at iteration 23: -6487.409
Estimate model parameters (epsilon = 0.100)
BETTER TREE FOUND at iteration 24: -6484.664
Estimate model parameters (epsilon = 0.100)
BETTER TREE FOUND at iteration 27: -6484.022
Estimate model parameters (epsilon = 0.100)
BETTER TREE FOUND at iteration 29: -6483.121
Iteration 30 / LogL: -6486.203 / Time: 0h:0m:40s (0h:2m:18s left)
Estimate model parameters (epsilon = 0.100)
BETTER TREE FOUND at iteration 31: -6482.809
Iteration 40 / LogL: -6484.511 / Time: 0h:0m:46s (0h:1m:48s left)
Iteration 50 / LogL: -6484.885 / Time: 0h:0m:51s (0h:1m:25s left)
Log-likelihood cutoff on original alignment: -6533.123
Iteration 60 / LogL: -6486.518 / Time: 0h:0m:57s (0h:1m:9s left)
Iteration 70 / LogL: -6489.214 / Time: 0h:1m:2s (0h:0m:55s left)
Iteration 80 / LogL: -6483.432 / Time: 0h:1m:7s (0h:0m:43s left)
Iteration 90 / LogL: -6483.000 / Time: 0h:1m:12s (0h:0m:33s left)
Iteration 100 / LogL: -6485.007 / Time: 0h:1m:18s (0h:0m:24s left)
Log-likelihood cutoff on original alignment: -6533.123
NOTE: Bootstrap correlation coefficient of split occurrence frequencies: 0.998
Iteration 110 / LogL: -6483.222 / Time: 0h:1m:23s (0h:1m:8s left)
Iteration 120 / LogL: -6483.275 / Time: 0h:1m:28s (0h:0m:59s left)
Iteration 130 / LogL: -6485.009 / Time: 0h:1m:33s (0h:0m:50s left)
TREE SEARCH COMPLETED AFTER 132 ITERATIONS / Time: 0h:1m:34s

--------------------------------------------------------------------
|                    FINALIZING TREE SEARCH                        |
--------------------------------------------------------------------
Performs final model parameters optimization
Estimate model parameters (epsilon = 0.010)
1. Initial log-likelihood: -6482.809
Optimal log-likelihood: -6482.809
Proportion of invariable sites: 0.062
Gamma shape alpha: 1.404
Parameters optimization took 1 rounds (0.067 sec)
BEST SCORE FOUND : -6482.809
Creating bootstrap support values...
Split supports printed to NEXUS file K09913.blastp_ALL.outfmt6.parsed.filtered.uniq.faa.mafft.aln.trimal1.splits.nex
Total tree length: 20.527

Total number of iterations: 132
CPU time used for tree search: 74.154 sec (0h:1m:14s)
Wall-clock time used for tree search: 75.422 sec (0h:1m:15s)
Total CPU time used: 90.473 sec (0h:1m:30s)
Total wall-clock time used: 95.490 sec (0h:1m:35s)

Computing bootstrap consensus tree...
Reading input file K09913.blastp_ALL.outfmt6.parsed.filtered.uniq.faa.mafft.aln.trimal1.splits.nex...
88 taxa and 878 splits.
Consensus tree written to K09913.blastp_ALL.outfmt6.parsed.filtered.uniq.faa.mafft.aln.trimal1.contree
Reading input trees file K09913.blastp_ALL.outfmt6.parsed.filtered.uniq.faa.mafft.aln.trimal1.contree
Log-likelihood of consensus tree: -6484.592

Analysis results written to: 
  IQ-TREE report:                K09913.blastp_ALL.outfmt6.parsed.filtered.uniq.faa.mafft.aln.trimal1.iqtree
  Maximum-likelihood tree:       K09913.blastp_ALL.outfmt6.parsed.filtered.uniq.faa.mafft.aln.trimal1.treefile
  Likelihood distances:          K09913.blastp_ALL.outfmt6.parsed.filtered.uniq.faa.mafft.aln.trimal1.mldist

Ultrafast bootstrap approximation results written to:
  Split support values:          K09913.blastp_ALL.outfmt6.parsed.filtered.uniq.faa.mafft.aln.trimal1.splits.nex
  Consensus tree:                K09913.blastp_ALL.outfmt6.parsed.filtered.uniq.faa.mafft.aln.trimal1.contree
  Screen log file:               K09913.blastp_ALL.outfmt6.parsed.filtered.uniq.faa.mafft.aln.trimal1.log

Date and Time: Wed Oct 13 09:55:08 2021
