IQ-TREE multicore version 1.6.12 for Linux 64-bit built Aug 15 2019
Developed by Bui Quang Minh, Nguyen Lam Tung, Olga Chernomor,
Heiko Schmidt, Dominik Schrempf, Michael Woodhams.

Host:    coral (AVX512, FMA3, 376 GB RAM)
Command: /home/timothy/programs/iqtree-1.6.12-Linux/bin/iqtree -s K10807.blastp_ALL.outfmt6.parsed.filtered.uniq.faa.mafft.aln -nt AUTO -ntmax 6 -m LG+R7 -bb 2000 -nm 2000 -quiet
Seed:    398703 (Using SPRNG - Scalable Parallel Random Number Generator)
Time:    Tue Oct 12 22:49:20 2021
Kernel:  AVX+FMA - auto-detect threads (96 CPU cores detected)

Reading alignment file K10807.blastp_ALL.outfmt6.parsed.filtered.uniq.faa.mafft.aln ... Fasta format detected
Alignment most likely contains protein sequences
Alignment has 147 sequences with 3324 columns, 2017 distinct patterns
1089 parsimony-informative, 571 singleton sites, 1664 constant sites
WARNING: Some sequence names are changed as follows:
Bacteria-NA-NA-NA-NA-bacterium_336/3_WP_054037654.1 -> Bacteria-NA-NA-NA-NA-bacterium_336_3_WP_054037654.1

                                                                                                                         Gap/Ambiguity  Composition  p-value
   1  Archaea-CandidatusKorarchaeota-NA-NA-NA-Candidatus_Methanodesulfokores_washburnensis_WP_125672030.1                       74.22%    failed      0.00%
   2  Archaea-CandidatusMicrarchaeota-NA-NA-NA-Candidatus_Mancarchaeum_acidiphilum_WP_088820152.1                               77.08%    failed      1.18%
   3  Archaea-Crenarchaeota-Thermoprotei-Fervidicoccales-Fervidicoccaceae-Fervidicoccus_fontis_WP_014558137.1                   74.34%    failed      0.00%
   4  Archaea-Crenarchaeota-Thermoprotei-Sulfolobales-Sulfolobaceae-Acidianus_sulfidivorans_WP_110380680.1                      74.73%    failed      0.00%
   5  Archaea-Euryarchaeota-Halobacteria-Halobacteriales-Haloarculaceae-Halapricum_salinum_WP_049992523.1                       75.81%    failed      0.00%
   6  Archaea-Euryarchaeota-Halobacteria-Haloferacales-Haloferacaceae-Halogranum_salarium_WP_009367158.1                        75.69%    failed      0.00%
   7  Archaea-Thaumarchaeota-NA-NA-NA-Candidatus_Nitrosotalea_bavarica_WP_101476990.1                                           73.38%    passed     51.44%
   8  Archaea-Thaumarchaeota-Nitrososphaeria-CandidatusNitrosocaldales-CandidatusNitrosocaldaceae-NA_WP_103286420.1             73.32%    failed      0.21%
   9  Bacteria-Acidobacteria-Acidobacteriia-Acidobacteriales-Acidobacteriaceae-Acidobacteria_bacterium_KBS_146_WP_026389084.1   75.99%    failed      0.10%
  10  Bacteria-Acidobacteria-Acidobacteriia-Acidobacteriales-Acidobacteriaceae-Edaphobacter_aggregans_WP_035359677.1            75.93%    failed      0.01%
  11  Bacteria-Actinobacteria-Acidimicrobiia-Acidimicrobiales-Microthrixaceae-Candidatus_Microthrix_parvicella_WP_012225260.1   75.72%    failed      0.00%
  12  Bacteria-Actinobacteria-Actinobacteria-Micrococcales-Microbacteriaceae-Hymenobacter_sp._Fur1_WP_144848367.1               76.20%    passed     96.56%
  13  Bacteria-Bacteroidetes-Cytophagia-Cytophagales-Cytophagaceae-Sporocytophaga_myxococcoides_WP_045468468.1                  76.08%    passed     20.09%
  14  Bacteria-Bacteroidetes-Cytophagia-Cytophagales-Thermonemataceae-Thermonema_rossianum_WP_038030936.1                       76.41%    passed     77.78%
  15  Bacteria-Chlamydiae-Chlamydiia-Parachlamydiales-Parachlamydiaceae-Neochlamydia_sp._EPS4_WP_044881856.1                    76.77%    passed     69.01%
  16  Bacteria-Chlamydiae-Chlamydiia-Parachlamydiales-Parachlamydiaceae-Parachlamydiaceae_bacterium_HST3_WP_042103106.1         76.29%    passed     98.91%
  17  Bacteria-Cyanobacteria-NA-Nostocales-Nostocaceae-Nostoc_linckia_WP_099073317.1                                            81.83%    passed     79.58%
  18  Bacteria-Cyanobacteria-NA-Nostocales-Tolypothrichaceae-Tolypothrix_campylonemoides_WP_063773970.1                         74.82%    failed      0.00%
  19  Bacteria-Firmicutes-Bacilli-Bacillales-Bacillaceae-Bacillus_sp._SRB_336_WP_113728847.1                                    75.57%    failed      0.00%
  20  Bacteria-NA-NA-NA-NA-bacterium_336_3_WP_054037654.1                                                                       76.23%    passed     59.66%
  21  Bacteria-Nitrospirae-Nitrospira-Nitrospirales-Nitrospiraceae-Candidatus_Nitrospira_inopinata_WP_082633896.1               75.18%    failed      0.00%
  22  Bacteria-Nitrospirae-Nitrospira-Nitrospirales-Nitrospiraceae-Nitrospira_japonica_WP_080886329.1                           75.54%    failed      0.00%
  23  Bacteria-Planctomycetes-NA-NA-NA-Planctomycetes_bacterium_Pla163_WP_145192396.1                                           76.47%    failed      1.77%
  24  Bacteria-Planctomycetes-Planctomycetia-Planctomycetales-Gemmataceae-Gemmata_obscuriglobus_WP_081471784.1                  76.81%    failed      0.00%
  25  Bacteria-Proteobacteria-Alphaproteobacteria-Rhodospirillales-Rhodospirillaceae-Inquilinus_sp._KBS0705_WP_138807620.1      76.23%    passed     56.92%
  26  Bacteria-Proteobacteria-Gammaproteobacteria-Alteromonadales-Alteromonadaceae-Glaciecola_sp._THG3.7_WP_124747152.1         76.35%    passed     61.04%
  27  Bacteria-Spirochaetes-Spirochaetia-Leptospirales-Leptospiraceae-Leptospira_ilyithenensis_WP_135765833.1                   75.96%    passed     29.43%
  28  Eukaryota-Acytosteliales-Acytosteliales-Acytosteliales-Acytosteliaceae-Acytostelium_subglobosum_XP_012752235.1            74.22%    passed     13.54%
  29  Eukaryota-Acytosteliales-Acytosteliales-Acytosteliales-Cavenderiaceae-Cavenderia_fasciculata_XP_004361520.1               71.66%    passed     36.63%
  30  Eukaryota-Alveolata-Dinophyceae-NA-Unranked-Alexandrium_tamarense_MMETSP0384_c9195_g1_i1.p1                               75.21%    passed     88.19%
  31  Eukaryota-Alveolata-Dinophyceae-NA-Unranked-Gymnodinium_catenatum_MMETSP0784_c9944_g1_i1.p1                               75.90%    passed     76.57%
  32  Eukaryota-Amoebozoa-NA-NA-Paramoebidae-Filamoeba_nolandi_MMETSP0413_c7795_g1_i1.p1                                        75.12%    passed     96.39%
  33  Eukaryota-Amoebozoa-NA-NA-Paramoebidae-Sexangularia_sp_MMETSP0437_c2262_g1_i1.p1                                          75.78%    passed     89.83%
  34  Eukaryota-Annelida-Clitellata-Hirudinida-Glossiphoniidae-Helobdella_robusta_jgi185290                                     75.12%    passed     96.93%
  35  Eukaryota-Apicomplexa-Conoidasida-Eucoccidiorida-Eimeriidae-Eimeria_tenella_XP_013234865.1                                72.50%    failed      0.00%
  36  Eukaryota-Apicomplexa-Conoidasida-Eucoccidiorida-Sarcocystidae-Besnoitia_besnoiti_XP_029215631.1                          74.01%    passed     42.44%
  37  Eukaryota-Apusomonadidae-NA-NA-NA-Thecamonas_trahens_XP_013753157.1                                                       75.99%    passed     60.04%
  38  Eukaryota-Arthropoda-Insecta-Coleoptera-Nitidulidae-Aethina_tumida_XP_019867410.1                                         74.97%    passed     78.92%
  39  Eukaryota-Arthropoda-Malacostraca-Decapoda-Penaeidae-Penaeus_vannamei_XP_027233205.1                                      75.27%    passed     72.89%
  40  Eukaryota-Ascomycota-Dothideomycetes-Venturiales-Sympoventuriaceae-Verruconis_gallopava_XP_016215152.1                    72.65%    passed     65.05%
  41  Eukaryota-Ascomycota-Eurotiomycetes-Chaetothyriales-Herpotrichiellaceae-Exophiala_dermatitidis_XP_009156183.1             72.38%    passed     80.08%
  42  Eukaryota-Basidiomycota-Mixiomycetes-Mixiales-Mixiaceae-Mixia_osmundae_XP_014570890.1                                     70.52%    passed     61.24%
  43  Eukaryota-Basidiomycota-Ustilaginomycetes-Ustilaginales-Ustilaginaceae-Anthracocystis_flocculosa_XP_007880287.1           74.31%    passed     77.08%
  44  Eukaryota-Brachiopoda-Lingulata-Lingulida-Lingulidae-Lingula_anatina_XP_013405225.1                                       76.35%    passed     95.51%
  45  Eukaryota-Cercozoa-Chlorarachniophyceae-NA-NA-Bigelowiella_natans_CCMP2755_jgi58266                                       75.39%    passed     69.48%
  46  Eukaryota-Cercozoa-Chlorarachniophyceae-NA-NA-Gymnochlora_sp_MMETSP0110_c15906_g1_i1.p1                                   75.78%    passed     28.96%
  47  Eukaryota-Chlorophyta-NA-NA-NA-Crustomastix_stigmata_MMETSP0803_c3791_g1_i1.p1                                            74.67%    passed     30.34%
  48  Eukaryota-Chlorophyta-NA-NA-NA-Picocystis_salinarum_MMETSP1159_TR7920-c0_g1_i1.p1                                         74.31%    passed     99.37%
  49  Eukaryota-Chlorophyta-NA-Pyramimonadales-NA-Pyramimonas_parkeae_MMETSP0058_c33963_g1_i1.p1                                75.12%    passed     96.46%
  50  Eukaryota-Choanoflagellata-Choanoflagellata-Choanoflagellata-Salpingoecidae-Monosiga_brevicollis_XP_001746543.1           76.41%    passed     99.97%
  51  Eukaryota-Choanoflagellata-Choanoflagellata-Choanoflagellata-Salpingoecidae-Salpingoeca_rosetta_XP_004997537.1            76.56%    passed     90.47%
  52  Eukaryota-Chordata-Amphibia-Gymnophiona-Siphonopidae-Microcaecilia_unicolor_XP_030055699.1                                76.11%    passed     94.66%
  53  Eukaryota-Chordata-NA-NA-Branchiostomidae-Branchiostoma_belcheri_XP_019647276.1                                           76.29%    passed     61.93%
  54  Eukaryota-Chromeraceae-NA-NA-NA-Chromera_velia_MMETSP0290_c2331_g1_i1.p1                                                  72.02%    passed     26.59%
  55  Eukaryota-Chromeraceae-NA-NA-NA-Vitrella_brassicaformis_MMETSP1451_c36451_g1_i1.p1                                        73.80%    passed     60.14%
  56  Eukaryota-Chytridiomycota-Chytridiomycetes-Rhizophydiales-NA-Batrachochytrium_dendrobatidis_jgi16482                      76.05%    passed     75.79%
  57  Eukaryota-Chytridiomycota-Chytridiomycetes-Spizellomycetales-Spizellomycetaceae-Spizellomyces_punctatus_XP_016604450.1    60.53%    passed     54.78%
  58  Eukaryota-Ciliophora-NA-Unranked-NA-Tiarina_fusus_MMETSP0472_c12053_g1_i1.p1                                              75.24%    passed     99.28%
  59  Eukaryota-Ciliophora-Oligohymenophorea-Hymenostomatida-Tetrahymenidae-Tetrahymena_thermophila_XP_012652545.1              72.83%    failed      0.57%
  60  Eukaryota-Cnidaria-Anthozoa-Actiniaria-Aiptasiidae-Exaiptasia_pallida_XP_020893304.1                                      75.36%    passed     38.41%
  61  Eukaryota-Cnidaria-Anthozoa-Alcyonacea-Nephtheidae-Dendronephthya_gigantea_XP_028404847.1                                 75.96%    passed     99.91%
  62  Eukaryota-Cryptophyta-NA-Pyrenomonadales-Geminigeraceae-Guillardia_theta_CCMP2712_jgi100891                               75.75%    passed     99.49%
  63  Eukaryota-Cryptophyta-NA-Pyrenomonadales-NA-Geminigera_sp_MMETSP1102_c12151_g1_i1.p1                                      74.43%    passed     94.24%
  64  Eukaryota-Dictyosteliales-Dictyosteliales-Dictyosteliales-Dictyosteliaceae-Dictyostelium_discoideum_XP_638726.1           73.83%    passed     34.43%
  65  Eukaryota-Echinodermata-Asteroidea-Valvatida-Acanthasteridae-Acanthaster_planci_XP_022086330.1                            75.69%    passed     29.64%
  66  Eukaryota-Echinodermata-Echinoidea-Echinoida-Strongylocentrotidae-Strongylocentrotus_purpuratus_XP_780425.1               76.02%    passed     92.24%
  67  Eukaryota-Euglenida-NA-Eutreptiales-NA-Eutreptiella_gymnastica_MMETSP0039_c20472_g1_i1.p1                                 76.50%    passed     13.24%
  68  Eukaryota-Euglenida-NA-NA-Unranked-Neobodo_designis_MMETSP1114_c10086_g1_i1.p1                                            75.30%    passed     81.41%
  69  Eukaryota-Fonticulida-Fonticulida-Fonticulida-Fonticulaceae-Fonticula_alba_XP_009495577.1                                 73.01%    failed      0.07%
  70  Eukaryota-Glaucophyta-Glaucophyta-Gloeochaetales-Gloeochaetaceae-Gloeochaete_witrockiana_MMETSP0308_c5092_g1_i2.p1        75.63%    passed     98.74%
  71  Eukaryota-Glaucophyta-Glaucophyta-NA-Cyanophoraceae-Cyanophora_paradoxa_tig00000733_g3775.t1                              72.17%    failed      0.00%
  72  Eukaryota-Haptophyta-NA-Prymnesiales-NA-Prymnesium_parvum_MMETSP0815_c13011_g1_i1.p1                                      75.69%    passed     70.08%
  73  Eukaryota-Haptophyta-NA-Unranked-NA-Scyphosphaera_apsteinii_MMETSP1333_c4915_g1_i1.p1                                     75.72%    passed     94.31%
  74  Eukaryota-Hemichordata-Enteropneusta-NA-Harrimaniidae-Saccoglossus_kowalevskii_XP_002741928.1                             77.17%    passed     81.07%
  75  Eukaryota-Heterolobosea-NA-NA-NA-Percolomonas_cosmopolitus_MMETSP0759_c7879_g1_i1.p1                                      74.34%    passed     56.42%
  76  Eukaryota-Heterolobosea-NA-NA-Vahlkampfiidae-Naegleria_gruberi_jgi58675                                                   75.57%    passed     49.35%
  77  Eukaryota-Kinetoplastida-Kinetoplastida-Kinetoplastida-Trypanosomatidae-Leishmania_braziliensis_XP_001566127.1            75.96%    passed     61.01%
  78  Eukaryota-Kinetoplastida-Kinetoplastida-Kinetoplastida-Trypanosomatidae-Trypanosoma_theileri_XP_028883781.1               76.14%    passed     88.80%
  79  Eukaryota-Longamoebia-Longamoebia-Longamoebia-Acanthamoebidae-Acanthamoeba_castellanii_XP_004358074.1                     75.18%    passed     59.30%
  80  Eukaryota-Mesomycetozoea-Ichthyosporea-Ichthyophonida-NA-Sphaeroforma_arctica_XP_014159972.1                              75.96%    passed     99.06%
  81  Eukaryota-Mesomycetozoea-Ichthyosporea-NA-NA-Capsaspora_owczarzaki_XP_004349266.2                                         75.81%    passed     99.96%
  82  Eukaryota-Microsporidia-NA-NA-NA-Mitosporidium_daphniae_XP_013238582.1                                                    75.09%    passed     78.93%
  83  Eukaryota-Microsporidia-NA-NA-NA-Nematocida_parisii_XP_013059613.1                                                        76.35%    passed     12.95%
  84  Eukaryota-Mollusca-Gastropoda-Architaenioglossa-Ampullariidae-Pomacea_canaliculata_XP_025088063.1                         75.81%    passed     95.10%
  85  Eukaryota-Mollusca-Gastropoda-NA-Lottiidae-Lottia_gigantea_jgi206843                                                      76.14%    passed     78.60%
  86  Eukaryota-Mucorales-Mucoraceae-Undefined-Undefined-Mucor_circinelloides_jgi79078                                          76.23%    passed     96.94%
  87  Eukaryota-Mucoromycota-Mortierellomycetes-Mortierellales-Mortierellaceae-Lobosporangium_transversale_XP_021881877.1       76.41%    passed     93.94%
  88  Eukaryota-Mucoromycota-Mucoromycetes-Mucorales-Rhizopodaceae-Rhizopus_microsporus_XP_023461778.1                          76.26%    passed     87.25%
  89  Eukaryota-Nematoda-Chromadorea-Rhabditida-Rhabditidae-Caenorhabditis_briggsae_XP_002641800.1                              76.23%    passed     99.84%
  90  Eukaryota-Nematoda-Enoplea-Trichinellida-Trichinellidae-Trichinella_spiralis_XP_003373025.1                               74.94%    passed     88.91%
  91  Eukaryota-Palpitomonas-NA-NA-NA-Palpitomonas_bilix_MMETSP0780_c3419_g1_i1.p1                                              89.59%    passed     92.10%
  92  Eukaryota-Perkinsozoa-NA-Perkinsida-Perkinsidae-Perkinsus_marinus_XP_002785979.1                                          76.17%    passed     97.88%
  93  Eukaryota-Placozoa-NA-NA-Trichoplacidae-Trichoplax_adhaerens_XP_002116037.1                                               76.53%    passed     98.44%
  94  Eukaryota-Platyhelminthes-Cestoda-Cyclophyllidea-Taeniidae-Echinococcus_granulosus_XP_024354866.1                         74.97%    passed     96.46%
  95  Eukaryota-Platyhelminthes-Trematoda-Strigeidida-Schistosomatidae-Schistosoma_mansoni_XP_018651820.1                       74.82%    passed     94.67%
  96  Eukaryota-Porifera-Demospongiae-Haplosclerida-Niphatidae-Amphimedon_queenslandica_XP_003386357.1                          76.11%    passed     94.51%
  97  Eukaryota-Priapulida-Priapulimorpha-Priapulimorphida-Priapulidae-Priapulus_caudatus_XP_014662625.1                        77.17%    passed     94.37%
  98  Eukaryota-Retaria-NA-NA-NA-Ammonia_sp_MMETSP1384_c20276_g1_i1.p1                                                          75.09%    passed     37.52%
  99  Eukaryota-Retaria-NA-NA-NA-Elphidium_margaritaceum_MMETSP1385_c19054_g1_i1.p1                                             75.57%    passed     96.13%
 100  Eukaryota-Rhodophyta-Bangiophyceae-Cyanidiales-Cyanidiaceae-Galdieria_sulphuraria_XP_005706607.1                          75.54%    passed     98.61%
 101  Eukaryota-Rhodophyta-Florideophyceae-Gigartinales-Gigartinaceae-Chondrus_crispus_XP_005717776.1                           75.81%    passed     95.26%
 102  Eukaryota-Stramenopiles-Dictyochophyceae-Florenciellales-NA-Florenciella_parvula_MMETSP1344_c1244_g1_i1.p1                75.57%    passed     93.81%
 103  Eukaryota-Stramenopiles-Dictyochophyceae-Rhizochromulinales-NA-Rhizochromulina_marinacf_MMETSP1173_c1129_g1_i1.p1         76.41%    passed     97.91%
 104  Eukaryota-Streptophyta-NA-Brassicales-Brassicaceae-Arabidopsis_thaliana_NP_179770.1                                       75.45%    passed     99.30%
 105  Eukaryota-Streptophyta-NA-Fabales-Fabaceae-Lupinus_angustifolius_XP_019430219.1                                           75.72%    passed     99.92%
 106  Eukaryota-Trichomonadida-Trichomonadida-Trichomonadida-Trichomonadidae-Trichomonas_vaginalis_XP_001580988.1               81.53%    passed     10.29%
 107  MSTRG.3989.1.p1                                                                                                           73.44%    passed     51.46%
 108  Paulinella_chromatophora_CCAC0185_nuclear___scaffold1426-m19028                                                           73.44%    passed     77.01%
 109  Paulinella_ovalis_nuclear_SingleCell___SAG6_contig00003.g4.t1                                                             66.03%    failed      1.23%
 110  Viruses-Ackermannviridae-NA-NA-NA-Klebsiella_virus_0507KN21_YP_008531966.1                                                77.11%    passed     25.52%
 111  Viruses-Ackermannviridae-NA-NA-NA-Serratia_virus_MAM1_YP_007349107.1                                                      76.96%    passed     49.78%
 112  Viruses-Alloherpesviridae-NA-NA-NA-Anguillid_herpesvirus_1_YP_003358255.2                                                 73.26%    passed     15.62%
 113  Viruses-Alloherpesviridae-NA-NA-NA-Cyprinid_herpesvirus_1_YP_007003794.1                                                  75.99%    passed     75.95%
 114  Viruses-Ascoviridae-NA-NA-NA-Diadromus_pulchellus_toursvirus_YP_009640042.1                                               82.55%    passed     65.81%
 115  Viruses-Asfarviridae-NA-NA-NA-African_swine_fever_virus_NP_042739.1                                                       76.59%    passed     27.58%
 116  Viruses-Baculoviridae-NA-NA-NA-Hemileuca_species_nucleopolyhedrovirus_YP_008378353.1                                      76.08%    passed     12.42%
 117  Viruses-Baculoviridae-NA-NA-NA-Spodoptera_littoralis_nucleopolyhedrovirus_YP_009505829.1                                  75.09%    passed     28.98%
 118  Viruses-Herelleviridae-NA-NA-NA-Bacillus_phage_Eldridge_YP_009274812.1                                                    77.26%    passed     27.82%
 119  Viruses-Herelleviridae-NA-NA-NA-Listeria_virus_LMSP25_YP_009043131.1                                                      77.35%    passed      5.90%
 120  Viruses-Herpesviridae-NA-NA-NA-Columbid_alphaherpesvirus_1_YP_009046537.1                                                 75.12%    failed      0.06%
 121  Viruses-Herpesviridae-NA-NA-NA-Gallid_alphaherpesvirus_3_NP_066871.1                                                      76.02%    failed      0.58%
 122  Viruses-Hytrosaviridae-NA-NA-NA-Musca_hytrovirus_YP_001883393.1                                                           76.38%    passed     26.69%
 123  Viruses-Iridoviridae-NA-NA-NA-Invertebrate_iridescent_virus_31_YP_009046711.1                                             81.11%    failed      1.10%
 124  Viruses-Iridoviridae-NA-NA-NA-Shortfinned_eel_ranavirus_YP_009259397.1                                                    83.00%    failed      0.46%
 125  Viruses-Malacoherpesviridae-NA-NA-NA-Haliotid_herpesvirus_1_YP_006908672.1                                                75.18%    passed     12.37%
 126  Viruses-Malacoherpesviridae-NA-NA-NA-Ostreid_herpesvirus_1_YP_024594.1                                                    74.88%    failed      3.64%
 127  Viruses-Marseilleviridae-NA-NA-NA-Marseillevirus_marseillevirus_YP_003406952.1                                            72.44%    failed      0.09%
 128  Viruses-Marseilleviridae-NA-NA-NA-Tokyovirus_A1_YP_009254993.1                                                            76.53%    failed      3.34%
 129  Viruses-Mimiviridae-NA-NA-NA-Acanthamoeba_polyphaga_mimivirus_YP_003986816.1                                              73.50%    failed      0.00%
 130  Viruses-Mimiviridae-NA-NA-NA-Moumouvirus_YP_007354486.1                                                                   74.46%    failed      0.00%
 131  Viruses-Myoviridae-NA-NA-NA-Bacillus_virus_SP15_YP_009302417.1                                                            76.53%    passed     73.16%
 132  Viruses-Myoviridae-NA-NA-NA-Synechococcus_phage_SSSM5_YP_004324792.1                                                      76.99%    passed     10.07%
 133  Viruses-NA-NA-NA-NA-Apis_mellifera_filamentous_virus_YP_009165865.1                                                       73.59%    failed      0.00%
 134  Viruses-NA-NA-NA-NA-Pacmanvirus_A23_YP_009361413.1                                                                        72.05%    failed      0.01%
 135  Viruses-Nimaviridae-NA-NA-NA-White_spot_syndrome_virus_YP_009220529.1                                                     74.49%    passed     52.56%
 136  Viruses-Nudiviridae-NA-NA-NA-Heliothis_zea_nudivirus_YP_004956795.1                                                       71.78%    passed      6.07%
 137  Viruses-Nudiviridae-NA-NA-NA-Tomelloso_virus_YP_009553415.1                                                               78.10%    passed     21.80%
 138  Viruses-Phycodnaviridae-NA-NA-NA-Emiliania_huxleyi_virus_86_YP_294186.1                                                   77.56%    passed     88.66%
 139  Viruses-Phycodnaviridae-NA-NA-NA-Feldmannia_species_virus_YP_002154718.1                                                  76.74%    passed     64.69%
 140  Viruses-Pithoviridae-NA-NA-NA-Cedratvirus_A11_YP_009329125.1                                                              67.96%    passed      6.30%
 141  Viruses-Pithoviridae-NA-NA-NA-Pithovirus_sibericum_YP_009001024.1                                                         74.85%    passed     41.74%
 142  Viruses-Podoviridae-NA-NA-NA-Alteromonas_phage_vB_AmaP_AD45P1_YP_008126084.1                                              82.76%    passed     35.14%
 143  Viruses-Podoviridae-NA-NA-NA-Pelagibacter_phage_HTVC019P_YP_007517830.1                                                   82.43%    passed     86.01%
 144  Viruses-Poxviridae-NA-NA-NA-Cowpox_virus_NP_619870.1                                                                      76.81%    failed      3.33%
 145  Viruses-Poxviridae-NA-NA-NA-Eptesipox_virus_YP_009408000.1                                                                77.08%    failed      0.01%
 146  Viruses-Siphoviridae-NA-NA-NA-Cellulophaga_virus_ST_YP_007673424.1                                                        76.26%    failed      0.03%
 147  Viruses-Siphoviridae-NA-NA-NA-Pseudomonas_virus_nickie_YP_009620745.1                                                     77.35%    passed     24.36%
WARNING: 147 sequences contain more than 50% gaps/ambiguity
****  TOTAL                                                                                                                     75.56%  35 sequences failed composition chi2 test (p-value<5%; df=19)

Create initial parsimony tree by phylogenetic likelihood library (PLL)... 0.345 seconds
Generating 2000 samples for ultrafast bootstrap (seed: 398703)...

NOTE: 339 MB RAM (0 GB) is required!
Measuring multi-threading efficiency up to 6 CPU cores
2 trees examined
Threads: 1 / Time: 6.287 sec / Speedup: 1.000 / Efficiency: 100% / LogL: -177202
Threads: 2 / Time: 5.907 sec / Speedup: 1.064 / Efficiency: 53% / LogL: -177202
Threads: 3 / Time: 4.641 sec / Speedup: 1.355 / Efficiency: 45% / LogL: -177202
BEST NUMBER OF THREADS: 2

Estimate model parameters (epsilon = 0.100)
1. Initial log-likelihood: -155468.891
2. Current log-likelihood: -145653.314
3. Current log-likelihood: -145331.616
4. Current log-likelihood: -145314.344
5. Current log-likelihood: -145309.419
6. Current log-likelihood: -145307.003
7. Current log-likelihood: -145305.350
8. Current log-likelihood: -145303.913
9. Current log-likelihood: -145302.554
10. Current log-likelihood: -145301.437
11. Current log-likelihood: -145300.726
12. Current log-likelihood: -145300.315
13. Current log-likelihood: -145300.214
Optimal log-likelihood: -145300.047
Site proportion and rates:  (0.085,0.054) (0.146,0.180) (0.126,0.355) (0.174,0.584) (0.097,0.924) (0.143,1.355) (0.230,2.347)
Parameters optimization took 13 rounds (296.457 sec)
Computing ML distances based on estimated model parameters... 22.834 sec
Computing BIONJ tree...
0.023 seconds
Log-likelihood of BIONJ tree: -145310.812
--------------------------------------------------------------------
|             INITIALIZING CANDIDATE TREE SET                      |
--------------------------------------------------------------------
Generating 98 parsimony trees... 41.372 second
Computing log-likelihood of 98 initial trees ... 311.450 seconds
Current best score: -145300.047

Do NNI search on 20 best initial trees
Estimate model parameters (epsilon = 0.100)
BETTER TREE FOUND at iteration 1: -145048.986
Estimate model parameters (epsilon = 0.100)
BETTER TREE FOUND at iteration 3: -145021.269
Iteration 10 / LogL: -145063.055 / Time: 0h:25m:30s
Iteration 20 / LogL: -145145.404 / Time: 0h:31m:26s
Finish initializing candidate tree set (20)
Current best tree score: -145021.269 / CPU time: 1518.312
Number of iterations: 20
--------------------------------------------------------------------
|               OPTIMIZING CANDIDATE TREE SET                      |
--------------------------------------------------------------------
Estimate model parameters (epsilon = 0.100)
BETTER TREE FOUND at iteration 23: -145011.080
Estimate model parameters (epsilon = 0.100)
BETTER TREE FOUND at iteration 26: -145005.598
Estimate model parameters (epsilon = 0.100)
BETTER TREE FOUND at iteration 27: -145000.108
Estimate model parameters (epsilon = 0.100)
BETTER TREE FOUND at iteration 28: -144998.305
Iteration 30 / LogL: -145006.460 / Time: 0h:41m:43s (2h:20m:25s left)
Iteration 40 / LogL: -145008.532 / Time: 0h:47m:53s (1h:47m:41s left)
Iteration 50 / LogL: -145008.570 / Time: 0h:54m:20s (1h:26m:14s left)
Log-likelihood cutoff on original alignment: -145138.899
Iteration 60 / LogL: -145005.865 / Time: 1h:0m:18s (1h:9m:18s left)
Estimate model parameters (epsilon = 0.100)
BETTER TREE FOUND at iteration 69: -144996.205
Iteration 70 / LogL: -145014.203 / Time: 1h:7m:47s (1h:37m:1s left)
Iteration 80 / LogL: -145012.161 / Time: 1h:13m:43s (1h:22m:52s left)
Estimate model parameters (epsilon = 0.100)
BETTER TREE FOUND at iteration 85: -144990.241
Estimate model parameters (epsilon = 0.100)
BETTER TREE FOUND at iteration 90: -144989.576
Iteration 90 / LogL: -144989.576 / Time: 1h:21m:22s (1h:31m:14s left)
Iteration 100 / LogL: -145002.681 / Time: 1h:27m:45s (1h:19m:38s left)
Log-likelihood cutoff on original alignment: -145138.899
NOTE: Bootstrap correlation coefficient of split occurrence frequencies: 0.986
NOTE: UFBoot does not converge, continue at least 100 more iterations
Iteration 110 / LogL: -144997.001 / Time: 1h:33m:55s (1h:17m:24s left)
Iteration 120 / LogL: -144998.634 / Time: 1h:39m:51s (1h:7m:1s left)
Estimate model parameters (epsilon = 0.100)
BETTER TREE FOUND at iteration 121: -144988.812
Iteration 130 / LogL: -145003.808 / Time: 1h:46m:17s (1h:14m:51s left)
Estimate model parameters (epsilon = 0.100)
BETTER TREE FOUND at iteration 136: -144988.068
Estimate model parameters (epsilon = 0.100)
BETTER TREE FOUND at iteration 138: -144980.502
Iteration 140 / LogL: -145021.121 / Time: 1h:53m:15s (1h:19m:44s left)
Iteration 150 / LogL: -144995.535 / Time: 1h:58m:45s (1h:10m:2s left)
Log-likelihood cutoff on original alignment: -145127.498
Estimate model parameters (epsilon = 0.100)
BETTER TREE FOUND at iteration 158: -144975.857
Iteration 160 / LogL: -144985.380 / Time: 2h:4m:50s (1h:16m:50s left)
Iteration 170 / LogL: -144985.983 / Time: 2h:8m:45s (1h:6m:57s left)
Iteration 180 / LogL: -144984.837 / Time: 2h:12m:17s (0h:57m:34s left)
Estimate model parameters (epsilon = 0.100)
BETTER TREE FOUND at iteration 184: -144968.423
Iteration 190 / LogL: -144973.954 / Time: 2h:18m:30s (1h:8m:48s left)
Iteration 200 / LogL: -144976.775 / Time: 2h:23m:54s (1h:0m:40s left)
Log-likelihood cutoff on original alignment: -145118.780
NOTE: Bootstrap correlation coefficient of split occurrence frequencies: 0.963
NOTE: UFBoot does not converge, continue at least 100 more iterations
Estimate model parameters (epsilon = 0.100)
BETTER TREE FOUND at iteration 207: -144965.383
Estimate model parameters (epsilon = 0.100)
BETTER TREE FOUND at iteration 210: -144961.549
Iteration 210 / LogL: -144961.549 / Time: 2h:30m:39s (1h:12m:0s left)
Iteration 220 / LogL: -144992.053 / Time: 2h:35m:46s (1h:3m:56s left)
Iteration 230 / LogL: -144976.987 / Time: 2h:39m:24s (0h:55m:37s left)
Iteration 240 / LogL: -144966.459 / Time: 2h:42m:30s (0h:47m:32s left)
Iteration 250 / LogL: -144967.573 / Time: 2h:46m:21s (0h:40m:2s left)
Log-likelihood cutoff on original alignment: -145118.780
Estimate model parameters (epsilon = 0.100)
BETTER TREE FOUND at iteration 251: -144959.504
Iteration 260 / LogL: -144988.286 / Time: 2h:52m:17s (1h:0m:28s left)
Iteration 270 / LogL: -144965.457 / Time: 2h:56m:11s (0h:53m:0s left)
Estimate model parameters (epsilon = 0.100)
BETTER TREE FOUND at iteration 280: -144958.627
Iteration 280 / LogL: -144958.627 / Time: 3h:0m:8s (1h:4m:30s left)
Iteration 290 / LogL: -144967.661 / Time: 3h:4m:22s (0h:57m:21s left)
Iteration 300 / LogL: -144962.319 / Time: 3h:9m:16s (0h:50m:35s left)
Log-likelihood cutoff on original alignment: -145118.780
NOTE: Bootstrap correlation coefficient of split occurrence frequencies: 0.956
NOTE: UFBoot does not converge, continue at least 100 more iterations
Iteration 310 / LogL: -144974.433 / Time: 3h:13m:15s (0h:56m:14s left)
Iteration 320 / LogL: -144962.317 / Time: 3h:16m:14s (0h:49m:10s left)
Iteration 330 / LogL: -144968.966 / Time: 3h:19m:12s (0h:42m:20s left)
Iteration 340 / LogL: -144971.207 / Time: 3h:21m:53s (0h:35m:42s left)
Iteration 350 / LogL: -144961.639 / Time: 3h:24m:59s (0h:29m:20s left)
Log-likelihood cutoff on original alignment: -145118.780
Iteration 360 / LogL: -144961.110 / Time: 3h:27m:57s (0h:23m:9s left)
Iteration 370 / LogL: -144968.115 / Time: 3h:30m:50s (0h:17m:7s left)
Iteration 380 / LogL: -144976.905 / Time: 3h:33m:48s (0h:11m:16s left)
Iteration 390 / LogL: -144961.853 / Time: 3h:36m:52s (0h:5m:34s left)
Iteration 400 / LogL: -144971.588 / Time: 3h:39m:45s (0h:0m:0s left)
Log-likelihood cutoff on original alignment: -145118.780
NOTE: Bootstrap correlation coefficient of split occurrence frequencies: 0.979
NOTE: UFBoot does not converge, continue at least 100 more iterations
Iteration 410 / LogL: -144992.923 / Time: 3h:43m:8s (0h:49m:3s left)
Iteration 420 / LogL: -144966.549 / Time: 3h:46m:56s (0h:43m:17s left)
Iteration 430 / LogL: -145008.574 / Time: 3h:50m:39s (0h:37m:36s left)
Iteration 440 / LogL: -144977.846 / Time: 3h:53m:32s (0h:31m:53s left)
Estimate model parameters (epsilon = 0.100)
BETTER TREE FOUND at iteration 444: -144957.797
Iteration 450 / LogL: -144999.037 / Time: 3h:58m:40s (0h:49m:56s left)
Log-likelihood cutoff on original alignment: -145118.780
Iteration 460 / LogL: -144967.387 / Time: 4h:2m:32s (0h:44m:21s left)
Iteration 470 / LogL: -144979.036 / Time: 4h:5m:47s (0h:38m:45s left)
Iteration 480 / LogL: -144966.603 / Time: 4h:9m:15s (0h:33m:16s left)
Iteration 490 / LogL: -144989.994 / Time: 4h:12m:4s (0h:27m:49s left)
Iteration 500 / LogL: -144979.661 / Time: 4h:15m:17s (0h:22m:29s left)
Log-likelihood cutoff on original alignment: -145118.780
NOTE: Bootstrap correlation coefficient of split occurrence frequencies: 0.995
Iteration 510 / LogL: -144974.450 / Time: 4h:18m:40s (0h:45m:42s left)
Iteration 520 / LogL: -144989.210 / Time: 4h:21m:46s (0h:40m:19s left)
Iteration 530 / LogL: -144959.712 / Time: 4h:24m:43s (0h:35m:0s left)
Iteration 540 / LogL: -144977.979 / Time: 4h:27m:42s (0h:29m:46s left)
TREE SEARCH COMPLETED AFTER 545 ITERATIONS / Time: 4h:29m:13s

--------------------------------------------------------------------
|                    FINALIZING TREE SEARCH                        |
--------------------------------------------------------------------
Performs final model parameters optimization
Estimate model parameters (epsilon = 0.010)
1. Initial log-likelihood: -144957.797
2. Current log-likelihood: -144957.768
Optimal log-likelihood: -144957.757
Site proportion and rates:  (0.039,0.024) (0.103,0.105) (0.147,0.234) (0.168,0.463) (0.153,0.758) (0.173,1.321) (0.217,2.454)
Parameters optimization took 2 rounds (14.650 sec)
BEST SCORE FOUND : -144957.757
Creating bootstrap support values...
Split supports printed to NEXUS file K10807.blastp_ALL.outfmt6.parsed.filtered.uniq.faa.mafft.aln.splits.nex
Total tree length: 111.764

Total number of iterations: 545
CPU time used for tree search: 30952.382 sec (8h:35m:52s)
Wall-clock time used for tree search: 15785.968 sec (4h:23m:5s)
Total CPU time used: 31948.881 sec (8h:52m:28s)
Total wall-clock time used: 16169.661 sec (4h:29m:29s)

Computing bootstrap consensus tree...
Reading input file K10807.blastp_ALL.outfmt6.parsed.filtered.uniq.faa.mafft.aln.splits.nex...
147 taxa and 1314 splits.
Consensus tree written to K10807.blastp_ALL.outfmt6.parsed.filtered.uniq.faa.mafft.aln.contree
Reading input trees file K10807.blastp_ALL.outfmt6.parsed.filtered.uniq.faa.mafft.aln.contree
Log-likelihood of consensus tree: -144961.833

Analysis results written to: 
  IQ-TREE report:                K10807.blastp_ALL.outfmt6.parsed.filtered.uniq.faa.mafft.aln.iqtree
  Maximum-likelihood tree:       K10807.blastp_ALL.outfmt6.parsed.filtered.uniq.faa.mafft.aln.treefile
  Likelihood distances:          K10807.blastp_ALL.outfmt6.parsed.filtered.uniq.faa.mafft.aln.mldist

Ultrafast bootstrap approximation results written to:
  Split support values:          K10807.blastp_ALL.outfmt6.parsed.filtered.uniq.faa.mafft.aln.splits.nex
  Consensus tree:                K10807.blastp_ALL.outfmt6.parsed.filtered.uniq.faa.mafft.aln.contree
  Screen log file:               K10807.blastp_ALL.outfmt6.parsed.filtered.uniq.faa.mafft.aln.log

Date and Time: Wed Oct 13 03:19:06 2021
