IQ-TREE multicore version 1.6.12 for Linux 64-bit built Aug 15 2019
Developed by Bui Quang Minh, Nguyen Lam Tung, Olga Chernomor,
Heiko Schmidt, Dominik Schrempf, Michael Woodhams.

Host:    coral (AVX512, FMA3, 376 GB RAM)
Command: /home/timothy/programs/iqtree-1.6.12-Linux/bin/iqtree -s K11540.blastp_ALL.outfmt6.parsed.filtered.uniq.faa.mafft.aln -nt AUTO -ntmax 6 -m LG+R7 -bb 2000 -nm 2000 -quiet
Seed:    405281 (Using SPRNG - Scalable Parallel Random Number Generator)
Time:    Tue Oct 12 22:58:15 2021
Kernel:  AVX+FMA - auto-detect threads (96 CPU cores detected)

Reading alignment file K11540.blastp_ALL.outfmt6.parsed.filtered.uniq.faa.mafft.aln ... Fasta format detected
Alignment most likely contains protein sequences
Alignment has 127 sequences with 4828 columns, 3743 distinct patterns
2248 parsimony-informative, 930 singleton sites, 1650 constant sites
                                                                                                                                                     Gap/Ambiguity  Composition  p-value
   1  Archaea-CandidatusBathyarchaeota-NA-NA-NA-Candidatus_Bathyarchaeota_archaeon_WP_116595623.1                                                           92.11%    failed      1.39%
   2  Archaea-CandidatusKorarchaeota-NA-NA-NA-Candidatus_Methanodesulfokores_washburnensis_WP_125671079.1                                                   91.84%    passed     73.96%
   3  Archaea-Crenarchaeota-Thermoprotei-Desulfurococcales-Pyrodictiaceae-Pyrolobus_fumarii_WP_048191523.1                                                  91.98%    failed      0.25%
   4  Archaea-Crenarchaeota-Thermoprotei-Sulfolobales-Sulfolobaceae-Sulfolobus_islandicus_WP_012718896.1                                                    92.40%    failed      0.01%
   5  Archaea-Euryarchaeota-Thermococci-Thermococcales-Thermococcaceae-Pyrococcus_sp._NA2_WP_013747968.1                                                    92.27%    failed      1.21%
   6  Archaea-Euryarchaeota-Thermococci-Thermococcales-Thermococcaceae-Thermococcus_paralvinellae_WP_042679933.1                                            92.27%    failed      0.41%
   7  Archaea-NA-NA-NA-NA-archaeon_AArcSl_WP_119820213.1                                                                                                    92.69%    failed      0.02%
   8  Archaea-Thaumarchaeota-Nitrososphaeria-Nitrososphaerales-Nitrososphaeraceae-Candidatus_Nitrososphaera_evergladensis_WP_148700840.1                    91.65%    failed      2.88%
   9  Archaea-Thaumarchaeota-Nitrososphaeria-Nitrososphaerales-Nitrososphaeraceae-Nitrososphaera_viennensis_WP_075054168.1                                  91.55%    failed      2.71%
  10  Bacteria-Acidobacteria-Holophagae-NA-NA-Holophagae_bacterium_WP_116784545.1                                                                           92.38%    failed      0.01%
  11  Bacteria-Actinobacteria-Actinobacteria-Micrococcales-Microbacteriaceae-Hymenobacter_sp._Fur1_WP_144845485.1                                           92.50%    passed     73.78%
  12  Bacteria-Actinobacteria-Actinobacteria-Micrococcales-Micrococcaceae-Citricoccus_massiliensis_WP_102415309.1                                           92.42%    passed     48.91%
  13  Bacteria-Aquificae-Aquificae-Aquificales-Aquificaceae-Hydrogenivirga_sp._1285R11_WP_008286795.1                                                       92.25%    passed      9.80%
  14  Bacteria-Aquificae-Aquificae-Desulfurobacteriales-Desulfurobacteriaceae-Balnearium_lithotrophicum_WP_142935823.1                                      92.15%    passed     24.39%
  15  Bacteria-Armatimonadetes-NA-NA-NA-Armatimonadetes_bacterium_UphvlAr1_WP_146668422.1                                                                   92.40%    passed      7.33%
  16  Bacteria-Bacteroidetes-Bacteroidia-Bacteroidales-Porphyromonadaceae-Petrimonas_mucosa_WP_083373432.1                                                  69.95%    failed      0.24%
  17  Bacteria-Bacteroidetes-Bacteroidia-Bacteroidales-Porphyromonadaceae-Porphyromonadaceae_bacterium_KHP3R9_WP_092031644.1                                69.95%    failed      0.23%
  18  Bacteria-Calditrichaeota-Calditrichae-Calditrichales-Calditrichaceae-Caldithrix_abyssi_WP_006927988.1                                                 92.58%    passed     26.28%
  19  Bacteria-CandidatusMarinimicrobia-NA-NA-NA-Candidatus_Marinimicrobia_bacterium_WP_129215040.1                                                         92.15%    passed     82.10%
  20  Bacteria-Chlamydiae-Chlamydiia-Parachlamydiales-Criblamydiaceae-Criblamydia_sequanensis_WP_079977934.1                                                92.29%    passed     11.22%
  21  Bacteria-Chlamydiae-Chlamydiia-Parachlamydiales-Waddliaceae-Waddlia_chondrophila_WP_013181446.1                                                       70.03%    failed      0.27%
  22  Bacteria-Chloroflexi-Ktedonobacteria-Ktedonobacterales-Dictyobacteraceae-Dictyobacter_alpinus_WP_126626187.1                                          92.52%    failed      2.80%
  23  Bacteria-Chloroflexi-Ktedonobacteria-Ktedonobacterales-Thermosporotrichaceae-Thermosporothrix_hazakensis_WP_111322316.1                               92.13%    passed     92.02%
  24  Bacteria-Cyanobacteria-NA-Oscillatoriales-Microcoleaceae-Hydrocoleum_sp._CS953_WP_094673781.1                                                         92.09%    passed     64.73%
  25  Bacteria-Cyanobacteria-NA-Synechococcales-Leptolyngbyaceae-Leptolyngbya_sp._NIES2104_WP_059001645.1                                                   92.15%    passed     66.37%
  26  Bacteria-Deferribacteres-Deferribacteres-Deferribacterales-Deferribacteraceae-Deferribacter_desulfuricans_WP_013007738.1                              92.29%    failed      1.17%
  27  Bacteria-Deferribacteres-Deferribacteres-Deferribacterales-Deferribacteraceae-Geovibrio_sp._L21AceBES_WP_022849734.1                                  92.29%    passed     31.84%
  28  Bacteria-Dictyoglomi-Dictyoglomia-Dictyoglomales-Dictyoglomaceae-Dictyoglomus_sp._ob14_WP_148806058.1                                                 92.61%    failed      0.49%
  29  Bacteria-Elusimicrobia-Elusimicrobia-Elusimicrobiales-Elusimicrobiaceae-Elusimicrobium_minutum_WP_012415200.1                                         91.92%    failed      0.00%
  30  Bacteria-Elusimicrobia-Endomicrobia-Endomicrobiales-Endomicrobiaceae-Endomicrobium_proavitum_WP_052570064.1                                           92.07%    passed     10.09%
  31  Bacteria-Firmicutes-Clostridia-Clostridiales-NA-NA_WP_118428826.1                                                                                     92.56%    passed     18.64%
  32  Bacteria-Firmicutes-Negativicutes-Acidaminococcales-Acidaminococcaceae-NA_WP_016459547.1                                                              70.40%    failed      0.00%
  33  Bacteria-Fusobacteria-Fusobacteriia-Fusobacteriales-Fusobacteriaceae-Fusobacterium_nucleatum_WP_029758948.1                                           92.46%    passed     10.94%
  34  Bacteria-Fusobacteria-Fusobacteriia-Fusobacteriales-Leptotrichiaceae-Leptotrichia_trevisanii_WP_026749167.1                                           92.44%    passed      8.84%
  35  Bacteria-Ignavibacteriae-Ignavibacteria-Ignavibacteriales-Ignavibacteriaceae-Ignavibacterium_album_WP_014561589.1                                     92.58%    passed     21.12%
  36  Bacteria-Ignavibacteriae-Ignavibacteria-Ignavibacteriales-Melioribacteraceae-Melioribacter_roseus_WP_014856009.1                                      92.54%    passed      6.96%
  37  Bacteria-NA-NA-NA-NA-bacterium_J102018_WP_121699322.1                                                                                                 92.63%    passed     90.83%
  38  Bacteria-NA-NA-NA-NA-Thermobaculum_terrenum_WP_012875313.1                                                                                            92.38%    passed     20.73%
  39  Bacteria-Nitrospirae-Nitrospira-Nitrospirales-Nitrospiraceae-NA_WP_012545700.1                                                                        92.48%    failed      0.23%
  40  Bacteria-Nitrospirae-Nitrospira-Nitrospirales-Nitrospiraceae-Thermodesulfovibrio_sp._N1_WP_068859864.1                                                92.52%    failed      0.74%
  41  Bacteria-Planctomycetes-NA-NA-NA-Planctomycetes_bacterium_Pan44_WP_145034065.1                                                                        92.17%    passed     39.68%
  42  Bacteria-Planctomycetes-Planctomycetia-Planctomycetales-Planctomycetaceae-Planctomicrobium_piriforme_WP_092055274.1                                   92.05%    passed     22.35%
  43  Bacteria-Proteobacteria-Gammaproteobacteria-Legionellales-Coxiellaceae-Aquicella_lusitana_WP_114834943.1                                              92.77%    passed     87.27%
  44  Bacteria-Proteobacteria-Gammaproteobacteria-Legionellales-Coxiellaceae-Rickettsiella_grylli_WP_040615301.1                                            92.75%    passed      9.82%
  45  Bacteria-Spirochaetes-Spirochaetia-Leptospirales-Leptospiraceae-Leptospira_broomii_WP_010570532.1                                                     92.36%    failed      2.57%
  46  Bacteria-Spirochaetes-Spirochaetia-Spirochaetales-Spirochaetaceae-Treponema_sp._J25_WP_132779430.1                                                    91.61%    passed     16.70%
  47  Bacteria-Thermodesulfobacteria-Thermodesulfobacteria-Thermodesulfobacteriales-Thermodesulfobacteriaceae-Caldimicrobium_thiodismutans_WP_082706337.1   92.13%    failed      1.67%
  48  Bacteria-Thermodesulfobacteria-Thermodesulfobacteria-Thermodesulfobacteriales-Thermodesulfobacteriaceae-Thermosulfurimonas_dismutans_WP_068670933.1   92.46%    passed     39.55%
  49  Bacteria-Verrucomicrobia-Verrucomicrobiae-Verrucomicrobiales-Akkermansiaceae-Akkermansia_muciniphila_WP_102721900.1                                   92.29%    passed     37.15%
  50  Bacteria-Verrucomicrobia-Verrucomicrobiae-Verrucomicrobiales-Verrucomicrobiaceae-Brevifollis_gellanilyticus_WP_146854593.1                            92.00%    passed     78.21%
  51  Eukaryota-Acytosteliales-Acytosteliales-Acytosteliales-Acytosteliaceae-Heterostelium_album_XP_020433889.1                                             54.66%    passed     64.16%
  52  Eukaryota-Acytosteliales-Acytosteliales-Acytosteliales-Cavenderiaceae-Cavenderia_fasciculata_XP_004361697.1                                           54.00%    passed     32.13%
  53  Eukaryota-Alveolata-Dinophyceae-NA-Unranked-Alexandrium_tamarense_MMETSP0382_c10746_g1_i1.p1                                                          67.00%    passed      8.66%
  54  Eukaryota-Alveolata-Dinophyceae-NA-Unranked-Symbiodinium_sp_MMETSP1367_c12140_g1_i1.p1                                                                66.98%    passed     94.76%
  55  Eukaryota-Amoebozoa-NA-NA-Paramoebidae-Mayorella_sp_MMETSP0417_c4575_g2_i2.p1                                                                         52.42%    failed      0.00%
  56  Eukaryota-Amoebozoa-NA-NA-Paramoebidae-Paramoeba_atlantica_MMETSP0151_c2736_g1_i1.p1                                                                  67.98%    passed     70.99%
  57  Eukaryota-Annelida-Clitellata-Hirudinida-Glossiphoniidae-Helobdella_robusta_jgi186717                                                                 55.01%    passed     12.72%
  58  Eukaryota-Apicomplexa-Aconoidasida-Piroplasmida-Theileriidae-Theileria_equi_XP_004831446.1                                                            66.45%    passed      5.12%
  59  Eukaryota-Apicomplexa-Conoidasida-Eucoccidiorida-Sarcocystidae-Besnoitia_besnoiti_XP_029221024.1                                                      64.62%    failed      0.03%
  60  Eukaryota-Arthropoda-Collembola-Entomobryomorpha-Isotomidae-Folsomia_candida_XP_021967975.1                                                           52.32%    passed     97.16%
  61  Eukaryota-Arthropoda-Malacostraca-Decapoda-Penaeidae-Penaeus_vannamei_XP_027221633.1                                                                  52.57%    failed      0.10%
  62  Eukaryota-Ascomycota-Saccharomycetes-Saccharomycetales-Debaryomycetaceae-Candida_viswanathii_XP_026591615.1                                           54.23%    failed      0.04%
  63  Eukaryota-Ascomycota-Saccharomycetes-Saccharomycetales-Debaryomycetaceae-Meyerozyma_guilliermondii_XP_001486309.1                                     54.37%    failed      0.98%
  64  Eukaryota-Basidiomycota-Agaricomycetes-Agaricales-Schizophyllaceae-Schizophyllum_commune_XP_003030885.1                                               54.20%    passed      6.74%
  65  Eukaryota-Basidiomycota-Agaricomycetes-Boletales-Coniophoraceae-Coniophora_puteana_XP_007772204.1                                                     53.36%    failed      0.00%
  66  Eukaryota-Brachiopoda-Lingulata-Lingulida-Lingulidae-Lingula_anatina_XP_023932711.1                                                                   44.68%    passed     10.26%
  67  Eukaryota-Cercozoa-Chlorarachniophyceae-NA-NA-Chlorarachnion_reptans_MMETSP0109_c18999_g1_i1.p1                                                       68.77%    failed      3.70%
  68  Eukaryota-Cercozoa-Chlorarachniophyceae-NA-NA-Lotharella_globosa_MMETSP0041_c722_g1_i1.p1                                                             69.16%    passed      5.96%
  69  Eukaryota-Chlorophyta-NA-NA-NA-Tetraselmis_sp_MMETSP0419_c18510_g1_i1.p1                                                                              89.95%    passed     55.44%
  70  Eukaryota-Chlorophyta-Trebouxiophyceae-Chlorellales-Chlorellaceae-Chlorella_vulgaris_jgi80979                                                         90.89%    passed     82.66%
  71  Eukaryota-Choanoflagellata-Choanoflagellata-Choanoflagellata-NA-Acanthoeca_sp_MMETSP0105_c3403_g1_i1.p1                                               68.68%    failed      3.87%
  72  Eukaryota-Choanoflagellata-Choanoflagellata-Choanoflagellata-Salpingoecidae-Salpingoeca_rosetta_XP_004998494.1                                        67.69%    failed      0.00%
  73  Eukaryota-Chordata-Actinopteri-Semionotiformes-Lepisosteidae-Lepisosteus_oculatus_XP_006625819.2                                                      53.85%    passed     36.55%
  74  Eukaryota-Chordata-NA-NA-Branchiostomidae-Branchiostoma_belcheri_XP_019639045.1                                                                       52.07%    passed     25.19%
  75  Eukaryota-Chromeraceae-NA-NA-NA-Chromera_velia_MMETSP0290_c2102_g1_i1.p1                                                                              66.69%    passed     77.70%
  76  Eukaryota-Chromeraceae-NA-NA-NA-Vitrella_brassicaformis_MMETSP1451_c36845_g1_i1.p1                                                                    76.51%    passed     89.08%
  77  Eukaryota-Chytridiomycota-Chytridiomycetes-Rhizophydiales-NA-Batrachochytrium_dendrobatidis_jgi29998                                                  55.65%    passed      7.75%
  78  Eukaryota-Chytridiomycota-Chytridiomycetes-Spizellomycetales-Spizellomycetaceae-Spizellomyces_punctatus_XP_016604812.1                                53.25%    passed     15.67%
  79  Eukaryota-Ciliophora-NA-Unranked-NA-Myrionecta_rubra_MMETSP0798_c9464_g1_i1.p1                                                                        67.98%    passed     26.95%
  80  Eukaryota-Ciliophora-NA-Unranked-NA-Tiarina_fusus_MMETSP0472_c11584_g1_i2.p1                                                                          67.73%    passed     49.30%
  81  Eukaryota-Cnidaria-Anthozoa-Alcyonacea-Nephtheidae-Dendronephthya_gigantea_XP_028393072.1                                                             69.06%    passed     26.41%
  82  Eukaryota-Cnidaria-Anthozoa-Scleractinia-Pocilloporidae-Stylophora_pistillata_XP_022798866.1                                                          53.65%    passed     77.25%
  83  Eukaryota-Cryptophyta-NA-Cryptomonadales-NA-Hanusia_phi_MMETSP1048_c3399_g1_i1.p1                                                                     68.10%    passed     45.26%
  84  Eukaryota-Cryptophyta-NA-Pyrenomonadales-Geminigeraceae-Guillardia_theta_CCMP2712_jgi97833                                                            68.00%    passed     24.70%
  85  Eukaryota-Dictyosteliales-Dictyosteliales-Dictyosteliales-Dictyosteliaceae-Dictyostelium_discoideum_XP_643196.1                                       53.91%    failed      0.10%
  86  Eukaryota-Echinodermata-Asteroidea-Valvatida-Acanthasteridae-Acanthaster_planci_XP_022109258.1                                                        68.95%    passed     68.46%
  87  Eukaryota-Echinodermata-Echinoidea-Echinoida-Strongylocentrotidae-Strongylocentrotus_purpuratus_XP_011680215.1                                        68.87%    passed     73.63%
  88  Eukaryota-Euglenida-NA-Eutreptiales-NA-Eutreptiella_gymnastica_MMETSP0039_c25447_g1_i1.p1                                                             69.45%    passed     81.97%
  89  Eukaryota-Euglenida-NA-NA-Unranked-Neobodo_designis_MMETSP1114_c10050_g1_i1.p1                                                                        61.95%    passed     37.81%
  90  Eukaryota-Fonticulida-Fonticulida-Fonticulida-Fonticulaceae-Fonticula_alba_XP_009492289.1                                                             48.32%    failed      0.00%
  91  Eukaryota-Glaucophyta-Glaucophyta-Gloeochaetales-Gloeochaetaceae-Gloeochaete_witrockiana_MMETSP0308_c36267_g1_i1.p1                                   54.68%    failed      1.87%
  92  Eukaryota-Glaucophyta-Glaucophyta-NA-Cyanophoraceae-Cyanophora_paradoxa_tig00021319_g20198.t1                                                         79.12%    passed     96.96%
  93  Eukaryota-Haptophyta-NA-Prymnesiales-NA-Chrysochromulina_ericina_MMETSP1096_c6687_g1_i1.p1                                                            68.08%    passed     75.18%
  94  Eukaryota-Haptophyta-NA-Prymnesiales-NA-Pleurochrysis_carterae_MMETSP1136_c9171_g1_i1.p1                                                              68.27%    failed      4.03%
  95  Eukaryota-Hemichordata-Enteropneusta-NA-Harrimaniidae-Saccoglossus_kowalevskii_XP_006819567.1                                                         52.80%    passed     21.24%
  96  Eukaryota-Heterolobosea-NA-NA-Vahlkampfiidae-Naegleria_gruberi_jgi59636                                                                               62.34%    failed      0.00%
  97  Eukaryota-Kinetoplastida-Kinetoplastida-Kinetoplastida-Trypanosomatidae-Leptomonas_pyrrhocoris_XP_015656294.1                                         61.91%    failed      1.81%
  98  Eukaryota-Kinetoplastida-Kinetoplastida-Kinetoplastida-Trypanosomatidae-Trypanosoma_conorhini_XP_029224504.1                                          62.01%    failed      0.28%
  99  Eukaryota-Longamoebia-Longamoebia-Longamoebia-Acanthamoebidae-Acanthamoeba_castellanii_XP_004341545.1                                                 53.09%    failed      1.49%
 100  Eukaryota-Mesomycetozoea-Ichthyosporea-Ichthyophonida-NA-Sphaeroforma_arctica_XP_014157812.1                                                          65.85%    passed      8.49%
 101  Eukaryota-Mesomycetozoea-Ichthyosporea-NA-NA-Capsaspora_owczarzaki_XP_004346899.2                                                                     52.82%    failed      0.00%
 102  Eukaryota-Mollusca-Bivalvia-Ostreoida-Ostreidae-Crassostrea_virginica_XP_022339234.1                                                                  53.65%    passed     49.33%
 103  Eukaryota-Mollusca-Gastropoda-NA-Lottiidae-Lottia_gigantea_jgi137874                                                                                  69.41%    passed     36.65%
 104  Eukaryota-Mucorales-Mucoraceae-Undefined-Undefined-Mucor_circinelloides_jgi74513                                                                      54.16%    failed      1.84%
 105  Eukaryota-Mucoromycota-Glomeromycetes-Glomerales-Glomeraceae-Rhizophagus_irregularis_XP_025187494.1                                                   52.67%    failed      0.00%
 106  Eukaryota-Mucoromycota-Mucoromycetes-Mucorales-Phycomycetaceae-Phycomyces_blakesleeanus_jgi25435                                                      53.23%    failed      0.21%
 107  Eukaryota-Nematoda-Chromadorea-Rhabditida-Rhabditidae-Caenorhabditis_remanei_XP_003116813.1                                                           53.65%    passed     66.21%
 108  Eukaryota-Nematoda-Chromadorea-Strongylida-Ancylostomatidae-Necator_americanus_XP_013304238.1                                                         54.18%    passed     83.81%
 109  Eukaryota-Perkinsozoa-NA-Perkinsida-Perkinsidae-Perkinsus_marinus_XP_002784057.1                                                                      68.25%    passed     41.32%
 110  Eukaryota-Placozoa-NA-NA-Trichoplacidae-Trichoplax_adhaerens_XP_002115431.1                                                                           54.43%    passed     40.43%
 111  Eukaryota-Platyhelminthes-Trematoda-Strigeidida-Schistosomatidae-Schistosoma_mansoni_XP_018650997.1                                                   53.23%    failed      4.70%
 112  Eukaryota-Porifera-Demospongiae-Haplosclerida-Niphatidae-Amphimedon_queenslandica_XP_019849014.1                                                      53.17%    passed      6.11%
 113  Eukaryota-Priapulida-Priapulimorpha-Priapulimorphida-Priapulidae-Priapulus_caudatus_XP_014667039.1                                                    70.26%    passed     46.17%
 114  Eukaryota-Retaria-NA-NA-NA-Rosalina_sp_MMETSP0190_c20689_g1_i1.p1                                                                                     65.16%    failed      0.00%
 115  Eukaryota-Retaria-NA-NA-NA-Sorites_sp_MMETSP0191_c23019_g1_i1.p1                                                                                      66.07%    failed      0.00%
 116  Eukaryota-Rhodophyta-Bangiophyceae-Cyanidiales-Cyanidiaceae-Cyanidioschyzon_merolae_CmerSOOS_G3501.1                                                  51.97%    failed      0.00%
 117  Eukaryota-Rhodophyta-Bangiophyceae-Cyanidiales-Cyanidiaceae-Galdieria_phlegrea_GphlegSOOS_G268.1                                                      47.54%    failed      3.10%
 118  Eukaryota-Stramenopiles-Labyrinthulomycetes-Unranked-Unranked-Aplanochytrium_kerguelense_jgi74984                                                     68.00%    passed      7.71%
 119  Eukaryota-Stramenopiles-NA-Bicosoecida-Cafeteriaceae-Cafeteria_sp_MMETSP1104_c1208_g1_i1.p1                                                           87.72%    passed      7.84%
 120  Eukaryota-Streptophyta-NA-Fagales-Fagaceae-Quercus_suber_XP_023883116.1                                                                               61.31%    passed     50.44%
 121  Eukaryota-Streptophyta-NA-Myrtales-Myrtaceae-Rhodamnia_argentea_XP_030541637.1                                                                        54.31%    passed     66.33%
 122  MSTRG.13416.1.p1                                                                                                                                      88.90%    passed     33.90%
 123  Paulinella_chromatophora_CCAC0185_nuclear___scaffold195-m4707                                                                                         70.53%    passed     69.50%
 124  Paulinella_ovalis_nuclear_SingleCell___SAG3_contig00038.g65.t1                                                                                        77.01%    failed      0.02%
 125  Paulinella_ovalis_nuclear_SingleCell___SAG4_contig00011.g24.t1                                                                                        70.15%    failed      0.00%
 126  Paulinella_ovalis_nuclear_SingleCell___SAG5_contig00167.g346.t1                                                                                       78.83%    passed      9.51%
 127  Viruses-NA-NA-NA-NA-Halovirus_HGTV1_YP_008059249.1                                                                                                    92.71%    failed      1.12%
WARNING: 124 sequences contain more than 50% gaps/ambiguity
****  TOTAL                                                                                                                                                 73.79%  50 sequences failed composition chi2 test (p-value<5%; df=19)

Create initial parsimony tree by phylogenetic likelihood library (PLL)... 0.532 seconds
Generating 2000 samples for ultrafast bootstrap (seed: 405281)...

NOTE: 545 MB RAM (0 GB) is required!
Measuring multi-threading efficiency up to 6 CPU cores
2 trees examined
Threads: 1 / Time: 11.880 sec / Speedup: 1.000 / Efficiency: 100% / LogL: -243928
Threads: 2 / Time: 5.568 sec / Speedup: 2.134 / Efficiency: 107% / LogL: -243928
Threads: 3 / Time: 3.753 sec / Speedup: 3.166 / Efficiency: 106% / LogL: -243928
Threads: 4 / Time: 3.206 sec / Speedup: 3.705 / Efficiency: 93% / LogL: -243928
Threads: 5 / Time: 2.451 sec / Speedup: 4.847 / Efficiency: 97% / LogL: -243928
Threads: 6 / Time: 3.846 sec / Speedup: 3.089 / Efficiency: 51% / LogL: -243928
BEST NUMBER OF THREADS: 5

Estimate model parameters (epsilon = 0.100)
1. Initial log-likelihood: -214262.539
2. Current log-likelihood: -201371.215
3. Current log-likelihood: -201204.042
4. Current log-likelihood: -201201.517
5. Current log-likelihood: -201200.644
6. Current log-likelihood: -201200.178
7. Current log-likelihood: -201199.942
8. Current log-likelihood: -201199.815
Optimal log-likelihood: -201199.749
Site proportion and rates:  (0.148,0.049) (0.081,0.170) (0.113,0.312) (0.110,0.533) (0.124,0.859) (0.166,1.333) (0.258,2.157)
Parameters optimization took 8 rounds (139.246 sec)
Computing ML distances based on estimated model parameters... 18.726 sec
WARNING: Some pairwise ML distances are too long (saturated)
Computing BIONJ tree...
0.017 seconds
Log-likelihood of BIONJ tree: -201924.898
--------------------------------------------------------------------
|             INITIALIZING CANDIDATE TREE SET                      |
--------------------------------------------------------------------
Generating 98 parsimony trees... 64.369 second
Computing log-likelihood of 98 initial trees ... 214.938 seconds
Current best score: -201199.749

Do NNI search on 20 best initial trees
Estimate model parameters (epsilon = 0.100)
BETTER TREE FOUND at iteration 1: -200993.928
Estimate model parameters (epsilon = 0.100)
BETTER TREE FOUND at iteration 2: -200974.091
Iteration 10 / LogL: -201081.960 / Time: 0h:14m:31s
Estimate model parameters (epsilon = 0.100)
BETTER TREE FOUND at iteration 12: -200956.152
Iteration 20 / LogL: -200991.484 / Time: 0h:19m:1s
Finish initializing candidate tree set (20)
Current best tree score: -200956.152 / CPU time: 943.532
Number of iterations: 20
--------------------------------------------------------------------
|               OPTIMIZING CANDIDATE TREE SET                      |
--------------------------------------------------------------------
Iteration 30 / LogL: -200975.722 / Time: 0h:23m:29s (1h:5m:54s left)
Estimate model parameters (epsilon = 0.100)
BETTER TREE FOUND at iteration 39: -200947.136
Estimate model parameters (epsilon = 0.100)
BETTER TREE FOUND at iteration 40: -200934.137
Iteration 40 / LogL: -200934.137 / Time: 0h:30m:3s (1h:16m:37s left)
Estimate model parameters (epsilon = 0.100)
BETTER TREE FOUND at iteration 41: -200927.200
Estimate model parameters (epsilon = 0.100)
BETTER TREE FOUND at iteration 43: -200921.897
Estimate model parameters (epsilon = 0.100)
BETTER TREE FOUND at iteration 47: -200862.383
Iteration 50 / LogL: -200883.243 / Time: 0h:37m:11s (1h:13m:16s left)
Log-likelihood cutoff on original alignment: -201019.074
Estimate model parameters (epsilon = 0.100)
BETTER TREE FOUND at iteration 59: -200861.555
Iteration 60 / LogL: -200874.576 / Time: 0h:42m:33s (1h:11m:7s left)
Estimate model parameters (epsilon = 0.100)
BETTER TREE FOUND at iteration 65: -200858.323
Iteration 70 / LogL: -200862.142 / Time: 0h:48m:9s (1h:6m:3s left)
Estimate model parameters (epsilon = 0.100)
BETTER TREE FOUND at iteration 71: -200835.613
Iteration 80 / LogL: -200862.620 / Time: 0h:53m:7s (1h:0m:59s left)
Estimate model parameters (epsilon = 0.100)
BETTER TREE FOUND at iteration 82: -200832.039
Estimate model parameters (epsilon = 0.100)
BETTER TREE FOUND at iteration 86: -200831.364
Iteration 90 / LogL: -200835.232 / Time: 0h:58m:39s (1h:3m:4s left)
Iteration 100 / LogL: -200847.375 / Time: 1h:3m:10s (0h:54m:43s left)
Log-likelihood cutoff on original alignment: -200923.703
NOTE: Bootstrap correlation coefficient of split occurrence frequencies: 0.902
NOTE: UFBoot does not converge, continue at least 100 more iterations
Iteration 110 / LogL: -200839.565 / Time: 1h:7m:46s (0h:55m:49s left)
Iteration 120 / LogL: -200839.652 / Time: 1h:12m:6s (0h:48m:21s left)
Iteration 130 / LogL: -200860.032 / Time: 1h:16m:44s (0h:41m:32s left)
Iteration 140 / LogL: -200834.017 / Time: 1h:21m:9s (0h:34m:57s left)
Iteration 150 / LogL: -200833.316 / Time: 1h:24m:54s (0h:28m:26s left)
Log-likelihood cutoff on original alignment: -200912.531
Iteration 160 / LogL: -200833.058 / Time: 1h:28m:56s (0h:22m:19s left)
Iteration 170 / LogL: -200833.953 / Time: 1h:33m:32s (0h:16m:34s left)
Iteration 180 / LogL: -200831.471 / Time: 1h:37m:29s (0h:10m:52s left)
Iteration 190 / LogL: -200832.682 / Time: 1h:41m:21s (0h:5m:21s left)
Iteration 200 / LogL: -200834.545 / Time: 1h:45m:21s (0h:0m:0s left)
Log-likelihood cutoff on original alignment: -200912.531
NOTE: Bootstrap correlation coefficient of split occurrence frequencies: 0.997
TREE SEARCH COMPLETED AFTER 200 ITERATIONS / Time: 1h:45m:22s

--------------------------------------------------------------------
|                    FINALIZING TREE SEARCH                        |
--------------------------------------------------------------------
Performs final model parameters optimization
Estimate model parameters (epsilon = 0.010)
1. Initial log-likelihood: -200831.364
2. Current log-likelihood: -200831.350
Optimal log-likelihood: -200831.337
Site proportion and rates:  (0.129,0.031) (0.090,0.145) (0.128,0.301) (0.119,0.546) (0.134,0.899) (0.179,1.406) (0.221,2.300)
Parameters optimization took 2 rounds (14.483 sec)
BEST SCORE FOUND : -200831.337
Creating bootstrap support values...
Split supports printed to NEXUS file K11540.blastp_ALL.outfmt6.parsed.filtered.uniq.faa.mafft.aln.splits.nex
Total tree length: 90.986

Total number of iterations: 200
CPU time used for tree search: 29134.216 sec (8h:5m:34s)
Wall-clock time used for tree search: 6124.367 sec (1h:42m:4s)
Total CPU time used: 30359.868 sec (8h:25m:59s)
Total wall-clock time used: 6338.622 sec (1h:45m:38s)

Computing bootstrap consensus tree...
Reading input file K11540.blastp_ALL.outfmt6.parsed.filtered.uniq.faa.mafft.aln.splits.nex...
127 taxa and 640 splits.
Consensus tree written to K11540.blastp_ALL.outfmt6.parsed.filtered.uniq.faa.mafft.aln.contree
Reading input trees file K11540.blastp_ALL.outfmt6.parsed.filtered.uniq.faa.mafft.aln.contree
Log-likelihood of consensus tree: -200831.237

Analysis results written to: 
  IQ-TREE report:                K11540.blastp_ALL.outfmt6.parsed.filtered.uniq.faa.mafft.aln.iqtree
  Maximum-likelihood tree:       K11540.blastp_ALL.outfmt6.parsed.filtered.uniq.faa.mafft.aln.treefile
  Likelihood distances:          K11540.blastp_ALL.outfmt6.parsed.filtered.uniq.faa.mafft.aln.mldist

Ultrafast bootstrap approximation results written to:
  Split support values:          K11540.blastp_ALL.outfmt6.parsed.filtered.uniq.faa.mafft.aln.splits.nex
  Consensus tree:                K11540.blastp_ALL.outfmt6.parsed.filtered.uniq.faa.mafft.aln.contree
  Screen log file:               K11540.blastp_ALL.outfmt6.parsed.filtered.uniq.faa.mafft.aln.log

Date and Time: Wed Oct 13 00:44:08 2021
