IQ-TREE multicore version 1.6.12 for Linux 64-bit built Aug 15 2019
Developed by Bui Quang Minh, Nguyen Lam Tung, Olga Chernomor,
Heiko Schmidt, Dominik Schrempf, Michael Woodhams.

Host:    coral (AVX512, FMA3, 376 GB RAM)
Command: /home/timothy/programs/iqtree-1.6.12-Linux/bin/iqtree -s K11751.blastp_ALL.outfmt6.parsed.filtered.uniq.faa.mafft.aln -nt AUTO -ntmax 6 -m LG+R7 -bb 2000 -nm 2000 -quiet
Seed:    701038 (Using SPRNG - Scalable Parallel Random Number Generator)
Time:    Tue Oct 12 23:00:48 2021
Kernel:  AVX+FMA - auto-detect threads (96 CPU cores detected)

Reading alignment file K11751.blastp_ALL.outfmt6.parsed.filtered.uniq.faa.mafft.aln ... Fasta format detected
Alignment most likely contains protein sequences
Alignment has 221 sequences with 9679 columns, 7228 distinct patterns
2689 parsimony-informative, 3761 singleton sites, 3229 constant sites
                                                                                                                                                             Gap/Ambiguity  Composition  p-value
   1  Archaea-Euryarchaeota-Halobacteria-Haloferacales-Halorubraceae-Halorubrum_tebenquichense_WP_006629019.1                                                       94.21%    failed      0.00%
   2  Archaea-Euryarchaeota-Halobacteria-Haloferacales-Halorubraceae-Salinigranum_sp._DYF38_WP_136592142.1                                                          94.11%    failed      0.00%
   3  Archaea-Euryarchaeota-Thermoplasmata-NA-NA-methanogenic_archaeon_ISO4H5_WP_066076851.1                                                                        94.75%    failed      0.00%
   4  Bacteria-Actinobacteria-Actinobacteria-Catenulisporales-Actinospicaceae-Actinospica_robiniae_WP_051450565.1                                                   94.90%    failed      0.00%
   5  Bacteria-Actinobacteria-Actinobacteria-Streptosporangiales-Thermomonosporaceae-Actinomadura_hibisca_WP_067478289.1                                            96.74%    failed      0.00%
   6  Bacteria-Actinobacteria-Actinobacteria-Streptosporangiales-Thermomonosporaceae-NA_WP_034521594.1                                                              96.85%    failed      0.00%
   7  Bacteria-Caldiserica-Caldisericia-Caldisericales-Caldisericaceae-Caldisericum_exile_WP_014452733.1                                                            92.83%    failed      0.00%
   8  Bacteria-CandidatusBipolaricaulota-NA-NA-NA-Candidatus_Bipolaricaulis_anaerobius_WP_122030517.1                                                               94.12%    failed      0.00%
   9  Bacteria-CandidatusCryosericota-CandidatusCryosericia-CandidatusCryosericales-CandidatusCryosericaceae-Candidatus_Cryosericum_septentrionale_WP_126855135.1   94.50%    failed      0.00%
  10  Bacteria-Chloroflexi-Chloroflexia-Chloroflexales-Chloroflexaceae-Chloroflexus_aggregans_WP_012615934.1                                                        93.94%    failed      0.00%
  11  Bacteria-Chloroflexi-Chloroflexia-Chloroflexales-Oscillochloridaceae-Candidatus_Viridilinea_mediisalina_WP_097644378.1                                        93.60%    failed      0.00%
  12  Bacteria-Chloroflexi-Chloroflexia-Chloroflexales-Oscillochloridaceae-Oscillochloris_trichoides_WP_006562841.1                                                 93.71%    failed      0.00%
  13  Bacteria-Cyanobacteria-NA-Oscillatoriales-Microcoleaceae-Arthrospira_platensis_WP_006618753.1                                                                 94.53%    failed      0.00%
  14  Bacteria-Cyanobacteria-NA-Oscillatoriales-Oscillatoriaceae-Limnoraphis_robusta_WP_046281164.1                                                                 94.53%    failed      0.00%
  15  Bacteria-Cyanobacteria-NA-Oscillatoriales-Oscillatoriaceae-Lyngbya_aestuarii_WP_023069651.1                                                                   94.53%    failed      0.00%
  16  Bacteria-Cyanobacteria-NA-Oscillatoriales-Oscillatoriaceae-Lyngbya_sp._PCC_8106_WP_039895834.1                                                                94.53%    failed      0.00%
  17  Bacteria-Cyanobacteria-NA-Synechococcales-Pseudanabaenaceae-Pseudanabaena_sp._ABRG53_WP_126390495.1                                                           94.51%    failed      0.00%
  18  Bacteria-DeinococcusThermus-Deinococci-Deinococcales-Deinococcaceae-Deinococcus_deserti_WP_012695190.1                                                        94.62%    failed      0.00%
  19  Bacteria-DeinococcusThermus-Deinococci-Deinococcales-Deinococcaceae-NA_WP_011525821.1                                                                         94.63%    failed      0.00%
  20  Bacteria-DeinococcusThermus-Deinococci-Thermales-Thermaceae-NA_WP_018111474.1                                                                                 94.32%    failed      0.00%
  21  Bacteria-DeinococcusThermus-Deinococci-Thermales-Thermaceae-Thermus_aquaticus_WP_040684477.1                                                                  94.33%    failed      0.00%
  22  Bacteria-DeinococcusThermus-Deinococci-Thermales-Thermaceae-Thermus_sp._2.9_WP_039458350.1                                                                    94.31%    failed      0.00%
  23  Bacteria-Firmicutes-Bacilli-Bacillales-Bacillaceae-Bacillus_cavernae_WP_126867335.1                                                                           87.13%    failed      0.00%
  24  Bacteria-Firmicutes-Bacilli-Bacillales-Bacillaceae-Microbacterium_sp._SLBN1_WP_142130366.1                                                                    86.97%    failed      0.00%
  25  Bacteria-Firmicutes-Bacilli-Bacillales-Bacillaceae-NA_WP_079532504.1                                                                                          94.44%    failed      0.00%
  26  Bacteria-Firmicutes-Clostridia-Clostridiales-Ruminococcaceae-Acetivibrio_ethanolgignens_WP_083504372.1                                                        93.83%    failed      0.00%
  27  Bacteria-Firmicutes-Tissierellia-Tissierellales-Peptoniphilaceae-Peptoniphilaceae_bacterium_WP_148473262.1                                                    91.99%    failed      0.00%
  28  Bacteria-NA-NA-NA-NA-bacterium_JKG1_WP_081752816.1                                                                                                            93.68%    failed      0.00%
  29  Bacteria-NA-NA-NA-NA-NA_WP_135855525.1                                                                                                                        93.32%    failed      0.00%
  30  Bacteria-NA-NA-NA-NA-NA_WP_135898565.1                                                                                                                        93.00%    failed      0.00%
  31  Bacteria-Planctomycetes-NA-NA-NA-Planctomycetes_bacterium_Pan189_WP_145364912.1                                                                               94.45%    failed      0.00%
  32  Bacteria-Proteobacteria-Alphaproteobacteria-NA-NA-NA_WP_116491978.1                                                                                           93.18%    failed      0.00%
  33  Bacteria-Proteobacteria-Alphaproteobacteria-NA-NA-Polymorphum_gilvum_WP_013653831.1                                                                           94.45%    failed      0.00%
  34  Bacteria-Proteobacteria-Alphaproteobacteria-Rhizobiales-Cohaesibacteraceae-Cohaesibacter_marisflavi_WP_090070526.1                                            94.46%    failed      0.00%
  35  Bacteria-Proteobacteria-Alphaproteobacteria-Rhizobiales-NA-Hartmannibacter_diazotrophicus_WP_099554895.1                                                      94.48%    failed      0.00%
  36  Bacteria-Proteobacteria-Alphaproteobacteria-Rhizobiales-NA-Methylobrevis_pamukkalensis_WP_083255818.1                                                         85.54%    failed      0.00%
  37  Bacteria-Proteobacteria-Alphaproteobacteria-Rhizobiales-NA-Rhizobiales_bacterium_WP_122011479.1                                                               93.90%    failed      0.00%
  38  Bacteria-Proteobacteria-Alphaproteobacteria-Rhodobacterales-Rhodobacteraceae-Rhodovulum_sp._MB263_WP_080616594.1                                              94.60%    failed      0.00%
  39  Bacteria-Proteobacteria-Alphaproteobacteria-Rhodobacterales-Rhodobacteraceae-Rhodovulum_sp._P5_WP_081531697.1                                                 94.59%    failed      0.00%
  40  Bacteria-Thermotogae-Thermotogae-Kosmotogales-Kosmotogaceae-Mesotoga_sp._H07pep.5.4_WP_121510639.1                                                            93.03%    failed      0.00%
  41  Eukaryota-Acytosteliales-Acytosteliales-Acytosteliales-Acytosteliaceae-Acytostelium_subglobosum_XP_012750578.1                                                95.09%    failed      0.00%
  42  Eukaryota-Acytosteliales-Acytosteliales-Acytosteliales-Cavenderiaceae-Cavenderia_fasciculata_XP_004352023.1                                                   95.37%    failed      0.00%
  43  Eukaryota-Alveolata-Dinophyceae-NA-Unranked-Alexandrium_margalefi_MMETSP0661_c97630_g1_i1.p1                                                                  93.14%    failed      0.00%
  44  Eukaryota-Alveolata-Dinophyceae-NA-Unranked-Amphidinium_massartii_MMETSP0689_c17236_g1_i1.p1                                                                  93.97%    failed      0.00%
  45  Eukaryota-Alveolata-Dinophyceae-NA-Unranked-Gymnodinium_catenatum_MMETSP0784_c31728_g1_i1.p1                                                                  94.81%    failed      0.00%
  46  Eukaryota-Alveolata-Dinophyceae-NA-Unranked-Heterocapsa_rotundata_MMETSP0503_c1742_g1_i1.p2                                                                   96.99%    failed      3.13%
  47  Eukaryota-Alveolata-Dinophyceae-NA-Unranked-Karenia_brevis_MMETSP0029_c83578_g1_i1.p1                                                                         94.22%    failed      0.00%
  48  Eukaryota-Alveolata-Dinophyceae-Peridiniales-Kryptoperidiniaceae-Durinskia_baltica_MMETSP0117_c98104_g1_i1.p1                                                 96.49%    passed     32.37%
  49  Eukaryota-Amoebozoa-NA-NA-Paramoebidae-Mayorella_sp_MMETSP0417_c2062_g1_i1.p1                                                                                 96.03%    failed      0.02%
  50  Eukaryota-Amoebozoa-NA-NA-Paramoebidae-Mayorella_sp_MMETSP0417_c4389_g1_i1.p1                                                                                 90.06%    failed      0.00%
  51  Eukaryota-Amoebozoa-NA-NA-Paramoebidae-Neoparamoeba_aestuarina_MMETSP0161_c15604_g1_i1.p1                                                                     91.19%    failed      0.00%
  52  Eukaryota-Amoebozoa-NA-NA-Paramoebidae-Neoparamoeba_aestuarina_MMETSP0161_c21411_g1_i1.p1                                                                     96.13%    failed      0.00%
  53  Eukaryota-Amoebozoa-NA-NA-Paramoebidae-Paramoeba_atlantica_MMETSP0151_c11210_g1_i1.p1                                                                         91.22%    failed      0.00%
  54  Eukaryota-Amoebozoa-NA-NA-Paramoebidae-Stygamoeba_regulata_MMETSP0447_c4439_g1_i1.p1                                                                          96.02%    failed      0.02%
  55  Eukaryota-Annelida-Clitellata-Hirudinida-Glossiphoniidae-Helobdella_robusta_jgi75645                                                                          94.67%    failed      0.00%
  56  Eukaryota-Annelida-Clitellata-Hirudinida-Glossiphoniidae-Helobdella_robusta_XP_009015687.1                                                                    96.30%    failed      0.01%
  57  Eukaryota-Apicomplexa-Conoidasida-Eucoccidiorida-Cryptosporidiidae-Cryptosporidium_muris_XP_002140172.1                                                       92.76%    failed      0.00%
  58  Eukaryota-Apicomplexa-Conoidasida-Eucoccidiorida-Sarcocystidae-Besnoitia_besnoiti_XP_029218953.1                                                              91.17%    failed      0.00%
  59  Eukaryota-Apicomplexa-Conoidasida-Eucoccidiorida-Sarcocystidae-Neospora_caninum_XP_003884083.1                                                                77.19%    failed      0.00%
  60  Eukaryota-Apicomplexa-Conoidasida-Eucoccidiorida-Sarcocystidae-Toxoplasma_gondii_XP_018636107.1                                                               77.96%    failed      0.00%
  61  Eukaryota-Apicomplexa-NA-Unranked-NA-Alveolata_sp_MMETSP0288_c23958_g1_i1.p1                                                                                  91.87%    failed      0.00%
  62  Eukaryota-Apicomplexa-NA-Unranked-NA-Lankesteria_abbottii_MMETSP0372_c13332_g2_i1.p1                                                                          95.94%    failed      3.96%
  63  Eukaryota-Apusomonadidae-NA-NA-NA-Thecamonas_trahens_XP_013758939.1                                                                                           94.13%    failed      0.00%
  64  Eukaryota-Apusomonadidae-NA-NA-NA-Thecamonas_trahens_XP_013762067.1                                                                                           94.35%    failed      0.00%
  65  Eukaryota-Arthropoda-Arachnida-Araneae-Theridiidae-Parasteatoda_tepidariorum_XP_015907484.1                                                                   93.32%    failed      0.00%
  66  Eukaryota-Arthropoda-Arachnida-Scorpiones-Buthidae-Centruroides_sculpturatus_XP_023236967.1                                                                   93.97%    failed      0.00%
  67  Eukaryota-Arthropoda-Insecta-Lepidoptera-Bombycidae-Bombyx_mandarina_XP_028041850.1                                                                           85.74%    failed      0.00%
  68  Eukaryota-Arthropoda-Insecta-Lepidoptera-Cosmopterigidae-Hyposmocoma_kahamanoa_XP_026318223.1                                                                 85.62%    failed      0.00%
  69  Eukaryota-Arthropoda-Insecta-Lepidoptera-Nymphalidae-Bicyclus_anynana_XP_023950745.1                                                                          85.53%    failed      0.00%
  70  Eukaryota-Arthropoda-Malacostraca-Amphipoda-Hyalellidae-Hyalella_azteca_XP_018006981.1                                                                        93.47%    failed      0.00%
  71  Eukaryota-Ascomycota-Eurotiomycetes-Chaetothyriales-Herpotrichiellaceae-Phialophora_attae_XP_018002349.1                                                      93.80%    failed      0.00%
  72  Eukaryota-Ascomycota-Saccharomycetes-Saccharomycetales-NA-Kuraishia_capsulata_XP_022460942.1                                                                  96.04%    failed      0.15%
  73  Eukaryota-Ascomycota-Saccharomycetes-Saccharomycetales-Phaffomycetaceae-Wickerhamomyces_anomalus_XP_019039621.1                                               97.21%    failed      0.00%
  74  Eukaryota-Ascomycota-Saccharomycetes-Saccharomycetales-Saccharomycetaceae-Kazachstania_naganishii_XP_022462240.1                                              94.83%    failed      0.00%
  75  Eukaryota-Ascomycota-Sordariomycetes-Glomerellales-Plectosphaerellaceae-Verticillium_alfalfae_XP_003000291.1                                                  94.08%    failed      0.00%
  76  Eukaryota-Ascomycota-Sordariomycetes-Magnaporthales-Magnaporthaceae-Gaeumannomyces_tritici_XP_009223336.1                                                     94.28%    failed      0.00%
  77  Eukaryota-Basidiomycota-Agaricomycetes-Agaricales-Psathyrellaceae-Coprinopsis_cinerea_XP_001841000.1                                                          93.48%    failed      0.00%
  78  Eukaryota-Basidiomycota-Agaricomycetes-Corticiales-Punctulariaceae-Punctularia_strigosozonata_XP_007386180.1                                                  94.21%    failed      0.00%
  79  Eukaryota-Basidiomycota-Microbotryomycetes-Sporidiobolales-Sporidiobolaceae-Rhodotorula_toruloides_XP_016274372.1                                             94.72%    failed      0.00%
  80  Eukaryota-Basidiomycota-Microbotryomycetes-Undefined-Undefined-Sporobolomyces_roseus_jgi3656                                                                  96.45%    failed      0.02%
  81  Eukaryota-Basidiomycota-Pucciniomycetes-Pucciniales-Pucciniaceae-Puccinia_graminis_XP_003330231.1                                                             95.31%    failed      0.00%
  82  Eukaryota-Brachiopoda-Lingulata-Lingulida-Lingulidae-Lingula_anatina_XP_013381691.1                                                                           95.60%    failed      0.17%
  83  Eukaryota-Brachiopoda-Lingulata-Lingulida-Lingulidae-Lingula_anatina_XP_013420399.1                                                                           94.10%    failed      0.00%
  84  Eukaryota-Cercozoa-Chlorarachniophyceae-NA-NA-Bigelowiella_natans_MMETSP1052_c3072_g1_i2.p1                                                                   93.10%    failed      0.00%
  85  Eukaryota-Cercozoa-Chlorarachniophyceae-NA-NA-Chlorarachnion_reptans_MMETSP0109_c2800_g1_i1.p1                                                                84.38%    failed      0.00%
  86  Eukaryota-Cercozoa-Chlorarachniophyceae-NA-NA-Lotharella_globosa_MMETSP0112_c5285_g1_i1.p1                                                                    86.27%    failed      0.00%
  87  Eukaryota-Cercozoa-Chlorarachniophyceae-NA-NA-Lotharella_globosa_MMETSP0112_c6202_g1_i1.p1                                                                    92.95%    failed      0.00%
  88  Eukaryota-Cercozoa-Chlorarachniophyceae-NA-NA-Norrisiella_sphaerica_MMETSP0113_c13019_g1_i1.p1                                                                95.25%    failed      0.02%
  89  Eukaryota-Cercozoa-Chlorarachniophyceae-NA-NA-Partenskyella_glossopodia_MMETSP1318_c2222_g1_i1.p1                                                             93.77%    failed      0.00%
  90  Eukaryota-Chlorophyta-Chlorophyceae-Chlamydomonadales-Chlamydomonadaceae-Chlamydomonas_euryale_MMETSP0063_c3073_g1_i1.p1                                      94.01%    failed      0.00%
  91  Eukaryota-Chlorophyta-NA-NA-NA-Dolichomastix_tenuilepis_MMETSP0033_c12196_g1_i1.p1                                                                            94.83%    failed      0.00%
  92  Eukaryota-Chlorophyta-NA-NA-NA-Mantoniella_antarctica_MMETSP1106_c14657_g1_i1.p1                                                                              96.78%    failed      1.95%
  93  Eukaryota-Chlorophyta-NA-NA-NA-Tetraselmis_astigmatica_MMETSP0804_c33_g1_i1.p1                                                                                93.37%    failed      0.00%
  94  Eukaryota-Chlorophyta-NA-Pyramimonadales-NA-Pyramimonas_parkeae_MMETSP0058_c2703_g1_i1.p1                                                                     84.80%    failed      0.00%
  95  Eukaryota-Chlorophyta-Nephroselmidophyceae-NA-NA-Nephroselmis_pyriformis_MMETSP0034_c9540_g1_i2.p1                                                            94.74%    failed      0.00%
  96  Eukaryota-Choanoflagellata-Choanoflagellata-Choanoflagellata-NA-Acanthoeca_sp_MMETSP0105_c1427_g1_i1.p1                                                       96.15%    failed      0.00%
  97  Eukaryota-Choanoflagellata-Choanoflagellata-Choanoflagellata-Salpingoecidae-Monosiga_brevicollis_XP_001745338.1                                               95.87%    failed      0.00%
  98  Eukaryota-Choanoflagellata-Choanoflagellata-Choanoflagellata-Salpingoecidae-Monosiga_brevicollis_XP_001750522.1                                               94.36%    failed      0.14%
  99  Eukaryota-Choanoflagellata-Choanoflagellata-Choanoflagellata-Salpingoecidae-Salpingoeca_rosetta_XP_004994486.1                                                93.32%    failed      0.00%
 100  Eukaryota-Choanoflagellata-Choanoflagellata-Choanoflagellata-Salpingoecidae-Salpingoeca_rosetta_XP_004994592.1                                                95.78%    failed      0.44%
 101  Eukaryota-Chordata-Amphibia-Anura-Pipidae-Xenopus_laevis_NP_001089463.1                                                                                       94.03%    failed      0.01%
 102  Eukaryota-Chordata-Aves-Passeriformes-Estrildidae-Lonchura_striata_XP_021384402.1                                                                             90.10%    failed      0.00%
 103  Eukaryota-Chordata-Aves-Passeriformes-Estrildidae-Taeniopygia_guttata_XP_002191116.2                                                                          90.35%    failed      0.00%
 104  Eukaryota-Chordata-Aves-Passeriformes-Fringillidae-Serinus_canaria_XP_030091709.1                                                                             90.35%    failed      0.00%
 105  Eukaryota-Chordata-NA-NA-Branchiostomidae-Branchiostoma_floridae_XP_002604354.1                                                                               93.92%    failed      0.00%
 106  Eukaryota-Chordata-NA-Testudines-Testudinidae-Gopherus_evgoodei_XP_030411724.1                                                                                94.00%    failed      0.00%
 107  Eukaryota-Chromeraceae-NA-NA-NA-Chromera_velia_MMETSP0290_c13631_g1_i1.p1                                                                                     93.24%    failed      0.00%
 108  Eukaryota-Chromeraceae-NA-NA-NA-Chromera_velia_MMETSP0290_c39649_g1_i1.p1                                                                                     96.50%    failed      0.00%
 109  Eukaryota-Chromeraceae-NA-NA-NA-Vitrella_brassicaformis_MMETSP1451_c1445_g1_i1.p1                                                                             91.90%    failed      0.00%
 110  Eukaryota-Chromeraceae-NA-NA-NA-Vitrella_brassicaformis_MMETSP1451_c35926_g1_i1.p1                                                                            96.64%    failed      0.89%
 111  Eukaryota-Chytridiomycota-Chytridiomycetes-Rhizophydiales-NA-Batrachochytrium_dendrobatidis_jgi2915                                                           96.99%    failed      0.46%
 112  Eukaryota-Chytridiomycota-Chytridiomycetes-Rhizophydiales-NA-Batrachochytrium_dendrobatidis_jgi36043                                                          94.14%    failed      0.00%
 113  Eukaryota-Chytridiomycota-Chytridiomycetes-Spizellomycetales-Spizellomycetaceae-Spizellomyces_punctatus_XP_016605256.1                                        92.80%    failed      0.00%
 114  Eukaryota-Chytridiomycota-Chytridiomycetes-Spizellomycetales-Spizellomycetaceae-Spizellomyces_punctatus_XP_016611731.1                                        96.46%    failed      0.03%
 115  Eukaryota-Ciliophora-NA-Unranked-NA-Climacostomum_virens_MMETSP1397_c5809_g1_i1.p2                                                                            96.48%    failed      0.52%
 116  Eukaryota-Ciliophora-NA-Unranked-NA-Mesodinium_pulex_MMETSP0467_c36960_g1_i1.p2                                                                               97.18%    failed      0.00%
 117  Eukaryota-Ciliophora-NA-Unranked-NA-Mesodinium_pulex_MMETSP0467_c66716_g1_i1.p2                                                                               96.99%    failed      3.13%
 118  Eukaryota-Ciliophora-NA-Unranked-NA-Protocruzia_adherens_MMETSP0216_c15640_g1_i1.p1                                                                           96.51%    failed      0.81%
 119  Eukaryota-Ciliophora-NA-Unranked-NA-Tiarina_fusus_MMETSP0472_c114101_g1_i1.p1                                                                                 94.96%    failed      0.00%
 120  Eukaryota-Ciliophora-Oligohymenophorea-Hymenostomatida-NA-Ichthyophthirius_multifiliis_XP_004030694.1                                                         94.36%    failed      0.00%
 121  Eukaryota-Cnidaria-Anthozoa-Actiniaria-Aiptasiidae-Exaiptasia_pallida_XP_020904050.1                                                                          93.99%    failed      0.00%
 122  Eukaryota-Cnidaria-Anthozoa-Actiniaria-Aiptasiidae-Exaiptasia_pallida_XP_020912676.1                                                                          91.73%    failed      0.00%
 123  Eukaryota-Cnidaria-Anthozoa-Scleractinia-Merulinidae-Orbicella_faveolata_XP_020605593.1                                                                       93.91%    failed      0.00%
 124  Eukaryota-Cnidaria-Anthozoa-Scleractinia-Merulinidae-Orbicella_faveolata_XP_020615465.1                                                                       93.69%    failed      0.00%
 125  Eukaryota-Cnidaria-Anthozoa-Scleractinia-Pocilloporidae-Pocillopora_damicornis_XP_027055785.1                                                                 92.23%    failed      0.00%
 126  Eukaryota-Cnidaria-Anthozoa-Scleractinia-Pocilloporidae-Stylophora_pistillata_XP_022781389.1                                                                  93.81%    failed      0.00%
 127  Eukaryota-Cryptophyta-NA-Cryptomonadales-Cryptomonadaceae-Cryptomonas_curvata_MMETSP1050_c21891_g1_i1.p1                                                      97.23%    passed     33.64%
 128  Eukaryota-Cryptophyta-NA-Cryptomonadales-Cryptomonadaceae-Cryptomonas_curvata_MMETSP1050_c8072_g1_i1.p1                                                       94.52%    failed      0.00%
 129  Eukaryota-Cryptophyta-NA-Goniomondales-NA-Goniomonas_sp_MMETSP0114_c4173_g1_i1.p1                                                                             91.89%    failed      0.00%
 130  Eukaryota-Cryptophyta-NA-Pyrenomonadales-Chroomonadaceae-Chroomonas_mesostigmaticacf_MMETSP0047_c17510_g1_i1.p1                                               94.61%    failed      0.04%
 131  Eukaryota-Cryptophyta-NA-Pyrenomonadales-Pyrenomonadaceae-Rhodomonas_lens_MMETSP0484_c5132_g1_i1.p1                                                           94.20%    failed      0.00%
 132  Eukaryota-Cryptophyta-NA-Pyrenomonadales-Pyrenomonadaceae-Rhodomonas_lens_MMETSP0484_c6207_g1_i1.p1                                                           94.67%    failed      0.00%
 133  Eukaryota-Dictyosteliales-Dictyosteliales-Dictyosteliales-Dictyosteliaceae-Dictyostelium_discoideum_XP_646465.1                                               93.18%    failed      0.00%
 134  Eukaryota-Echinodermata-Asteroidea-Valvatida-Acanthasteridae-Acanthaster_planci_XP_022091261.1                                                                89.46%    failed      0.00%
 135  Eukaryota-Echinodermata-Asteroidea-Valvatida-Acanthasteridae-Acanthaster_planci_XP_022100679.1                                                                94.03%    failed      0.00%
 136  Eukaryota-Echinodermata-Echinoidea-Echinoida-Strongylocentrotidae-Strongylocentrotus_purpuratus_XP_011666784.1                                                95.86%    failed      0.00%
 137  Eukaryota-Echinodermata-Echinoidea-Echinoida-Strongylocentrotidae-Strongylocentrotus_purpuratus_XP_011682913.1                                                88.93%    failed      0.00%
 138  Eukaryota-Euglenida-NA-Eutreptiales-NA-Eutreptiella_gymnastica_MMETSP0039_c3549_g1_i1.p1                                                                      96.84%    failed      0.04%
 139  Eukaryota-Euglenida-NA-Eutreptiales-NA-Eutreptiella_gymnastica_MMETSP0039_c93135_g1_i1.p1                                                                     95.88%    failed      0.01%
 140  Eukaryota-Euglenida-NA-NA-Unranked-Neobodo_designis_MMETSP1114_c43139_g1_i1.p1                                                                                87.13%    failed      0.00%
 141  Eukaryota-Fonticulida-Fonticulida-Fonticulida-Fonticulaceae-Fonticula_alba_XP_009494286.1                                                                     96.01%    failed      0.93%
 142  Eukaryota-Glaucophyta-Glaucophyta-Gloeochaetales-Gloeochaetaceae-Gloeochaete_witrockiana_MMETSP0308_c24047_g1_i1.p1                                           95.97%    failed      1.09%
 143  Eukaryota-Glaucophyta-Glaucophyta-Gloeochaetales-Gloeochaetaceae-Gloeochaete_wittrockiana_MMETSP1089_c7593_g1_i1.p1                                           91.01%    failed      0.00%
 144  Eukaryota-Glaucophyta-Glaucophyta-NA-Cyanophoraceae-Cyanophora_paradoxa_tig00020830_g14449.t1                                                                 96.14%    failed      0.04%
 145  Eukaryota-Glaucophyta-Glaucophyta-NA-NA-Cyanoptyche_gloeocystis_MMETSP1086_c22091_g1_i1.p1                                                                    96.47%    failed      1.19%
 146  Eukaryota-Haptophyta-NA-Isochrysidales-Noelaerhabdaceae-Emiliania_huxleyi_jgi461362                                                                           75.26%    failed      0.00%
 147  Eukaryota-Haptophyta-NA-Pavlovales-Pavlovaceae-Pavlova_gyrans_MMETSP1466_c22824_g1_i1.p1                                                                      95.26%    failed      0.00%
 148  Eukaryota-Haptophyta-NA-Prymnesiales-NA-Calcidiscus_leptoporus_MMETSP1334_c9047_g1_i1.p1                                                                      86.63%    failed      0.00%
 149  Eukaryota-Haptophyta-NA-Prymnesiales-NA-Chrysochromulina_brevifilum_MMETSP1094_c49_g1_i1.p1                                                                   96.41%    failed      0.05%
 150  Eukaryota-Haptophyta-NA-Prymnesiales-NA-Coccolithus_pelagicussspbraarudi_MMETSP0164_c10248_g1_i1.p1                                                           96.49%    failed      0.00%
 151  Eukaryota-Haptophyta-NA-Prymnesiales-NA-Prymnesium_parvum_MMETSP1083_c11520_g1_i1.p2                                                                          97.69%    failed      0.00%
 152  Eukaryota-Hemichordata-Enteropneusta-NA-Harrimaniidae-Saccoglossus_kowalevskii_XP_002741914.1                                                                 94.03%    failed      0.00%
 153  Eukaryota-Hemichordata-Enteropneusta-NA-Harrimaniidae-Saccoglossus_kowalevskii_XP_006822955.1                                                                 90.47%    failed      0.00%
 154  Eukaryota-Heterolobosea-NA-NA-NA-Percolomonas_cosmopolitus_MMETSP0759_c442_g1_i1.p2                                                                           93.60%    failed      0.00%
 155  Eukaryota-Heterolobosea-NA-NA-NA-Percolomonas_cosmopolitus_MMETSP0759_c497_g1_i1.p1                                                                           82.98%    failed      0.00%
 156  Eukaryota-Heterolobosea-NA-NA-Vahlkampfiidae-Naegleria_gruberi_jgi34462                                                                                       89.00%    failed      0.00%
 157  Eukaryota-Kinetoplastida-Kinetoplastida-Kinetoplastida-Trypanosomatidae-Leishmania_braziliensis_XP_001565503.1                                                96.38%    failed      3.87%
 158  Eukaryota-Kinetoplastida-Kinetoplastida-Kinetoplastida-Trypanosomatidae-Leptomonas_pyrrhocoris_XP_015661480.1                                                 90.12%    failed      0.00%
 159  Eukaryota-Kinetoplastida-Kinetoplastida-Kinetoplastida-Trypanosomatidae-Trypanosoma_grayi_XP_009310453.1                                                      96.36%    failed      3.03%
 160  Eukaryota-Longamoebia-Longamoebia-Longamoebia-Acanthamoebidae-Acanthamoeba_castellanii_XP_004333955.1                                                         96.50%    failed      0.10%
 161  Eukaryota-Longamoebia-Longamoebia-Longamoebia-Acanthamoebidae-Acanthamoeba_castellanii_XP_004339423.1                                                         89.36%    failed      0.00%
 162  Eukaryota-Mesomycetozoea-Ichthyosporea-Ichthyophonida-NA-Sphaeroforma_arctica_XP_014151397.1                                                                  93.29%    failed      0.00%
 163  Eukaryota-Mesomycetozoea-Ichthyosporea-Ichthyophonida-NA-Sphaeroforma_arctica_XP_014156621.1                                                                  96.08%    failed      0.10%
 164  Eukaryota-Mesomycetozoea-Ichthyosporea-NA-NA-Capsaspora_owczarzaki_XP_004349153.1                                                                             87.86%    failed      0.00%
 165  Eukaryota-Mesomycetozoea-Ichthyosporea-NA-NA-Capsaspora_owczarzaki_XP_004365166.2                                                                             95.06%    failed      0.06%
 166  Eukaryota-Mollusca-Bivalvia-Ostreoida-Ostreidae-Crassostrea_gigas_XP_011456806.1                                                                              94.03%    failed      0.00%
 167  Eukaryota-Mollusca-Bivalvia-Ostreoida-Ostreidae-Crassostrea_virginica_XP_022330166.1                                                                          95.74%    failed      0.00%
 168  Eukaryota-Mollusca-Bivalvia-Pectinoida-Pectinidae-Mizuhopecten_yessoensis_XP_021354048.1                                                                      93.87%    failed      0.00%
 169  Eukaryota-Mollusca-Cephalopoda-Octopoda-Octopodidae-Octopus_bimaculoides_XP_014771030.1                                                                       84.57%    failed      0.00%
 170  Eukaryota-Mollusca-Cephalopoda-Octopoda-Octopodidae-Octopus_bimaculoides_XP_014773224.1                                                                       93.85%    failed      0.00%
 171  Eukaryota-Mollusca-Gastropoda-Aplysiida-Aplysiidae-Aplysia_californica_XP_012943122.1                                                                         78.70%    failed      0.00%
 172  Eukaryota-Mucorales-Mucoraceae-Undefined-Undefined-Mucor_circinelloides_jgi20619                                                                              94.95%    failed      0.07%
 173  Eukaryota-Mucorales-Mucoraceae-Undefined-Undefined-Mucor_circinelloides_jgi89032                                                                              96.20%    failed      1.95%
 174  Eukaryota-Mucoromycota-Glomeromycetes-Glomerales-Glomeraceae-Rhizophagus_irregularis_XP_025165236.1                                                           96.53%    failed      0.65%
 175  Eukaryota-Mucoromycota-Glomeromycetes-Glomerales-Glomeraceae-Rhizophagus_irregularis_XP_025176353.1                                                           93.73%    failed      0.00%
 176  Eukaryota-Mucoromycota-Mortierellomycetes-Mortierellales-Mortierellaceae-Lobosporangium_transversale_XP_021880816.1                                           93.39%    failed      0.06%
 177  Eukaryota-Mucoromycota-Mucoromycetes-Mucorales-Phycomycetaceae-Phycomyces_blakesleeanus_jgi56998                                                              96.16%    failed      0.01%
 178  Eukaryota-Mucoromycota-Mucoromycetes-Mucorales-Rhizopodaceae-Rhizopus_microsporus_XP_023469567.1                                                              93.02%    failed      0.00%
 179  Eukaryota-Mucoromycota-Mucoromycetes-Mucorales-Rhizopodaceae-Rhizopus_microsporus_XP_023471172.1                                                              96.52%    failed      0.31%
 180  Eukaryota-Nematoda-Chromadorea-Rhabditida-Strongyloididae-Strongyloides_ratti_XP_024499357.1                                                                  90.38%    failed      0.00%
 181  Eukaryota-Nematoda-Chromadorea-Rhabditida-Strongyloididae-Strongyloides_ratti_XP_024503567.1                                                                  98.17%    failed      2.68%
 182  Eukaryota-Nematoda-Chromadorea-Strongylida-Ancylostomatidae-Necator_americanus_XP_013291253.1                                                                 98.20%    failed      2.29%
 183  Eukaryota-Nematoda-Enoplea-Trichinellida-Trichinellidae-Trichinella_spiralis_XP_003380308.1                                                                   94.32%    failed      4.20%
 184  Eukaryota-Palpitomonas-NA-NA-NA-Palpitomonas_bilix_MMETSP0780_c10301_g1_i2.p1                                                                                 96.54%    passed      6.87%
 185  Eukaryota-Palpitomonas-NA-NA-NA-Palpitomonas_bilix_MMETSP0780_c13415_g1_i1.p1                                                                                 89.67%    failed      0.00%
 186  Eukaryota-Perkinsozoa-NA-Perkinsida-Perkinsidae-Perkinsus_marinus_XP_002780561.1                                                                              96.29%    failed      1.49%
 187  Eukaryota-Placozoa-NA-NA-Trichoplacidae-Trichoplax_adhaerens_XP_002115156.1                                                                                   93.28%    failed      0.00%
 188  Eukaryota-Placozoa-NA-NA-Trichoplacidae-Trichoplax_adhaerens_XP_002116928.1                                                                                   93.90%    failed      0.00%
 189  Eukaryota-Platyhelminthes-Trematoda-Opisthorchiida-Opisthorchiidae-Opisthorchis_viverrini_XP_009164244.1                                                      92.50%    failed      0.00%
 190  Eukaryota-Platyhelminthes-Trematoda-Strigeidida-Schistosomatidae-Schistosoma_mansoni_XP_018653145.1                                                           94.18%    failed      0.00%
 191  Eukaryota-Porifera-Demospongiae-Haplosclerida-Niphatidae-Amphimedon_queenslandica_jgiAqu1211124                                                               95.02%    failed      0.00%
 192  Eukaryota-Priapulida-Priapulimorpha-Priapulimorphida-Priapulidae-Priapulus_caudatus_XP_014661917.1                                                            93.44%    failed      0.00%
 193  Eukaryota-Priapulida-Priapulimorpha-Priapulimorphida-Priapulidae-Priapulus_caudatus_XP_014678782.1                                                            92.33%    failed      0.00%
 194  Eukaryota-Retaria-NA-NA-NA-Ammonia_sp_MMETSP1384_c11049_g1_i1.p1                                                                                              92.70%    failed      0.00%
 195  Eukaryota-Retaria-NA-NA-NA-Ammonia_sp_MMETSP1384_c18598_g1_i1.p1                                                                                              95.67%    failed      0.09%
 196  Eukaryota-Retaria-NA-NA-NA-Elphidium_margaritaceum_MMETSP1385_c13502_g1_i1.p1                                                                                 92.67%    failed      0.01%
 197  Eukaryota-Retaria-NA-NA-NA-Elphidium_margaritaceum_MMETSP1385_c33720_g1_i1.p1                                                                                 95.66%    failed      0.02%
 198  Eukaryota-Retaria-NA-NA-NA-Rosalina_sp_MMETSP0190_c7148_g1_i1.p1                                                                                              96.02%    failed      0.00%
 199  Eukaryota-Rhodophyta-Bangiophyceae-NA-NA-Rhodella_maculata_MMETSP0167_c80_g1_i1.p2                                                                            96.94%    failed      0.00%
 200  Eukaryota-Rhodophyta-Bangiophyceae-NA-NA-Rhodella_maculata_MMETSP0314_c3352_g1_i1.p1                                                                          92.28%    failed      0.00%
 201  Eukaryota-Rhodophyta-Bangiophyceae-NA-NA-Rhodosorus_marinus_MMETSP0011_c4381_g1_i1.p1                                                                         93.41%    failed      0.00%
 202  Eukaryota-Rhodophyta-Bangiophyceae-Porphyridiales-Porphyridiaceae-Porphyridium_purpureum_4481.3                                                               93.10%    failed      0.00%
 203  Eukaryota-Rhodophyta-Florideophyceae-Gigartinales-Gigartinaceae-Chondrus_crispus_XP_005712197.1                                                               94.51%    failed      0.00%
 204  Eukaryota-Stramenopiles-Coscinodiscophyceae-Chaetocerotales-Chaetocerotaceae-Chaetoceros_curvisetus_MMETSP0719_c1757_g1_i1.p1                                 94.47%    failed      0.00%
 205  Eukaryota-Stramenopiles-Coscinodiscophyceae-Thalassiosirales-Thalassiosiraceae-Thalassiosira_miniscula_MMETSP0738_c5254_g1_i1.p1                              94.60%    failed      0.00%
 206  Eukaryota-Stramenopiles-NA-NA-NA-Phaeomonas_parva_MMETSP1163_c915_g1_i2.p1                                                                                    93.53%    failed      0.00%
 207  Eukaryota-Stramenopiles-Oomycetes-Saprolegniales-Saprolegniaceae-Aphanomyces_astaci_XP_009826378.1                                                            91.89%    failed      0.00%
 208  Eukaryota-Stramenopiles-Oomycetes-Saprolegniales-Saprolegniaceae-Saprolegnia_diclina_XP_008611955.1                                                           96.68%    passed     29.21%
 209  Eukaryota-Stramenopiles-Raphidophyceae-Chattonellales-Chattonellaceae-Chattonella_subsalsa_MMETSP0947_c7134_g1_i1.p1                                          88.55%    failed      0.00%
 210  Eukaryota-Streptophyta-Bryopsida-Funariales-Funariaceae-Physcomitrella_patens_XP_024361088.1                                                                  94.64%    failed      3.41%
 211  Eukaryota-Streptophyta-NA-Cucurbitales-Cucurbitaceae-Cucumis_sativus_XP_004141107.1                                                                           94.65%    failed      0.01%
 212  Eukaryota-Streptophyta-NA-Fabales-Fabaceae-Cajanus_cajan_XP_020228834.1                                                                                       94.65%    failed      0.01%
 213  Eukaryota-Streptophyta-NA-Fagales-Fagaceae-Quercus_suber_XP_023908860.1                                                                                       92.96%    failed      0.06%
 214  Eukaryota-Trichomonadida-Trichomonadida-Trichomonadida-Trichomonadidae-Trichomonas_vaginalis_XP_001303599.1                                                   96.40%    failed      0.38%
 215  MSTRG.19222.1.p1                                                                                                                                              83.04%    failed      0.00%
 216  MSTRG.831.1.p1                                                                                                                                                63.52%    failed      0.00%
 217  Paulinella_chromatophora_CCAC0185_nuclear___scaffold18795-m106789                                                                                             97.44%    failed      2.78%
 218  Paulinella_chromatophora_CCAC0185_nuclear___scaffold240-m5449                                                                                                 82.07%    failed      0.00%
 219  Paulinella_chromatophora_CCAC0185_nuclear___scaffold32880-m145463                                                                                             98.58%    passed     75.83%
 220  Paulinella_chromatophora_CCAC0185_nuclear___scaffold4600-m42900                                                                                               93.79%    failed      0.00%
 221  Viruses-Pithoviridae-NA-NA-NA-Cedratvirus_A11_YP_009329013.1                                                                                                  85.47%    failed      0.00%
WARNING: 221 sequences contain more than 50% gaps/ambiguity
****  TOTAL                                                                                                                                                         93.19%  216 sequences failed composition chi2 test (p-value<5%; df=19)
NOTE: Eukaryota-Ciliophora-NA-Unranked-NA-Mesodinium_pulex_MMETSP0467_c66716_g1_i1.p2 is identical to Eukaryota-Alveolata-Dinophyceae-NA-Unranked-Heterocapsa_rotundata_MMETSP0503_c1742_g1_i1.p2 but kept for subsequent analysis

Create initial parsimony tree by phylogenetic likelihood library (PLL)... 3.178 seconds
Generating 2000 samples for ultrafast bootstrap (seed: 701038)...

NOTE: 1787 MB RAM (1 GB) is required!
Measuring multi-threading efficiency up to 6 CPU cores
2 trees examined
Threads: 1 / Time: 43.192 sec / Speedup: 1.000 / Efficiency: 100% / LogL: -350926
Threads: 2 / Time: 20.956 sec / Speedup: 2.061 / Efficiency: 103% / LogL: -350926
Threads: 3 / Time: 14.047 sec / Speedup: 3.075 / Efficiency: 102% / LogL: -350926
Threads: 4 / Time: 10.201 sec / Speedup: 4.234 / Efficiency: 106% / LogL: -350926
Threads: 5 / Time: 10.782 sec / Speedup: 4.006 / Efficiency: 80% / LogL: -350926
Threads: 6 / Time: 7.533 sec / Speedup: 5.733 / Efficiency: 96% / LogL: -350926
BEST NUMBER OF THREADS: 6

Estimate model parameters (epsilon = 0.100)
1. Initial log-likelihood: -321047.675
2. Current log-likelihood: -279290.573
3. Current log-likelihood: -278795.081
4. Current log-likelihood: -278791.811
5. Current log-likelihood: -278791.077
6. Current log-likelihood: -278790.734
7. Current log-likelihood: -278790.558
Optimal log-likelihood: -278790.466
Site proportion and rates:  (0.027,0.148) (0.059,0.272) (0.085,0.402) (0.171,0.576) (0.191,0.848) (0.263,1.183) (0.204,1.837)
Parameters optimization took 7 rounds (377.529 sec)
Computing ML distances based on estimated model parameters... 73.265 sec
WARNING: Some pairwise ML distances are too long (saturated)
Computing BIONJ tree...
0.064 seconds
Log-likelihood of BIONJ tree: -279395.751
--------------------------------------------------------------------
|             INITIALIZING CANDIDATE TREE SET                      |
--------------------------------------------------------------------
Generating 98 parsimony trees... 269.275 second
Computing log-likelihood of 98 initial trees ... 725.819 seconds
Current best score: -278790.466

Do NNI search on 20 best initial trees
Estimate model parameters (epsilon = 0.100)
BETTER TREE FOUND at iteration 1: -278420.965
Estimate model parameters (epsilon = 0.100)
BETTER TREE FOUND at iteration 2: -278367.243
Estimate model parameters (epsilon = 0.100)
BETTER TREE FOUND at iteration 5: -278363.989
Iteration 10 / LogL: -278429.876 / Time: 0h:44m:24s
Estimate model parameters (epsilon = 0.100)
BETTER TREE FOUND at iteration 16: -278354.374
Estimate model parameters (epsilon = 0.100)
BETTER TREE FOUND at iteration 17: -278348.499
Estimate model parameters (epsilon = 0.100)
BETTER TREE FOUND at iteration 20: -278333.990
Iteration 20 / LogL: -278333.990 / Time: 1h:3m:39s
Finish initializing candidate tree set (20)
Current best tree score: -278333.990 / CPU time: 3256.104
Number of iterations: 20
--------------------------------------------------------------------
|               OPTIMIZING CANDIDATE TREE SET                      |
--------------------------------------------------------------------
Iteration 30 / LogL: -278351.096 / Time: 1h:18m:22s (4h:2m:26s left)
Estimate model parameters (epsilon = 0.100)
BETTER TREE FOUND at iteration 31: -278328.267
Estimate model parameters (epsilon = 0.100)
BETTER TREE FOUND at iteration 34: -278325.844
Estimate model parameters (epsilon = 0.100)
BETTER TREE FOUND at iteration 38: -278320.143
Iteration 40 / LogL: -278393.116 / Time: 1h:34m:54s (3h:57m:51s left)
Iteration 50 / LogL: -278342.549 / Time: 1h:46m:59s (3h:11m:41s left)
Log-likelihood cutoff on original alignment: -278450.403
Estimate model parameters (epsilon = 0.100)
BETTER TREE FOUND at iteration 60: -278317.589
Iteration 60 / LogL: -278317.589 / Time: 1h:58m:30s (3h:20m:25s left)
Estimate model parameters (epsilon = 0.100)
BETTER TREE FOUND at iteration 70: -278316.849
Iteration 70 / LogL: -278316.849 / Time: 2h:9m:10s (3h:6m:50s left)
Iteration 80 / LogL: -278323.992 / Time: 2h:19m:29s (2h:38m:37s left)
Iteration 90 / LogL: -278324.178 / Time: 2h:29m:44s (2h:14m:22s left)
Estimate model parameters (epsilon = 0.100)
BETTER TREE FOUND at iteration 99: -278316.062
Iteration 100 / LogL: -278319.140 / Time: 2h:39m:10s (2h:38m:55s left)
Log-likelihood cutoff on original alignment: -278432.942
NOTE: Bootstrap correlation coefficient of split occurrence frequencies: 0.995
Iteration 110 / LogL: -278348.766 / Time: 2h:49m:17s (2h:19m:34s left)
Iteration 120 / LogL: -278316.617 / Time: 2h:58m:24s (1h:59m:46s left)
Iteration 130 / LogL: -278318.127 / Time: 3h:7m:10s (1h:41m:25s left)
Iteration 140 / LogL: -278323.186 / Time: 3h:15m:46s (1h:24m:23s left)
Iteration 150 / LogL: -278319.326 / Time: 3h:24m:15s (1h:8m:27s left)
Log-likelihood cutoff on original alignment: -278432.942
Iteration 160 / LogL: -278385.270 / Time: 3h:32m:12s (0h:53m:19s left)
Iteration 170 / LogL: -278325.882 / Time: 3h:39m:31s (0h:38m:55s left)
Iteration 180 / LogL: -278320.934 / Time: 3h:45m:50s (0h:25m:12s left)
Iteration 190 / LogL: -278330.760 / Time: 3h:51m:57s (0h:12m:15s left)
Iteration 200 / LogL: -278356.410 / Time: 4h:1m:3s (0h:0m:0s left)
Log-likelihood cutoff on original alignment: -278432.942
NOTE: Bootstrap correlation coefficient of split occurrence frequencies: 0.999
TREE SEARCH COMPLETED AFTER 200 ITERATIONS / Time: 4h:1m:5s

--------------------------------------------------------------------
|                    FINALIZING TREE SEARCH                        |
--------------------------------------------------------------------
Performs final model parameters optimization
Estimate model parameters (epsilon = 0.010)
1. Initial log-likelihood: -278316.062
Optimal log-likelihood: -278316.060
Site proportion and rates:  (0.027,0.149) (0.060,0.275) (0.082,0.404) (0.177,0.585) (0.200,0.861) (0.260,1.203) (0.194,1.845)
Parameters optimization took 1 rounds (9.472 sec)
BEST SCORE FOUND : -278316.060
Creating bootstrap support values...
Split supports printed to NEXUS file K11751.blastp_ALL.outfmt6.parsed.filtered.uniq.faa.mafft.aln.splits.nex
Total tree length: 205.830

Total number of iterations: 200
CPU time used for tree search: 80188.139 sec (22h:16m:28s)
Wall-clock time used for tree search: 13902.467 sec (3h:51m:42s)
Total CPU time used: 83354.710 sec (23h:9m:14s)
Total wall-clock time used: 14477.173 sec (4h:1m:17s)

Computing bootstrap consensus tree...
Reading input file K11751.blastp_ALL.outfmt6.parsed.filtered.uniq.faa.mafft.aln.splits.nex...
221 taxa and 1181 splits.
Consensus tree written to K11751.blastp_ALL.outfmt6.parsed.filtered.uniq.faa.mafft.aln.contree
Reading input trees file K11751.blastp_ALL.outfmt6.parsed.filtered.uniq.faa.mafft.aln.contree
Log-likelihood of consensus tree: -278316.338

Analysis results written to: 
  IQ-TREE report:                K11751.blastp_ALL.outfmt6.parsed.filtered.uniq.faa.mafft.aln.iqtree
  Maximum-likelihood tree:       K11751.blastp_ALL.outfmt6.parsed.filtered.uniq.faa.mafft.aln.treefile
  Likelihood distances:          K11751.blastp_ALL.outfmt6.parsed.filtered.uniq.faa.mafft.aln.mldist

Ultrafast bootstrap approximation results written to:
  Split support values:          K11751.blastp_ALL.outfmt6.parsed.filtered.uniq.faa.mafft.aln.splits.nex
  Consensus tree:                K11751.blastp_ALL.outfmt6.parsed.filtered.uniq.faa.mafft.aln.contree
  Screen log file:               K11751.blastp_ALL.outfmt6.parsed.filtered.uniq.faa.mafft.aln.log

Date and Time: Wed Oct 13 03:02:32 2021
