IQ-TREE multicore version 1.6.12 for Linux 64-bit built Aug 15 2019
Developed by Bui Quang Minh, Nguyen Lam Tung, Olga Chernomor,
Heiko Schmidt, Dominik Schrempf, Michael Woodhams.

Host:    coral (AVX512, FMA3, 376 GB RAM)
Command: /home/timothy/programs/iqtree-1.6.12-Linux/bin/iqtree -s K13998.blastp_ALL.outfmt6.parsed.filtered.uniq.faa.mafft.aln -nt AUTO -ntmax 6 -m LG+R7 -bb 2000 -nm 2000 -quiet
Seed:    933231 (Using SPRNG - Scalable Parallel Random Number Generator)
Time:    Tue Oct 12 23:19:10 2021
Kernel:  AVX+FMA - auto-detect threads (96 CPU cores detected)

Reading alignment file K13998.blastp_ALL.outfmt6.parsed.filtered.uniq.faa.mafft.aln ... Fasta format detected
Alignment most likely contains protein sequences
Alignment has 217 sequences with 1992 columns, 1544 distinct patterns
656 parsimony-informative, 538 singleton sites, 798 constant sites
                                                                                                                        Gap/Ambiguity  Composition  p-value
   1  Archaea-Euryarchaeota-Halobacteria-Halobacteriales-Halobacteriaceae-Halodesulfurarchaeum_formicicum_WP_070364027.1       83.38%    failed      0.00%
   2  Archaea-Euryarchaeota-Halobacteria-Haloferacales-Haloferacaceae-Haloferacaceae_archaeon_N1521_WP_138004798.1             91.72%    failed      0.13%
   3  Archaea-Euryarchaeota-Halobacteria-Haloferacales-Haloferacaceae-Halopelagius_inordinatus_WP_092894084.1                  90.51%    failed      0.00%
   4  Archaea-Euryarchaeota-Halobacteria-Natrialbales-Natrialbaceae-Haloterrigena_sp._H1_WP_138779627.1                        83.03%    failed      0.00%
   5  Archaea-NA-NA-NA-NA-archaeon_AArcSl_WP_119819056.1                                                                       91.67%    failed      0.00%
   6  Archaea-NA-NA-NA-NA-archaeon_AArcSl_WP_119821932.1                                                                       82.43%    failed      0.06%
   7  Bacteria-Actinobacteria-Actinobacteria-Bifidobacteriales-Bifidobacteriaceae-Gardnerella_vaginalis_WP_018641219.1         85.44%    passed     99.12%
   8  Bacteria-Actinobacteria-Actinobacteria-Jiangellales-Jiangellaceae-Phytoactinopolyspora_endophytica_WP_129666212.1        86.75%    passed     30.11%
   9  Bacteria-Actinobacteria-Actinobacteria-Micrococcales-Micrococcaceae-Citricoccus_muralis_WP_115933338.1                   91.37%    failed      0.27%
  10  Bacteria-Actinobacteria-Actinobacteria-Micrococcales-Micrococcaceae-Nesterenkonia_populi_WP_147103129.1                  90.91%    failed      0.01%
  11  Bacteria-Bacteroidetes-Bacteroidia-Bacteroidales-Prevotellaceae-Prevotella_sp._MGM2_WP_104404164.1                       86.75%    passed     86.29%
  12  Bacteria-Bacteroidetes-Bacteroidia-Bacteroidales-Williamwhitmaniaceae-Williamwhitmania_taraxaci_WP_092439569.1           86.75%    passed     95.62%
  13  Bacteria-Bacteroidetes-Flavobacteriia-Flavobacteriales-Flavobacteriaceae-Empedobacter_haloabium_WP_147954736.1           91.72%    failed      0.81%
  14  Bacteria-Bacteroidetes-Sphingobacteriia-Sphingobacteriales-Sphingobacteriaceae-Pedobacter_sp._YR016_WP_108206140.1       91.92%    passed     17.19%
  15  Bacteria-CandidatusSaccharibacteria-NA-NA-NA-Candidatus_Saccharibacteria_bacterium_TM7_ANC_38.39_G1_1_WP_129693006.1     91.72%    passed     51.49%
  16  Bacteria-CandidatusSaccharibacteria-NA-NA-NA-TM7_phylum_sp._oral_taxon_346_WP_146427496.1                                91.72%    passed     41.11%
  17  Bacteria-Chloroflexi-Ktedonobacteria-Ktedonobacterales-NA-Ktedonobacterales_bacterium_SCAWSG2_WP_129887775.1             86.75%    passed     83.13%
  18  Bacteria-Cyanobacteria-NA-Nostocales-Aphanizomenonaceae-Cuspidothrix_issatschenkoi_WP_104386261.1                        89.11%    passed     47.56%
  19  Bacteria-DeinococcusThermus-Deinococci-Thermales-Thermaceae-Meiothermus_rufus_WP_027882426.1                             86.60%    passed     26.32%
  20  Bacteria-DeinococcusThermus-Deinococci-Thermales-Thermaceae-NA_WP_027887641.1                                            86.75%    passed     14.15%
  21  Bacteria-Firmicutes-Bacilli-Bacillales-Bacillaceae-Pueribacillus_theae_WP_116553225.1                                    86.75%    passed     77.38%
  22  Bacteria-Firmicutes-Bacilli-Bacillales-Planococcaceae-Viridibacillus_sp._OK051_WP_100796957.1                            92.07%    passed     11.34%
  23  Bacteria-Firmicutes-Bacilli-Bacillales-Sporolactobacillaceae-Sporolactobacillus_pectinivorans_WP_100487916.1             86.75%    passed     96.26%
  24  Bacteria-Firmicutes-Clostridia-Clostridiales-Clostridiaceae-Clostridium_perfringens_WP_128994147.1                       91.92%    failed      0.00%
  25  Bacteria-Lentisphaerae-Lentisphaeria-Lentisphaerales-Lentisphaeraceae-Lentisphaera_araneosa_WP_007277187.1               86.75%    passed     81.34%
  26  Bacteria-NA-NA-Haloplasmatales-Haloplasmataceae-Haloplasma_contractile_WP_008826324.1                                    86.70%    passed     24.99%
  27  Bacteria-NA-NA-NA-NA-NA_WP_004132547.1                                                                                   85.44%    passed     96.14%
  28  Bacteria-Planctomycetes-NA-NA-NA-Planctomycetes_bacterium_CA85_WP_146393443.1                                            86.45%    passed     13.71%
  29  Bacteria-Planctomycetes-NA-NA-NA-Planctomycetes_bacterium_Pla111_WP_146573033.1                                          91.27%    failed      3.20%
  30  Bacteria-Planctomycetes-Planctomycetia-Planctomycetales-Planctomycetaceae-Blastopirellula_marina_WP_105356265.1          86.75%    passed     26.77%
  31  Bacteria-Proteobacteria-Alphaproteobacteria-NA-NA-Thermopetrobacter_sp._TC1_WP_038037119.1                               86.75%    passed     29.54%
  32  Bacteria-Proteobacteria-Alphaproteobacteria-Rhizobiales-Hyphomicrobiaceae-Hyphomicrobium_sulfonivorans_WP_068460637.1    86.75%    passed     86.41%
  33  Bacteria-Proteobacteria-Betaproteobacteria-Burkholderiales-Comamonadaceae-Nocardioides_sp._SLBN35_WP_008903620.1         91.87%    failed      0.14%
  34  Bacteria-Proteobacteria-Gammaproteobacteria-Pseudomonadales-Pseudomonadaceae-Pseudomonas_monteilii_WP_144935510.1        91.42%    failed      1.18%
  35  Bacteria-Spirochaetes-Spirochaetia-Brachyspirales-Brachyspiraceae-Brachyspira_hampsonii_WP_008724800.1                   91.67%    failed      1.11%
  36  Bacteria-Spirochaetes-Spirochaetia-Spirochaetales-Spirochaetaceae-Treponema_porcinum_WP_078933128.1                      92.12%    passed     14.66%
  37  Bacteria-Tenericutes-Mollicutes-Acholeplasmatales-Acholeplasmataceae-Acholeplasma_equifetale_WP_051614274.1              84.89%    passed     15.41%
  38  Bacteria-Tenericutes-Mollicutes-Anaeroplasmatales-Anaeroplasmataceae-Anaeroplasma_bactoclasticum_WP_119016129.1          85.29%    passed     85.05%
  39  Bacteria-Verrucomicrobia-NA-NA-NA-Methylacidimicrobium_cyclopophantes_WP_142525865.1                                     86.75%    passed      7.15%
  40  Bacteria-Verrucomicrobia-NA-NA-NA-Verrucomicrobia_bacterium_LW23_WP_108038091.1                                          86.75%    passed     31.34%
  41  Eukaryota-Acytosteliales-Acytosteliales-Acytosteliales-Acytosteliaceae-Heterostelium_album_XP_020435687.1                90.71%    failed      1.66%
  42  Eukaryota-Alveolata-Dinophyceae-NA-Unranked-Alexandrium_tamarense_MMETSP0384_c8346_g1_i2.p1                              68.17%    failed      1.64%
  43  Eukaryota-Alveolata-Dinophyceae-NA-Unranked-Crypthecodinium_cohnii_MMETSP0325_c1145_g1_i1.p1                             74.65%    passed     24.14%
  44  Eukaryota-Alveolata-Dinophyceae-Peridiniales-Kryptoperidiniaceae-Kryptoperidinium_foliaceum_MMETSP0120_c93677_g1_i1.p1   85.99%    passed      6.80%
  45  Eukaryota-Amoebozoa-NA-NA-Paramoebidae-Mayorella_sp_MMETSP0417_c1008_g1_i1.p1                                            75.50%    passed     98.92%
  46  Eukaryota-Amoebozoa-NA-NA-Paramoebidae-Stygamoeba_regulata_MMETSP0447_c5970_g1_i2.p1                                     75.50%    passed     98.16%
  47  Eukaryota-Annelida-Clitellata-Hirudinida-Glossiphoniidae-Helobdella_robusta_jgi87612                                     84.64%    passed     99.64%
  48  Eukaryota-Annelida-Clitellata-Hirudinida-Glossiphoniidae-Helobdella_robusta_jgi98642                                     81.17%    failed      0.48%
  49  Eukaryota-Apicomplexa-Aconoidasida-Haemosporida-Plasmodiidae-Plasmodium_gallinaceum_XP_028526025.1                       70.43%    failed      0.00%
  50  Eukaryota-Apicomplexa-Aconoidasida-Piroplasmida-Babesiidae-Babesia_microti_XP_021338322.1                                74.80%    failed      1.70%
  51  Eukaryota-Apicomplexa-Conoidasida-Eucoccidiorida-Cryptosporidiidae-Cryptosporidium_hominis_XP_665866.1                   73.85%    failed      2.37%
  52  Eukaryota-Apicomplexa-Conoidasida-Eucoccidiorida-Sarcocystidae-Neospora_caninum_XP_003886139.1                           65.36%    failed      0.51%
  53  Eukaryota-Apusomonadidae-NA-NA-NA-Thecamonas_trahens_XP_013760053.1                                                      75.25%    failed      0.00%
  54  Eukaryota-Arthropoda-Arachnida-Ixodida-Ixodidae-Ixodes_scapularis_XP_029823055.1                                         90.31%    passed     54.09%
  55  Eukaryota-Arthropoda-Insecta-Diptera-Calliphoridae-Lucilia_cuprina_XP_023302452.1                                        83.94%    passed     86.52%
  56  Eukaryota-Arthropoda-Insecta-Diptera-Culicidae-Aedes_aegypti_XP_001652716.2                                              90.66%    passed     21.35%
  57  Eukaryota-Arthropoda-Insecta-Diptera-Drosophilidae-Drosophila_biarmipes_XP_016954830.1                                   83.89%    passed     78.01%
  58  Eukaryota-Ascomycota-Dothideomycetes-Pleosporales-Pleosporaceae-Exserohilum_turcicum_XP_008029294.1                      88.96%    failed      3.58%
  59  Eukaryota-Ascomycota-Saccharomycetes-Saccharomycetales-Saccharomycetaceae-Kazachstania_naganishii_XP_022463986.1         85.04%    passed     19.97%
  60  Eukaryota-Ascomycota-Saccharomycetes-Saccharomycetales-Saccharomycetaceae-Lachancea_lanzarotensis_XP_022626979.1         84.39%    passed     51.52%
  61  Eukaryota-Ascomycota-Sordariomycetes-Hypocreales-Nectriaceae-Fusarium_graminearum_XP_011326937.1                         89.91%    passed      7.78%
  62  Eukaryota-Basidiomycota-Agaricomycetes-Boletales-Serpulaceae-Serpula_lacrymans_XP_007323696.1                            89.66%    passed     95.54%
  63  Eukaryota-Basidiomycota-Agaricomycetes-Corticiales-Punctulariaceae-Punctularia_strigosozonata_XP_007386321.1             84.99%    passed     69.64%
  64  Eukaryota-Basidiomycota-Tremellomycetes-Tremellales-Tremellaceae-Tremella_mesenterica_jgi67574                           89.51%    passed     55.59%
  65  Eukaryota-Basidiomycota-Wallemiomycetes-Wallemiales-Wallemiaceae-Wallemia_mellicola_XP_006960250.1                       84.99%    passed     71.35%
  66  Eukaryota-Brachiopoda-Lingulata-Lingulida-Lingulidae-Lingula_anatina_XP_013387146.1                                      90.71%    passed     57.51%
  67  Eukaryota-Brachiopoda-Lingulata-Lingulida-Lingulidae-Lingula_anatina_XP_013397041.1                                      83.84%    passed     99.14%
  68  Eukaryota-Cercozoa-Chlorarachniophyceae-NA-NA-Bigelowiella_natans_MMETSP1055_c1632_g1_i2.p1                              74.30%    passed     13.63%
  69  Eukaryota-Cercozoa-Chlorarachniophyceae-NA-NA-Chlorarachnion_reptans_MMETSP0109_c16009_g1_i1.p1                          75.50%    passed     32.37%
  70  Eukaryota-Cercozoa-Chlorarachniophyceae-NA-NA-Gymnochlora_sp_MMETSP0110_c779_g1_i1.p1                                    75.55%    failed      1.06%
  71  Eukaryota-Cercozoa-Chlorarachniophyceae-NA-NA-Partenskyella_glossopodia_MMETSP1318_c26486_g1_i1.p1                       74.60%    failed      4.72%
  72  Eukaryota-Chlorophyta-Chlorophyceae-Chlamydomonadales-Dunaliellaceae-Dunaliella_tertiolecta_MMETSP1126_c186_g1_i1.p1     74.10%    passed     50.08%
  73  Eukaryota-Chlorophyta-Mamiellophyceae-Mamiellales-Bathycoccaceae-Ostreococcus_tauri_jgi8113                              74.95%    passed     50.18%
  74  Eukaryota-Chlorophyta-Mamiellophyceae-Mamiellales-Mamiellaceae-Micromonas_pusilla_MMETSP1403_c9183_g1_i1.p1              68.22%    failed      2.01%
  75  Eukaryota-Chlorophyta-NA-NA-NA-Prasinococcus_capsulatus_MMETSP0941_c9704_g1_i1.p1                                        74.20%    passed     83.40%
  76  Eukaryota-Chlorophyta-Trebouxiophyceae-Chlorellales-Unranked-Asterochloris_spp_jgi23117                                  76.05%    passed      8.16%
  77  Eukaryota-Choanoflagellata-Choanoflagellata-Choanoflagellata-NA-Acanthoeca_sp_MMETSP0105_c32493_g1_i1.p1                 82.48%    passed     27.13%
  78  Eukaryota-Choanoflagellata-Choanoflagellata-Choanoflagellata-NA-Acanthoeca_sp_MMETSP0106_c11085_g1_i1.p2                 90.56%    failed      0.15%
  79  Eukaryota-Choanoflagellata-Choanoflagellata-Choanoflagellata-Salpingoecidae-Salpingoeca_rosetta_XP_004990052.1           85.29%    passed     88.05%
  80  Eukaryota-Choanoflagellata-Choanoflagellata-Choanoflagellata-Salpingoecidae-Salpingoeca_rosetta_XP_004996767.1           90.61%    passed     35.71%
  81  Eukaryota-Chordata-Actinopteri-Cyprinodontiformes-Cyprinodontidae-Cyprinodon_variegatus_XP_015232929.1                   83.94%    passed     93.57%
  82  Eukaryota-Chordata-Amphibia-Anura-Dicroglossidae-Nanorana_parkeri_XP_018420712.1                                         90.51%    passed     23.17%
  83  Eukaryota-Chordata-Aves-Passeriformes-Estrildidae-Taeniopygia_guttata_XP_030121923.1                                     82.78%    passed     31.17%
  84  Eukaryota-Chordata-NA-NA-Branchiostomidae-Branchiostoma_belcheri_XP_019622510.1                                          90.71%    passed     56.19%
  85  Eukaryota-Chromeraceae-NA-NA-NA-Chromera_velia_MMETSP0290_c13002_g1_i1.p1                                                72.79%    failed      0.00%
  86  Eukaryota-Chromeraceae-NA-NA-NA-Vitrella_brassicaformis_MMETSP1451_c2711_g1_i1.p1                                        89.36%    passed     61.04%
  87  Eukaryota-Chromeraceae-NA-NA-NA-Vitrella_brassicaformis_MMETSP1451_c38073_g1_i1.p1                                       84.79%    failed      0.00%
  88  Eukaryota-Chytridiomycota-Chytridiomycetes-Rhizophydiales-NA-Batrachochytrium_dendrobatidis_jgi10605                     83.28%    passed     55.51%
  89  Eukaryota-Chytridiomycota-Chytridiomycetes-Rhizophydiales-NA-Batrachochytrium_dendrobatidis_jgi91777                     87.50%    failed      0.04%
  90  Eukaryota-Chytridiomycota-Chytridiomycetes-Spizellomycetales-Spizellomycetaceae-Spizellomyces_punctatus_XP_016603916.1   88.55%    passed      7.86%
  91  Eukaryota-Chytridiomycota-Chytridiomycetes-Spizellomycetales-Spizellomycetaceae-Spizellomyces_punctatus_XP_016610471.1   83.08%    passed     78.60%
  92  Eukaryota-Ciliophora-NA-Unranked-NA-Mesodinium_pulex_MMETSP0467_c13039_g1_i1.p2                                          74.65%    passed     28.11%
  93  Eukaryota-Ciliophora-NA-Unranked-NA-Mesodinium_pulex_MMETSP0467_c13039_g1_i2.p2                                          74.20%    passed      8.22%
  94  Eukaryota-Ciliophora-NA-Unranked-NA-Protocruzia_adherens_MMETSP0216_c11012_g1_i1.p1                                      73.85%    passed     80.11%
  95  Eukaryota-Ciliophora-NA-Unranked-NA-Strombidinopsis_acuminatum_MMETSP0126_c11344_g1_i2.p1                                76.56%    passed     14.43%
  96  Eukaryota-Cnidaria-Anthozoa-Scleractinia-Acroporidae-Acropora_millepora_XP_029190619.1                                   90.66%    passed     86.47%
  97  Eukaryota-Cnidaria-Anthozoa-Scleractinia-Merulinidae-Orbicella_faveolata_XP_020608530.1                                  90.66%    passed     73.47%
  98  Eukaryota-Cnidaria-Anthozoa-Scleractinia-Pocilloporidae-Pocillopora_damicornis_XP_027042326.1                            84.19%    passed     92.22%
  99  Eukaryota-Cnidaria-Anthozoa-Scleractinia-Pocilloporidae-Stylophora_pistillata_XP_022790862.1                             83.79%    passed     95.16%
 100  Eukaryota-Cryptophyta-NA-Cryptomonadales-Hemiselmidaceae-Hemiselmis_andersenii_MMETSP0043_c2246_g1_i1.p1                 72.79%    passed     24.89%
 101  Eukaryota-Cryptophyta-NA-Cryptomonadales-Hemiselmidaceae-Hemiselmis_rufescens_MMETSP1357_c28957_g1_i1.p1                 72.79%    passed     31.59%
 102  Eukaryota-Cryptophyta-NA-Pyrenomonadales-Geminigeraceae-Guillardia_theta_CCMP2712_jgi69716                               76.00%    passed     93.03%
 103  Eukaryota-Cryptophyta-NA-Pyrenomonadales-Pyrenomonadaceae-Rhodomonas_salina_MMETSP1047_c13016_g1_i1.p1                   75.15%    passed     95.36%
 104  Eukaryota-Echinodermata-Asteroidea-Valvatida-Acanthasteridae-Acanthaster_planci_XP_022083618.1                           83.28%    passed     95.86%
 105  Eukaryota-Echinodermata-Asteroidea-Valvatida-Acanthasteridae-Acanthaster_planci_XP_022106530.1                           80.72%    passed     26.52%
 106  Eukaryota-Echinodermata-Echinoidea-Echinoida-Strongylocentrotidae-Strongylocentrotus_purpuratus_XP_780421.1              90.51%    passed     94.65%
 107  Eukaryota-Echinodermata-Echinoidea-Echinoida-Strongylocentrotidae-Strongylocentrotus_purpuratus_XP_797720.1              84.49%    passed     94.93%
 108  Eukaryota-Euglenida-NA-Eutreptiales-NA-Eutreptiella_gymnastica_MMETSP0039_c4977_g1_i1.p1                                 76.26%    passed     93.60%
 109  Eukaryota-Euglenida-NA-NA-Unranked-Neobodo_designis_MMETSP1114_c8075_g1_i1.p2                                            74.50%    failed      3.18%
 110  Eukaryota-Fonticulida-Fonticulida-Fonticulida-Fonticulaceae-Fonticula_alba_XP_009493992.1                                83.89%    passed     73.57%
 111  Eukaryota-Fonticulida-Fonticulida-Fonticulida-Fonticulaceae-Fonticula_alba_XP_009495148.1                                86.65%    failed      2.82%
 112  Eukaryota-Glaucophyta-Glaucophyta-Gloeochaetales-Gloeochaetaceae-Gloeochaete_witrockiana_MMETSP0308_c26408_g1_i1.p1      93.17%    passed     33.27%
 113  Eukaryota-Glaucophyta-Glaucophyta-NA-NA-Cyanoptyche_gloeocystis_MMETSP1086_c11987_g1_i1.p2                               93.93%    passed     71.38%
 114  Eukaryota-Haptophyta-NA-Prymnesiales-NA-Chrysochromulina_rotalis_MMETSP0287_c5968_g1_i1.p1                               73.29%    failed      0.27%
 115  Eukaryota-Haptophyta-NA-Prymnesiales-NA-Pleurochrysis_carterae_MMETSP1136_c8117_g1_i1.p1                                 75.00%    passed     59.70%
 116  Eukaryota-Haptophyta-NA-Prymnesiales-NA-Pleurochrysis_carterae_MMETSP1137_c5925_g1_i1.p1                                 88.60%    failed      0.53%
 117  Eukaryota-Hemichordata-Enteropneusta-NA-Harrimaniidae-Saccoglossus_kowalevskii_XP_002734344.1                            88.15%    passed     86.13%
 118  Eukaryota-Hemichordata-Enteropneusta-NA-Harrimaniidae-Saccoglossus_kowalevskii_XP_006825428.1                            87.30%    passed     86.72%
 119  Eukaryota-Heterolobosea-NA-NA-NA-Percolomonas_cosmopolitus_MMETSP0758_c2034_g1_i1.p1                                     75.65%    failed      2.04%
 120  Eukaryota-Heterolobosea-NA-NA-Vahlkampfiidae-Naegleria_gruberi_jgi76251                                                  73.14%    failed      0.19%
 121  Eukaryota-Kinetoplastida-Kinetoplastida-Kinetoplastida-Trypanosomatidae-Leptomonas_pyrrhocoris_XP_015662135.1            73.39%    failed      4.87%
 122  Eukaryota-Kinetoplastida-Kinetoplastida-Kinetoplastida-Trypanosomatidae-Trypanosoma_conorhini_XP_029228904.1             73.85%    failed      3.71%
 123  Eukaryota-Kinetoplastida-Kinetoplastida-Kinetoplastida-Trypanosomatidae-Trypanosoma_theileri_XP_028879380.1              73.90%    passed     32.71%
 124  Eukaryota-Longamoebia-Longamoebia-Longamoebia-Acanthamoebidae-Acanthamoeba_castellanii_XP_004339082.1                    77.51%    failed      0.00%
 125  Eukaryota-Longamoebia-Longamoebia-Longamoebia-Acanthamoebidae-Acanthamoeba_castellanii_XP_004340223.1                    86.30%    passed     80.98%
 126  Eukaryota-Mesomycetozoea-Ichthyosporea-Ichthyophonida-NA-Sphaeroforma_arctica_XP_014154606.1                             80.72%    passed     25.70%
 127  Eukaryota-Mesomycetozoea-Ichthyosporea-Ichthyophonida-NA-Sphaeroforma_arctica_XP_014161309.1                             90.61%    passed     72.18%
 128  Eukaryota-Mesomycetozoea-Ichthyosporea-NA-NA-Capsaspora_owczarzaki_XP_004347795.2                                        88.65%    failed      0.00%
 129  Eukaryota-Mesomycetozoea-Ichthyosporea-NA-NA-Capsaspora_owczarzaki_XP_004365596.2                                        80.92%    passed      6.30%
 130  Eukaryota-Microsporidia-NA-NA-NA-Mitosporidium_daphniae_XP_013236567.1                                                   84.64%    passed     45.48%
 131  Eukaryota-Microsporidia-NA-NA-Pleistophoridae-Vavraia_culicis_XP_008074786.1                                             88.60%    passed     19.63%
 132  Eukaryota-Microsporidia-NA-NA-Unikaryonidae-Encephalitozoon_hellem_XP_003886610.1                                        89.76%    failed      4.86%
 133  Eukaryota-Microsporidia-NA-NA-Unikaryonidae-Encephalitozoon_romaleae_XP_009263968.1                                      85.24%    passed     76.19%
 134  Eukaryota-Mollusca-Gastropoda-Aplysiida-Aplysiidae-Aplysia_californica_XP_005109348.1                                    83.38%    passed     96.98%
 135  Eukaryota-Mollusca-Gastropoda-Architaenioglossa-Ampullariidae-Pomacea_canaliculata_XP_025104706.1                        90.66%    passed     49.43%
 136  Eukaryota-Mollusca-Gastropoda-NA-Lottiidae-Lottia_gigantea_jgi166678                                                     84.84%    passed     81.11%
 137  Eukaryota-Mollusca-Gastropoda-NA-Planorbidae-Biomphalaria_glabrata_XP_013063819.1                                        90.91%    passed     93.02%
 138  Eukaryota-Mucorales-Mucoraceae-Undefined-Undefined-Mucor_circinelloides_jgi78611                                         84.99%    passed     64.23%
 139  Eukaryota-Mucorales-Mucoraceae-Undefined-Undefined-Mucor_circinelloides_jgi85294                                         90.06%    passed     41.06%
 140  Eukaryota-Mucoromycota-Glomeromycetes-Glomerales-Glomeraceae-Rhizophagus_irregularis_XP_025174356.1                      85.14%    passed     25.01%
 141  Eukaryota-Mucoromycota-Mucoromycetes-Mucorales-Phycomycetaceae-Phycomyces_blakesleeanus_jgi18766                         90.36%    passed     74.96%
 142  Eukaryota-Mucoromycota-Mucoromycetes-Mucorales-Rhizopodaceae-Rhizopus_microsporus_XP_023467435.1                         90.01%    passed     19.47%
 143  Eukaryota-Mucoromycota-Mucoromycetes-Mucorales-Rhizopodaceae-Rhizopus_microsporus_XP_023469706.1                         84.99%    passed     84.70%
 144  Eukaryota-Nematoda-Chromadorea-Rhabditida-Onchocercidae-Brugia_malayi_XP_001902443.1                                     91.37%    passed     12.65%
 145  Eukaryota-Nematoda-Chromadorea-Rhabditida-Onchocercidae-Loa_loa_XP_003141327.1                                           84.69%    passed     58.93%
 146  Eukaryota-Nematoda-Chromadorea-Rhabditida-Onchocercidae-Loa_loa_XP_020303315.1                                           90.71%    passed     66.30%
 147  Eukaryota-Nematoda-Enoplea-Trichinellida-Trichinellidae-Trichinella_spiralis_XP_003379919.1                              84.59%    passed     99.80%
 148  Eukaryota-Palpitomonas-NA-NA-NA-Palpitomonas_bilix_MMETSP0780_c11988_g2_i1.p1                                            79.02%    passed     22.46%
 149  Eukaryota-Perkinsozoa-NA-Perkinsida-Perkinsidae-Perkinsus_marinus_XP_002768310.1                                         75.30%    passed     93.28%
 150  Eukaryota-Perkinsozoa-NA-Perkinsida-Perkinsidae-Perkinsus_marinus_XP_002778435.1                                         78.92%    passed     69.02%
 151  Eukaryota-Placozoa-NA-NA-Trichoplacidae-Trichoplax_adhaerens_XP_002108175.1                                              91.27%    passed     77.17%
 152  Eukaryota-Placozoa-NA-NA-Trichoplacidae-Trichoplax_adhaerens_XP_002108717.1                                              84.09%    passed     84.26%
 153  Eukaryota-Platyhelminthes-Cestoda-Cyclophyllidea-Taeniidae-Echinococcus_granulosus_XP_024346746.1                        90.41%    passed     84.63%
 154  Eukaryota-Platyhelminthes-Trematoda-Opisthorchiida-Opisthorchiidae-Opisthorchis_viverrini_XP_009172366.1                 78.16%    failed      1.34%
 155  Eukaryota-Platyhelminthes-Trematoda-Strigeidida-Schistosomatidae-Schistosoma_haematobium_XP_012798957.1                  90.66%    passed     53.13%
 156  Eukaryota-Platyhelminthes-Trematoda-Strigeidida-Schistosomatidae-Schistosoma_mansoni_XP_018648030.1                      84.09%    passed     50.90%
 157  Eukaryota-Porifera-Demospongiae-Haplosclerida-Niphatidae-Amphimedon_queenslandica_XP_003385652.2                         83.94%    passed     99.41%
 158  Eukaryota-Porifera-Demospongiae-Haplosclerida-Niphatidae-Amphimedon_queenslandica_XP_011403036.2                         88.25%    passed     15.49%
 159  Eukaryota-Priapulida-Priapulimorpha-Priapulimorphida-Priapulidae-Priapulus_caudatus_XP_014669527.1                       83.94%    passed     98.44%
 160  Eukaryota-Priapulida-Priapulimorpha-Priapulimorphida-Priapulidae-Priapulus_caudatus_XP_014671151.1                       90.66%    passed     99.79%
 161  Eukaryota-Retaria-NA-NA-NA-Ammonia_sp_MMETSP1384_c20245_g1_i1.p1                                                         73.44%    passed     61.66%
 162  Eukaryota-Retaria-NA-NA-NA-Elphidium_margaritaceum_MMETSP1385_c19056_g1_i1.p1                                            74.15%    passed     43.55%
 163  Eukaryota-Retaria-NA-NA-NA-Sorites_sp_MMETSP0191_c2484_g1_i1.p1                                                          75.00%    passed     31.42%
 164  Eukaryota-Rhodophyta-Bangiophyceae-Cyanidiales-Cyanidiaceae-Galdieria_sulphuraria_Gsulp002_G5468.1                       75.95%    passed     19.94%
 165  Eukaryota-Rhodophyta-Bangiophyceae-NA-NA-Rhodosorus_marinus_MMETSP0011_c22_g1_i1.p1                                      73.69%    passed     10.07%
 166  Eukaryota-Rhodophyta-Florideophyceae-Gigartinales-Gigartinaceae-Chondrus_crispus_XP_005713042.1                          74.15%    failed      1.56%
 167  Eukaryota-Stramenopiles-Chrysophyceae-Chromulinales-Chromulinaceae-Ochromonas_sp_MMETSP0004_c18156_g1_i1.p1              73.14%    passed     45.21%
 168  Eukaryota-Stramenopiles-NA-NA-NA-Chromulina_nebulosa_MMETSP1095_TR10071-c0_g1_i1.p1                                      76.61%    failed      0.01%
 169  Eukaryota-Stramenopiles-NA-NA-NA-Pinguiococcus_pyrenoidosus_MMETSP1160_c6360_g1_i1.p1                                    72.54%    failed      4.35%
 170  Eukaryota-Stramenopiles-Synurophyceae-Synurales-Mallomonadaceae-Mallomonas_sp_MMETSP1167_c4595_g1_i1.p1                  75.05%    passed     78.45%
 171  Eukaryota-Streptophyta-NA-Fabales-Fabaceae-Arachis_hypogaea_XP_025666012.1                                               73.24%    passed     91.34%
 172  Eukaryota-Streptophyta-NA-Fabales-Fabaceae-Medicago_truncatula_XP_003603963.1                                            71.44%    passed     78.25%
 173  Eukaryota-Streptophyta-NA-Lamiales-Pedaliaceae-Sesamum_indicum_XP_011074562.1                                            70.68%    passed     63.21%
 174  Eukaryota-Streptophyta-NA-Lamiales-Phrymaceae-Erythranthe_guttata_XP_012843023.1                                         70.68%    passed     13.80%
 175  MSTRG.21233.1.p1                                                                                                         74.75%    passed     49.38%
 176  MSTRG.27860.1.p1                                                                                                         86.09%    failed      0.00%
 177  Paulinella_chromatophora_CCAC0185_nuclear___scaffold5898-m50936                                                          92.12%    passed     74.60%
 178  Viruses-Ackermannviridae-NA-NA-NA-Ralstonia_phage_RSP15_YP_009277127.1                                                   86.24%    passed     62.92%
 179  Viruses-Alloherpesviridae-NA-NA-NA-Anguillid_herpesvirus_1_YP_003358214.1                                                84.89%    passed     86.59%
 180  Viruses-Herelleviridae-NA-NA-NA-Bacillus_virus_Agate_YP_007349230.1                                                      84.69%    passed     20.49%
 181  Viruses-Herelleviridae-NA-NA-NA-Bacillus_virus_Moonbeam_YP_009151580.1                                                   91.82%    passed     33.42%
 182  Viruses-Herelleviridae-NA-NA-NA-Enterococcus_virus_ECP3_YP_009147137.1                                                   84.19%    passed      6.90%
 183  Viruses-Herpesviridae-NA-NA-NA-Ateline_gammaherpesvirus_2_YP_009505422.1                                                 85.44%    passed     98.78%
 184  Viruses-Herpesviridae-NA-NA-NA-Macacine_gammaherpesvirus_5_NP_570754.1                                                   83.28%    failed      0.00%
 185  Viruses-Herpesviridae-NA-NA-NA-Myotis_gammaherpesvirus_8_YP_009229833.1                                                  90.66%    passed     23.30%
 186  Viruses-Herpesviridae-NA-NA-NA-Rhinolophus_gammaherpesvirus_1_YP_009551862.1                                             90.41%    passed     58.93%
 187  Viruses-Hytrosaviridae-NA-NA-NA-Musca_hytrovirus_YP_001883340.1                                                          85.24%    passed     41.98%
 188  Viruses-Iridoviridae-NA-NA-NA-Epizootic_haematopoietic_necrosis_virus_YP_009182086.1                                     90.51%    passed     94.23%
 189  Viruses-Iridoviridae-NA-NA-NA-European_catfish_virus_YP_006347622.1                                                      85.09%    passed     36.69%
 190  Viruses-Iridoviridae-NA-NA-NA-Shortfinned_eel_ranavirus_YP_009259384.1                                                   90.51%    passed     92.53%
 191  Viruses-Iridoviridae-NA-NA-NA-Shortfinned_eel_ranavirus_YP_009259458.1                                                   85.09%    passed     18.90%
 192  Viruses-Marseilleviridae-NA-NA-NA-Marseillevirus_marseillevirus_YP_003407153.1                                           77.71%    passed     12.62%
 193  Viruses-Marseilleviridae-NA-NA-NA-Melbournevirus_YP_009094883.1                                                          77.71%    passed      5.99%
 194  Viruses-Mimiviridae-NA-NA-NA-Cafeteria_roenbergensis_virus_YP_003970135.1                                                77.31%    failed      0.00%
 195  Viruses-Mimiviridae-NA-NA-NA-Megavirus_chiliensis_YP_004894431.1                                                         70.83%    failed      0.00%
 196  Viruses-Mimiviridae-NA-NA-NA-Moumouvirus_YP_007354284.1                                                                  73.59%    failed      0.00%
 197  Viruses-Myoviridae-NA-NA-NA-Bacillus_virus_Shbh1_YP_009275258.1                                                          85.34%    passed     13.95%
 198  Viruses-Myoviridae-NA-NA-NA-Deepsea_thermophilic_phage_D6E_YP_007010969.1                                                86.75%    passed     74.88%
 199  Viruses-Myoviridae-NA-NA-NA-Pseudomonas_phage_PhiPA3_YP_009217085.1                                                      91.32%    passed     18.88%
 200  Viruses-Myoviridae-NA-NA-NA-Ralstonia_virus_RSL2_YP_009212922.1                                                          91.06%    passed     57.06%
 201  Viruses-NA-NA-NA-NA-Apis_mellifera_filamentous_virus_YP_009165778.1                                                      69.38%    failed      0.00%
 202  Viruses-NA-NA-NA-NA-Kaumoebavirus_YP_009352717.1                                                                         90.86%    passed     61.01%
 203  Viruses-NA-NA-NA-NA-Pacmanvirus_A23_YP_009361747.1                                                                       75.80%    passed     17.31%
 204  Viruses-NA-NA-NA-NA-Pandoravirus_salinus_YP_008437181.2                                                                  88.55%    failed      0.00%
 205  Viruses-Nimaviridae-NA-NA-NA-White_spot_syndrome_virus_YP_009220493.1                                                    85.49%    passed     91.73%
 206  Viruses-Nudiviridae-NA-NA-NA-Heliothis_zea_nudivirus_YP_004956783.1                                                      85.39%    passed     98.03%
 207  Viruses-Nudiviridae-NA-NA-NA-Heliothis_zea_nudivirus_YP_004956859.1                                                      89.26%    passed     25.44%
 208  Viruses-Nudiviridae-NA-NA-NA-Oryctes_rhinoceros_nudivirus_YP_002321317.1                                                 83.89%    passed     15.06%
 209  Viruses-Phycodnaviridae-NA-NA-NA-Chrysochromulina_ericina_virus_YP_009173602.1                                           91.62%    failed      0.00%
 210  Viruses-Phycodnaviridae-NA-NA-NA-Emiliania_huxleyi_virus_86_YP_293867.1                                                  75.90%    failed      1.38%
 211  Viruses-Phycodnaviridae-NA-NA-NA-Phaeocystis_globosa_virus_YP_008052655.1                                                84.34%    failed      0.09%
 212  Viruses-Podoviridae-NA-NA-NA-Acinetobacter_phage_Presley_YP_009007629.1                                                  83.68%    passed     26.97%
 213  Viruses-Podoviridae-NA-NA-NA-Delftia_phage_RG2014_YP_009351922.1                                                         84.09%    passed     72.28%
 214  Viruses-Poxviridae-NA-NA-NA-Melanoplus_sanguinipes_entomopoxvirus_NP_048309.1                                            85.34%    failed      0.08%
 215  Viruses-Siphoviridae-NA-NA-NA-Arthrobacter_virus_Circum_YP_009603175.1                                                   86.55%    passed     14.28%
 216  Viruses-Siphoviridae-NA-NA-NA-Bacteroides_phage_B408_YP_002221554.1                                                      86.70%    passed     72.83%
 217  Viruses-Siphoviridae-NA-NA-NA-Staphylococcus_phage_SPbetalike_YP_009226830.1                                             91.92%    passed     51.41%
WARNING: 217 sequences contain more than 50% gaps/ambiguity
****  TOTAL                                                                                                                    83.53%  56 sequences failed composition chi2 test (p-value<5%; df=19)

Create initial parsimony tree by phylogenetic likelihood library (PLL)... 0.936 seconds
Generating 2000 samples for ultrafast bootstrap (seed: 933231)...

NOTE: 378 MB RAM (0 GB) is required!
Measuring multi-threading efficiency up to 6 CPU cores
2 trees examined
Threads: 1 / Time: 7.082 sec / Speedup: 1.000 / Efficiency: 100% / LogL: -119931
Threads: 2 / Time: 3.710 sec / Speedup: 1.909 / Efficiency: 95% / LogL: -119931
Threads: 3 / Time: 3.045 sec / Speedup: 2.326 / Efficiency: 78% / LogL: -119931
Threads: 4 / Time: 2.682 sec / Speedup: 2.641 / Efficiency: 66% / LogL: -119931
Threads: 5 / Time: 1.954 sec / Speedup: 3.624 / Efficiency: 72% / LogL: -119931
Threads: 6 / Time: 2.247 sec / Speedup: 3.152 / Efficiency: 53% / LogL: -119931
BEST NUMBER OF THREADS: 5

Estimate model parameters (epsilon = 0.100)
1. Initial log-likelihood: -108888.383
2. Current log-likelihood: -98625.277
3. Current log-likelihood: -98431.278
4. Current log-likelihood: -98426.286
5. Current log-likelihood: -98424.809
6. Current log-likelihood: -98424.241
7. Current log-likelihood: -98424.121
Optimal log-likelihood: -98423.980
Site proportion and rates:  (0.079,0.050) (0.085,0.168) (0.121,0.333) (0.092,0.467) (0.134,0.745) (0.179,1.120) (0.309,1.934)
Parameters optimization took 7 rounds (83.732 sec)
Computing ML distances based on estimated model parameters... 47.896 sec
WARNING: Some pairwise ML distances are too long (saturated)
Computing BIONJ tree...
0.059 seconds
Log-likelihood of BIONJ tree: -99363.519
--------------------------------------------------------------------
|             INITIALIZING CANDIDATE TREE SET                      |
--------------------------------------------------------------------
Generating 98 parsimony trees... 45.903 second
Computing log-likelihood of 98 initial trees ... 163.381 seconds
Current best score: -98423.980

Do NNI search on 20 best initial trees
Estimate model parameters (epsilon = 0.100)
BETTER TREE FOUND at iteration 1: -98048.144
Estimate model parameters (epsilon = 0.100)
BETTER TREE FOUND at iteration 2: -97944.399
Estimate model parameters (epsilon = 0.100)
BETTER TREE FOUND at iteration 10: -97909.440
Iteration 10 / LogL: -97909.440 / Time: 0h:12m:58s
Iteration 20 / LogL: -98032.848 / Time: 0h:17m:44s
Finish initializing candidate tree set (20)
Current best tree score: -97909.440 / CPU time: 908.181
Number of iterations: 20
--------------------------------------------------------------------
|               OPTIMIZING CANDIDATE TREE SET                      |
--------------------------------------------------------------------
Estimate model parameters (epsilon = 0.100)
BETTER TREE FOUND at iteration 21: -97836.603
Estimate model parameters (epsilon = 0.100)
BETTER TREE FOUND at iteration 22: -97802.274
Iteration 30 / LogL: -97843.977 / Time: 0h:22m:13s (1h:9m:5s left)
Estimate model parameters (epsilon = 0.100)
BETTER TREE FOUND at iteration 37: -97801.722
Estimate model parameters (epsilon = 0.100)
BETTER TREE FOUND at iteration 40: -97787.706
Iteration 40 / LogL: -97787.706 / Time: 0h:26m:4s (1h:5m:44s left)
Estimate model parameters (epsilon = 0.100)
BETTER TREE FOUND at iteration 47: -97764.104
Iteration 50 / LogL: -97819.436 / Time: 0h:30m:17s (0h:59m:5s left)
Log-likelihood cutoff on original alignment: -98010.219
Estimate model parameters (epsilon = 0.100)
BETTER TREE FOUND at iteration 56: -97753.900
Iteration 60 / LogL: -97754.844 / Time: 0h:34m:9s (0h:54m:52s left)
Estimate model parameters (epsilon = 0.100)
BETTER TREE FOUND at iteration 64: -97752.719
Iteration 70 / LogL: -97763.496 / Time: 0h:37m:48s (0h:50m:54s left)
Estimate model parameters (epsilon = 0.100)
BETTER TREE FOUND at iteration 74: -97749.278
Estimate model parameters (epsilon = 0.100)
BETTER TREE FOUND at iteration 76: -97738.103
Iteration 80 / LogL: -97787.959 / Time: 0h:42m:16s (0h:50m:50s left)
Iteration 90 / LogL: -97738.959 / Time: 0h:45m:24s (0h:43m:27s left)
Estimate model parameters (epsilon = 0.100)
BETTER TREE FOUND at iteration 92: -97732.173
Iteration 100 / LogL: -97776.061 / Time: 0h:48m:51s (0h:45m:0s left)
Log-likelihood cutoff on original alignment: -97974.891
NOTE: Bootstrap correlation coefficient of split occurrence frequencies: 0.910
NOTE: UFBoot does not converge, continue at least 100 more iterations
Iteration 110 / LogL: -97734.999 / Time: 0h:52m:24s (0h:42m:54s left)
Estimate model parameters (epsilon = 0.100)
BETTER TREE FOUND at iteration 116: -97729.799
Iteration 120 / LogL: -97734.428 / Time: 0h:56m:0s (0h:44m:49s left)
Iteration 130 / LogL: -97751.151 / Time: 0h:59m:1s (0h:39m:3s left)
Estimate model parameters (epsilon = 0.100)
BETTER TREE FOUND at iteration 133: -97729.587
Estimate model parameters (epsilon = 0.100)
BETTER TREE FOUND at iteration 140: -97725.721
Iteration 140 / LogL: -97725.721 / Time: 1h:2m:25s (0h:44m:35s left)
Iteration 150 / LogL: -97736.902 / Time: 1h:5m:21s (0h:39m:12s left)
Log-likelihood cutoff on original alignment: -97969.536
Estimate model parameters (epsilon = 0.100)
BETTER TREE FOUND at iteration 157: -97724.813
Iteration 160 / LogL: -97730.190 / Time: 1h:8m:43s (0h:41m:39s left)
Estimate model parameters (epsilon = 0.100)
BETTER TREE FOUND at iteration 162: -97723.137
Estimate model parameters (epsilon = 0.100)
BETTER TREE FOUND at iteration 163: -97721.685
Estimate model parameters (epsilon = 0.100)
BETTER TREE FOUND at iteration 170: -97718.482
Iteration 170 / LogL: -97718.482 / Time: 1h:12m:18s (0h:42m:31s left)
Iteration 180 / LogL: -97788.524 / Time: 1h:14m:54s (0h:37m:26s left)
Iteration 190 / LogL: -97735.794 / Time: 1h:17m:43s (0h:32m:42s left)
Iteration 200 / LogL: -97735.615 / Time: 1h:20m:34s (0h:28m:11s left)
Log-likelihood cutoff on original alignment: -97969.536
NOTE: Bootstrap correlation coefficient of split occurrence frequencies: 0.964
NOTE: UFBoot does not converge, continue at least 100 more iterations
Iteration 210 / LogL: -97757.240 / Time: 1h:23m:14s (0h:35m:39s left)
Iteration 220 / LogL: -97739.481 / Time: 1h:25m:58s (0h:31m:14s left)
Iteration 230 / LogL: -97731.140 / Time: 1h:28m:34s (0h:26m:56s left)
Iteration 240 / LogL: -97749.333 / Time: 1h:31m:5s (0h:22m:45s left)
Estimate model parameters (epsilon = 0.100)
BETTER TREE FOUND at iteration 245: -97713.016
Iteration 250 / LogL: -97722.901 / Time: 1h:34m:0s (0h:35m:42s left)
Log-likelihood cutoff on original alignment: -97969.536
Iteration 260 / LogL: -97744.953 / Time: 1h:36m:44s (0h:31m:36s left)
Estimate model parameters (epsilon = 0.100)
BETTER TREE FOUND at iteration 265: -97707.347
Estimate model parameters (epsilon = 0.100)
BETTER TREE FOUND at iteration 267: -97703.001
Iteration 270 / LogL: -97719.780 / Time: 1h:39m:54s (0h:35m:52s left)
Estimate model parameters (epsilon = 0.100)
BETTER TREE FOUND at iteration 278: -97701.461
Iteration 280 / LogL: -97716.903 / Time: 1h:42m:44s (0h:35m:56s left)
Iteration 290 / LogL: -97707.264 / Time: 1h:45m:37s (0h:32m:1s left)
Estimate model parameters (epsilon = 0.100)
BETTER TREE FOUND at iteration 295: -97701.132
Iteration 300 / LogL: -97707.046 / Time: 1h:48m:26s (0h:34m:19s left)
Log-likelihood cutoff on original alignment: -97848.472
NOTE: Bootstrap correlation coefficient of split occurrence frequencies: 0.949
NOTE: UFBoot does not converge, continue at least 100 more iterations
Estimate model parameters (epsilon = 0.100)
BETTER TREE FOUND at iteration 303: -97700.303
Estimate model parameters (epsilon = 0.100)
BETTER TREE FOUND at iteration 309: -97693.283
Iteration 310 / LogL: -97736.305 / Time: 1h:51m:31s (0h:35m:35s left)
Iteration 320 / LogL: -97697.602 / Time: 1h:54m:2s (0h:31m:41s left)
Estimate model parameters (epsilon = 0.100)
BETTER TREE FOUND at iteration 323: -97692.213
Iteration 330 / LogL: -97705.108 / Time: 1h:56m:37s (0h:32m:50s left)
Iteration 340 / LogL: -97765.874 / Time: 1h:59m:7s (0h:29m:3s left)
Iteration 350 / LogL: -97707.136 / Time: 2h:1m:34s (0h:25m:20s left)
Log-likelihood cutoff on original alignment: -97848.472
Iteration 360 / LogL: -97693.625 / Time: 2h:4m:10s (0h:21m:42s left)
Iteration 370 / LogL: -97716.304 / Time: 2h:6m:26s (0h:18m:5s left)
Iteration 380 / LogL: -97718.759 / Time: 2h:9m:0s (0h:14m:35s left)
Estimate model parameters (epsilon = 0.100)
BETTER TREE FOUND at iteration 388: -97683.529
Iteration 390 / LogL: -97719.690 / Time: 2h:11m:34s (0h:33m:2s left)
Iteration 400 / LogL: -97694.977 / Time: 2h:13m:58s (0h:29m:27s left)
Log-likelihood cutoff on original alignment: -97848.472
NOTE: Bootstrap correlation coefficient of split occurrence frequencies: 0.948
NOTE: UFBoot does not converge, continue at least 100 more iterations
Iteration 410 / LogL: -97692.743 / Time: 2h:16m:11s (0h:29m:52s left)
Iteration 420 / LogL: -97724.638 / Time: 2h:18m:21s (0h:26m:20s left)
Iteration 430 / LogL: -97695.358 / Time: 2h:20m:40s (0h:22m:52s left)
Iteration 440 / LogL: -97733.438 / Time: 2h:23m:7s (0h:19m:30s left)
Iteration 450 / LogL: -97689.684 / Time: 2h:25m:48s (0h:16m:11s left)
Log-likelihood cutoff on original alignment: -97848.472
Iteration 460 / LogL: -97695.701 / Time: 2h:28m:13s (0h:12m:52s left)
Estimate model parameters (epsilon = 0.100)
BETTER TREE FOUND at iteration 462: -97682.851
Iteration 470 / LogL: -97750.934 / Time: 2h:30m:58s (0h:29m:31s left)
Iteration 480 / LogL: -97686.372 / Time: 2h:33m:29s (0h:26m:12s left)
Iteration 490 / LogL: -97742.218 / Time: 2h:35m:50s (0h:22m:52s left)
Iteration 500 / LogL: -97688.669 / Time: 2h:38m:10s (0h:19m:35s left)
Log-likelihood cutoff on original alignment: -97848.472
NOTE: Bootstrap correlation coefficient of split occurrence frequencies: 0.951
NOTE: UFBoot does not converge, continue at least 100 more iterations
Iteration 510 / LogL: -97693.728 / Time: 2h:40m:49s (0h:28m:21s left)
Iteration 520 / LogL: -97698.249 / Time: 2h:43m:23s (0h:25m:7s left)
Iteration 530 / LogL: -97692.834 / Time: 2h:45m:41s (0h:21m:52s left)
Iteration 540 / LogL: -97689.441 / Time: 2h:48m:7s (0h:18m:39s left)
Iteration 550 / LogL: -97695.826 / Time: 2h:50m:34s (0h:15m:29s left)
Log-likelihood cutoff on original alignment: -97848.472
Iteration 560 / LogL: -97683.449 / Time: 2h:53m:6s (0h:12m:21s left)
Iteration 570 / LogL: -97696.624 / Time: 2h:55m:39s (0h:9m:14s left)
Iteration 580 / LogL: -97699.590 / Time: 2h:58m:8s (0h:6m:8s left)
Iteration 590 / LogL: -97700.354 / Time: 3h:0m:49s (0h:3m:3s left)
Iteration 600 / LogL: -97693.359 / Time: 3h:3m:24s (0h:0m:0s left)
Log-likelihood cutoff on original alignment: -97848.472
NOTE: Bootstrap correlation coefficient of split occurrence frequencies: 0.978
NOTE: UFBoot does not converge, continue at least 100 more iterations
Iteration 610 / LogL: -97690.931 / Time: 3h:5m:58s (0h:27m:25s left)
Iteration 620 / LogL: -97699.487 / Time: 3h:8m:32s (0h:24m:18s left)
Iteration 630 / LogL: -97695.286 / Time: 3h:11m:0s (0h:21m:12s left)
Iteration 640 / LogL: -97684.195 / Time: 3h:13m:22s (0h:18m:6s left)
Iteration 650 / LogL: -97685.026 / Time: 3h:15m:55s (0h:15m:3s left)
Log-likelihood cutoff on original alignment: -97848.472
Iteration 660 / LogL: -97698.326 / Time: 3h:18m:24s (0h:12m:1s left)
Iteration 670 / LogL: -97770.947 / Time: 3h:20m:56s (0h:8m:59s left)
Iteration 680 / LogL: -97701.113 / Time: 3h:23m:22s (0h:5m:58s left)
Iteration 690 / LogL: -97711.080 / Time: 3h:25m:51s (0h:2m:58s left)
Iteration 700 / LogL: -97718.921 / Time: 3h:28m:10s (0h:0m:0s left)
Log-likelihood cutoff on original alignment: -97848.472
NOTE: Bootstrap correlation coefficient of split occurrence frequencies: 0.984
NOTE: UFBoot does not converge, continue at least 100 more iterations
Estimate model parameters (epsilon = 0.100)
BETTER TREE FOUND at iteration 708: -97681.895
Iteration 710 / LogL: -97688.979 / Time: 3h:30m:45s (0h:29m:4s left)
Iteration 720 / LogL: -97686.261 / Time: 3h:33m:8s (0h:26m:2s left)
Iteration 730 / LogL: -97698.329 / Time: 3h:35m:21s (0h:22m:59s left)
Iteration 740 / LogL: -97701.110 / Time: 3h:37m:52s (0h:20m:0s left)
Iteration 750 / LogL: -97704.422 / Time: 3h:40m:19s (0h:17m:1s left)
Log-likelihood cutoff on original alignment: -97848.472
Iteration 760 / LogL: -97690.639 / Time: 3h:43m:0s (0h:14m:4s left)
Iteration 770 / LogL: -97733.028 / Time: 3h:44m:40s (0h:11m:4s left)
Iteration 780 / LogL: -97692.377 / Time: 3h:46m:11s (0h:8m:6s left)
Iteration 790 / LogL: -97693.856 / Time: 3h:47m:34s (0h:5m:10s left)
Iteration 800 / LogL: -97704.655 / Time: 3h:48m:57s (0h:2m:17s left)
Log-likelihood cutoff on original alignment: -97848.472
NOTE: Bootstrap correlation coefficient of split occurrence frequencies: 0.989
NOTE: UFBoot does not converge, continue at least 100 more iterations
Iteration 810 / LogL: -97708.375 / Time: 3h:50m:25s (0h:25m:35s left)
Iteration 820 / LogL: -97712.704 / Time: 3h:51m:49s (0h:22m:36s left)
Iteration 830 / LogL: -97683.084 / Time: 3h:53m:15s (0h:19m:39s left)
Iteration 840 / LogL: -97714.812 / Time: 3h:54m:39s (0h:16m:44s left)
Iteration 850 / LogL: -97707.434 / Time: 3h:55m:59s (0h:13m:52s left)
Log-likelihood cutoff on original alignment: -97848.472
Iteration 860 / LogL: -97710.852 / Time: 3h:57m:25s (0h:11m:2s left)
Iteration 870 / LogL: -97705.479 / Time: 3h:58m:47s (0h:8m:13s left)
Iteration 880 / LogL: -97695.697 / Time: 4h:0m:7s (0h:5m:27s left)
Iteration 890 / LogL: -97693.500 / Time: 4h:1m:24s (0h:2m:42s left)
Iteration 900 / LogL: -97685.429 / Time: 4h:2m:44s (0h:0m:0s left)
Log-likelihood cutoff on original alignment: -97848.472
NOTE: Bootstrap correlation coefficient of split occurrence frequencies: 0.992
TREE SEARCH COMPLETED AFTER 900 ITERATIONS / Time: 4h:2m:46s

--------------------------------------------------------------------
|                    FINALIZING TREE SEARCH                        |
--------------------------------------------------------------------
Performs final model parameters optimization
Estimate model parameters (epsilon = 0.010)
1. Initial log-likelihood: -97681.895
Optimal log-likelihood: -97681.892
Site proportion and rates:  (0.088,0.054) (0.106,0.189) (0.145,0.360) (0.085,0.578) (0.153,0.824) (0.164,1.264) (0.258,2.091)
Parameters optimization took 1 rounds (3.004 sec)
BEST SCORE FOUND : -97681.892
Creating bootstrap support values...
Split supports printed to NEXUS file K13998.blastp_ALL.outfmt6.parsed.filtered.uniq.faa.mafft.aln.splits.nex
Total tree length: 199.025

Total number of iterations: 900
CPU time used for tree search: 70314.953 sec (19h:31m:54s)
Wall-clock time used for tree search: 14410.069 sec (4h:0m:10s)
Total CPU time used: 71777.337 sec (19h:56m:17s)
Total wall-clock time used: 14570.910 sec (4h:2m:50s)

Computing bootstrap consensus tree...
Reading input file K13998.blastp_ALL.outfmt6.parsed.filtered.uniq.faa.mafft.aln.splits.nex...
217 taxa and 2164 splits.
Consensus tree written to K13998.blastp_ALL.outfmt6.parsed.filtered.uniq.faa.mafft.aln.contree
Reading input trees file K13998.blastp_ALL.outfmt6.parsed.filtered.uniq.faa.mafft.aln.contree
Log-likelihood of consensus tree: -97688.008

Analysis results written to: 
  IQ-TREE report:                K13998.blastp_ALL.outfmt6.parsed.filtered.uniq.faa.mafft.aln.iqtree
  Maximum-likelihood tree:       K13998.blastp_ALL.outfmt6.parsed.filtered.uniq.faa.mafft.aln.treefile
  Likelihood distances:          K13998.blastp_ALL.outfmt6.parsed.filtered.uniq.faa.mafft.aln.mldist

Ultrafast bootstrap approximation results written to:
  Split support values:          K13998.blastp_ALL.outfmt6.parsed.filtered.uniq.faa.mafft.aln.splits.nex
  Consensus tree:                K13998.blastp_ALL.outfmt6.parsed.filtered.uniq.faa.mafft.aln.contree
  Screen log file:               K13998.blastp_ALL.outfmt6.parsed.filtered.uniq.faa.mafft.aln.log

Date and Time: Wed Oct 13 03:22:07 2021
