IQ-TREE multicore version 1.6.12 for Linux 64-bit built Aug 15 2019
Developed by Bui Quang Minh, Nguyen Lam Tung, Olga Chernomor,
Heiko Schmidt, Dominik Schrempf, Michael Woodhams.

Host:    coral (AVX512, FMA3, 376 GB RAM)
Command: /home/timothy/programs/iqtree-1.6.12-Linux/bin/iqtree -s K15779.blastp_ALL.outfmt6.parsed.filtered.uniq.faa.mafft.aln -nt AUTO -ntmax 6 -m LG+R7 -bb 2000 -nm 2000 -quiet
Seed:    676053 (Using SPRNG - Scalable Parallel Random Number Generator)
Time:    Tue Oct 12 23:38:13 2021
Kernel:  AVX+FMA - auto-detect threads (96 CPU cores detected)

Reading alignment file K15779.blastp_ALL.outfmt6.parsed.filtered.uniq.faa.mafft.aln ... Fasta format detected
Alignment most likely contains protein sequences
Alignment has 128 sequences with 2094 columns, 1248 distinct patterns
669 parsimony-informative, 296 singleton sites, 1129 constant sites
                                                                                                                            Gap/Ambiguity  Composition  p-value
   1  Archaea-Crenarchaeota-Thermoprotei-Sulfolobales-Sulfolobaceae-Sulfodiicoccus_acidiphilus_WP_126449795.1                      78.51%    failed      0.45%
   2  Archaea-Crenarchaeota-Thermoprotei-Thermoproteales-Thermoproteaceae-Vulcanisaeta_distributa_WP_013335236.1                   77.41%    failed      0.02%
   3  Archaea-Euryarchaeota-Halobacteria-Halobacteriales-Halobacteriaceae-Halobacterium_sp._CBA1132_WP_058984430.1                 78.22%    failed      0.00%
   4  Archaea-Euryarchaeota-Halobacteria-Halobacteriales-Halobacteriaceae-Salarchaeum_sp._JOR1_WP_145844717.1                      78.08%    failed      0.00%
   5  Archaea-Euryarchaeota-Halobacteria-Haloferacales-Halorubraceae-Halorubrum_sp._CBA1229_WP_123113516.1                         78.08%    failed      0.00%
   6  Archaea-NA-NA-NA-NA-archaeon_AArcSl_WP_119817814.1                                                                           76.93%    failed      0.00%
   7  Bacteria-Actinobacteria-Actinobacteria-Micrococcales-Microbacteriaceae-NA_WP_104327113.1                                     73.50%    failed      0.00%
   8  Bacteria-Actinobacteria-Actinobacteria-Micrococcales-Microbacteriaceae-Rathayibacter_sp._AY1D1_WP_104319054.1                73.50%    failed      0.00%
   9  Bacteria-Actinobacteria-Actinobacteria-Micrococcales-Micrococcaceae-Pseudarthrobacter_chlorophenolicus_WP_045730902.1        72.06%    failed      0.00%
  10  Bacteria-Bacteroidetes-Sphingobacteriia-Sphingobacteriales-Sphingobacteriaceae-Nubsella_zeaxanthinifaciens_WP_113635077.1    72.45%    failed      0.37%
  11  Bacteria-Bacteroidetes-Sphingobacteriia-Sphingobacteriales-Sphingobacteriaceae-Parapedobacter_luteus_WP_079717185.1          72.35%    passed      7.09%
  12  Bacteria-Bacteroidetes-Sphingobacteriia-Sphingobacteriales-Sphingobacteriaceae-Pedobacter_nanyangensis_WP_113661332.1        72.45%    failed      0.12%
  13  Bacteria-Firmicutes-Bacilli-Bacillales-Bacillaceae-NA_WP_148948389.1                                                         72.25%    failed      0.00%
  14  Bacteria-Firmicutes-Clostridia-Thermoanaerobacterales-Thermoanaerobacteraceae-Caldanaerobacter_subterraneus_WP_009610298.1   73.45%    failed      0.00%
  15  Bacteria-Firmicutes-Clostridia-Thermoanaerobacterales-Thermoanaerobacteraceae-Thermoanaerobacter_uzonensis_WP_072969536.1    73.45%    failed      0.76%
  16  Bacteria-Fusobacteria-Fusobacteriia-Fusobacteriales-Fusobacteriaceae-Fusobacterium_necrophorum_WP_035917507.1                73.07%    passed      9.29%
  17  Bacteria-Fusobacteria-Fusobacteriia-Fusobacteriales-Fusobacteriaceae-NA_WP_070579066.1                                       72.49%    failed      0.01%
  18  Bacteria-Proteobacteria-Gammaproteobacteria-Vibrionales-Vibrionaceae-Aliivibrio_wodanis_WP_045101794.1                       72.87%    passed     48.41%
  19  Bacteria-Proteobacteria-Gammaproteobacteria-Vibrionales-Vibrionaceae-Photobacterium_sp._CECT_9192_WP_087853447.1             72.92%    failed      0.00%
  20  Bacteria-Proteobacteria-Gammaproteobacteria-Vibrionales-Vibrionaceae-Vibrio_parahaemolyticus_WP_140287515.1                  73.07%    passed     22.09%
  21  Bacteria-Spirochaetes-Spirochaetia-Spirochaetales-Spirochaetaceae-Salinispira_pacifica_WP_024267589.1                        71.87%    passed      5.01%
  22  Bacteria-Spirochaetes-Spirochaetia-Spirochaetales-Spirochaetaceae-Sediminispirochaeta_bajacaliforniensis_WP_020613929.1      71.78%    failed      0.02%
  23  Bacteria-Spirochaetes-Spirochaetia-Spirochaetales-Spirochaetaceae-Treponema_succinifaciens_WP_013702188.1                    71.68%    failed      1.29%
  24  Bacteria-Thermotogae-Thermotogae-Mesoaciditogales-Mesoaciditogaceae-Mesoaciditoga_lauensis_WP_036221275.1                    73.35%    failed      0.24%
  25  Bacteria-Thermotogae-Thermotogae-Thermotogales-Fervidobacteriaceae-Fervidobacterium_pennivorans_WP_064012357.1               72.64%    failed      0.00%
  26  Bacteria-Thermotogae-Thermotogae-Thermotogales-Fervidobacteriaceae-Thermosipho_africanus_WP_012579942.1                      72.68%    failed      0.00%
  27  Eukaryota-Acytosteliales-Acytosteliales-Acytosteliales-Acytosteliaceae-Acytostelium_subglobosum_XP_012755230.1               71.87%    passed     97.07%
  28  Eukaryota-Acytosteliales-Acytosteliales-Acytosteliales-Acytosteliaceae-Heterostelium_album_XP_020432017.1                    71.25%    passed     98.76%
  29  Eukaryota-Acytosteliales-Acytosteliales-Acytosteliales-Cavenderiaceae-Cavenderia_fasciculata_XP_004366231.1                  71.30%    passed     25.37%
  30  Eukaryota-Alveolata-Dinophyceae-NA-Unranked-Ceratium_fusus_MMETSP1075_c11482_g1_i1.p1                                        71.06%    passed     14.29%
  31  Eukaryota-Alveolata-Dinophyceae-NA-Unranked-Oxyrrhis_marina_MMETSP0471_c49610_g1_i1.p1                                       70.68%    failed      0.06%
  32  Eukaryota-Alveolata-Dinophyceae-Peridiniales-Kryptoperidiniaceae-Durinskia_baltica_MMETSP0117_c4977_g1_i1.p1                 74.59%    passed     92.36%
  33  Eukaryota-Amoebozoa-NA-NA-Paramoebidae-Filamoeba_nolandi_MMETSP0413_c19097_g1_i1.p1                                          71.73%    passed     84.18%
  34  Eukaryota-Amoebozoa-NA-NA-Paramoebidae-Mayorella_sp_MMETSP0417_c4416_g1_i1.p1                                                71.16%    passed     84.59%
  35  Eukaryota-Amoebozoa-NA-NA-Paramoebidae-Stygamoeba_regulata_MMETSP0447_c7035_g1_i1.p1                                         71.16%    passed     84.59%
  36  Eukaryota-Annelida-Clitellata-Hirudinida-Glossiphoniidae-Helobdella_robusta_jgi104891                                        71.20%    passed     69.08%
  37  Eukaryota-Apicomplexa-Aconoidasida-Haemosporida-Plasmodiidae-Plasmodium_chabaudi_XP_744456.1                                 71.68%    failed      0.00%
  38  Eukaryota-Apicomplexa-Conoidasida-Eucoccidiorida-Sarcocystidae-Besnoitia_besnoiti_XP_029220289.1                             71.06%    passed     36.30%
  39  Eukaryota-Apicomplexa-Conoidasida-Eucoccidiorida-Sarcocystidae-Toxoplasma_gondii_XP_002369797.1                              71.49%    passed     62.47%
  40  Eukaryota-Apusomonadidae-NA-NA-NA-Thecamonas_trahens_XP_013755787.1                                                          71.06%    failed      0.00%
  41  Eukaryota-Arthropoda-Insecta-Diptera-Tephritidae-Bactrocera_dorsalis_XP_011198066.1                                          71.16%    passed     44.22%
  42  Eukaryota-Arthropoda-Insecta-Hymenoptera-Tenthredinidae-Athalia_rosae_XP_012253603.1                                         70.96%    passed      9.52%
  43  Eukaryota-Arthropoda-Malacostraca-Amphipoda-Hyalellidae-Hyalella_azteca_XP_018014829.1                                       71.39%    passed     58.55%
  44  Eukaryota-Ascomycota-Dothideomycetes-Pleosporales-Pleosporaceae-Alternaria_arborescens_XP_028509919.1                        72.16%    passed     66.62%
  45  Eukaryota-Ascomycota-Dothideomycetes-Pleosporales-Pleosporaceae-Exserohilum_turcicum_XP_008027352.1                          72.16%    passed     65.87%
  46  Eukaryota-Ascomycota-Dothideomycetes-Pleosporales-Pleosporaceae-Pyrenophora_triticirepentis_XP_001932190.1                   72.06%    passed     77.73%
  47  Eukaryota-Basidiomycota-Agaricomycetes-Agaricales-Agaricaceae-Agaricus_bisporus_XP_006458320.1                               71.49%    passed     98.34%
  48  Eukaryota-Basidiomycota-Agaricomycetes-Hymenochaetales-Hymenochaetaceae-Fomitiporia_mediterranea_XP_007263819.1              71.68%    passed     98.34%
  49  Eukaryota-Basidiomycota-Agaricomycetes-Russulales-Stereaceae-Stereum_hirsutum_XP_007304806.1                                 71.63%    passed     98.33%
  50  Eukaryota-Brachiopoda-Lingulata-Lingulida-Lingulidae-Lingula_anatina_XP_013409913.1                                          71.30%    passed      6.16%
  51  Eukaryota-Cercozoa-Chlorarachniophyceae-NA-NA-Bigelowiella_natans_CCMP2755_jgi89414                                          71.49%    passed     81.37%
  52  Eukaryota-Cercozoa-Chlorarachniophyceae-NA-NA-Lotharella_amoebiformis_MMETSP0042_c9578_g1_i1.p1                              71.63%    failed      0.09%
  53  Eukaryota-Cercozoa-Chlorarachniophyceae-NA-NA-Partenskyella_glossopodia_MMETSP1318_c17093_g1_i1.p1                           71.59%    passed     63.96%
  54  Eukaryota-Chlorophyta-Chlorophyceae-Chlamydomonadales-Dunaliellaceae-Dunaliella_tertiolecta_MMETSP1127_c23121_g1_i1.p1       70.20%    failed      0.07%
  55  Eukaryota-Chlorophyta-NA-NA-NA-Prasinococcus_capsulatus_MMETSP0941_c5611_g1_i1.p1                                            66.05%    failed      0.06%
  56  Eukaryota-Chlorophyta-NA-NA-NA-Tetraselmis_sp_MMETSP0419_c17882_g1_i1.p1                                                     69.10%    failed      0.00%
  57  Eukaryota-Choanoflagellata-Choanoflagellata-Choanoflagellata-NA-Acanthoeca_sp_MMETSP0105_c22438_g1_i1.p1                     67.34%    failed      0.01%
  58  Eukaryota-Choanoflagellata-Choanoflagellata-Choanoflagellata-Salpingoecidae-Monosiga_brevicollis_XP_001745497.1              70.87%    passed     87.13%
  59  Eukaryota-Choanoflagellata-Choanoflagellata-Choanoflagellata-Salpingoecidae-Salpingoeca_rosetta_XP_004992540.1               71.44%    passed     79.88%
  60  Eukaryota-Chordata-NA-NA-Branchiostomidae-Branchiostoma_belcheri_XP_019647384.1                                              70.63%    passed     23.83%
  61  Eukaryota-Chordata-NA-Squamata-Elapidae-Notechis_scutatus_XP_026531094.1                                                     71.11%    passed     74.15%
  62  Eukaryota-Chordata-NA-Squamata-Elapidae-Pseudonaja_textilis_XP_026555645.1                                                   71.11%    passed     77.40%
  63  Eukaryota-Chromeraceae-NA-NA-NA-Chromera_velia_MMETSP0290_c2253_g1_i1.p1                                                     73.88%    passed     18.89%
  64  Eukaryota-Chromeraceae-NA-NA-NA-Vitrella_brassicaformis_MMETSP1451_c36577_g1_i1.p1                                           76.55%    passed     59.80%
  65  Eukaryota-Chytridiomycota-Chytridiomycetes-Rhizophydiales-NA-Batrachochytrium_dendrobatidis_jgi35697                         71.63%    passed     70.24%
  66  Eukaryota-Ciliophora-NA-Unranked-NA-Protocruzia_adherens_MMETSP0216_c8699_g1_i1.p1                                           64.95%    passed     38.74%
  67  Eukaryota-Ciliophora-NA-Unranked-NA-Pseudokeronopsis_sp_MMETSP1396_c13571_g1_i1.p1                                           71.11%    passed     47.25%
  68  Eukaryota-Ciliophora-NA-Unranked-NA-Tiarina_fusus_MMETSP0472_c93688_g1_i1.p1                                                 72.35%    passed     48.29%
  69  Eukaryota-Cnidaria-Anthozoa-Alcyonacea-Nephtheidae-Dendronephthya_gigantea_XP_028401689.1                                    70.87%    passed     10.90%
  70  Eukaryota-Cnidaria-Anthozoa-Scleractinia-Pocilloporidae-Pocillopora_damicornis_XP_027053232.1                                70.49%    passed     75.42%
  71  Eukaryota-Cnidaria-Hydrozoa-Anthoathecata-Hydridae-Hydra_vulgaris_XP_012566428.1                                             70.53%    passed     21.34%
  72  Eukaryota-Cryptophyta-NA-Pyrenomonadales-Chroomonadaceae-Chroomonas_mesostigmaticacf_MMETSP0047_c27343_g1_i1.p1              71.44%    passed      5.59%
  73  Eukaryota-Cryptophyta-NA-Pyrenomonadales-Geminigeraceae-Guillardia_theta_CCMP2712_jgi166345                                  71.78%    passed     90.33%
  74  Eukaryota-Cryptophyta-NA-Pyrenomonadales-Pyrenomonadaceae-Rhodomonas_salina_MMETSP1047_c42471_g1_i1.p1                       71.39%    passed     26.92%
  75  Eukaryota-Dictyosteliales-Dictyosteliales-Dictyosteliales-Dictyosteliaceae-Dictyostelium_discoideum_XP_640969.1              71.20%    failed      0.58%
  76  Eukaryota-Diplomonadida-Diplomonadida-Diplomonadida-Hexamitidae-Giardia_intestinalis_XP_001708370.1                          68.72%    passed     85.62%
  77  Eukaryota-Echinodermata-Asteroidea-Valvatida-Acanthasteridae-Acanthaster_planci_XP_022091572.1                               71.20%    passed     67.70%
  78  Eukaryota-Echinodermata-Echinoidea-Echinoida-Strongylocentrotidae-Strongylocentrotus_purpuratus_XP_011669003.1               81.33%    passed     30.45%
  79  Eukaryota-Entamoebidae-NA-NA-NA-Entamoeba_histolytica_XP_648671.1                                                            71.63%    passed      9.10%
  80  Eukaryota-Euglenida-NA-Eutreptiales-NA-Eutreptiella_gymnastica_MMETSP0039_c26615_g1_i1.p1                                    73.50%    failed      0.45%
  81  Eukaryota-Euglenida-NA-NA-Unranked-Neobodo_designis_MMETSP1114_c4788_g1_i1.p1                                                70.82%    failed      0.58%
  82  Eukaryota-Fonticulida-Fonticulida-Fonticulida-Fonticulaceae-Fonticula_alba_XP_009492482.1                                    68.91%    failed      0.00%
  83  Eukaryota-Glaucophyta-Glaucophyta-Gloeochaetales-Gloeochaetaceae-Gloeochaete_wittrockiana_MMETSP1089_c86_g1_i1.p1            78.65%    passed     92.81%
  84  Eukaryota-Haptophyta-NA-Phaeocystales-Phaeocystaceae-Phaeocystis_cordata_MMETSP1465_c13401_g1_i1.p1                          93.89%    passed      7.33%
  85  Eukaryota-Haptophyta-NA-Prymnesiales-NA-Chrysochromulina_polylepis_MMETSP0143_c64239_g1_i1.p1                                83.62%    passed     43.54%
  86  Eukaryota-Haptophyta-NA-Prymnesiales-NA-Imantonia_sp_MMETSP1474_c80_g1_i1.p1                                                 74.02%    passed     51.99%
  87  Eukaryota-Hemichordata-Enteropneusta-NA-Harrimaniidae-Saccoglossus_kowalevskii_XP_002735052.2                                86.87%    passed     89.83%
  88  Eukaryota-Heterolobosea-NA-NA-NA-Percolomonas_cosmopolitus_MMETSP0759_c7542_g1_i1.p1                                         71.59%    passed     16.48%
  89  Eukaryota-Heterolobosea-NA-NA-Vahlkampfiidae-Naegleria_gruberi_jgi39110                                                      70.06%    passed     92.18%
  90  Eukaryota-Kinetoplastida-Kinetoplastida-Kinetoplastida-Trypanosomatidae-Leishmania_mexicana_XP_003878937.1                   71.68%    failed      0.60%
  91  Eukaryota-Kinetoplastida-Kinetoplastida-Kinetoplastida-Trypanosomatidae-Leptomonas_pyrrhocoris_XP_015660922.1                71.68%    passed     18.14%
  92  Eukaryota-Kinetoplastida-Kinetoplastida-Kinetoplastida-Trypanosomatidae-Trypanosoma_rangeli_XP_029240489.1                   72.11%    passed     36.16%
  93  Eukaryota-Longamoebia-Longamoebia-Longamoebia-Acanthamoebidae-Acanthamoeba_castellanii_XP_004335683.1                        37.82%    failed      0.10%
  94  Eukaryota-Mesomycetozoea-Ichthyosporea-Ichthyophonida-NA-Sphaeroforma_arctica_XP_014160677.1                                 73.16%    passed     93.40%
  95  Eukaryota-Mesomycetozoea-Ichthyosporea-NA-NA-Capsaspora_owczarzaki_XP_004365898.1                                            71.39%    passed     94.65%
  96  Eukaryota-Microsporidia-NA-NA-NA-Mitosporidium_daphniae_XP_013238634.1                                                       79.51%    passed     91.52%
  97  Eukaryota-Microsporidia-NA-NA-Unikaryonidae-Encephalitozoon_romaleae_XP_009264141.1                                          73.07%    failed      0.00%
  98  Eukaryota-Mollusca-Bivalvia-Ostreoida-Ostreidae-Crassostrea_virginica_XP_022325113.1                                         71.30%    failed      1.63%
  99  Eukaryota-Mollusca-Bivalvia-Pectinoida-Pectinidae-Mizuhopecten_yessoensis_XP_021367057.1                                     71.35%    passed     64.98%
 100  Eukaryota-Mollusca-Gastropoda-Architaenioglossa-Ampullariidae-Pomacea_canaliculata_XP_025085388.1                            71.20%    passed     95.90%
 101  Eukaryota-Mucorales-Mucoraceae-Undefined-Undefined-Mucor_circinelloides_jgi45798                                             71.59%    passed     67.10%
 102  Eukaryota-Mucoromycota-Glomeromycetes-Glomerales-Glomeraceae-Rhizophagus_irregularis_XP_025175865.1                          71.39%    passed     11.08%
 103  Eukaryota-Mucoromycota-Mortierellomycetes-Mortierellales-Mortierellaceae-Lobosporangium_transversale_XP_021882127.1          71.35%    passed     99.99%
 104  Eukaryota-Mucoromycota-Mucoromycetes-Mucorales-Phycomycetaceae-Phycomyces_blakesleeanus_XP_018293429.1                       71.49%    passed     16.32%
 105  Eukaryota-Nematoda-Chromadorea-Rhabditida-Onchocercidae-Loa_loa_XP_020303311.1                                               70.82%    passed     12.34%
 106  Eukaryota-Nematoda-Chromadorea-Rhabditida-Rhabditidae-Caenorhabditis_briggsae_XP_002647053.1                                 71.63%    passed     35.07%
 107  Eukaryota-Nematoda-Chromadorea-Rhabditida-Strongyloididae-Strongyloides_ratti_XP_024499742.1                                 71.54%    failed      0.15%
 108  Eukaryota-Palpitomonas-NA-NA-NA-Palpitomonas_bilix_MMETSP0780_c13607_g1_i1.p1                                                71.30%    passed     67.95%
 109  Eukaryota-Perkinsozoa-NA-Perkinsida-Perkinsidae-Perkinsus_marinus_XP_002778256.1                                             71.54%    passed     38.34%
 110  Eukaryota-Placozoa-NA-NA-Trichoplacidae-Trichoplax_adhaerens_XP_002112753.1                                                  70.77%    passed     36.20%
 111  Eukaryota-Platyhelminthes-Cestoda-Cyclophyllidea-Taeniidae-Echinococcus_granulosus_XP_024347490.1                            72.73%    passed     99.35%
 112  Eukaryota-Platyhelminthes-Trematoda-Opisthorchiida-Opisthorchiidae-Opisthorchis_viverrini_XP_009162863.1                     71.20%    passed     72.68%
 113  Eukaryota-Platyhelminthes-Trematoda-Strigeidida-Schistosomatidae-Schistosoma_mansoni_XP_018648111.1                          72.97%    passed     10.04%
 114  Eukaryota-Porifera-Demospongiae-Haplosclerida-Niphatidae-Amphimedon_queenslandica_XP_019858103.1                             81.18%    passed     97.24%
 115  Eukaryota-Priapulida-Priapulimorpha-Priapulimorphida-Priapulidae-Priapulus_caudatus_XP_014675581.1                           71.30%    passed     56.34%
 116  Eukaryota-Retaria-NA-NA-NA-Ammonia_sp_MMETSP1384_c19353_g1_i1.p1                                                             68.58%    passed      6.89%
 117  Eukaryota-Retaria-NA-NA-NA-Elphidium_margaritaceum_MMETSP1385_c12242_g1_i1.p1                                                79.66%    passed     18.94%
 118  Eukaryota-Retaria-NA-NA-NA-Sorites_sp_MMETSP0191_c14869_g1_i1.p1                                                             82.47%    failed      0.00%
 119  Eukaryota-Rhodophyta-Bangiophyceae-NA-NA-Rhodosorus_marinus_MMETSP0011_c4299_g1_i1.p1                                        71.63%    passed     94.67%
 120  Eukaryota-Rhodophyta-Bangiophyceae-Porphyridiales-Porphyridiaceae-Porphyridium_purpureum_v2_POR0605..scf295_1                70.49%    passed     17.30%
 121  Eukaryota-Rhodophyta-Compsopogonophyceae-Compsopogonales-Compsopogonaceae-Compsopogon_coeruleus_MMETSP0312_c3052_g1_i2.p1    69.10%    failed      0.10%
 122  Eukaryota-Stramenopiles-Oomycetes-Peronosporales-Peronosporaceae-Phytophthora_ramorum_jgi71625                               70.92%    passed      9.10%
 123  Eukaryota-Stramenopiles-Oomycetes-Peronosporales-Peronosporaceae-Plasmopara_halstedii_XP_024581740.1                         70.96%    passed     66.89%
 124  Eukaryota-Stramenopiles-Oomycetes-Saprolegniales-Saprolegniaceae-Saprolegnia_parasitica_XP_012195992.1                       71.39%    passed     49.28%
 125  Eukaryota-Streptophyta-NA-Fagales-Fagaceae-Quercus_suber_XP_023878807.1                                                      71.82%    passed     13.02%
 126  Eukaryota-Streptophyta-NA-Myrtales-Myrtaceae-Rhodamnia_argentea_XP_030540617.1                                               71.06%    failed      2.08%
 127  Eukaryota-Trichomonadida-Trichomonadida-Trichomonadida-Trichomonadidae-Trichomonas_vaginalis_XP_001327899.1                  72.02%    passed     88.94%
 128  MSTRG.24662.1.p1                                                                                                             69.68%    failed      0.77%
WARNING: 127 sequences contain more than 50% gaps/ambiguity
****  TOTAL                                                                                                                        72.35%  42 sequences failed composition chi2 test (p-value<5%; df=19)
NOTE: Eukaryota-Amoebozoa-NA-NA-Paramoebidae-Stygamoeba_regulata_MMETSP0447_c7035_g1_i1.p1 is identical to Eukaryota-Amoebozoa-NA-NA-Paramoebidae-Mayorella_sp_MMETSP0417_c4416_g1_i1.p1 but kept for subsequent analysis

Create initial parsimony tree by phylogenetic likelihood library (PLL)... 0.245 seconds
Generating 2000 samples for ultrafast bootstrap (seed: 676053)...

NOTE: 185 MB RAM (0 GB) is required!
Measuring multi-threading efficiency up to 6 CPU cores
4 trees examined
Threads: 1 / Time: 6.908 sec / Speedup: 1.000 / Efficiency: 100% / LogL: -133458
Threads: 2 / Time: 3.659 sec / Speedup: 1.888 / Efficiency: 94% / LogL: -133458
Threads: 3 / Time: 3.315 sec / Speedup: 2.084 / Efficiency: 69% / LogL: -133458
Threads: 4 / Time: 2.207 sec / Speedup: 3.131 / Efficiency: 78% / LogL: -133458
Threads: 5 / Time: 1.467 sec / Speedup: 4.710 / Efficiency: 94% / LogL: -133458
Threads: 6 / Time: 3.075 sec / Speedup: 2.246 / Efficiency: 37% / LogL: -133458
BEST NUMBER OF THREADS: 5

Estimate model parameters (epsilon = 0.100)
1. Initial log-likelihood: -114609.974
2. Current log-likelihood: -108803.649
3. Current log-likelihood: -108727.676
4. Current log-likelihood: -108725.669
5. Current log-likelihood: -108725.173
6. Current log-likelihood: -108724.971
7. Current log-likelihood: -108724.814
8. Current log-likelihood: -108724.693
Optimal log-likelihood: -108724.569
Site proportion and rates:  (0.090,0.048) (0.064,0.157) (0.103,0.349) (0.099,0.478) (0.158,0.769) (0.209,1.245) (0.278,1.878)
Parameters optimization took 8 rounds (43.704 sec)
Computing ML distances based on estimated model parameters... 16.467 sec
WARNING: Some pairwise ML distances are too long (saturated)
Computing BIONJ tree...
0.018 seconds
Log-likelihood of BIONJ tree: -108375.955
--------------------------------------------------------------------
|             INITIALIZING CANDIDATE TREE SET                      |
--------------------------------------------------------------------
Generating 98 parsimony trees... 22.105 second
Computing log-likelihood of 98 initial trees ... 69.784 seconds
Current best score: -108375.955

Do NNI search on 20 best initial trees
Estimate model parameters (epsilon = 0.100)
BETTER TREE FOUND at iteration 1: -108269.271
Iteration 10 / LogL: -108321.075 / Time: 0h:4m:59s
Iteration 20 / LogL: -108310.315 / Time: 0h:6m:49s
Finish initializing candidate tree set (20)
Current best tree score: -108269.271 / CPU time: 328.018
Number of iterations: 20
--------------------------------------------------------------------
|               OPTIMIZING CANDIDATE TREE SET                      |
--------------------------------------------------------------------
Estimate model parameters (epsilon = 0.100)
BETTER TREE FOUND at iteration 24: -108268.188
Estimate model parameters (epsilon = 0.100)
BETTER TREE FOUND at iteration 27: -108253.672
Iteration 30 / LogL: -108265.687 / Time: 0h:8m:40s (0h:28m:31s left)
Estimate model parameters (epsilon = 0.100)
BETTER TREE FOUND at iteration 33: -108250.542
Estimate model parameters (epsilon = 0.100)
BETTER TREE FOUND at iteration 34: -108249.144
Iteration 40 / LogL: -108254.513 / Time: 0h:10m:39s (0h:25m:19s left)
Estimate model parameters (epsilon = 0.100)
BETTER TREE FOUND at iteration 43: -108239.980
Iteration 50 / LogL: -108247.101 / Time: 0h:12m:16s (0h:23m:0s left)
Log-likelihood cutoff on original alignment: -108389.023
Estimate model parameters (epsilon = 0.100)
BETTER TREE FOUND at iteration 51: -108239.586
Estimate model parameters (epsilon = 0.100)
BETTER TREE FOUND at iteration 55: -108237.434
Iteration 60 / LogL: -108278.342 / Time: 0h:13m:52s (0h:22m:5s left)
Estimate model parameters (epsilon = 0.100)
BETTER TREE FOUND at iteration 64: -108237.025
Estimate model parameters (epsilon = 0.100)
BETTER TREE FOUND at iteration 65: -108235.937
Iteration 70 / LogL: -108261.344 / Time: 0h:15m:33s (0h:21m:13s left)
Estimate model parameters (epsilon = 0.100)
BETTER TREE FOUND at iteration 75: -108235.114
Iteration 80 / LogL: -108249.553 / Time: 0h:16m:57s (0h:20m:12s left)
Iteration 90 / LogL: -108237.614 / Time: 0h:18m:22s (0h:17m:24s left)
Iteration 100 / LogL: -108237.772 / Time: 0h:19m:36s (0h:14m:44s left)
Log-likelihood cutoff on original alignment: -108389.023
NOTE: Bootstrap correlation coefficient of split occurrence frequencies: 0.990
NOTE: UFBoot does not converge, continue at least 100 more iterations
Iteration 110 / LogL: -108236.333 / Time: 0h:21m:4s (0h:17m:16s left)
Iteration 120 / LogL: -108254.609 / Time: 0h:22m:24s (0h:14m:57s left)
Iteration 130 / LogL: -108236.582 / Time: 0h:23m:43s (0h:12m:47s left)
Iteration 140 / LogL: -108245.175 / Time: 0h:25m:2s (0h:10m:44s left)
Iteration 150 / LogL: -108240.074 / Time: 0h:26m:21s (0h:8m:47s left)
Log-likelihood cutoff on original alignment: -108389.023
Iteration 160 / LogL: -108236.188 / Time: 0h:27m:50s (0h:6m:58s left)
Iteration 170 / LogL: -108235.829 / Time: 0h:29m:15s (0h:5m:10s left)
Iteration 180 / LogL: -108248.791 / Time: 0h:30m:37s (0h:3m:24s left)
Iteration 190 / LogL: -108258.718 / Time: 0h:32m:2s (0h:1m:41s left)
Iteration 200 / LogL: -108237.623 / Time: 0h:33m:27s (0h:0m:0s left)
Log-likelihood cutoff on original alignment: -108389.023
NOTE: Bootstrap correlation coefficient of split occurrence frequencies: 0.999
TREE SEARCH COMPLETED AFTER 200 ITERATIONS / Time: 0h:33m:28s

--------------------------------------------------------------------
|                    FINALIZING TREE SEARCH                        |
--------------------------------------------------------------------
Performs final model parameters optimization
Estimate model parameters (epsilon = 0.010)
1. Initial log-likelihood: -108235.114
Optimal log-likelihood: -108235.110
Site proportion and rates:  (0.093,0.049) (0.064,0.161) (0.156,0.376) (0.068,0.572) (0.142,0.795) (0.221,1.277) (0.256,1.922)
Parameters optimization took 1 rounds (4.136 sec)
BEST SCORE FOUND : -108235.110
Creating bootstrap support values...
Split supports printed to NEXUS file K15779.blastp_ALL.outfmt6.parsed.filtered.uniq.faa.mafft.aln.splits.nex
Total tree length: 92.685

Total number of iterations: 200
CPU time used for tree search: 9033.292 sec (2h:30m:33s)
Wall-clock time used for tree search: 1927.026 sec (0h:32m:7s)
Total CPU time used: 9579.567 sec (2h:39m:39s)
Total wall-clock time used: 2014.112 sec (0h:33m:34s)

Computing bootstrap consensus tree...
Reading input file K15779.blastp_ALL.outfmt6.parsed.filtered.uniq.faa.mafft.aln.splits.nex...
128 taxa and 898 splits.
Consensus tree written to K15779.blastp_ALL.outfmt6.parsed.filtered.uniq.faa.mafft.aln.contree
Reading input trees file K15779.blastp_ALL.outfmt6.parsed.filtered.uniq.faa.mafft.aln.contree
Log-likelihood of consensus tree: -108235.112

Analysis results written to: 
  IQ-TREE report:                K15779.blastp_ALL.outfmt6.parsed.filtered.uniq.faa.mafft.aln.iqtree
  Maximum-likelihood tree:       K15779.blastp_ALL.outfmt6.parsed.filtered.uniq.faa.mafft.aln.treefile
  Likelihood distances:          K15779.blastp_ALL.outfmt6.parsed.filtered.uniq.faa.mafft.aln.mldist

Ultrafast bootstrap approximation results written to:
  Split support values:          K15779.blastp_ALL.outfmt6.parsed.filtered.uniq.faa.mafft.aln.splits.nex
  Consensus tree:                K15779.blastp_ALL.outfmt6.parsed.filtered.uniq.faa.mafft.aln.contree
  Screen log file:               K15779.blastp_ALL.outfmt6.parsed.filtered.uniq.faa.mafft.aln.log

Date and Time: Wed Oct 13 00:11:53 2021
