IQ-TREE multicore version 1.6.12 for Linux 64-bit built Aug 15 2019
Developed by Bui Quang Minh, Nguyen Lam Tung, Olga Chernomor,
Heiko Schmidt, Dominik Schrempf, Michael Woodhams.

Host:    coral (AVX512, FMA3, 376 GB RAM)
Command: /home/timothy/programs/iqtree-1.6.12-Linux/bin/iqtree -s K16904.blastp_ALL.outfmt6.parsed.filtered.uniq.faa.mafft.aln -nt AUTO -ntmax 6 -m LG+R7 -bb 2000 -nm 2000 -quiet
Seed:    869192 (Using SPRNG - Scalable Parallel Random Number Generator)
Time:    Wed Oct 13 00:11:29 2021
Kernel:  AVX+FMA - auto-detect threads (96 CPU cores detected)

Reading alignment file K16904.blastp_ALL.outfmt6.parsed.filtered.uniq.faa.mafft.aln ... Fasta format detected
Alignment most likely contains protein sequences
Alignment has 104 sequences with 1789 columns, 871 distinct patterns
338 parsimony-informative, 341 singleton sites, 1110 constant sites
                                                                                                                              Gap/Ambiguity  Composition  p-value
   1  Archaea-CandidatusBathyarchaeota-NA-NA-NA-Candidatus_Bathyarchaeota_archaeon_WP_119816489.1                                    93.46%    failed      0.94%
   2  Archaea-Crenarchaeota-Thermoprotei-Thermoproteales-Thermofilaceae-Thermofilum_uzonense_WP_052883915.1                          93.40%    failed      0.89%
   3  Archaea-Euryarchaeota-Thermococci-Thermococcales-Thermococcaceae-Palaeococcus_pacificus_WP_048164960.1                         94.13%    failed      0.02%
   4  Archaea-Euryarchaeota-Thermococci-Thermococcales-Thermococcaceae-Pyrococcus_sp._ST04_WP_048056217.1                            93.24%    failed      0.29%
   5  Archaea-Euryarchaeota-Thermococci-Thermococcales-Thermococcaceae-Thermococcus_guaymasensis_WP_062371346.1                      93.29%    failed      0.38%
   6  Bacteria-Actinobacteria-Actinobacteria-Actinomycetales-NA-Actinomycetales_bacterium_JB111_WP_087061468.1                       92.96%    passed      6.64%
   7  Bacteria-Actinobacteria-Actinobacteria-Micrococcales-Bogoriellaceae-Georgenia_muralis_WP_123919894.1                           93.29%    failed      1.88%
   8  Bacteria-Actinobacteria-Actinobacteria-Pseudonocardiales-Pseudonocardiaceae-Saccharopolyspora_sp._16K404_WP_132619792.1        93.24%    failed      0.98%
   9  Bacteria-Bacteroidetes-Bacteroidia-Bacteroidales-Prevotellaceae-Prevotella_ruminicola_WP_139208883.1                           93.91%    failed      0.34%
  10  Bacteria-Bacteroidetes-Flavobacteriia-Flavobacteriales-Flavobacteriaceae-Flavobacteriaceae_bacterium_PRS1_WP_122516705.1       93.52%    failed      1.05%
  11  Bacteria-Bacteroidetes-Flavobacteriia-Flavobacteriales-Flavobacteriaceae-Flavobacterium_sp._2_WP_099717688.1                   93.52%    failed      0.04%
  12  Bacteria-Balneolaeota-Balneolia-Balneolales-Balneolaceae-Aliifodinibius_sp._ECH52_WP_138431870.1                               93.52%    failed      0.07%
  13  Bacteria-CandidatusAtribacteria-NA-NA-NA-Atribacteria_bacterium_JGI_0000014F07_WP_090598759.1                                  92.68%    failed      2.43%
  14  Bacteria-Chrysiogenetes-Chrysiogenetes-Chrysiogenales-Chrysiogenaceae-Desulfurispirillum_indicum_WP_013507087.1                93.74%    passed     46.81%
  15  Bacteria-DeinococcusThermus-Deinococci-Deinococcales-Deinococcaceae-Deinococcus_ficus_WP_081425841.1                           93.01%    failed      3.43%
  16  Bacteria-Firmicutes-Bacilli-Bacillales-Bacillaceae-Aeribacillus_pallidus_WP_094245935.1                                        93.85%    passed      5.30%
  17  Bacteria-Firmicutes-Bacilli-Bacillales-Bacillaceae-Bacillus_cereus_WP_098595989.1                                              93.91%    failed      5.00%
  18  Bacteria-Firmicutes-Bacilli-Bacillales-Paenibacillaceae-NA_WP_072337346.1                                                      93.74%    failed      4.01%
  19  Bacteria-NA-NA-NA-NA-Natronospirillum_operossus_WP_135483322.1                                                                 94.07%    failed      2.92%
  20  Bacteria-NA-NA-NA-NA-NA_WP_112939926.1                                                                                         93.52%    failed      0.02%
  21  Bacteria-Nitrospirae-NA-NA-NA-Nitrospirae_bacterium_HCH1_WP_085053141.1                                                        93.46%    passed     44.25%
  22  Bacteria-Nitrospirae-Nitrospira-Nitrospirales-Nitrospiraceae-Candidatus_Magnetobacterium_casensis_WP_040336367.1               93.57%    passed     30.98%
  23  Bacteria-Planctomycetes-NA-NA-NA-Planctomycetes_bacterium_Pan216_WP_145256781.1                                                92.17%    failed      3.54%
  24  Bacteria-Planctomycetes-Planctomycetia-Planctomycetales-Planctomycetaceae-Bythopirellula_goksoyri_WP_148072038.1               93.12%    passed     46.52%
  25  Bacteria-Planctomycetes-Planctomycetia-Planctomycetales-Planctomycetaceae-Thermogutta_terrifontis_WP_095414045.1               92.06%    passed     32.83%
  26  Bacteria-Proteobacteria-Betaproteobacteria-Burkholderiales-Oxalobacteraceae-Janthinobacterium_sp._TND4EL3_WP_076565505.1       93.35%    failed      4.21%
  27  Bacteria-Proteobacteria-Betaproteobacteria-Burkholderiales-Oxalobacteraceae-Massilia_lurida_WP_145653010.1                     92.06%    failed      0.06%
  28  Bacteria-Proteobacteria-Gammaproteobacteria-Vibrionales-Vibrionaceae-Photobacterium_sp._CECT_9192_WP_087853433.1               93.18%    passed      5.99%
  29  Bacteria-Spirochaetes-Spirochaetia-Spirochaetales-Spirochaetaceae-Alkalispirochaeta_odontotermitis_WP_037561046.1              93.74%    passed     32.42%
  30  Bacteria-Spirochaetes-Spirochaetia-Spirochaetales-Spirochaetaceae-Sphaerochaeta_halotolerans_WP_117329668.1                    91.22%    passed     30.58%
  31  Bacteria-Synergistetes-Synergistia-Synergistales-Synergistaceae-Acetomicrobium_thermoterrenum_WP_091461471.1                   93.29%    passed     23.36%
  32  Bacteria-Synergistetes-Synergistia-Synergistales-Synergistaceae-Aminobacterium_mobile_WP_024822204.1                           93.57%    passed      9.07%
  33  Bacteria-Synergistetes-Synergistia-Synergistales-Synergistaceae-Pyramidobacter_sp._CG502_WP_120373142.1                        93.46%    failed      2.41%
  34  Bacteria-Thermotogae-Thermotogae-Thermotogales-Thermotogaceae-Oceanotoga_teriensis_WP_109604280.1                              94.19%    failed      0.52%
  35  Bacteria-Verrucomicrobia-Opitutae-Opitutales-Opitutaceae-Lacunisphaera_sp._TWA58_WP_129048902.1                                93.07%    failed      0.54%
  36  Bacteria-Verrucomicrobia-Opitutae-Opitutales-Opitutaceae-Nibricoccus_aquaticus_WP_096056985.1                                  93.07%    failed      0.18%
  37  Bacteria-Verrucomicrobia-Spartobacteria-Chthoniobacterales-Chthoniobacteraceae-Chthoniobacter_flavus_WP_006982935.1            93.29%    passed     20.92%
  38  Eukaryota-Alveolata-Dinophyceae-NA-Unranked-Azadinium_spinosum_MMETSP1037_c11756_g1_i1.p1                                      85.13%    failed      0.00%
  39  Eukaryota-Alveolata-Dinophyceae-NA-Unranked-Crypthecodinium_cohnii_MMETSP0325_c21382_g1_i1.p1                                  87.03%    failed      1.39%
  40  Eukaryota-Alveolata-Dinophyceae-NA-Unranked-Gymnodinium_catenatum_MMETSP0784_c64940_g1_i1.p1                                   87.70%    failed      0.02%
  41  Eukaryota-Amoebozoa-NA-NA-Paramoebidae-Filamoeba_nolandi_MMETSP0413_c22492_g1_i1.p1                                            91.78%    passed     49.99%
  42  Eukaryota-Apicomplexa-Conoidasida-Eucoccidiorida-Cryptosporidiidae-Cryptosporidium_muris_XP_002142385.1                        91.39%    passed      9.58%
  43  Eukaryota-Apicomplexa-NA-Unranked-NA-Alveolata_sp_MMETSP0288_c12367_g1_i1.p1                                                   80.55%    failed      0.07%
  44  Eukaryota-Apusomonadidae-NA-NA-NA-Thecamonas_trahens_XP_013753318.1                                                            39.41%    failed      0.00%
  45  Eukaryota-Arthropoda-Arachnida-Araneae-Theridiidae-Parasteatoda_tepidariorum_XP_015929164.1                                    91.17%    passed     21.70%
  46  Eukaryota-Arthropoda-Arachnida-Mesostigmata-Phytoseiidae-Galendromus_occidentalis_XP_003748612.1                               91.78%    passed     31.63%
  47  Eukaryota-Arthropoda-Arachnida-Scorpiones-Buthidae-Centruroides_sculpturatus_XP_023215701.1                                    91.78%    passed     73.97%
  48  Eukaryota-Ascomycota-Eurotiomycetes-Chaetothyriales-Herpotrichiellaceae-Exophiala_spinifera_XP_016230088.1                     82.90%    failed      0.58%
  49  Eukaryota-Ascomycota-Sordariomycetes-Hypocreales-Nectriaceae-Fusarium_graminearum_XP_011328690.1                               93.80%    passed     33.27%
  50  Eukaryota-Brachiopoda-Lingulata-Lingulida-Lingulidae-Lingula_anatina_XP_013381739.1                                            91.39%    passed     66.15%
  51  Eukaryota-Cercozoa-Chlorarachniophyceae-NA-NA-Bigelowiella_natans_MMETSP0045_c14720_g1_i1.p1                                   87.70%    failed      4.13%
  52  Eukaryota-Cercozoa-Chlorarachniophyceae-NA-NA-Lotharella_oceanica_MMETSP0040_c8623_g1_i1.p1                                    90.39%    passed     23.04%
  53  Eukaryota-Cercozoa-Chlorarachniophyceae-NA-NA-Partenskyella_glossopodia_MMETSP1318_c25941_g1_i1.p1                             88.32%    failed      3.94%
  54  Eukaryota-Chlorophyta-Chlorophyceae-Chlamydomonadales-Chlamydomonadaceae-Chlamydomonas_leiostraca_MMETSP1391_c16036_g1_i1.p1   87.03%    failed      0.00%
  55  Eukaryota-Chlorophyta-Mamiellophyceae-Mamiellales-Mamiellaceae-Micromonas_sp_MMETSP0802_c2667_g1_i1.p2                         89.83%    failed      4.76%
  56  Eukaryota-Chlorophyta-NA-Pyramimonadales-NA-Pyramimonas_obovata_MMETSP1169_c32504_g1_i1.p1                                     81.05%    passed     33.00%
  57  Eukaryota-Chordata-Actinopteri-Clupeiformes-Clupeidae-Clupea_harengus_XP_012687327.1                                           90.16%    passed     59.31%
  58  Eukaryota-Chordata-Actinopteri-Cypriniformes-Cyprinidae-Carassius_auratus_XP_026059566.1                                       91.06%    passed     32.60%
  59  Eukaryota-Chordata-Actinopteri-Labriformes-Labridae-Labrus_bergylta_XP_020484567.1                                             89.71%    passed     81.00%
  60  Eukaryota-Chromeraceae-NA-NA-NA-Chromera_velia_MMETSP0290_c1730_g1_i2.p2                                                       91.62%    passed     61.70%
  61  Eukaryota-Chromeraceae-NA-NA-NA-Vitrella_brassicaformis_MMETSP1451_c12932_g1_i1.p1                                             80.55%    failed      0.07%
  62  Eukaryota-Ciliophora-NA-Unranked-NA-Strombidinopsis_acuminatum_MMETSP0126_c20606_g1_i1.p1                                      89.77%    failed      1.47%
  63  Eukaryota-Ciliophora-Oligohymenophorea-Hymenostomatida-Tetrahymenidae-Tetrahymena_thermophila_XP_001014432.1                   90.72%    failed      0.00%
  64  Eukaryota-Ciliophora-Oligohymenophorea-Peniculida-Parameciidae-Paramecium_tetraurelia_XP_001433220.1                           88.88%    failed      0.00%
  65  Eukaryota-Cnidaria-Anthozoa-Actiniaria-Aiptasiidae-Exaiptasia_pallida_XP_020913285.1                                           91.78%    passed     10.02%
  66  Eukaryota-Cnidaria-Anthozoa-Scleractinia-Acroporidae-Acropora_digitifera_XP_015762459.1                                        91.39%    passed     13.10%
  67  Eukaryota-Cnidaria-Anthozoa-Scleractinia-Merulinidae-Orbicella_faveolata_XP_020601747.1                                        88.88%    passed     31.35%
  68  Eukaryota-Cryptophyta-NA-Goniomondales-NA-Goniomonas_pacifica_MMETSP0108_c30481_g1_i1.p1                                       91.84%    passed     77.17%
  69  Eukaryota-Cryptophyta-NA-Pyrenomonadales-Geminigeraceae-Guillardia_theta_CCMP2712_jgi113648                                    87.81%    failed      4.19%
  70  Eukaryota-Cryptophyta-NA-Pyrenomonadales-Geminigeraceae-Proteomonas_sulcata_MMETSP1049_c6395_g1_i1.p1                          91.00%    passed     41.23%
  71  Eukaryota-Echinodermata-Asteroidea-Valvatida-Acanthasteridae-Acanthaster_planci_XP_022105126.1                                 88.60%    passed     35.44%
  72  Eukaryota-Echinodermata-Echinoidea-Echinoida-Strongylocentrotidae-Strongylocentrotus_purpuratus_XP_780495.3                    91.89%    passed     85.04%
  73  Eukaryota-Euglenida-NA-Eutreptiales-NA-Eutreptiella_gymnastica_MMETSP0039_c102881_g1_i1.p1                                     88.21%    passed      7.82%
  74  Eukaryota-Euglenida-NA-NA-Unranked-Neobodo_designis_MMETSP1114_c5862_g1_i1.p3                                                  90.33%    failed      0.15%
  75  Eukaryota-Glaucophyta-Glaucophyta-Gloeochaetales-Gloeochaetaceae-Gloeochaete_wittrockiana_MMETSP1089_c34761_g1_i1.p1           91.34%    passed     45.87%
  76  Eukaryota-Glaucophyta-Glaucophyta-NA-Cyanophoraceae-Cyanophora_paradoxa_tig00021168_g19074.t1                                  82.00%    failed      0.00%
  77  Eukaryota-Haptophyta-NA-Prymnesiales-NA-Calcidiscus_leptoporus_MMETSP1334_c3113_g1_i1.p1                                       92.73%    passed     58.51%
  78  Eukaryota-Haptophyta-NA-Prymnesiales-NA-Chrysochromulina_ericina_MMETSP1096_c62772_g1_i1.p1                                    91.39%    passed     16.89%
  79  Eukaryota-Haptophyta-NA-Prymnesiales-NA-Coccolithus_pelagicussspbraarudi_MMETSP0164_c4277_g1_i1.p1                             89.32%    failed      1.67%
  80  Eukaryota-Hemichordata-Enteropneusta-NA-Harrimaniidae-Saccoglossus_kowalevskii_XP_002742377.1                                  90.16%    passed     39.86%
  81  Eukaryota-Heterolobosea-NA-NA-NA-Percolomonas_cosmopolitus_MMETSP0759_c5078_g1_i1.p1                                           89.49%    passed     35.23%
  82  Eukaryota-Heterolobosea-NA-NA-Vahlkampfiidae-Naegleria_gruberi_jgi5223                                                         94.02%    passed     38.19%
  83  Eukaryota-Longamoebia-Longamoebia-Longamoebia-Acanthamoebidae-Acanthamoeba_castellanii_XP_004338428.1                          71.77%    failed      0.00%
  84  Eukaryota-Mesomycetozoea-Ichthyosporea-NA-NA-Capsaspora_owczarzaki_XP_004345428.1                                              91.39%    passed     47.74%
  85  Eukaryota-Mollusca-Bivalvia-Ostreoida-Ostreidae-Crassostrea_gigas_XP_011446282.1                                               90.83%    passed     81.65%
  86  Eukaryota-Mollusca-Bivalvia-Pectinoida-Pectinidae-Mizuhopecten_yessoensis_XP_021356679.1                                       90.72%    passed     63.13%
  87  Eukaryota-Mollusca-Cephalopoda-Octopoda-Octopodidae-Octopus_vulgaris_XP_029652914.1                                            88.04%    passed     33.01%
  88  Eukaryota-Perkinsozoa-NA-Perkinsida-Perkinsidae-Perkinsus_marinus_XP_002788693.1                                               94.07%    passed     86.03%
  89  Eukaryota-Porifera-Demospongiae-Haplosclerida-Niphatidae-Amphimedon_queenslandica_XP_003387931.2                               91.11%    passed     60.50%
  90  Eukaryota-Priapulida-Priapulimorpha-Priapulimorphida-Priapulidae-Priapulus_caudatus_XP_014676377.1                             84.91%    failed      4.31%
  91  Eukaryota-Retaria-NA-NA-NA-Ammonia_sp_MMETSP1384_c5287_g1_i1.p1                                                                90.05%    passed     52.65%
  92  Eukaryota-Retaria-NA-NA-NA-Elphidium_margaritaceum_MMETSP1385_c28420_g1_i1.p1                                                  90.50%    passed     23.57%
  93  Eukaryota-Retaria-NA-NA-NA-Sorites_sp_MMETSP0191_c5871_g1_i1.p1                                                                91.73%    failed      0.07%
  94  Eukaryota-Rhodophyta-Bangiophyceae-NA-NA-Rhodella_maculata_MMETSP0314_c2564_g1_i2.p1                                           90.61%    failed      3.79%
  95  Eukaryota-Rhodophyta-Bangiophyceae-NA-NA-Rhodosorus_marinus_MMETSP0011_c4682_g1_i1.p1                                          77.59%    failed      2.40%
  96  Eukaryota-Rhodophyta-Bangiophyceae-Porphyridiales-Porphyridiaceae-Porphyridium_purpureum_2053.2                                92.06%    passed     29.30%
  97  Eukaryota-Stramenopiles-Dictyochophyceae-Dictyochales-NA-Dictyocha_speculum_MMETSP1174_c49427_g1_i1.p1                         86.64%    passed     42.14%
  98  Eukaryota-Stramenopiles-NA-NA-Blastocystidae-Blastocystis_hominis_XP_012895074.1                                               92.68%    passed     73.75%
  99  Eukaryota-Stramenopiles-NA-NA-NA-Pinguiococcus_pyrenoidosus_MMETSP1160_c6758_g1_i1.p1                                          85.58%    failed      0.52%
 100  Eukaryota-Streptophyta-Liliopsida-Poales-Poaceae-Oryza_sativa_XP_015623676.1                                                   90.39%    failed      1.11%
 101  Eukaryota-Streptophyta-Liliopsida-Zingiberales-Musaceae-Musa_acuminata_XP_009404230.1                                          90.89%    failed      0.87%
 102  Eukaryota-Streptophyta-NA-Lamiales-Oleaceae-Olea_europaea_XP_022878845.1                                                       90.67%    passed      5.71%
 103  MSTRG.9895.1.p1                                                                                                                85.80%    failed      0.00%
 104  Paulinella_chromatophora_CCAC0185_nuclear___scaffold10320-m73914                                                               77.75%    failed      0.06%
WARNING: 103 sequences contain more than 50% gaps/ambiguity
****  TOTAL                                                                                                                          89.93%  52 sequences failed composition chi2 test (p-value<5%; df=19)
NOTE: Eukaryota-Chromeraceae-NA-NA-NA-Vitrella_brassicaformis_MMETSP1451_c12932_g1_i1.p1 is identical to Eukaryota-Apicomplexa-NA-Unranked-NA-Alveolata_sp_MMETSP0288_c12367_g1_i1.p1 but kept for subsequent analysis

Create initial parsimony tree by phylogenetic likelihood library (PLL)... 0.095 seconds
Generating 2000 samples for ultrafast bootstrap (seed: 869192)...

NOTE: 107 MB RAM (0 GB) is required!
Measuring multi-threading efficiency up to 6 CPU cores
6 trees examined
Threads: 1 / Time: 6.025 sec / Speedup: 1.000 / Efficiency: 100% / LogL: -36489
Threads: 2 / Time: 3.026 sec / Speedup: 1.991 / Efficiency: 100% / LogL: -36489
Threads: 3 / Time: 2.333 sec / Speedup: 2.583 / Efficiency: 86% / LogL: -36489
Threads: 4 / Time: 1.507 sec / Speedup: 3.998 / Efficiency: 100% / LogL: -36489
Threads: 5 / Time: 2.581 sec / Speedup: 2.334 / Efficiency: 47% / LogL: -36489
BEST NUMBER OF THREADS: 4

Estimate model parameters (epsilon = 0.100)
1. Initial log-likelihood: -36788.159
2. Current log-likelihood: -32225.716
3. Current log-likelihood: -32170.085
4. Current log-likelihood: -32169.397
5. Current log-likelihood: -32169.105
6. Current log-likelihood: -32168.897
7. Current log-likelihood: -32168.741
8. Current log-likelihood: -32168.619
Optimal log-likelihood: -32168.501
Site proportion and rates:  (0.080,0.043) (0.058,0.139) (0.113,0.302) (0.105,0.494) (0.163,0.819) (0.137,1.352) (0.345,1.694)
Parameters optimization took 8 rounds (34.047 sec)
Computing ML distances based on estimated model parameters... 9.849 sec
Computing BIONJ tree...
0.011 seconds
Log-likelihood of BIONJ tree: -32289.107
--------------------------------------------------------------------
|             INITIALIZING CANDIDATE TREE SET                      |
--------------------------------------------------------------------
Generating 98 parsimony trees... 9.614 second
Computing log-likelihood of 98 initial trees ... 45.518 seconds
Current best score: -32133.697

Do NNI search on 20 best initial trees
Estimate model parameters (epsilon = 0.100)
BETTER TREE FOUND at iteration 1: -31971.323
Estimate model parameters (epsilon = 0.100)
BETTER TREE FOUND at iteration 10: -31956.600
Iteration 10 / LogL: -31956.600 / Time: 0h:4m:31s
Estimate model parameters (epsilon = 0.100)
BETTER TREE FOUND at iteration 14: -31943.367
Iteration 20 / LogL: -31989.235 / Time: 0h:6m:14s
Finish initializing candidate tree set (20)
Current best tree score: -31943.367 / CPU time: 314.101
Number of iterations: 20
--------------------------------------------------------------------
|               OPTIMIZING CANDIDATE TREE SET                      |
--------------------------------------------------------------------
Estimate model parameters (epsilon = 0.100)
BETTER TREE FOUND at iteration 21: -31939.309
Estimate model parameters (epsilon = 0.100)
BETTER TREE FOUND at iteration 24: -31935.665
Estimate model parameters (epsilon = 0.100)
BETTER TREE FOUND at iteration 28: -31930.867
Estimate model parameters (epsilon = 0.100)
BETTER TREE FOUND at iteration 29: -31930.473
Estimate model parameters (epsilon = 0.100)
BETTER TREE FOUND at iteration 30: -31926.764
Iteration 30 / LogL: -31926.764 / Time: 0h:7m:55s (0h:27m:1s left)
Estimate model parameters (epsilon = 0.100)
BETTER TREE FOUND at iteration 38: -31918.917
Iteration 40 / LogL: -31920.764 / Time: 0h:9m:4s (0h:22m:35s left)
Estimate model parameters (epsilon = 0.100)
BETTER TREE FOUND at iteration 44: -31917.784
Estimate model parameters (epsilon = 0.100)
BETTER TREE FOUND at iteration 45: -31917.240
Estimate model parameters (epsilon = 0.100)
BETTER TREE FOUND at iteration 48: -31906.459
Iteration 50 / LogL: -31908.254 / Time: 0h:10m:17s (0h:20m:24s left)
Log-likelihood cutoff on original alignment: -32031.437
Estimate model parameters (epsilon = 0.100)
BETTER TREE FOUND at iteration 60: -31904.357
Iteration 60 / LogL: -31904.357 / Time: 0h:11m:19s (0h:19m:3s left)
Estimate model parameters (epsilon = 0.100)
BETTER TREE FOUND at iteration 65: -31901.838
Estimate model parameters (epsilon = 0.100)
BETTER TREE FOUND at iteration 69: -31900.018
Iteration 70 / LogL: -31907.303 / Time: 0h:12m:23s (0h:17m:38s left)
Estimate model parameters (epsilon = 0.100)
BETTER TREE FOUND at iteration 73: -31899.850
Iteration 80 / LogL: -31901.172 / Time: 0h:13m:19s (0h:15m:35s left)
Iteration 90 / LogL: -31902.748 / Time: 0h:14m:11s (0h:13m:9s left)
Iteration 100 / LogL: -31904.510 / Time: 0h:15m:6s (0h:11m:4s left)
Log-likelihood cutoff on original alignment: -32031.437
NOTE: Bootstrap correlation coefficient of split occurrence frequencies: 0.922
NOTE: UFBoot does not converge, continue at least 100 more iterations
Estimate model parameters (epsilon = 0.100)
BETTER TREE FOUND at iteration 109: -31899.672
Iteration 110 / LogL: -31909.461 / Time: 0h:16m:4s (0h:14m:31s left)
Estimate model parameters (epsilon = 0.100)
BETTER TREE FOUND at iteration 113: -31899.426
Estimate model parameters (epsilon = 0.100)
BETTER TREE FOUND at iteration 116: -31898.882
Iteration 120 / LogL: -31901.273 / Time: 0h:17m:6s (0h:13m:43s left)
Estimate model parameters (epsilon = 0.100)
BETTER TREE FOUND at iteration 128: -31898.096
Iteration 130 / LogL: -31900.134 / Time: 0h:17m:59s (0h:13m:36s left)
Iteration 140 / LogL: -31900.263 / Time: 0h:18m:53s (0h:11m:54s left)
Estimate model parameters (epsilon = 0.100)
BETTER TREE FOUND at iteration 149: -31896.419
Iteration 150 / LogL: -31899.211 / Time: 0h:19m:50s (0h:13m:7s left)
Log-likelihood cutoff on original alignment: -32031.437
Estimate model parameters (epsilon = 0.100)
BETTER TREE FOUND at iteration 152: -31893.433
Iteration 160 / LogL: -31893.977 / Time: 0h:20m:42s (0h:11m:55s left)
Iteration 170 / LogL: -31893.697 / Time: 0h:21m:31s (0h:10m:24s left)
Iteration 180 / LogL: -31896.280 / Time: 0h:22m:21s (0h:8m:57s left)
Iteration 190 / LogL: -31893.514 / Time: 0h:23m:11s (0h:7m:34s left)
Iteration 200 / LogL: -31897.222 / Time: 0h:24m:5s (0h:6m:16s left)
Log-likelihood cutoff on original alignment: -32029.788
NOTE: Bootstrap correlation coefficient of split occurrence frequencies: 0.983
NOTE: UFBoot does not converge, continue at least 100 more iterations
Iteration 210 / LogL: -31912.106 / Time: 0h:24m:56s (0h:10m:42s left)
Iteration 220 / LogL: -31905.687 / Time: 0h:25m:47s (0h:9m:23s left)
Iteration 230 / LogL: -31902.783 / Time: 0h:26m:35s (0h:8m:6s left)
Iteration 240 / LogL: -31925.125 / Time: 0h:27m:26s (0h:6m:51s left)
Iteration 250 / LogL: -31895.003 / Time: 0h:28m:19s (0h:5m:40s left)
Log-likelihood cutoff on original alignment: -32029.788
Iteration 260 / LogL: -31912.438 / Time: 0h:29m:6s (0h:4m:28s left)
Iteration 270 / LogL: -31893.500 / Time: 0h:29m:52s (0h:3m:19s left)
Iteration 280 / LogL: -31893.665 / Time: 0h:30m:40s (0h:2m:11s left)
Iteration 290 / LogL: -31897.793 / Time: 0h:31m:31s (0h:1m:5s left)
Iteration 300 / LogL: -31894.439 / Time: 0h:32m:19s (0h:0m:0s left)
Log-likelihood cutoff on original alignment: -32029.788
NOTE: Bootstrap correlation coefficient of split occurrence frequencies: 0.986
NOTE: UFBoot does not converge, continue at least 100 more iterations
Iteration 310 / LogL: -31898.731 / Time: 0h:33m:7s (0h:9m:37s left)
Iteration 320 / LogL: -31893.959 / Time: 0h:33m:51s (0h:8m:28s left)
Iteration 330 / LogL: -31893.538 / Time: 0h:34m:37s (0h:7m:20s left)
Iteration 340 / LogL: -31906.369 / Time: 0h:35m:25s (0h:6m:15s left)
Iteration 350 / LogL: -31896.014 / Time: 0h:36m:12s (0h:5m:10s left)
Log-likelihood cutoff on original alignment: -32029.788
Iteration 360 / LogL: -31893.633 / Time: 0h:37m:1s (0h:4m:6s left)
Iteration 370 / LogL: -31894.464 / Time: 0h:37m:45s (0h:3m:3s left)
Iteration 380 / LogL: -31893.618 / Time: 0h:38m:29s (0h:2m:1s left)
Iteration 390 / LogL: -31895.572 / Time: 0h:39m:16s (0h:1m:0s left)
Iteration 400 / LogL: -31893.592 / Time: 0h:40m:0s (0h:0m:0s left)
Log-likelihood cutoff on original alignment: -32029.788
NOTE: Bootstrap correlation coefficient of split occurrence frequencies: 0.996
TREE SEARCH COMPLETED AFTER 400 ITERATIONS / Time: 0h:40m:1s

--------------------------------------------------------------------
|                    FINALIZING TREE SEARCH                        |
--------------------------------------------------------------------
Performs final model parameters optimization
Estimate model parameters (epsilon = 0.010)
1. Initial log-likelihood: -31893.433
Optimal log-likelihood: -31893.431
Site proportion and rates:  (0.069,0.029) (0.056,0.108) (0.073,0.235) (0.133,0.388) (0.182,0.760) (0.205,1.205) (0.281,1.910)
Parameters optimization took 1 rounds (1.527 sec)
BEST SCORE FOUND : -31893.431
Creating bootstrap support values...
Split supports printed to NEXUS file K16904.blastp_ALL.outfmt6.parsed.filtered.uniq.faa.mafft.aln.splits.nex
Total tree length: 124.841

Total number of iterations: 400
CPU time used for tree search: 9217.164 sec (2h:33m:37s)
Wall-clock time used for tree search: 2341.672 sec (0h:39m:1s)
Total CPU time used: 9530.980 sec (2h:38m:50s)
Total wall-clock time used: 2404.243 sec (0h:40m:4s)

Computing bootstrap consensus tree...
Reading input file K16904.blastp_ALL.outfmt6.parsed.filtered.uniq.faa.mafft.aln.splits.nex...
104 taxa and 1646 splits.
Consensus tree written to K16904.blastp_ALL.outfmt6.parsed.filtered.uniq.faa.mafft.aln.contree
Reading input trees file K16904.blastp_ALL.outfmt6.parsed.filtered.uniq.faa.mafft.aln.contree
Log-likelihood of consensus tree: -31895.148

Analysis results written to: 
  IQ-TREE report:                K16904.blastp_ALL.outfmt6.parsed.filtered.uniq.faa.mafft.aln.iqtree
  Maximum-likelihood tree:       K16904.blastp_ALL.outfmt6.parsed.filtered.uniq.faa.mafft.aln.treefile
  Likelihood distances:          K16904.blastp_ALL.outfmt6.parsed.filtered.uniq.faa.mafft.aln.mldist

Ultrafast bootstrap approximation results written to:
  Split support values:          K16904.blastp_ALL.outfmt6.parsed.filtered.uniq.faa.mafft.aln.splits.nex
  Consensus tree:                K16904.blastp_ALL.outfmt6.parsed.filtered.uniq.faa.mafft.aln.contree
  Screen log file:               K16904.blastp_ALL.outfmt6.parsed.filtered.uniq.faa.mafft.aln.log

Date and Time: Wed Oct 13 00:51:36 2021
