IQ-TREE multicore version 1.6.12 for Linux 64-bit built Aug 15 2019
Developed by Bui Quang Minh, Nguyen Lam Tung, Olga Chernomor,
Heiko Schmidt, Dominik Schrempf, Michael Woodhams.

Host:    coral (AVX512, FMA3, 376 GB RAM)
Command: /home/timothy/programs/iqtree-1.6.12-Linux/bin/iqtree -s K24242.blastp_ALL.outfmt6.parsed.filtered.uniq.faa.mafft.aln -nt AUTO -ntmax 6 -m LG+R7 -bb 2000 -nm 2000 -quiet
Seed:    249416 (Using SPRNG - Scalable Parallel Random Number Generator)
Time:    Wed Oct 13 00:18:14 2021
Kernel:  AVX+FMA - auto-detect threads (96 CPU cores detected)

Reading alignment file K24242.blastp_ALL.outfmt6.parsed.filtered.uniq.faa.mafft.aln ... Fasta format detected
Alignment most likely contains protein sequences
Alignment has 130 sequences with 1914 columns, 1141 distinct patterns
518 parsimony-informative, 446 singleton sites, 950 constant sites
                                                                                                                        Gap/Ambiguity  Composition  p-value
   1  Eukaryota-Alveolata-Dinophyceae-NA-Unranked-Ceratium_fusus_MMETSP1074_c98593_g1_i1.p1                                    84.90%    passed      7.42%
   2  Eukaryota-Alveolata-Dinophyceae-NA-Unranked-Glenodinium_foliaceum_MMETSP0118_c78329_g1_i1.p1                             86.47%    failed      2.87%
   3  Eukaryota-Alveolata-Dinophyceae-NA-Unranked-Heterocapsa_triquestra_MMETSP0448_c56138_g1_i1.p1                            84.80%    failed      3.59%
   4  Eukaryota-Alveolata-Dinophyceae-NA-Unranked-Lingulodinium_polyedra_MMETSP1032_c47258_g1_i1.p1                            84.43%    failed      0.49%
   5  Eukaryota-Alveolata-Dinophyceae-NA-Unranked-Oxyrrhis_marina_MMETSP0468_c9904_g1_i1.p1                                    84.74%    passed     87.08%
   6  Eukaryota-Alveolata-Dinophyceae-NA-Unranked-Symbiodinium_sp_MMETSP1110_c114622_g1_i1.p1                                  85.01%    failed      1.56%
   7  Eukaryota-Alveolata-Dinophyceae-Peridiniales-Kryptoperidiniaceae-Durinskia_baltica_MMETSP0116_c53488_g1_i1.p1            82.50%    failed      0.01%
   8  Eukaryota-Alveolata-Dinophyceae-Peridiniales-Kryptoperidiniaceae-Kryptoperidinium_foliaceum_MMETSP0120_c87535_g1_i1.p1   83.18%    failed      0.13%
   9  Eukaryota-Amoebozoa-NA-NA-Paramoebidae-Sexangularia_sp_MMETSP0437_c4770_g1_i1.p1                                         84.17%    passed      6.27%
  10  Eukaryota-Amoebozoa-NA-NA-Paramoebidae-Trichosphaerium_sp_MMETSP0405_c8543_g1_i1.p1                                      85.11%    failed      3.75%
  11  Eukaryota-Annelida-Clitellata-Hirudinida-Glossiphoniidae-Helobdella_robusta_jgi106717                                    83.49%    passed     28.09%
  12  Eukaryota-Apicomplexa-NA-Unranked-NA-Alveolata_sp_MMETSP0288_c1997_g1_i1.p1                                              81.87%    passed     65.20%
  13  Eukaryota-Arthropoda-Arachnida-Araneae-Theridiidae-Parasteatoda_tepidariorum_XP_015919444.1                              82.81%    passed      5.82%
  14  Eukaryota-Arthropoda-Collembola-Entomobryomorpha-Isotomidae-Folsomia_candida_XP_021960734.1                              83.07%    passed     18.10%
  15  Eukaryota-Arthropoda-Collembola-Entomobryomorpha-Isotomidae-Folsomia_candida_XP_021962943.1                              84.06%    passed     32.18%
  16  Eukaryota-Arthropoda-Insecta-Coleoptera-Chrysomelidae-Leptinotarsa_decemlineata_XP_023030478.1                           84.17%    passed     30.26%
  17  Eukaryota-Arthropoda-Insecta-Coleoptera-Nitidulidae-Aethina_tumida_XP_019877355.1                                        83.86%    failed      0.18%
  18  Eukaryota-Arthropoda-Insecta-Hemiptera-Delphacidae-Nilaparvata_lugens_XP_022190994.1                                     84.69%    passed     39.70%
  19  Eukaryota-Arthropoda-Insecta-Siphonaptera-Pulicidae-Ctenocephalides_felis_XP_026480331.1                                 84.80%    failed      0.50%
  20  Eukaryota-Arthropoda-Malacostraca-Amphipoda-Hyalellidae-Hyalella_azteca_XP_018016500.1                                   84.48%    passed     58.90%
  21  Eukaryota-Arthropoda-Malacostraca-Decapoda-Penaeidae-Penaeus_vannamei_XP_027206552.1                                     81.45%    passed     60.38%
  22  Eukaryota-Ascomycota-NA-NA-NA-Saitoella_complicata_XP_019021346.1                                                        81.61%    failed      3.16%
  23  Eukaryota-Brachiopoda-Lingulata-Lingulida-Lingulidae-Lingula_anatina_XP_023932652.1                                      84.33%    passed     22.27%
  24  Eukaryota-Chlorophyta-NA-NA-NA-Pterosperma_sp_MMETSP1438_c36981_g1_i1.p1                                                 80.41%    passed     10.69%
  25  Eukaryota-Chlorophyta-NA-Pyramimonadales-NA-Pyramimonas_obovata_MMETSP1169_c15792_g1_i1.p1                               83.75%    passed     93.18%
  26  Eukaryota-Choanoflagellata-Choanoflagellata-Choanoflagellata-NA-Acanthoeca_sp_MMETSP0105_c10223_g1_i1.p1                 83.80%    failed      0.00%
  27  Eukaryota-Choanoflagellata-Choanoflagellata-Choanoflagellata-Salpingoecidae-Monosiga_brevicollis_XP_001744572.1          84.01%    passed     63.24%
  28  Eukaryota-Choanoflagellata-Choanoflagellata-Choanoflagellata-Salpingoecidae-Salpingoeca_rosetta_XP_004988150.1           84.90%    passed     20.94%
  29  Eukaryota-Chordata-Actinopteri-Beloniformes-Adrianichthyidae-Oryzias_latipes_XP_004078377.1                              82.71%    passed     30.70%
  30  Eukaryota-Chordata-Actinopteri-Cichliformes-Cichlidae-Astatotilapia_calliptera_XP_026040750.1                            82.71%    passed     35.82%
  31  Eukaryota-Chordata-Actinopteri-Cichliformes-Cichlidae-Haplochromis_burtoni_XP_005929556.1                                82.71%    passed     42.98%
  32  Eukaryota-Chordata-Actinopteri-Cichliformes-Cichlidae-Maylandia_zebra_XP_004560191.1                                     82.71%    passed     35.82%
  33  Eukaryota-Chordata-Actinopteri-Cichliformes-Cichlidae-Oreochromis_niloticus_XP_003450325.1                               82.71%    passed     31.08%
  34  Eukaryota-Chordata-Mammalia-Carnivora-Herpestidae-Suricata_suricatta_XP_029784181.1                                      84.33%    passed     82.72%
  35  Eukaryota-Chordata-Mammalia-Carnivora-Mustelidae-Mustela_putorius_XP_004772788.1                                         84.33%    passed     61.77%
  36  Eukaryota-Chordata-Mammalia-Chiroptera-Hipposideridae-Hipposideros_armiger_XP_019522663.1                                78.21%    passed      5.25%
  37  Eukaryota-Chordata-Mammalia-Chiroptera-Vespertilionidae-Miniopterus_natalensis_XP_016070526.1                            84.38%    passed     50.84%
  38  Eukaryota-Chordata-Mammalia-NA-Bovidae-Bos_mutus_XP_005899290.2                                                          83.02%    passed     45.91%
  39  Eukaryota-Chordata-NA-NA-Branchiostomidae-Branchiostoma_belcheri_XP_019618252.1                                          82.13%    passed     52.49%
  40  Eukaryota-Chromeraceae-NA-NA-NA-Chromera_velia_MMETSP0290_c934_g1_i1.p1                                                  83.44%    passed     28.88%
  41  Eukaryota-Chromeraceae-NA-NA-NA-Vitrella_brassicaformis_MMETSP1451_c5784_g1_i1.p1                                        81.87%    passed     65.20%
  42  Eukaryota-Chytridiomycota-Chytridiomycetes-Rhizophydiales-NA-Batrachochytrium_dendrobatidis_jgi27644                     84.54%    passed     10.09%
  43  Eukaryota-Chytridiomycota-Chytridiomycetes-Spizellomycetales-Spizellomycetaceae-Spizellomyces_punctatus_XP_016609918.1   84.22%    passed      8.24%
  44  Eukaryota-Ciliophora-NA-Unranked-NA-Climacostomum_virens_MMETSP1397_c4890_g1_i3.p1                                       84.33%    passed     38.26%
  45  Eukaryota-Ciliophora-NA-Unranked-NA-Climacostomum_virens_MMETSP1397_c6487_g1_i2.p1                                       83.96%    passed     29.20%
  46  Eukaryota-Ciliophora-NA-Unranked-NA-Euplotes_focardii_MMETSP0205_c10938_g1_i1.p1                                         82.92%    failed      0.67%
  47  Eukaryota-Ciliophora-NA-Unranked-NA-Euplotes_harpa_MMETSP0213_c7906_g1_i1.p1                                             86.68%    failed      2.92%
  48  Eukaryota-Ciliophora-NA-Unranked-NA-Fabrea_salina_MMETSP1345_c1375_g1_i1.p1                                              83.86%    failed      4.18%
  49  Eukaryota-Ciliophora-NA-Unranked-NA-Fabrea_salina_MMETSP1345_c6681_g1_i1.p1                                              83.54%    passed     13.51%
  50  Eukaryota-Ciliophora-NA-Unranked-NA-Mesodinium_pulex_MMETSP0467_c34460_g1_i1.p2                                          91.95%    failed      3.80%
  51  Eukaryota-Ciliophora-NA-Unranked-NA-Mesodinium_pulex_MMETSP0467_c5251_g1_i1.p1                                           83.59%    failed      0.00%
  52  Eukaryota-Ciliophora-NA-Unranked-NA-Strombidinopsis_acuminatum_MMETSP0126_c19306_g1_i1.p1                                89.13%    failed      2.13%
  53  Eukaryota-Ciliophora-Oligohymenophorea-Hymenostomatida-Tetrahymenidae-Tetrahymena_thermophila_XP_001011136.1             79.78%    failed      0.00%
  54  Eukaryota-Cnidaria-Anthozoa-Actiniaria-Aiptasiidae-Exaiptasia_pallida_XP_020910449.1                                     82.55%    passed     30.79%
  55  Eukaryota-Cnidaria-Anthozoa-Alcyonacea-Nephtheidae-Dendronephthya_gigantea_XP_028402847.1                                82.71%    passed     24.15%
  56  Eukaryota-Cnidaria-Anthozoa-Scleractinia-Merulinidae-Orbicella_faveolata_XP_020614947.1                                  82.81%    failed      0.03%
  57  Eukaryota-Cnidaria-Anthozoa-Scleractinia-Pocilloporidae-Pocillopora_damicornis_XP_027049961.1                            82.86%    failed      0.20%
  58  Eukaryota-Cnidaria-Anthozoa-Scleractinia-Pocilloporidae-Stylophora_pistillata_XP_022795814.1                             82.50%    failed      0.39%
  59  Eukaryota-Cnidaria-Anthozoa-Scleractinia-Pocilloporidae-Stylophora_pistillata_XP_022795815.1                             82.50%    failed      0.13%
  60  Eukaryota-Cnidaria-Hydrozoa-Anthoathecata-Hydridae-Hydra_vulgaris_XP_002160327.1                                         82.81%    passed     11.36%
  61  Eukaryota-Cryptophyta-NA-Cryptomonadales-Cryptomonadaceae-Cryptomonas_paramecium_MMETSP0038_c9703_g1_i2.p1               83.59%    failed      0.02%
  62  Eukaryota-Cryptophyta-NA-Cryptomonadales-Hemiselmidaceae-Hemiselmis_andersenii_MMETSP1042_c38960_g1_i1.p1                92.27%    failed      0.58%
  63  Eukaryota-Cryptophyta-NA-Goniomondales-NA-Goniomonas_pacifica_MMETSP0108_c741_g1_i1.p1                                   87.20%    passed     14.68%
  64  Eukaryota-Cryptophyta-NA-Pyrenomonadales-Chroomonadaceae-Chroomonas_mesostigmaticacf_MMETSP0047_c3563_g1_i1.p1           79.94%    failed      0.01%
  65  Eukaryota-Cryptophyta-NA-Pyrenomonadales-Geminigeraceae-Guillardia_theta_MMETSP0046_c5357_g1_i2.p1                       81.77%    failed      2.85%
  66  Eukaryota-Cryptophyta-NA-Pyrenomonadales-Pyrenomonadaceae-Rhodomonas_sp_MMETSP1389_c15442_g1_i1.p2                       91.12%    passed     23.91%
  67  Eukaryota-Echinodermata-Asteroidea-Valvatida-Acanthasteridae-Acanthaster_planci_XP_022110905.1                           82.92%    passed      9.27%
  68  Eukaryota-Echinodermata-Echinoidea-Echinoida-Strongylocentrotidae-Strongylocentrotus_purpuratus_XP_781890.2              83.02%    passed     80.94%
  69  Eukaryota-Euglenida-NA-Eutreptiales-NA-Eutreptiella_gymnastica_MMETSP0039_c61914_g1_i1.p1                                88.35%    passed      9.16%
  70  Eukaryota-Haptophyta-NA-Phaeocystales-Phaeocystaceae-Phaeocystis_antarctica_MMETSP1100_c45418_g1_i1.p1                   82.60%    failed      0.00%
  71  Eukaryota-Haptophyta-NA-Prymnesiales-NA-Chrysochromulina_ericina_MMETSP1096_c1312_g1_i1.p2                               85.32%    failed      0.09%
  72  Eukaryota-Haptophyta-NA-Prymnesiales-NA-Chrysochromulina_rotalis_MMETSP0287_c13767_g1_i1.p1                              83.39%    passed     10.21%
  73  Eukaryota-Haptophyta-NA-Prymnesiales-NA-Imantonia_sp_MMETSP1474_c11235_g1_i1.p1                                          84.69%    failed      0.29%
  74  Eukaryota-Haptophyta-NA-Prymnesiales-NA-Isochrysis_galbana_MMETSP0595_c13497_g1_i1.p1                                    86.21%    failed      1.06%
  75  Eukaryota-Haptophyta-NA-Prymnesiales-NA-Prymnesium_parvum_MMETSP0814_c2835_g1_i1.p1                                      88.24%    failed      0.49%
  76  Eukaryota-Haptophyta-NA-Unranked-NA-Scyphosphaera_apsteinii_MMETSP1333_c41833_g1_i1.p1                                   82.76%    failed      0.26%
  77  Eukaryota-Hemichordata-Enteropneusta-NA-Harrimaniidae-Saccoglossus_kowalevskii_XP_006823781.1                            84.95%    failed      0.70%
  78  Eukaryota-Mesomycetozoea-Ichthyosporea-Ichthyophonida-NA-Sphaeroforma_arctica_XP_014159662.1                             80.56%    passed     89.31%
  79  Eukaryota-Mesomycetozoea-Ichthyosporea-NA-NA-Capsaspora_owczarzaki_XP_004363785.1                                        77.38%    failed      0.00%
  80  Eukaryota-Mollusca-Bivalvia-Ostreoida-Ostreidae-Crassostrea_gigas_XP_011429889.1                                         84.64%    passed     56.07%
  81  Eukaryota-Mollusca-Bivalvia-Ostreoida-Ostreidae-Crassostrea_virginica_XP_022327156.1                                     84.74%    passed     44.57%
  82  Eukaryota-Mollusca-Bivalvia-Pectinoida-Pectinidae-Mizuhopecten_yessoensis_XP_021367853.1                                 84.85%    passed     21.94%
  83  Eukaryota-Mollusca-Cephalopoda-Octopoda-Octopodidae-Octopus_vulgaris_XP_029655970.1                                      84.85%    passed     29.62%
  84  Eukaryota-Mollusca-Gastropoda-Aplysiida-Aplysiidae-Aplysia_californica_XP_005093181.1                                    81.61%    passed     83.87%
  85  Eukaryota-Mollusca-Gastropoda-NA-Lottiidae-Lottia_gigantea_jgi225142                                                     84.69%    failed      4.37%
  86  Eukaryota-Mollusca-Gastropoda-NA-Planorbidae-Biomphalaria_glabrata_XP_013073589.1                                        86.15%    passed     18.08%
  87  Eukaryota-Mucorales-Mucoraceae-Undefined-Undefined-Mucor_circinelloides_jgi84383                                         85.16%    passed     71.54%
  88  Eukaryota-Mucoromycota-Glomeromycetes-Glomerales-Glomeraceae-Rhizophagus_irregularis_XP_025183402.1                      88.92%    passed      6.59%
  89  Eukaryota-Mucoromycota-Mucoromycetes-Mucorales-Phycomycetaceae-Phycomyces_blakesleeanus_jgi71346                         79.52%    passed      8.31%
  90  Eukaryota-Mucoromycota-Mucoromycetes-Mucorales-Rhizopodaceae-Rhizopus_microsporus_XP_023463836.1                         84.85%    passed     19.25%
  91  Eukaryota-Nematoda-Chromadorea-Rhabditida-Onchocercidae-Brugia_malayi_XP_001902677.1                                     63.64%    passed     31.19%
  92  Eukaryota-Nematoda-Chromadorea-Rhabditida-Onchocercidae-Loa_loa_XP_003148478.1                                           84.17%    failed      0.93%
  93  Eukaryota-Nematoda-Chromadorea-Rhabditida-Onchocercidae-Loa_loa_XP_020301703.1                                           87.88%    passed     46.30%
  94  Eukaryota-Nematoda-Chromadorea-Rhabditida-Rhabditidae-Caenorhabditis_briggsae_XP_002641174.1                             80.83%    passed     92.40%
  95  Eukaryota-Nematoda-Chromadorea-Rhabditida-Rhabditidae-Caenorhabditis_remanei_XP_003096953.1                              84.38%    passed     24.89%
  96  Eukaryota-Nematoda-Chromadorea-Rhabditida-Strongyloididae-Strongyloides_ratti_XP_024506688.1                             84.17%    failed      0.00%
  97  Eukaryota-Nematoda-Chromadorea-Strongylida-Ancylostomatidae-Necator_americanus_XP_013295803.1                            84.59%    passed      5.50%
  98  Eukaryota-Palpitomonas-NA-NA-NA-Palpitomonas_bilix_MMETSP0780_c13886_g2_i1.p1                                            82.65%    passed     11.73%
  99  Eukaryota-Perkinsozoa-NA-Perkinsida-Perkinsidae-Perkinsus_marinus_XP_002764541.1                                         44.25%    failed      3.34%
 100  Eukaryota-Placozoa-NA-NA-Trichoplacidae-Trichoplax_adhaerens_XP_002117934.1                                              90.80%    failed      4.98%
 101  Eukaryota-Platyhelminthes-Trematoda-Opisthorchiida-Opisthorchiidae-Opisthorchis_viverrini_XP_009177337.1                 84.90%    passed     11.21%
 102  Eukaryota-Platyhelminthes-Trematoda-Strigeidida-Schistosomatidae-Schistosoma_mansoni_XP_018650396.1                      82.60%    failed      0.04%
 103  Eukaryota-Porifera-Demospongiae-Haplosclerida-Niphatidae-Amphimedon_queenslandica_jgiAqu1214489                          84.27%    passed     74.35%
 104  Eukaryota-Priapulida-Priapulimorpha-Priapulimorphida-Priapulidae-Priapulus_caudatus_XP_014661677.1                       82.60%    passed     80.94%
 105  Eukaryota-Retaria-NA-NA-NA-Elphidium_margaritaceum_MMETSP1385_c19774_g1_i1.p1                                            86.36%    passed     18.99%
 106  Eukaryota-Rhodophyta-Bangiophyceae-NA-NA-Rhodella_maculata_MMETSP0167_c9396_g1_i1.p2                                     81.97%    failed      1.93%
 107  Eukaryota-Rhodophyta-Compsopogonophyceae-NA-NA-Madagascaria_erythrocladiodes_MMETSP1450_c8675_g1_i1.p1                   84.74%    failed      0.00%
 108  Eukaryota-Stramenopiles-Dictyochophyceae-Dictyochales-NA-Dictyocha_speculum_MMETSP1174_c9466_g1_i1.p1                    84.90%    failed      0.52%
 109  Eukaryota-Stramenopiles-Dictyochophyceae-Florenciellales-NA-Florenciella_parvula_MMETSP1344_c14277_g1_i2.p1              84.01%    passed     10.75%
 110  Eukaryota-Stramenopiles-NA-Bicosoecida-Cafeteriaceae-Cafeteria_roenbergensis_MMETSP0942_c3298_g1_i1.p1                   81.56%    failed      0.00%
 111  Eukaryota-Stramenopiles-NA-NA-NA-Fibrocapsa_japonica_MMETSP1339_c4379_g1_i1.p1                                           82.86%    passed     48.74%
 112  Eukaryota-Stramenopiles-Oomycetes-Peronosporales-Peronosporaceae-Phytophthora_parasitica_XP_008901076.1                  56.90%    failed      0.00%
 113  Eukaryota-Stramenopiles-Oomycetes-Peronosporales-Peronosporaceae-Phytophthora_sojae_jgi140778                            82.24%    passed     34.79%
 114  Eukaryota-Stramenopiles-Oomycetes-Saprolegniales-Saprolegniaceae-Aphanomyces_astaci_XP_009834052.1                       82.45%    failed      3.25%
 115  Eukaryota-Stramenopiles-Raphidophyceae-Chattonellales-Chattonellaceae-Heterosigma_akashiwo_MMETSP0409_c4871_g1_i1.p1     82.45%    passed     18.55%
 116  Eukaryota-Streptophyta-Liliopsida-Arecales-Arecaceae-Phoenix_dactylifera_XP_008806210.1                                  79.52%    passed      6.49%
 117  Eukaryota-Streptophyta-Liliopsida-Asparagales-Asparagaceae-Asparagus_officinalis_XP_020273882.1                          81.66%    passed     34.69%
 118  Eukaryota-Streptophyta-Liliopsida-Zingiberales-Musaceae-Musa_acuminata_XP_009398348.1                                    81.61%    passed     84.38%
 119  Eukaryota-Streptophyta-NA-Brassicales-Brassicaceae-Arabidopsis_thaliana_NP_001318374.1                                   82.03%    passed     86.14%
 120  Eukaryota-Streptophyta-NA-Brassicales-Brassicaceae-Capsella_rubella_XP_023639462.1                                       81.77%    passed     79.81%
 121  Eukaryota-Streptophyta-NA-Cucurbitales-Cucurbitaceae-Cucurbita_moschata_XP_022957072.1                                   81.97%    passed     55.82%
 122  Eukaryota-Streptophyta-NA-Cucurbitales-Cucurbitaceae-Momordica_charantia_XP_022150560.1                                  81.97%    passed     29.54%
 123  Eukaryota-Streptophyta-NA-Gentianales-Rubiaceae-Coffea_arabica_XP_027111233.1                                            78.11%    passed      7.05%
 124  Eukaryota-Streptophyta-NA-Lamiales-Oleaceae-Olea_europaea_XP_022853731.1                                                 84.33%    passed     66.96%
 125  MSTRG.16505.1.p1                                                                                                         77.22%    failed      0.00%
 126  MSTRG.21922.1.p1                                                                                                         72.47%    failed      4.37%
 127  NA-NA-NA-NA-NA-NA_XP_003279490.1                                                                                         84.74%    passed     49.75%
 128  NA-NA-NA-NA-NA-NA_XP_004091021.1                                                                                         78.79%    passed     50.35%
 129  Paulinella_chromatophora_CCAC0185_nuclear___scaffold1851-m22838                                                          83.07%    passed     49.17%
 130  Paulinella_chromatophora_CCAC0185_nuclear___scaffold8111-m63166                                                          74.97%    passed     44.31%
WARNING: 129 sequences contain more than 50% gaps/ambiguity
****  TOTAL                                                                                                                    82.86%  48 sequences failed composition chi2 test (p-value<5%; df=19)
NOTE: Eukaryota-Chromeraceae-NA-NA-NA-Vitrella_brassicaformis_MMETSP1451_c5784_g1_i1.p1 is identical to Eukaryota-Apicomplexa-NA-Unranked-NA-Alveolata_sp_MMETSP0288_c1997_g1_i1.p1 but kept for subsequent analysis
NOTE: Eukaryota-Chordata-Actinopteri-Cichliformes-Cichlidae-Maylandia_zebra_XP_004560191.1 is identical to Eukaryota-Chordata-Actinopteri-Cichliformes-Cichlidae-Astatotilapia_calliptera_XP_026040750.1 but kept for subsequent analysis

Create initial parsimony tree by phylogenetic likelihood library (PLL)... 0.268 seconds
Generating 2000 samples for ultrafast bootstrap (seed: 249416)...

NOTE: 172 MB RAM (0 GB) is required!
Measuring multi-threading efficiency up to 6 CPU cores
4 trees examined
Threads: 1 / Time: 6.355 sec / Speedup: 1.000 / Efficiency: 100% / LogL: -86951
Threads: 2 / Time: 3.432 sec / Speedup: 1.852 / Efficiency: 93% / LogL: -86951
Threads: 3 / Time: 2.164 sec / Speedup: 2.937 / Efficiency: 98% / LogL: -86951
Threads: 4 / Time: 2.172 sec / Speedup: 2.926 / Efficiency: 73% / LogL: -86951
Threads: 5 / Time: 1.332 sec / Speedup: 4.771 / Efficiency: 95% / LogL: -86951
Threads: 6 / Time: 1.363 sec / Speedup: 4.664 / Efficiency: 78% / LogL: -86951
BEST NUMBER OF THREADS: 5

Estimate model parameters (epsilon = 0.100)
1. Initial log-likelihood: -76633.422
2. Current log-likelihood: -70690.174
3. Current log-likelihood: -70611.571
4. Current log-likelihood: -70610.931
5. Current log-likelihood: -70610.784
6. Current log-likelihood: -70610.683
Optimal log-likelihood: -70610.598
Site proportion and rates:  (0.041,0.042) (0.031,0.158) (0.077,0.285) (0.115,0.475) (0.162,0.728) (0.218,1.064) (0.356,1.593)
Parameters optimization took 6 rounds (28.227 sec)
Computing ML distances based on estimated model parameters... 15.959 sec
Computing BIONJ tree...
0.018 seconds
Log-likelihood of BIONJ tree: -70488.693
--------------------------------------------------------------------
|             INITIALIZING CANDIDATE TREE SET                      |
--------------------------------------------------------------------
Generating 98 parsimony trees... 19.073 second
Computing log-likelihood of 98 initial trees ... 59.180 seconds
Current best score: -70488.693

Do NNI search on 20 best initial trees
Estimate model parameters (epsilon = 0.100)
BETTER TREE FOUND at iteration 1: -70421.018
Estimate model parameters (epsilon = 0.100)
BETTER TREE FOUND at iteration 4: -70409.257
Estimate model parameters (epsilon = 0.100)
BETTER TREE FOUND at iteration 5: -70388.101
Estimate model parameters (epsilon = 0.100)
BETTER TREE FOUND at iteration 10: -70374.357
Iteration 10 / LogL: -70374.357 / Time: 0h:7m:27s
Iteration 20 / LogL: -70448.523 / Time: 0h:8m:58s
Finish initializing candidate tree set (20)
Current best tree score: -70374.357 / CPU time: 479.668
Number of iterations: 20
--------------------------------------------------------------------
|               OPTIMIZING CANDIDATE TREE SET                      |
--------------------------------------------------------------------
Estimate model parameters (epsilon = 0.100)
BETTER TREE FOUND at iteration 23: -70365.477
Estimate model parameters (epsilon = 0.100)
BETTER TREE FOUND at iteration 27: -70349.359
Iteration 30 / LogL: -70362.280 / Time: 0h:10m:27s (0h:34m:35s left)
Estimate model parameters (epsilon = 0.100)
BETTER TREE FOUND at iteration 31: -70343.898
Estimate model parameters (epsilon = 0.100)
BETTER TREE FOUND at iteration 32: -70340.389
Estimate model parameters (epsilon = 0.100)
BETTER TREE FOUND at iteration 38: -70337.508
Iteration 40 / LogL: -70347.947 / Time: 0h:12m:1s (0h:29m:56s left)
Estimate model parameters (epsilon = 0.100)
BETTER TREE FOUND at iteration 49: -70325.124
Iteration 50 / LogL: -70375.620 / Time: 0h:13m:14s (0h:26m:32s left)
Log-likelihood cutoff on original alignment: -70448.326
Estimate model parameters (epsilon = 0.100)
BETTER TREE FOUND at iteration 53: -70324.641
Estimate model parameters (epsilon = 0.100)
BETTER TREE FOUND at iteration 59: -70323.071
Iteration 60 / LogL: -70328.067 / Time: 0h:14m:45s (0h:24m:35s left)
Iteration 70 / LogL: -70337.845 / Time: 0h:15m:46s (0h:20m:12s left)
Estimate model parameters (epsilon = 0.100)
BETTER TREE FOUND at iteration 73: -70321.501
Estimate model parameters (epsilon = 0.100)
BETTER TREE FOUND at iteration 78: -70321.264
Iteration 80 / LogL: -70339.335 / Time: 0h:17m:9s (0h:21m:9s left)
Estimate model parameters (epsilon = 0.100)
BETTER TREE FOUND at iteration 85: -70320.893
Estimate model parameters (epsilon = 0.100)
UPDATE BEST LOG-LIKELIHOOD: -70320.789
Iteration 90 / LogL: -70321.993 / Time: 0h:18m:30s (0h:19m:38s left)
Iteration 100 / LogL: -70332.543 / Time: 0h:19m:42s (0h:16m:49s left)
Log-likelihood cutoff on original alignment: -70442.269
NOTE: Bootstrap correlation coefficient of split occurrence frequencies: 0.974
NOTE: UFBoot does not converge, continue at least 100 more iterations
Estimate model parameters (epsilon = 0.100)
BETTER TREE FOUND at iteration 102: -70320.440
Iteration 110 / LogL: -70331.267 / Time: 0h:20m:56s (0h:17m:35s left)
Estimate model parameters (epsilon = 0.100)
UPDATE BEST LOG-LIKELIHOOD: -70320.347
Iteration 120 / LogL: -70335.363 / Time: 0h:22m:11s (0h:15m:12s left)
Iteration 130 / LogL: -70323.072 / Time: 0h:23m:16s (0h:12m:55s left)
Estimate model parameters (epsilon = 0.100)
BETTER TREE FOUND at iteration 133: -70319.964
Iteration 140 / LogL: -70322.185 / Time: 0h:24m:30s (0h:16m:19s left)
Estimate model parameters (epsilon = 0.100)
BETTER TREE FOUND at iteration 142: -70319.530
Iteration 150 / LogL: -70320.836 / Time: 0h:25m:50s (0h:15m:53s left)
Log-likelihood cutoff on original alignment: -70442.269
Iteration 160 / LogL: -70332.145 / Time: 0h:26m:59s (0h:13m:52s left)
Iteration 170 / LogL: -70327.980 / Time: 0h:28m:3s (0h:11m:54s left)
Iteration 180 / LogL: -70320.899 / Time: 0h:29m:11s (0h:10m:4s left)
Iteration 190 / LogL: -70323.605 / Time: 0h:30m:20s (0h:8m:19s left)
Estimate model parameters (epsilon = 0.100)
BETTER TREE FOUND at iteration 194: -70318.508
Iteration 200 / LogL: -70319.528 / Time: 0h:31m:32s (0h:14m:50s left)
Log-likelihood cutoff on original alignment: -70442.269
NOTE: Bootstrap correlation coefficient of split occurrence frequencies: 0.992
UPDATE BEST LOG-LIKELIHOOD: -70318.508
Estimate model parameters (epsilon = 0.100)
BETTER TREE FOUND at iteration 204: -70318.402
Iteration 210 / LogL: -70318.757 / Time: 0h:32m:46s (0h:14m:41s left)
Estimate model parameters (epsilon = 0.100)
BETTER TREE FOUND at iteration 215: -70318.278
Iteration 220 / LogL: -70331.393 / Time: 0h:33m:54s (0h:14m:39s left)
Estimate model parameters (epsilon = 0.100)
BETTER TREE FOUND at iteration 227: -70317.274
Iteration 230 / LogL: -70319.214 / Time: 0h:35m:10s (0h:14m:51s left)
Iteration 240 / LogL: -70327.822 / Time: 0h:36m:18s (0h:13m:10s left)
Estimate model parameters (epsilon = 0.100)
UPDATE BEST LOG-LIKELIHOOD: -70317.197
Iteration 250 / LogL: -70336.697 / Time: 0h:37m:25s (0h:11m:32s left)
Log-likelihood cutoff on original alignment: -70442.269
Iteration 260 / LogL: -70323.735 / Time: 0h:38m:38s (0h:9m:58s left)
Estimate model parameters (epsilon = 0.100)
BETTER TREE FOUND at iteration 266: -70317.050
Iteration 270 / LogL: -70324.966 / Time: 0h:39m:54s (0h:14m:12s left)
Iteration 280 / LogL: -70319.920 / Time: 0h:41m:0s (0h:12m:36s left)
Iteration 290 / LogL: -70357.898 / Time: 0h:42m:5s (0h:11m:2s left)
Estimate model parameters (epsilon = 0.100)
UPDATE BEST LOG-LIKELIHOOD: -70316.976
Iteration 300 / LogL: -70318.700 / Time: 0h:43m:15s (0h:9m:31s left)
Log-likelihood cutoff on original alignment: -70442.269
NOTE: Bootstrap correlation coefficient of split occurrence frequencies: 0.993
Iteration 310 / LogL: -70330.989 / Time: 0h:44m:20s (0h:12m:53s left)
Iteration 320 / LogL: -70318.166 / Time: 0h:45m:32s (0h:11m:23s left)
UPDATE BEST LOG-LIKELIHOOD: -70316.969
Iteration 330 / LogL: -70346.412 / Time: 0h:46m:36s (0h:9m:53s left)
Iteration 340 / LogL: -70319.486 / Time: 0h:47m:39s (0h:8m:25s left)
UPDATE BEST LOG-LIKELIHOOD: -70316.969
UPDATE BEST LOG-LIKELIHOOD: -70316.966
Iteration 350 / LogL: -70317.558 / Time: 0h:48m:47s (0h:6m:58s left)
Log-likelihood cutoff on original alignment: -70442.269
UPDATE BEST LOG-LIKELIHOOD: -70316.964
Iteration 360 / LogL: -70317.616 / Time: 0h:50m:0s (0h:5m:33s left)
TREE SEARCH COMPLETED AFTER 367 ITERATIONS / Time: 0h:50m:45s

--------------------------------------------------------------------
|                    FINALIZING TREE SEARCH                        |
--------------------------------------------------------------------
Performs final model parameters optimization
Estimate model parameters (epsilon = 0.010)
1. Initial log-likelihood: -70316.964
2. Current log-likelihood: -70316.919
3. Current log-likelihood: -70316.869
4. Current log-likelihood: -70316.821
5. Current log-likelihood: -70316.771
6. Current log-likelihood: -70316.726
7. Current log-likelihood: -70316.681
8. Current log-likelihood: -70316.638
9. Current log-likelihood: -70316.597
10. Current log-likelihood: -70316.557
11. Current log-likelihood: -70316.515
12. Current log-likelihood: -70316.473
13. Current log-likelihood: -70316.434
14. Current log-likelihood: -70316.398
15. Current log-likelihood: -70316.360
16. Current log-likelihood: -70316.321
17. Current log-likelihood: -70316.283
18. Current log-likelihood: -70316.246
19. Current log-likelihood: -70316.210
20. Current log-likelihood: -70316.177
21. Current log-likelihood: -70316.155
22. Current log-likelihood: -70316.119
23. Current log-likelihood: -70316.087
24. Current log-likelihood: -70316.066
25. Current log-likelihood: -70316.032
26. Current log-likelihood: -70316.011
27. Current log-likelihood: -70315.978
28. Current log-likelihood: -70315.960
29. Current log-likelihood: -70315.939
30. Current log-likelihood: -70315.908
31. Current log-likelihood: -70315.892
32. Current log-likelihood: -70315.872
33. Current log-likelihood: -70315.855
34. Current log-likelihood: -70315.835
35. Current log-likelihood: -70315.815
36. Current log-likelihood: -70315.796
37. Current log-likelihood: -70315.778
38. Current log-likelihood: -70315.759
39. Current log-likelihood: -70315.742
40. Current log-likelihood: -70315.722
41. Current log-likelihood: -70315.705
42. Current log-likelihood: -70315.689
43. Current log-likelihood: -70315.673
44. Current log-likelihood: -70315.654
45. Current log-likelihood: -70315.639
46. Current log-likelihood: -70315.624
47. Current log-likelihood: -70315.606
48. Current log-likelihood: -70315.591
49. Current log-likelihood: -70315.576
50. Current log-likelihood: -70315.558
51. Current log-likelihood: -70315.544
52. Current log-likelihood: -70315.526
53. Current log-likelihood: -70315.509
54. Current log-likelihood: -70315.493
55. Current log-likelihood: -70315.478
56. Current log-likelihood: -70315.464
57. Current log-likelihood: -70315.447
58. Current log-likelihood: -70315.433
59. Current log-likelihood: -70315.419
60. Current log-likelihood: -70315.405
61. Current log-likelihood: -70315.392
62. Current log-likelihood: -70315.375
63. Current log-likelihood: -70315.362
64. Current log-likelihood: -70315.345
65. Current log-likelihood: -70315.332
66. Current log-likelihood: -70315.316
67. Current log-likelihood: -70315.303
68. Current log-likelihood: -70315.289
69. Current log-likelihood: -70315.273
70. Current log-likelihood: -70315.259
71. Current log-likelihood: -70315.246
72. Current log-likelihood: -70315.233
73. Current log-likelihood: -70315.220
74. Current log-likelihood: -70315.208
75. Current log-likelihood: -70315.196
76. Current log-likelihood: -70315.184
77. Current log-likelihood: -70315.173
78. Current log-likelihood: -70315.161
79. Current log-likelihood: -70315.146
80. Current log-likelihood: -70315.134
81. Current log-likelihood: -70315.120
82. Current log-likelihood: -70315.108
83. Current log-likelihood: -70315.095
84. Current log-likelihood: -70315.083
85. Current log-likelihood: -70315.072
86. Current log-likelihood: -70315.057
87. Current log-likelihood: -70315.045
88. Current log-likelihood: -70315.032
89. Current log-likelihood: -70315.020
90. Current log-likelihood: -70315.007
91. Current log-likelihood: -70314.996
92. Current log-likelihood: -70314.985
93. Current log-likelihood: -70314.974
94. Current log-likelihood: -70314.963
95. Current log-likelihood: -70314.952
96. Current log-likelihood: -70314.942
97. Current log-likelihood: -70314.931
98. Current log-likelihood: -70314.921
99. Current log-likelihood: -70314.911
Optimal log-likelihood: -70314.911
Site proportion and rates:  (0.032,0.023) (0.030,0.115) (0.091,0.269) (0.128,0.488) (0.204,0.769) (0.234,1.190) (0.281,1.687)
Parameters optimization took 99 rounds (264.173 sec)
BEST SCORE FOUND : -70314.911
Creating bootstrap support values...
Split supports printed to NEXUS file K24242.blastp_ALL.outfmt6.parsed.filtered.uniq.faa.mafft.aln.splits.nex
Total tree length: 111.123

Total number of iterations: 367
CPU time used for tree search: 14725.236 sec (4h:5m:25s)
Wall-clock time used for tree search: 2987.304 sec (0h:49m:47s)
Total CPU time used: 16403.145 sec (4h:33m:23s)
Total wall-clock time used: 3311.014 sec (0h:55m:11s)

Computing bootstrap consensus tree...
Reading input file K24242.blastp_ALL.outfmt6.parsed.filtered.uniq.faa.mafft.aln.splits.nex...
130 taxa and 991 splits.
Consensus tree written to K24242.blastp_ALL.outfmt6.parsed.filtered.uniq.faa.mafft.aln.contree
Reading input trees file K24242.blastp_ALL.outfmt6.parsed.filtered.uniq.faa.mafft.aln.contree
Log-likelihood of consensus tree: -70314.984

Analysis results written to: 
  IQ-TREE report:                K24242.blastp_ALL.outfmt6.parsed.filtered.uniq.faa.mafft.aln.iqtree
  Maximum-likelihood tree:       K24242.blastp_ALL.outfmt6.parsed.filtered.uniq.faa.mafft.aln.treefile
  Likelihood distances:          K24242.blastp_ALL.outfmt6.parsed.filtered.uniq.faa.mafft.aln.mldist

Ultrafast bootstrap approximation results written to:
  Split support values:          K24242.blastp_ALL.outfmt6.parsed.filtered.uniq.faa.mafft.aln.splits.nex
  Consensus tree:                K24242.blastp_ALL.outfmt6.parsed.filtered.uniq.faa.mafft.aln.contree
  Screen log file:               K24242.blastp_ALL.outfmt6.parsed.filtered.uniq.faa.mafft.aln.log

Date and Time: Wed Oct 13 01:13:28 2021
