IQ-TREE multicore version 1.6.12 for Linux 64-bit built Aug 15 2019
Developed by Bui Quang Minh, Nguyen Lam Tung, Olga Chernomor,
Heiko Schmidt, Dominik Schrempf, Michael Woodhams.

Host:    coral (AVX512, FMA3, 376 GB RAM)
Command: /home/timothy/programs/iqtree-1.6.12-Linux/bin/iqtree -s K01814.blastp_ALL.outfmt6.parsed.filtered.uniq.faa.mafft.aln -nt AUTO -ntmax 6 -m LG+R7 -bb 2000 -nm 2000 -quiet
Seed:    343369 (Using SPRNG - Scalable Parallel Random Number Generator)
Time:    Fri Jan 14 01:14:05 2022
Kernel:  AVX+FMA - auto-detect threads (96 CPU cores detected)

Reading alignment file K01814.blastp_ALL.outfmt6.parsed.filtered.uniq.faa.mafft.aln ... Fasta format detected
Alignment most likely contains protein sequences
Alignment has 107 sequences with 774 columns, 648 distinct patterns
366 parsimony-informative, 191 singleton sites, 216 constant sites
WARNING: Some sequence names are changed as follows:
Bacteria-Bacteroidetes-Flavobacteriia-Flavobacteriales-Flavobacteriaceae-Chryseobacterium_sp._ERMR1:04_WP_054511592.1 -> Bacteria-Bacteroidetes-Flavobacteriia-Flavobacteriales-Flavobacteriaceae-Chryseobacterium_sp._ERMR1_04_WP_054511592.1

                                                                                                                                                Gap/Ambiguity  Composition  p-value
   1  Archaea-Euryarchaeota-Methanobacteria-Methanobacteriales-Methanothermaceae-Methanothermus_fervidus_WP_013414237.1                                69.38%    failed      0.00%
   2  Bacteria-Acidobacteria-Acidobacteriia-Bryobacterales-Bryobacteraceae-Bryobacter_aggregatus_WP_031495927.1                                        70.93%    failed      0.20%
   3  Bacteria-Acidobacteria-Acidobacteriia-Bryobacterales-Solibacteraceae-Candidatus_Sulfopaludibacter_sp._SbA3_WP_105502777.1                        70.16%    failed      2.17%
   4  Bacteria-Acidobacteria-Vicinamibacteria-NA-Vicinamibacteraceae-Luteitalea_pratensis_WP_110174233.1                                               70.67%    failed      0.96%
   5  Bacteria-Actinobacteria-Acidimicrobiia-Acidimicrobiales-Microthrixaceae-Candidatus_Microthrix_parvicella_WP_012229358.1                          64.99%    failed      0.28%
   6  Bacteria-Armatimonadetes-Armatimonadia-Capsulimonadales-Capsulimonadaceae-Capsulimonas_corticalis_WP_119322124.1                                 67.31%    failed      1.96%
   7  Bacteria-Bacteroidetes-Flavobacteriia-Flavobacteriales-Flavobacteriaceae-Chryseobacterium_sp._ERMR1_04_WP_054511592.1                            66.02%    failed      0.44%
   8  Bacteria-Bacteroidetes-Sphingobacteriia-Sphingobacteriales-Sphingobacteriaceae-Sphingobacterium_sp._2c3_WP_116776569.1                           67.31%    failed      0.52%
   9  Bacteria-Fibrobacteres-Chitinivibrionia-Chitinivibrionales-Chitinivibrionaceae-Chitinivibrio_alkaliphilus_WP_022636324.1                         67.57%    failed      4.29%
  10  Bacteria-Fibrobacteres-Fibrobacteria-Fibrobacterales-Fibrobacteraceae-Fibrobacter_sp._UWEL_WP_073225483.1                                        66.41%    passed     91.94%
  11  Bacteria-Fibrobacteres-Fibrobacteria-Fibrobacterales-Fibrobacteraceae-NA_WP_109734694.1                                                          66.41%    passed     96.96%
  12  Bacteria-Firmicutes-Bacilli-Bacillales-Bacillaceae-Lysinibacillus_manganicus_WP_036189902.1                                                      67.57%    passed     56.07%
  13  Bacteria-Firmicutes-Clostridia-Clostridiales-Eubacteriaceae-Eubacterium_sp._AF177_WP_117909823.1                                                 66.67%    failed      0.00%
  14  Bacteria-Firmicutes-Clostridia-Clostridiales-Lachnospiraceae-Blautia_sp._AF1440_WP_118719636.1                                                   66.67%    passed     41.62%
  15  Bacteria-Firmicutes-Clostridia-Clostridiales-Lachnospiraceae-NA_WP_117801388.1                                                                   66.67%    passed     38.91%
  16  Bacteria-Fusobacteria-Fusobacteriia-Fusobacteriales-Fusobacteriaceae-Hypnocyclicus_thermotrophus_WP_134112166.1                                  67.44%    failed      0.00%
  17  Bacteria-Kiritimatiellaeota-Kiritimatiellae-Kiritimatiellales-NA-Kiritimatiellales_bacterium_WP_136063858.1                                      67.57%    passed     94.20%
  18  Bacteria-Lentisphaerae-Lentisphaeria-Lentisphaerales-Lentisphaeraceae-Lentisphaera_araneosa_WP_007276806.1                                       67.05%    passed     45.88%
  19  Bacteria-Lentisphaerae-Lentisphaeria-Victivallales-NA-Victivallales_bacterium_CCUG_44730_WP_106053486.1                                          67.05%    passed     73.32%
  20  Bacteria-Lentisphaerae-Lentisphaeria-Victivallales-Victivallaceae-Victivallis_vadensis_WP_116883531.1                                            67.57%    passed     84.58%
  21  Bacteria-NA-NA-NA-NA-bacterium_1XD892_WP_129178962.1                                                                                             65.89%    passed     66.27%
  22  Bacteria-NA-NA-NA-NA-NA_WP_120435762.1                                                                                                           67.05%    passed     69.16%
  23  Bacteria-Planctomycetes-CandidatusBrocadiae-CandidatusBrocadiales-CandidatusBrocadiaceae-Candiadtus_Scalindua_japonica_WP_096894877.1            67.44%    passed     78.08%
  24  Bacteria-Planctomycetes-CandidatusBrocadiae-CandidatusBrocadiales-CandidatusBrocadiaceae-Candidatus_Brocadiaceae_bacterium_S225_WP_034405268.1   67.44%    passed     83.66%
  25  Bacteria-Planctomycetes-NA-NA-NA-Planctomycetes_bacterium_Pla22_WP_146515334.1                                                                   65.89%    passed     98.86%
  26  Bacteria-Planctomycetes-Planctomycetia-Planctomycetales-Planctomycetaceae-Mariniblastus_fucicola_WP_075081890.1                                  66.15%    passed     87.27%
  27  Bacteria-Proteobacteria-Deltaproteobacteria-Desulfobacterales-Desulfobacteraceae-Desulfamplus_magnetovallimortis_WP_080801155.1                  66.54%    passed     35.54%
  28  Bacteria-Proteobacteria-Deltaproteobacteria-Desulfobacterales-Desulfobacteraceae-Desulfobacterium_autotrophicum_WP_041274244.1                   67.05%    passed     85.54%
  29  Bacteria-Proteobacteria-Deltaproteobacteria-Desulfobacterales-Desulfobacteraceae-NA_WP_014958199.1                                               67.18%    passed     97.79%
  30  Bacteria-Proteobacteria-Deltaproteobacteria-Desulfobacterales-Desulfobulbaceae-Desulfopila_sp._IMCC35004_WP_136796324.1                          66.67%    passed     99.73%
  31  Bacteria-Spirochaetes-Spirochaetia-Spirochaetales-Spirochaetaceae-Candidatus_Marispirochaeta_associata_WP_069895808.1                            67.31%    passed     42.45%
  32  Bacteria-Spirochaetes-Spirochaetia-Spirochaetales-Spirochaetaceae-Marispirochaeta_aestuarii_WP_083050768.1                                       67.96%    passed     93.13%
  33  Bacteria-Spirochaetes-Spirochaetia-Spirochaetales-Spirochaetaceae-Spirochaeta_cellobiosiphila_WP_028973821.1                                     67.31%    passed     54.75%
  34  Bacteria-Verrucomicrobia-NA-NA-NA-Verrucomicrobia_bacterium_S94_WP_130596013.1                                                                   67.83%    passed     94.89%
  35  Bacteria-Verrucomicrobia-Verrucomicrobiae-NA-NA-Verrucomicrobiae_bacterium_DG1235_WP_008104024.1                                                 67.05%    passed     54.16%
  36  Bacteria-Verrucomicrobia-Verrucomicrobiae-Verrucomicrobiales-Verrucomicrobiaceae-Verrucomicrobium_sp._BvORR034_WP_050026988.1                    67.18%    passed     98.95%
  37  Bacteria-Verrucomicrobia-Verrucomicrobiae-Verrucomicrobiales-Verrucomicrobiasubdivision3-Pedosphaera_parvula_WP_007414941.1                      58.40%    passed     58.50%
  38  Eukaryota-Alveolata-Dinophyceae-NA-Unranked-Alexandrium_margalefi_MMETSP0661_c27119_g1_i1.p2                                                     61.76%    failed      0.00%
  39  Eukaryota-Alveolata-Dinophyceae-NA-Unranked-Karlodinium_micrum_MMETSP1016_c95975_g1_i1.p1                                                        62.27%    passed     95.04%
  40  Eukaryota-Alveolata-Dinophyceae-NA-Unranked-Polarella_glacialis_MMETSP1440_c5830_g1_i1.p1                                                        65.50%    passed     86.37%
  41  Eukaryota-Alveolata-Dinophyceae-NA-Unranked-Pyrodinium_bahamense_MMETSP0796_c66589_g1_i1.p1                                                      66.02%    passed     42.61%
  42  Eukaryota-Amoebozoa-NA-NA-Paramoebidae-Stygamoeba_regulata_MMETSP0447_c16300_g1_i1.p1                                                            66.28%    passed     58.23%
  43  Eukaryota-Apicomplexa-NA-Unranked-NA-Alveolata_sp_MMETSP0288_c30732_g1_i1.p1                                                                     58.79%    passed     15.68%
  44  Eukaryota-Ascomycota-Saccharomycetes-Saccharomycetales-Phaffomycetaceae-Cyberlindnera_jadinii_XP_020068519.1                                     65.89%    passed     30.50%
  45  Eukaryota-Ascomycota-Saccharomycetes-Saccharomycetales-Phaffomycetaceae-Komagataella_phaffii_XP_002493765.1                                      66.02%    passed     24.87%
  46  Eukaryota-Ascomycota-Saccharomycetes-Saccharomycetales-Phaffomycetaceae-Wickerhamomyces_ciferrii_XP_011275848.1                                  65.12%    failed      0.03%
  47  Eukaryota-Ascomycota-Schizosaccharomycetes-Schizosaccharomycetales-Schizosaccharomycetaceae-Schizosaccharomyces_octosporus_XP_013020157.1        66.41%    passed     69.93%
  48  Eukaryota-Basidiomycota-Exobasidiomycetes-Ceraceosorales-Ceraceosoraceae-Ceraceosorus_guamensis_XP_025366672.1                                   62.14%    passed     57.71%
  49  Eukaryota-Basidiomycota-Microbotryomycetes-Sporidiobolales-Sporidiobolaceae-Rhodotorula_graminis_XP_018272679.1                                  66.80%    passed     98.94%
  50  Eukaryota-Basidiomycota-Microbotryomycetes-Undefined-Undefined-Sporobolomyces_roseus_jgi9160                                                     66.67%    passed     97.33%
  51  Eukaryota-Basidiomycota-Mixiomycetes-Mixiales-Mixiaceae-Mixia_osmundae_XP_014571060.1                                                            67.05%    passed     89.49%
  52  Eukaryota-Cercozoa-Chlorarachniophyceae-NA-NA-Bigelowiella_natans_MMETSP1358_c25516_g1_i1.p1                                                     60.85%    passed     25.56%
  53  Eukaryota-Cercozoa-Chlorarachniophyceae-NA-NA-Chlorarachnion_reptans_MMETSP0109_c19697_g1_i1.p1                                                  56.98%    passed     80.89%
  54  Eukaryota-Cercozoa-Chlorarachniophyceae-NA-NA-Gymnochlora_sp_MMETSP0110_c16849_g1_i1.p1                                                          63.44%    passed     17.96%
  55  Eukaryota-Cercozoa-Chlorarachniophyceae-NA-NA-Lotharella_globosa_MMETSP0041_c12342_g1_i1.p1                                                      58.79%    passed     58.89%
  56  Eukaryota-Chlorophyta-Chlorophyceae-Chlamydomonadales-Chlamydomonadaceae-Chlamydomonas_leiostraca_MMETSP1391_c16466_g1_i1.p1                     60.08%    passed     33.63%
  57  Eukaryota-Chlorophyta-Chlorophyceae-Chlamydomonadales-Dunaliellaceae-Dunaliella_tertiolecta_MMETSP1126_c8943_g1_i1.p1                            57.62%    passed     13.60%
  58  Eukaryota-Chlorophyta-Chlorophyceae-Chlamydomonadales-Volvocaceae-Volvox_carteri_XP_002956910.1                                                  60.72%    passed     35.56%
  59  Eukaryota-Chlorophyta-NA-NA-NA-Pterosperma_sp_MMETSP1438_c32713_g1_i1.p1                                                                         60.21%    passed     82.03%
  60  Eukaryota-Choanoflagellata-Choanoflagellata-Choanoflagellata-NA-Acanthoeca_sp_MMETSP0105_c1468_g1_i1.p1                                          63.57%    passed     43.55%
  61  Eukaryota-Choanoflagellata-Choanoflagellata-Choanoflagellata-Salpingoecidae-Monosiga_brevicollis_XP_001744766.1                                  63.82%    failed      4.86%
  62  Eukaryota-Choanoflagellata-Choanoflagellata-Choanoflagellata-Salpingoecidae-Salpingoeca_rosetta_XP_004991997.1                                   67.05%    passed     23.76%
  63  Eukaryota-Chromeraceae-NA-NA-NA-Chromera_velia_MMETSP0290_c49553_g1_i1.p1                                                                        58.53%    passed     39.56%
  64  Eukaryota-Chromeraceae-NA-NA-NA-Vitrella_brassicaformis_MMETSP1451_c28833_g1_i1.p1                                                               78.81%    passed     22.17%
  65  Eukaryota-Chytridiomycota-Chytridiomycetes-Rhizophydiales-NA-Batrachochytrium_dendrobatidis_jgi11553                                             66.02%    passed     76.99%
  66  Eukaryota-Chytridiomycota-Chytridiomycetes-Spizellomycetales-Spizellomycetaceae-Spizellomyces_punctatus_XP_016610595.1                           66.80%    passed     98.50%
  67  Eukaryota-Ciliophora-NA-Unranked-NA-Mesodinium_pulex_MMETSP0467_c82900_g1_i1.p2                                                                  61.63%    passed     39.43%
  68  Eukaryota-Ciliophora-NA-Unranked-NA-Myrionecta_rubra_MMETSP0798_c55351_g1_i1.p1                                                                  64.34%    passed     29.17%
  69  Eukaryota-Ciliophora-NA-Unranked-NA-Strombidinopsis_acuminatum_MMETSP0126_c79426_g1_i1.p1                                                        61.89%    passed      9.82%
  70  Eukaryota-Ciliophora-NA-Unranked-NA-Tiarina_fusus_MMETSP0472_c162_g1_i1.p1                                                                       75.32%    passed     92.38%
  71  Eukaryota-Cnidaria-Anthozoa-Scleractinia-Merulinidae-Orbicella_faveolata_XP_020603866.1                                                          64.73%    passed     90.24%
  72  Eukaryota-Cnidaria-Anthozoa-Scleractinia-Pocilloporidae-Pocillopora_damicornis_XP_027060523.1                                                    64.73%    passed     94.22%
  73  Eukaryota-Cnidaria-Anthozoa-Scleractinia-Pocilloporidae-Stylophora_pistillata_XP_022805735.1                                                     66.02%    passed     94.24%
  74  Eukaryota-Cryptophyta-NA-Cryptomonadales-Cryptomonadaceae-Cryptomonas_paramecium_MMETSP0038_c20289_g1_i1.p1                                      64.73%    passed     74.13%
  75  Eukaryota-Cryptophyta-NA-Cryptomonadales-NA-Hanusia_phi_MMETSP1048_c12371_g1_i1.p1                                                               64.47%    passed     92.69%
  76  Eukaryota-Cryptophyta-NA-Pyrenomonadales-Chroomonadaceae-Chroomonas_mesostigmaticacf_MMETSP0047_c37192_g1_i1.p1                                  63.44%    passed     99.33%
  77  Eukaryota-Cryptophyta-NA-Pyrenomonadales-Geminigeraceae-Guillardia_theta_CCMP2712_jgi85755                                                       64.47%    passed     99.19%
  78  Eukaryota-Euglenida-NA-Eutreptiales-NA-Eutreptiella_gymnastica-like_MMETSP0809_c29166_g1_i1.p1                                                   61.37%    passed     92.19%
  79  Eukaryota-Glaucophyta-Glaucophyta-Gloeochaetales-Gloeochaetaceae-Gloeochaete_wittrockiana_MMETSP1089_c49751_g1_i1.p1                             71.58%    passed     87.65%
  80  Eukaryota-Glaucophyta-Glaucophyta-NA-Cyanophoraceae-Cyanophora_paradoxa_tig00020592_g11637.t1                                                    52.84%    failed      0.00%
  81  Eukaryota-Glaucophyta-Glaucophyta-NA-NA-Cyanoptyche_gloeocystis_MMETSP1086_c6830_g1_i1.p1                                                        57.88%    passed     19.80%
  82  Eukaryota-Haptophyta-NA-Phaeocystales-Phaeocystaceae-Phaeocystis_antarctica_MMETSP1100_c9311_g1_i1.p1                                            64.60%    passed     59.62%
  83  Eukaryota-Haptophyta-NA-Prymnesiales-NA-Chrysochromulina_rotalis_MMETSP0287_c29984_g1_i1.p1                                                      58.91%    passed     25.91%
  84  Eukaryota-Haptophyta-NA-Prymnesiales-NA-Prymnesium_parvum_MMETSP0006_c11643_g1_i1.p2                                                             66.54%    passed     60.78%
  85  Eukaryota-Haptophyta-NA-Unranked-NA-Exanthemachrysis_gayraliae_MMETSP1464_c1191_g1_i1.p2                                                         64.47%    passed     55.98%
  86  Eukaryota-Mesomycetozoea-Ichthyosporea-Ichthyophonida-NA-Sphaeroforma_arctica_XP_014157354.1                                                     66.02%    passed     69.28%
  87  Eukaryota-Mesomycetozoea-Ichthyosporea-NA-NA-Capsaspora_owczarzaki_XP_004364926.2                                                                65.76%    passed     94.76%
  88  Eukaryota-Mucorales-Mucoraceae-Undefined-Undefined-Mucor_circinelloides_jgi75350                                                                 66.93%    passed     42.04%
  89  Eukaryota-Mucoromycota-Glomeromycetes-Glomerales-Glomeraceae-Rhizophagus_irregularis_XP_025170552.1                                              66.80%    failed      1.05%
  90  Eukaryota-Mucoromycota-Mortierellomycetes-Mortierellales-Mortierellaceae-Lobosporangium_transversale_XP_021883542.1                              65.76%    passed     99.05%
  91  Eukaryota-Mucoromycota-Mucoromycetes-Mucorales-Phycomycetaceae-Phycomyces_blakesleeanus_jgi25258                                                 66.93%    passed     63.02%
  92  Eukaryota-Mucoromycota-Mucoromycetes-Mucorales-Rhizopodaceae-Rhizopus_microsporus_XP_023464014.1                                                 66.93%    passed     60.73%
  93  Eukaryota-Rhodophyta-Bangiophyceae-Cyanidiales-Cyanidiaceae-Cyanidioschyzon_merolae_CmerSOOS_G2748.1                                             66.54%    passed     24.51%
  94  Eukaryota-Rhodophyta-Bangiophyceae-NA-NA-Rhodosorus_marinus_MMETSP0315_c5791_g1_i1.p1                                                            63.57%    passed     94.00%
  95  Eukaryota-Rhodophyta-Compsopogonophyceae-Compsopogonales-Compsopogonaceae-Compsopogon_coeruleus_MMETSP0312_c1793_g1_i1.p2                        60.47%    passed     83.33%
  96  Eukaryota-Rhodophyta-Porphyridiophyceae-NA-NA-Timspurckia_oligopyrenoides_MMETSP1172_c7724_g1_i1.p1                                              57.49%    failed      0.00%
  97  Eukaryota-Stramenopiles-Coscinodiscophyceae-Chaetocerotales-Chaetocerotaceae-Chaetoceros_affinis_MMETSP0090_c2824_g1_i1.p1                       65.50%    passed     71.80%
  98  Eukaryota-Stramenopiles-Labyrinthista-NA-NA-Aplanochytrium_sp_MMETSP0954_c5774_g1_i1.p4                                                          59.82%    passed     24.67%
  99  Eukaryota-Stramenopiles-Labyrinthista-NA-NA-Thraustochytrium_sp_MMETSP0199_c17716_g1_i1.p1                                                       54.52%    passed     40.41%
 100  Eukaryota-Stramenopiles-Labyrinthulomycetes-Unranked-Unranked-Aplanochytrium_kerguelense_jgi105549                                               59.82%    passed     24.67%
 101  Eukaryota-Streptophyta-Liliopsida-Asparagales-Asparagaceae-Asparagus_officinalis_XP_020241208.1                                                  56.98%    passed     27.40%
 102  Eukaryota-Streptophyta-Liliopsida-Poales-Poaceae-Oryza_sativa_XP_015639697.1                                                                     60.85%    passed     77.03%
 103  Eukaryota-Streptophyta-NA-Asterales-Asteraceae-Helianthus_annuus_XP_022027445.1                                                                  59.30%    passed     94.36%
 104  Eukaryota-Streptophyta-NA-Fabales-Fabaceae-Lupinus_angustifolius_XP_019442988.1                                                                  59.95%    passed     78.53%
 105  MSTRG.7507.1.p1                                                                                                                                  25.06%    failed      0.14%
 106  Paulinella_chromatophora_CCAC0185_nuclear___scaffold4966-m45228                                                                                  32.56%    passed     11.25%
 107  Paulinella_ovalis_nuclear_SingleCell___SAG1_utg7180000013013.g6029.t1                                                                            83.46%    passed     72.03%
WARNING: 105 sequences contain more than 50% gaps/ambiguity
****  TOTAL                                                                                                                                            64.27%  18 sequences failed composition chi2 test (p-value<5%; df=19)
NOTE: Eukaryota-Stramenopiles-Labyrinthulomycetes-Unranked-Unranked-Aplanochytrium_kerguelense_jgi105549 is identical to Eukaryota-Stramenopiles-Labyrinthista-NA-NA-Aplanochytrium_sp_MMETSP0954_c5774_g1_i1.p4 but kept for subsequent analysis

Create initial parsimony tree by phylogenetic likelihood library (PLL)... 0.026 seconds
Generating 2000 samples for ultrafast bootstrap (seed: 343369)...

NOTE: 82 MB RAM (0 GB) is required!
Measuring multi-threading efficiency up to 6 CPU cores
Increase to 10 rounds for branch lengths
3 trees examined
Threads: 1 / Time: 6.725 sec / Speedup: 1.000 / Efficiency: 100% / LogL: -44473
Threads: 2 / Time: 3.069 sec / Speedup: 2.191 / Efficiency: 110% / LogL: -44473
Threads: 3 / Time: 3.010 sec / Speedup: 2.234 / Efficiency: 74% / LogL: -44473
Threads: 4 / Time: 1.931 sec / Speedup: 3.483 / Efficiency: 87% / LogL: -44473
Threads: 5 / Time: 1.893 sec / Speedup: 3.552 / Efficiency: 71% / LogL: -44473
Threads: 6 / Time: 1.412 sec / Speedup: 4.762 / Efficiency: 79% / LogL: -44473
BEST NUMBER OF THREADS: 6

Estimate model parameters (epsilon = 0.100)
1. Initial log-likelihood: -39417.385
2. Current log-likelihood: -37315.591
3. Current log-likelihood: -37287.094
4. Current log-likelihood: -37286.009
5. Current log-likelihood: -37284.709
6. Current log-likelihood: -37282.922
7. Current log-likelihood: -37281.388
8. Current log-likelihood: -37280.476
9. Current log-likelihood: -37280.089
10. Current log-likelihood: -37279.957
Optimal log-likelihood: -37279.830
Site proportion and rates:  (0.134,0.051) (0.118,0.189) (0.049,0.312) (0.057,0.536) (0.087,0.536) (0.233,1.061) (0.322,1.962)
Parameters optimization took 10 rounds (10.258 sec)
Computing ML distances based on estimated model parameters... 5.167 sec
Computing BIONJ tree...
0.005 seconds
Log-likelihood of BIONJ tree: -37114.707
--------------------------------------------------------------------
|             INITIALIZING CANDIDATE TREE SET                      |
--------------------------------------------------------------------
Generating 98 parsimony trees... 3.363 second
Computing log-likelihood of 98 initial trees ... 10.861 seconds
Current best score: -37114.707

Do NNI search on 20 best initial trees
Estimate model parameters (epsilon = 0.100)
BETTER TREE FOUND at iteration 1: -37052.354
Estimate model parameters (epsilon = 0.100)
BETTER TREE FOUND at iteration 2: -36987.034
Iteration 10 / LogL: -37012.655 / Time: 0h:1m:5s
Estimate model parameters (epsilon = 0.100)
BETTER TREE FOUND at iteration 11: -36967.288
Iteration 20 / LogL: -37042.419 / Time: 0h:1m:19s
Finish initializing candidate tree set (20)
Current best tree score: -36967.288 / CPU time: 44.592
Number of iterations: 20
--------------------------------------------------------------------
|               OPTIMIZING CANDIDATE TREE SET                      |
--------------------------------------------------------------------
Estimate model parameters (epsilon = 0.100)
BETTER TREE FOUND at iteration 26: -36962.238
Iteration 30 / LogL: -36973.400 / Time: 0h:1m:33s (0h:4m:58s left)
Estimate model parameters (epsilon = 0.100)
BETTER TREE FOUND at iteration 32: -36960.086
Estimate model parameters (epsilon = 0.100)
BETTER TREE FOUND at iteration 38: -36956.749
Iteration 40 / LogL: -36962.131 / Time: 0h:1m:46s (0h:4m:20s left)
Iteration 50 / LogL: -36958.386 / Time: 0h:1m:59s (0h:3m:29s left)
Log-likelihood cutoff on original alignment: -37072.892
Estimate model parameters (epsilon = 0.100)
BETTER TREE FOUND at iteration 54: -36954.329
Iteration 60 / LogL: -36956.960 / Time: 0h:2m:13s (0h:3m:27s left)
Estimate model parameters (epsilon = 0.100)
BETTER TREE FOUND at iteration 61: -36948.169
Estimate model parameters (epsilon = 0.100)
BETTER TREE FOUND at iteration 64: -36946.284
Estimate model parameters (epsilon = 0.100)
BETTER TREE FOUND at iteration 70: -36941.512
Iteration 70 / LogL: -36941.512 / Time: 0h:2m:26s (0h:3m:27s left)
Estimate model parameters (epsilon = 0.100)
BETTER TREE FOUND at iteration 72: -36940.149
Estimate model parameters (epsilon = 0.100)
BETTER TREE FOUND at iteration 74: -36927.817
Iteration 80 / LogL: -36948.355 / Time: 0h:2m:39s (0h:3m:6s left)
Estimate model parameters (epsilon = 0.100)
BETTER TREE FOUND at iteration 88: -36927.507
Estimate model parameters (epsilon = 0.100)
BETTER TREE FOUND at iteration 90: -36927.391
Iteration 90 / LogL: -36927.391 / Time: 0h:2m:49s (0h:3m:7s left)
Iteration 100 / LogL: -36927.952 / Time: 0h:3m:0s (0h:2m:41s left)
Log-likelihood cutoff on original alignment: -37063.919
NOTE: Bootstrap correlation coefficient of split occurrence frequencies: 0.937
NOTE: UFBoot does not converge, continue at least 100 more iterations
Estimate model parameters (epsilon = 0.100)
BETTER TREE FOUND at iteration 101: -36927.223
Iteration 110 / LogL: -36927.842 / Time: 0h:3m:11s (0h:2m:37s left)
Estimate model parameters (epsilon = 0.100)
UPDATE BEST LOG-LIKELIHOOD: -36927.130
Estimate model parameters (epsilon = 0.100)
BETTER TREE FOUND at iteration 119: -36927.085
BETTER TREE FOUND at iteration 120: -36927.085
Iteration 120 / LogL: -36927.085 / Time: 0h:3m:22s (0h:2m:47s left)
Estimate model parameters (epsilon = 0.100)
BETTER TREE FOUND at iteration 123: -36926.814
Iteration 130 / LogL: -36932.145 / Time: 0h:3m:33s (0h:2m:31s left)
Iteration 140 / LogL: -36927.096 / Time: 0h:3m:43s (0h:2m:11s left)
Iteration 150 / LogL: -36929.239 / Time: 0h:3m:53s (0h:1m:52s left)
Log-likelihood cutoff on original alignment: -37063.919
Estimate model parameters (epsilon = 0.100)
BETTER TREE FOUND at iteration 153: -36926.637
Iteration 160 / LogL: -36927.031 / Time: 0h:4m:5s (0h:2m:21s left)
Iteration 170 / LogL: -36930.827 / Time: 0h:4m:15s (0h:2m:4s left)
Estimate model parameters (epsilon = 0.100)
BETTER TREE FOUND at iteration 175: -36926.589
Iteration 180 / LogL: -36926.649 / Time: 0h:4m:26s (0h:2m:19s left)
Iteration 190 / LogL: -36935.097 / Time: 0h:4m:37s (0h:2m:3s left)
BETTER TREE FOUND at iteration 199: -36926.583
Iteration 200 / LogL: -36926.988 / Time: 0h:4m:47s (0h:2m:21s left)
Log-likelihood cutoff on original alignment: -37063.919
NOTE: Bootstrap correlation coefficient of split occurrence frequencies: 0.993
Iteration 210 / LogL: -36926.817 / Time: 0h:4m:58s (0h:2m:7s left)
Iteration 220 / LogL: -36929.855 / Time: 0h:5m:8s (0h:1m:51s left)
Iteration 230 / LogL: -36926.588 / Time: 0h:5m:18s (0h:1m:36s left)
Iteration 240 / LogL: -36926.753 / Time: 0h:5m:28s (0h:1m:21s left)
Iteration 250 / LogL: -36930.843 / Time: 0h:5m:38s (0h:1m:7s left)
Log-likelihood cutoff on original alignment: -37063.919
Iteration 260 / LogL: -36927.090 / Time: 0h:5m:48s (0h:0m:53s left)
Estimate model parameters (epsilon = 0.100)
BETTER TREE FOUND at iteration 267: -36926.408
Iteration 270 / LogL: -36941.610 / Time: 0h:5m:59s (0h:2m:8s left)
Iteration 280 / LogL: -36935.447 / Time: 0h:6m:10s (0h:1m:54s left)
Iteration 290 / LogL: -36933.756 / Time: 0h:6m:20s (0h:1m:40s left)
Iteration 300 / LogL: -36941.758 / Time: 0h:6m:31s (0h:1m:27s left)
Log-likelihood cutoff on original alignment: -37063.919
NOTE: Bootstrap correlation coefficient of split occurrence frequencies: 0.997
Iteration 310 / LogL: -36934.947 / Time: 0h:6m:41s (0h:1m:56s left)
Iteration 320 / LogL: -36935.045 / Time: 0h:6m:52s (0h:1m:42s left)
Iteration 330 / LogL: -36928.044 / Time: 0h:7m:2s (0h:1m:29s left)
Iteration 340 / LogL: -36939.635 / Time: 0h:7m:12s (0h:1m:16s left)
Iteration 350 / LogL: -36933.613 / Time: 0h:7m:23s (0h:1m:3s left)
Log-likelihood cutoff on original alignment: -37063.919
Iteration 360 / LogL: -36926.889 / Time: 0h:7m:34s (0h:0m:50s left)
TREE SEARCH COMPLETED AFTER 368 ITERATIONS / Time: 0h:7m:42s

--------------------------------------------------------------------
|                    FINALIZING TREE SEARCH                        |
--------------------------------------------------------------------
Performs final model parameters optimization
Estimate model parameters (epsilon = 0.010)
1. Initial log-likelihood: -36926.408
Optimal log-likelihood: -36926.408
Site proportion and rates:  (0.136,0.048) (0.104,0.181) (0.070,0.324) (0.130,0.568) (0.060,0.864) (0.157,1.171) (0.343,1.874)
Parameters optimization took 1 rounds (0.143 sec)
BEST SCORE FOUND : -36926.408
Creating bootstrap support values...
Split supports printed to NEXUS file K01814.blastp_ALL.outfmt6.parsed.filtered.uniq.faa.mafft.aln.splits.nex
Total tree length: 86.036

Total number of iterations: 368
CPU time used for tree search: 2535.375 sec (0h:42m:15s)
Wall-clock time used for tree search: 427.761 sec (0h:7m:7s)
Total CPU time used: 2823.457 sec (0h:47m:3s)
Total wall-clock time used: 462.924 sec (0h:7m:42s)

Computing bootstrap consensus tree...
Reading input file K01814.blastp_ALL.outfmt6.parsed.filtered.uniq.faa.mafft.aln.splits.nex...
107 taxa and 1124 splits.
Consensus tree written to K01814.blastp_ALL.outfmt6.parsed.filtered.uniq.faa.mafft.aln.contree
Reading input trees file K01814.blastp_ALL.outfmt6.parsed.filtered.uniq.faa.mafft.aln.contree
Log-likelihood of consensus tree: -36927.172

Analysis results written to: 
  IQ-TREE report:                K01814.blastp_ALL.outfmt6.parsed.filtered.uniq.faa.mafft.aln.iqtree
  Maximum-likelihood tree:       K01814.blastp_ALL.outfmt6.parsed.filtered.uniq.faa.mafft.aln.treefile
  Likelihood distances:          K01814.blastp_ALL.outfmt6.parsed.filtered.uniq.faa.mafft.aln.mldist

Ultrafast bootstrap approximation results written to:
  Split support values:          K01814.blastp_ALL.outfmt6.parsed.filtered.uniq.faa.mafft.aln.splits.nex
  Consensus tree:                K01814.blastp_ALL.outfmt6.parsed.filtered.uniq.faa.mafft.aln.contree
  Screen log file:               K01814.blastp_ALL.outfmt6.parsed.filtered.uniq.faa.mafft.aln.log

Date and Time: Fri Jan 14 01:21:48 2022
