IQ-TREE multicore version 1.6.12 for Linux 64-bit built Aug 15 2019
Developed by Bui Quang Minh, Nguyen Lam Tung, Olga Chernomor,
Heiko Schmidt, Dominik Schrempf, Michael Woodhams.

Host:    coral (AVX512, FMA3, 376 GB RAM)
Command: /home/timothy/programs/iqtree-1.6.12-Linux/bin/iqtree -s K00609.blastp_ALL.outfmt6.parsed.filtered.uniq.faa.mafft.aln -nt AUTO -ntmax 2 -m MFP -bb 2000 -quiet
Seed:    902477 (Using SPRNG - Scalable Parallel Random Number Generator)
Time:    Wed May 26 02:53:37 2021
Kernel:  AVX+FMA - auto-detect threads (96 CPU cores detected)

Reading alignment file K00609.blastp_ALL.outfmt6.parsed.filtered.uniq.faa.mafft.aln ... Fasta format detected
Alignment most likely contains protein sequences
Alignment has 103 sequences with 3838 columns, 3213 distinct patterns
1909 parsimony-informative, 875 singleton sites, 1054 constant sites
                                                                                                                                                Gap/Ambiguity  Composition  p-value
   1  Archaea-CandidatusBathyarchaeota-NA-NA-NA-Candidatus_Bathyarchaeota_archaeon_WP_116577612.1                                                      92.03%    passed     55.07%
   2  Archaea-CandidatusKorarchaeota-NA-NA-NA-Candidatus_Methanodesulfokores_washburnensis_WP_125672971.1                                              92.11%    passed     12.33%
   3  Archaea-Crenarchaeota-Thermoprotei-Acidilobales-Acidilobaceae-Acidilobus_saccharovorans_WP_048812820.1                                           91.90%    failed      0.18%
   4  Archaea-Crenarchaeota-Thermoprotei-Sulfolobales-Sulfolobaceae-Sulfolobus_sp._A20_WP_069282163.1                                                  92.16%    passed      6.93%
   5  Archaea-Euryarchaeota-Methanomicrobia-Methanocellales-Methanocellaceae-Methanocella_paludicola_WP_012901741.1                                    91.95%    passed      8.02%
   6  Archaea-Euryarchaeota-Methanomicrobia-Methanosarcinales-CandidatusMethanoperedenaceae-Candidatus_Methanoperedens_nitroreducens_WP_048088669.1    92.13%    failed      4.14%
   7  Archaea-NA-NA-NA-NA-anaerobic_archaeon_MKD1_WP_147664845.1                                                                                       92.00%    failed      0.07%
   8  Archaea-NA-NA-NA-NA-archaeon_AArcSl_WP_119815301.1                                                                                               92.00%    failed      0.31%
   9  Archaea-Thaumarchaeota-NA-Nitrosopumilales-Nitrosopumilaceae-Nitrosopumilaceae_archaeon_WP_129916769.1                                           92.05%    failed      0.06%
  10  Archaea-Thaumarchaeota-Nitrososphaeria-Nitrososphaerales-Nitrososphaeraceae-Nitrososphaera_viennensis_WP_075055150.1                             91.90%    passed     26.67%
  11  Bacteria-Acidobacteria-Acidobacteriia-Acidobacteriales-Acidobacteriaceae-Candidatus_Sulfotelmatobacter_kueseliae_WP_106807121.1                  91.69%    failed      2.12%
  12  Bacteria-Acidobacteria-Acidobacteriia-NA-NA-Acidobacteriia_bacterium_SbA2_WP_105313561.1                                                         92.03%    passed     57.29%
  13  Bacteria-Actinobacteria-Actinobacteria-Micrococcales-Microbacteriaceae-Humibacter_sp._WJ71_WP_146319765.1                                        88.98%    failed      0.00%
  14  Bacteria-Actinobacteria-Actinobacteria-Micrococcales-Microbacteriaceae-Microbacterium_sorbitolivorans_WP_114116734.1                             88.98%    failed      0.00%
  15  Bacteria-Bacteroidetes-Bacteroidia-Bacteroidales-Muribaculaceae-Duncaniella_sp._TLLA3_WP_135470182.1                                             92.03%    passed     25.64%
  16  Bacteria-Bacteroidetes-Bacteroidia-Bacteroidales-Prevotellaceae-Prevotella_amnii_WP_008446953.1                                                  91.79%    failed      0.94%
  17  Bacteria-CandidatusKryptonia-NA-NA-NA-Candidatus_Kryptonium_thompsoni_WP_047133790.1                                                             92.00%    passed     30.30%
  18  Bacteria-Chloroflexi-Thermomicrobia-Sphaerobacterales-Sphaerobacteraceae-Nitrolancea_hollandica_WP_008476788.1                                   91.95%    failed      0.01%
  19  Bacteria-Chloroflexi-Thermomicrobia-Sphaerobacterales-Sphaerobacteraceae-Sphaerobacter_thermophilus_WP_148219949.1                               91.95%    failed      0.03%
  20  Bacteria-Firmicutes-Bacilli-Bacillales-Alicyclobacillaceae-Effusibacillus_pohliae_WP_018132396.1                                                 91.92%    passed     16.34%
  21  Bacteria-Firmicutes-Bacilli-Bacillales-Paenibacillaceae-Cohnella_phaseoli_WP_116064660.1                                                         91.90%    passed     12.38%
  22  Bacteria-Fusobacteria-Fusobacteriia-Fusobacteriales-Fusobacteriaceae-Fusobacterium_necrophorum_WP_035933755.1                                    92.16%    passed     12.32%
  23  Bacteria-Fusobacteria-Fusobacteriia-Fusobacteriales-Fusobacteriaceae-NA_WP_008801762.1                                                           92.16%    passed     18.98%
  24  Bacteria-NA-NA-NA-NA-bacterium_JKG1_WP_029214713.1                                                                                               91.43%    passed     26.54%
  25  Bacteria-NA-NA-NA-NA-NA_WP_135891705.1                                                                                                           88.80%    failed      4.20%
  26  Bacteria-Planctomycetes-CandidatusBrocadiae-CandidatusBrocadiales-CandidatusBrocadiaceae-Candidatus_Brocadiaceae_bacterium_B188_WP_146327244.1   91.97%    passed     80.72%
  27  Bacteria-Proteobacteria-Deltaproteobacteria-Desulfobacterales-Desulfobacteraceae-Desulfococcus_multivorans_WP_020877465.1                        91.84%    passed     16.10%
  28  Bacteria-Proteobacteria-Deltaproteobacteria-Desulfobacterales-Desulfobulbaceae-Desulfopila_sp._IMCC35006_WP_136815609.1                          91.87%    passed     48.81%
  29  Bacteria-Spirochaetes-Spirochaetia-Leptospirales-Leptospiraceae-Leptonema_illini_WP_002772635.1                                                  91.82%    passed     22.96%
  30  Bacteria-Spirochaetes-Spirochaetia-Leptospirales-Leptospiraceae-Leptospira_noguchii_WP_004422071.1                                               91.97%    passed     59.05%
  31  Bacteria-Verrucomicrobia-Verrucomicrobiae-Verrucomicrobiales-Rubritaleaceae-Rubritalea_marina_WP_018970309.1                                     92.21%    passed     70.42%
  32  Eukaryota-Acytosteliales-Acytosteliales-Acytosteliales-Acytosteliaceae-Acytostelium_subglobosum_XP_012755643.1                                   32.70%    passed     15.88%
  33  Eukaryota-Acytosteliales-Acytosteliales-Acytosteliales-Cavenderiaceae-Cavenderia_fasciculata_XP_004361697.1                                      42.13%    failed      0.64%
  34  Eukaryota-Alveolata-Dinophyceae-NA-Unranked-Karlodinium_micrum_MMETSP1015_c2136_g1_i1.p1                                                         90.44%    passed     25.63%
  35  Eukaryota-Alveolata-Dinophyceae-NA-Unranked-Pelagodinium_bii_MMETSP1338_c5148_g1_i1.p1                                                           90.44%    passed      9.18%
  36  Eukaryota-Amoebozoa-NA-NA-Paramoebidae-Mayorella_sp_MMETSP0417_c4575_g2_i1.p1                                                                    49.48%    failed      0.00%
  37  Eukaryota-Amoebozoa-NA-NA-Paramoebidae-Stygamoeba_regulata_MMETSP0447_c7087_g1_i3.p1                                                             39.89%    failed      0.00%
  38  Eukaryota-Annelida-Clitellata-Hirudinida-Glossiphoniidae-Helobdella_robusta_jgi186717                                                            43.41%    failed      0.55%
  39  Eukaryota-Apicomplexa-Aconoidasida-Piroplasmida-Babesiidae-Babesia_ovata_XP_028867441.1                                                          90.05%    passed     80.74%
  40  Eukaryota-Apicomplexa-NA-Unranked-NA-Alveolata_sp_MMETSP0288_c162_g1_i1.p1                                                                       90.23%    passed     88.01%
  41  Eukaryota-Arthropoda-Arachnida-Araneae-Theridiidae-Parasteatoda_tepidariorum_XP_021003830.1                                                      39.50%    failed      0.46%
  42  Eukaryota-Arthropoda-Arachnida-Mesostigmata-Phytoseiidae-Galendromus_occidentalis_XP_003739459.1                                                 42.37%    passed     96.74%
  43  Eukaryota-Ascomycota-Eurotiomycetes-Onygenales-Arthrodermataceae-Nannizzia_gypsea_XP_003176028.1                                                 40.93%    passed      9.91%
  44  Eukaryota-Ascomycota-Saccharomycetes-Saccharomycetales-Trichomonascaceae-Wickerhamiella_sorbophila_XP_024666459.1                                42.31%    passed     15.77%
  45  Eukaryota-Basidiomycota-Agaricomycetes-Agaricales-Schizophyllaceae-Schizophyllum_commune_XP_003030885.1                                          42.39%    passed     35.84%
  46  Eukaryota-Basidiomycota-Malasseziomycetes-Malasseziales-Malasseziaceae-Malassezia_restricta_XP_027486380.1                                       41.01%    failed      0.00%
  47  Eukaryota-Brachiopoda-Lingulata-Lingulida-Lingulidae-Lingula_anatina_XP_013406337.1                                                              40.62%    passed     45.69%
  48  Eukaryota-Cercozoa-Chlorarachniophyceae-NA-NA-Gymnochlora_sp_MMETSP0110_c9873_g1_i1.p1                                                           91.71%    failed      2.29%
  49  Eukaryota-Cercozoa-NA-Euglyphida-Paulinellidae-Paulinella_chromatophora_scaffold7938-size1487_m.62292                                            87.49%    passed     42.72%
  50  Eukaryota-Chlorophyta-Chlorophyceae-Chlamydomonadales-Chlamydomonadaceae-Chlamydomonas_chlamydogama_MMETSP1392_c30124_g1_i1.p1                   90.80%    passed     60.45%
  51  Eukaryota-Chlorophyta-Nephroselmidophyceae-NA-NA-Nephroselmis_pyriformis_MMETSP0034_c31398_g1_i1.p1                                              89.58%    passed      8.60%
  52  Eukaryota-Choanoflagellata-Choanoflagellata-Choanoflagellata-Salpingoecidae-Monosiga_brevicollis_XP_001746804.1                                  49.97%    passed     58.76%
  53  Eukaryota-Choanoflagellata-Choanoflagellata-Choanoflagellata-Salpingoecidae-Salpingoeca_rosetta_XP_004995659.1                                   43.41%    failed      0.38%
  54  Eukaryota-Chordata-Actinopteri-Blenniiformes-Blenniidae-Salarias_fasciatus_XP_029966027.1                                                        42.29%    failed      3.65%
  55  Eukaryota-Chordata-Actinopteri-Clupeiformes-Denticipitidae-Denticeps_clupeoides_XP_028858688.1                                                   41.69%    passed     65.80%
  56  Eukaryota-Chromeraceae-NA-NA-NA-Chromera_velia_MMETSP0290_c39538_g1_i1.p1                                                                        93.56%    passed     43.68%
  57  Eukaryota-Chromeraceae-NA-NA-NA-Vitrella_brassicaformis_MMETSP1451_c2232_g3_i1.p1                                                                90.26%    passed     85.93%
  58  Eukaryota-Chytridiomycota-Chytridiomycetes-Rhizophydiales-NA-Batrachochytrium_dendrobatidis_jgi29998                                             44.22%    failed      4.19%
  59  Eukaryota-Chytridiomycota-Chytridiomycetes-Spizellomycetales-Spizellomycetaceae-Spizellomyces_punctatus_XP_016604812.1                           41.19%    passed     16.58%
  60  Eukaryota-Ciliophora-NA-Unranked-NA-Litonotus_pictus_MMETSP0209_c25776_g1_i1.p1                                                                  91.84%    passed     13.34%
  61  Eukaryota-Ciliophora-NA-Unranked-NA-Tiarina_fusus_MMETSP0472_c113119_g1_i1.p2                                                                    90.57%    passed     30.42%
  62  Eukaryota-Cnidaria-Anthozoa-Scleractinia-Pocilloporidae-Pocillopora_damicornis_XP_027052951.1                                                    41.56%    passed     86.71%
  63  Eukaryota-Cnidaria-Anthozoa-Scleractinia-Pocilloporidae-Stylophora_pistillata_XP_022798866.1                                                     41.69%    passed     82.56%
  64  Eukaryota-Cryptophyta-NA-Pyrenomonadales-Chroomonadaceae-Chroomonas_mesostigmaticacf_MMETSP0047_c2648_g1_i1.p1                                   44.35%    passed     55.63%
  65  Eukaryota-Cryptophyta-NA-Pyrenomonadales-Pyrenomonadaceae-Rhodomonas_abbreviata_MMETSP1101_c8235_g1_i1.p1                                        69.80%    passed      7.94%
  66  Eukaryota-Dictyosteliales-Dictyosteliales-Dictyosteliales-Dictyosteliaceae-Dictyostelium_discoideum_XP_643196.1                                  42.03%    failed      0.00%
  67  Eukaryota-Echinodermata-Asteroidea-Valvatida-Acanthasteridae-Acanthaster_planci_XP_022107143.1                                                   41.77%    passed     96.09%
  68  Eukaryota-Echinodermata-Echinoidea-Echinoida-Strongylocentrotidae-Strongylocentrotus_purpuratus_XP_011667092.1                                   42.63%    passed     12.78%
  69  Eukaryota-Euglenida-NA-NA-Unranked-Neobodo_designis_MMETSP1114_c4423_g1_i1.p1                                                                    82.67%    failed      0.00%
  70  Eukaryota-Fonticulida-Fonticulida-Fonticulida-Fonticulaceae-Fonticula_alba_XP_009492289.1                                                        34.99%    failed      0.00%
  71  Eukaryota-Glaucophyta-Glaucophyta-Gloeochaetales-Gloeochaetaceae-Gloeochaete_witrockiana_MMETSP0308_c36267_g1_i1.p1                              42.99%    passed     19.24%
  72  Eukaryota-Glaucophyta-Glaucophyta-NA-NA-Cyanoptyche_gloeocystis_MMETSP1086_c741_g1_i1.p1                                                         85.70%    passed     13.43%
  73  Eukaryota-Haptophyta-NA-Phaeocystales-Phaeocystaceae-Phaeocystis_cordata_MMETSP1465_c5457_g1_i1.p1                                               90.67%    passed     21.70%
  74  Eukaryota-Haptophyta-NA-Prymnesiales-NA-Calcidiscus_leptoporus_MMETSP1334_c27742_g1_i1.p1                                                        91.32%    failed      4.35%
  75  Eukaryota-Hemichordata-Enteropneusta-NA-Harrimaniidae-Saccoglossus_kowalevskii_XP_006819567.1                                                    40.62%    passed     37.54%
  76  Eukaryota-Heterolobosea-NA-NA-Vahlkampfiidae-Naegleria_gruberi_jgi74661                                                                          91.27%    failed      0.15%
  77  Eukaryota-Kinetoplastida-Kinetoplastida-Kinetoplastida-Trypanosomatidae-Leishmania_donovani_XP_003859742.1                                       91.48%    failed      2.20%
  78  Eukaryota-Kinetoplastida-Kinetoplastida-Kinetoplastida-Trypanosomatidae-Trypanosoma_rangeli_XP_029236662.1                                       91.48%    failed      2.91%
  79  Eukaryota-Longamoebia-Longamoebia-Longamoebia-Acanthamoebidae-Acanthamoeba_castellanii_XP_004341545.1                                            40.98%    passed     60.62%
  80  Eukaryota-Mesomycetozoea-Ichthyosporea-Ichthyophonida-NA-Sphaeroforma_arctica_XP_014152790.1                                                     44.16%    passed     21.15%
  81  Eukaryota-Mesomycetozoea-Ichthyosporea-NA-NA-Capsaspora_owczarzaki_XP_004346899.2                                                                40.65%    failed      0.00%
  82  Eukaryota-Mollusca-Bivalvia-Pectinoida-Pectinidae-Mizuhopecten_yessoensis_XP_021353567.1                                                         40.75%    passed     82.13%
  83  Eukaryota-Mollusca-Cephalopoda-Octopoda-Octopodidae-Octopus_bimaculoides_XP_014788813.1                                                          40.93%    passed     51.92%
  84  Eukaryota-Mucorales-Mucoraceae-Undefined-Undefined-Mucor_circinelloides_jgi35343                                                                 42.55%    failed      0.12%
  85  Eukaryota-Mucoromycota-Mucoromycetes-Mucorales-Phycomycetaceae-Phycomyces_blakesleeanus_jgi74982                                                 44.50%    failed      0.03%
  86  Eukaryota-Mucoromycota-Mucoromycetes-Mucorales-Rhizopodaceae-Rhizopus_microsporus_XP_023466212.1                                                 40.80%    failed      1.25%
  87  Eukaryota-Nematoda-Chromadorea-Rhabditida-Rhabditidae-Caenorhabditis_briggsae_XP_002630114.1                                                     42.73%    passed     63.76%
  88  Eukaryota-Nematoda-Chromadorea-Strongylida-Ancylostomatidae-Necator_americanus_XP_013304238.1                                                    42.37%    passed     90.04%
  89  Eukaryota-Placozoa-NA-NA-Trichoplacidae-Trichoplax_adhaerens_XP_002115431.1                                                                      42.68%    passed      6.16%
  90  Eukaryota-Platyhelminthes-Trematoda-Strigeidida-Schistosomatidae-Schistosoma_mansoni_XP_018650997.1                                              41.17%    passed     25.01%
  91  Eukaryota-Porifera-Demospongiae-Haplosclerida-Niphatidae-Amphimedon_queenslandica_XP_019849014.1                                                 41.09%    passed     15.02%
  92  Eukaryota-Priapulida-Priapulimorpha-Priapulimorphida-Priapulidae-Priapulus_caudatus_XP_014663678.1                                               50.05%    passed     82.47%
  93  Eukaryota-Retaria-NA-NA-NA-Elphidium_margaritaceum_MMETSP1385_c14257_g1_i1.p1                                                                    90.57%    passed     81.90%
  94  Eukaryota-Retaria-NA-NA-NA-Sorites_sp_MMETSP0191_c25974_g1_i1.p1                                                                                 90.80%    failed      0.00%
  95  Eukaryota-Rhodophyta-Bangiophyceae-Cyanidiales-Cyanidiaceae-Galdieria_phlegrea_GphlegSOOS_G268.1                                                 34.00%    failed      0.52%
  96  Eukaryota-Rhodophyta-Bangiophyceae-Porphyridiales-Porphyridiaceae-Porphyridium_aerugineum_MMETSP0313_c3543_g1_i1.p1                              77.20%    passed     70.85%
  97  Eukaryota-Stramenopiles-Dictyochophyceae-Dictyochales-NA-Dictyocha_speculum_MMETSP1174_c9784_g1_i3.p1                                            90.18%    passed     35.81%
  98  Eukaryota-Stramenopiles-Eustigmatophyceae-Eustigmatales-Monodopsidaceae-Nannochloropsis_gaditana_XP_005856017.1                                  91.27%    passed     25.98%
  99  Eukaryota-Streptophyta-Lycopodiopsida-Selaginellales-Selaginellaceae-Selaginella_moellendorffii_XP_002987333.2                                   90.59%    passed     15.76%
 100  Eukaryota-Streptophyta-NA-Malpighiales-Euphorbiaceae-Hevea_brasiliensis_XP_021642880.1                                                           90.05%    passed     79.62%
 101  MSTRG.21874.1.p1                                                                                                                                 92.44%    passed     74.55%
 102  Viruses-Phycodnaviridae-NA-NA-NA-Only_Syngen_Nebraska_virus_5_YP_009325590.1                                                                     91.58%    passed     43.28%
 103  Viruses-Phycodnaviridae-NA-NA-NA-Paramecium_bursaria_Chlorella_virus_1_NP_048517.1                                                               91.58%    passed     28.15%
WARNING: 62 sequences contain more than 50% gaps/ambiguity
****  TOTAL                                                                                                                                            70.69%  35 sequences failed composition chi2 test (p-value<5%; df=19)


Create initial parsimony tree by phylogenetic likelihood library (PLL)... 0.518 seconds
NOTE: ModelFinder requires 539 MB RAM!
ModelFinder will test 546 protein models (sample size: 3838) ...
 No. Model         -LnL         df  AIC          AICc         BIC
Measuring multi-threading efficiency up to 2 CPU cores
3 trees examined
Threads: 1 / Time: 2.937 sec / Speedup: 1.000 / Efficiency: 100% / LogL: -191133
Threads: 2 / Time: 2.187 sec / Speedup: 1.343 / Efficiency: 67% / LogL: -191133
BEST NUMBER OF THREADS: 2

  1  Dayhoff       158159.090   203 316724.181   316746.972   317993.480
  2  Dayhoff+I     154856.940   204 310121.879   310144.901   311397.431
  3  Dayhoff+G4    146748.684   204 293905.368   293928.391   295180.920
  4  Dayhoff+I+G4  146525.505   205 293461.010   293484.265   294742.815
  5  Dayhoff+R2    149165.546   205 298741.092   298764.346   300022.897
  6  Dayhoff+R3    147196.281   207 294806.562   294830.284   296100.872
  7  Dayhoff+R4    146710.070   209 293838.141   293862.336   295144.956
  8  Dayhoff+R5    146571.750   211 293565.500   293590.173   294884.821
  9  Dayhoff+R6    146513.909   213 293453.817   293478.973   294785.644
 10  Dayhoff+R7    146478.086   215 293386.172   293411.816   294730.504
 11  Dayhoff+R8    146436.207   217 293306.414   293332.550   294663.251
 12  Dayhoff+R9    146406.200   219 293250.400   293277.033   294619.743
 13  Dayhoff+R10   146384.424   221 293210.848   293237.984   294592.696
 14  Dayhoff+F     158080.713   222 316605.425   316632.814   317993.526
 15  Dayhoff+F+I   154868.276   223 310182.552   310210.196   311576.906
 16  Dayhoff+F+G4  146454.450   223 293354.900   293382.543   294749.253
 17  Dayhoff+F+I+G4 146254.574   224 292957.149   292985.048   294357.755
 18  Dayhoff+F+R2  148849.126   224 298146.252   298174.151   299546.858
 19  Dayhoff+F+R3  146766.637   226 293985.274   294013.688   295398.386
 20  Dayhoff+F+R4  146372.720   228 293201.440   293230.375   294627.058
 21  Dayhoff+F+R5  146258.448   230 292976.897   293006.356   294415.020
 22  Dayhoff+F+R6  146221.200   232 292906.401   292936.390   294357.029
 23  Dayhoff+F+R7  146205.318   234 292878.637   292909.161   294341.770
 24  Dayhoff+F+R8  146163.707   236 292799.414   292830.478   294275.052
 25  Dayhoff+F+R9  146134.489   238 292744.979   292776.589   294233.123
 26  Dayhoff+F+R10 146114.103   240 292708.205   292740.365   294208.855
 27  mtMAM         177851.531   203 356109.062   356131.854   357378.362
 28  mtMAM+I       175090.891   204 350589.782   350612.804   351865.334
 29  mtMAM+G4      156429.313   204 313266.627   313289.649   314542.179
 30  mtMAM+I+G4    156381.607   205 313173.214   313196.469   314455.019
 31  mtMAM+R2      160203.085   205 320816.169   320839.423   322097.974
 32  mtMAM+R3      157608.140   207 315630.280   315654.002   316924.590
 33  mtMAM+R4      156915.840   209 314249.681   314273.876   315556.496
 34  mtMAM+R5      156558.845   211 313539.689   313564.362   314859.010
 35  mtMAM+R6      156356.740   213 313139.480   313164.636   314471.307
 36  mtMAM+R7      156305.604   215 313041.207   313066.851   314385.539
 37  mtMAM+R8      156172.564   217 312779.127   312805.263   314135.964
 38  mtMAM+R9      156072.637   219 312583.273   312609.907   313952.616
 39  mtMAM+R10     156006.111   221 312454.222   312481.358   313836.070
 40  mtMAM+F       168953.679   222 338351.359   338378.748   339739.460
 41  mtMAM+F+I     165907.381   223 332260.761   332288.405   333655.115
 42  mtMAM+F+G4    151054.128   223 302554.255   302581.899   303948.609
 43  mtMAM+F+I+G4  150996.690   224 302441.380   302469.279   303841.986
 44  mtMAM+F+R2    154304.002   224 309056.004   309083.904   310456.611
 45  mtMAM+F+R3    152054.132   226 304560.263   304588.678   305973.375
 46  mtMAM+F+R4    151418.702   228 303293.404   303322.339   304719.021
 47  mtMAM+F+R5    151138.980   230 302737.960   302767.419   304176.082
 48  mtMAM+F+R6    151003.310   232 302470.619   302500.609   303921.247
 49  mtMAM+F+R7    150966.364   234 302400.727   302431.252   303863.860
 50  mtMAM+F+R8    150862.998   236 302197.996   302229.060   303673.635
 51  mtMAM+F+R9    150784.079   238 302044.157   302075.767   303532.302
 52  mtMAM+F+R10   150727.056   240 301934.112   301966.273   303434.762
 53  JTT           157427.424   203 315260.848   315283.639   316530.147
 54  JTT+I         154257.965   204 308923.930   308946.952   310199.482
 55  JTT+G4        146048.349   204 292504.698   292527.720   293780.250
 56  JTT+I+G4      145849.783   205 292109.567   292132.821   293391.371
 57  JTT+R2        148354.163   205 297118.326   297141.581   298400.131
 58  JTT+R3        146322.827   207 293059.653   293083.375   294353.963
 59  JTT+R4        145917.029   209 292252.059   292276.254   293558.874
 60  JTT+R5        145817.488   211 292056.976   292081.649   293376.297
 61  JTT+R6        145792.203   213 292010.406   292035.562   293342.233
 62  JTT+R7        145786.559   215 292003.118   292028.761   293347.450
 66  JTT+F         157562.962   222 315569.924   315597.314   316958.025
 67  JTT+F+I       154437.662   223 309321.324   309348.968   310715.678
 68  JTT+F+G4      146028.496   223 292502.992   292530.636   293897.346
 69  JTT+F+I+G4    145838.242   224 292124.485   292152.384   293525.091
 70  JTT+F+R2      148344.734   224 297137.468   297165.367   298538.074
 71  JTT+F+R3      146310.484   226 293072.969   293101.383   294486.081
 72  JTT+F+R4      145900.747   228 292257.494   292286.428   293683.111
 73  JTT+F+R5      145797.137   230 292054.274   292083.733   293492.396
 74  JTT+F+R6      145771.638   232 292007.275   292037.265   293457.903
 75  JTT+F+R7      145770.803   234 292009.607   292040.131   293472.740
 79  WAG           155189.278   203 310784.557   310807.348   312053.856
 80  WAG+I         152190.355   204 304788.710   304811.732   306064.262
 81  WAG+G4        145055.610   204 290519.219   290542.242   291794.771
 82  WAG+I+G4      144851.639   205 290113.278   290136.532   291395.083
 83  WAG+R2        147100.173   205 294610.345   294633.600   295892.150
 84  WAG+R3        145297.119   207 291008.237   291031.959   292302.547
 85  WAG+R4        144907.487   209 290232.974   290257.169   291539.789
 86  WAG+R5        144781.423   211 289984.846   290009.519   291304.167
 87  WAG+R6        144764.620   213 289955.240   289980.395   291287.066
 88  WAG+R7        144764.519   215 289959.038   289984.681   291303.370
 92  WAG+F         155108.546   222 310661.091   310688.480   312049.192
 93  WAG+F+I       152174.135   223 304794.270   304821.914   306188.624
 94  WAG+F+G4      144888.047   223 290222.093   290249.737   291616.447
 95  WAG+F+I+G4    144691.300   224 289830.600   289858.499   291231.206
 96  WAG+F+R2      146945.015   224 294338.031   294365.930   295738.637
 97  WAG+F+R3      145149.131   226 290750.262   290778.677   292163.374
 98  WAG+F+R4      144747.306   228 289950.613   289979.547   291376.230
 99  WAG+F+R5      144607.304   230 289674.607   289704.067   291112.730
100  WAG+F+R6      144598.464   232 289660.929   289690.918   291111.557
101  WAG+F+R7      144594.897   234 289657.794   289688.318   291120.927
105  cpREV         156694.413   203 313794.825   313817.617   315064.125
106  cpREV+I       153774.616   204 307957.233   307980.255   309232.785
107  cpREV+G4      146231.818   204 292871.636   292894.659   294147.189
108  cpREV+I+G4    146052.817   205 292515.633   292538.888   293797.438
109  cpREV+R2      148393.511   205 297197.023   297220.277   298478.828
110  cpREV+R3      146555.757   207 293525.513   293549.236   294819.824
111  cpREV+R4      146127.922   209 292673.844   292698.040   293980.660
112  cpREV+R5      145972.149   211 292366.298   292390.971   293685.619
113  cpREV+R6      145956.598   213 292339.195   292364.351   293671.022
114  cpREV+R7      145956.226   215 292342.453   292368.096   293686.785
118  cpREV+F       156233.480   222 312910.960   312938.350   314299.061
119  cpREV+F+I     153243.040   223 306932.080   306959.723   308326.433
120  cpREV+F+G4    145667.756   223 291781.512   291809.156   293175.866
121  cpREV+F+I+G4  145493.239   224 291434.478   291462.377   292835.084
122  cpREV+F+R2    147896.151   224 296240.302   296268.202   297640.909
123  cpREV+F+R3    146009.010   226 292470.020   292498.434   293883.132
124  cpREV+F+R4    145573.592   228 291603.185   291632.119   293028.802
125  cpREV+F+R5    145414.167   230 291288.334   291317.793   292726.456
126  cpREV+F+R6    145404.803   232 291273.605   291303.595   292724.233
127  cpREV+F+R7    145404.546   234 291277.091   291307.616   292740.224
131  mtREV         168078.620   203 336563.241   336586.032   337832.540
132  mtREV+I       165508.898   204 331425.797   331448.819   332701.349
133  mtREV+G4      153044.069   204 306496.138   306519.160   307771.690
134  mtREV+I+G4    152962.386   205 306334.771   306358.026   307616.576
135  mtREV+R2      155659.429   205 311728.858   311752.112   313010.662
136  mtREV+R3      153687.456   207 307788.912   307812.635   309083.223
137  mtREV+R4      153045.867   209 306509.734   306533.929   307816.550
138  mtREV+R5      152829.269   211 306080.538   306105.211   307399.859
139  mtREV+R6      152794.916   213 306015.832   306040.988   307347.659
140  mtREV+R7      152794.898   215 306019.796   306045.440   307364.128
144  mtREV+F       160791.143   222 322026.286   322053.675   323414.387
145  mtREV+F+I     157967.527   223 316381.053   316408.697   317775.407
146  mtREV+F+G4    147629.113   223 295704.227   295731.870   297098.580
147  mtREV+F+I+G4  147515.781   224 295479.563   295507.462   296880.169
148  mtREV+F+R2    150264.462   224 300976.925   301004.824   302377.531
149  mtREV+F+R3    148140.739   226 296733.479   296761.893   298146.591
150  mtREV+F+R4    147592.463   228 295640.927   295669.861   297066.544
151  mtREV+F+R5    147413.021   230 295286.042   295315.501   296724.165
152  mtREV+F+R6    147403.170   232 295270.341   295300.330   296720.969
153  mtREV+F+R7    147402.545   234 295273.091   295303.615   296736.224
157  rtREV         156701.152   203 313808.303   313831.095   315077.603
158  rtREV+I       153811.826   204 308031.651   308054.674   309307.203
159  rtREV+G4      145642.268   204 291692.535   291715.558   292968.087
160  rtREV+I+G4    145451.562   205 291313.124   291336.378   292594.929
161  rtREV+R2      147867.361   205 296144.722   296167.976   297426.526
162  rtREV+R3      145929.262   207 292272.524   292296.246   293566.834
163  rtREV+R4      145522.116   209 291462.232   291486.427   292769.047
164  rtREV+R5      145375.564   211 291173.129   291197.802   292492.450
165  rtREV+R6      145357.657   213 291141.315   291166.470   292473.141
166  rtREV+R7      145357.581   215 291145.162   291170.805   292489.494
170  rtREV+F       156036.436   222 312516.872   312544.261   313904.973
171  rtREV+F+I     153205.701   223 306857.403   306885.046   308251.756
172  rtREV+F+G4    144648.658   223 289743.316   289770.959   291137.669
173  rtREV+F+I+G4  144478.065   224 289404.130   289432.029   290804.736
174  rtREV+F+R2    146911.649   224 294271.298   294299.197   295671.905
175  rtREV+F+R3    144973.071   226 290398.142   290426.556   291811.254
176  rtREV+F+R4    144544.315   228 289544.631   289573.565   290970.248
177  rtREV+F+R5    144408.397   230 289276.793   289306.253   290714.916
178  rtREV+F+R6    144383.865   232 289231.731   289261.720   290682.359
179  rtREV+F+R7    144383.733   234 289235.466   289265.990   290698.599
183  mtART         173817.858   203 348041.717   348064.508   349311.016
184  mtART+I       171277.922   204 342963.845   342986.867   344239.397
185  mtART+G4      154077.885   204 308563.770   308586.793   309839.323
186  mtART+I+G4    154049.131   205 308508.261   308531.516   309790.066
187  mtART+R2      157354.315   205 315118.631   315141.885   316400.435
188  mtART+R3      155041.724   207 310497.449   310521.171   311791.759
189  mtART+R4      154336.909   209 309091.817   309116.012   310398.633
190  mtART+R5      153744.896   211 307911.793   307936.466   309231.114
191  mtART+R6      153744.878   213 307915.756   307940.911   309247.582
196  mtART+F       165313.133   222 331070.265   331097.654   332458.366
197  mtART+F+I     162493.017   223 325432.034   325459.678   326826.388
198  mtART+F+G4    148494.535   223 297435.070   297462.713   298829.423
199  mtART+F+I+G4  148447.887   224 297343.774   297371.674   298744.381
200  mtART+F+R2    151617.959   224 303683.919   303711.818   305084.525
201  mtART+F+R3    149449.069   226 299350.139   299378.553   300763.251
202  mtART+F+R4    148794.448   228 298044.895   298073.829   299470.512
203  mtART+F+R5    148275.956   230 297011.912   297041.372   298450.035
204  mtART+F+R6    148275.941   232 297015.881   297045.871   298466.509
209  mtZOA         168030.450   203 336466.899   336489.691   337736.199
210  mtZOA+I       165540.529   204 331489.058   331512.080   332764.610
211  mtZOA+G4      150576.150   204 301560.300   301583.322   302835.852
212  mtZOA+I+G4    150536.880   205 301483.760   301507.014   302765.565
213  mtZOA+R2      153240.355   205 306890.711   306913.965   308172.516
214  mtZOA+R3      151320.269   207 303054.538   303078.261   304348.849
215  mtZOA+R4      150738.242   209 301894.485   301918.680   303201.300
216  mtZOA+R5      150269.361   211 300960.721   300985.394   302280.042
217  mtZOA+R6      150269.231   213 300964.462   300989.617   302296.288
222  mtZOA+F       161935.352   222 324314.704   324342.093   325702.805
223  mtZOA+F+I     159098.454   223 318642.908   318670.552   320037.262
224  mtZOA+F+G4    146963.206   223 294372.413   294400.056   295766.766
225  mtZOA+F+I+G4  146890.295   224 294228.590   294256.490   295629.197
226  mtZOA+F+R2    149861.522   224 300171.044   300198.944   301571.651
227  mtZOA+F+R3    147669.968   226 295791.935   295820.349   297205.047
228  mtZOA+F+R4    147116.007   228 294688.015   294716.949   296113.632
229  mtZOA+F+R5    146744.520   230 293949.040   293978.499   295387.163
230  mtZOA+F+R6    146742.650   232 293949.301   293979.290   295399.929
235  VT            155303.327   203 311012.654   311035.446   312281.954
236  VT+I          152387.916   204 305183.832   305206.854   306459.384
237  VT+G4         145385.629   204 291179.259   291202.281   292454.811
238  VT+I+G4       145180.245   205 290770.490   290793.744   292052.295
239  VT+R2         147331.013   205 295072.026   295095.281   296353.831
240  VT+R3         145545.272   207 291504.544   291528.266   292798.854
241  VT+R4         145212.348   209 290842.695   290866.891   292149.511
242  VT+R5         145070.165   211 290562.331   290587.004   291881.652
243  VT+R6         145069.933   213 290565.866   290591.022   291897.692
248  VT+F          155244.657   222 310933.314   310960.703   312321.415
249  VT+F+I        152367.652   223 305181.303   305208.947   306575.657
250  VT+F+G4       145293.404   223 291032.808   291060.452   292427.162
251  VT+F+I+G4     145093.513   224 290635.027   290662.926   292035.633
252  VT+F+R2       147233.857   224 294915.714   294943.613   296316.320
253  VT+F+R3       145456.137   226 291364.274   291392.688   292777.386
254  VT+F+R4       145122.773   228 290701.546   290730.480   292127.163
255  VT+F+R5       144983.954   230 290427.908   290457.368   291866.031
256  VT+F+R6       144983.822   232 290431.644   290461.633   291882.272
261  LG            155701.687   203 311809.375   311832.166   313078.674
262  LG+I          152770.847   204 305949.694   305972.716   307225.246
263  LG+G4         144250.391   204 288908.782   288931.805   290184.334
264  LG+I+G4       144076.220   205 288562.440   288585.694   289844.245
265  LG+R2         146549.723   205 293509.446   293532.700   294791.251
266  LG+R3         144615.200   207 289644.401   289668.123   290938.711
267  LG+R4         144159.947   209 288737.894   288762.089   290044.710
268  LG+R5         144013.517   211 288449.033   288473.706   289768.354
269  LG+R6         144013.312   213 288452.624   288477.780   289784.451
274  LG+F          155662.588   222 311769.176   311796.565   313157.277
275  LG+F+I        152780.956   223 306007.911   306035.555   307402.265
276  LG+F+G4       144126.545   223 288699.090   288726.734   290093.444
277  LG+F+I+G4     143958.739   224 288365.478   288393.377   289766.084
278  LG+F+R2       146421.793   224 293291.586   293319.485   294692.192
279  LG+F+R3       144482.640   226 289417.280   289445.694   290830.392
280  LG+F+R4       144030.939   228 288517.878   288546.813   289943.495
281  LG+F+R5       143885.349   230 288230.697   288260.157   289668.820
282  LG+F+R6       143885.210   232 288234.419   288264.409   289685.047
287  DCMut         158143.088   203 316692.177   316714.968   317961.476
288  DCMut+I       154843.560   204 310095.120   310118.143   311370.672
289  DCMut+G4      146753.301   204 293914.602   293937.625   295190.155
290  DCMut+I+G4    146529.605   205 293469.210   293492.465   294751.015
291  DCMut+R2      149074.534   205 298559.069   298582.323   299840.874
292  DCMut+R3      146991.023   207 294396.047   294419.769   295690.357
293  DCMut+R4      146606.330   209 293630.660   293654.855   294937.476
294  DCMut+R5      146403.162   211 293228.324   293252.997   294547.645
295  DCMut+R6      146402.954   213 293231.908   293257.064   294563.735
300  DCMut+F       158061.634   222 316567.268   316594.657   317955.369
301  DCMut+F+I     154851.959   223 310149.917   310177.561   311544.271
302  DCMut+F+G4    146456.573   223 293359.146   293386.790   294753.500
303  DCMut+F+I+G4  146256.434   224 292960.868   292988.767   294361.475
304  DCMut+F+R2    148827.193   224 298102.386   298130.285   299502.992
305  DCMut+F+R3    146715.864   226 293883.727   293912.142   295296.839
306  DCMut+F+R4    146333.641   228 293123.282   293152.217   294548.900
307  DCMut+F+R5    146144.254   230 292748.508   292777.967   294186.631
308  DCMut+F+R6    146144.121   232 292752.243   292782.232   294202.871
313  PMB           155819.955   203 312045.910   312068.702   313315.210
314  PMB+I         153065.019   204 306538.039   306561.061   307813.591
315  PMB+G4        146062.725   204 292533.450   292556.472   293809.002
316  PMB+I+G4      145872.769   205 292155.539   292178.793   293437.343
317  PMB+R2        147881.765   205 296173.530   296196.784   297455.335
318  PMB+R3        146255.882   207 292925.764   292949.486   294220.074
319  PMB+R4        145898.851   209 292215.702   292239.897   293522.518
320  PMB+R5        145762.260   211 291946.520   291971.193   293265.842
321  PMB+R6        145762.207   213 291950.415   291975.570   293282.241
326  PMB+F         155712.619   222 311869.238   311896.628   313257.339
327  PMB+F+I       152926.775   223 306299.549   306327.193   307693.903
328  PMB+F+G4      145905.384   223 292256.768   292284.412   293651.122
329  PMB+F+I+G4    145715.953   224 291879.906   291907.805   293280.512
330  PMB+F+R2      147764.173   224 295976.346   296004.245   297376.952
331  PMB+F+R3      146119.760   226 292691.521   292719.935   294104.633
332  PMB+F+R4      145748.707   228 291953.415   291982.349   293379.032
333  PMB+F+R5      145611.717   230 291683.434   291712.893   293121.557
334  PMB+F+R6      145611.666   232 291687.332   291717.321   293137.960
339  HIVb          163641.461   203 327688.921   327711.712   328958.221
340  HIVb+I        159930.636   204 320269.273   320292.295   321544.825
341  HIVb+G4       149858.662   204 300125.324   300148.346   301400.876
342  HIVb+I+G4     149659.562   205 299729.125   299752.379   301010.929
343  HIVb+R2       152686.740   205 305783.480   305806.734   307065.285
344  HIVb+R3       150356.763   207 301127.527   301151.249   302421.837
345  HIVb+R4       149777.978   209 299973.956   299998.151   301280.772
346  HIVb+R5       149573.638   211 299569.275   299593.948   300888.596
347  HIVb+R6       149573.544   213 299573.087   299598.243   300904.914
352  HIVb+F        163190.219   222 326824.438   326851.828   328212.539
353  HIVb+F+I      159546.729   223 319539.458   319567.101   320933.811
354  HIVb+F+G4     149011.697   223 298469.394   298497.038   299863.748
355  HIVb+F+I+G4   148835.058   224 298118.116   298146.015   299518.722
356  HIVb+F+R2     151921.826   224 304291.651   304319.551   305692.258
357  HIVb+F+R3     149577.799   226 299607.599   299636.013   301020.711
358  HIVb+F+R4     148946.428   228 298348.857   298377.791   299774.474
359  HIVb+F+R5     148740.999   230 297941.999   297971.458   299380.121
360  HIVb+F+R6     148740.818   232 297945.637   297975.626   299396.264
365  HIVw          170566.131   203 341538.262   341561.053   342807.561
366  HIVw+I        166606.490   204 333620.979   333644.002   334896.532
367  HIVw+G4       156785.477   204 313978.953   314001.975   315254.505
368  HIVw+I+G4     156591.946   205 313593.892   313617.146   314875.697
369  HIVw+R2       159803.761   205 320017.523   320040.777   321299.327
370  HIVw+R3       157386.596   207 315187.193   315210.915   316481.503
371  HIVw+R4       156763.089   209 313944.178   313968.373   315250.994
372  HIVw+R5       156499.568   211 313421.135   313445.808   314740.456
373  HIVw+R6       156498.229   213 313422.459   313447.615   314754.285
378  HIVw+F        167817.544   222 336079.089   336106.478   337467.190
379  HIVw+F+I      163888.991   223 328223.982   328251.626   329618.336
380  HIVw+F+G4     153648.101   223 307742.202   307769.845   309136.555
381  HIVw+F+I+G4   153467.988   224 307383.976   307411.875   308784.583
382  HIVw+F+R2     156641.510   224 313731.021   313758.920   315131.627
383  HIVw+F+R3     154295.240   226 309042.480   309070.894   310455.591
384  HIVw+F+R4     153622.009   228 307700.019   307728.953   309125.636
385  HIVw+F+R5     153392.970   230 307245.940   307275.399   308684.062
386  HIVw+F+R6     153391.909   232 307247.818   307277.808   308698.446
391  JTTDCMut      157357.393   203 315120.785   315143.577   316390.085
392  JTTDCMut+I    154195.281   204 308798.562   308821.584   310074.114
393  JTTDCMut+G4   146018.178   204 292444.356   292467.379   293719.908
394  JTTDCMut+I+G4 145820.734   205 292051.469   292074.723   293333.274
395  JTTDCMut+R2   148323.053   205 297056.106   297079.361   298337.911
396  JTTDCMut+R3   146286.946   207 292987.892   293011.614   294282.202
397  JTTDCMut+R4   145879.191   209 292176.381   292200.576   293483.197
398  JTTDCMut+R5   145754.529   211 291931.058   291955.731   293250.379
399  JTTDCMut+R6   145753.282   213 291932.563   291957.719   293264.390
404  JTTDCMut+F    157498.097   222 315440.193   315467.582   316828.294
405  JTTDCMut+F+I  154383.381   223 309212.763   309240.406   310607.116
406  JTTDCMut+F+G4 145992.315   223 292430.630   292458.274   293824.984
407  JTTDCMut+F+I+G4 145803.796   224 292055.592   292083.491   293456.198
408  JTTDCMut+F+R2 148308.996   224 297065.992   297093.891   298466.598
409  JTTDCMut+F+R3 146272.975   226 292997.949   293026.364   294411.061
410  JTTDCMut+F+R4 145862.086   228 292180.171   292209.106   293605.788
411  JTTDCMut+F+R5 145735.878   230 291931.755   291961.215   293369.878
412  JTTDCMut+F+R6 145735.080   232 291934.160   291964.149   293384.788
417  FLU           162283.317   203 324972.634   324995.425   326241.933
418  FLU+I         159002.422   204 318412.843   318435.866   319688.396
419  FLU+G4        149247.726   204 298903.452   298926.475   300179.005
420  FLU+I+G4      149085.651   205 298581.301   298604.556   299863.106
421  FLU+R2        151850.611   205 304111.223   304134.477   305393.027
422  FLU+R3        149807.482   207 300028.965   300052.687   301323.275
423  FLU+R4        149227.645   209 298873.291   298897.486   300180.106
424  FLU+R5        149029.427   211 298480.854   298505.527   299800.175
425  FLU+R6        149026.810   213 298479.620   298504.776   299811.446
430  FLU+F         161415.319   222 323274.638   323302.028   324662.739
431  FLU+F+I       158228.400   223 316902.800   316930.444   318297.154
432  FLU+F+G4      148140.549   223 296727.099   296754.742   298121.452
433  FLU+F+I+G4    148002.419   224 296452.839   296480.738   297853.445
434  FLU+F+R2      150730.138   224 301908.276   301936.175   303308.882
435  FLU+F+R3      148770.397   226 297992.795   298021.209   299405.906
436  FLU+F+R4      148134.042   228 296724.085   296753.019   298149.702
437  FLU+F+R5      147944.288   230 296348.576   296378.035   297786.698
438  FLU+F+R6      147941.445   232 296346.890   296376.879   297797.518
443  Blosum62      155630.875   203 311667.749   311690.541   312937.049
444  Blosum62+I    152890.170   204 306188.340   306211.362   307463.892
445  Blosum62+G4   145929.628   204 292267.256   292290.278   293542.808
446  Blosum62+I+G4 145740.149   205 291890.297   291913.552   293172.102
447  Blosum62+R2   147776.864   205 295963.728   295986.982   297245.533
448  Blosum62+R3   146129.187   207 292672.375   292696.097   293966.685
449  Blosum62+R4   145779.383   209 291976.766   292000.962   293283.582
450  Blosum62+R5   145640.332   211 291702.664   291727.337   293021.985
451  Blosum62+R6   145640.187   213 291706.374   291731.530   293038.201
456  Blosum62+F    155465.824   222 311375.649   311403.038   312763.749
457  Blosum62+F+I  152690.213   223 305826.427   305854.070   307220.780
458  Blosum62+F+G4 145714.062   223 291874.124   291901.768   293268.478
459  Blosum62+F+I+G4 145526.117   224 291500.233   291528.133   292900.840
460  Blosum62+F+R2 147611.135   224 295670.271   295698.170   297070.877
461  Blosum62+F+R3 145936.464   226 292324.928   292353.342   293738.040
462  Blosum62+F+R4 145568.085   228 291592.171   291621.105   293017.788
463  Blosum62+F+R5 145430.211   230 291320.422   291349.881   292758.545
464  Blosum62+F+R6 145430.146   232 291324.291   291354.281   292774.919
469  mtMet         169697.957   203 339801.914   339824.705   341071.213
470  mtMet+I       167158.173   204 334724.346   334747.368   335999.898
471  mtMet+G4      153484.868   204 307377.737   307400.759   308653.289
472  mtMet+I+G4    153436.939   205 307283.878   307307.133   308565.683
473  mtMet+R2      156254.870   205 312919.740   312942.995   314201.545
474  mtMet+R3      154204.758   207 308823.517   308847.239   310117.827
475  mtMet+R4      153633.423   209 307684.846   307709.041   308991.661
476  mtMet+R5      153229.780   211 306881.560   306906.233   308200.881
477  mtMet+R6      153227.471   213 306880.943   306906.098   308212.769
482  mtMet+F       162275.588   222 324995.176   325022.565   326383.277
483  mtMet+F+I     159371.027   223 319188.055   319215.699   320582.409
484  mtMet+F+G4    147888.384   223 296222.768   296250.411   297617.121
485  mtMet+F+I+G4  147804.825   224 296057.650   296085.550   297458.257
486  mtMet+F+R2    150691.186   224 301830.372   301858.271   303230.978
487  mtMet+F+R3    148491.508   226 297435.016   297463.430   298848.127
488  mtMet+F+R4    147950.569   228 296357.139   296386.073   297782.756
489  mtMet+F+R5    147657.187   230 295774.374   295803.833   297212.496
490  mtMet+F+R6    147654.002   232 295772.004   295801.993   297222.632
495  mtVer         172925.022   203 346256.044   346278.836   347525.344
496  mtVer+I       170185.384   204 340778.768   340801.790   342054.320
497  mtVer+G4      154736.509   204 309881.019   309904.041   311156.571
498  mtVer+I+G4    154681.651   205 309773.303   309796.557   311055.108
499  mtVer+R2      157685.058   205 315780.116   315803.371   317061.921
500  mtVer+R3      155527.600   207 311469.200   311492.923   312763.511
501  mtVer+R4      154906.257   209 310230.514   310254.709   311537.330
502  mtVer+R5      154481.626   211 309385.252   309409.924   310704.573
503  mtVer+R6      154472.454   213 309370.907   309396.063   310702.734
504  mtVer+R7      154462.171   215 309354.341   309379.985   310698.673
505  mtVer+R8      154462.152   217 309358.303   309384.439   310715.141
508  mtVer+F       165735.869   222 331915.739   331943.128   333303.840
509  mtVer+F+I     162548.736   223 325543.472   325571.116   326937.826
510  mtVer+F+G4    149985.563   223 300417.126   300444.769   301811.479
511  mtVer+F+I+G4  149909.188   224 300266.377   300294.276   301666.983
512  mtVer+F+R2    153098.400   224 306644.799   306672.698   308045.405
513  mtVer+F+R3    150706.047   226 301864.094   301892.508   303277.206
514  mtVer+F+R4    150123.036   228 300702.072   300731.007   302127.689
515  mtVer+F+R5    149792.100   230 300044.201   300073.660   301482.323
516  mtVer+F+R6    149784.063   232 300032.126   300062.116   301482.754
521  mtInv         168813.826   203 338033.651   338056.443   339302.951
522  mtInv+I       166260.355   204 332928.710   332951.732   334204.262
523  mtInv+G4      154099.618   204 308607.236   308630.258   309882.788
524  mtInv+I+G4    154036.383   205 308482.766   308506.020   309764.571
525  mtInv+R2      156600.907   205 313611.815   313635.069   314893.619
526  mtInv+R3      154703.376   207 309820.751   309844.474   311115.062
527  mtInv+R4      154072.629   209 308563.258   308587.454   309870.074
528  mtInv+R5      153880.022   211 308182.044   308206.717   309501.365
529  mtInv+R6      153879.185   213 308184.370   308209.526   309516.197
534  mtInv+F       159743.479   222 319930.958   319958.347   321319.059
535  mtInv+F+I     156817.254   223 314080.508   314108.152   315474.862
536  mtInv+F+G4    146730.996   223 293907.993   293935.636   295302.346
537  mtInv+F+I+G4  146609.532   224 293667.064   293694.963   295067.670
538  mtInv+F+R2    149369.817   224 299187.633   299215.532   300588.240
539  mtInv+F+R3    147211.343   226 294874.687   294903.101   296287.799
540  mtInv+F+R4    146697.050   228 293850.101   293879.035   295275.718
541  mtInv+F+R5    146517.600   230 293495.200   293524.660   294933.323
542  mtInv+F+R6    146514.677   232 293493.355   293523.344   294943.983
Akaike Information Criterion:           LG+F+R5
Corrected Akaike Information Criterion: LG+F+R5
Bayesian Information Criterion:         LG+F+R5
Best-fit model: LG+F+R5 chosen according to BIC

All model information printed to K00609.blastp_ALL.outfmt6.parsed.filtered.uniq.faa.mafft.aln.model.gz
CPU time for ModelFinder: 31803.866 seconds (8h:50m:3s)
Wall-clock time for ModelFinder: 16028.765 seconds (4h:27m:8s)
Generating 2000 samples for ultrafast bootstrap (seed: 902477)...

NOTE: 282 MB RAM (0 GB) is required!
Measuring multi-threading efficiency up to 2 CPU cores
2 trees examined
Threads: 1 / Time: 2.822 sec / Speedup: 1.000 / Efficiency: 100% / LogL: -170705
Threads: 2 / Time: 2.373 sec / Speedup: 1.189 / Efficiency: 59% / LogL: -170705
BEST NUMBER OF THREADS: 2

Estimate model parameters (epsilon = 0.100)
1. Initial log-likelihood: -144186.867
2. Current log-likelihood: -144089.596
3. Current log-likelihood: -144061.763
4. Current log-likelihood: -144048.152
5. Current log-likelihood: -144041.245
6. Current log-likelihood: -144037.537
7. Current log-likelihood: -144035.204
8. Current log-likelihood: -144034.779
9. Current log-likelihood: -144034.200
10. Current log-likelihood: -144033.706
11. Current log-likelihood: -144033.272
Optimal log-likelihood: -144033.182
Site proportion and rates:  (0.257,0.088) (0.172,0.367) (0.140,0.669) (0.195,1.265) (0.235,2.439)
Parameters optimization took 11 rounds (139.411 sec)
Computing ML distances based on estimated model parameters... 6.980 sec
Computing BIONJ tree...
0.011 seconds
Log-likelihood of BIONJ tree: -144234.312
--------------------------------------------------------------------
|             INITIALIZING CANDIDATE TREE SET                      |
--------------------------------------------------------------------
Generating 98 parsimony trees... 20.675 second
Computing log-likelihood of 98 initial trees ... 226.260 seconds
Current best score: -144033.182

Do NNI search on 20 best initial trees
Estimate model parameters (epsilon = 0.100)
BETTER TREE FOUND at iteration 1: -143845.293
Estimate model parameters (epsilon = 0.100)
BETTER TREE FOUND at iteration 2: -143806.302
Iteration 10 / LogL: -143833.919 / Time: 0h:13m:4s
Estimate model parameters (epsilon = 0.100)
BETTER TREE FOUND at iteration 13: -143776.607
Iteration 20 / LogL: -143794.395 / Time: 0h:17m:6s
Finish initializing candidate tree set (19)
Current best tree score: -143776.607 / CPU time: 860.416
Number of iterations: 20
--------------------------------------------------------------------
|               OPTIMIZING CANDIDATE TREE SET                      |
--------------------------------------------------------------------
Estimate model parameters (epsilon = 0.100)
BETTER TREE FOUND at iteration 22: -143759.253
Iteration 30 / LogL: -143768.228 / Time: 0h:21m:12s (1h:7m:17s left)
Estimate model parameters (epsilon = 0.100)
BETTER TREE FOUND at iteration 36: -143757.709
Estimate model parameters (epsilon = 0.100)
BETTER TREE FOUND at iteration 38: -143750.178
Iteration 40 / LogL: -143751.226 / Time: 0h:26m:14s (1h:5m:56s left)
Estimate model parameters (epsilon = 0.100)
BETTER TREE FOUND at iteration 43: -143744.988
Iteration 50 / LogL: -143749.810 / Time: 0h:30m:33s (0h:57m:59s left)
Log-likelihood cutoff on original alignment: -143872.965
Estimate model parameters (epsilon = 0.100)
BETTER TREE FOUND at iteration 53: -143734.639
Iteration 60 / LogL: -143734.832 / Time: 0h:34m:38s (0h:54m:36s left)
Iteration 70 / LogL: -143734.646 / Time: 0h:37m:15s (0h:44m:48s left)
Iteration 80 / LogL: -143736.556 / Time: 0h:39m:39s (0h:36m:38s left)
Estimate model parameters (epsilon = 0.100)
UPDATE BEST LOG-LIKELIHOOD: -143731.861
Iteration 90 / LogL: -143731.990 / Time: 0h:44m:3s (0h:31m:11s left)
Estimate model parameters (epsilon = 0.100)
UPDATE BEST LOG-LIKELIHOOD: -143730.265
Iteration 100 / LogL: -143762.064 / Time: 0h:48m:2s (0h:25m:43s left)
Log-likelihood cutoff on original alignment: -143853.319
NOTE: Bootstrap correlation coefficient of split occurrence frequencies: 0.977
NOTE: UFBoot does not converge, continue at least 100 more iterations
Iteration 110 / LogL: -143733.579 / Time: 0h:51m:53s (0h:42m:51s left)
Estimate model parameters (epsilon = 0.100)
UPDATE BEST LOG-LIKELIHOOD: -143729.506
Iteration 120 / LogL: -143731.309 / Time: 0h:55m:10s (0h:37m:5s left)
Iteration 130 / LogL: -143736.864 / Time: 0h:58m:27s (0h:31m:43s left)
Iteration 140 / LogL: -143732.853 / Time: 1h:1m:50s (0h:26m:41s left)
Iteration 150 / LogL: -143748.394 / Time: 1h:4m:50s (0h:21m:45s left)
Log-likelihood cutoff on original alignment: -143853.319
Iteration 160 / LogL: -143729.786 / Time: 1h:8m:49s (0h:17m:18s left)
Iteration 170 / LogL: -143731.376 / Time: 1h:12m:21s (0h:12m:50s left)
UPDATE BEST LOG-LIKELIHOOD: -143729.498
Iteration 180 / LogL: -143730.442 / Time: 1h:15m:54s (0h:8m:28s left)
Iteration 190 / LogL: -143760.969 / Time: 1h:19m:17s (0h:4m:11s left)
Iteration 200 / LogL: -143742.491 / Time: 1h:22m:48s (0h:0m:0s left)
Log-likelihood cutoff on original alignment: -143840.631
NOTE: Bootstrap correlation coefficient of split occurrence frequencies: 0.998
TREE SEARCH COMPLETED AFTER 200 ITERATIONS / Time: 1h:22m:49s

--------------------------------------------------------------------
|                    FINALIZING TREE SEARCH                        |
--------------------------------------------------------------------
Performs final model parameters optimization
Estimate model parameters (epsilon = 0.010)
1. Initial log-likelihood: -143729.498
2. Current log-likelihood: -143728.868
3. Current log-likelihood: -143728.795
4. Current log-likelihood: -143728.778
5. Current log-likelihood: -143728.764
6. Current log-likelihood: -143728.657
Optimal log-likelihood: -143728.644
Site proportion and rates:  (0.221,0.057) (0.177,0.296) (0.177,0.609) (0.220,1.282) (0.206,2.653)
Parameters optimization took 6 rounds (45.806 sec)
BEST SCORE FOUND : -143728.644
Creating bootstrap support values...
Split supports printed to NEXUS file K00609.blastp_ALL.outfmt6.parsed.filtered.uniq.faa.mafft.aln.splits.nex
Total tree length: 74.526

Total number of iterations: 200
CPU time used for tree search: 9486.152 sec (2h:38m:6s)
Wall-clock time used for tree search: 4803.556 sec (1h:20m:3s)
Total CPU time used: 9904.146 sec (2h:45m:4s)
Total wall-clock time used: 5016.466 sec (1h:23m:36s)

Computing bootstrap consensus tree...
Reading input file K00609.blastp_ALL.outfmt6.parsed.filtered.uniq.faa.mafft.aln.splits.nex...
103 taxa and 586 splits.
Consensus tree written to K00609.blastp_ALL.outfmt6.parsed.filtered.uniq.faa.mafft.aln.contree
Reading input trees file K00609.blastp_ALL.outfmt6.parsed.filtered.uniq.faa.mafft.aln.contree
Log-likelihood of consensus tree: -143728.641

Analysis results written to: 
  IQ-TREE report:                K00609.blastp_ALL.outfmt6.parsed.filtered.uniq.faa.mafft.aln.iqtree
  Maximum-likelihood tree:       K00609.blastp_ALL.outfmt6.parsed.filtered.uniq.faa.mafft.aln.treefile
  Likelihood distances:          K00609.blastp_ALL.outfmt6.parsed.filtered.uniq.faa.mafft.aln.mldist

Ultrafast bootstrap approximation results written to:
  Split support values:          K00609.blastp_ALL.outfmt6.parsed.filtered.uniq.faa.mafft.aln.splits.nex
  Consensus tree:                K00609.blastp_ALL.outfmt6.parsed.filtered.uniq.faa.mafft.aln.contree
  Screen log file:               K00609.blastp_ALL.outfmt6.parsed.filtered.uniq.faa.mafft.aln.log

Date and Time: Wed May 26 08:44:37 2021
