IQ-TREE multicore version 1.6.12 for Linux 64-bit built Aug 15 2019
Developed by Bui Quang Minh, Nguyen Lam Tung, Olga Chernomor,
Heiko Schmidt, Dominik Schrempf, Michael Woodhams.

Host:    coral (AVX512, FMA3, 376 GB RAM)
Command: /home/timothy/programs/iqtree-1.6.12-Linux/bin/iqtree -s K00609.blastp_ALL.outfmt6.parsed.filtered.uniq.faa.mafft.aln.trimal1 -nt AUTO -ntmax 2 -m MFP -bb 2000 -quiet
Seed:    909451 (Using SPRNG - Scalable Parallel Random Number Generator)
Time:    Wed Sep  8 23:07:16 2021
Kernel:  AVX+FMA - auto-detect threads (96 CPU cores detected)

Reading alignment file K00609.blastp_ALL.outfmt6.parsed.filtered.uniq.faa.mafft.aln.trimal1 ... Fasta format detected
Alignment most likely contains protein sequences
Alignment has 103 sequences with 228 columns, 218 distinct patterns
180 parsimony-informative, 13 singleton sites, 35 constant sites
                                                                                                                                                Gap/Ambiguity  Composition  p-value
   1  Archaea-CandidatusBathyarchaeota-NA-NA-NA-Candidatus_Bathyarchaeota_archaeon_WP_116577612.1                                                       1.32%    passed     32.70%
   2  Archaea-CandidatusKorarchaeota-NA-NA-NA-Candidatus_Methanodesulfokores_washburnensis_WP_125672971.1                                               1.32%    passed     78.85%
   3  Archaea-Crenarchaeota-Thermoprotei-Acidilobales-Acidilobaceae-Acidilobus_saccharovorans_WP_048812820.1                                            1.32%    passed     81.16%
   4  Archaea-Crenarchaeota-Thermoprotei-Sulfolobales-Sulfolobaceae-Sulfolobus_sp._A20_WP_069282163.1                                                   1.32%    passed     19.17%
   5  Archaea-Euryarchaeota-Methanomicrobia-Methanocellales-Methanocellaceae-Methanocella_paludicola_WP_012901741.1                                     1.32%    passed     93.39%
   6  Archaea-Euryarchaeota-Methanomicrobia-Methanosarcinales-CandidatusMethanoperedenaceae-Candidatus_Methanoperedens_nitroreducens_WP_048088669.1     1.32%    passed     86.69%
   7  Archaea-NA-NA-NA-NA-anaerobic_archaeon_MKD1_WP_147664845.1                                                                                        1.32%    passed     15.28%
   8  Archaea-NA-NA-NA-NA-archaeon_AArcSl_WP_119815301.1                                                                                                1.32%    passed     88.18%
   9  Archaea-Thaumarchaeota-NA-Nitrosopumilales-Nitrosopumilaceae-Nitrosopumilaceae_archaeon_WP_129916769.1                                            1.32%    passed     41.92%
  10  Archaea-Thaumarchaeota-Nitrososphaeria-Nitrososphaerales-Nitrososphaeraceae-Nitrososphaera_viennensis_WP_075055150.1                              1.32%    passed     44.14%
  11  Bacteria-Acidobacteria-Acidobacteriia-Acidobacteriales-Acidobacteriaceae-Candidatus_Sulfotelmatobacter_kueseliae_WP_106807121.1                   0.88%    passed     95.41%
  12  Bacteria-Acidobacteria-Acidobacteriia-NA-NA-Acidobacteriia_bacterium_SbA2_WP_105313561.1                                                          0.88%    passed     99.92%
  13  Bacteria-Actinobacteria-Actinobacteria-Micrococcales-Microbacteriaceae-Humibacter_sp._WJ71_WP_146319765.1                                         1.32%    passed      7.86%
  14  Bacteria-Actinobacteria-Actinobacteria-Micrococcales-Microbacteriaceae-Microbacterium_sorbitolivorans_WP_114116734.1                              1.32%    passed     15.57%
  15  Bacteria-Bacteroidetes-Bacteroidia-Bacteroidales-Muribaculaceae-Duncaniella_sp._TLLA3_WP_135470182.1                                              1.32%    passed     98.26%
  16  Bacteria-Bacteroidetes-Bacteroidia-Bacteroidales-Prevotellaceae-Prevotella_amnii_WP_008446953.1                                                   1.32%    passed     16.65%
  17  Bacteria-CandidatusKryptonia-NA-NA-NA-Candidatus_Kryptonium_thompsoni_WP_047133790.1                                                              0.88%    passed     93.92%
  18  Bacteria-Chloroflexi-Thermomicrobia-Sphaerobacterales-Sphaerobacteraceae-Nitrolancea_hollandica_WP_008476788.1                                    1.32%    passed      8.73%
  19  Bacteria-Chloroflexi-Thermomicrobia-Sphaerobacterales-Sphaerobacteraceae-Sphaerobacter_thermophilus_WP_148219949.1                                1.32%    passed     85.79%
  20  Bacteria-Firmicutes-Bacilli-Bacillales-Alicyclobacillaceae-Effusibacillus_pohliae_WP_018132396.1                                                  1.32%    passed     30.53%
  21  Bacteria-Firmicutes-Bacilli-Bacillales-Paenibacillaceae-Cohnella_phaseoli_WP_116064660.1                                                          1.32%    passed     90.81%
  22  Bacteria-Fusobacteria-Fusobacteriia-Fusobacteriales-Fusobacteriaceae-Fusobacterium_necrophorum_WP_035933755.1                                     1.32%    passed     78.77%
  23  Bacteria-Fusobacteria-Fusobacteriia-Fusobacteriales-Fusobacteriaceae-NA_WP_008801762.1                                                            1.32%    passed     45.08%
  24  Bacteria-NA-NA-NA-NA-bacterium_JKG1_WP_029214713.1                                                                                                1.32%    passed     99.50%
  25  Bacteria-NA-NA-NA-NA-NA_WP_135891705.1                                                                                                            1.32%    passed     96.66%
  26  Bacteria-Planctomycetes-CandidatusBrocadiae-CandidatusBrocadiales-CandidatusBrocadiaceae-Candidatus_Brocadiaceae_bacterium_B188_WP_146327244.1    1.32%    passed     94.76%
  27  Bacteria-Proteobacteria-Deltaproteobacteria-Desulfobacterales-Desulfobacteraceae-Desulfococcus_multivorans_WP_020877465.1                         1.32%    passed     94.74%
  28  Bacteria-Proteobacteria-Deltaproteobacteria-Desulfobacterales-Desulfobulbaceae-Desulfopila_sp._IMCC35006_WP_136815609.1                           1.32%    passed     97.00%
  29  Bacteria-Spirochaetes-Spirochaetia-Leptospirales-Leptospiraceae-Leptonema_illini_WP_002772635.1                                                   1.75%    passed     60.78%
  30  Bacteria-Spirochaetes-Spirochaetia-Leptospirales-Leptospiraceae-Leptospira_noguchii_WP_004422071.1                                                1.75%    passed     74.01%
  31  Bacteria-Verrucomicrobia-Verrucomicrobiae-Verrucomicrobiales-Rubritaleaceae-Rubritalea_marina_WP_018970309.1                                      1.32%    passed     99.38%
  32  Eukaryota-Acytosteliales-Acytosteliales-Acytosteliales-Acytosteliaceae-Acytostelium_subglobosum_XP_012755643.1                                    1.75%    passed     94.00%
  33  Eukaryota-Acytosteliales-Acytosteliales-Acytosteliales-Cavenderiaceae-Cavenderia_fasciculata_XP_004361697.1                                       4.82%    passed     90.48%
  34  Eukaryota-Alveolata-Dinophyceae-NA-Unranked-Karlodinium_micrum_MMETSP1015_c2136_g1_i1.p1                                                          1.32%    passed     97.01%
  35  Eukaryota-Alveolata-Dinophyceae-NA-Unranked-Pelagodinium_bii_MMETSP1338_c5148_g1_i1.p1                                                            1.32%    passed     74.93%
  36  Eukaryota-Amoebozoa-NA-NA-Paramoebidae-Mayorella_sp_MMETSP0417_c4575_g2_i1.p1                                                                     1.32%    passed     97.93%
  37  Eukaryota-Amoebozoa-NA-NA-Paramoebidae-Stygamoeba_regulata_MMETSP0447_c7087_g1_i3.p1                                                              1.32%    passed     97.93%
  38  Eukaryota-Annelida-Clitellata-Hirudinida-Glossiphoniidae-Helobdella_robusta_jgi186717                                                             1.32%    passed     89.96%
  39  Eukaryota-Apicomplexa-Aconoidasida-Piroplasmida-Babesiidae-Babesia_ovata_XP_028867441.1                                                           1.32%    passed     99.79%
  40  Eukaryota-Apicomplexa-NA-Unranked-NA-Alveolata_sp_MMETSP0288_c162_g1_i1.p1                                                                        1.75%    passed     98.30%
  41  Eukaryota-Arthropoda-Arachnida-Araneae-Theridiidae-Parasteatoda_tepidariorum_XP_021003830.1                                                       1.32%    passed     95.93%
  42  Eukaryota-Arthropoda-Arachnida-Mesostigmata-Phytoseiidae-Galendromus_occidentalis_XP_003739459.1                                                  1.32%    passed     98.61%
  43  Eukaryota-Ascomycota-Eurotiomycetes-Onygenales-Arthrodermataceae-Nannizzia_gypsea_XP_003176028.1                                                  1.32%    passed     92.93%
  44  Eukaryota-Ascomycota-Saccharomycetes-Saccharomycetales-Trichomonascaceae-Wickerhamiella_sorbophila_XP_024666459.1                                 1.32%    passed     93.76%
  45  Eukaryota-Basidiomycota-Agaricomycetes-Agaricales-Schizophyllaceae-Schizophyllum_commune_XP_003030885.1                                           0.88%    passed     98.18%
  46  Eukaryota-Basidiomycota-Malasseziomycetes-Malasseziales-Malasseziaceae-Malassezia_restricta_XP_027486380.1                                        0.88%    passed     95.83%
  47  Eukaryota-Brachiopoda-Lingulata-Lingulida-Lingulidae-Lingula_anatina_XP_013406337.1                                                               1.32%    passed     99.75%
  48  Eukaryota-Cercozoa-Chlorarachniophyceae-NA-NA-Gymnochlora_sp_MMETSP0110_c9873_g1_i1.p1                                                            1.32%    passed     65.64%
  49  Eukaryota-Cercozoa-NA-Euglyphida-Paulinellidae-Paulinella_chromatophora_scaffold7938-size1487_m.62292                                             1.32%    passed     84.31%
  50  Eukaryota-Chlorophyta-Chlorophyceae-Chlamydomonadales-Chlamydomonadaceae-Chlamydomonas_chlamydogama_MMETSP1392_c30124_g1_i1.p1                    1.32%    passed     99.67%
  51  Eukaryota-Chlorophyta-Nephroselmidophyceae-NA-NA-Nephroselmis_pyriformis_MMETSP0034_c31398_g1_i1.p1                                               0.88%    passed     90.84%
  52  Eukaryota-Choanoflagellata-Choanoflagellata-Choanoflagellata-Salpingoecidae-Monosiga_brevicollis_XP_001746804.1                                   1.32%    passed     99.99%
  53  Eukaryota-Choanoflagellata-Choanoflagellata-Choanoflagellata-Salpingoecidae-Salpingoeca_rosetta_XP_004995659.1                                    1.32%    passed     96.53%
  54  Eukaryota-Chordata-Actinopteri-Blenniiformes-Blenniidae-Salarias_fasciatus_XP_029966027.1                                                         1.32%    passed     90.62%
  55  Eukaryota-Chordata-Actinopteri-Clupeiformes-Denticipitidae-Denticeps_clupeoides_XP_028858688.1                                                    1.32%    passed     86.38%
  56  Eukaryota-Chromeraceae-NA-NA-NA-Chromera_velia_MMETSP0290_c39538_g1_i1.p1                                                                        30.26%    passed     91.23%
  57  Eukaryota-Chromeraceae-NA-NA-NA-Vitrella_brassicaformis_MMETSP1451_c2232_g3_i1.p1                                                                 1.75%    passed     98.30%
  58  Eukaryota-Chytridiomycota-Chytridiomycetes-Rhizophydiales-NA-Batrachochytrium_dendrobatidis_jgi29998                                              1.32%    passed     74.64%
  59  Eukaryota-Chytridiomycota-Chytridiomycetes-Spizellomycetales-Spizellomycetaceae-Spizellomyces_punctatus_XP_016604812.1                            1.32%    passed     66.39%
  60  Eukaryota-Ciliophora-NA-Unranked-NA-Litonotus_pictus_MMETSP0209_c25776_g1_i1.p1                                                                   1.32%    passed     95.51%
  61  Eukaryota-Ciliophora-NA-Unranked-NA-Tiarina_fusus_MMETSP0472_c113119_g1_i1.p2                                                                     1.32%    passed     99.94%
  62  Eukaryota-Cnidaria-Anthozoa-Scleractinia-Pocilloporidae-Pocillopora_damicornis_XP_027052951.1                                                     1.32%    passed     97.36%
  63  Eukaryota-Cnidaria-Anthozoa-Scleractinia-Pocilloporidae-Stylophora_pistillata_XP_022798866.1                                                      1.32%    passed     97.95%
  64  Eukaryota-Cryptophyta-NA-Pyrenomonadales-Chroomonadaceae-Chroomonas_mesostigmaticacf_MMETSP0047_c2648_g1_i1.p1                                    1.32%    passed     99.98%
  65  Eukaryota-Cryptophyta-NA-Pyrenomonadales-Pyrenomonadaceae-Rhodomonas_abbreviata_MMETSP1101_c8235_g1_i1.p1                                         1.32%    passed     99.24%
  66  Eukaryota-Dictyosteliales-Dictyosteliales-Dictyosteliales-Dictyosteliaceae-Dictyostelium_discoideum_XP_643196.1                                   1.32%    passed     98.31%
  67  Eukaryota-Echinodermata-Asteroidea-Valvatida-Acanthasteridae-Acanthaster_planci_XP_022107143.1                                                    1.32%    passed     95.85%
  68  Eukaryota-Echinodermata-Echinoidea-Echinoida-Strongylocentrotidae-Strongylocentrotus_purpuratus_XP_011667092.1                                    1.32%    passed     94.06%
  69  Eukaryota-Euglenida-NA-NA-Unranked-Neobodo_designis_MMETSP1114_c4423_g1_i1.p1                                                                     1.32%    passed     46.23%
  70  Eukaryota-Fonticulida-Fonticulida-Fonticulida-Fonticulaceae-Fonticula_alba_XP_009492289.1                                                         1.32%    failed      2.70%
  71  Eukaryota-Glaucophyta-Glaucophyta-Gloeochaetales-Gloeochaetaceae-Gloeochaete_witrockiana_MMETSP0308_c36267_g1_i1.p1                               1.32%    passed     99.06%
  72  Eukaryota-Glaucophyta-Glaucophyta-NA-NA-Cyanoptyche_gloeocystis_MMETSP1086_c741_g1_i1.p1                                                          1.32%    passed     97.34%
  73  Eukaryota-Haptophyta-NA-Phaeocystales-Phaeocystaceae-Phaeocystis_cordata_MMETSP1465_c5457_g1_i1.p1                                                0.88%    passed     91.82%
  74  Eukaryota-Haptophyta-NA-Prymnesiales-NA-Calcidiscus_leptoporus_MMETSP1334_c27742_g1_i1.p1                                                         1.32%    passed     95.35%
  75  Eukaryota-Hemichordata-Enteropneusta-NA-Harrimaniidae-Saccoglossus_kowalevskii_XP_006819567.1                                                     1.32%    passed     76.50%
  76  Eukaryota-Heterolobosea-NA-NA-Vahlkampfiidae-Naegleria_gruberi_jgi74661                                                                           1.32%    passed     15.67%
  77  Eukaryota-Kinetoplastida-Kinetoplastida-Kinetoplastida-Trypanosomatidae-Leishmania_donovani_XP_003859742.1                                        1.32%    passed     98.89%
  78  Eukaryota-Kinetoplastida-Kinetoplastida-Kinetoplastida-Trypanosomatidae-Trypanosoma_rangeli_XP_029236662.1                                        1.32%    passed     30.26%
  79  Eukaryota-Longamoebia-Longamoebia-Longamoebia-Acanthamoebidae-Acanthamoeba_castellanii_XP_004341545.1                                             1.32%    passed     99.87%
  80  Eukaryota-Mesomycetozoea-Ichthyosporea-Ichthyophonida-NA-Sphaeroforma_arctica_XP_014152790.1                                                      1.75%    passed     26.49%
  81  Eukaryota-Mesomycetozoea-Ichthyosporea-NA-NA-Capsaspora_owczarzaki_XP_004346899.2                                                                 1.32%    passed     98.82%
  82  Eukaryota-Mollusca-Bivalvia-Pectinoida-Pectinidae-Mizuhopecten_yessoensis_XP_021353567.1                                                          1.32%    passed     86.66%
  83  Eukaryota-Mollusca-Cephalopoda-Octopoda-Octopodidae-Octopus_bimaculoides_XP_014788813.1                                                           1.32%    passed     96.29%
  84  Eukaryota-Mucorales-Mucoraceae-Undefined-Undefined-Mucor_circinelloides_jgi35343                                                                  1.32%    passed     99.94%
  85  Eukaryota-Mucoromycota-Mucoromycetes-Mucorales-Phycomycetaceae-Phycomyces_blakesleeanus_jgi74982                                                  1.32%    passed     99.98%
  86  Eukaryota-Mucoromycota-Mucoromycetes-Mucorales-Rhizopodaceae-Rhizopus_microsporus_XP_023466212.1                                                  1.32%    passed    100.00%
  87  Eukaryota-Nematoda-Chromadorea-Rhabditida-Rhabditidae-Caenorhabditis_briggsae_XP_002630114.1                                                      1.32%    passed     85.37%
  88  Eukaryota-Nematoda-Chromadorea-Strongylida-Ancylostomatidae-Necator_americanus_XP_013304238.1                                                     7.02%    passed     98.01%
  89  Eukaryota-Placozoa-NA-NA-Trichoplacidae-Trichoplax_adhaerens_XP_002115431.1                                                                       1.32%    passed     97.90%
  90  Eukaryota-Platyhelminthes-Trematoda-Strigeidida-Schistosomatidae-Schistosoma_mansoni_XP_018650997.1                                               1.32%    passed     99.52%
  91  Eukaryota-Porifera-Demospongiae-Haplosclerida-Niphatidae-Amphimedon_queenslandica_XP_019849014.1                                                  1.32%    passed     89.75%
  92  Eukaryota-Priapulida-Priapulimorpha-Priapulimorphida-Priapulidae-Priapulus_caudatus_XP_014663678.1                                                5.26%    passed     99.41%
  93  Eukaryota-Retaria-NA-NA-NA-Elphidium_margaritaceum_MMETSP1385_c14257_g1_i1.p1                                                                     1.32%    passed     99.78%
  94  Eukaryota-Retaria-NA-NA-NA-Sorites_sp_MMETSP0191_c25974_g1_i1.p1                                                                                  1.32%    failed      0.60%
  95  Eukaryota-Rhodophyta-Bangiophyceae-Cyanidiales-Cyanidiaceae-Galdieria_phlegrea_GphlegSOOS_G268.1                                                  1.32%    passed     99.86%
  96  Eukaryota-Rhodophyta-Bangiophyceae-Porphyridiales-Porphyridiaceae-Porphyridium_aerugineum_MMETSP0313_c3543_g1_i1.p1                               1.32%    passed     96.78%
  97  Eukaryota-Stramenopiles-Dictyochophyceae-Dictyochales-NA-Dictyocha_speculum_MMETSP1174_c9784_g1_i3.p1                                             1.32%    passed     83.32%
  98  Eukaryota-Stramenopiles-Eustigmatophyceae-Eustigmatales-Monodopsidaceae-Nannochloropsis_gaditana_XP_005856017.1                                   1.32%    passed     73.61%
  99  Eukaryota-Streptophyta-Lycopodiopsida-Selaginellales-Selaginellaceae-Selaginella_moellendorffii_XP_002987333.2                                    1.32%    passed     95.61%
 100  Eukaryota-Streptophyta-NA-Malpighiales-Euphorbiaceae-Hevea_brasiliensis_XP_021642880.1                                                            1.32%    passed     96.65%
 101  MSTRG.21874.1.p1                                                                                                                                 47.37%    passed     93.89%
 102  Viruses-Phycodnaviridae-NA-NA-NA-Only_Syngen_Nebraska_virus_5_YP_009325590.1                                                                      1.32%    passed     47.28%
 103  Viruses-Phycodnaviridae-NA-NA-NA-Paramecium_bursaria_Chlorella_virus_1_NP_048517.1                                                                1.32%    passed     93.62%
****  TOTAL                                                                                                                                             2.17%  2 sequences failed composition chi2 test (p-value<5%; df=19)
NOTE: Eukaryota-Amoebozoa-NA-NA-Paramoebidae-Stygamoeba_regulata_MMETSP0447_c7087_g1_i3.p1 is identical to Eukaryota-Amoebozoa-NA-NA-Paramoebidae-Mayorella_sp_MMETSP0417_c4575_g2_i1.p1 but kept for subsequent analysis
NOTE: Eukaryota-Chromeraceae-NA-NA-NA-Vitrella_brassicaformis_MMETSP1451_c2232_g3_i1.p1 is identical to Eukaryota-Apicomplexa-NA-Unranked-NA-Alveolata_sp_MMETSP0288_c162_g1_i1.p1 but kept for subsequent analysis


Create initial parsimony tree by phylogenetic likelihood library (PLL)... 0.030 seconds
NOTE: ModelFinder requires 40 MB RAM!
ModelFinder will test 546 protein models (sample size: 228) ...
 No. Model         -LnL         df  AIC          AICc         BIC
Measuring multi-threading efficiency up to 2 CPU cores
32 trees examined
Threads: 1 / Time: 2.135 sec / Speedup: 1.000 / Efficiency: 100% / LogL: -32239
Threads: 2 / Time: 9.822 sec / Speedup: 0.217 / Efficiency: 11% / LogL: -32239
BEST NUMBER OF THREADS: 1

  1  Dayhoff       24902.033    203 50210.067    53661.067    50906.224
  2  Dayhoff+I     24137.724    204 48683.447    52319.969    49383.034
  3  Dayhoff+G4    22989.873    204 46387.746    50024.267    47087.332
  4  Dayhoff+I+G4  22919.718    205 46249.435    50088.526    46952.451
  5  Dayhoff+R2    23393.776    205 47197.553    51036.644    47900.569
  6  Dayhoff+R3    23018.321    207 46450.642    50756.242    47160.517
  7  Dayhoff+R4    22947.556    209 46313.111    51189.778    47029.845
  8  Dayhoff+R5    22893.082    211 46208.164    51799.664    46931.756
  9  Dayhoff+R6    22885.545    213 46197.091    52708.805    46927.541
 10  Dayhoff+R7    22881.789    215 46193.578    53933.578    46930.888
 14  Dayhoff+F     24817.217    222 50078.434    69880.834    50839.749
 15  Dayhoff+F+I   24142.658    223 48731.316    73707.316    49496.060
 16  Dayhoff+F+G4  22944.972    223 46335.943    71311.943    47100.688
 17  Dayhoff+F+I+G4 22895.298    224 46238.595    79838.595    47006.769
 18  Dayhoff+F+R2  23362.389    224 47172.779    80772.779    47940.952
 19  Dayhoff+F+R3  22990.959    226 46433.917    149037.917   47208.949
 20  Dayhoff+F+R4  22899.934    228 46255.867    150679.867   47037.758
 21  Dayhoff+F+R5  22870.272    230 46200.543    152460.543   46989.293
 22  Dayhoff+F+R6  22865.437    232 46194.873    154306.873   46990.481
 27  mtMAM         27485.290    203 55376.579    58827.579    56072.736
 28  mtMAM+I       27018.093    204 54444.186    58080.707    55143.772
 29  mtMAM+G4      24336.150    204 49080.300    52716.822    49779.887
 30  mtMAM+I+G4    24302.551    205 49015.101    52854.192    49718.117
 31  mtMAM+R2      25086.355    205 50582.710    54421.801    51285.726
 32  mtMAM+R3      24525.401    207 49464.802    53770.402    50174.676
 33  mtMAM+R4      24334.540    209 49087.079    53963.746    49803.812
 34  mtMAM+R5      24301.754    211 49025.508    54617.008    49749.100
 35  mtMAM+R6      24269.545    213 48965.091    55476.805    49695.541
 36  mtMAM+R7      24269.464    215 48968.929    56708.929    49706.238
 40  mtMAM+F       26396.609    222 53237.218    73039.618    53998.532
 41  mtMAM+F+I     25860.589    223 52167.178    77143.178    52931.922
 42  mtMAM+F+G4    23625.864    223 47697.729    72673.729    48462.473
 43  mtMAM+F+I+G4  23580.979    224 47609.959    81209.959    48378.132
 44  mtMAM+F+R2    24349.522    224 49147.045    82747.045    49915.218
 45  mtMAM+F+R3    23761.895    226 47975.791    150579.791   48750.823
 46  mtMAM+F+R4    23620.366    228 47696.732    152120.732   48478.623
 47  mtMAM+F+R5    23571.461    230 47602.922    153862.922   48391.671
 48  mtMAM+F+R6    23545.185    232 47554.369    155666.369   48349.978
 49  mtMAM+F+R7    23545.181    234 47558.363    157538.363   48360.829
 53  JTT           24771.105    203 49948.211    53399.211    50644.368
 54  JTT+I         24021.693    204 48451.386    52087.908    49150.973
 55  JTT+G4        22816.804    204 46041.608    49678.130    46741.195
 56  JTT+I+G4      22765.252    205 45940.504    49779.595    46643.520
 57  JTT+R2        23248.355    205 46906.709    50745.800    47609.725
 58  JTT+R3        22864.115    207 46142.230    50447.830    46852.105
 59  JTT+R4        22772.673    209 45963.346    50840.013    46680.080
 60  JTT+R5        22746.530    211 45915.060    51506.560    46638.652
 61  JTT+R6        22742.578    213 45911.157    52422.871    46641.607
 66  JTT+F         24781.174    222 50006.348    69808.748    50767.663
 67  JTT+F+I       24095.684    223 48637.369    73613.369    49402.113
 68  JTT+F+G4      22844.866    223 46135.733    71111.733    46900.477
 69  JTT+F+I+G4    22801.619    224 46051.237    79651.237    46819.411
 70  JTT+F+R2      23299.555    224 47047.109    80647.109    47815.283
 71  JTT+F+R3      22902.489    226 46256.978    148860.978   47032.010
 72  JTT+F+R4      22810.954    228 46077.907    150501.907   46859.798
 73  JTT+F+R5      22785.352    230 46030.705    152290.705   46819.454
 74  JTT+F+R6      22779.827    232 46023.654    154135.654   46819.263
 75  JTT+F+R7      22779.307    234 46026.614    156006.614   46829.081
 79  WAG           24375.085    203 49156.170    52607.170    49852.327
 80  WAG+I         23670.858    204 47749.715    51386.237    48449.302
 81  WAG+G4        22661.194    204 45730.388    49366.910    46429.974
 82  WAG+I+G4      22604.154    205 45618.308    49457.399    46321.324
 83  WAG+R2        22959.236    205 46328.472    50167.563    47031.488
 84  WAG+R3        22684.632    207 45783.263    50088.863    46493.138
 85  WAG+R4        22590.783    209 45599.565    50476.232    46316.299
 86  WAG+R5        22572.112    211 45566.225    51157.725    46289.817
 87  WAG+R6        22560.719    213 45547.439    52059.153    46277.890
 88  WAG+R7        22560.613    215 45551.226    53291.226    46288.535
 92  WAG+F         24325.417    222 49094.835    68897.235    49856.150
 93  WAG+F+I       23689.784    223 47825.567    72801.567    48590.312
 94  WAG+F+G4      22630.164    223 45706.329    70682.329    46471.073
 95  WAG+F+I+G4    22591.675    224 45631.350    79231.350    46399.524
 96  WAG+F+R2      22964.506    224 46377.011    79977.011    47145.185
 97  WAG+F+R3      22670.512    226 45793.024    148397.024   46568.057
 98  WAG+F+R4      22577.578    228 45611.156    150035.156   46393.047
 99  WAG+F+R5      22558.676    230 45577.352    151837.352   46366.102
100  WAG+F+R6      22548.238    232 45560.476    153672.476   46356.084
101  WAG+F+R7      22548.229    234 45564.458    155544.458   46366.925
105  cpREV         24493.571    203 49393.143    52844.143    50089.300
106  cpREV+I       23830.951    204 48069.902    51706.424    48769.488
107  cpREV+G4      22797.621    204 46003.241    49639.763    46702.828
108  cpREV+I+G4    22751.218    205 45912.437    49751.528    46615.453
109  cpREV+R2      23115.698    205 46641.397    50480.487    47344.412
110  cpREV+R3      22845.956    207 46105.913    50411.513    46815.787
111  cpREV+R4      22738.427    209 45894.854    50771.521    46611.587
112  cpREV+R5      22715.411    211 45852.823    51444.323    46576.415
113  cpREV+R6      22696.793    213 45819.585    52331.300    46550.036
114  cpREV+R7      22696.741    215 45823.482    53563.482    46560.792
118  cpREV+F       24292.549    222 49029.098    68831.498    49790.412
119  cpREV+F+I     23666.486    223 47778.971    72754.971    48543.715
120  cpREV+F+G4    22648.918    223 45743.835    70719.835    46508.579
121  cpREV+F+I+G4  22600.731    224 45649.462    79249.462    46417.635
122  cpREV+F+R2    22963.297    224 46374.595    79974.595    47142.768
123  cpREV+F+R3    22691.807    226 45835.613    148439.613   46610.645
124  cpREV+F+R4    22591.391    228 45638.781    150062.781   46420.672
125  cpREV+F+R5    22562.057    230 45584.114    151844.114   46372.864
126  cpREV+F+R6    22545.420    232 45554.840    153666.840   46350.448
127  cpREV+F+R7    22545.418    234 45558.836    155538.836   46361.303
131  mtREV         26064.033    203 52534.066    55985.066    53230.223
132  mtREV+I       25572.068    204 51552.136    55188.658    52251.722
133  mtREV+G4      23778.442    204 47964.884    51601.406    48664.471
134  mtREV+I+G4    23759.467    205 47928.934    51768.025    48631.950
135  mtREV+R2      24457.085    205 49324.170    53163.261    50027.186
136  mtREV+R3      23857.505    207 48129.010    52434.610    48838.885
137  mtREV+R4      23770.335    209 47958.669    52835.336    48675.402
138  mtREV+R5      23724.831    211 47871.663    53463.163    48595.255
139  mtREV+R6      23702.704    213 47831.409    54343.123    48561.860
140  mtREV+R7      23702.702    215 47835.405    55575.405    48572.714
144  mtREV+F       25061.631    222 50567.262    70369.662    51328.577
145  mtREV+F+I     24520.943    223 49487.887    74463.887    50252.631
146  mtREV+F+G4    22966.351    223 46378.702    71354.702    47143.446
147  mtREV+F+I+G4  22942.899    224 46333.798    79933.798    47101.971
148  mtREV+F+R2    23573.021    224 47594.043    81194.043    48362.216
149  mtREV+F+R3    23050.254    226 46552.508    149156.508   47327.541
150  mtREV+F+R4    22956.392    228 46368.783    150792.783   47150.674
151  mtREV+F+R5    22913.292    230 46286.585    152546.585   47075.334
152  mtREV+F+R6    22896.984    232 46257.967    154369.967   47053.575
153  mtREV+F+R7    22896.971    234 46261.943    156241.943   47064.410
157  rtREV         24604.659    203 49615.319    53066.319    50311.476
158  rtREV+I       23929.517    204 48267.033    51903.555    48966.620
159  rtREV+G4      22736.998    204 45881.996    49518.517    46581.582
160  rtREV+I+G4    22695.535    205 45801.070    49640.160    46504.085
161  rtREV+R2      23194.297    205 46798.594    50637.685    47501.610
162  rtREV+R3      22813.351    207 46040.702    50346.302    46750.576
163  rtREV+R4      22700.624    209 45819.249    50695.915    46535.982
164  rtREV+R5      22676.176    211 45774.352    51365.852    46497.943
165  rtREV+R6      22657.811    213 45741.623    52253.337    46472.074
166  rtREV+R7      22657.779    215 45745.557    53485.557    46482.866
170  rtREV+F       24412.078    222 49268.155    69070.555    50029.470
171  rtREV+F+I     23805.885    223 48057.771    73033.771    48822.515
172  rtREV+F+G4    22545.159    223 45536.318    70512.318    46301.062
173  rtREV+F+I+G4  22510.714    224 45469.427    79069.427    46237.601
174  rtREV+F+R2    23012.909    224 46473.819    80073.819    47241.992
175  rtREV+F+R3    22614.306    226 45680.613    148284.613   46455.645
176  rtREV+F+R4    22516.346    228 45488.693    149912.693   46270.583
177  rtREV+F+R5    22484.651    230 45429.303    151689.303   46218.052
178  rtREV+F+R6    22467.169    232 45398.338    153510.338   46193.946
179  rtREV+F+R7    22467.161    234 45402.322    155382.322   46204.789
183  mtART         26620.065    203 53646.130    57097.130    54342.287
184  mtART+I       26218.084    204 52844.168    56480.690    53543.755
185  mtART+G4      23741.932    204 47891.864    51528.386    48591.450
186  mtART+I+G4    23661.792    205 47733.583    51572.674    48436.599
187  mtART+R2      24345.804    205 49101.608    52940.699    49804.623
188  mtART+R3      23818.853    207 48051.707    52357.307    48761.581
189  mtART+R4      23684.909    209 47787.818    52664.485    48504.551
190  mtART+R5      23651.745    211 47725.491    53316.991    48449.083
191  mtART+R6      23624.296    213 47674.593    54186.307    48405.043
192  mtART+R7      23618.315    215 47666.629    55406.629    48403.939
193  mtART+R8      23618.314    217 47670.628    57131.828    48414.796
196  mtART+F       25499.902    222 51443.803    71246.203    52205.118
197  mtART+F+I     25027.634    223 50501.268    75477.268    51266.012
198  mtART+F+G4    22964.443    223 46374.887    71350.887    47139.631
199  mtART+F+I+G4  22951.737    224 46351.474    79951.474    47119.648
200  mtART+F+R2    23661.881    224 47771.762    81371.762    48539.936
201  mtART+F+R3    23075.460    226 46602.919    149206.919   47377.951
202  mtART+F+R4    22979.664    228 46415.328    150839.328   47197.218
203  mtART+F+R5    22910.718    230 46281.436    152541.436   47070.185
204  mtART+F+R6    22886.464    232 46236.928    154348.928   47032.537
205  mtART+F+R7    22885.229    234 46238.458    156218.458   47040.925
209  mtZOA         25745.157    203 51896.313    55347.313    52592.470
210  mtZOA+I       25311.335    204 51030.670    54667.191    51730.256
211  mtZOA+G4      23191.134    204 46790.268    50426.790    47489.854
212  mtZOA+I+G4    23137.564    205 46685.129    50524.220    47388.145
213  mtZOA+R2      23801.095    205 48012.190    51851.281    48715.206
214  mtZOA+R3      23268.621    207 46951.242    51256.842    47661.116
215  mtZOA+R4      23166.482    209 46750.963    51627.630    47467.697
216  mtZOA+R5      23116.383    211 46654.767    52246.267    47378.358
217  mtZOA+R6      23092.804    213 46611.609    53123.323    47342.060
218  mtZOA+R7      23090.653    215 46611.306    54351.306    47348.615
222  mtZOA+F       24976.801    222 50397.603    70200.003    51158.917
223  mtZOA+F+I     24463.251    223 49372.503    74348.503    50137.247
224  mtZOA+F+G4    22712.148    223 45870.295    70846.295    46635.040
225  mtZOA+F+I+G4  22691.620    224 45831.240    79431.240    46599.413
226  mtZOA+F+R2    23388.484    224 47224.969    80824.969    47993.142
227  mtZOA+F+R3    22820.755    226 46093.510    148697.510   46868.542
228  mtZOA+F+R4    22716.281    228 45888.563    150312.563   46670.453
229  mtZOA+F+R5    22668.581    230 45797.162    152057.162   46585.911
230  mtZOA+F+R6    22652.975    232 45769.949    153881.949   46565.558
231  mtZOA+F+R7    22652.319    234 45772.638    155752.638   46575.105
235  VT            24464.823    203 49335.645    52786.645    50031.802
236  VT+I          23771.894    204 47951.788    51588.310    48651.374
237  VT+G4         22735.006    204 45878.012    49514.533    46577.598
238  VT+I+G4       22682.894    205 45775.788    49614.879    46478.804
239  VT+R2         23087.163    205 46584.326    50423.417    47287.342
240  VT+R3         22769.233    207 45952.466    50258.066    46662.341
241  VT+R4         22673.629    209 45765.257    50641.924    46481.991
242  VT+R5         22656.165    211 45734.330    51325.830    46457.922
243  VT+R6         22650.485    213 45726.970    52238.684    46457.421
244  VT+R7         22650.151    215 45730.301    53470.301    46467.611
248  VT+F          24432.236    222 49308.472    69110.872    50069.786
249  VT+F+I        23788.443    223 48022.886    72998.886    48787.630
250  VT+F+G4       22725.248    223 45896.495    70872.495    46661.239
251  VT+F+I+G4     22681.916    224 45811.832    79411.832    46580.005
252  VT+F+R2       23079.760    224 46607.520    80207.520    47375.694
253  VT+F+R3       22762.646    226 45977.291    148581.291   46752.323
254  VT+F+R4       22674.146    228 45804.293    150228.293   46586.184
255  VT+F+R5       22653.897    230 45767.793    152027.793   46556.543
256  VT+F+R6       22647.694    232 45759.389    153871.389   46554.997
257  VT+F+R7       22647.633    234 45763.266    155743.266   46565.733
261  LG            24276.893    203 48959.785    52410.785    49655.942
262  LG+I          23604.061    204 47616.123    51252.645    48315.709
263  LG+G4         22378.175    204 45164.350    48800.871    45863.936
264  LG+I+G4       22342.670    205 45095.340    48934.431    45798.356
265  LG+R2         22822.235    205 46054.471    49893.562    46757.487
266  LG+R3         22451.148    207 45316.296    49621.896    46026.171
267  LG+R4         22343.098    209 45104.195    49980.862    45820.929
268  LG+R5         22317.648    211 45057.296    50648.796    45780.887
269  LG+R6         22311.700    213 45049.399    51561.114    45779.850
270  LG+R7         22311.563    215 45053.126    52793.126    45790.435
274  LG+F          24269.640    222 48983.279    68785.679    49744.594
275  LG+F+I        23661.216    223 47768.432    72744.432    48533.176
276  LG+F+G4       22393.035    223 45232.071    70208.071    45996.815
277  LG+F+I+G4     22359.601    224 45167.202    78767.202    45935.376
278  LG+F+R2       22855.339    224 46158.677    79758.677    46926.851
279  LG+F+R3       22462.431    226 45376.862    147980.862   46151.894
280  LG+F+R4       22364.968    228 45185.936    149609.936   45967.827
281  LG+F+R5       22332.798    230 45125.596    151385.596   45914.346
282  LG+F+R6       22326.385    232 45116.771    153228.771   45912.379
283  LG+F+R7       22326.337    234 45120.675    155100.675   45923.142
287  DCMut         24902.396    203 50210.792    53661.792    50906.949
288  DCMut+I       24138.207    204 48684.414    52320.936    49384.001
289  DCMut+G4      22991.789    204 46391.577    50028.099    47091.164
290  DCMut+I+G4    22921.591    205 46253.182    50092.272    46956.197
291  DCMut+R2      23339.232    205 47088.465    50927.556    47791.481
292  DCMut+R3      23019.710    207 46453.420    50759.020    47163.294
293  DCMut+R4      22925.000    209 46267.999    51144.666    46984.732
294  DCMut+R5      22882.213    211 46186.425    51777.925    46910.017
295  DCMut+R6      22879.188    213 46184.376    52696.090    46914.827
300  DCMut+F       24817.117    222 50078.235    69880.635    50839.549
301  DCMut+F+I     24142.553    223 48731.106    73707.106    49495.850
302  DCMut+F+G4    22945.994    223 46337.988    71313.988    47102.732
303  DCMut+F+I+G4  22896.373    224 46240.746    79840.746    47008.919
304  DCMut+F+R2    23340.968    224 47129.937    80729.937    47898.110
305  DCMut+F+R3    22991.539    226 46435.079    149039.079   47210.111
306  DCMut+F+R4    22898.273    228 46252.546    150676.546   47034.437
307  DCMut+F+R5    22868.832    230 46197.665    152457.665   46986.414
308  DCMut+F+R6    22864.001    232 46192.003    154304.003   46987.611
313  PMB           24513.156    203 49432.311    52883.311    50128.468
314  PMB+I         23875.801    204 48159.603    51796.124    48859.189
315  PMB+G4        22833.133    204 46074.265    49710.787    46773.852
316  PMB+I+G4      22797.054    205 46004.107    49843.198    46707.123
317  PMB+R2        23174.444    205 46758.888    50597.979    47461.904
318  PMB+R3        22876.773    207 46167.545    50473.145    46877.420
319  PMB+R4        22781.549    209 45981.099    50857.766    46697.832
320  PMB+R5        22756.018    211 45934.036    51525.536    46657.628
321  PMB+R6        22753.337    213 45932.674    52444.388    46663.124
326  PMB+F         24541.095    222 49526.189    69328.589    50287.504
327  PMB+F+I       23931.325    223 48308.650    73284.650    49073.394
328  PMB+F+G4      22861.488    223 46168.976    71144.976    46933.720
329  PMB+F+I+G4    22830.354    224 46108.709    79708.709    46876.882
330  PMB+F+R2      23222.416    224 46892.833    80492.833    47661.006
331  PMB+F+R3      22908.672    226 46269.344    148873.344   47044.376
332  PMB+F+R4      22817.983    228 46091.967    150515.967   46873.857
333  PMB+F+R5      22791.240    230 46042.479    152302.479   46831.229
334  PMB+F+R6      22788.702    232 46041.404    154153.404   46837.013
339  HIVb          25889.411    203 52184.822    55635.822    52880.979
340  HIVb+I        25024.387    204 50456.774    54093.296    51156.361
341  HIVb+G4       23510.841    204 47429.682    51066.204    48129.268
342  HIVb+I+G4     23464.892    205 47339.784    51178.875    48042.800
343  HIVb+R2       24077.915    205 48565.831    52404.922    49268.847
344  HIVb+R3       23574.748    207 47563.495    51869.095    48273.370
345  HIVb+R4       23473.425    209 47364.850    52241.517    48081.584
346  HIVb+R5       23426.500    211 47275.000    52866.500    47998.592
347  HIVb+R6       23411.865    213 47249.729    53761.443    47980.180
348  HIVb+R7       23411.541    215 47253.083    54993.083    47990.392
352  HIVb+F        25790.251    222 52024.502    71826.902    52785.817
353  HIVb+F+I      25010.808    223 50467.616    75443.616    51232.360
354  HIVb+F+G4     23418.819    223 47283.638    72259.638    48048.382
355  HIVb+F+I+G4   23373.551    224 47195.102    80795.102    47963.275
356  HIVb+F+R2     24045.866    224 48539.732    82139.732    49307.906
357  HIVb+F+R3     23478.695    226 47409.390    150013.390   48184.422
358  HIVb+F+R4     23393.348    228 47242.697    151666.697   48024.588
359  HIVb+F+R5     23342.708    230 47145.416    153405.416   47934.165
360  HIVb+F+R6     23320.649    232 47105.298    155217.298   47900.906
361  HIVb+F+R7     23319.240    234 47106.479    157086.479   47908.946
365  HIVw          27107.565    203 54621.130    58072.130    55317.287
366  HIVw+I        26187.222    204 52782.443    56418.965    53482.030
367  HIVw+G4       24820.419    204 50048.838    53685.360    50748.424
368  HIVw+I+G4     24752.459    205 49914.919    53754.010    50617.935
369  HIVw+R2       25295.724    205 51001.447    54840.538    51704.463
370  HIVw+R3       24878.942    207 50171.884    54477.484    50881.759
371  HIVw+R4       24766.347    209 49950.695    54827.361    50667.428
372  HIVw+R5       24712.899    211 49847.799    55439.299    50571.391
373  HIVw+R6       24690.611    213 49807.223    56318.937    50537.673
374  HIVw+R7       24690.610    215 49811.221    57551.221    50548.530
378  HIVw+F        26647.417    222 53738.835    73541.235    54500.150
379  HIVw+F+I      25822.538    223 52091.077    77067.077    52855.821
380  HIVw+F+G4     24349.035    223 49144.070    74120.070    49908.814
381  HIVw+F+I+G4   24292.322    224 49032.644    82632.644    49800.817
382  HIVw+F+R2     24919.990    224 50287.980    83887.980    51056.153
383  HIVw+F+R3     24410.689    226 49273.378    151877.378   50048.410
384  HIVw+F+R4     24319.065    228 49094.129    153518.129   49876.020
385  HIVw+F+R5     24274.378    230 49008.755    155268.755   49797.505
386  HIVw+F+R6     24252.810    232 48969.620    157081.620   49765.228
387  HIVw+F+R7     24252.694    234 48973.388    158953.388   49775.855
391  JTTDCMut      24758.371    203 49922.742    53373.742    50618.899
392  JTTDCMut+I    24009.051    204 48426.101    52062.623    49125.688
393  JTTDCMut+G4   22811.759    204 46031.518    49668.040    46731.105
394  JTTDCMut+I+G4 22760.037    205 45930.073    49769.164    46633.089
395  JTTDCMut+R2   23224.215    205 46858.430    50697.521    47561.446
396  JTTDCMut+R3   22855.535    207 46125.070    50430.670    46834.945
397  JTTDCMut+R4   22762.892    209 45943.784    50820.450    46660.517
398  JTTDCMut+R5   22737.326    211 45896.653    51488.153    46620.245
399  JTTDCMut+R6   22725.525    213 45877.051    52388.765    46607.501
400  JTTDCMut+R7   22725.482    215 45880.963    53620.963    46618.273
404  JTTDCMut+F    24763.646    222 49971.293    69773.693    50732.607
405  JTTDCMut+F+I  24080.561    223 48607.122    73583.122    49371.866
406  JTTDCMut+F+G4 22836.928    223 46119.856    71095.856    46884.600
407  JTTDCMut+F+I+G4 22793.834    224 46035.668    79635.668    46803.842
408  JTTDCMut+F+R2 23286.018    224 47020.037    80620.037    47788.210
409  JTTDCMut+F+R3 22892.254    226 46236.507    148840.507   47011.539
410  JTTDCMut+F+R4 22800.364    228 46056.727    150480.727   46838.618
411  JTTDCMut+F+R5 22775.566    230 46011.133    152271.133   46799.882
412  JTTDCMut+F+R6 22764.773    232 45993.546    154105.546   46789.154
413  JTTDCMut+F+R7 22764.766    234 45997.533    155977.533   46800.000
417  FLU           25525.098    203 51456.196    54907.196    52152.353
418  FLU+I         24795.137    204 49998.273    53634.795    50697.860
419  FLU+G4        23406.273    204 47220.547    50857.069    47920.133
420  FLU+I+G4      23373.332    205 47156.663    50995.754    47859.679
421  FLU+R2        23894.082    205 48198.165    52037.256    48901.181
422  FLU+R3        23491.916    207 47397.831    51703.431    48107.706
423  FLU+R4        23376.266    209 47170.532    52047.198    47887.265
424  FLU+R5        23341.549    211 47105.098    52696.598    47828.690
425  FLU+R6        23323.590    213 47073.181    53584.895    47803.631
426  FLU+R7        23323.565    215 47077.130    54817.130    47814.439
430  FLU+F         25402.538    222 51249.076    71051.476    52010.391
431  FLU+F+I       24782.382    223 50010.764    74986.764    50775.508
432  FLU+F+G4      23303.764    223 47053.528    72029.528    47818.272
433  FLU+F+I+G4    23276.317    224 47000.633    80600.633    47768.807
434  FLU+F+R2      23837.330    224 48122.661    81722.661    48890.834
435  FLU+F+R3      23406.414    226 47264.829    149868.829   48039.861
436  FLU+F+R4      23288.027    228 47032.053    151456.053   47813.944
437  FLU+F+R5      23252.798    230 46965.595    153225.595   47754.345
438  FLU+F+R6      23238.819    232 46941.637    155053.637   47737.245
439  FLU+F+R7      23238.713    234 46945.427    156925.427   47747.894
443  Blosum62      24453.406    203 49312.811    52763.811    50008.969
444  Blosum62+I    23810.784    204 48029.567    51666.089    48729.154
445  Blosum62+G4   22795.636    204 45999.272    49635.793    46698.858
446  Blosum62+I+G4 22751.402    205 45912.803    49751.894    46615.819
447  Blosum62+R2   23124.008    205 46658.015    50497.106    47361.031
448  Blosum62+R3   22835.182    207 46084.365    50389.965    46794.239
449  Blosum62+R4   22738.317    209 45894.633    50771.300    46611.366
450  Blosum62+R5   22711.556    211 45845.113    51436.613    46568.705
451  Blosum62+R6   22702.378    213 45830.755    52342.470    46561.206
452  Blosum62+R7   22702.362    215 45834.723    53574.723    46572.033
456  Blosum62+F    24488.248    222 49420.496    69222.896    50181.811
457  Blosum62+F+I  23872.754    223 48191.509    73167.509    48956.253
458  Blosum62+F+G4 22829.403    223 46104.806    71080.806    46869.550
459  Blosum62+F+I+G4 22794.305    224 46036.609    79636.609    46804.783
460  Blosum62+F+R2 23169.965    224 46787.930    80387.930    47556.103
461  Blosum62+F+R3 22869.766    226 46191.532    148795.532   46966.564
462  Blosum62+F+R4 22781.259    228 46018.519    150442.519   46800.410
463  Blosum62+F+R5 22752.025    230 45964.049    152224.049   46752.799
464  Blosum62+F+R6 22743.531    232 45951.061    154063.061   46746.669
465  Blosum62+F+R7 22743.518    234 45955.035    155935.035   46757.502
469  mtMet         26120.067    203 52646.134    56097.134    53342.291
470  mtMet+I       25644.431    204 51696.863    55333.385    52396.449
471  mtMet+G4      23708.089    204 47824.178    51460.700    48523.764
472  mtMet+I+G4    23652.633    205 47715.265    51554.356    48418.281
473  mtMet+R2      24322.317    205 49054.633    52893.724    49757.649
474  mtMet+R3      23795.031    207 48004.063    52309.663    48713.937
475  mtMet+R4      23675.206    209 47768.412    52645.078    48485.145
476  mtMet+R5      23630.986    211 47683.973    53275.473    48407.565
477  mtMet+R6      23618.318    213 47662.635    54174.350    48393.086
478  mtMet+R7      23616.159    215 47662.318    55402.318    48399.627
482  mtMet+F       25237.316    222 50918.631    70721.031    51679.946
483  mtMet+F+I     24674.262    223 49794.524    74770.524    50559.268
484  mtMet+F+G4    22999.317    223 46444.633    71420.633    47209.377
485  mtMet+F+I+G4  22963.442    224 46374.884    79974.884    47143.057
486  mtMet+F+R2    23640.165    224 47728.330    81328.330    48496.503
487  mtMet+F+R3    23097.182    226 46646.364    149250.364   47421.396
488  mtMet+F+R4    22988.551    228 46433.101    150857.101   47214.992
489  mtMet+F+R5    22940.415    230 46340.830    152600.830   47129.580
490  mtMet+F+R6    22931.083    232 46326.167    154438.167   47121.775
491  mtMet+F+R7    22931.010    234 46330.021    156310.021   47132.487
495  mtVer         26760.166    203 53926.332    57377.332    54622.489
496  mtVer+I       26256.656    204 52921.313    56557.834    53620.899
497  mtVer+G4      24123.543    204 48655.085    52291.607    49354.672
498  mtVer+I+G4    24075.711    205 48561.421    52400.512    49264.437
499  mtVer+R2      24779.881    205 49969.763    53808.853    50672.778
500  mtVer+R3      24222.238    207 48858.476    53164.076    49568.351
501  mtVer+R4      24114.270    209 48646.541    53523.207    49363.274
502  mtVer+R5      24059.076    211 48540.153    54131.653    49263.745
503  mtVer+R6      24041.227    213 48508.454    55020.168    49238.904
504  mtVer+R7      24040.234    215 48510.469    56250.469    49247.778
508  mtVer+F       25843.445    222 52130.891    71933.291    52892.205
509  mtVer+F+I     25240.053    223 50926.107    75902.107    51690.851
510  mtVer+F+G4    23441.711    223 47329.422    72305.422    48094.166
511  mtVer+F+I+G4  23411.312    224 47270.624    80870.624    48038.797
512  mtVer+F+R2    24114.386    224 48676.771    82276.771    49444.944
513  mtVer+F+R3    23547.325    226 47546.650    150150.650   48321.682
514  mtVer+F+R4    23446.712    228 47349.424    151773.424   48131.315
515  mtVer+F+R5    23376.409    230 47212.818    153472.818   48001.567
516  mtVer+F+R6    23369.212    232 47202.424    155314.424   47998.033
517  mtVer+F+R7    23369.192    234 47206.384    157186.384   48008.851
521  mtInv         25937.309    203 52280.618    55731.618    52976.776
522  mtInv+I       25438.228    204 51284.457    54920.978    51984.043
523  mtInv+G4      23683.265    204 47774.531    51411.052    48474.117
524  mtInv+I+G4    23638.699    205 47687.399    51526.490    48390.415
525  mtInv+R2      24293.632    205 48997.264    52836.355    49700.279
526  mtInv+R3      23767.700    207 47949.401    52255.001    48659.275
527  mtInv+R4      23662.496    209 47742.992    52619.658    48459.725
528  mtInv+R5      23597.322    211 47616.644    53208.144    48340.236
529  mtInv+R6      23594.218    213 47614.435    54126.149    48344.886
534  mtInv+F       24826.913    222 50097.826    69900.226    50859.141
535  mtInv+F+I     24235.392    223 48916.785    73892.785    49681.529
536  mtInv+F+G4    22767.087    223 45980.173    70956.173    46744.917
537  mtInv+F+I+G4  22737.384    224 45922.768    79522.768    46690.941
538  mtInv+F+R2    23357.669    224 47163.339    80763.339    47931.512
539  mtInv+F+R3    22861.633    226 46175.265    148779.265   46950.297
540  mtInv+F+R4    22759.509    228 45975.018    150399.018   46756.909
541  mtInv+F+R5    22714.324    230 45888.648    152148.648   46677.397
542  mtInv+F+R6    22705.099    232 45874.198    153986.198   46669.807
543  mtInv+F+R7    22705.014    234 45878.028    155858.028   46680.495
Akaike Information Criterion:           LG+R6
Corrected Akaike Information Criterion: LG+G4
Bayesian Information Criterion:         LG+R6
Best-fit model: LG+R6 chosen according to BIC

All model information printed to K00609.blastp_ALL.outfmt6.parsed.filtered.uniq.faa.mafft.aln.trimal1.model.gz
CPU time for ModelFinder: 1238.394 seconds (0h:20m:38s)
Wall-clock time for ModelFinder: 1209.482 seconds (0h:20m:9s)
Generating 2000 samples for ultrafast bootstrap (seed: 909451)...

NOTE: 24 MB RAM (0 GB) is required!
Measuring multi-threading efficiency up to 2 CPU cores
Increase to 10 rounds for branch lengths
4 trees examined
Threads: 1 / Time: 2.466 sec / Speedup: 1.000 / Efficiency: 100% / LogL: -28221
Threads: 2 / Time: 2.327 sec / Speedup: 1.060 / Efficiency: 53% / LogL: -28221
BEST NUMBER OF THREADS: 2

Estimate model parameters (epsilon = 0.100)
1. Initial log-likelihood: -22370.166
2. Current log-likelihood: -22349.162
3. Current log-likelihood: -22345.932
4. Current log-likelihood: -22343.386
5. Current log-likelihood: -22341.153
6. Current log-likelihood: -22339.158
7. Current log-likelihood: -22337.345
8. Current log-likelihood: -22335.674
9. Current log-likelihood: -22334.115
10. Current log-likelihood: -22332.684
11. Current log-likelihood: -22331.342
12. Current log-likelihood: -22330.085
13. Current log-likelihood: -22328.911
14. Current log-likelihood: -22327.816
15. Current log-likelihood: -22326.798
16. Current log-likelihood: -22325.947
17. Current log-likelihood: -22325.128
18. Current log-likelihood: -22324.366
19. Current log-likelihood: -22323.658
20. Current log-likelihood: -22323.001
21. Current log-likelihood: -22322.393
22. Current log-likelihood: -22321.826
23. Current log-likelihood: -22321.316
24. Current log-likelihood: -22320.904
25. Current log-likelihood: -22320.682
26. Current log-likelihood: -22320.532
Optimal log-likelihood: -22320.461
Site proportion and rates:  (0.249,0.050) (0.078,0.230) (0.105,0.427) (0.287,0.947) (0.142,1.609) (0.139,3.052)
Parameters optimization took 26 rounds (28.242 sec)
Computing ML distances based on estimated model parameters... 6.232 sec
Computing BIONJ tree...
0.009 seconds
Log-likelihood of BIONJ tree: -22185.263
--------------------------------------------------------------------
|             INITIALIZING CANDIDATE TREE SET                      |
--------------------------------------------------------------------
Generating 98 parsimony trees... 3.288 second
Computing log-likelihood of 98 initial trees ... 14.985 seconds
Current best score: -22132.807

Do NNI search on 20 best initial trees
Estimate model parameters (epsilon = 0.100)
BETTER TREE FOUND at iteration 1: -22091.780
Estimate model parameters (epsilon = 0.100)
BETTER TREE FOUND at iteration 2: -22090.007
Estimate model parameters (epsilon = 0.100)
BETTER TREE FOUND at iteration 4: -22085.332
Iteration 10 / LogL: -22101.843 / Time: 0h:1m:50s
Estimate model parameters (epsilon = 0.100)
BETTER TREE FOUND at iteration 11: -22081.890
Iteration 20 / LogL: -22102.622 / Time: 0h:2m:12s
Finish initializing candidate tree set (20)
Current best tree score: -22081.890 / CPU time: 95.473
Number of iterations: 20
--------------------------------------------------------------------
|               OPTIMIZING CANDIDATE TREE SET                      |
--------------------------------------------------------------------
Estimate model parameters (epsilon = 0.100)
BETTER TREE FOUND at iteration 26: -22075.649
Estimate model parameters (epsilon = 0.100)
BETTER TREE FOUND at iteration 30: -22061.009
Iteration 30 / LogL: -22061.009 / Time: 0h:2m:41s (0h:9m:16s left)
Estimate model parameters (epsilon = 0.100)
BETTER TREE FOUND at iteration 31: -22059.581
Iteration 40 / LogL: -22070.052 / Time: 0h:2m:52s (0h:6m:42s left)
Estimate model parameters (epsilon = 0.100)
BETTER TREE FOUND at iteration 42: -22057.994
Iteration 50 / LogL: -22058.020 / Time: 0h:3m:5s (0h:5m:47s left)
Log-likelihood cutoff on original alignment: -22164.543
Iteration 60 / LogL: -22063.143 / Time: 0h:3m:22s (0h:4m:40s left)
Iteration 70 / LogL: -22067.660 / Time: 0h:3m:32s (0h:3m:41s left)
Estimate model parameters (epsilon = 0.100)
BETTER TREE FOUND at iteration 80: -22056.106
Iteration 80 / LogL: -22056.106 / Time: 0h:3m:51s (0h:4m:52s left)
Iteration 90 / LogL: -22067.236 / Time: 0h:4m:10s (0h:4m:13s left)
Estimate model parameters (epsilon = 0.100)
BETTER TREE FOUND at iteration 91: -22055.642
Iteration 100 / LogL: -22056.571 / Time: 0h:4m:30s (0h:4m:8s left)
Log-likelihood cutoff on original alignment: -22155.335
NOTE: Bootstrap correlation coefficient of split occurrence frequencies: 0.991
Estimate model parameters (epsilon = 0.100)
BETTER TREE FOUND at iteration 102: -22053.825
Estimate model parameters (epsilon = 0.100)
BETTER TREE FOUND at iteration 107: -22053.370
Estimate model parameters (epsilon = 0.100)
BETTER TREE FOUND at iteration 110: -22053.110
Iteration 110 / LogL: -22053.110 / Time: 0h:4m:51s (0h:4m:27s left)
Estimate model parameters (epsilon = 0.100)
BETTER TREE FOUND at iteration 118: -22052.280
Estimate model parameters (epsilon = 0.100)
BETTER TREE FOUND at iteration 119: -22051.350
Iteration 120 / LogL: -22053.762 / Time: 0h:5m:11s (0h:4m:19s left)
Estimate model parameters (epsilon = 0.100)
BETTER TREE FOUND at iteration 122: -22050.592
Iteration 130 / LogL: -22055.041 / Time: 0h:5m:24s (0h:3m:51s left)
Estimate model parameters (epsilon = 0.100)
UPDATE BEST LOG-LIKELIHOOD: -22050.364
Iteration 140 / LogL: -22060.184 / Time: 0h:5m:41s (0h:3m:21s left)
Estimate model parameters (epsilon = 0.100)
BETTER TREE FOUND at iteration 148: -22049.412
Iteration 150 / LogL: -22054.420 / Time: 0h:5m:53s (0h:3m:52s left)
Log-likelihood cutoff on original alignment: -22132.372
Iteration 160 / LogL: -22055.294 / Time: 0h:6m:11s (0h:3m:25s left)
Iteration 170 / LogL: -22066.512 / Time: 0h:6m:27s (0h:2m:58s left)
Estimate model parameters (epsilon = 0.100)
BETTER TREE FOUND at iteration 177: -22048.466
Iteration 180 / LogL: -22052.340 / Time: 0h:6m:45s (0h:3m:39s left)
Iteration 190 / LogL: -22060.755 / Time: 0h:7m:2s (0h:3m:14s left)
Iteration 200 / LogL: -22055.394 / Time: 0h:7m:19s (0h:2m:50s left)
Log-likelihood cutoff on original alignment: -22132.372
NOTE: Bootstrap correlation coefficient of split occurrence frequencies: 0.978
NOTE: UFBoot does not converge, continue at least 100 more iterations
Iteration 210 / LogL: -22056.489 / Time: 0h:7m:37s (0h:3m:17s left)
Iteration 220 / LogL: -22060.317 / Time: 0h:7m:47s (0h:2m:50s left)
Iteration 230 / LogL: -22057.909 / Time: 0h:7m:58s (0h:2m:26s left)
Iteration 240 / LogL: -22054.186 / Time: 0h:8m:8s (0h:2m:2s left)
Iteration 250 / LogL: -22050.658 / Time: 0h:8m:18s (0h:1m:40s left)
Log-likelihood cutoff on original alignment: -22132.372
Iteration 260 / LogL: -22048.828 / Time: 0h:8m:34s (0h:1m:19s left)
Iteration 270 / LogL: -22054.662 / Time: 0h:8m:44s (0h:0m:58s left)
Iteration 280 / LogL: -22065.728 / Time: 0h:8m:54s (0h:0m:38s left)
Iteration 290 / LogL: -22049.214 / Time: 0h:9m:5s (0h:0m:18s left)
Iteration 300 / LogL: -22055.757 / Time: 0h:9m:15s (0h:0m:0s left)
Log-likelihood cutoff on original alignment: -22132.372
NOTE: Bootstrap correlation coefficient of split occurrence frequencies: 0.995
TREE SEARCH COMPLETED AFTER 300 ITERATIONS / Time: 0h:9m:16s

--------------------------------------------------------------------
|                    FINALIZING TREE SEARCH                        |
--------------------------------------------------------------------
Performs final model parameters optimization
Estimate model parameters (epsilon = 0.010)
1. Initial log-likelihood: -22048.466
Optimal log-likelihood: -22048.466
Site proportion and rates:  (0.247,0.037) (0.173,0.309) (0.302,0.913) (0.125,1.539) (0.112,2.562) (0.042,4.309)
Parameters optimization took 1 rounds (0.569 sec)
BEST SCORE FOUND : -22048.466
Creating bootstrap support values...
Split supports printed to NEXUS file K00609.blastp_ALL.outfmt6.parsed.filtered.uniq.faa.mafft.aln.trimal1.splits.nex
Total tree length: 30.640

Total number of iterations: 300
CPU time used for tree search: 1023.722 sec (0h:17m:3s)
Wall-clock time used for tree search: 519.720 sec (0h:8m:39s)
Total CPU time used: 1096.094 sec (0h:18m:16s)
Total wall-clock time used: 557.789 sec (0h:9m:17s)

Computing bootstrap consensus tree...
Reading input file K00609.blastp_ALL.outfmt6.parsed.filtered.uniq.faa.mafft.aln.trimal1.splits.nex...
103 taxa and 1029 splits.
Consensus tree written to K00609.blastp_ALL.outfmt6.parsed.filtered.uniq.faa.mafft.aln.trimal1.contree
Reading input trees file K00609.blastp_ALL.outfmt6.parsed.filtered.uniq.faa.mafft.aln.trimal1.contree
Log-likelihood of consensus tree: -22050.614

Analysis results written to: 
  IQ-TREE report:                K00609.blastp_ALL.outfmt6.parsed.filtered.uniq.faa.mafft.aln.trimal1.iqtree
  Maximum-likelihood tree:       K00609.blastp_ALL.outfmt6.parsed.filtered.uniq.faa.mafft.aln.trimal1.treefile
  Likelihood distances:          K00609.blastp_ALL.outfmt6.parsed.filtered.uniq.faa.mafft.aln.trimal1.mldist

Ultrafast bootstrap approximation results written to:
  Split support values:          K00609.blastp_ALL.outfmt6.parsed.filtered.uniq.faa.mafft.aln.trimal1.splits.nex
  Consensus tree:                K00609.blastp_ALL.outfmt6.parsed.filtered.uniq.faa.mafft.aln.trimal1.contree
  Screen log file:               K00609.blastp_ALL.outfmt6.parsed.filtered.uniq.faa.mafft.aln.trimal1.log

Date and Time: Wed Sep  8 23:36:44 2021
