IQ-TREE multicore version 1.6.12 for Linux 64-bit built Aug 15 2019
Developed by Bui Quang Minh, Nguyen Lam Tung, Olga Chernomor,
Heiko Schmidt, Dominik Schrempf, Michael Woodhams.

Host:    coral (AVX512, FMA3, 376 GB RAM)
Command: /home/timothy/programs/iqtree-1.6.12-Linux/bin/iqtree -s K00764.blastp_ALL.outfmt6.parsed.filtered.uniq.faa.mafft.aln.trimal1 -nt AUTO -ntmax 2 -m MFP -bb 2000 -quiet
Seed:    919162 (Using SPRNG - Scalable Parallel Random Number Generator)
Time:    Wed Sep  8 23:07:16 2021
Kernel:  AVX+FMA - auto-detect threads (96 CPU cores detected)

Reading alignment file K00764.blastp_ALL.outfmt6.parsed.filtered.uniq.faa.mafft.aln.trimal1 ... Fasta format detected
Alignment most likely contains protein sequences
Alignment has 122 sequences with 328 columns, 323 distinct patterns
285 parsimony-informative, 15 singleton sites, 28 constant sites
                                                                                                                                          Gap/Ambiguity  Composition  p-value
   1  Archaea-CandidatusBathyarchaeota-NA-NA-NA-Candidatus_Bathyarchaeota_archaeon_WP_116596397.1                                                 1.22%    failed      1.49%
   2  Archaea-Crenarchaeota-Thermoprotei-Sulfolobales-Sulfolobaceae-Acidianus_hospitalis_WP_148230294.1                                           2.44%    failed      4.34%
   3  Archaea-Crenarchaeota-Thermoprotei-Sulfolobales-Sulfolobaceae-Metallosphaera_sedula_WP_012021908.1                                          2.44%    passed     44.88%
   4  Archaea-Crenarchaeota-Thermoprotei-Sulfolobales-Sulfolobaceae-Sulfolobus_acidocaldarius_WP_011278425.1                                      2.74%    failed      3.32%
   5  Archaea-Crenarchaeota-Thermoprotei-Sulfolobales-Sulfolobaceae-Sulfurisphaera_tokodaii_WP_010979546.1                                        2.74%    failed      3.28%
   6  Archaea-Euryarchaeota-Archaeoglobi-Archaeoglobales-Archaeoglobaceae-Archaeoglobus_profundus_WP_012940389.1                                  0.91%    passed     32.10%
   7  Archaea-Euryarchaeota-Archaeoglobi-Archaeoglobales-Archaeoglobaceae-Ferroglobus_placidus_WP_012966326.1                                     0.91%    passed     79.61%
   8  Archaea-Euryarchaeota-Archaeoglobi-Archaeoglobales-Archaeoglobaceae-Geoglobus_ahangari_WP_048095389.1                                       0.91%    passed     82.43%
   9  Archaea-Euryarchaeota-Methanomicrobia-Methanosarcinales-CandidatusMethanoperedenaceae-Candidatus_Methanoperedens_sp._BLZ2_WP_097298721.1    0.91%    passed     65.01%
  10  Archaea-NA-NA-NA-NA-anaerobic_archaeon_MKD1_WP_147663249.1                                                                                  1.22%    passed     38.72%
  11  Archaea-NA-NA-NA-NA-archaeon_AArcSl_WP_119820412.1                                                                                          0.91%    passed     43.03%
  12  Archaea-Thaumarchaeota-NA-Nitrosopumilales-Nitrosopumilaceae-Nitrosopumilus_adriaticus_WP_048116240.1                                       1.22%    passed     70.18%
  13  Archaea-Thaumarchaeota-Nitrososphaeria-CandidatusNitrosocaldales-CandidatusNitrosocaldaceae-NA_WP_103287228.1                               1.22%    passed     91.09%
  14  Archaea-Thaumarchaeota-Nitrososphaeria-Nitrososphaerales-Nitrososphaeraceae-Candidatus_Nitrososphaera_gargensis_WP_015019060.1              1.22%    passed     91.48%
  15  Archaea-Thaumarchaeota-Nitrososphaeria-Nitrososphaerales-Nitrososphaeraceae-Nitrososphaera_viennensis_WP_075055964.1                        1.22%    passed     91.93%
  16  Bacteria-Actinobacteria-Actinobacteria-Corynebacteriales-Mycobacteriaceae-Mycolicibacterium_mucogenicum_WP_121073822.1                      0.91%    passed     77.37%
  17  Bacteria-Actinobacteria-Actinobacteria-Micrococcales-Microbacteriaceae-Agromyces_cerinus_WP_074259715.1                                     0.91%    passed     96.08%
  18  Bacteria-Actinobacteria-Actinobacteria-Micrococcales-Microbacteriaceae-Clavibacter_michiganensis_WP_043674069.1                             0.91%    passed     68.72%
  19  Bacteria-Actinobacteria-Actinobacteria-Micrococcales-Microbacteriaceae-Leucobacter_komagatae_WP_141888347.1                                 0.91%    passed     81.76%
  20  Bacteria-Cyanobacteria-NA-Synechococcales-Prochloraceae-NA_WP_077142000.1                                                                   0.91%    passed     48.87%
  21  Bacteria-Cyanobacteria-NA-Synechococcales-Prochloraceae-Prochlorococcus_sp._HOT208_60m_813L03_WP_079297670.1                                0.91%    passed     54.15%
  22  Bacteria-Firmicutes-Bacilli-Bacillales-Bacillaceae-Bacillus_sp._SRB_336_WP_113724349.1                                                      0.91%    passed     97.57%
  23  Bacteria-NA-NA-NA-NA-bacterium_B66_WP_136251919.1                                                                                           0.91%    passed     94.68%
  24  Bacteria-NA-NA-NA-NA-Bathymodiolus_heckerae_thiotrophic_gill_symbiont_WP_138146830.1                                                        0.91%    passed     95.92%
  25  Bacteria-Proteobacteria-Betaproteobacteria-NA-NA-beta_proteobacterium_CB_WP_015421164.1                                                     0.91%    passed     84.88%
  26  Bacteria-Proteobacteria-Betaproteobacteria-Neisseriales-Chromobacteriaceae-NA_WP_028449387.1                                                0.91%    passed     87.65%
  27  Bacteria-Proteobacteria-Betaproteobacteria-Neisseriales-Neisseriaceae-Kingella_kingae_WP_038313159.1                                        0.91%    passed     92.26%
  28  Bacteria-Proteobacteria-Betaproteobacteria-Nitrosomonadales-Nitrosomonadaceae-Nitrosomonas_nitrosa_WP_090668375.1                           0.91%    passed     93.10%
  29  Bacteria-Proteobacteria-Gammaproteobacteria-Pasteurellales-Pasteurellaceae-Mesocricetibacter_intestinalis_WP_133543525.1                    0.91%    passed     90.14%
  30  Eukaryota-Acytosteliales-Acytosteliales-Acytosteliales-Acytosteliaceae-Acytostelium_subglobosum_XP_012759575.1                              0.91%    passed     93.89%
  31  Eukaryota-Acytosteliales-Acytosteliales-Acytosteliales-Acytosteliaceae-Heterostelium_album_XP_020428351.1                                   0.91%    passed     97.45%
  32  Eukaryota-Acytosteliales-Acytosteliales-Acytosteliales-Cavenderiaceae-Cavenderia_fasciculata_XP_004357741.1                                 3.05%    passed     99.71%
  33  Eukaryota-Alveolata-Dinophyceae-NA-Unranked-Alexandrium_tamarense_MMETSP0384_c75904_g1_i1.p1                                                0.91%    passed     99.80%
  34  Eukaryota-Alveolata-Dinophyceae-NA-Unranked-Dinophysis_acuminata_MMETSP0797_c15534_g1_i2.p2                                                 0.91%    passed     95.20%
  35  Eukaryota-Alveolata-Dinophyceae-NA-Unranked-Gymnodinium_catenatum_MMETSP0784_c10728_g1_i1.p1                                                0.91%    passed     69.01%
  36  Eukaryota-Alveolata-Dinophyceae-NA-Unranked-Karenia_brevis_MMETSP0029_c17306_g1_i1.p1                                                       0.91%    passed     96.67%
  37  Eukaryota-Amoebozoa-NA-NA-Paramoebidae-Paramoeba_atlantica_MMETSP0151_c12028_g1_i1.p1                                                       9.76%    passed     94.08%
  38  Eukaryota-Amoebozoa-NA-NA-Paramoebidae-Stygamoeba_regulata_MMETSP0447_c24802_g1_i1.p1                                                      22.87%    passed     75.85%
  39  Eukaryota-Amoebozoa-NA-NA-Paramoebidae-Trichosphaerium_sp_MMETSP0405_c10781_g1_i1.p1                                                       29.88%    passed     98.37%
  40  Eukaryota-Annelida-Clitellata-Hirudinida-Glossiphoniidae-Helobdella_robusta_jgi109477                                                       0.91%    passed     47.27%
  41  Eukaryota-Arthropoda-Arachnida-Ixodida-Ixodidae-Ixodes_scapularis_XP_002407165.1                                                            0.91%    passed     93.61%
  42  Eukaryota-Arthropoda-Insecta-Diptera-Drosophilidae-Drosophila_elegans_XP_017134366.1                                                        0.91%    passed     83.81%
  43  Eukaryota-Arthropoda-Insecta-Diptera-Tephritidae-Bactrocera_oleae_XP_014096801.1                                                            0.91%    passed     95.46%
  44  Eukaryota-Arthropoda-Insecta-Diptera-Tephritidae-Ceratitis_capitata_XP_004529196.1                                                          0.91%    passed     93.72%
  45  Eukaryota-Ascomycota-Orbiliomycetes-Orbiliales-Orbiliaceae-Arthrobotrys_oligospora_XP_011117735.1                                           0.91%    passed     97.07%
  46  Eukaryota-Ascomycota-Pezizomycetes-Pezizales-Tuberaceae-Tuber_melanosporum_XP_002842460.1                                                   0.91%    passed     98.03%
  47  Eukaryota-Ascomycota-Schizosaccharomycetes-Schizosaccharomycetales-Schizosaccharomycetaceae-Schizosaccharomyces_japonicus_XP_002172911.1    0.91%    passed     99.89%
  48  Eukaryota-Ascomycota-Sordariomycetes-Magnaporthales-Magnaporthaceae-Gaeumannomyces_tritici_XP_009227821.1                                   0.91%    passed     91.53%
  49  Eukaryota-Basidiomycota-Agaricomycetes-Agaricales-Schizophyllaceae-Schizophyllum_commune_XP_003035305.1                                     0.91%    passed     87.80%
  50  Eukaryota-Basidiomycota-Agaricomycetes-Agaricales-Tricholomataceae-Laccaria_bicolor_XP_001874792.1                                          0.91%    passed     44.55%
  51  Eukaryota-Basidiomycota-Exobasidiomycetes-Exobasidiales-Brachybasidiaceae-Meira_miltonrushii_XP_025355858.1                                 0.91%    passed     69.16%
  52  Eukaryota-Basidiomycota-Pucciniomycetes-Pucciniales-Pucciniaceae-Puccinia_graminis_XP_003335529.2                                           0.91%    passed     85.79%
  53  Eukaryota-Brachiopoda-Lingulata-Lingulida-Lingulidae-Lingula_anatina_XP_013410094.1                                                         0.91%    passed     96.19%
  54  Eukaryota-Cercozoa-Chlorarachniophyceae-NA-NA-Bigelowiella_longifila_MMETSP1359_c4784_g1_i1.p1                                              0.91%    passed     51.83%
  55  Eukaryota-Cercozoa-Chlorarachniophyceae-NA-NA-Chlorarachnion_reptans_MMETSP0109_c10267_g1_i1.p1                                             0.91%    passed     85.25%
  56  Eukaryota-Cercozoa-Chlorarachniophyceae-NA-NA-Lotharella_globosa_MMETSP0041_c9403_g1_i1.p1                                                  0.91%    passed     96.40%
  57  Eukaryota-Cercozoa-NA-Euglyphida-Paulinellidae-Paulinella_chromatophora_scaffold3168-size2259_m.33221                                       2.74%    failed      0.70%
  58  Eukaryota-Chlorophyta-Chlorophyceae-Chlamydomonadales-Chlamydomonadaceae-Polytomella_parva_MMETSP0052_c30319_g1_i1.p1                       0.91%    passed     97.84%
  59  Eukaryota-Chlorophyta-Chlorophyceae-Chlamydomonadales-Volvocaceae-Volvox_carteri_XP_002947189.1                                             0.91%    passed     99.48%
  60  Eukaryota-Chlorophyta-NA-NA-NA-Tetraselmis_striata_MMETSP0819_c10261_g1_i1.p1                                                               0.91%    passed     99.92%
  61  Eukaryota-Chlorophyta-Palmophyllophyceae-Prasinococcales-Prasinococcaceae-Prasinoderma_singularis_MMETSP1315_c3477_g1_i1.p1                 0.91%    passed     90.03%
  62  Eukaryota-Choanoflagellata-Choanoflagellata-Choanoflagellata-NA-Acanthoeca_sp_MMETSP0105_c16316_g1_i1.p1                                    0.91%    passed     72.59%
  63  Eukaryota-Choanoflagellata-Choanoflagellata-Choanoflagellata-Salpingoecidae-Monosiga_brevicollis_XP_001750316.1                             0.61%    passed     99.77%
  64  Eukaryota-Chordata-Actinopteri-Cypriniformes-Cyprinidae-Carassius_auratus_XP_026120967.1                                                    0.91%    passed     72.41%
  65  Eukaryota-Chordata-NA-Testudines-Emydidae-Chrysemys_picta_XP_005299197.1                                                                    0.91%    passed     68.22%
  66  Eukaryota-Chordata-NA-Testudines-Emydidae-Terrapene_carolina_XP_026503711.1                                                                 0.91%    passed     68.22%
  67  Eukaryota-Chordata-NA-Testudines-Testudinidae-Gopherus_evgoodei_XP_030418927.1                                                              1.22%    passed     68.76%
  68  Eukaryota-Chytridiomycota-Chytridiomycetes-Rhizophydiales-NA-Batrachochytrium_dendrobatidis_jgi1764                                         0.91%    passed     99.81%
  69  Eukaryota-Chytridiomycota-Chytridiomycetes-Spizellomycetales-Spizellomycetaceae-Spizellomyces_punctatus_XP_016606660.1                      0.91%    passed     98.84%
  70  Eukaryota-Ciliophora-NA-Unranked-NA-Mesodinium_pulex_MMETSP0467_c47322_g1_i1.p2                                                             0.91%    passed     99.00%
  71  Eukaryota-Ciliophora-NA-Unranked-NA-Myrionecta_rubra_MMETSP0798_c13019_g1_i1.p1                                                             0.91%    passed     70.45%
  72  Eukaryota-Ciliophora-NA-Unranked-NA-Strombidinopsis_acuminatum_MMETSP0126_c95307_g1_i1.p1                                                  10.06%    passed     96.44%
  73  Eukaryota-Ciliophora-NA-Unranked-NA-Tiarina_fusus_MMETSP0472_c12072_g1_i1.p1                                                                0.91%    passed     93.89%
  74  Eukaryota-Cnidaria-Anthozoa-Actiniaria-Edwardsiidae-Nematostella_vectensis_XP_001622037.1                                                   0.91%    passed     92.76%
  75  Eukaryota-Cnidaria-Anthozoa-Scleractinia-Merulinidae-Orbicella_faveolata_XP_020604583.1                                                     0.91%    passed     94.76%
  76  Eukaryota-Cnidaria-Anthozoa-Scleractinia-Pocilloporidae-Pocillopora_damicornis_XP_027037910.1                                               0.91%    passed     94.05%
  77  Eukaryota-Cnidaria-Anthozoa-Scleractinia-Pocilloporidae-Stylophora_pistillata_XP_022801298.1                                                0.91%    passed     92.47%
  78  Eukaryota-Cryptophyta-NA-Cryptomonadales-Hemiselmidaceae-Hemiselmis_rufescens_MMETSP1357_c3186_g1_i1.p1                                     0.91%    passed     47.92%
  79  Eukaryota-Cryptophyta-NA-Goniomondales-NA-Goniomonas_pacifica_MMETSP0108_c6538_g1_i1.p1                                                     0.91%    passed     93.78%
  80  Eukaryota-Cryptophyta-NA-Pyrenomonadales-Geminigeraceae-Guillardia_theta_CCMP2712_jgi118734                                                 0.91%    passed     14.46%
  81  Eukaryota-Cryptophyta-NA-Pyrenomonadales-Pyrenomonadaceae-Rhodomonas_abbreviata_MMETSP1101_c50920_g1_i1.p1                                  0.91%    passed     15.77%
  82  Eukaryota-Dictyosteliales-Dictyosteliales-Dictyosteliales-Dictyosteliaceae-Dictyostelium_purpureum_jgi52300                                 0.91%    passed     78.88%
  83  Eukaryota-Echinodermata-Asteroidea-Valvatida-Acanthasteridae-Acanthaster_planci_XP_022108031.1                                              0.91%    passed     95.88%
  84  Eukaryota-Echinodermata-Echinoidea-Echinoida-Strongylocentrotidae-Strongylocentrotus_purpuratus_XP_780199.1                                 0.91%    passed     97.44%
  85  Eukaryota-Glaucophyta-Glaucophyta-Gloeochaetales-Gloeochaetaceae-Gloeochaete_wittrockiana_MMETSP1089_c22921_g1_i1.p1                        0.91%    passed     93.58%
  86  Eukaryota-Glaucophyta-Glaucophyta-NA-Cyanophoraceae-Cyanophora_paradoxa_tig00000711_g3432.t1                                                0.91%    passed     93.29%
  87  Eukaryota-Haptophyta-NA-Pavlovales-Pavlovaceae-Pavlova_lutheri_MMETSP1463_c9627_g1_i1.p1                                                    0.91%    passed     90.25%
  88  Eukaryota-Haptophyta-NA-Prymnesiales-NA-Chrysochromulina_brevifilum_MMETSP1094_c32152_g1_i1.p1                                              0.91%    passed     75.69%
  89  Eukaryota-Haptophyta-NA-Prymnesiales-NA-Chrysoculter_rhomboideus_MMETSP1335_c1039_g1_i1.p1                                                  0.91%    passed     97.44%
  90  Eukaryota-Haptophyta-NA-Prymnesiales-NA-Isochrysis_galbana_MMETSP0595_c1470_g1_i1.p1                                                        0.91%    passed     92.42%
  91  Eukaryota-Hemichordata-Enteropneusta-NA-Harrimaniidae-Saccoglossus_kowalevskii_XP_006824595.1                                              46.34%    passed     18.26%
  92  Eukaryota-Longamoebia-Longamoebia-Longamoebia-Acanthamoebidae-Acanthamoeba_castellanii_XP_004341599.1                                       0.91%    passed     62.07%
  93  Eukaryota-Mesomycetozoea-Ichthyosporea-Ichthyophonida-NA-Sphaeroforma_arctica_XP_014154211.1                                                0.91%    passed     97.21%
  94  Eukaryota-Mesomycetozoea-Ichthyosporea-NA-NA-Capsaspora_owczarzaki_XP_004349222.2                                                           0.91%    passed     87.58%
  95  Eukaryota-Mollusca-Bivalvia-Ostreoida-Ostreidae-Crassostrea_gigas_XP_011434633.1                                                            0.91%    passed     97.98%
  96  Eukaryota-Mollusca-Bivalvia-Pectinoida-Pectinidae-Mizuhopecten_yessoensis_XP_021348320.1                                                    0.91%    passed     99.71%
  97  Eukaryota-Mollusca-Cephalopoda-Octopoda-Octopodidae-Octopus_vulgaris_XP_029642625.1                                                         0.91%    passed     92.10%
  98  Eukaryota-Mollusca-Gastropoda-Aplysiida-Aplysiidae-Aplysia_californica_XP_005105197.1                                                       0.91%    passed     89.51%
  99  Eukaryota-Mucorales-Mucoraceae-Undefined-Undefined-Mucor_circinelloides_jgi87787                                                            0.91%    passed     99.86%
 100  Eukaryota-Mucoromycota-Glomeromycetes-Glomerales-Glomeraceae-Rhizophagus_irregularis_XP_025189121.1                                         0.91%    passed     51.58%
 101  Eukaryota-Mucoromycota-Mortierellomycetes-Mortierellales-Mortierellaceae-Lobosporangium_transversale_XP_021885660.1                         0.91%    passed     87.71%
 102  Eukaryota-Mucoromycota-Mucoromycetes-Mucorales-Phycomycetaceae-Phycomyces_blakesleeanus_jgi38324                                            0.91%    passed     98.24%
 103  Eukaryota-Mucoromycota-Mucoromycetes-Mucorales-Rhizopodaceae-Rhizopus_microsporus_XP_023461082.1                                            0.91%    passed     98.48%
 104  Eukaryota-Nematoda-Chromadorea-Rhabditida-Rhabditidae-Caenorhabditis_elegans_NP_497958.1                                                    1.22%    passed     99.72%
 105  Eukaryota-Nematoda-Chromadorea-Strongylida-Ancylostomatidae-Necator_americanus_XP_013293375.1                                               5.18%    passed     91.97%
 106  Eukaryota-Perkinsozoa-NA-Perkinsida-Perkinsidae-Perkinsus_marinus_XP_002774038.1                                                            1.22%    passed     98.54%
 107  Eukaryota-Placozoa-NA-NA-Trichoplacidae-Trichoplax_adhaerens_XP_002112648.1                                                                 0.91%    passed      7.46%
 108  Eukaryota-Priapulida-Priapulimorpha-Priapulimorphida-Priapulidae-Priapulus_caudatus_XP_014673592.1                                          0.91%    failed      0.63%
 109  Eukaryota-Rhodophyta-Bangiophyceae-Cyanidiales-Cyanidiaceae-Galdieria_sulphuraria_Gsulp5572_G338.1                                          0.91%    passed     95.92%
 110  Eukaryota-Rhodophyta-Bangiophyceae-NA-NA-Rhodosorus_marinus_MMETSP0011_c2105_g1_i2.p1                                                       0.91%    passed     91.16%
 111  Eukaryota-Rhodophyta-Bangiophyceae-Porphyridiales-Porphyridiaceae-Porphyridium_purpureum_667.5                                              0.91%    passed     99.99%
 112  Eukaryota-Rhodophyta-Porphyridiophyceae-NA-NA-Timspurckia_oligopyrenoides_MMETSP1172_c3127_g1_i1.p1                                         0.91%    passed     99.82%
 113  Eukaryota-Stramenopiles-Dictyochophyceae-Rhizochromulinales-NA-Rhizochromulina_marinacf_MMETSP1173_c5665_g1_i3.p1                           0.91%    passed     99.35%
 114  Eukaryota-Stramenopiles-NA-NA-NA-Licmophora_paradoxa_MMETSP1360_c10121_g1_i1.p1                                                             0.91%    passed     96.71%
 115  Eukaryota-Stramenopiles-NA-NA-NA-Proboscia_alata_MMETSP0174_c27847_g1_i1.p1                                                                 0.91%    passed     81.32%
 116  Eukaryota-Stramenopiles-NA-NA-NA-Pseudo_pungens_MMETSP1060_c2369_g1_i1.p1                                                                   0.91%    passed     75.47%
 117  Eukaryota-Streptophyta-NA-Brassicales-Brassicaceae-Arabidopsis_lyrata_XP_020872644.1                                                        0.91%    passed     76.07%
 118  Eukaryota-Streptophyta-NA-Brassicales-Brassicaceae-Raphanus_sativus_XP_018433269.1                                                          0.91%    passed     75.42%
 119  Eukaryota-Streptophyta-NA-Fagales-Fagaceae-Quercus_suber_XP_023893926.1                                                                     0.91%    passed     63.68%
 120  Eukaryota-Streptophyta-NA-Myrtales-Myrtaceae-Rhodamnia_argentea_XP_030537037.1                                                              0.91%    passed     49.04%
 121  MSTRG.835.1.p1                                                                                                                              2.74%    failed      0.62%
 122  Viruses-NA-NA-NA-NA-Mollivirus_sibericum_YP_009165054.1                                                                                     2.74%    passed     11.64%
****  TOTAL                                                                                                                                       2.02%  7 sequences failed composition chi2 test (p-value<5%; df=19)
NOTE: Eukaryota-Chordata-NA-Testudines-Emydidae-Terrapene_carolina_XP_026503711.1 is identical to Eukaryota-Chordata-NA-Testudines-Emydidae-Chrysemys_picta_XP_005299197.1 but kept for subsequent analysis


Create initial parsimony tree by phylogenetic likelihood library (PLL)... 0.046 seconds
NOTE: ModelFinder requires 67 MB RAM!
ModelFinder will test 546 protein models (sample size: 328) ...
 No. Model         -LnL         df  AIC          AICc         BIC
Measuring multi-threading efficiency up to 2 CPU cores
9 trees examined
Threads: 1 / Time: 2.018 sec / Speedup: 1.000 / Efficiency: 100% / LogL: -63284
Threads: 2 / Time: 0.929 sec / Speedup: 2.171 / Efficiency: 109% / LogL: -63284
BEST NUMBER OF THREADS: 2

  1  Dayhoff       38921.497    241 78324.993    79681.319    79239.110
  2  Dayhoff+I     38305.031    242 77094.061    78477.732    78011.970
  3  Dayhoff+G4    36416.263    242 73316.527    74700.197    74234.436
  4  Dayhoff+I+G4  36348.797    243 73183.593    74595.308    74105.296
  5  Dayhoff+R2    37031.082    243 74548.163    75959.877    75469.865
  6  Dayhoff+R3    36555.800    245 73601.599    75071.599    74530.888
  7  Dayhoff+R4    36416.229    247 73326.459    74857.859    74263.333
  8  Dayhoff+R5    36360.105    249 73218.209    74814.363    74162.670
  9  Dayhoff+R6    36324.547    251 73151.093    74815.620    74103.140
 10  Dayhoff+R7    36308.602    253 73123.205    74860.015    74082.837
 11  Dayhoff+R8    36295.805    255 73101.611    74914.944    74068.829
 12  Dayhoff+R9    36287.592    257 73089.184    74983.641    74063.988
 13  Dayhoff+R10   36281.485    259 73080.970    75061.559    74063.361
 14  Dayhoff+F     38799.245    260 78118.490    80144.161    79104.673
 15  Dayhoff+F+I   38232.011    261 76986.022    79058.204    77975.998
 16  Dayhoff+F+G4  36298.554    261 73119.108    75191.289    74109.084
 17  Dayhoff+F+I+G4 36235.001    262 72994.003    75114.187    73987.772
 18  Dayhoff+F+R2  36909.255    262 74342.511    76462.695    75336.280
 19  Dayhoff+F+R3  36450.693    264 73429.386    75650.338    74430.742
 20  Dayhoff+F+R4  36303.231    266 73138.461    75467.051    74147.403
 21  Dayhoff+F+R5  36261.807    268 73059.613    75503.410    74076.141
 22  Dayhoff+F+R6  36224.913    270 72989.825    75557.194    74013.939
 23  Dayhoff+F+R7  36206.431    272 72956.862    75657.080    73988.561
 24  Dayhoff+F+R8  36195.814    274 72939.628    75783.024    73978.914
 25  Dayhoff+F+R9  36188.741    276 72929.482    75927.600    73976.354
 26  Dayhoff+F+R10 36183.589    278 72923.178    76088.973    73977.635
 27  mtMAM         43082.488    241 86646.975    88003.301    87561.091
 28  mtMAM+I       42591.820    242 85667.639    87051.310    86585.549
 29  mtMAM+G4      38686.139    242 77856.278    79239.949    78774.188
 30  mtMAM+I+G4    38677.683    243 77841.367    79253.081    78763.069
 31  mtMAM+R2      39938.381    243 80362.762    81774.477    81284.465
 32  mtMAM+R3      39100.821    245 78691.642    80161.642    79620.930
 33  mtMAM+R4      38876.116    247 78246.233    79777.633    79183.107
 34  mtMAM+R5      38706.967    249 77911.934    79508.088    78856.394
 35  mtMAM+R6      38632.018    251 77766.036    79430.563    78718.083
 36  mtMAM+R7      38582.682    253 77671.363    79408.174    78630.996
 37  mtMAM+R8      38554.514    255 77619.028    79432.362    78586.247
 38  mtMAM+R9      38536.045    257 77586.089    79480.546    78560.894
 39  mtMAM+R10     38521.187    259 77560.373    79540.961    78542.764
 40  mtMAM+F       41445.440    260 83410.879    85436.551    84397.063
 41  mtMAM+F+I     40904.670    261 82331.339    84403.521    83321.316
 42  mtMAM+F+G4    37572.137    261 75666.275    77738.457    76656.251
 43  mtMAM+F+I+G4  37545.887    262 75615.773    77735.958    76609.543
 44  mtMAM+F+R2    38637.508    262 77799.015    79919.200    78792.785
 45  mtMAM+F+R3    37885.238    264 76298.476    78519.428    77299.831
 46  mtMAM+F+R4    37728.457    266 75988.914    78317.504    76997.855
 47  mtMAM+F+R5    37594.479    268 75724.957    78168.754    76741.485
 48  mtMAM+F+R6    37533.096    270 75606.193    78173.561    76630.307
 49  mtMAM+F+R7    37491.048    272 75526.096    78226.315    76557.796
 50  mtMAM+F+R8    37464.591    274 75477.182    78320.578    76516.467
 51  mtMAM+F+R9    37448.356    276 75448.712    78446.830    76495.584
 52  mtMAM+F+R10   37436.893    278 75429.786    78595.582    76484.243
 53  JTT           38550.328    241 77582.655    78938.981    78496.772
 54  JTT+I         37959.486    242 76402.972    77786.642    77320.881
 55  JTT+G4        36083.273    242 72650.546    74034.216    73568.455
 56  JTT+I+G4      36017.372    243 72520.744    73932.459    73442.447
 57  JTT+R2        36727.045    243 73940.090    75351.805    74861.793
 58  JTT+R3        36246.409    245 72982.818    74452.818    73912.106
 59  JTT+R4        36085.541    247 72665.082    74196.482    73601.957
 60  JTT+R5        36041.733    249 72581.466    74177.619    73525.926
 61  JTT+R6        36012.147    251 72526.295    74190.821    73478.341
 62  JTT+R7        35994.183    253 72494.366    74231.177    73453.999
 63  JTT+R8        35983.807    255 72477.614    74290.948    73444.833
 64  JTT+R9        35975.561    257 72465.122    74359.579    73439.926
 65  JTT+R10       35970.332    259 72458.663    74439.252    73441.054
 66  JTT+F         38612.269    260 77744.537    79770.209    78730.721
 67  JTT+F+I       38057.863    261 76637.727    78709.908    77627.703
 68  JTT+F+G4      36113.240    261 72748.481    74820.663    73738.457
 69  JTT+F+I+G4    36054.825    262 72633.651    74753.835    73627.420
 70  JTT+F+R2      36763.099    262 74050.198    76170.383    75043.968
 71  JTT+F+R3      36274.931    264 73077.862    75298.814    74079.218
 72  JTT+F+R4      36121.379    266 72774.758    75103.349    73783.700
 73  JTT+F+R5      36073.584    268 72683.168    75126.965    73699.696
 74  JTT+F+R6      36050.871    270 72641.743    75209.111    73665.856
 75  JTT+F+R7      36032.673    272 72609.346    75309.565    73641.046
 76  JTT+F+R8      36022.031    274 72592.062    75435.458    73631.347
 77  JTT+F+R9      36015.269    276 72582.539    75580.656    73629.410
 78  JTT+F+R10     36010.627    278 72577.255    75743.051    73631.713
 79  WAG           37928.644    241 76339.288    77695.614    77253.405
 80  WAG+I         37363.866    242 75211.732    76595.402    76129.641
 81  WAG+G4        35802.152    242 72088.304    73471.975    73006.214
 82  WAG+I+G4      35737.540    243 71961.079    73372.794    72882.782
 83  WAG+R2        36308.326    243 73102.653    74514.367    74024.355
 84  WAG+R3        35882.491    245 72254.982    73724.982    73184.270
 85  WAG+R4        35779.863    247 72053.727    73585.127    72990.601
 86  WAG+R5        35734.339    249 71966.679    73562.832    72911.139
 87  WAG+R6        35714.049    251 71930.099    73594.625    72882.145
 88  WAG+R7        35700.460    253 71906.920    73643.730    72866.552
 89  WAG+R8        35693.064    255 71896.128    73709.461    72863.347
 90  WAG+R9        35688.021    257 71890.042    73784.499    72864.847
 92  WAG+F         37812.570    260 76145.139    78170.811    77131.323
 93  WAG+F+I       37291.531    261 75105.063    77177.244    76095.039
 94  WAG+F+G4      35696.323    261 71914.647    73986.828    72904.623
 95  WAG+F+I+G4    35639.479    262 71802.959    73923.143    72796.728
 96  WAG+F+R2      36210.102    262 72944.204    75064.389    73937.974
 97  WAG+F+R3      35780.965    264 72089.929    74310.882    73091.285
 98  WAG+F+R4      35683.862    266 71899.723    74228.313    72908.665
 99  WAG+F+R5      35643.154    268 71822.308    74266.105    72838.836
100  WAG+F+R6      35619.797    270 71779.594    74346.962    72803.707
101  WAG+F+R7      35607.114    272 71758.229    74458.447    72789.929
102  WAG+F+R8      35600.770    274 71749.541    74592.937    72788.827
103  WAG+F+R9      35596.597    276 71745.195    74743.312    72792.067
105  cpREV         38050.657    241 76583.313    77939.639    77497.429
106  cpREV+I       37488.054    242 75460.107    76843.778    76378.016
107  cpREV+G4      35927.966    242 72339.933    73723.604    73257.842
108  cpREV+I+G4    35855.168    243 72196.336    73608.050    73118.038
109  cpREV+R2      36433.457    243 73352.913    74764.627    74274.615
110  cpREV+R3      36006.446    245 72502.893    73972.893    73432.181
111  cpREV+R4      35906.979    247 72307.959    73839.359    73244.833
112  cpREV+R5      35864.921    249 72227.843    73823.996    73172.303
113  cpREV+R6      35841.639    251 72185.278    73849.804    73137.324
114  cpREV+R7      35827.760    253 72161.519    73898.330    73121.152
115  cpREV+R8      35820.353    255 72150.705    73964.039    73117.924
116  cpREV+R9      35815.344    257 72144.688    74039.145    73119.493
118  cpREV+F       37956.609    260 76433.217    78458.889    77419.401
119  cpREV+F+I     37416.632    261 75355.264    77427.445    76345.240
120  cpREV+F+G4    35849.336    261 72220.671    74292.853    73210.648
121  cpREV+F+I+G4  35780.756    262 72085.512    74205.696    73079.281
122  cpREV+F+R2    36343.620    262 73211.240    75331.424    74205.009
123  cpREV+F+R3    35924.180    264 72376.360    74597.312    73377.715
124  cpREV+F+R4    35831.555    266 72195.109    74523.699    73204.051
125  cpREV+F+R5    35790.838    268 72117.677    74561.473    73134.204
126  cpREV+F+R6    35765.988    270 72071.976    74639.344    73096.089
127  cpREV+F+R7    35752.383    272 72048.765    74748.983    73080.465
128  cpREV+F+R8    35745.467    274 72038.934    74882.330    73078.219
129  cpREV+F+R9    35740.976    276 72033.952    75032.070    73080.824
131  mtREV         40680.530    241 81843.060    83199.386    82757.177
132  mtREV+I       40228.876    242 80941.751    82325.422    81859.660
133  mtREV+G4      37654.337    242 75792.674    77176.345    76710.583
134  mtREV+I+G4    37613.393    243 75712.786    77124.501    76634.489
135  mtREV+R2      38428.819    243 77343.638    78755.352    78265.340
136  mtREV+R3      37858.064    245 76206.129    77676.129    77135.417
137  mtREV+R4      37739.853    247 75973.705    77505.105    76910.579
138  mtREV+R5      37638.594    249 75775.189    77371.342    76719.649
139  mtREV+R6      37589.739    251 75681.478    77346.004    76633.524
140  mtREV+R7      37566.658    253 75639.316    77376.127    76598.948
141  mtREV+R8      37556.727    255 75623.454    77436.787    76590.672
142  mtREV+R9      37550.789    257 75615.578    77510.035    76590.382
143  mtREV+R10     37542.913    259 75603.826    77584.414    76586.217
144  mtREV+F       39127.376    260 78774.752    80800.424    79760.936
145  mtREV+F+I     38646.426    261 77814.852    79887.034    78804.828
146  mtREV+F+G4    36370.319    261 73262.637    75334.819    74252.614
147  mtREV+F+I+G4  36326.772    262 73177.545    75297.730    74171.315
148  mtREV+F+R2    37071.271    262 74666.543    76786.727    75660.312
149  mtREV+F+R3    36563.793    264 73655.587    75876.539    74656.942
150  mtREV+F+R4    36429.038    266 73390.077    75718.667    74399.019
151  mtREV+F+R5    36343.168    268 73222.335    75666.132    74238.863
152  mtREV+F+R6    36304.569    270 73149.139    75716.507    74173.252
153  mtREV+F+R7    36288.663    272 73121.325    75821.544    74153.025
154  mtREV+F+R8    36280.113    274 73108.225    75951.621    74147.511
155  mtREV+F+R9    36274.541    276 73101.082    76099.200    74147.954
157  rtREV         38278.428    241 77038.856    78395.182    77952.972
158  rtREV+I       37728.550    242 75941.101    77324.771    76859.010
159  rtREV+G4      35910.885    242 72305.769    73689.440    73223.679
160  rtREV+I+G4    35852.033    243 72190.066    73601.780    73111.768
161  rtREV+R2      36537.347    243 73560.695    74972.409    74482.397
162  rtREV+R3      36053.548    245 72597.096    74067.096    73526.385
163  rtREV+R4      35922.638    247 72339.276    73870.676    73276.151
164  rtREV+R5      35863.846    249 72225.692    73821.846    73170.153
165  rtREV+R6      35831.146    251 72164.292    73828.819    73116.339
166  rtREV+R7      35814.128    253 72134.255    73871.066    73093.888
167  rtREV+R8      35804.823    255 72119.646    73932.980    73086.865
168  rtREV+R9      35798.269    257 72110.538    74004.995    73085.342
169  rtREV+R10     35790.330    259 72098.660    74079.248    73081.050
170  rtREV+F       38091.118    260 76702.237    78727.908    77688.420
171  rtREV+F+I     37582.191    261 75686.383    77758.564    76676.359
172  rtREV+F+G4    35657.753    261 71837.507    73909.689    72827.484
173  rtREV+F+I+G4  35608.055    262 71740.111    73860.295    72733.880
174  rtREV+F+R2    36291.479    262 73106.957    75227.142    74100.727
175  rtREV+F+R3    35808.250    264 72144.499    74365.451    73145.855
176  rtREV+F+R4    35681.338    266 71894.677    74223.267    72903.618
177  rtREV+F+R5    35614.950    268 71765.900    74209.697    72782.428
178  rtREV+F+R6    35587.023    270 71714.047    74281.415    72738.160
179  rtREV+F+R7    35571.564    272 71687.128    74387.347    72718.828
180  rtREV+F+R8    35563.476    274 71674.951    74518.348    72714.237
181  rtREV+F+R9    35557.795    276 71667.590    74665.707    72714.461
183  mtART         41384.029    241 83250.058    84606.384    84164.174
184  mtART+I       40918.591    242 82321.182    83704.853    83239.092
185  mtART+G4      37338.340    242 75160.681    76544.351    76078.590
186  mtART+I+G4    37329.193    243 75144.385    76556.100    76066.088
187  mtART+R2      38460.291    243 77406.582    78818.296    78328.284
188  mtART+R3      37645.426    245 75780.852    77250.852    76710.140
189  mtART+R4      37531.068    247 75556.135    77087.535    76493.010
190  mtART+R5      37400.857    249 75299.714    76895.868    76244.175
191  mtART+R6      37311.886    251 75125.771    76790.298    76077.818
192  mtART+R7      37274.470    253 75054.940    76791.750    76014.572
193  mtART+R8      37257.045    255 75024.090    76837.423    75991.308
194  mtART+R9      37244.897    257 75003.794    76898.251    75978.598
195  mtART+R10     37213.785    259 74945.570    76926.159    75927.961
196  mtART+F       40001.985    260 80523.971    82549.642    81510.154
197  mtART+F+I     39504.992    261 79531.985    81604.166    80521.961
198  mtART+F+G4    36400.912    261 73323.824    75396.006    74313.800
199  mtART+F+I+G4  36357.560    262 73239.121    75359.305    74232.890
200  mtART+F+R2    37347.595    262 75219.191    77339.375    76212.960
201  mtART+F+R3    36657.957    264 73843.913    76064.866    74845.269
202  mtART+F+R4    36534.615    266 73601.229    75929.819    74610.171
203  mtART+F+R5    36423.719    268 73383.437    75827.234    74399.965
204  mtART+F+R6    36353.498    270 73246.996    75814.364    74271.109
205  mtART+F+R7    36318.240    272 73180.479    75880.697    74212.179
206  mtART+F+R8    36301.710    274 73151.419    75994.816    74190.705
207  mtART+F+R9    36290.162    276 73132.324    76130.442    74179.196
208  mtART+F+R10   36266.170    278 73088.340    76254.136    74142.798
209  mtZOA         40129.162    241 80740.325    82096.650    81654.441
210  mtZOA+I       39681.126    242 79846.252    81229.922    80764.161
211  mtZOA+G4      36533.024    242 73550.048    74933.719    74467.958
212  mtZOA+I+G4    36515.938    243 73517.876    74929.590    74439.578
213  mtZOA+R2      37512.695    243 75511.391    76923.105    76433.093
214  mtZOA+R3      36781.638    245 74053.276    75523.276    74982.565
215  mtZOA+R4      36689.559    247 73873.117    75404.517    74809.992
216  mtZOA+R5      36575.125    249 73648.250    75244.404    74592.710
217  mtZOA+R6      36499.974    251 73501.947    75166.474    74453.994
218  mtZOA+R7      36466.219    253 73438.438    75175.249    74398.071
219  mtZOA+R8      36448.982    255 73407.964    75221.298    74375.183
220  mtZOA+R9      36437.085    257 73388.169    75282.627    74362.974
221  mtZOA+R10     36413.468    259 73344.936    75325.524    74327.327
222  mtZOA+F       39235.126    260 78990.251    81015.923    79976.435
223  mtZOA+F+I     38749.038    261 78020.076    80092.258    79010.052
224  mtZOA+F+G4    36022.967    261 72567.934    74640.116    73557.911
225  mtZOA+F+I+G4  35979.832    262 72483.665    74603.849    73477.434
226  mtZOA+F+R2    36848.500    262 74221.001    76341.185    75214.770
227  mtZOA+F+R3    36234.076    264 72996.152    75217.104    73997.507
228  mtZOA+F+R4    36106.940    266 72745.881    75074.471    73754.822
229  mtZOA+F+R5    36027.675    268 72591.351    75035.147    73607.878
230  mtZOA+F+R6    35960.549    270 72461.098    75028.466    73485.211
231  mtZOA+F+R7    35929.980    272 72403.959    75104.177    73435.659
232  mtZOA+F+R8    35916.118    274 72380.236    75223.632    73419.522
233  mtZOA+F+R9    35907.774    276 72367.547    75365.665    73414.419
234  mtZOA+F+R10   35892.735    278 72341.469    75507.265    73395.927
235  VT            38050.288    241 76582.577    77938.902    77496.693
236  VT+I          37498.606    242 75481.213    76864.883    76399.122
237  VT+G4         35900.396    242 72284.792    73668.463    73202.702
238  VT+I+G4       35837.380    243 72160.759    73572.474    73082.462
239  VT+R2         36445.566    243 73377.132    74788.847    74298.835
240  VT+R3         36007.108    245 72504.217    73974.217    73433.505
241  VT+R4         35889.543    247 72273.087    73804.487    73209.961
242  VT+R5         35851.479    249 72200.958    73797.111    73145.418
243  VT+R6         35826.712    251 72155.423    73819.950    73107.470
244  VT+R7         35813.460    253 72132.920    73869.730    73092.552
245  VT+R8         35806.295    255 72122.590    73935.923    73089.808
246  VT+R9         35800.403    257 72114.805    74009.263    73089.610
247  VT+R10        35793.131    259 72104.261    74084.850    73086.652
248  VT+F          38017.780    260 76555.559    78581.231    77541.743
249  VT+F+I        37499.765    261 75521.530    77593.712    76511.507
250  VT+F+G4       35865.700    261 72253.399    74325.581    73243.376
251  VT+F+I+G4     35808.312    262 72140.624    74260.809    73134.394
252  VT+F+R2       36411.522    262 73347.044    75467.229    74340.814
253  VT+F+R3       35961.405    264 72450.811    74671.763    73452.166
254  VT+F+R4       35859.954    266 72251.908    74580.498    73260.849
255  VT+F+R5       35823.042    268 72182.085    74625.881    73198.612
256  VT+F+R6       35798.879    270 72137.758    74705.126    73161.872
257  VT+F+R7       35785.781    272 72115.562    74815.780    73147.261
258  VT+F+R8       35778.395    274 72104.790    74948.186    73144.076
259  VT+F+R9       35773.732    276 72099.463    75097.581    73146.335
261  LG            37754.397    241 75990.795    77347.120    76904.911
262  LG+I          37212.629    242 74909.258    76292.928    75827.167
263  LG+G4         35371.351    242 71226.701    72610.372    72144.611
264  LG+I+G4       35313.953    243 71113.905    72525.619    72035.607
265  LG+R2         35996.363    243 72478.726    73890.440    73400.428
266  LG+R3         35502.866    245 71495.732    72965.732    72425.020
267  LG+R4         35390.172    247 71274.344    72805.744    72211.218
268  LG+R5         35335.129    249 71168.258    72764.411    72112.718
269  LG+R6         35303.170    251 71108.341    72772.867    72060.387
270  LG+R7         35285.317    253 71076.634    72813.445    72036.267
271  LG+R8         35275.604    255 71061.208    72874.542    72028.427
272  LG+R9         35268.796    257 71051.592    72946.049    72026.396
273  LG+R10        35258.128    259 71034.256    73014.845    72016.647
274  LG+F          37829.841    260 76179.681    78205.353    77165.865
275  LG+F+I        37330.846    261 75183.692    77255.874    76173.669
276  LG+F+G4       35398.710    261 71319.420    73391.602    72309.396
277  LG+F+I+G4     35348.868    262 71221.736    73341.920    72215.505
278  LG+F+R2       36024.292    262 72572.584    74692.769    73566.354
279  LG+F+R3       35533.971    264 71595.942    73816.894    72597.297
280  LG+F+R4       35421.605    266 71375.209    73703.799    72384.151
281  LG+F+R5       35364.058    268 71264.116    73707.913    72280.644
282  LG+F+R6       35333.383    270 71206.765    73774.134    72230.879
283  LG+F+R7       35319.023    272 71182.046    73882.264    72213.746
284  LG+F+R8       35310.402    274 71168.805    74012.201    72208.091
285  LG+F+R9       35304.187    276 71160.375    74158.492    72207.246
286  LG+F+R10      35294.039    278 71144.079    74309.875    72198.537
287  DCMut         38923.311    241 78328.621    79684.947    79242.738
288  DCMut+I       38306.883    242 77097.766    78481.437    78015.676
289  DCMut+G4      36419.786    242 73323.572    74707.243    74241.482
290  DCMut+I+G4    36352.144    243 73190.289    74602.003    74111.991
291  DCMut+R2      37033.949    243 74553.897    75965.612    75475.600
292  DCMut+R3      36551.231    245 73592.462    75062.462    74521.750
293  DCMut+R4      36429.147    247 73352.294    74883.694    74289.168
294  DCMut+R5      36385.934    249 73269.867    74866.021    74214.328
295  DCMut+R6      36345.049    251 73192.098    74856.625    74144.145
296  DCMut+R7      36325.460    253 73156.920    74893.731    74116.552
297  DCMut+R8      36314.499    255 73138.998    74952.331    74106.216
298  DCMut+R9      36306.735    257 73127.469    75021.926    74102.274
299  DCMut+R10     36296.486    259 73110.971    75091.559    74093.362
300  DCMut+F       38800.377    260 78120.754    80146.425    79106.937
301  DCMut+F+I     38233.210    261 76988.421    79060.603    77978.397
302  DCMut+F+G4    36301.051    261 73124.103    75196.284    74114.079
303  DCMut+F+I+G4  36237.488    262 72998.976    75119.161    73992.746
304  DCMut+F+R2    36911.335    262 74346.669    76466.854    75340.439
305  DCMut+F+R3    36441.966    264 73411.932    75632.884    74413.288
306  DCMut+F+R4    36317.273    266 73166.546    75495.136    74175.488
307  DCMut+F+R5    36270.907    268 73077.814    75521.611    74094.342
308  DCMut+F+R6    36241.338    270 73022.676    75590.044    74046.789
309  DCMut+F+R7    36224.469    272 72992.937    75693.155    74024.637
310  DCMut+F+R8    36214.961    274 72977.923    75821.319    74017.209
311  DCMut+F+R9    36208.136    276 72968.273    75966.390    74015.144
312  DCMut+F+R10   36197.219    278 72950.438    76116.234    74004.896
313  PMB           38054.287    241 76590.575    77946.900    77504.691
314  PMB+I         37521.539    242 75527.078    76910.749    76444.988
315  PMB+G4        35995.820    242 72475.640    73859.311    73393.549
316  PMB+I+G4      35936.316    243 72358.632    73770.346    73280.334
317  PMB+R2        36524.733    243 73535.467    74947.181    74457.169
318  PMB+R3        36085.347    245 72660.694    74130.694    73589.982
319  PMB+R4        35984.987    247 72463.974    73995.374    73400.848
320  PMB+R5        35943.810    249 72385.620    73981.774    73330.080
321  PMB+R6        35919.623    251 72341.247    74005.773    73293.293
322  PMB+R7        35907.918    253 72321.836    74058.647    73281.469
323  PMB+R8        35900.390    255 72310.781    74124.114    73277.999
324  PMB+R9        35895.904    257 72305.808    74200.266    73280.613
326  PMB+F         38113.795    260 76747.590    78773.262    77733.773
327  PMB+F+I       37603.777    261 75729.554    77801.735    76719.530
328  PMB+F+G4      36044.758    261 72611.516    74683.698    73601.493
329  PMB+F+I+G4    35988.264    262 72500.527    74620.712    73494.297
330  PMB+F+R2      36574.436    262 73672.872    75793.057    74666.642
331  PMB+F+R3      36131.400    264 72790.800    75011.752    73792.155
332  PMB+F+R4      36035.768    266 72603.537    74932.127    73612.478
333  PMB+F+R5      35995.962    268 72527.923    74971.720    73544.451
334  PMB+F+R6      35971.966    270 72483.932    75051.301    73508.046
335  PMB+F+R7      35960.337    272 72464.674    75164.892    73496.374
336  PMB+F+R8      35953.179    274 72454.358    75297.754    73493.644
337  PMB+F+R9      35948.846    276 72449.691    75447.809    73496.563
339  HIVb          40063.472    241 80608.943    81965.269    81523.059
340  HIVb+I        39357.424    242 79198.848    80582.518    80116.757
341  HIVb+G4       37246.929    242 74977.858    76361.528    75895.767
342  HIVb+I+G4     37170.911    243 74827.822    76239.536    75749.524
343  HIVb+R2       38012.292    243 76510.584    77922.299    77432.287
344  HIVb+R3       37443.821    245 75377.643    76847.643    76306.931
345  HIVb+R4       37289.420    247 75072.840    76604.240    76009.714
346  HIVb+R5       37227.889    249 74953.779    76549.933    75898.239
347  HIVb+R6       37188.696    251 74879.391    76543.918    75831.438
348  HIVb+R7       37167.835    253 74841.670    76578.481    75801.303
349  HIVb+R8       37155.311    255 74820.621    76633.955    75787.840
350  HIVb+R9       37146.482    257 74806.964    76701.422    75781.769
351  HIVb+R10      37134.214    259 74786.429    76767.017    75768.819
352  HIVb+F        40032.018    260 80584.035    82609.707    81570.219
353  HIVb+F+I      39368.605    261 79259.211    81331.393    80249.187
354  HIVb+F+G4     37168.494    261 74858.988    76931.170    75848.964
355  HIVb+F+I+G4   37100.241    262 74724.483    76844.667    75718.252
356  HIVb+F+R2     37931.149    262 76386.297    78506.482    77380.067
357  HIVb+F+R3     37369.941    264 75267.882    77488.835    76269.238
358  HIVb+F+R4     37214.816    266 74961.633    77290.223    75970.574
359  HIVb+F+R5     37151.019    268 74838.038    77281.835    75854.566
360  HIVb+F+R6     37111.541    270 74763.082    77330.450    75787.195
361  HIVb+F+R7     37093.000    272 74730.001    77430.219    75761.700
362  HIVb+F+R8     37083.215    274 74714.430    77557.826    75753.715
363  HIVb+F+R9     37076.500    276 74705.001    77703.118    75751.872
364  HIVb+F+R10    37065.671    278 74687.342    77853.138    75741.799
365  HIVw          42021.181    241 84524.362    85880.688    85438.478
366  HIVw+I        41307.604    242 83099.209    84482.879    84017.118
367  HIVw+G4       39179.721    242 78843.443    80227.113    79761.352
368  HIVw+I+G4     39107.771    243 78701.542    80113.256    79623.244
369  HIVw+R2       39916.014    243 80318.029    81729.743    81239.731
370  HIVw+R3       39363.125    245 79216.250    80686.250    80145.538
371  HIVw+R4       39212.871    247 78919.742    80451.142    79856.617
372  HIVw+R5       39162.254    249 78822.507    80418.661    79766.968
373  HIVw+R6       39124.471    251 78750.943    80415.469    79702.989
374  HIVw+R7       39106.068    253 78718.137    80454.947    79677.769
375  HIVw+R8       39093.458    255 78696.916    80510.249    79664.135
376  HIVw+R9       39083.926    257 78681.851    80576.308    79656.656
377  HIVw+R10      39075.533    259 78669.066    80649.655    79651.457
378  HIVw+F        41556.230    260 83632.459    85658.131    84618.643
379  HIVw+F+I      40894.993    261 82311.986    84384.168    83301.963
380  HIVw+F+G4     38682.494    261 77886.988    79959.170    78876.965
381  HIVw+F+I+G4   38615.045    262 77754.089    79874.274    78747.859
382  HIVw+F+R2     39428.635    262 79381.271    81501.455    80375.040
383  HIVw+F+R3     38856.528    264 78241.056    80462.009    79242.412
384  HIVw+F+R4     38715.109    266 77962.218    80290.808    78971.160
385  HIVw+F+R5     38667.287    268 77870.575    80314.372    78887.103
386  HIVw+F+R6     38632.539    270 77805.079    80372.447    78829.192
387  HIVw+F+R7     38615.578    272 77775.157    80475.375    78806.856
388  HIVw+F+R8     38602.231    274 77752.461    80595.858    78791.747
389  HIVw+F+R9     38594.190    276 77740.379    80738.497    78787.251
390  HIVw+F+R10    38586.524    278 77729.047    80894.843    78783.505
391  JTTDCMut      38532.358    241 77546.715    78903.041    78460.831
392  JTTDCMut+I    37939.919    242 76363.838    77747.509    77281.748
393  JTTDCMut+G4   36075.728    242 72635.456    74019.127    73553.366
394  JTTDCMut+I+G4 36009.180    243 72504.360    73916.074    73426.062
395  JTTDCMut+R2   36716.132    243 73918.265    75329.979    74839.967
396  JTTDCMut+R3   36216.815    245 72923.629    74393.629    73852.918
397  JTTDCMut+R4   36084.992    247 72663.984    74195.384    73600.858
398  JTTDCMut+R5   36048.468    249 72594.936    74191.090    73539.397
399  JTTDCMut+R6   36011.090    251 72524.179    74188.706    73476.226
400  JTTDCMut+R7   35995.604    253 72497.207    74234.018    73456.840
401  JTTDCMut+R8   35984.543    255 72479.086    74292.419    73446.305
402  JTTDCMut+R9   35977.308    257 72468.616    74363.073    73443.420
403  JTTDCMut+R10  35967.901    259 72453.803    74434.391    73436.193
404  JTTDCMut+F    38586.091    260 77692.183    79717.854    78678.366
405  JTTDCMut+F+I  38031.814    261 76585.627    78657.809    77575.604
406  JTTDCMut+F+G4 36097.788    261 72717.576    74789.758    73707.553
407  JTTDCMut+F+I+G4 36038.884    262 72601.769    74721.953    73595.538
408  JTTDCMut+F+R2 36744.341    262 74012.683    76132.867    75006.452
409  JTTDCMut+F+R3 36239.260    264 73006.519    75227.472    74007.875
410  JTTDCMut+F+R4 36115.934    266 72763.869    75092.459    73772.810
411  JTTDCMut+F+R5 36070.238    268 72676.475    75120.272    73693.003
412  JTTDCMut+F+R6 36042.128    270 72624.257    75191.625    73648.370
413  JTTDCMut+F+R7 36029.470    272 72602.940    75303.158    73634.639
414  JTTDCMut+F+R8 36019.012    274 72586.025    75429.421    73625.310
415  JTTDCMut+F+R9 36011.761    276 72575.521    75573.639    73622.393
416  JTTDCMut+F+R10 36001.664    278 72559.328    75725.124    73613.786
417  FLU           39561.246    241 79604.491    80960.817    80518.607
418  FLU+I         38943.628    242 78371.257    79754.927    79289.166
419  FLU+G4        37053.549    242 74591.098    75974.769    75509.007
420  FLU+I+G4      36991.999    243 74469.997    75881.712    75391.700
421  FLU+R2        37702.760    243 75891.520    77303.234    76813.222
422  FLU+R3        37198.077    245 74886.154    76356.154    75815.443
423  FLU+R4        37081.473    247 74656.945    76188.345    75593.820
424  FLU+R5        37029.631    249 74557.263    76153.416    75501.723
425  FLU+R6        36998.529    251 74499.059    76163.585    75451.105
426  FLU+R7        36982.544    253 74471.089    76207.899    75430.721
427  FLU+R8        36972.334    255 74454.667    76268.001    75421.886
428  FLU+R9        36964.827    257 74443.654    76338.112    75418.459
429  FLU+R10       36957.609    259 74433.218    76413.806    75415.609
430  FLU+F         39436.484    260 79392.968    81418.640    80379.152
431  FLU+F+I       38886.353    261 78294.706    80366.888    79284.682
432  FLU+F+G4      36925.027    261 74372.054    76444.235    75362.030
433  FLU+F+I+G4    36876.889    262 74277.778    76397.962    75271.547
434  FLU+F+R2      37565.456    262 75654.912    77775.096    76648.681
435  FLU+F+R3      37057.766    264 74643.532    76864.484    75644.888
436  FLU+F+R4      36956.244    266 74444.489    76773.079    75453.431
437  FLU+F+R5      36900.282    268 74336.564    76780.361    75353.092
438  FLU+F+R6      36862.085    270 74264.169    76831.538    75288.283
439  FLU+F+R7      36844.427    272 74232.854    76933.073    75264.554
440  FLU+F+R8      36834.899    274 74217.799    77061.195    75257.085
441  FLU+F+R9      36828.190    276 74208.379    77206.497    75255.251
442  FLU+F+R10     36822.256    278 74200.511    77366.307    75254.969
443  Blosum62      37941.000    241 76364.001    77720.326    77278.117
444  Blosum62+I    37420.784    242 75325.568    76709.239    76243.478
445  Blosum62+G4   35887.420    242 72258.839    73642.510    73176.748
446  Blosum62+I+G4 35831.684    243 72149.369    73561.083    73071.071
447  Blosum62+R2   36407.322    243 73300.644    74712.358    74222.346
448  Blosum62+R3   35976.850    245 72443.700    73913.700    73372.989
449  Blosum62+R4   35877.094    247 72248.189    73779.589    73185.063
450  Blosum62+R5   35834.466    249 72166.933    73763.087    73111.393
451  Blosum62+R6   35810.002    251 72122.004    73786.530    73074.050
452  Blosum62+R7   35798.445    253 72102.889    73839.700    73062.522
453  Blosum62+R8   35791.145    255 72092.291    73905.624    73059.509
454  Blosum62+R9   35786.715    257 72087.430    73981.887    73062.235
456  Blosum62+F    38010.656    260 76541.312    78566.983    77527.495
457  Blosum62+F+I  37512.949    261 75547.899    77620.080    76537.875
458  Blosum62+F+G4 35954.449    261 72430.899    74503.081    73420.875
459  Blosum62+F+I+G4 35901.564    262 72327.128    74447.313    73320.898
460  Blosum62+F+R2 36468.507    262 73461.014    75581.199    74454.784
461  Blosum62+F+R3 36041.761    264 72611.522    74832.474    73612.877
462  Blosum62+F+R4 35945.532    266 72423.065    74751.655    73432.006
463  Blosum62+F+R5 35905.815    268 72347.629    74791.426    73364.157
464  Blosum62+F+R6 35881.931    270 72303.863    74871.231    73327.977
465  Blosum62+F+R7 35870.820    272 72285.640    74985.858    73317.339
466  Blosum62+F+R8 35863.861    274 72275.722    75119.119    73315.008
467  Blosum62+F+R9 35859.608    276 72271.216    75269.334    73318.088
469  mtMet         40674.479    241 81830.958    83187.283    82745.074
470  mtMet+I       40210.578    242 80905.156    82288.826    81823.065
471  mtMet+G4      37337.106    242 75158.212    76541.883    76076.122
472  mtMet+I+G4    37314.623    243 75115.245    76526.959    76036.947
473  mtMet+R2      38212.431    243 76910.863    78322.577    77832.565
474  mtMet+R3      37573.562    245 75637.125    77107.125    76566.413
475  mtMet+R4      37474.677    247 75443.354    76974.754    76380.228
476  mtMet+R5      37390.111    249 75278.222    76874.376    76222.682
477  mtMet+R6      37318.040    251 75138.080    76802.607    76090.127
478  mtMet+R7      37289.194    253 75084.387    76821.198    76044.020
479  mtMet+R8      37269.606    255 75049.213    76862.546    76016.431
480  mtMet+R9      37256.253    257 75026.506    76920.963    76001.311
481  mtMet+R10     37238.593    259 74995.186    76975.774    75977.577
482  mtMet+F       39570.380    260 79660.760    81686.432    80646.943
483  mtMet+F+I     39065.785    261 78653.569    80725.751    79643.546
484  mtMet+F+G4    36476.313    261 73474.626    75546.807    74464.602
485  mtMet+F+I+G4  36441.791    262 73407.581    75527.766    74401.351
486  mtMet+F+R2    37270.399    262 75064.798    77184.983    76058.568
487  mtMet+F+R3    36695.340    264 73918.680    76139.633    74920.036
488  mtMet+F+R4    36581.452    266 73694.903    76023.493    74703.845
489  mtMet+F+R5    36505.084    268 73546.169    75989.965    74562.696
490  mtMet+F+R6    36438.172    270 73416.344    75983.713    74440.458
491  mtMet+F+R7    36410.399    272 73364.799    76065.017    74396.498
492  mtMet+F+R8    36393.905    274 73335.809    76179.206    74375.095
493  mtMet+F+R9    36383.439    276 73318.879    76316.996    74365.751
494  mtMet+F+R10   36369.211    278 73294.423    76460.219    74348.880
495  mtVer         41861.020    241 84204.041    85560.366    85118.157
496  mtVer+I       41362.230    242 83208.461    84592.131    84126.370
497  mtVer+G4      38141.227    242 76766.453    78150.124    77684.363
498  mtVer+I+G4    38123.307    243 76732.614    78144.328    77654.316
499  mtVer+R2      39136.354    243 78758.708    80170.423    79680.411
500  mtVer+R3      38428.456    245 77346.913    78816.913    78276.201
501  mtVer+R4      38336.360    247 77166.719    78698.119    78103.593
502  mtVer+R5      38239.249    249 76976.498    78572.652    77920.959
503  mtVer+R6      38153.013    251 76808.025    78472.552    77760.072
504  mtVer+R7      38118.829    253 76743.658    78480.469    77703.290
505  mtVer+R8      38095.564    255 76701.128    78514.461    77668.346
506  mtVer+R9      38079.433    257 76672.866    78567.323    77647.671
507  mtVer+R10     38053.439    259 76624.878    78605.466    77607.268
508  mtVer+F       40617.884    260 81755.769    83781.440    82741.952
509  mtVer+F+I     40050.935    261 80623.870    82696.052    81613.846
510  mtVer+F+G4    37252.729    261 75027.459    77099.641    76017.435
511  mtVer+F+I+G4  37221.260    262 74966.520    77086.704    75960.289
512  mtVer+F+R2    38165.897    262 76855.794    78975.978    77849.563
513  mtVer+F+R3    37525.739    264 75579.478    77800.430    76580.833
514  mtVer+F+R4    37412.683    266 75357.365    77685.955    76366.307
515  mtVer+F+R5    37324.601    268 75185.202    77628.998    76201.729
516  mtVer+F+R6    37247.609    270 75035.218    77602.586    76059.332
517  mtVer+F+R7    37211.130    272 74966.259    77666.477    75997.959
518  mtVer+F+R8    37189.119    274 74926.238    77769.634    75965.524
519  mtVer+F+R9    37174.594    276 74901.188    77899.306    75948.060
520  mtVer+F+R10   37154.753    278 74865.505    78031.301    75919.963
521  mtInv         40273.413    241 81028.826    82385.151    81942.942
522  mtInv+I       39797.774    242 80079.549    81463.219    80997.458
523  mtInv+G4      37200.966    242 74885.931    76269.602    75803.840
524  mtInv+I+G4    37168.524    243 74823.048    76234.762    75744.750
525  mtInv+R2      38008.578    243 76503.156    77914.870    77424.858
526  mtInv+R3      37396.849    245 75283.697    76753.697    76212.986
527  mtInv+R4      37299.748    247 75093.495    76624.895    76030.369
528  mtInv+R5      37221.100    249 74940.199    76536.353    75884.660
529  mtInv+R6      37158.582    251 74819.164    76483.690    75771.210
530  mtInv+R7      37134.034    253 74774.067    76510.878    75733.700
531  mtInv+R8      37119.624    255 74749.247    76562.581    75716.466
532  mtInv+R9      37110.324    257 74734.649    76629.106    75709.453
533  mtInv+R10     37098.066    259 74714.131    76694.719    75696.522
534  mtInv+F       38925.628    260 78371.257    80396.928    79357.440
535  mtInv+F+I     38419.260    261 77360.520    79432.702    78350.496
536  mtInv+F+G4    36056.960    261 72635.920    74708.102    73625.897
537  mtInv+F+I+G4  36015.299    262 72554.597    74674.782    73548.367
538  mtInv+F+R2    36797.454    262 74118.909    76239.093    75112.678
539  mtInv+F+R3    36255.347    264 73038.694    75259.646    74040.049
540  mtInv+F+R4    36127.997    266 72787.994    75116.584    73796.935
541  mtInv+F+R5    36059.592    268 72655.184    75098.981    73671.712
542  mtInv+F+R6    36006.212    270 72552.423    75119.792    73576.537
543  mtInv+F+R7    35986.016    272 72516.032    75216.250    73547.732
544  mtInv+F+R8    35974.866    274 72497.733    75341.129    73537.018
545  mtInv+F+R9    35968.530    276 72489.060    75487.177    73535.931
546  mtInv+F+R10   35959.205    278 72474.409    75640.205    73528.867
Akaike Information Criterion:           LG+R10
Corrected Akaike Information Criterion: LG+I+G4
Bayesian Information Criterion:         LG+R10
Best-fit model: LG+R10 chosen according to BIC

All model information printed to K00764.blastp_ALL.outfmt6.parsed.filtered.uniq.faa.mafft.aln.trimal1.model.gz
CPU time for ModelFinder: 3652.026 seconds (1h:0m:52s)
Wall-clock time for ModelFinder: 1851.701 seconds (0h:30m:51s)
Generating 2000 samples for ultrafast bootstrap (seed: 919162)...

NOTE: 67 MB RAM (0 GB) is required!
Measuring multi-threading efficiency up to 2 CPU cores
8 trees examined
Threads: 1 / Time: 2.215 sec / Speedup: 1.000 / Efficiency: 100% / LogL: -55111
Threads: 2 / Time: 2.004 sec / Speedup: 1.105 / Efficiency: 55% / LogL: -55111
BEST NUMBER OF THREADS: 2

Estimate model parameters (epsilon = 0.100)
1. Initial log-likelihood: -35268.784
2. Current log-likelihood: -35255.513
3. Current log-likelihood: -35251.371
4. Current log-likelihood: -35250.155
5. Current log-likelihood: -35249.752
6. Current log-likelihood: -35249.578
7. Current log-likelihood: -35249.452
Optimal log-likelihood: -35249.321
Site proportion and rates:  (0.166,0.062) (0.095,0.244) (0.064,0.355) (0.170,0.578) (0.088,0.722) (0.083,1.055) (0.089,1.088) (0.114,1.664) (0.075,2.460) (0.056,3.971)
Parameters optimization took 7 rounds (33.287 sec)
Computing ML distances based on estimated model parameters... 14.346 sec
Computing BIONJ tree...
0.009 seconds
Log-likelihood of BIONJ tree: -35242.486
--------------------------------------------------------------------
|             INITIALIZING CANDIDATE TREE SET                      |
--------------------------------------------------------------------
Generating 98 parsimony trees... 4.400 second
Computing log-likelihood of 98 initial trees ... 42.197 seconds
Current best score: -35220.963

Do NNI search on 20 best initial trees
Estimate model parameters (epsilon = 0.100)
BETTER TREE FOUND at iteration 1: -35171.087
Estimate model parameters (epsilon = 0.100)
BETTER TREE FOUND at iteration 2: -35167.971
Estimate model parameters (epsilon = 0.100)
BETTER TREE FOUND at iteration 6: -35164.303
Iteration 10 / LogL: -35178.190 / Time: 0h:2m:28s
Iteration 20 / LogL: -35187.548 / Time: 0h:3m:1s
Finish initializing candidate tree set (20)
Current best tree score: -35164.303 / CPU time: 133.196
Number of iterations: 20
--------------------------------------------------------------------
|               OPTIMIZING CANDIDATE TREE SET                      |
--------------------------------------------------------------------
Estimate model parameters (epsilon = 0.100)
BETTER TREE FOUND at iteration 24: -35161.470
Estimate model parameters (epsilon = 0.100)
BETTER TREE FOUND at iteration 25: -35158.442
Estimate model parameters (epsilon = 0.100)
BETTER TREE FOUND at iteration 28: -35158.185
Iteration 30 / LogL: -35167.299 / Time: 0h:4m:18s (0h:14m:32s left)
Estimate model parameters (epsilon = 0.100)
BETTER TREE FOUND at iteration 34: -35157.916
Estimate model parameters (epsilon = 0.100)
BETTER TREE FOUND at iteration 35: -35157.122
Iteration 40 / LogL: -35158.641 / Time: 0h:4m:54s (0h:11m:56s left)
Iteration 50 / LogL: -35166.205 / Time: 0h:5m:25s (0h:9m:24s left)
Log-likelihood cutoff on original alignment: -35246.794
Iteration 60 / LogL: -35167.130 / Time: 0h:6m:11s (0h:7m:51s left)
Estimate model parameters (epsilon = 0.100)
BETTER TREE FOUND at iteration 68: -35156.891
Iteration 70 / LogL: -35158.877 / Time: 0h:6m:55s (0h:9m:50s left)
Iteration 80 / LogL: -35157.573 / Time: 0h:7m:27s (0h:8m:18s left)
Estimate model parameters (epsilon = 0.100)
BETTER TREE FOUND at iteration 86: -35156.061
Iteration 90 / LogL: -35157.071 / Time: 0h:8m:21s (0h:9m:0s left)
Estimate model parameters (epsilon = 0.100)
BETTER TREE FOUND at iteration 94: -35155.488
Iteration 100 / LogL: -35155.645 / Time: 0h:9m:2s (0h:8m:34s left)
Log-likelihood cutoff on original alignment: -35246.794
NOTE: Bootstrap correlation coefficient of split occurrence frequencies: 0.997
Estimate model parameters (epsilon = 0.100)
BETTER TREE FOUND at iteration 108: -35155.308
Iteration 110 / LogL: -35157.226 / Time: 0h:9m:37s (0h:8m:38s left)
Iteration 120 / LogL: -35156.280 / Time: 0h:10m:11s (0h:7m:32s left)
Estimate model parameters (epsilon = 0.100)
BETTER TREE FOUND at iteration 122: -35155.061
Iteration 130 / LogL: -35157.010 / Time: 0h:10m:44s (0h:7m:39s left)
Iteration 140 / LogL: -35161.588 / Time: 0h:11m:30s (0h:6m:47s left)
Iteration 150 / LogL: -35157.794 / Time: 0h:12m:7s (0h:5m:51s left)
Log-likelihood cutoff on original alignment: -35246.794
Iteration 160 / LogL: -35155.444 / Time: 0h:12m:41s (0h:4m:56s left)
Iteration 170 / LogL: -35198.513 / Time: 0h:13m:12s (0h:4m:3s left)
Iteration 180 / LogL: -35160.081 / Time: 0h:13m:44s (0h:3m:13s left)
Iteration 190 / LogL: -35172.310 / Time: 0h:14m:13s (0h:2m:24s left)
Iteration 200 / LogL: -35156.571 / Time: 0h:14m:42s (0h:1m:37s left)
Log-likelihood cutoff on original alignment: -35246.794
NOTE: Bootstrap correlation coefficient of split occurrence frequencies: 0.997
Iteration 210 / LogL: -35157.300 / Time: 0h:15m:31s (0h:6m:41s left)
Iteration 220 / LogL: -35155.215 / Time: 0h:16m:5s (0h:5m:52s left)
TREE SEARCH COMPLETED AFTER 223 ITERATIONS / Time: 0h:16m:15s

--------------------------------------------------------------------
|                    FINALIZING TREE SEARCH                        |
--------------------------------------------------------------------
Performs final model parameters optimization
Estimate model parameters (epsilon = 0.010)
1. Initial log-likelihood: -35155.061
Optimal log-likelihood: -35155.056
Site proportion and rates:  (0.168,0.063) (0.143,0.267) (0.012,0.361) (0.184,0.620) (0.080,0.632) (0.072,1.079) (0.078,1.080) (0.130,1.577) (0.076,2.465) (0.056,4.042)
Parameters optimization took 1 rounds (2.555 sec)
BEST SCORE FOUND : -35155.056
Creating bootstrap support values...
Split supports printed to NEXUS file K00764.blastp_ALL.outfmt6.parsed.filtered.uniq.faa.mafft.aln.trimal1.splits.nex
Total tree length: 35.165

Total number of iterations: 223
CPU time used for tree search: 1835.568 sec (0h:30m:35s)
Wall-clock time used for tree search: 927.179 sec (0h:15m:27s)
Total CPU time used: 1933.163 sec (0h:32m:13s)
Total wall-clock time used: 978.483 sec (0h:16m:18s)

Computing bootstrap consensus tree...
Reading input file K00764.blastp_ALL.outfmt6.parsed.filtered.uniq.faa.mafft.aln.trimal1.splits.nex...
122 taxa and 626 splits.
Consensus tree written to K00764.blastp_ALL.outfmt6.parsed.filtered.uniq.faa.mafft.aln.trimal1.contree
Reading input trees file K00764.blastp_ALL.outfmt6.parsed.filtered.uniq.faa.mafft.aln.trimal1.contree
Log-likelihood of consensus tree: -35155.223

Analysis results written to: 
  IQ-TREE report:                K00764.blastp_ALL.outfmt6.parsed.filtered.uniq.faa.mafft.aln.trimal1.iqtree
  Maximum-likelihood tree:       K00764.blastp_ALL.outfmt6.parsed.filtered.uniq.faa.mafft.aln.trimal1.treefile
  Likelihood distances:          K00764.blastp_ALL.outfmt6.parsed.filtered.uniq.faa.mafft.aln.trimal1.mldist

Ultrafast bootstrap approximation results written to:
  Split support values:          K00764.blastp_ALL.outfmt6.parsed.filtered.uniq.faa.mafft.aln.trimal1.splits.nex
  Consensus tree:                K00764.blastp_ALL.outfmt6.parsed.filtered.uniq.faa.mafft.aln.trimal1.contree
  Screen log file:               K00764.blastp_ALL.outfmt6.parsed.filtered.uniq.faa.mafft.aln.trimal1.log

Date and Time: Wed Sep  8 23:54:29 2021
