IQ-TREE multicore version 1.6.12 for Linux 64-bit built Aug 15 2019
Developed by Bui Quang Minh, Nguyen Lam Tung, Olga Chernomor,
Heiko Schmidt, Dominik Schrempf, Michael Woodhams.

Host:    coral (AVX512, FMA3, 376 GB RAM)
Command: /home/timothy/programs/iqtree-1.6.12-Linux/bin/iqtree -s K00764.blastp_ALL.outfmt6.parsed.filtered.uniq.faa.mafft.aln -nt AUTO -ntmax 2 -m MFP -bb 2000 -quiet
Seed:    434191 (Using SPRNG - Scalable Parallel Random Number Generator)
Time:    Wed May 26 02:51:03 2021
Kernel:  AVX+FMA - auto-detect threads (96 CPU cores detected)

Reading alignment file K00764.blastp_ALL.outfmt6.parsed.filtered.uniq.faa.mafft.aln ... Fasta format detected
Alignment most likely contains protein sequences
Alignment has 122 sequences with 2899 columns, 1606 distinct patterns
739 parsimony-informative, 641 singleton sites, 1519 constant sites
                                                                                                                                          Gap/Ambiguity  Composition  p-value
   1  Archaea-CandidatusBathyarchaeota-NA-NA-NA-Candidatus_Bathyarchaeota_archaeon_WP_116596397.1                                                82.93%    passed     18.42%
   2  Archaea-Crenarchaeota-Thermoprotei-Sulfolobales-Sulfolobaceae-Acidianus_hospitalis_WP_148230294.1                                          84.51%    failed      0.00%
   3  Archaea-Crenarchaeota-Thermoprotei-Sulfolobales-Sulfolobaceae-Metallosphaera_sedula_WP_012021908.1                                         84.62%    failed      1.20%
   4  Archaea-Crenarchaeota-Thermoprotei-Sulfolobales-Sulfolobaceae-Sulfolobus_acidocaldarius_WP_011278425.1                                     84.68%    failed      0.00%
   5  Archaea-Crenarchaeota-Thermoprotei-Sulfolobales-Sulfolobaceae-Sulfurisphaera_tokodaii_WP_010979546.1                                       84.72%    failed      0.01%
   6  Archaea-Euryarchaeota-Archaeoglobi-Archaeoglobales-Archaeoglobaceae-Archaeoglobus_profundus_WP_012940389.1                                 84.10%    failed      0.09%
   7  Archaea-Euryarchaeota-Archaeoglobi-Archaeoglobales-Archaeoglobaceae-Ferroglobus_placidus_WP_012966326.1                                    84.37%    failed      0.10%
   8  Archaea-Euryarchaeota-Archaeoglobi-Archaeoglobales-Archaeoglobaceae-Geoglobus_ahangari_WP_048095389.1                                      84.27%    failed      0.75%
   9  Archaea-Euryarchaeota-Methanomicrobia-Methanosarcinales-CandidatusMethanoperedenaceae-Candidatus_Methanoperedens_sp._BLZ2_WP_097298721.1   83.93%    failed      0.80%
  10  Archaea-NA-NA-NA-NA-anaerobic_archaeon_MKD1_WP_147663249.1                                                                                 82.65%    passed     18.12%
  11  Archaea-NA-NA-NA-NA-archaeon_AArcSl_WP_119820412.1                                                                                         82.68%    failed      0.00%
  12  Archaea-Thaumarchaeota-NA-Nitrosopumilales-Nitrosopumilaceae-Nitrosopumilus_adriaticus_WP_048116240.1                                      83.55%    passed     27.39%
  13  Archaea-Thaumarchaeota-Nitrososphaeria-CandidatusNitrosocaldales-CandidatusNitrosocaldaceae-NA_WP_103287228.1                              83.41%    passed     22.80%
  14  Archaea-Thaumarchaeota-Nitrososphaeria-Nitrososphaerales-Nitrososphaeraceae-Candidatus_Nitrososphaera_gargensis_WP_015019060.1             83.51%    passed     67.95%
  15  Archaea-Thaumarchaeota-Nitrososphaeria-Nitrososphaerales-Nitrososphaeraceae-Nitrososphaera_viennensis_WP_075055964.1                       83.51%    passed     20.57%
  16  Bacteria-Actinobacteria-Actinobacteria-Corynebacteriales-Mycobacteriaceae-Mycolicibacterium_mucogenicum_WP_121073822.1                     83.24%    failed      4.14%
  17  Bacteria-Actinobacteria-Actinobacteria-Micrococcales-Microbacteriaceae-Agromyces_cerinus_WP_074259715.1                                    83.27%    passed     10.61%
  18  Bacteria-Actinobacteria-Actinobacteria-Micrococcales-Microbacteriaceae-Clavibacter_michiganensis_WP_043674069.1                            83.24%    passed      5.09%
  19  Bacteria-Actinobacteria-Actinobacteria-Micrococcales-Microbacteriaceae-Leucobacter_komagatae_WP_141888347.1                                83.24%    failed      2.36%
  20  Bacteria-Cyanobacteria-NA-Synechococcales-Prochloraceae-NA_WP_077142000.1                                                                  83.24%    passed     16.99%
  21  Bacteria-Cyanobacteria-NA-Synechococcales-Prochloraceae-Prochlorococcus_sp._HOT208_60m_813L03_WP_079297670.1                               83.24%    passed     17.62%
  22  Bacteria-Firmicutes-Bacilli-Bacillales-Bacillaceae-Bacillus_sp._SRB_336_WP_113724349.1                                                     83.10%    passed     10.41%
  23  Bacteria-NA-NA-NA-NA-bacterium_B66_WP_136251919.1                                                                                          82.58%    passed     40.60%
  24  Bacteria-NA-NA-NA-NA-Bathymodiolus_heckerae_thiotrophic_gill_symbiont_WP_138146830.1                                                       82.58%    passed     10.60%
  25  Bacteria-Proteobacteria-Betaproteobacteria-NA-NA-beta_proteobacterium_CB_WP_015421164.1                                                    82.34%    passed     22.76%
  26  Bacteria-Proteobacteria-Betaproteobacteria-Neisseriales-Chromobacteriaceae-NA_WP_028449387.1                                               82.37%    passed     29.35%
  27  Bacteria-Proteobacteria-Betaproteobacteria-Neisseriales-Neisseriaceae-Kingella_kingae_WP_038313159.1                                       82.41%    passed     30.38%
  28  Bacteria-Proteobacteria-Betaproteobacteria-Nitrosomonadales-Nitrosomonadaceae-Nitrosomonas_nitrosa_WP_090668375.1                          82.51%    passed     52.19%
  29  Bacteria-Proteobacteria-Gammaproteobacteria-Pasteurellales-Pasteurellaceae-Mesocricetibacter_intestinalis_WP_133543525.1                   82.65%    passed     12.23%
  30  Eukaryota-Acytosteliales-Acytosteliales-Acytosteliales-Acytosteliaceae-Acytostelium_subglobosum_XP_012759575.1                             80.99%    passed     13.89%
  31  Eukaryota-Acytosteliales-Acytosteliales-Acytosteliales-Acytosteliaceae-Heterostelium_album_XP_020428351.1                                  80.68%    passed     31.36%
  32  Eukaryota-Acytosteliales-Acytosteliales-Acytosteliales-Cavenderiaceae-Cavenderia_fasciculata_XP_004357741.1                                24.73%    failed      0.00%
  33  Eukaryota-Alveolata-Dinophyceae-NA-Unranked-Alexandrium_tamarense_MMETSP0384_c75904_g1_i1.p1                                               81.30%    failed      1.27%
  34  Eukaryota-Alveolata-Dinophyceae-NA-Unranked-Dinophysis_acuminata_MMETSP0797_c15534_g1_i2.p2                                                67.75%    failed      0.70%
  35  Eukaryota-Alveolata-Dinophyceae-NA-Unranked-Gymnodinium_catenatum_MMETSP0784_c10728_g1_i1.p1                                               80.65%    passed     11.59%
  36  Eukaryota-Alveolata-Dinophyceae-NA-Unranked-Karenia_brevis_MMETSP0029_c17306_g1_i1.p1                                                      78.54%    passed     29.50%
  37  Eukaryota-Amoebozoa-NA-NA-Paramoebidae-Paramoeba_atlantica_MMETSP0151_c12028_g1_i1.p1                                                      83.24%    passed     12.10%
  38  Eukaryota-Amoebozoa-NA-NA-Paramoebidae-Stygamoeba_regulata_MMETSP0447_c24802_g1_i1.p1                                                      87.69%    passed     66.58%
  39  Eukaryota-Amoebozoa-NA-NA-Paramoebidae-Trichosphaerium_sp_MMETSP0405_c10781_g1_i1.p1                                                       89.13%    passed     74.36%
  40  Eukaryota-Annelida-Clitellata-Hirudinida-Glossiphoniidae-Helobdella_robusta_jgi109477                                                      83.10%    passed      7.57%
  41  Eukaryota-Arthropoda-Arachnida-Ixodida-Ixodidae-Ixodes_scapularis_XP_002407165.1                                                           82.20%    passed     43.92%
  42  Eukaryota-Arthropoda-Insecta-Diptera-Drosophilidae-Drosophila_elegans_XP_017134366.1                                                       82.99%    failed      1.92%
  43  Eukaryota-Arthropoda-Insecta-Diptera-Tephritidae-Bactrocera_oleae_XP_014096801.1                                                           81.30%    passed     49.19%
  44  Eukaryota-Arthropoda-Insecta-Diptera-Tephritidae-Ceratitis_capitata_XP_004529196.1                                                         81.27%    passed     62.08%
  45  Eukaryota-Ascomycota-Orbiliomycetes-Orbiliales-Orbiliaceae-Arthrobotrys_oligospora_XP_011117735.1                                          80.82%    passed     33.12%
  46  Eukaryota-Ascomycota-Pezizomycetes-Pezizales-Tuberaceae-Tuber_melanosporum_XP_002842460.1                                                  80.72%    passed     81.78%
  47  Eukaryota-Ascomycota-Schizosaccharomycetes-Schizosaccharomycetales-Schizosaccharomycetaceae-Schizosaccharomyces_japonicus_XP_002172911.1   81.82%    passed     41.26%
  48  Eukaryota-Ascomycota-Sordariomycetes-Magnaporthales-Magnaporthaceae-Gaeumannomyces_tritici_XP_009227821.1                                  79.92%    passed     50.29%
  49  Eukaryota-Basidiomycota-Agaricomycetes-Agaricales-Schizophyllaceae-Schizophyllum_commune_XP_003035305.1                                    80.55%    passed     11.18%
  50  Eukaryota-Basidiomycota-Agaricomycetes-Agaricales-Tricholomataceae-Laccaria_bicolor_XP_001874792.1                                         80.23%    failed      0.65%
  51  Eukaryota-Basidiomycota-Exobasidiomycetes-Exobasidiales-Brachybasidiaceae-Meira_miltonrushii_XP_025355858.1                                79.96%    failed      2.02%
  52  Eukaryota-Basidiomycota-Pucciniomycetes-Pucciniales-Pucciniaceae-Puccinia_graminis_XP_003335529.2                                          77.06%    passed     20.25%
  53  Eukaryota-Brachiopoda-Lingulata-Lingulida-Lingulidae-Lingula_anatina_XP_013410094.1                                                        82.86%    passed     69.66%
  54  Eukaryota-Cercozoa-Chlorarachniophyceae-NA-NA-Bigelowiella_longifila_MMETSP1359_c4784_g1_i1.p1                                             79.79%    passed      9.44%
  55  Eukaryota-Cercozoa-Chlorarachniophyceae-NA-NA-Chlorarachnion_reptans_MMETSP0109_c10267_g1_i1.p1                                            79.82%    passed     34.71%
  56  Eukaryota-Cercozoa-Chlorarachniophyceae-NA-NA-Lotharella_globosa_MMETSP0041_c9403_g1_i1.p1                                                 80.72%    passed     24.31%
  57  Eukaryota-Cercozoa-NA-Euglyphida-Paulinellidae-Paulinella_chromatophora_scaffold3168-size2259_m.33221                                      77.06%    failed      1.81%
  58  Eukaryota-Chlorophyta-Chlorophyceae-Chlamydomonadales-Chlamydomonadaceae-Polytomella_parva_MMETSP0052_c30319_g1_i1.p1                      79.27%    passed     43.53%
  59  Eukaryota-Chlorophyta-Chlorophyceae-Chlamydomonadales-Volvocaceae-Volvox_carteri_XP_002947189.1                                            78.54%    passed     61.34%
  60  Eukaryota-Chlorophyta-NA-NA-NA-Tetraselmis_striata_MMETSP0819_c10261_g1_i1.p1                                                              81.20%    passed     28.13%
  61  Eukaryota-Chlorophyta-Palmophyllophyceae-Prasinococcales-Prasinococcaceae-Prasinoderma_singularis_MMETSP1315_c3477_g1_i1.p1                80.61%    failed      3.35%
  62  Eukaryota-Choanoflagellata-Choanoflagellata-Choanoflagellata-NA-Acanthoeca_sp_MMETSP0105_c16316_g1_i1.p1                                   79.34%    failed      0.00%
  63  Eukaryota-Choanoflagellata-Choanoflagellata-Choanoflagellata-Salpingoecidae-Monosiga_brevicollis_XP_001750316.1                            81.89%    passed     18.94%
  64  Eukaryota-Chordata-Actinopteri-Cypriniformes-Cyprinidae-Carassius_auratus_XP_026120967.1                                                   82.55%    passed     19.99%
  65  Eukaryota-Chordata-NA-Testudines-Emydidae-Chrysemys_picta_XP_005299197.1                                                                   82.41%    passed     55.47%
  66  Eukaryota-Chordata-NA-Testudines-Emydidae-Terrapene_carolina_XP_026503711.1                                                                82.41%    passed     55.47%
  67  Eukaryota-Chordata-NA-Testudines-Testudinidae-Gopherus_evgoodei_XP_030418927.1                                                             82.58%    passed     32.28%
  68  Eukaryota-Chytridiomycota-Chytridiomycetes-Rhizophydiales-NA-Batrachochytrium_dendrobatidis_jgi1764                                        82.89%    passed     57.68%
  69  Eukaryota-Chytridiomycota-Chytridiomycetes-Spizellomycetales-Spizellomycetaceae-Spizellomyces_punctatus_XP_016606660.1                     82.44%    passed     78.43%
  70  Eukaryota-Ciliophora-NA-Unranked-NA-Mesodinium_pulex_MMETSP0467_c47322_g1_i1.p2                                                            80.41%    passed     52.62%
  71  Eukaryota-Ciliophora-NA-Unranked-NA-Myrionecta_rubra_MMETSP0798_c13019_g1_i1.p1                                                            81.61%    passed     56.28%
  72  Eukaryota-Ciliophora-NA-Unranked-NA-Strombidinopsis_acuminatum_MMETSP0126_c95307_g1_i1.p1                                                  83.13%    failed      4.79%
  73  Eukaryota-Ciliophora-NA-Unranked-NA-Tiarina_fusus_MMETSP0472_c12072_g1_i1.p1                                                               80.86%    passed     59.55%
  74  Eukaryota-Cnidaria-Anthozoa-Actiniaria-Edwardsiidae-Nematostella_vectensis_XP_001622037.1                                                  82.37%    passed     94.89%
  75  Eukaryota-Cnidaria-Anthozoa-Scleractinia-Merulinidae-Orbicella_faveolata_XP_020604583.1                                                    82.44%    passed     57.66%
  76  Eukaryota-Cnidaria-Anthozoa-Scleractinia-Pocilloporidae-Pocillopora_damicornis_XP_027037910.1                                              82.44%    passed     43.34%
  77  Eukaryota-Cnidaria-Anthozoa-Scleractinia-Pocilloporidae-Stylophora_pistillata_XP_022801298.1                                               82.44%    passed     29.88%
  78  Eukaryota-Cryptophyta-NA-Cryptomonadales-Hemiselmidaceae-Hemiselmis_rufescens_MMETSP1357_c3186_g1_i1.p1                                    81.03%    passed     40.81%
  79  Eukaryota-Cryptophyta-NA-Goniomondales-NA-Goniomonas_pacifica_MMETSP0108_c6538_g1_i1.p1                                                    82.93%    passed     32.12%
  80  Eukaryota-Cryptophyta-NA-Pyrenomonadales-Geminigeraceae-Guillardia_theta_CCMP2712_jgi118734                                                81.10%    passed     14.04%
  81  Eukaryota-Cryptophyta-NA-Pyrenomonadales-Pyrenomonadaceae-Rhodomonas_abbreviata_MMETSP1101_c50920_g1_i1.p1                                 81.20%    passed     10.98%
  82  Eukaryota-Dictyosteliales-Dictyosteliales-Dictyosteliales-Dictyosteliaceae-Dictyostelium_purpureum_jgi52300                                81.92%    passed      5.73%
  83  Eukaryota-Echinodermata-Asteroidea-Valvatida-Acanthasteridae-Acanthaster_planci_XP_022108031.1                                             81.99%    passed     38.13%
  84  Eukaryota-Echinodermata-Echinoidea-Echinoida-Strongylocentrotidae-Strongylocentrotus_purpuratus_XP_780199.1                                82.06%    passed     47.61%
  85  Eukaryota-Glaucophyta-Glaucophyta-Gloeochaetales-Gloeochaetaceae-Gloeochaete_wittrockiana_MMETSP1089_c22921_g1_i1.p1                       78.92%    failed      0.34%
  86  Eukaryota-Glaucophyta-Glaucophyta-NA-Cyanophoraceae-Cyanophora_paradoxa_tig00000711_g3432.t1                                               77.68%    failed      0.00%
  87  Eukaryota-Haptophyta-NA-Pavlovales-Pavlovaceae-Pavlova_lutheri_MMETSP1463_c9627_g1_i1.p1                                                   76.96%    passed     13.29%
  88  Eukaryota-Haptophyta-NA-Prymnesiales-NA-Chrysochromulina_brevifilum_MMETSP1094_c32152_g1_i1.p1                                             80.37%    passed      5.58%
  89  Eukaryota-Haptophyta-NA-Prymnesiales-NA-Chrysoculter_rhomboideus_MMETSP1335_c1039_g1_i1.p1                                                 76.30%    failed      4.53%
  90  Eukaryota-Haptophyta-NA-Prymnesiales-NA-Isochrysis_galbana_MMETSP0595_c1470_g1_i1.p1                                                       81.37%    failed      3.60%
  91  Eukaryota-Hemichordata-Enteropneusta-NA-Harrimaniidae-Saccoglossus_kowalevskii_XP_006824595.1                                              91.69%    failed      0.26%
  92  Eukaryota-Longamoebia-Longamoebia-Longamoebia-Acanthamoebidae-Acanthamoeba_castellanii_XP_004341599.1                                      81.79%    passed     49.75%
  93  Eukaryota-Mesomycetozoea-Ichthyosporea-Ichthyophonida-NA-Sphaeroforma_arctica_XP_014154211.1                                               81.72%    passed     47.98%
  94  Eukaryota-Mesomycetozoea-Ichthyosporea-NA-NA-Capsaspora_owczarzaki_XP_004349222.2                                                          82.06%    passed      5.35%
  95  Eukaryota-Mollusca-Bivalvia-Ostreoida-Ostreidae-Crassostrea_gigas_XP_011434633.1                                                           82.68%    passed     58.51%
  96  Eukaryota-Mollusca-Bivalvia-Pectinoida-Pectinidae-Mizuhopecten_yessoensis_XP_021348320.1                                                   82.61%    passed     85.48%
  97  Eukaryota-Mollusca-Cephalopoda-Octopoda-Octopodidae-Octopus_vulgaris_XP_029642625.1                                                        82.48%    passed     47.76%
  98  Eukaryota-Mollusca-Gastropoda-Aplysiida-Aplysiidae-Aplysia_californica_XP_005105197.1                                                      82.44%    passed     91.45%
  99  Eukaryota-Mucorales-Mucoraceae-Undefined-Undefined-Mucor_circinelloides_jgi87787                                                           82.37%    passed     54.64%
 100  Eukaryota-Mucoromycota-Glomeromycetes-Glomerales-Glomeraceae-Rhizophagus_irregularis_XP_025189121.1                                        81.92%    passed     10.73%
 101  Eukaryota-Mucoromycota-Mortierellomycetes-Mortierellales-Mortierellaceae-Lobosporangium_transversale_XP_021885660.1                        82.30%    passed     19.76%
 102  Eukaryota-Mucoromycota-Mucoromycetes-Mucorales-Phycomycetaceae-Phycomyces_blakesleeanus_jgi38324                                           82.44%    passed     19.02%
 103  Eukaryota-Mucoromycota-Mucoromycetes-Mucorales-Rhizopodaceae-Rhizopus_microsporus_XP_023461082.1                                           82.48%    passed     12.97%
 104  Eukaryota-Nematoda-Chromadorea-Rhabditida-Rhabditidae-Caenorhabditis_elegans_NP_497958.1                                                   83.44%    passed     66.17%
 105  Eukaryota-Nematoda-Chromadorea-Strongylida-Ancylostomatidae-Necator_americanus_XP_013293375.1                                              83.86%    passed     81.67%
 106  Eukaryota-Perkinsozoa-NA-Perkinsida-Perkinsidae-Perkinsus_marinus_XP_002774038.1                                                           70.20%    failed      0.11%
 107  Eukaryota-Placozoa-NA-NA-Trichoplacidae-Trichoplax_adhaerens_XP_002112648.1                                                                82.79%    passed     14.33%
 108  Eukaryota-Priapulida-Priapulimorpha-Priapulimorphida-Priapulidae-Priapulus_caudatus_XP_014673592.1                                         83.17%    failed      0.00%
 109  Eukaryota-Rhodophyta-Bangiophyceae-Cyanidiales-Cyanidiaceae-Galdieria_sulphuraria_Gsulp5572_G338.1                                         80.92%    passed     20.39%
 110  Eukaryota-Rhodophyta-Bangiophyceae-NA-NA-Rhodosorus_marinus_MMETSP0011_c2105_g1_i2.p1                                                      81.44%    failed      3.06%
 111  Eukaryota-Rhodophyta-Bangiophyceae-Porphyridiales-Porphyridiaceae-Porphyridium_purpureum_667.5                                             80.89%    failed      0.66%
 112  Eukaryota-Rhodophyta-Porphyridiophyceae-NA-NA-Timspurckia_oligopyrenoides_MMETSP1172_c3127_g1_i1.p1                                        80.23%    passed     30.95%
 113  Eukaryota-Stramenopiles-Dictyochophyceae-Rhizochromulinales-NA-Rhizochromulina_marinacf_MMETSP1173_c5665_g1_i3.p1                          81.82%    passed     40.66%
 114  Eukaryota-Stramenopiles-NA-NA-NA-Licmophora_paradoxa_MMETSP1360_c10121_g1_i1.p1                                                            81.13%    passed     86.39%
 115  Eukaryota-Stramenopiles-NA-NA-NA-Proboscia_alata_MMETSP0174_c27847_g1_i1.p1                                                                81.20%    passed     44.86%
 116  Eukaryota-Stramenopiles-NA-NA-NA-Pseudo_pungens_MMETSP1060_c2369_g1_i1.p1                                                                  80.44%    passed     37.55%
 117  Eukaryota-Streptophyta-NA-Brassicales-Brassicaceae-Arabidopsis_lyrata_XP_020872644.1                                                       80.65%    failed      0.32%
 118  Eukaryota-Streptophyta-NA-Brassicales-Brassicaceae-Raphanus_sativus_XP_018433269.1                                                         80.44%    failed      0.07%
 119  Eukaryota-Streptophyta-NA-Fagales-Fagaceae-Quercus_suber_XP_023893926.1                                                                    79.34%    passed     30.94%
 120  Eukaryota-Streptophyta-NA-Myrtales-Myrtaceae-Rhodamnia_argentea_XP_030537037.1                                                             78.96%    passed      7.25%
 121  MSTRG.835.1.p1                                                                                                                             77.99%    failed      0.07%
 122  Viruses-NA-NA-NA-NA-Mollivirus_sibericum_YP_009165054.1                                                                                    82.79%    failed      0.03%
WARNING: 121 sequences contain more than 50% gaps/ambiguity
****  TOTAL                                                                                                                                      81.24%  34 sequences failed composition chi2 test (p-value<5%; df=19)
NOTE: Eukaryota-Chordata-NA-Testudines-Emydidae-Terrapene_carolina_XP_026503711.1 is identical to Eukaryota-Chordata-NA-Testudines-Emydidae-Chrysemys_picta_XP_005299197.1 but kept for subsequent analysis


Create initial parsimony tree by phylogenetic likelihood library (PLL)... 0.309 seconds
NOTE: ModelFinder requires 319 MB RAM!
ModelFinder will test 546 protein models (sample size: 2899) ...
 No. Model         -LnL         df  AIC          AICc         BIC
Measuring multi-threading efficiency up to 2 CPU cores
7 trees examined
Threads: 1 / Time: 2.106 sec / Speedup: 1.000 / Efficiency: 100% / LogL: -136561
Threads: 2 / Time: 1.590 sec / Speedup: 1.325 / Efficiency: 66% / LogL: -136561
BEST NUMBER OF THREADS: 2

  1  Dayhoff       96864.980    241 194211.961   194255.861   195651.242
  2  Dayhoff+I     95883.745    242 192251.489   192295.771   193696.742
  3  Dayhoff+G4    91403.407    242 183290.814   183335.095   184736.067
  4  Dayhoff+I+G4  91271.155    243 183028.311   183072.975   184479.536
  5  Dayhoff+R2    92537.012    243 185560.023   185604.688   187011.249
  6  Dayhoff+R3    91665.225    245 183820.451   183865.886   185283.620
  7  Dayhoff+R4    91354.735    247 183203.471   183249.684   184678.585
  8  Dayhoff+R5    91198.399    249 182894.798   182941.797   184381.856
  9  Dayhoff+R6    91153.257    251 182808.514   182856.306   184307.516
 10  Dayhoff+R7    91115.317    253 182736.635   182785.226   184247.581
 11  Dayhoff+R8    91090.201    255 182690.402   182739.801   184213.293
 12  Dayhoff+R9    91077.179    257 182668.359   182718.572   184203.194
 13  Dayhoff+R10   91068.357    259 182654.714   182705.749   184201.494
 14  Dayhoff+F     96603.610    260 193727.221   193778.669   195279.972
 15  Dayhoff+F+I   95657.743    261 191837.485   191889.349   193396.209
 16  Dayhoff+F+G4  91140.201    261 182802.402   182854.266   184361.126
 17  Dayhoff+F+I+G4 91006.560    262 182537.120   182589.400   184101.815
 18  Dayhoff+F+R2  92224.427    262 184972.854   185025.135   186537.550
 19  Dayhoff+F+R3  91346.811    264 183221.622   183274.743   184798.262
 20  Dayhoff+F+R4  91058.646    266 182649.292   182703.260   184237.876
 21  Dayhoff+F+R5  90915.276    268 182366.553   182421.375   183967.081
 22  Dayhoff+F+R6  90871.452    270 182282.904   182338.589   183895.376
 23  Dayhoff+F+R7  90838.888    272 182221.776   182278.330   183846.193
 24  Dayhoff+F+R8  90813.416    274 182174.833   182232.264   183811.194
 25  Dayhoff+F+R9  90800.022    276 182152.044   182210.360   183800.349
 26  Dayhoff+F+R10 90790.837    278 182137.673   182196.881   183797.923
 27  mtMAM         108222.907   241 216927.814   216971.714   218367.095
 28  mtMAM+I       107308.417   242 215100.834   215145.116   216546.087
 29  mtMAM+G4      97421.358    242 195326.716   195370.998   196771.970
 30  mtMAM+I+G4    97293.422    243 195072.844   195117.508   196524.069
 31  mtMAM+R2      99319.053    243 199124.106   199168.771   200575.332
 32  mtMAM+R3      97863.295    245 196216.589   196262.025   197679.759
 33  mtMAM+R4      97433.124    247 195360.248   195406.461   196835.361
 34  mtMAM+R5      97239.309    249 194976.618   195023.617   196463.676
 35  mtMAM+R6      97134.777    251 194771.555   194819.346   196270.557
 36  mtMAM+R7      97020.839    253 194547.678   194596.270   196058.625
 37  mtMAM+R8      96938.756    255 194387.511   194436.910   195910.402
 38  mtMAM+R9      96902.881    257 194319.761   194369.974   195854.596
 39  mtMAM+R10     96878.165    259 194274.330   194325.364   195821.109
 40  mtMAM+F       102609.030   260 205738.059   205789.507   207290.811
 41  mtMAM+F+I     101625.869   261 203773.738   203825.602   205332.462
 42  mtMAM+F+G4    93954.240    261 188430.479   188482.343   189989.203
 43  mtMAM+F+I+G4  93809.370    262 188142.739   188195.020   189707.435
 44  mtMAM+F+R2    95485.030    262 191494.059   191546.340   193058.755
 45  mtMAM+F+R3    94351.694    264 189231.387   189284.508   190808.027
 46  mtMAM+F+R4    93969.880    266 188471.760   188525.728   190060.344
 47  mtMAM+F+R5    93809.368    268 188154.736   188209.559   189755.264
 48  mtMAM+F+R6    93706.441    270 187952.882   188008.567   189565.355
 49  mtMAM+F+R7    93613.376    272 187770.751   187827.306   189395.168
 50  mtMAM+F+R8    93553.852    274 187655.704   187713.135   189292.065
 51  mtMAM+F+R9    93522.421    276 187596.841   187655.157   189245.146
 52  mtMAM+F+R10   93498.127    278 187552.254   187611.461   189212.503
 53  JTT           96411.336    241 193304.673   193348.573   194743.954
 54  JTT+I         95452.473    242 191388.947   191433.228   192834.200
 55  JTT+G4        90821.929    242 182127.858   182172.140   183573.112
 56  JTT+I+G4      90702.068    243 181890.136   181934.800   183341.361
 57  JTT+R2        91944.409    243 184374.818   184419.483   185826.044
 58  JTT+R3        91060.183    245 182610.366   182655.801   184073.535
 59  JTT+R4        90722.979    247 181939.958   181986.171   183415.072
 60  JTT+R5        90601.748    249 181701.497   181748.496   183188.555
 61  JTT+R6        90555.521    251 181613.043   181660.834   183112.045
 62  JTT+R7        90530.613    253 181567.226   181615.817   183078.173
 63  JTT+R8        90504.662    255 181519.324   181568.722   183042.214
 64  JTT+R9        90488.672    257 181491.344   181541.557   183026.179
 65  JTT+R10       90477.349    259 181472.699   181523.733   183019.478
 66  JTT+F         96469.806    260 193459.612   193511.060   195012.363
 67  JTT+F+I       95525.801    261 191573.603   191625.466   193132.326
 68  JTT+F+G4      90905.676    261 182333.353   182385.216   183892.076
 69  JTT+F+I+G4    90780.241    262 182084.481   182136.762   183649.177
 70  JTT+F+R2      92004.738    262 184533.477   184585.757   186098.172
 71  JTT+F+R3      91122.928    264 182773.857   182826.978   184350.497
 72  JTT+F+R4      90784.533    266 182101.065   182155.033   183689.649
 73  JTT+F+R5      90676.773    268 181889.545   181944.368   183490.074
 74  JTT+F+R6      90631.875    270 181803.750   181859.435   183416.222
 75  JTT+F+R7      90607.286    272 181758.572   181815.126   183382.989
 76  JTT+F+R8      90583.854    274 181715.709   181773.140   183352.070
 77  JTT+F+R9      90568.560    276 181689.119   181747.435   183337.425
 78  JTT+F+R10     90557.530    278 181671.061   181730.268   183331.311
 79  WAG           95013.866    241 190509.731   190553.632   191949.012
 80  WAG+I         94119.305    242 188722.610   188766.891   190167.863
 81  WAG+G4        90161.858    242 180807.715   180851.997   182252.969
 82  WAG+I+G4      90053.524    243 180593.048   180637.713   182044.274
 83  WAG+R2        91127.998    243 182741.995   182786.660   184193.221
 84  WAG+R3        90363.719    245 181217.437   181262.872   182680.607
 85  WAG+R4        90029.267    247 180552.535   180598.748   182027.649
 86  WAG+R5        89947.406    249 180392.813   180439.812   181879.871
 87  WAG+R6        89929.255    251 180360.510   180408.302   181859.513
 88  WAG+R7        89892.313    253 180290.626   180339.217   181801.572
 89  WAG+R8        89869.679    255 180249.358   180298.756   181772.249
 90  WAG+R9        89855.350    257 180224.700   180274.913   181759.535
 91  WAG+R10       89844.946    259 180207.892   180258.926   181754.671
 92  WAG+F         94891.187    260 190302.373   190353.821   191855.125
 93  WAG+F+I       94025.121    261 188572.241   188624.105   190130.965
 94  WAG+F+G4      90071.670    261 180665.339   180717.203   182224.063
 95  WAG+F+I+G4    89962.550    262 180449.101   180501.382   182013.797
 96  WAG+F+R2      91017.159    262 182558.319   182610.600   184123.015
 97  WAG+F+R3      90259.370    264 181046.740   181099.861   182623.380
 98  WAG+F+R4      89938.889    266 180409.778   180463.746   181998.363
 99  WAG+F+R5      89847.504    268 180231.007   180285.830   181831.536
100  WAG+F+R6      89829.686    270 180199.372   180255.057   181811.845
101  WAG+F+R7      89799.068    272 180142.136   180198.690   181766.553
102  WAG+F+R8      89778.586    274 180105.171   180162.603   181741.533
103  WAG+F+R9      89764.948    276 180081.895   180140.211   181730.201
104  WAG+F+R10     89755.007    278 180066.015   180125.222   181726.264
105  cpREV         95698.492    241 191878.985   191922.886   193318.266
106  cpREV+I       94806.233    242 190096.466   190140.748   191541.720
107  cpREV+G4      90756.608    242 181997.215   182041.497   183442.469
108  cpREV+I+G4    90645.911    243 181777.821   181822.486   183229.047
109  cpREV+R2      91806.005    243 184098.010   184142.675   185549.236
110  cpREV+R3      90956.132    245 182402.263   182447.699   183865.433
111  cpREV+R4      90640.535    247 181775.070   181821.284   183250.184
112  cpREV+R5      90541.158    249 181580.316   181627.315   183067.374
113  cpREV+R6      90521.250    251 181544.501   181592.292   183043.503
114  cpREV+R7      90497.472    253 181500.944   181549.535   183011.890
115  cpREV+R8      90473.930    255 181457.860   181507.259   182980.751
116  cpREV+R9      90457.921    257 181429.841   181480.054   182964.676
117  cpREV+R10     90445.786    259 181409.572   181460.607   182956.352
118  cpREV+F       95416.034    260 191352.068   191403.516   192904.819
119  cpREV+F+I     94512.356    261 189546.712   189598.575   191105.435
120  cpREV+F+G4    90513.400    261 181548.800   181600.663   183107.524
121  cpREV+F+I+G4  90407.530    262 181339.061   181391.342   182903.757
122  cpREV+F+R2    91591.775    262 183707.550   183759.831   185272.246
123  cpREV+F+R3    90732.692    264 181993.383   182046.504   183570.023
124  cpREV+F+R4    90404.369    266 181340.737   181394.705   182929.321
125  cpREV+F+R5    90317.078    268 181170.157   181224.980   182770.685
126  cpREV+F+R6    90295.622    270 181131.244   181186.929   182743.717
127  cpREV+F+R7    90266.297    272 181076.595   181133.149   182701.012
128  cpREV+F+R8    90241.971    274 181031.941   181089.373   182668.302
129  cpREV+F+R9    90224.569    276 181001.138   181059.454   182649.443
130  cpREV+F+R10   90211.233    278 180978.465   181037.673   182638.715
131  mtREV         102567.407   241 205616.813   205660.714   207056.095
132  mtREV+I       101790.607   242 204065.214   204109.496   205510.467
133  mtREV+G4      95239.537    242 190963.075   191007.356   192408.328
134  mtREV+I+G4    95096.379    243 190678.757   190723.422   192129.983
135  mtREV+R2      96363.243    243 193212.485   193257.150   194663.711
136  mtREV+R3      95380.908    245 191251.815   191297.251   192714.985
137  mtREV+R4      95100.053    247 190694.107   190740.320   192169.221
138  mtREV+R5      94978.659    249 190455.318   190502.317   191942.376
139  mtREV+R6      94932.532    251 190367.065   190414.856   191866.067
140  mtREV+R7      94865.754    253 190237.509   190286.100   191748.455
141  mtREV+R8      94828.735    255 190167.471   190216.869   191690.361
142  mtREV+R9      94813.287    257 190140.575   190190.788   191675.410
143  mtREV+R10     94802.715    259 190123.430   190174.464   191670.209
144  mtREV+F       97887.604    260 196295.209   196346.657   197847.960
145  mtREV+F+I     97060.989    261 194643.978   194695.842   196202.702
146  mtREV+F+G4    91719.809    261 183961.619   184013.482   185520.342
147  mtREV+F+I+G4  91587.128    262 183698.255   183750.536   185262.951
148  mtREV+F+R2    92904.001    262 186332.002   186384.283   187896.698
149  mtREV+F+R3    91952.954    264 184433.908   184487.029   186010.548
150  mtREV+F+R4    91616.005    266 183764.009   183817.977   185352.593
151  mtREV+F+R5    91496.729    268 183529.457   183584.280   185129.986
152  mtREV+F+R6    91457.409    270 183454.817   183510.502   185067.290
153  mtREV+F+R7    91400.230    272 183344.459   183401.014   184968.876
154  mtREV+F+R8    91368.043    274 183284.086   183341.517   184920.447
155  mtREV+F+R9    91350.935    276 183253.870   183312.186   184902.175
156  mtREV+F+R10   91338.947    278 183233.893   183293.101   184894.143
157  rtREV         96276.193    241 193034.386   193078.287   194473.668
158  rtREV+I       95388.195    242 191260.390   191304.671   192705.643
159  rtREV+G4      90753.090    242 181990.179   182034.461   183435.433
160  rtREV+I+G4    90644.738    243 181775.475   181820.139   183226.701
161  rtREV+R2      91839.731    243 184165.462   184210.126   185616.687
162  rtREV+R3      90998.027    245 182486.054   182531.489   183949.223
163  rtREV+R4      90629.360    247 181752.720   181798.934   183227.834
164  rtREV+R5      90523.428    249 181544.855   181591.854   183031.913
165  rtREV+R6      90500.910    251 181503.819   181551.611   183002.822
166  rtREV+R7      90469.745    253 181445.490   181494.081   182956.436
167  rtREV+R8      90452.016    255 181414.031   181463.430   182936.922
168  rtREV+R9      90440.842    257 181395.685   181445.898   182930.520
169  rtREV+R10     90431.420    259 181380.840   181431.874   182927.619
170  rtREV+F       95711.194    260 191942.388   191993.836   193495.139
171  rtREV+F+I     94850.205    261 190222.411   190274.274   191781.134
172  rtREV+F+G4    90111.482    261 180744.964   180796.827   182303.688
173  rtREV+F+I+G4  89989.659    262 180503.317   180555.598   182068.013
174  rtREV+F+R2    91182.404    262 182888.808   182941.089   184453.504
175  rtREV+F+R3    90338.873    264 181205.747   181258.867   182782.387
176  rtREV+F+R4    89971.745    266 180475.489   180529.458   182064.074
177  rtREV+F+R5    89869.577    268 180275.153   180329.976   181875.682
178  rtREV+F+R6    89843.845    270 180227.690   180283.375   181840.162
179  rtREV+F+R7    89808.854    272 180161.708   180218.263   181786.125
180  rtREV+F+R8    89790.600    274 180129.199   180186.631   181765.560
181  rtREV+F+R9    89778.634    276 180109.268   180167.584   181757.573
182  rtREV+F+R10   89768.466    278 180092.932   180152.140   181753.182
183  mtART         105614.097   241 211710.195   211754.095   213149.476
184  mtART+I       104759.846   242 210003.692   210047.974   211448.945
185  mtART+G4      95647.784    242 191779.569   191823.850   193224.822
186  mtART+I+G4    95514.015    243 191514.029   191558.694   192965.255
187  mtART+R2      97305.135    243 195096.269   195140.934   196547.495
188  mtART+R3      95863.061    245 192216.121   192261.557   193679.291
189  mtART+R4      95511.205    247 191516.411   191562.624   192991.525
190  mtART+R5      95385.970    249 191269.941   191316.940   192756.999
191  mtART+R6      95357.280    251 191216.561   191264.352   192715.563
192  mtART+R7      95271.314    253 191048.628   191097.219   192559.574
193  mtART+R8      95224.159    255 190958.317   191007.716   192481.208
194  mtART+R9      95196.397    257 190906.793   190957.006   192441.629
195  mtART+R10     95175.499    259 190868.999   190920.033   192415.778
196  mtART+F       100581.825   260 201683.649   201735.097   203236.401
197  mtART+F+I     99699.035    261 199920.070   199971.934   201478.794
198  mtART+F+G4    92356.517    261 185235.033   185286.897   186793.757
199  mtART+F+I+G4  92217.665    262 184959.330   185011.610   186524.025
200  mtART+F+R2    93800.815    262 188125.629   188177.910   189690.325
201  mtART+F+R3    92657.161    264 185842.323   185895.443   187418.963
202  mtART+F+R4    92275.955    266 185083.911   185137.879   186672.495
203  mtART+F+R5    92187.079    268 184910.158   184964.981   186510.686
204  mtART+F+R6    92156.797    270 184853.594   184909.279   186466.067
205  mtART+F+R7    92059.636    272 184663.272   184719.827   186287.689
206  mtART+F+R8    92009.725    274 184567.451   184624.882   186203.812
207  mtART+F+R9    91979.355    276 184510.710   184569.026   186159.015
208  mtART+F+R10   91956.152    278 184468.303   184527.511   186128.553
209  mtZOA         102486.495   241 205454.989   205498.890   206894.271
210  mtZOA+I       101672.841   242 203829.682   203873.964   205274.936
211  mtZOA+G4      93661.873    242 187807.747   187852.028   189253.000
212  mtZOA+I+G4    93537.797    243 187561.593   187606.257   189012.819
213  mtZOA+R2      94886.650    243 190259.301   190303.965   191710.526
214  mtZOA+R3      93823.958    245 188137.915   188183.350   189601.085
215  mtZOA+R4      93509.228    247 187512.455   187558.669   188987.569
216  mtZOA+R5      93410.938    249 187319.876   187366.874   188806.934
217  mtZOA+R6      93385.085    251 187272.170   187319.961   188771.172
218  mtZOA+R7      93308.083    253 187122.166   187170.757   188633.113
219  mtZOA+R8      93267.004    255 187044.008   187093.406   188566.899
220  mtZOA+R9      93242.064    257 186998.128   187048.341   188532.964
221  mtZOA+R10     93224.234    259 186966.467   187017.502   188513.247
222  mtZOA+F       98759.675    260 198039.351   198090.799   199592.102
223  mtZOA+F+I     97896.733    261 196315.466   196367.330   197874.190
224  mtZOA+F+G4    91459.436    261 183440.872   183492.735   184999.595
225  mtZOA+F+I+G4  91317.932    262 183159.863   183212.144   184724.559
226  mtZOA+F+R2    92752.755    262 186029.509   186081.790   187594.205
227  mtZOA+F+R3    91727.121    264 183982.242   184035.363   185558.882
228  mtZOA+F+R4    91385.935    266 183303.870   183357.838   184892.454
229  mtZOA+F+R5    91273.708    268 183083.415   183138.238   184683.943
230  mtZOA+F+R6    91240.329    270 183020.657   183076.342   184633.130
231  mtZOA+F+R7    91153.087    272 182850.174   182906.729   184474.591
232  mtZOA+F+R8    91113.146    274 182774.292   182831.723   184410.653
233  mtZOA+F+R9    91091.255    276 182734.509   182792.825   184382.815
234  mtZOA+F+R10   91076.535    278 182709.070   182768.278   184369.320
235  VT            95060.078    241 190602.157   190646.058   192041.438
236  VT+I          94185.307    242 188854.614   188898.896   190299.867
237  VT+G4         90264.694    242 181013.389   181057.670   182458.642
238  VT+I+G4       90153.946    243 180793.892   180838.557   182245.118
239  VT+R2         91185.437    243 182856.874   182901.539   184308.100
240  VT+R3         90439.345    245 181368.690   181414.125   182831.860
241  VT+R4         90115.147    247 180724.293   180770.507   182199.407
242  VT+R5         90021.926    249 180541.852   180588.851   182028.910
243  VT+R6         90005.755    251 180513.509   180561.301   182012.512
244  VT+R7         89985.910    253 180477.820   180526.411   181988.766
245  VT+R8         89976.094    255 180462.187   180511.586   181985.078
246  VT+R9         89968.390    257 180450.781   180500.994   181985.616
248  VT+F          95014.353    260 190548.707   190600.155   192101.458
249  VT+F+I        94158.881    261 188839.763   188891.626   190398.487
250  VT+F+G4       90283.208    261 181088.417   181140.280   182647.140
251  VT+F+I+G4     90168.562    262 180861.124   180913.404   182425.819
252  VT+F+R2       91176.378    262 182876.757   182929.037   184441.452
253  VT+F+R3       90439.712    264 181407.423   181460.544   182984.063
254  VT+F+R4       90129.549    266 180791.097   180845.065   182379.681
255  VT+F+R5       90033.468    268 180602.936   180657.759   182203.465
256  VT+F+R6       90006.925    270 180553.851   180609.536   182166.323
257  VT+F+R7       89992.900    272 180529.799   180586.353   182154.216
258  VT+F+R8       89986.884    274 180521.767   180579.199   182158.129
261  LG            95452.267    241 191386.535   191430.436   192825.816
262  LG+I          94566.771    242 189617.542   189661.823   191062.795
263  LG+G4         89768.710    242 180021.420   180065.702   181466.673
264  LG+I+G4       89661.677    243 179809.353   179854.018   181260.579
265  LG+R2         90896.522    243 182279.043   182323.707   183730.269
266  LG+R3         90030.545    245 180551.089   180596.525   182014.259
267  LG+R4         89643.223    247 179780.446   179826.660   181255.560
268  LG+R5         89530.177    249 179558.354   179605.353   181045.412
269  LG+R6         89490.770    251 179483.539   179531.331   180982.542
270  LG+R7         89474.303    253 179454.606   179503.198   180965.553
271  LG+R8         89468.148    255 179446.296   179495.695   180969.187
274  LG+F          95448.371    260 191416.743   191468.191   192969.494
275  LG+F+I        94587.197    261 189696.393   189748.257   191255.117
276  LG+F+G4       89808.017    261 180138.034   180189.897   181696.758
277  LG+F+I+G4     89688.708    262 179901.415   179953.696   181466.111
278  LG+F+R2       90902.426    262 182328.852   182381.133   183893.548
279  LG+F+R3       90048.278    264 180624.556   180677.677   182201.196
280  LG+F+R4       89671.055    266 179874.110   179928.078   181462.694
281  LG+F+R5       89555.948    268 179647.897   179702.720   181248.425
282  LG+F+R6       89516.409    270 179572.818   179628.503   181185.291
283  LG+F+R7       89502.266    272 179548.532   179605.086   181172.949
284  LG+F+R8       89497.662    274 179543.325   179600.756   181179.686
287  DCMut         96855.902    241 194193.804   194237.705   195633.085
288  DCMut+I       95875.406    242 192234.812   192279.093   193680.065
289  DCMut+G4      91404.107    242 183292.214   183336.496   184737.467
290  DCMut+I+G4    91271.857    243 183029.713   183074.378   184480.939
291  DCMut+R2      92530.447    243 185546.894   185591.558   186998.119
292  DCMut+R3      91618.512    245 183727.025   183772.460   185190.195
293  DCMut+R4      91279.740    247 183053.479   183099.693   184528.593
294  DCMut+R5      91167.079    249 182832.159   182879.158   184319.217
295  DCMut+R6      91137.620    251 182777.240   182825.032   184276.243
296  DCMut+R7      91124.360    253 182754.720   182803.311   184265.667
297  DCMut+R8      91110.296    255 182730.592   182779.990   184253.483
298  DCMut+R9      91105.368    257 182724.736   182774.948   184259.571
300  DCMut+F       96593.116    260 193706.232   193757.680   195258.983
301  DCMut+F+I     95648.197    261 191818.394   191870.257   193377.118
302  DCMut+F+G4    91139.472    261 182800.943   182852.807   184359.667
303  DCMut+F+I+G4  91006.157    262 182536.314   182588.595   184101.010
304  DCMut+F+R2    92221.122    262 184966.245   185018.526   186530.941
305  DCMut+F+R3    91331.057    264 183190.114   183243.234   184766.754
306  DCMut+F+R4    91000.711    266 182533.423   182587.391   184122.007
307  DCMut+F+R5    90883.463    268 182302.926   182357.749   183903.455
308  DCMut+F+R6    90855.672    270 182251.344   182307.029   183863.817
309  DCMut+F+R7    90845.988    272 182235.976   182292.531   183860.393
310  DCMut+F+R8    90833.057    274 182214.113   182271.544   183850.474
311  DCMut+F+R9    90827.713    276 182207.427   182265.743   183855.732
313  PMB           95241.254    241 190964.508   191008.408   192403.789
314  PMB+I         94397.347    242 189278.694   189322.976   190723.948
315  PMB+G4        90597.654    242 181679.308   181723.589   183124.561
316  PMB+I+G4      90476.118    243 181438.237   181482.901   182889.462
317  PMB+R2        91447.420    243 183380.841   183425.505   184832.066
318  PMB+R3        90718.274    245 181926.548   181971.983   183389.718
319  PMB+R4        90443.133    247 181380.265   181426.479   182855.379
320  PMB+R5        90343.978    249 181185.955   181232.954   182673.014
321  PMB+R6        90307.677    251 181117.354   181165.146   182616.356
322  PMB+R7        90302.553    253 181111.106   181159.698   182622.053
326  PMB+F         95149.824    260 190819.647   190871.095   192372.399
327  PMB+F+I       94310.078    261 189142.156   189194.019   190700.880
328  PMB+F+G4      90555.366    261 181632.732   181684.596   183191.456
329  PMB+F+I+G4    90438.026    262 181400.053   181452.333   182964.748
330  PMB+F+R2      91415.308    262 183354.616   183406.897   184919.312
331  PMB+F+R3      90683.039    264 181894.078   181947.199   183470.718
332  PMB+F+R4      90410.080    266 181352.159   181406.127   182940.744
333  PMB+F+R5      90306.006    268 181148.013   181202.835   182748.541
334  PMB+F+R6      90261.943    270 181063.887   181119.572   182676.360
335  PMB+F+R7      90253.444    272 181050.888   181107.443   182675.305
336  PMB+F+R8      90253.035    274 181054.070   181111.501   182690.431
339  HIVb          99756.467    241 199994.934   200038.834   201434.215
340  HIVb+I        98603.521    242 197691.041   197735.323   199136.295
341  HIVb+G4       93199.021    242 186882.041   186926.323   188327.295
342  HIVb+I+G4     93094.985    243 186675.970   186720.634   188127.195
343  HIVb+R2       94628.720    243 189743.441   189788.105   191194.666
344  HIVb+R3       93546.163    245 187582.326   187627.761   189045.495
345  HIVb+R4       93090.698    247 186675.397   186721.610   188150.511
346  HIVb+R5       92914.280    249 186326.560   186373.558   187813.618
347  HIVb+R6       92858.451    251 186218.903   186266.694   187717.905
348  HIVb+R7       92845.678    253 186197.356   186245.947   187708.302
349  HIVb+R8       92845.203    255 186200.407   186249.805   187723.298
352  HIVb+F        99488.214    260 199496.427   199547.875   201049.179
353  HIVb+F+I      98333.438    261 197188.877   197240.740   198747.600
354  HIVb+F+G4     92813.109    261 186148.218   186200.081   187706.941
355  HIVb+F+I+G4   92689.233    262 185902.467   185954.747   187467.162
356  HIVb+F+R2     94254.758    262 189033.516   189085.797   190598.212
357  HIVb+F+R3     93152.350    264 186832.700   186885.820   188409.340
358  HIVb+F+R4     92707.561    266 185947.121   186001.089   187535.705
359  HIVb+F+R5     92522.347    268 185580.694   185635.517   187181.222
360  HIVb+F+R6     92455.572    270 185451.144   185506.829   187063.617
361  HIVb+F+R7     92441.514    272 185427.028   185483.582   187051.445
362  HIVb+F+R8     92440.994    274 185429.989   185487.420   187066.350
365  HIVw          103737.835   241 207957.670   208001.570   209396.951
366  HIVw+I        102579.326   242 205642.652   205686.934   207087.905
367  HIVw+G4       97156.881    242 194797.761   194842.043   196243.015
368  HIVw+I+G4     97029.895    243 194545.790   194590.454   195997.016
369  HIVw+R2       98667.009    243 197820.018   197864.682   199271.243
370  HIVw+R3       97543.360    245 195576.720   195622.155   197039.890
371  HIVw+R4       97124.417    247 194742.833   194789.047   196217.947
372  HIVw+R5       96920.754    249 194339.508   194386.507   195826.566
373  HIVw+R6       96848.152    251 194198.304   194246.095   195697.306
374  HIVw+R7       96831.858    253 194169.716   194218.307   195680.662
375  HIVw+R8       96831.255    255 194172.510   194221.909   195695.401
378  HIVw+F        102161.618   260 204843.236   204894.684   206395.987
379  HIVw+F+I      101000.868   261 202523.735   202575.599   204082.459
380  HIVw+F+G4     95489.022    261 191500.045   191551.908   193058.769
381  HIVw+F+I+G4   95365.488    262 191254.976   191307.256   192819.671
382  HIVw+F+R2     96944.934    262 194413.867   194466.148   195978.563
383  HIVw+F+R3     95840.652    264 192209.304   192262.425   193785.944
384  HIVw+F+R4     95424.049    266 191380.098   191434.066   192968.682
385  HIVw+F+R5     95214.677    268 190965.355   191020.178   192565.883
386  HIVw+F+R6     95153.470    270 190846.941   190902.626   192459.414
387  HIVw+F+R7     95136.738    272 190817.476   190874.030   192441.893
388  HIVw+F+R8     95136.120    274 190820.239   190877.671   192456.601
391  JTTDCMut      96372.511    241 193227.022   193270.922   194666.303
392  JTTDCMut+I    95412.400    242 191308.800   191353.081   192754.053
393  JTTDCMut+G4   90805.164    242 182094.328   182138.610   183539.581
394  JTTDCMut+I+G4 90685.805    243 181857.610   181902.275   183308.836
395  JTTDCMut+R2   91929.518    243 184345.037   184389.701   185796.262
396  JTTDCMut+R3   91035.155    245 182560.309   182605.745   184023.479
397  JTTDCMut+R4   90675.113    247 181844.226   181890.440   183319.340
398  JTTDCMut+R5   90532.011    249 181562.022   181609.021   183049.080
399  JTTDCMut+R6   90505.344    251 181512.687   181560.479   183011.690
400  JTTDCMut+R7   90498.235    253 181502.469   181551.061   183013.416
404  JTTDCMut+F    96422.102    260 193364.203   193415.652   194916.955
405  JTTDCMut+F+I  95478.990    261 191479.980   191531.843   193038.703
406  JTTDCMut+F+G4 90875.596    261 182273.191   182325.055   183831.915
407  JTTDCMut+F+I+G4 90749.991    262 182023.983   182076.263   183588.678
408  JTTDCMut+F+R2 91975.162    262 184474.324   184526.605   186039.020
409  JTTDCMut+F+R3 91089.480    264 182706.959   182760.080   184283.599
410  JTTDCMut+F+R4 90736.347    266 182004.694   182058.662   183593.278
411  JTTDCMut+F+R5 90594.436    268 181724.873   181779.696   183325.401
412  JTTDCMut+F+R6 90570.172    270 181680.343   181736.028   183292.816
413  JTTDCMut+F+R7 90562.330    272 181668.660   181725.214   183293.077
417  FLU           98978.908    241 198439.816   198483.717   199879.098
418  FLU+I         97959.692    242 196403.385   196447.666   197848.638
419  FLU+G4        92731.872    242 185947.744   185992.025   187392.997
420  FLU+I+G4      92601.356    243 185688.712   185733.376   187139.937
421  FLU+R2        94002.546    243 188491.091   188535.755   189942.316
422  FLU+R3        93067.223    245 186624.446   186669.881   188087.615
423  FLU+R4        92645.724    247 185785.448   185831.661   187260.562
424  FLU+R5        92483.895    249 185465.790   185512.789   186952.848
425  FLU+R6        92435.470    251 185372.940   185420.731   186871.942
426  FLU+R7        92414.838    253 185335.675   185384.266   186846.622
427  FLU+R8        92410.328    255 185330.657   185380.055   186853.547
430  FLU+F         98474.478    260 197468.956   197520.404   199021.708
431  FLU+F+I       97489.455    261 195500.911   195552.774   197059.634
432  FLU+F+G4      92221.514    261 184965.029   185016.892   186523.752
433  FLU+F+I+G4    92106.774    262 184737.548   184789.828   186302.243
434  FLU+F+R2      93466.562    262 187457.125   187509.405   189021.820
435  FLU+F+R3      92536.885    264 185601.769   185654.890   187178.409
436  FLU+F+R4      92130.068    266 184792.137   184846.105   186380.721
437  FLU+F+R5      91974.226    268 184484.453   184539.275   186084.981
438  FLU+F+R6      91932.045    270 184404.090   184459.775   186016.563
439  FLU+F+R7      91911.891    272 184367.782   184424.336   185992.199
440  FLU+F+R8      91907.955    274 184363.909   184421.341   186000.270
443  Blosum62      95151.382    241 190784.764   190828.665   192224.045
444  Blosum62+I    94325.811    242 189135.621   189179.903   190580.874
445  Blosum62+G4   90475.799    242 181435.597   181479.879   182880.851
446  Blosum62+I+G4 90363.085    243 181212.169   181256.834   182663.395
447  Blosum62+R2   91338.311    243 183162.622   183207.287   184613.848
448  Blosum62+R3   90620.064    245 181730.128   181775.563   183193.297
449  Blosum62+R4   90327.636    247 181149.272   181195.486   182624.386
450  Blosum62+R5   90224.135    249 180946.269   180993.268   182433.327
451  Blosum62+R6   90183.819    251 180869.639   180917.430   182368.641
452  Blosum62+R7   90177.493    253 180860.987   180909.578   182371.933
456  Blosum62+F    95050.738    260 190621.477   190672.925   192174.228
457  Blosum62+F+I  94231.482    261 188984.963   189036.827   190543.687
458  Blosum62+F+G4 90443.697    261 181409.394   181461.257   182968.118
459  Blosum62+F+I+G4 90329.688    262 181183.376   181235.657   182748.072
460  Blosum62+F+R2 91302.970    262 183129.939   183182.220   184694.635
461  Blosum62+F+R3 90591.947    264 181711.893   181765.014   183288.533
462  Blosum62+F+R4 90293.781    266 181119.563   181173.531   182708.147
463  Blosum62+F+R5 90191.884    268 180919.768   180974.591   182520.296
464  Blosum62+F+R6 90145.035    270 180830.071   180885.756   182442.543
465  Blosum62+F+R7 90136.336    272 180816.671   180873.226   182441.088
466  Blosum62+F+R8 90136.309    274 180820.618   180878.049   182456.979
469  mtMet         103372.567   241 207227.135   207271.035   208666.416
470  mtMet+I       102540.621   242 205565.242   205609.523   207010.495
471  mtMet+G4      95201.836    242 190887.672   190931.954   192332.926
472  mtMet+I+G4    95085.721    243 190657.443   190702.107   192108.668
473  mtMet+R2      96461.156    243 193408.312   193452.977   194859.538
474  mtMet+R3      95338.462    245 191166.924   191212.359   192630.093
475  mtMet+R4      95075.070    247 190644.140   190690.354   192119.254
476  mtMet+R5      94899.178    249 190296.357   190343.355   191783.415
477  mtMet+R6      94802.366    251 190106.731   190154.522   191605.733
478  mtMet+R7      94788.068    253 190082.136   190130.727   191593.082
479  mtMet+R8      94788.015    255 190086.030   190135.429   191608.921
482  mtMet+F       98933.030    260 198386.059   198437.507   199938.811
483  mtMet+F+I     98035.192    261 196592.384   196644.247   198151.107
484  mtMet+F+G4    92011.450    261 184544.900   184596.764   186103.624
485  mtMet+F+I+G4  91829.582    262 184183.163   184235.444   185747.859
486  mtMet+F+R2    93237.957    262 186999.915   187052.195   188564.610
487  mtMet+F+R3    92205.982    264 184939.965   184993.085   186516.605
488  mtMet+F+R4    91946.322    266 184424.644   184478.612   186013.228
489  mtMet+F+R5    91707.972    268 183951.944   184006.767   185552.473
490  mtMet+F+R6    91624.015    270 183788.029   183843.714   185400.502
491  mtMet+F+R7    91613.161    272 183770.322   183826.877   185394.739
492  mtMet+F+R8    91613.089    274 183774.178   183831.609   185410.539
495  mtVer         105546.530   241 211575.060   211618.961   213014.341
496  mtVer+I       104627.061   242 209738.123   209782.404   211183.376
497  mtVer+G4      96424.244    242 193332.488   193376.770   194777.742
498  mtVer+I+G4    96266.225    243 193018.451   193063.115   194469.676
499  mtVer+R2      97805.107    243 196096.215   196140.879   197547.440
500  mtVer+R3      96605.335    245 193700.670   193746.105   195163.839
501  mtVer+R4      96324.019    247 193142.038   193188.251   194617.151
502  mtVer+R5      96112.279    249 192722.558   192769.556   194209.616
503  mtVer+R6      96010.541    251 192523.083   192570.874   194022.085
504  mtVer+R7      95987.975    253 192481.951   192530.542   193992.897
505  mtVer+R8      95986.557    255 192483.113   192532.512   194006.004
508  mtVer+F       101051.393   260 202622.785   202674.233   204175.537
509  mtVer+F+I     100019.785   261 200561.571   200613.434   202120.294
510  mtVer+F+G4    93445.174    261 187412.348   187464.211   188971.071
511  mtVer+F+I+G4  93252.029    262 187028.059   187080.339   188592.754
512  mtVer+F+R2    94857.298    262 190238.596   190290.876   191803.291
513  mtVer+F+R3    93720.131    264 187968.262   188021.382   189544.902
514  mtVer+F+R4    93394.879    266 187321.758   187375.726   188910.342
515  mtVer+F+R5    93169.490    268 186874.981   186929.804   188475.509
516  mtVer+F+R6    93063.615    270 186667.229   186722.914   188279.702
517  mtVer+F+R7    93044.509    272 186633.017   186689.572   188257.434
518  mtVer+F+R8    93044.483    274 186636.965   186694.397   188273.327
521  mtInv         102778.741   241 206039.481   206083.382   207478.762
522  mtInv+I       101949.313   242 204382.626   204426.907   205827.879
523  mtInv+G4      95390.194    242 191264.389   191308.670   192709.642
524  mtInv+I+G4    95287.078    243 191060.156   191104.820   192511.381
525  mtInv+R2      96439.671    243 193365.343   193410.007   194816.568
526  mtInv+R3      95510.221    245 191510.442   191555.877   192973.612
527  mtInv+R4      95245.869    247 190985.738   191031.951   192460.852
528  mtInv+R5      95100.726    249 190699.451   190746.450   192186.510
529  mtInv+R6      95019.854    251 190541.709   190589.500   192040.711
530  mtInv+R7      95005.150    253 190516.299   190564.891   192027.246
531  mtInv+R8      95005.120    255 190520.240   190569.638   192043.131
534  mtInv+F       97562.000    260 195644.000   195695.448   197196.751
535  mtInv+F+I     96682.624    261 193887.247   193939.111   195445.971
536  mtInv+F+G4    91249.855    261 183021.710   183073.573   184580.433
537  mtInv+F+I+G4  91092.054    262 182708.109   182760.390   184272.805
538  mtInv+F+R2    92437.880    262 185399.760   185452.041   186964.456
539  mtInv+F+R3    91463.040    264 183454.079   183507.200   185030.719
540  mtInv+F+R4    91137.567    266 182807.135   182861.103   184395.719
541  mtInv+F+R5    90954.201    268 182444.401   182499.224   184044.930
542  mtInv+F+R6    90896.472    270 182332.944   182388.629   183945.417
543  mtInv+F+R7    90889.239    272 182322.478   182379.033   183946.895
Akaike Information Criterion:           LG+R8
Corrected Akaike Information Criterion: LG+R8
Bayesian Information Criterion:         LG+R7
Best-fit model: LG+R7 chosen according to BIC

All model information printed to K00764.blastp_ALL.outfmt6.parsed.filtered.uniq.faa.mafft.aln.model.gz
CPU time for ModelFinder: 30219.635 seconds (8h:23m:39s)
Wall-clock time for ModelFinder: 15254.640 seconds (4h:14m:14s)
Generating 2000 samples for ultrafast bootstrap (seed: 434191)...

NOTE: 227 MB RAM (0 GB) is required!
Measuring multi-threading efficiency up to 2 CPU cores
2 trees examined
Threads: 1 / Time: 2.998 sec / Speedup: 1.000 / Efficiency: 100% / LogL: -124490
Threads: 2 / Time: 1.718 sec / Speedup: 1.745 / Efficiency: 87% / LogL: -124490
BEST NUMBER OF THREADS: 2

Estimate model parameters (epsilon = 0.100)
1. Initial log-likelihood: -89526.416
2. Current log-likelihood: -89504.927
3. Current log-likelihood: -89492.500
4. Current log-likelihood: -89484.463
5. Current log-likelihood: -89480.179
6. Current log-likelihood: -89477.555
7. Current log-likelihood: -89475.713
8. Current log-likelihood: -89474.324
9. Current log-likelihood: -89473.277
10. Current log-likelihood: -89472.525
11. Current log-likelihood: -89472.031
12. Current log-likelihood: -89471.883
13. Current log-likelihood: -89471.754
14. Current log-likelihood: -89471.652
Optimal log-likelihood: -89471.517
Site proportion and rates:  (0.098,0.052) (0.120,0.180) (0.095,0.313) (0.117,0.515) (0.123,0.819) (0.149,1.203) (0.298,2.025)
Parameters optimization took 14 rounds (170.525 sec)
Computing ML distances based on estimated model parameters... 15.326 sec
Computing BIONJ tree...
0.015 seconds
Log-likelihood of BIONJ tree: -89519.760
--------------------------------------------------------------------
|             INITIALIZING CANDIDATE TREE SET                      |
--------------------------------------------------------------------
Generating 98 parsimony trees... 16.621 second
Computing log-likelihood of 98 initial trees ... 163.087 seconds
Current best score: -89471.517

Do NNI search on 20 best initial trees
Estimate model parameters (epsilon = 0.100)
BETTER TREE FOUND at iteration 1: -89402.075
Estimate model parameters (epsilon = 0.100)
BETTER TREE FOUND at iteration 2: -89353.336
Estimate model parameters (epsilon = 0.100)
BETTER TREE FOUND at iteration 9: -89349.674
Iteration 10 / LogL: -89367.494 / Time: 0h:9m:33s
Estimate model parameters (epsilon = 0.100)
BETTER TREE FOUND at iteration 13: -89347.030
Estimate model parameters (epsilon = 0.100)
BETTER TREE FOUND at iteration 20: -89345.375
Iteration 20 / LogL: -89345.375 / Time: 0h:12m:43s
Finish initializing candidate tree set (20)
Current best tree score: -89345.375 / CPU time: 569.056
Number of iterations: 20
--------------------------------------------------------------------
|               OPTIMIZING CANDIDATE TREE SET                      |
--------------------------------------------------------------------
Iteration 30 / LogL: -89347.124 / Time: 0h:15m:36s (0h:48m:25s left)
Iteration 40 / LogL: -89350.681 / Time: 0h:18m:37s (0h:38m:13s left)
Iteration 50 / LogL: -89355.939 / Time: 0h:21m:10s (0h:30m:14s left)
Log-likelihood cutoff on original alignment: -89437.130
Estimate model parameters (epsilon = 0.100)
BETTER TREE FOUND at iteration 54: -89342.740
Iteration 60 / LogL: -89344.755 / Time: 0h:24m:35s (0h:39m:10s left)
Iteration 70 / LogL: -89349.061 / Time: 0h:27m:11s (0h:33m:5s left)
Iteration 80 / LogL: -89342.842 / Time: 0h:29m:42s (0h:27m:49s left)
Estimate model parameters (epsilon = 0.100)
UPDATE BEST LOG-LIKELIHOOD: -89342.663
Iteration 90 / LogL: -89396.633 / Time: 0h:32m:28s (0h:23m:21s left)
Iteration 100 / LogL: -89346.939 / Time: 0h:35m:3s (0h:19m:7s left)
Log-likelihood cutoff on original alignment: -89437.130
NOTE: Bootstrap correlation coefficient of split occurrence frequencies: 0.993
Iteration 110 / LogL: -89343.400 / Time: 0h:37m:29s (0h:30m:57s left)
Iteration 120 / LogL: -89344.798 / Time: 0h:40m:12s (0h:27m:2s left)
Iteration 130 / LogL: -89343.877 / Time: 0h:43m:17s (0h:23m:29s left)
Iteration 140 / LogL: -89350.186 / Time: 0h:46m:1s (0h:19m:51s left)
Iteration 150 / LogL: -89347.146 / Time: 0h:48m:48s (0h:16m:22s left)
Log-likelihood cutoff on original alignment: -89437.130
TREE SEARCH COMPLETED AFTER 155 ITERATIONS / Time: 0h:50m:9s

--------------------------------------------------------------------
|                    FINALIZING TREE SEARCH                        |
--------------------------------------------------------------------
Performs final model parameters optimization
Estimate model parameters (epsilon = 0.010)
1. Initial log-likelihood: -89342.663
Optimal log-likelihood: -89342.655
Site proportion and rates:  (0.098,0.051) (0.114,0.176) (0.095,0.306) (0.125,0.514) (0.109,0.810) (0.145,1.169) (0.315,1.983)
Parameters optimization took 1 rounds (4.304 sec)
BEST SCORE FOUND : -89342.655
Creating bootstrap support values...
Split supports printed to NEXUS file K00764.blastp_ALL.outfmt6.parsed.filtered.uniq.faa.mafft.aln.splits.nex
Total tree length: 104.519

Total number of iterations: 155
CPU time used for tree search: 5547.241 sec (1h:32m:27s)
Wall-clock time used for tree search: 2814.415 sec (0h:46m:54s)
Total CPU time used: 5940.524 sec (1h:39m:0s)
Total wall-clock time used: 3014.911 sec (0h:50m:14s)

Computing bootstrap consensus tree...
Reading input file K00764.blastp_ALL.outfmt6.parsed.filtered.uniq.faa.mafft.aln.splits.nex...
122 taxa and 544 splits.
Consensus tree written to K00764.blastp_ALL.outfmt6.parsed.filtered.uniq.faa.mafft.aln.contree
Reading input trees file K00764.blastp_ALL.outfmt6.parsed.filtered.uniq.faa.mafft.aln.contree
Log-likelihood of consensus tree: -89342.654

Analysis results written to: 
  IQ-TREE report:                K00764.blastp_ALL.outfmt6.parsed.filtered.uniq.faa.mafft.aln.iqtree
  Maximum-likelihood tree:       K00764.blastp_ALL.outfmt6.parsed.filtered.uniq.faa.mafft.aln.treefile
  Likelihood distances:          K00764.blastp_ALL.outfmt6.parsed.filtered.uniq.faa.mafft.aln.mldist

Ultrafast bootstrap approximation results written to:
  Split support values:          K00764.blastp_ALL.outfmt6.parsed.filtered.uniq.faa.mafft.aln.splits.nex
  Consensus tree:                K00764.blastp_ALL.outfmt6.parsed.filtered.uniq.faa.mafft.aln.contree
  Screen log file:               K00764.blastp_ALL.outfmt6.parsed.filtered.uniq.faa.mafft.aln.log

Date and Time: Wed May 26 07:55:44 2021
