IQ-TREE multicore version 1.6.12 for Linux 64-bit built Aug 15 2019
Developed by Bui Quang Minh, Nguyen Lam Tung, Olga Chernomor,
Heiko Schmidt, Dominik Schrempf, Michael Woodhams.

Host:    coral (AVX512, FMA3, 376 GB RAM)
Command: /home/timothy/programs/iqtree-1.6.12-Linux/bin/iqtree -s K00948.blastp_ALL.outfmt6.parsed.filtered.uniq.faa.mafft.aln.trimal1 -nt AUTO -ntmax 2 -m MFP -bb 2000 -quiet
Seed:    952639 (Using SPRNG - Scalable Parallel Random Number Generator)
Time:    Wed Sep  8 23:07:16 2021
Kernel:  AVX+FMA - auto-detect threads (96 CPU cores detected)

Reading alignment file K00948.blastp_ALL.outfmt6.parsed.filtered.uniq.faa.mafft.aln.trimal1 ... Fasta format detected
Alignment most likely contains protein sequences
Alignment has 168 sequences with 248 columns, 247 distinct patterns
232 parsimony-informative, 5 singleton sites, 11 constant sites
                                                                                                                                                      Gap/Ambiguity  Composition  p-value
   1  Archaea-CandidatusBathyarchaeota-NA-NA-NA-Candidatus_Bathyarchaeota_archaeon_WP_119815698.1                                                             5.24%    passed     36.08%
   2  Archaea-Crenarchaeota-Thermoprotei-Desulfurococcales-Desulfurococcaceae-Thermogladius_calderae_WP_083830002.1                                           4.84%    passed     15.20%
   3  Archaea-Crenarchaeota-Thermoprotei-Desulfurococcales-Pyrodictiaceae-Pyrolobus_fumarii_WP_014026251.1                                                    2.82%    passed      5.24%
   4  Archaea-Euryarchaeota-Halobacteria-Haloferacales-Haloferacaceae-Halobellus_sp._Atlit31R_WP_121561407.1                                                 52.42%    passed     91.62%
   5  Archaea-Euryarchaeota-Thermococci-Thermococcales-Thermococcaceae-Pyrococcus_kukulkanii_WP_068320228.1                                                   8.06%    failed      0.48%
   6  Archaea-Euryarchaeota-Thermococci-Thermococcales-Thermococcaceae-Thermococcus_litoralis_WP_004067721.1                                                  7.66%    failed      0.60%
   7  Archaea-Euryarchaeota-Thermoplasmata-Methanomassiliicoccales-CandidatusMethanomethylophilaceae-Candidatus_Methanomethylophilus_alvus_WP_015504046.1     4.03%    passed     89.67%
   8  Archaea-NA-NA-NA-NA-anaerobic_archaeon_MKD1_WP_147662882.1                                                                                              4.03%    failed      1.74%
   9  Archaea-Thaumarchaeota-NA-NA-NA-Candidatus_Nitrosotalea_bavarica_WP_101477840.1                                                                         6.05%    passed     13.95%
  10  Archaea-Thaumarchaeota-NA-Nitrosopumilales-Nitrosopumilaceae-Candidatus_Nitrosopumilus_sp._NM25_WP_109877557.1                                          6.05%    failed      1.04%
  11  Archaea-Thaumarchaeota-NA-Nitrosopumilales-Nitrosopumilaceae-Nitrosopumilus_piranensis_WP_148702460.1                                                   6.05%    failed      0.03%
  12  Bacteria-Acidobacteria-Thermoanaerobaculia-Thermoanaerobaculales-Thermoanaerobaculaceae-Thermoanaerobaculum_aquaticum_WP_038046650.1                    2.42%    passed     89.08%
  13  Bacteria-Actinobacteria-Actinobacteria-Micrococcales-Microbacteriaceae-Chitinimonas_sp._R344_WP_144277833.1                                             2.02%    passed     46.85%
  14  Bacteria-Actinobacteria-Nitriliruptoria-Egicoccales-Egicoccaceae-Egicoccus_halophilus_WP_130650952.1                                                    2.42%    passed     88.00%
  15  Bacteria-Aquificae-Aquificae-Aquificales-NA-Thermosulfidibacter_takaii_WP_068550558.1                                                                   2.42%    passed     82.24%
  16  Bacteria-Armatimonadetes-Chthonomonadetes-Chthonomonadales-Chthonomonadaceae-Chthonomonas_calidirosea_WP_016483603.1                                    2.42%    passed     94.97%
  17  Bacteria-Armatimonadetes-Chthonomonadetes-Chthonomonadales-Chthonomonadaceae-Chthonomonas_calidirosea_WP_075163130.1                                    2.42%    passed     94.97%
  18  Bacteria-Bacteroidetes-Flavobacteriia-Flavobacteriales-Flavobacteriaceae-Capnocytophaga_cynodegmi_WP_041989769.1                                        2.42%    passed     35.36%
  19  Bacteria-Bacteroidetes-Flavobacteriia-Flavobacteriales-Flavobacteriaceae-Flavobacterium_frigoris_WP_074719990.1                                         2.42%    passed     42.83%
  20  Bacteria-candidatedivisionNC10-NA-NA-NA-candidate_division_NC10_bacterium_WP_116477718.1                                                                2.42%    passed     59.07%
  21  Bacteria-candidatedivisionNC10-NA-NA-NA-Candidatus_Methylomirabilis_limnetica_WP_107562510.1                                                            2.42%    passed     72.69%
  22  Bacteria-CandidatusMelainabacteria-NA-NA-NA-Candidatus_Melainabacteria_bacterium_WP_144105923.1                                                         2.42%    passed     98.41%
  23  Bacteria-CandidatusTectomicrobia-NA-NA-NA-Candidatus_Entotheonella_palauensis_WP_089721663.1                                                            2.42%    passed     58.73%
  24  Bacteria-CandidatusTectomicrobia-NA-NA-NA-Candidatus_Entotheonella_palauensis_WP_089943156.1                                                            2.42%    passed     58.73%
  25  Bacteria-Chrysiogenetes-Chrysiogenetes-Chrysiogenales-Chrysiogenaceae-Chrysiogenes_arsenatis_WP_027388926.1                                             2.42%    passed     99.91%
  26  Bacteria-Cyanobacteria-NA-NA-NA-NA_WP_044151451.1                                                                                                       2.42%    passed     89.24%
  27  Bacteria-Cyanobacteria-NA-Synechococcales-Synechococcaceae-Synechococcus_sp._PCC_7335_WP_038016056.1                                                    2.42%    passed     93.05%
  28  Bacteria-Firmicutes-Clostridia-Clostridiales-Clostridiaceae-Clostridium_sp._CL2_WP_032116927.1                                                          2.42%    passed     97.53%
  29  Bacteria-Firmicutes-Clostridia-Halanaerobiales-Halobacteroidaceae-Orenia_marismortui_WP_134116826.1                                                     2.42%    passed     84.58%
  30  Bacteria-Firmicutes-Clostridia-Halanaerobiales-NA-Anoxybacter_fermentans_WP_127017921.1                                                                 2.42%    passed     99.13%
  31  Bacteria-Firmicutes-Negativicutes-Veillonellales-Veillonellaceae-Megasphaera_elsdenii_WP_014015235.1                                                    2.42%    passed     99.84%
  32  Bacteria-NA-NA-NA-NA-Bathymodiolus_brooksi_thiotrophic_gill_symbiont_WP_139476022.1                                                                     1.61%    passed     95.08%
  33  Bacteria-NA-NA-NA-NA-thiotrophic_endosymbiont_of_Bathymodiolus_puteoserpentis_Logatchev_WP_139682071.1                                                  1.61%    passed     99.61%
  34  Bacteria-Nitrospirae-Nitrospira-Nitrospirales-Nitrospiraceae-Candidatus_Sulfobium_mesophilum_WP_109135797.1                                             2.42%    passed     96.88%
  35  Bacteria-Nitrospirae-Nitrospira-Nitrospirales-Nitrospiraceae-NA_WP_012546354.1                                                                          2.42%    passed     88.63%
  36  Bacteria-Nitrospirae-Nitrospira-Nitrospirales-Nitrospiraceae-Thermodesulfovibrio_sp._N1_WP_068861183.1                                                  2.42%    passed     63.49%
  37  Bacteria-Proteobacteria-Epsilonproteobacteria-Campylobacterales-Helicobacteraceae-Helicobacter_cetorum_WP_104748669.1                                   2.42%    passed     88.11%
  38  Bacteria-Proteobacteria-Epsilonproteobacteria-Nautiliales-Nautiliaceae-NA_WP_024789317.1                                                                2.42%    passed     74.05%
  39  Bacteria-Proteobacteria-Gammaproteobacteria-Cellvibrionales-Cellvibrionaceae-Umboniibacter_marinipuniceus_WP_121876976.1                                2.42%    passed     94.65%
  40  Bacteria-Proteobacteria-Gammaproteobacteria-Pseudomonadales-Moraxellaceae-Paraperlucidibaca_baekdonensis_WP_116207729.1                                 2.02%    passed     94.08%
  41  Bacteria-Rhodothermaeota-Rhodothermia-Rhodothermales-Rubricoccaceae-Rubricoccus_marinus_WP_094551306.1                                                  3.23%    passed     52.73%
  42  Bacteria-Spirochaetes-Spirochaetia-Leptospirales-Leptospiraceae-Leptospira_wolffii_WP_016545874.1                                                       2.42%    passed     99.15%
  43  Bacteria-Spirochaetes-Spirochaetia-Leptospirales-Leptospiraceae-NA_WP_004751269.1                                                                       2.42%    passed     96.32%
  44  Bacteria-Synergistetes-Synergistia-Synergistales-Synergistaceae-Aminivibrio_pyruvatiphilus_WP_133958126.1                                               2.42%    passed     87.94%
  45  Bacteria-Synergistetes-Synergistia-Synergistales-Synergistaceae-Aminomonas_paucivorans_WP_006300910.1                                                   2.42%    passed     70.06%
  46  Bacteria-Synergistetes-Synergistia-Synergistales-Synergistaceae-Thermovirga_lienii_WP_014162920.1                                                       2.42%    passed     92.90%
  47  Bacteria-Thermodesulfobacteria-Thermodesulfobacteria-Thermodesulfobacteriales-Thermodesulfobacteriaceae-Thermodesulfatator_atlanticus_WP_022853111.1    2.42%    passed     97.69%
  48  Bacteria-Thermodesulfobacteria-Thermodesulfobacteria-Thermodesulfobacteriales-Thermodesulfobacteriaceae-Thermosulfurimonas_dismutans_WP_068670602.1     2.42%    passed     98.02%
  49  Eukaryota-Acytosteliales-Acytosteliales-Acytosteliales-Acytosteliaceae-Acytostelium_subglobosum_XP_012758108.1                                          2.42%    passed     84.26%
  50  Eukaryota-Acytosteliales-Acytosteliales-Acytosteliales-Acytosteliaceae-Heterostelium_album_XP_020427850.1                                               2.42%    passed     77.26%
  51  Eukaryota-Acytosteliales-Acytosteliales-Acytosteliales-Cavenderiaceae-Cavenderia_fasciculata_XP_004359601.1                                            26.21%    passed     73.73%
  52  Eukaryota-Alveolata-Dinophyceae-NA-Unranked-Oxyrrhis_marina_MMETSP0468_c6631_g1_i1.p1                                                                   2.42%    passed     98.66%
  53  Eukaryota-Alveolata-Dinophyceae-NA-Unranked-Oxyrrhis_marina_MMETSP0469_c15554_g1_i1.p1                                                                  2.42%    passed     92.19%
  54  Eukaryota-Alveolata-Dinophyceae-Peridiniales-Kryptoperidiniaceae-Durinskia_baltica_MMETSP0117_c36017_g1_i1.p1                                           2.42%    passed     98.33%
  55  Eukaryota-Alveolata-Dinophyceae-Peridiniales-Kryptoperidiniaceae-Kryptoperidinium_foliaceum_MMETSP0120_c33597_g1_i1.p1                                  2.42%    passed     99.42%
  56  Eukaryota-Amoebozoa-NA-NA-Paramoebidae-Neoparamoeba_aestuarina_MMETSP0161_c3602_g1_i1.p1                                                                2.42%    passed     99.57%
  57  Eukaryota-Amoebozoa-NA-NA-Paramoebidae-Paramoeba_atlantica_MMETSP0151_c5011_g1_i1.p1                                                                    2.42%    passed    100.00%
  58  Eukaryota-Amoebozoa-NA-NA-Paramoebidae-Sexangularia_sp_MMETSP0437_c4540_g1_i1.p1                                                                        2.42%    passed     20.74%
  59  Eukaryota-Annelida-Clitellata-Hirudinida-Glossiphoniidae-Helobdella_robusta_jgi154625                                                                   2.42%    passed     53.34%
  60  Eukaryota-Apicomplexa-Aconoidasida-Haemosporida-Plasmodiidae-Plasmodium_gallinaceum_XP_028527786.1                                                      2.42%    passed     99.66%
  61  Eukaryota-Apicomplexa-Conoidasida-Eucoccidiorida-Sarcocystidae-Besnoitia_besnoiti_XP_029216259.1                                                        2.42%    passed     98.38%
  62  Eukaryota-Apicomplexa-NA-Unranked-NA-Alveolata_sp_MMETSP0288_c1161_g1_i1.p1                                                                             2.42%    passed     88.23%
  63  Eukaryota-Apusomonadidae-NA-NA-NA-Thecamonas_trahens_XP_013753676.1                                                                                     1.61%    passed     68.51%
  64  Eukaryota-Arthropoda-Arachnida-Sarcoptiformes-Pyroglyphidae-Dermatophagoides_pteronyssinus_XP_027193969.1                                               2.42%    passed     72.32%
  65  Eukaryota-Arthropoda-Arachnida-Sarcoptiformes-Pyroglyphidae-Dermatophagoides_pteronyssinus_XP_027204667.1                                               2.42%    passed     81.33%
  66  Eukaryota-Arthropoda-Insecta-Diptera-Culicidae-Aedes_aegypti_XP_001648570.2                                                                             2.42%    passed     98.92%
  67  Eukaryota-Arthropoda-Insecta-Diptera-Tephritidae-Rhagoletis_zephyria_XP_017478802.1                                                                     2.42%    passed     97.02%
  68  Eukaryota-Ascomycota-Dothideomycetes-Dothideales-Saccotheciaceae-Aureobasidium_namibiae_XP_013423956.1                                                  2.42%    passed     97.56%
  69  Eukaryota-Ascomycota-Saccharomycetes-Saccharomycetales-Debaryomycetaceae-Meyerozyma_guilliermondii_XP_001482213.1                                       2.42%    passed     97.69%
  70  Eukaryota-Ascomycota-Saccharomycetes-Saccharomycetales-Debaryomycetaceae-Scheffersomyces_stipitis_XP_001387501.2                                        2.42%    passed     99.25%
  71  Eukaryota-Ascomycota-Saccharomycetes-Saccharomycetales-Trichomonascaceae-Sugiyamaella_lignohabitans_XP_018733672.1                                      2.42%    passed     98.93%
  72  Eukaryota-Basidiomycota-Agaricomycetes-Russulales-Stereaceae-Stereum_hirsutum_XP_007307311.1                                                            2.02%    passed     99.34%
  73  Eukaryota-Basidiomycota-Exobasidiomycetes-Exobasidiales-Cryptobasidiaceae-Acaromyces_ingoldii_XP_025375849.1                                            2.42%    passed     91.73%
  74  Eukaryota-Basidiomycota-Exobasidiomycetes-Georgefischeriales-Tilletiariaceae-Tilletiaria_anomala_XP_013246231.1                                         2.42%    passed     94.86%
  75  Eukaryota-Basidiomycota-Tremellomycetes-Tremellales-Tremellaceae-Tremella_mesenterica_jgi63433                                                          2.42%    passed     94.98%
  76  Eukaryota-Brachiopoda-Lingulata-Lingulida-Lingulidae-Lingula_anatina_XP_013409909.1                                                                     2.42%    passed     84.19%
  77  Eukaryota-Cercozoa-Chlorarachniophyceae-NA-NA-Bigelowiella_natans_CCMP2755_jgi92837                                                                     2.42%    passed     99.01%
  78  Eukaryota-Cercozoa-Chlorarachniophyceae-NA-NA-Partenskyella_glossopodia_MMETSP1318_c25469_g1_i1.p1                                                      2.42%    passed     99.97%
  79  Eukaryota-Cercozoa-NA-Euglyphida-Paulinellidae-Paulinella_chromatophora_scaffold4683-size1925_m.43421                                                   2.42%    passed     99.73%
  80  Eukaryota-Cercozoa-NA-Euglyphida-Paulinellidae-Paulinella_chromatophora_scaffold7663-size1518_m.60872                                                   2.42%    passed     96.67%
  81  Eukaryota-Chlorophyta-Chlorophyceae-Chlamydomonadales-Chlamydomonadaceae-Polytomella_parva_MMETSP0052_c26500_g1_i1.p1                                   2.42%    passed     98.32%
  82  Eukaryota-Chlorophyta-NA-NA-NA-Crustomastix_stigmata_MMETSP0803_c8045_g1_i1.p2                                                                          2.42%    passed     99.61%
  83  Eukaryota-Chlorophyta-NA-NA-NA-Dolichomastix_tenuilepis_MMETSP0033_c517_g1_i1.p1                                                                       42.34%    passed     87.22%
  84  Eukaryota-Choanoflagellata-Choanoflagellata-Choanoflagellata-NA-Acanthoeca_sp_MMETSP0105_c27239_g1_i1.p1                                                2.42%    passed     98.88%
  85  Eukaryota-Choanoflagellata-Choanoflagellata-Choanoflagellata-Salpingoecidae-Salpingoeca_rosetta_XP_004991331.1                                          2.42%    passed     99.86%
  86  Eukaryota-Chordata-Mammalia-Cetacea-Lipotidae-Lipotes_vexillifer_XP_007472074.1                                                                         2.02%    passed     97.49%
  87  Eukaryota-Chordata-Mammalia-Primates-Cercopithecidae-Piliocolobus_tephrosceles_XP_023056759.2                                                           2.42%    passed     97.37%
  88  Eukaryota-Chromeraceae-NA-NA-NA-Chromera_velia_MMETSP0290_c46290_g1_i1.p1                                                                               2.42%    passed     99.91%
  89  Eukaryota-Chromeraceae-NA-NA-NA-Vitrella_brassicaformis_MMETSP1451_c21079_g1_i1.p1                                                                      2.42%    passed     88.23%
  90  Eukaryota-Chytridiomycota-Chytridiomycetes-Rhizophydiales-NA-Batrachochytrium_dendrobatidis_jgi22904                                                    2.42%    passed     98.77%
  91  Eukaryota-Chytridiomycota-Chytridiomycetes-Spizellomycetales-Spizellomycetaceae-Spizellomyces_punctatus_XP_016606476.1                                  2.42%    passed     90.58%
  92  Eukaryota-Ciliophora-NA-Unranked-NA-Euplotes_focardii_MMETSP0206_TR636-c0_g1_i1.p1                                                                      2.42%    passed     97.21%
  93  Eukaryota-Ciliophora-NA-Unranked-NA-Litonotus_pictus_MMETSP0209_c7777_g1_i1.p1                                                                          2.42%    passed     82.88%
  94  Eukaryota-Ciliophora-NA-Unranked-NA-Pseudokeronopsis_sp_MMETSP1396_c3844_g1_i1.p1                                                                      11.29%    passed     98.67%
  95  Eukaryota-Ciliophora-NA-Unranked-NA-Tiarina_fusus_MMETSP0472_c7639_g1_i1.p1                                                                             2.42%    passed     92.64%
  96  Eukaryota-Cnidaria-Anthozoa-Actiniaria-Aiptasiidae-Exaiptasia_pallida_XP_020912762.1                                                                    2.42%    passed     99.22%
  97  Eukaryota-Cnidaria-Anthozoa-Scleractinia-Merulinidae-Orbicella_faveolata_XP_020631977.1                                                                 2.42%    passed     98.23%
  98  Eukaryota-Cnidaria-Anthozoa-Scleractinia-Pocilloporidae-Pocillopora_damicornis_XP_027049342.1                                                           2.42%    passed     99.91%
  99  Eukaryota-Cnidaria-Anthozoa-Scleractinia-Pocilloporidae-Stylophora_pistillata_XP_022787817.1                                                            2.42%    passed     99.91%
 100  Eukaryota-Cryptophyta-NA-Goniomondales-NA-Goniomonas_pacifica_MMETSP0107_c43902_g1_i1.p1                                                                2.42%    passed     76.84%
 101  Eukaryota-Cryptophyta-NA-Pyrenomonadales-Chroomonadaceae-Chroomonas_mesostigmaticacf_MMETSP0047_c4103_g1_i2.p1                                          2.42%    passed     91.96%
 102  Eukaryota-Cryptophyta-NA-Pyrenomonadales-NA-Geminigera_cryophila_MMETSP0799_c8436_g1_i1.p1                                                              2.42%    passed     97.56%
 103  Eukaryota-Cryptophyta-NA-Pyrenomonadales-Pyrenomonadaceae-Rhodomonas_abbreviata_MMETSP1101_c49001_g1_i1.p1                                              2.42%    passed     95.29%
 104  Eukaryota-Dictyosteliales-Dictyosteliales-Dictyosteliales-Dictyosteliaceae-Dictyostelium_discoideum_XP_638466.1                                         2.42%    passed     77.11%
 105  Eukaryota-Diplomonadida-Diplomonadida-Diplomonadida-Hexamitidae-Giardia_intestinalis_XP_001709152.1                                                     2.42%    passed     42.86%
 106  Eukaryota-Echinodermata-Asteroidea-Valvatida-Acanthasteridae-Acanthaster_planci_XP_022108055.1                                                          2.42%    passed     98.79%
 107  Eukaryota-Echinodermata-Echinoidea-Echinoida-Strongylocentrotidae-Strongylocentrotus_purpuratus_XP_790052.3                                             2.42%    passed     96.90%
 108  Eukaryota-Euglenida-NA-Eutreptiales-NA-Eutreptiella_gymnastica-like_MMETSP0809_c47188_g1_i1.p1                                                          2.42%    passed     99.84%
 109  Eukaryota-Euglenida-NA-Eutreptiales-NA-Eutreptiella_gymnastica_MMETSP0039_c16469_g2_i1.p1                                                               2.42%    passed     97.53%
 110  Eukaryota-Euglenida-NA-NA-Unranked-Neobodo_designis_MMETSP1114_c41377_g1_i1.p1                                                                          2.42%    passed     94.79%
 111  Eukaryota-Euglenida-NA-NA-Unranked-Neobodo_designis_MMETSP1114_c7355_g1_i1.p3                                                                           2.42%    passed     55.28%
 112  Eukaryota-Fonticulida-Fonticulida-Fonticulida-Fonticulaceae-Fonticula_alba_XP_009494538.1                                                               2.42%    passed     99.63%
 113  Eukaryota-Glaucophyta-Glaucophyta-Gloeochaetales-Gloeochaetaceae-Gloeochaete_wittrockiana_MMETSP1089_c5785_g1_i1.p1                                     2.42%    passed     80.84%
 114  Eukaryota-Glaucophyta-Glaucophyta-NA-Cyanophoraceae-Cyanophora_paradoxa_tig00000792_g4217.t1                                                            2.42%    passed     74.06%
 115  Eukaryota-Glaucophyta-Glaucophyta-NA-Cyanophoraceae-Cyanophora_paradoxa_tig00020909_g15327.t1                                                           2.42%    passed     98.70%
 116  Eukaryota-Haptophyta-NA-Pavlovales-Pavlovaceae-Pavlova_sp_MMETSP1139_c5766_g1_i1.p1                                                                     2.42%    passed     75.35%
 117  Eukaryota-Haptophyta-NA-Pavlovales-Pavlovaceae-Pavlova_sp_MMETSP1381_TR13527-c0_g1_i1.p1                                                                2.42%    passed     75.35%
 118  Eukaryota-Haptophyta-NA-Prymnesiales-NA-Chrysochromulina_polylepis_MMETSP0146_c7252_g1_i1.p1                                                            2.42%    passed     82.71%
 119  Eukaryota-Haptophyta-NA-Unranked-NA-Exanthemachrysis_gayraliae_MMETSP1464_c3469_g1_i1.p2                                                                2.42%    passed     83.76%
 120  Eukaryota-Hemichordata-Enteropneusta-NA-Harrimaniidae-Saccoglossus_kowalevskii_XP_002730472.1                                                           2.42%    passed     95.41%
 121  Eukaryota-Heterolobosea-NA-NA-NA-Percolomonas_cosmopolitus_MMETSP0759_c8437_g1_i1.p1                                                                    2.42%    passed     72.74%
 122  Eukaryota-Heterolobosea-NA-NA-Vahlkampfiidae-Naegleria_gruberi_jgi34278                                                                                 4.84%    passed     91.01%
 123  Eukaryota-Heterolobosea-NA-NA-Vahlkampfiidae-Naegleria_gruberi_jgi60335                                                                                 2.42%    passed     79.86%
 124  Eukaryota-Kinetoplastida-Kinetoplastida-Kinetoplastida-Trypanosomatidae-Leishmania_braziliensis_XP_001562146.1                                          2.42%    passed     91.24%
 125  Eukaryota-Kinetoplastida-Kinetoplastida-Kinetoplastida-Trypanosomatidae-Leishmania_braziliensis_XP_001569179.1                                          2.42%    passed     99.29%
 126  Eukaryota-Kinetoplastida-Kinetoplastida-Kinetoplastida-Trypanosomatidae-Trypanosoma_brucei_XP_011778322.1                                               2.42%    passed     83.35%
 127  Eukaryota-Kinetoplastida-Kinetoplastida-Kinetoplastida-Trypanosomatidae-Trypanosoma_cruzi_XP_812198.1                                                   2.42%    passed     94.47%
 128  Eukaryota-Longamoebia-Longamoebia-Longamoebia-Acanthamoebidae-Acanthamoeba_castellanii_XP_004344749.1                                                  10.08%    passed     96.83%
 129  Eukaryota-Mesomycetozoea-Ichthyosporea-Ichthyophonida-NA-Sphaeroforma_arctica_XP_014155069.1                                                           31.05%    passed     95.42%
 130  Eukaryota-Mesomycetozoea-Ichthyosporea-NA-NA-Capsaspora_owczarzaki_XP_004345344.1                                                                       2.42%    passed     97.97%
 131  Eukaryota-Microsporidia-NA-NA-NA-Mitosporidium_daphniae_XP_013236993.1                                                                                 41.13%    passed     67.97%
 132  Eukaryota-Microsporidia-NA-NA-NA-Mitosporidium_daphniae_XP_013238943.1                                                                                  5.65%    passed      6.40%
 133  Eukaryota-Mollusca-Bivalvia-Ostreoida-Ostreidae-Crassostrea_gigas_XP_011429614.1                                                                        2.42%    passed     55.28%
 134  Eukaryota-Mollusca-Bivalvia-Pectinoida-Pectinidae-Mizuhopecten_yessoensis_XP_021345472.1                                                                2.42%    passed     72.10%
 135  Eukaryota-Mollusca-Cephalopoda-Octopoda-Octopodidae-Octopus_bimaculoides_XP_014779282.1                                                                 2.42%    passed     62.07%
 136  Eukaryota-Mollusca-Gastropoda-NA-Lottiidae-Lottia_gigantea_jgi223903                                                                                    2.42%    passed     79.30%
 137  Eukaryota-Mucorales-Mucoraceae-Undefined-Undefined-Mucor_circinelloides_jgi91522                                                                        2.42%    passed     97.15%
 138  Eukaryota-Mucoromycota-Glomeromycetes-Glomerales-Glomeraceae-Rhizophagus_irregularis_XP_025175528.1                                                     2.42%    passed     96.14%
 139  Eukaryota-Mucoromycota-Mortierellomycetes-Mortierellales-Mortierellaceae-Lobosporangium_transversale_XP_021881043.1                                     2.42%    passed     94.98%
 140  Eukaryota-Mucoromycota-Mucoromycetes-Mucorales-Rhizopodaceae-Rhizopus_microsporus_XP_023470260.1                                                        2.42%    passed     97.22%
 141  Eukaryota-Nematoda-Chromadorea-Rhabditida-Onchocercidae-Loa_loa_XP_020302503.1                                                                          2.42%    passed     92.55%
 142  Eukaryota-Nematoda-Chromadorea-Rhabditida-Rhabditidae-Caenorhabditis_briggsae_XP_002641924.1                                                            2.42%    passed     93.28%
 143  Eukaryota-Nematoda-Chromadorea-Rhabditida-Rhabditidae-Caenorhabditis_elegans_NP_001022728.2                                                             2.42%    passed     96.52%
 144  Eukaryota-Nematoda-Chromadorea-Rhabditida-Strongyloididae-Strongyloides_ratti_XP_024506258.1                                                            2.42%    passed     94.60%
 145  Eukaryota-Palpitomonas-NA-NA-NA-Palpitomonas_bilix_MMETSP0780_c12715_g1_i1.p1                                                                           2.42%    passed     99.81%
 146  Eukaryota-Perkinsozoa-NA-Perkinsida-Perkinsidae-Perkinsus_marinus_XP_002767332.1                                                                        2.42%    passed     94.93%
 147  Eukaryota-Placozoa-NA-NA-Trichoplacidae-Trichoplax_adhaerens_XP_002112785.1                                                                             2.42%    passed     99.98%
 148  Eukaryota-Platyhelminthes-Cestoda-Cyclophyllidea-Taeniidae-Echinococcus_granulosus_XP_024350479.1                                                       2.42%    passed     89.65%
 149  Eukaryota-Platyhelminthes-Trematoda-Strigeidida-Schistosomatidae-Schistosoma_haematobium_XP_012801401.1                                                 2.42%    passed     97.89%
 150  Eukaryota-Porifera-Demospongiae-Haplosclerida-Niphatidae-Amphimedon_queenslandica_jgiAqu1227513                                                         2.42%    passed     94.65%
 151  Eukaryota-Priapulida-Priapulimorpha-Priapulimorphida-Priapulidae-Priapulus_caudatus_XP_014664168.1                                                      2.42%    passed     99.16%
 152  Eukaryota-Priapulida-Priapulimorpha-Priapulimorphida-Priapulidae-Priapulus_caudatus_XP_014667652.1                                                     24.19%    passed     98.18%
 153  Eukaryota-Retaria-NA-NA-NA-Ammonia_sp_MMETSP1384_c15811_g1_i1.p1                                                                                        2.42%    passed     99.70%
 154  Eukaryota-Retaria-NA-NA-NA-Elphidium_margaritaceum_MMETSP1385_c194_g1_i1.p1                                                                             8.87%    passed     99.99%
 155  Eukaryota-Retaria-NA-NA-NA-Rosalina_sp_MMETSP0190_c16294_g1_i1.p1                                                                                       2.42%    passed     99.67%
 156  Eukaryota-Rhodophyta-Bangiophyceae-Cyanidiales-Cyanidiaceae-Galdieria_sulphuraria_GsulpMS1_G1059.1                                                      2.42%    passed     81.14%
 157  Eukaryota-Rhodophyta-Compsopogonophyceae-NA-NA-Madagascaria_erythrocladiodes_MMETSP1450_c27594_g1_i1.p3                                                 2.42%    passed     85.44%
 158  Eukaryota-Rhodophyta-Florideophyceae-Gracilariales-Gracilariaceae-Gracilariopsis_chorda_PXF42776.1                                                      2.42%    passed     96.70%
 159  Eukaryota-Stramenopiles-Labyrinthista-NA-NA-Aplanochytrium_sp_MMETSP0954_c15163_g1_i1.p1                                                                2.42%    passed     98.16%
 160  Eukaryota-Stramenopiles-Labyrinthista-NA-NA-Aurantiochytrium_limacinum_MMETSP0958_TR9384-c0_g1_i1.p1                                                    2.42%    passed     98.59%
 161  Eukaryota-Stramenopiles-Labyrinthulomycetes-Unranked-Unranked-Aurantiochytrium_limacinum_jgi138966                                                      2.42%    passed     98.59%
 162  Eukaryota-Stramenopiles-NA-NA-NA-Dinobryon_sp_MMETSP0020_c4797_g1_i2.p1                                                                                 2.42%    passed     99.88%
 163  Eukaryota-Streptophyta-NA-Amborellales-Amborellaceae-Amborella_trichopoda_XP_011625436.1                                                                2.42%    passed     98.24%
 164  Eukaryota-Streptophyta-NA-Caryophyllales-Chenopodiaceae-Chenopodium_quinoa_XP_021765571.1                                                               2.42%    passed     96.70%
 165  Eukaryota-Streptophyta-NA-Caryophyllales-Chenopodiaceae-Spinacia_oleracea_XP_021852929.1                                                                2.42%    passed     98.82%
 166  Eukaryota-Streptophyta-NA-Solanales-Convolvulaceae-Ipomoea_nil_XP_019190918.1                                                                           2.42%    passed     99.44%
 167  MSTRG.19143.1.p1                                                                                                                                       62.50%    passed     92.22%
 168  MSTRG.24211.1.p1                                                                                                                                        2.42%    passed     99.95%
WARNING: 2 sequences contain more than 50% gaps/ambiguity
****  TOTAL                                                                                                                                                   4.32%  5 sequences failed composition chi2 test (p-value<5%; df=19)
NOTE: Bacteria-Armatimonadetes-Chthonomonadetes-Chthonomonadales-Chthonomonadaceae-Chthonomonas_calidirosea_WP_075163130.1 is identical to Bacteria-Armatimonadetes-Chthonomonadetes-Chthonomonadales-Chthonomonadaceae-Chthonomonas_calidirosea_WP_016483603.1 but kept for subsequent analysis
NOTE: Bacteria-CandidatusTectomicrobia-NA-NA-NA-Candidatus_Entotheonella_palauensis_WP_089943156.1 is identical to Bacteria-CandidatusTectomicrobia-NA-NA-NA-Candidatus_Entotheonella_palauensis_WP_089721663.1 but kept for subsequent analysis
NOTE: Eukaryota-Chromeraceae-NA-NA-NA-Vitrella_brassicaformis_MMETSP1451_c21079_g1_i1.p1 is identical to Eukaryota-Apicomplexa-NA-Unranked-NA-Alveolata_sp_MMETSP0288_c1161_g1_i1.p1 but kept for subsequent analysis
NOTE: Eukaryota-Cnidaria-Anthozoa-Scleractinia-Pocilloporidae-Stylophora_pistillata_XP_022787817.1 is identical to Eukaryota-Cnidaria-Anthozoa-Scleractinia-Pocilloporidae-Pocillopora_damicornis_XP_027049342.1 but kept for subsequent analysis
NOTE: Eukaryota-Haptophyta-NA-Pavlovales-Pavlovaceae-Pavlova_sp_MMETSP1381_TR13527-c0_g1_i1.p1 is identical to Eukaryota-Haptophyta-NA-Pavlovales-Pavlovaceae-Pavlova_sp_MMETSP1139_c5766_g1_i1.p1 but kept for subsequent analysis
NOTE: Eukaryota-Stramenopiles-Labyrinthulomycetes-Unranked-Unranked-Aurantiochytrium_limacinum_jgi138966 is identical to Eukaryota-Stramenopiles-Labyrinthista-NA-NA-Aurantiochytrium_limacinum_MMETSP0958_TR9384-c0_g1_i1.p1 but kept for subsequent analysis


Create initial parsimony tree by phylogenetic likelihood library (PLL)... 0.047 seconds
NOTE: ModelFinder requires 71 MB RAM!
ModelFinder will test 546 protein models (sample size: 248) ...
 No. Model         -LnL         df  AIC          AICc         BIC
Measuring multi-threading efficiency up to 2 CPU cores
8 trees examined
Threads: 1 / Time: 2.106 sec / Speedup: 1.000 / Efficiency: 100% / LogL: -58553
Threads: 2 / Time: 3.209 sec / Speedup: 0.656 / Efficiency: 33% / LogL: -58553
BEST NUMBER OF THREADS: 1

  1  Dayhoff       35241.327    333 71148.654    293592.654   72318.625
  2  Dayhoff+I     35020.620    334 70709.241    294489.241   71882.726
  3  Dayhoff+G4    33261.914    334 67191.829    290971.829   68365.314
  4  Dayhoff+I+G4  33240.962    335 67151.924    292271.924   68328.922
  5  Dayhoff+R2    33781.404    335 68232.807    293352.807   69409.806
  6  Dayhoff+R3    33368.998    337 67411.995    295223.995   68596.021
  7  Dayhoff+R4    33246.221    339 67170.442    297690.442   68361.495
  8  Dayhoff+R5    33187.682    341 67057.365    300301.365   68255.444
  9  Dayhoff+R6    33180.904    343 67047.808    303031.808   68252.914
 10  Dayhoff+R7    33178.480    345 67046.960    305786.960   68259.093
 14  Dayhoff+F     35231.266    352 71166.533    319678.533   72403.260
 15  Dayhoff+F+I   35042.891    353 70791.782    320715.782   72032.023
 16  Dayhoff+F+G4  33283.328    353 67272.656    317196.656   68512.896
 17  Dayhoff+F+I+G4 33255.925    354 67219.851    318559.851   68463.605
 18  Dayhoff+F+R2  33776.071    354 68260.142    319600.142   69503.896
 19  Dayhoff+F+R3  33378.661    356 67469.322    321653.322   68720.103
 20  Dayhoff+F+R4  33269.810    358 67255.620    324299.620   68513.427
 21  Dayhoff+F+R5  33214.780    360 67149.560    327069.560   68414.395
 22  Dayhoff+F+R6  33203.607    362 67131.215    329943.215   68403.076
 23  Dayhoff+F+R7  33195.545    364 67119.090    332839.090   68397.978
 24  Dayhoff+F+R8  33189.113    366 67110.226    335754.226   68396.141
 25  Dayhoff+F+R9  33188.469    368 67112.938    338696.938   68405.880
 27  mtMAM         38635.633    333 77937.267    300381.267   79107.239
 28  mtMAM+I       38517.008    334 77702.016    301482.016   78875.501
 29  mtMAM+G4      35121.840    334 70911.680    294691.680   72085.166
 30  mtMAM+I+G4    35115.408    335 70900.817    296020.817   72077.815
 31  mtMAM+R2      35812.820    335 72295.639    297415.639   73472.638
 32  mtMAM+R3      35300.243    337 71274.486    299086.486   72458.511
 33  mtMAM+R4      35104.953    339 70887.906    301407.906   72078.958
 34  mtMAM+R5      35001.805    341 70685.610    303929.610   71883.689
 35  mtMAM+R6      34964.489    343 70614.978    306598.978   71820.084
 36  mtMAM+R7      34939.645    345 70569.289    309309.289   71781.422
 37  mtMAM+R8      34923.434    347 70540.867    312052.867   71760.027
 38  mtMAM+R9      34913.667    349 70525.334    314825.334   71751.521
 39  mtMAM+R10     34901.389    351 70504.778    317608.778   71737.992
 40  mtMAM+F       37579.696    352 75863.393    324375.393   77100.120
 41  mtMAM+F+I     37446.435    353 75598.870    325522.870   76839.111
 42  mtMAM+F+G4    34331.577    353 69369.154    319293.154   70609.395
 43  mtMAM+F+I+G4  34321.697    354 69351.393    320691.393   70595.147
 44  mtMAM+F+R2    34973.919    354 70655.838    321995.838   71899.591
 45  mtMAM+F+R3    34495.881    356 69703.763    323887.763   70954.543
 46  mtMAM+F+R4    34315.450    358 69346.901    326390.901   70604.708
 47  mtMAM+F+R5    34218.996    360 69157.992    329077.992   70422.827
 48  mtMAM+F+R6    34186.652    362 69097.303    331909.303   70369.165
 49  mtMAM+F+R7    34165.489    364 69058.977    334778.977   70337.865
 50  mtMAM+F+R8    34148.377    366 69028.755    337672.755   70314.669
 51  mtMAM+F+R9    34135.818    368 69007.637    340591.637   70300.578
 52  mtMAM+F+R10   34124.849    370 68989.698    343529.698   70289.666
 53  JTT           34801.389    333 70268.778    292712.778   71438.749
 54  JTT+I         34608.370    334 69884.740    293664.740   71058.225
 55  JTT+G4        32949.896    334 66567.791    290347.791   67741.276
 56  JTT+I+G4      32933.148    335 66536.296    291656.296   67713.294
 57  JTT+R2        33420.475    335 67510.950    292630.950   68687.948
 58  JTT+R3        33048.592    337 66771.183    294583.183   67955.209
 59  JTT+R4        32940.395    339 66558.790    297078.790   67749.842
 60  JTT+R5        32886.926    341 66455.853    299699.853   67653.932
 61  JTT+R6        32875.020    343 66436.039    302420.039   67641.145
 62  JTT+R7        32866.781    345 66423.562    305163.562   67635.695
 63  JTT+R8        32862.289    347 66418.577    307930.577   67637.737
 66  JTT+F         34928.024    352 70560.049    319072.049   71796.776
 67  JTT+F+I       34771.872    353 70249.744    320173.744   71489.985
 68  JTT+F+G4      33010.110    353 66726.221    316650.221   67966.461
 69  JTT+F+I+G4    32996.129    354 66700.257    318040.257   67944.011
 70  JTT+F+R2      33458.795    354 67625.590    318965.590   68869.343
 71  JTT+F+R3      33091.252    356 66894.505    321078.505   68145.285
 72  JTT+F+R4      33000.161    358 66716.321    323760.321   67974.129
 73  JTT+F+R5      32955.472    360 66630.945    326550.945   67895.779
 74  JTT+F+R6      32935.147    362 66594.293    329406.293   67866.154
 75  JTT+F+R7      32927.226    364 66582.452    332302.452   67861.340
 76  JTT+F+R8      32922.540    366 66577.081    335221.081   67862.996
 79  WAG           34312.681    333 69291.363    291735.363   70461.335
 80  WAG+I         34129.282    334 68926.564    292706.564   70100.049
 81  WAG+G4        32736.988    334 66141.976    289921.976   67315.462
 82  WAG+I+G4      32718.492    335 66106.984    291226.984   67283.983
 83  WAG+R2        33132.224    335 66934.447    292054.447   68111.446
 84  WAG+R3        32813.662    337 66301.324    294113.324   67485.349
 85  WAG+R4        32720.274    339 66118.549    296638.549   67309.601
 86  WAG+R5        32672.410    341 66026.820    299270.820   67224.899
 87  WAG+R6        32663.610    343 66013.219    301997.219   67218.325
 88  WAG+R7        32662.982    345 66015.965    304755.965   67228.097
 92  WAG+F         34262.754    352 69229.509    317741.509   70466.236
 93  WAG+F+I       34110.537    353 68927.075    318851.075   70167.315
 94  WAG+F+G4      32666.568    353 66039.136    315963.136   67279.376
 95  WAG+F+I+G4    32649.892    354 66007.784    317347.784   67251.538
 96  WAG+F+R2      33055.737    354 66819.473    318159.473   68063.227
 97  WAG+F+R3      32739.398    356 66190.796    320374.796   67441.576
 98  WAG+F+R4      32656.988    358 66029.977    323073.977   67287.784
 99  WAG+F+R5      32617.818    360 65955.637    325875.637   67220.471
100  WAG+F+R6      32602.296    362 65928.593    328740.593   67200.454
101  WAG+F+R7      32601.577    364 65931.154    331651.154   67210.042
105  cpREV         34291.660    333 69249.320    291693.320   70419.291
106  cpREV+I       34136.174    334 68940.348    292720.348   70113.833
107  cpREV+G4      32853.757    334 66375.515    290155.515   67549.000
108  cpREV+I+G4    32835.421    335 66340.842    291460.842   67517.840
109  cpREV+R2      33217.276    335 67104.552    292224.552   68281.551
110  cpREV+R3      32946.228    337 66566.456    294378.456   67750.482
111  cpREV+R4      32826.132    339 66330.265    296850.265   67521.317
112  cpREV+R5      32796.735    341 66275.471    299519.471   67473.550
113  cpREV+R6      32784.502    343 66255.005    302239.005   67460.111
114  cpREV+R7      32783.963    345 66257.926    304997.926   67470.058
118  cpREV+F       34270.892    352 69245.784    317757.784   70482.511
119  cpREV+F+I     34135.789    353 68977.577    318901.577   70217.818
120  cpREV+F+G4    32781.161    353 66268.322    316192.322   67508.563
121  cpREV+F+I+G4  32766.830    354 66241.661    317581.661   67485.414
122  cpREV+F+R2    33144.898    354 66997.796    318337.796   68241.550
123  cpREV+F+R3    32874.076    356 66460.152    320644.152   67710.932
124  cpREV+F+R4    32758.086    358 66232.171    323276.171   67489.979
125  cpREV+F+R5    32728.706    360 66177.411    326097.411   67442.246
126  cpREV+F+R6    32714.446    362 66152.892    328964.892   67424.753
127  cpREV+F+R7    32713.938    364 66155.877    331875.877   67434.765
131  mtREV         36530.702    333 73727.404    296171.404   74897.376
132  mtREV+I       36415.155    334 73498.309    297278.309   74671.795
133  mtREV+G4      34210.931    334 69089.862    292869.862   70263.347
134  mtREV+I+G4    34204.396    335 69078.792    294198.792   70255.790
135  mtREV+R2      34665.485    335 70000.969    295120.969   71177.968
136  mtREV+R3      34337.935    337 69349.870    297161.870   70533.895
137  mtREV+R4      34203.251    339 69084.502    299604.502   70275.554
138  mtREV+R5      34137.882    341 68957.764    302201.764   70155.843
139  mtREV+R6      34107.717    343 68901.433    304885.433   70106.539
140  mtREV+R7      34105.479    345 68900.959    307640.959   70113.092
144  mtREV+F       35369.063    352 71442.126    319954.126   72678.853
145  mtREV+F+I     35235.419    353 71176.838    321100.838   72417.078
146  mtREV+F+G4    33154.995    353 67015.990    316939.990   68256.230
147  mtREV+F+I+G4  33143.357    354 66994.714    318334.714   68238.467
148  mtREV+F+R2    33628.945    354 67965.890    319305.890   69209.644
149  mtREV+F+R3    33289.679    356 67291.357    321475.357   68542.138
150  mtREV+F+R4    33150.254    358 67016.508    324060.508   68274.316
151  mtREV+F+R5    33090.793    360 66901.586    326821.586   68166.420
152  mtREV+F+R6    33070.407    362 66864.813    329676.813   68136.674
153  mtREV+F+R7    33067.557    364 66863.114    332583.114   68142.002
157  rtREV         34499.495    333 69664.989    292108.989   70834.961
158  rtREV+I       34338.629    334 69345.258    293125.258   70518.743
159  rtREV+G4      32765.029    334 66198.058    289978.058   67371.544
160  rtREV+I+G4    32745.884    335 66161.768    291281.768   67338.767
161  rtREV+R2      33219.746    335 67109.493    292229.493   68286.491
162  rtREV+R3      32844.148    337 66362.296    294174.296   67546.322
163  rtREV+R4      32753.871    339 66185.741    296705.741   67376.793
164  rtREV+R5      32701.803    341 66085.606    299329.606   67283.686
165  rtREV+R6      32682.354    343 66050.708    302034.708   67255.815
166  rtREV+R7      32680.689    345 66051.378    304791.378   67263.510
170  rtREV+F       34440.023    352 69584.045    318096.045   70820.772
171  rtREV+F+I     34315.543    353 69337.087    319261.087   70577.327
172  rtREV+F+G4    32597.276    353 65900.553    315824.553   67140.793
173  rtREV+F+I+G4  32587.511    354 65883.022    317223.022   67126.776
174  rtREV+F+R2    33044.224    354 66796.448    318136.448   68040.201
175  rtREV+F+R3    32679.193    356 66070.386    320254.386   67321.167
176  rtREV+F+R4    32589.827    358 65895.654    322939.654   67153.461
177  rtREV+F+R5    32544.896    360 65809.792    325729.792   67074.626
178  rtREV+F+R6    32530.958    362 65785.916    328597.916   67057.777
179  rtREV+F+R7    32527.547    364 65783.094    331503.094   67061.982
183  mtART         37176.289    333 75018.579    297462.579   76188.550
184  mtART+I       37127.203    334 74922.407    298702.407   76095.892
185  mtART+G4      34120.712    334 68909.425    292689.425   70082.910
186  mtART+I+G4    34120.807    335 68911.614    294031.614   70088.612
187  mtART+R2      34618.698    335 69907.396    295027.396   71084.395
188  mtART+R3      34264.768    337 69203.535    297015.535   70387.561
189  mtART+R4      34113.743    339 68905.486    299425.486   70096.539
190  mtART+R5      34042.232    341 68766.463    302010.463   69964.542
191  mtART+R6      33999.237    343 68684.474    304668.474   69889.580
192  mtART+R7      33992.871    345 68675.742    307415.742   69887.875
193  mtART+R8      33939.916    347 68573.832    310085.832   69792.992
194  mtART+R9      33908.012    349 68514.024    312814.024   69740.210
195  mtART+R10     33900.092    351 68502.185    315606.185   69735.398
196  mtART+F       36203.798    352 73111.596    321623.596   74348.323
197  mtART+F+I     36130.819    353 72967.638    322891.638   74207.879
198  mtART+F+G4    33382.058    353 67470.117    317394.117   68710.357
199  mtART+F+I+G4  33375.170    354 67458.341    318798.341   68702.095
200  mtART+F+R2    33921.458    354 68550.916    319890.916   69794.670
201  mtART+F+R3    33520.459    356 67752.918    321936.918   69003.699
202  mtART+F+R4    33380.874    358 67477.747    324521.747   68735.555
203  mtART+F+R5    33310.254    360 67340.508    327260.508   68605.343
204  mtART+F+R6    33262.613    362 67249.226    330061.226   68521.087
205  mtART+F+R7    33257.693    364 67243.385    332963.385   68522.273
209  mtZOA         36081.106    333 72828.212    295272.212   73998.183
210  mtZOA+I       36021.875    334 72711.751    296491.751   73885.236
211  mtZOA+G4      33336.381    334 67340.761    291120.761   68514.246
212  mtZOA+I+G4    33334.503    335 67339.006    292459.006   68516.005
213  mtZOA+R2      33785.312    335 68240.623    293360.623   69417.622
214  mtZOA+R3      33455.152    337 67584.304    295396.304   68768.329
215  mtZOA+R4      33328.757    339 67335.514    297855.514   68526.567
216  mtZOA+R5      33257.484    341 67196.968    300440.968   68395.048
217  mtZOA+R6      33221.369    343 67128.738    303112.738   68333.844
218  mtZOA+R7      33216.060    345 67122.119    305862.119   68334.252
222  mtZOA+F       35475.218    352 71654.436    320166.436   72891.163
223  mtZOA+F+I     35387.445    353 71480.890    321404.890   72721.131
224  mtZOA+F+G4    32974.565    353 66655.130    316579.130   67895.370
225  mtZOA+F+I+G4  32964.935    354 66637.870    317977.870   67881.624
226  mtZOA+F+R2    33493.525    354 67695.049    319035.049   68938.803
227  mtZOA+F+R3    33100.592    356 66913.184    321097.184   68163.964
228  mtZOA+F+R4    32977.869    358 66671.738    323715.738   67929.545
229  mtZOA+F+R5    32905.348    360 66530.695    326450.695   67795.529
230  mtZOA+F+R6    32871.362    362 66466.725    329278.725   67738.586
231  mtZOA+F+R7    32867.608    364 66463.216    332183.216   67742.104
235  VT            34424.502    333 69515.004    291959.004   70684.975
236  VT+I          34245.606    334 69159.213    292939.213   70332.698
237  VT+G4         32850.785    334 66369.569    290149.569   67543.054
238  VT+I+G4       32832.527    335 66335.054    291455.054   67512.053
239  VT+R2         33246.881    335 67163.762    292283.762   68340.761
240  VT+R3         32929.514    337 66533.029    294345.029   67717.054
241  VT+R4         32836.728    339 66351.457    296871.457   67542.509
242  VT+R5         32807.695    341 66297.389    299541.389   67495.468
243  VT+R6         32792.290    343 66270.579    302254.579   67475.685
244  VT+R7         32790.788    345 66271.577    305011.577   67483.710
248  VT+F          34404.548    352 69513.096    318025.096   70749.823
249  VT+F+I        34256.105    353 69218.209    319142.209   70458.450
250  VT+F+G4       32798.255    353 66302.510    316226.510   67542.751
251  VT+F+I+G4     32785.061    354 66278.122    317618.122   67521.876
252  VT+F+R2       33195.819    354 67099.638    318439.638   68343.391
253  VT+F+R3       32870.743    356 66453.487    320637.487   67704.267
254  VT+F+R4       32787.592    358 66291.183    323335.183   67548.991
255  VT+F+R5       32760.914    360 66241.828    326161.828   67506.662
256  VT+F+R6       32745.649    362 66215.298    329027.298   67487.159
257  VT+F+R7       32744.081    364 66216.162    331936.162   67495.051
261  LG            34096.438    333 68858.876    291302.876   70028.848
262  LG+I          33931.526    334 68531.053    292311.053   69704.538
263  LG+G4         32329.043    334 65326.086    289106.086   66499.571
264  LG+I+G4       32308.478    335 65286.956    290406.956   66463.955
265  LG+R2         32782.935    335 66235.869    291355.869   67412.868
266  LG+R3         32416.960    337 65507.920    293319.920   66691.946
267  LG+R4         32314.613    339 65307.227    295827.227   66498.279
268  LG+R5         32278.157    341 65238.313    298482.313   66436.392
269  LG+R6         32261.933    343 65209.866    301193.866   66414.972
270  LG+R7         32259.561    345 65209.123    303949.123   66421.256
274  LG+F          34239.301    352 69182.603    317694.603   70419.330
275  LG+F+I        34112.744    353 68931.488    318855.488   70171.729
276  LG+F+G4       32369.020    353 65444.040    315368.040   66684.280
277  LG+F+I+G4     32358.135    354 65424.269    316764.269   66668.023
278  LG+F+R2       32820.104    354 66348.208    317688.208   67591.962
279  LG+F+R3       32460.280    356 65632.560    319816.560   66883.340
280  LG+F+R4       32355.924    358 65427.849    322471.849   66685.656
281  LG+F+R5       32325.270    360 65370.540    325290.540   66635.375
282  LG+F+R6       32312.014    362 65348.028    328160.028   66619.889
283  LG+F+R7       32310.275    364 65348.549    331068.549   66627.437
287  DCMut         35242.988    333 71151.977    293595.977   72321.948
288  DCMut+I       35022.355    334 70712.711    294492.711   71886.196
289  DCMut+G4      33266.443    334 67200.886    290980.886   68374.371
290  DCMut+I+G4    33245.448    335 67160.896    292280.896   68337.895
291  DCMut+R2      33785.201    335 68240.403    293360.403   69417.401
292  DCMut+R3      33373.650    337 67421.301    295233.301   68605.326
293  DCMut+R4      33252.908    339 67183.817    297703.817   68374.869
294  DCMut+R5      33225.066    341 67132.132    300376.132   68330.211
295  DCMut+R6      33206.546    343 67099.091    303083.091   68304.197
296  DCMut+R7      33203.722    345 67097.444    305837.444   68309.577
300  DCMut+F       35231.717    352 71167.433    319679.433   72404.160
301  DCMut+F+I     35043.359    353 70792.718    320716.718   72032.958
302  DCMut+F+G4    33286.035    353 67278.071    317202.071   68518.311
303  DCMut+F+I+G4  33258.792    354 67225.584    318565.584   68469.338
304  DCMut+F+R2    33778.909    354 68265.818    319605.818   69509.571
305  DCMut+F+R3    33381.379    356 67474.758    321658.758   68725.539
306  DCMut+F+R4    33273.722    358 67263.444    324307.444   68521.252
307  DCMut+F+R5    33245.095    360 67210.190    327130.190   68475.024
308  DCMut+F+R6    33228.031    362 67180.062    329992.062   68451.924
309  DCMut+F+R7    33225.734    364 67179.467    332899.467   68458.356
313  PMB           34472.097    333 69610.193    292054.193   70780.165
314  PMB+I         34327.018    334 69322.037    293102.037   70495.522
315  PMB+G4        32968.689    334 66605.378    290385.378   67778.863
316  PMB+I+G4      32954.934    335 66579.868    291699.868   67756.867
317  PMB+R2        33358.908    335 67387.816    292507.816   68564.815
318  PMB+R3        33030.617    337 66735.233    294547.233   67919.259
319  PMB+R4        32957.218    339 66592.435    297112.435   67783.488
320  PMB+R5        32921.648    341 66525.295    299769.295   67723.374
321  PMB+R6        32909.275    343 66504.550    302488.550   67709.656
322  PMB+R7        32908.684    345 66507.367    305247.367   67719.500
326  PMB+F         34512.448    352 69728.897    318240.897   70965.624
327  PMB+F+I       34383.113    353 69472.227    319396.227   70712.467
328  PMB+F+G4      32959.926    353 66625.851    316549.851   67866.092
329  PMB+F+I+G4    32949.679    354 66607.358    317947.358   67851.112
330  PMB+F+R2      33340.993    354 67389.986    318729.986   68633.740
331  PMB+F+R3      33026.275    356 66764.550    320948.550   68015.330
332  PMB+F+R4      32950.178    358 66616.355    323660.355   67874.163
333  PMB+F+R5      32918.777    360 66557.554    326477.554   67822.388
334  PMB+F+R6      32906.392    362 66536.784    329348.784   67808.646
335  PMB+F+R7      32905.791    364 66539.581    332259.581   67818.469
339  HIVb          35982.776    333 72631.552    295075.552   73801.524
340  HIVb+I        35773.589    334 72215.178    295995.178   73388.663
341  HIVb+G4       33935.264    334 68538.528    292318.528   69712.013
342  HIVb+I+G4     33918.381    335 68506.762    293626.762   69683.761
343  HIVb+R2       34457.197    335 69584.394    294704.394   70761.393
344  HIVb+R3       34033.008    337 68740.017    296552.017   69924.042
345  HIVb+R4       33924.525    339 68527.050    299047.050   69718.103
346  HIVb+R5       33867.707    341 68417.413    301661.413   69615.492
347  HIVb+R6       33850.462    343 68386.924    304370.924   69592.030
348  HIVb+R7       33847.161    345 68384.323    307124.323   69596.456
352  HIVb+F        36105.429    352 72914.858    321426.858   74151.585
353  HIVb+F+I      35947.552    353 72601.105    322525.105   73841.345
354  HIVb+F+G4     33893.173    353 68492.346    318416.346   69732.587
355  HIVb+F+I+G4   33877.650    354 68463.300    319803.300   69707.054
356  HIVb+F+R2     34405.611    354 69519.222    320859.222   70762.976
357  HIVb+F+R3     33975.686    356 68663.372    322847.372   69914.152
358  HIVb+F+R4     33884.633    358 68485.267    325529.267   69743.074
359  HIVb+F+R5     33829.434    360 68378.867    328298.867   69643.702
360  HIVb+F+R6     33812.511    362 68349.021    331161.021   69620.883
361  HIVb+F+R7     33810.944    364 68349.888    334069.888   69628.776
365  HIVw          37814.777    333 76295.554    298739.554   77465.526
366  HIVw+I        37563.699    334 75795.398    299575.398   76968.883
367  HIVw+G4       35582.449    334 71832.899    295612.899   73006.384
368  HIVw+I+G4     35554.686    335 71779.372    296899.372   72956.371
369  HIVw+R2       36140.283    335 72950.565    298070.565   74127.564
370  HIVw+R3       35745.853    337 72165.705    299977.705   73349.731
371  HIVw+R4       35568.465    339 71814.929    302334.929   73005.982
372  HIVw+R5       35522.935    341 71727.871    304971.871   72925.950
373  HIVw+R6       35500.985    343 71687.970    307671.970   72893.076
374  HIVw+R7       35499.205    345 71688.410    310428.410   72900.543
378  HIVw+F        37594.750    352 75893.500    324405.500   77130.227
379  HIVw+F+I      37415.547    353 75537.094    325461.094   76777.334
380  HIVw+F+G4     35299.018    353 71304.036    321228.036   72544.277
381  HIVw+F+I+G4   35286.245    354 71280.490    322620.490   72524.244
382  HIVw+F+R2     35834.638    354 72377.276    323717.276   73621.030
383  HIVw+F+R3     35408.752    356 71529.504    325713.504   72780.285
384  HIVw+F+R4     35291.751    358 71299.501    328343.501   72557.309
385  HIVw+F+R5     35237.952    360 71195.904    331115.904   72460.739
386  HIVw+F+R6     35216.333    362 71156.666    333968.666   72428.527
387  HIVw+F+R7     35214.343    364 71156.686    336876.686   72435.574
391  JTTDCMut      34799.995    333 70265.991    292709.991   71435.963
392  JTTDCMut+I    34604.393    334 69876.786    293656.786   71050.272
393  JTTDCMut+G4   32950.987    334 66569.973    290349.973   67743.459
394  JTTDCMut+I+G4 32933.732    335 66537.464    291657.464   67714.462
395  JTTDCMut+R2   33422.029    335 67514.058    292634.058   68691.056
396  JTTDCMut+R3   33051.086    337 66776.172    294588.172   67960.198
397  JTTDCMut+R4   32938.747    339 66555.495    297075.495   67746.547
398  JTTDCMut+R5   32898.442    341 66478.884    299722.884   67676.963
399  JTTDCMut+R6   32885.577    343 66457.153    302441.153   67662.259
400  JTTDCMut+R7   32882.168    345 66454.336    305194.336   67666.469
404  JTTDCMut+F    34921.259    352 70546.517    319058.517   71783.244
405  JTTDCMut+F+I  34763.411    353 70232.823    320156.823   71473.063
406  JTTDCMut+F+G4 33008.042    353 66722.083    316646.083   67962.324
407  JTTDCMut+F+I+G4 32994.219    354 66696.438    318036.438   67940.192
408  JTTDCMut+F+R2 33456.675    354 67621.351    318961.351   68865.104
409  JTTDCMut+F+R3 33091.255    356 66894.511    321078.511   68145.292
410  JTTDCMut+F+R4 32997.015    358 66710.031    323754.031   67967.838
411  JTTDCMut+F+R5 32962.641    360 66645.281    326565.281   67910.115
412  JTTDCMut+F+R6 32944.323    362 66612.646    329424.646   67884.507
413  JTTDCMut+F+R7 32942.155    364 66612.310    332332.310   67891.198
417  FLU           35782.388    333 72230.777    294674.777   73400.749
418  FLU+I         35600.559    334 71869.117    295649.117   73042.602
419  FLU+G4        33787.109    334 68242.219    292022.219   69415.704
420  FLU+I+G4      33760.185    335 68190.370    293310.370   69367.369
421  FLU+R2        34276.611    335 69223.223    294343.223   70400.221
422  FLU+R3        33886.433    337 68446.867    296258.867   69630.892
423  FLU+R4        33771.525    339 68221.051    298741.051   69412.103
424  FLU+R5        33727.396    341 68136.793    301380.793   69334.872
425  FLU+R6        33713.122    343 68112.244    304096.244   69317.350
426  FLU+R7        33710.310    345 68110.619    306850.619   69322.752
430  FLU+F         35982.643    352 72669.287    321181.287   73906.014
431  FLU+F+I       35854.127    353 72414.253    322338.253   73654.494
432  FLU+F+G4      33848.518    353 68403.036    318327.036   69643.276
433  FLU+F+I+G4    33837.525    354 68383.050    319723.050   69626.803
434  FLU+F+R2      34310.270    354 69328.541    320668.541   70572.295
435  FLU+F+R3      33955.381    356 68622.763    322806.763   69873.544
436  FLU+F+R4      33836.756    358 68389.512    325433.512   69647.320
437  FLU+F+R5      33793.414    360 68306.828    328226.828   69571.662
438  FLU+F+R6      33783.106    362 68290.211    331102.211   69562.072
439  FLU+F+R7      33780.570    364 68289.141    334009.141   69568.029
443  Blosum62      34366.976    333 69399.952    291843.952   70569.924
444  Blosum62+I    34225.403    334 69118.806    292898.806   70292.291
445  Blosum62+G4   32869.421    334 66406.841    290186.841   67580.327
446  Blosum62+I+G4 32856.406    335 66382.812    291502.812   67559.810
447  Blosum62+R2   33244.881    335 67159.761    292279.761   68336.760
448  Blosum62+R3   32937.842    337 66549.684    294361.684   67733.710
449  Blosum62+R4   32857.541    339 66393.082    296913.082   67584.134
450  Blosum62+R5   32818.461    341 66318.921    299562.921   67517.000
451  Blosum62+R6   32808.713    343 66303.425    302287.425   67508.531
452  Blosum62+R7   32806.913    345 66303.827    305043.827   67515.960
456  Blosum62+F    34432.882    352 69569.763    318081.763   70806.490
457  Blosum62+F+I  34307.612    353 69321.223    319245.223   70561.464
458  Blosum62+F+G4 32892.468    353 66490.937    316414.937   67731.177
459  Blosum62+F+I+G4 32882.748    354 66473.496    317813.496   67717.249
460  Blosum62+F+R2 33267.474    354 67242.948    318582.948   68486.702
461  Blosum62+F+R3 32962.918    356 66637.837    320821.837   67888.618
462  Blosum62+F+R4 32882.859    358 66481.718    323525.718   67739.526
463  Blosum62+F+R5 32848.071    360 66416.142    326336.142   67680.977
464  Blosum62+F+R6 32837.839    362 66399.679    329211.679   67671.540
465  Blosum62+F+R7 32836.432    364 66400.863    332120.863   67679.751
469  mtMet         36626.751    333 73919.502    296363.502   75089.474
470  mtMet+I       36522.959    334 73713.919    297493.919   74887.404
471  mtMet+G4      34027.843    334 68723.687    292503.687   69897.172
472  mtMet+I+G4    34016.769    335 68703.537    293823.537   69880.536
473  mtMet+R2      34533.384    335 69736.768    294856.768   70913.766
474  mtMet+R3      34172.781    337 69019.562    296831.562   70203.588
475  mtMet+R4      34034.286    339 68746.572    299266.572   69937.624
476  mtMet+R5      33948.991    341 68579.983    301823.983   69778.062
477  mtMet+R6      33935.331    343 68556.662    304540.662   69761.768
478  mtMet+R7      33929.738    345 68549.475    307289.475   69761.608
479  mtMet+R8      33896.739    347 68487.479    309999.479   69706.639
480  mtMet+R9      33884.424    349 68466.847    312766.847   69693.034
481  mtMet+R10     33875.382    351 68452.764    315556.764   69685.978
482  mtMet+F       35858.323    352 72420.647    320932.647   73657.373
483  mtMet+F+I     35742.741    353 72191.483    322115.483   73431.723
484  mtMet+F+G4    33359.505    353 67425.009    317349.009   68665.250
485  mtMet+F+I+G4  33345.809    354 67399.618    318739.618   68643.372
486  mtMet+F+R2    33905.295    354 68518.590    319858.590   69762.343
487  mtMet+F+R3    33521.530    356 67755.061    321939.061   69005.841
488  mtMet+F+R4    33363.089    358 67442.177    324486.177   68699.985
489  mtMet+F+R5    33291.661    360 67303.323    327223.323   68568.157
490  mtMet+F+R6    33278.935    362 67281.871    330093.871   68553.732
491  mtMet+F+R7    33274.012    364 67276.023    332996.023   68554.911
495  mtVer         37639.730    333 75945.459    298389.459   77115.431
496  mtVer+I       37501.339    334 75670.678    299450.678   76844.163
497  mtVer+G4      34684.184    334 70036.367    293816.367   71209.852
498  mtVer+I+G4    34668.273    335 70006.546    295126.546   71183.544
499  mtVer+R2      35270.303    335 71210.605    296330.605   72387.604
500  mtVer+R3      34914.462    337 70502.924    298314.924   71686.949
501  mtVer+R4      34710.124    339 70098.248    300618.248   71289.300
502  mtVer+R5      34621.242    341 69924.485    303168.485   71122.564
503  mtVer+R6      34604.919    343 69895.838    305879.838   71100.944
504  mtVer+R7      34598.126    345 69886.252    308626.252   71098.385
505  mtVer+R8      34553.332    347 69800.663    311312.663   71019.823
506  mtVer+R9      34527.437    349 69752.875    314052.875   70979.061
507  mtVer+R10     34519.812    351 69741.624    316845.624   70974.837
508  mtVer+F       36717.535    352 74139.071    322651.071   75375.798
509  mtVer+F+I     36554.756    353 73815.512    323739.512   75055.753
510  mtVer+F+G4    34003.169    353 68712.338    318636.338   69952.578
511  mtVer+F+I+G4  33979.318    354 68666.637    320006.637   69910.390
512  mtVer+F+R2    34599.592    354 69907.184    321247.184   71150.938
513  mtVer+F+R3    34217.129    356 69146.257    323330.257   70397.038
514  mtVer+F+R4    34026.858    358 68769.716    325813.716   70027.524
515  mtVer+F+R5    33954.164    360 68628.329    328548.329   69893.163
516  mtVer+F+R6    33936.382    362 68596.765    331408.765   69868.626
517  mtVer+F+R7    33929.621    364 68587.243    334307.243   69866.131
518  mtVer+F+R8    33878.098    366 68488.197    337132.197   69774.112
519  mtVer+F+R9    33862.697    368 68461.393    340045.393   69754.335
520  mtVer+F+R10   33856.105    370 68452.210    342992.210   69752.178
521  mtInv         36219.398    333 73104.796    295548.796   74274.768
522  mtInv+I       36118.473    334 72904.945    296684.945   74078.430
523  mtInv+G4      33920.626    334 68509.251    292289.251   69682.737
524  mtInv+I+G4    33908.066    335 68486.132    293606.132   69663.131
525  mtInv+R2      34373.710    335 69417.420    294537.420   70594.419
526  mtInv+R3      34032.730    337 68739.461    296551.461   69923.486
527  mtInv+R4      33901.681    339 68481.362    299001.362   69672.414
528  mtInv+R5      33844.489    341 68370.979    301614.979   69569.058
529  mtInv+R6      33829.873    343 68345.745    304329.745   69550.851
530  mtInv+R7      33826.046    345 68342.092    307082.092   69554.225
534  mtInv+F       35157.066    352 71018.133    319530.133   72254.860
535  mtInv+F+I     35038.930    353 70783.860    320707.860   72024.100
536  mtInv+F+G4    32961.008    353 66628.017    316552.017   67868.257
537  mtInv+F+I+G4  32941.215    354 66590.430    317930.430   67834.184
538  mtInv+F+R2    33478.401    354 67664.801    319004.801   68908.555
539  mtInv+F+R3    33086.618    356 66885.235    321069.235   68136.016
540  mtInv+F+R4    32947.029    358 66610.059    323654.059   67867.866
541  mtInv+F+R5    32896.134    360 66512.268    326432.268   67777.102
542  mtInv+F+R6    32888.892    362 66501.783    329313.783   67773.644
543  mtInv+F+R7    32886.217    364 66500.435    332220.435   67779.323
Akaike Information Criterion:           LG+R7
Corrected Akaike Information Criterion: LG+G4
Bayesian Information Criterion:         LG+R6
Best-fit model: LG+R6 chosen according to BIC

All model information printed to K00948.blastp_ALL.outfmt6.parsed.filtered.uniq.faa.mafft.aln.trimal1.model.gz
CPU time for ModelFinder: 2245.403 seconds (0h:37m:25s)
Wall-clock time for ModelFinder: 2242.879 seconds (0h:37m:22s)
Generating 2000 samples for ultrafast bootstrap (seed: 952639)...

NOTE: 43 MB RAM (0 GB) is required!
Measuring multi-threading efficiency up to 2 CPU cores
Increase to 10 rounds for branch lengths
2 trees examined
Threads: 1 / Time: 2.617 sec / Speedup: 1.000 / Efficiency: 100% / LogL: -51708
Threads: 2 / Time: 2.532 sec / Speedup: 1.034 / Efficiency: 52% / LogL: -51708
BEST NUMBER OF THREADS: 1

Estimate model parameters (epsilon = 0.100)
1. Initial log-likelihood: -32282.074
2. Current log-likelihood: -32258.880
3. Current log-likelihood: -32241.102
4. Current log-likelihood: -32239.143
5. Current log-likelihood: -32238.881
Optimal log-likelihood: -32238.797
Site proportion and rates:  (0.150,0.116) (0.233,0.398) (0.248,0.741) (0.191,1.217) (0.113,2.100) (0.064,3.674)
Parameters optimization took 5 rounds (10.748 sec)
Computing ML distances based on estimated model parameters... 11.705 sec
WARNING: Some pairwise ML distances are too long (saturated)
Computing BIONJ tree...
0.018 seconds
Log-likelihood of BIONJ tree: -32113.111
--------------------------------------------------------------------
|             INITIALIZING CANDIDATE TREE SET                      |
--------------------------------------------------------------------
Generating 98 parsimony trees... 5.962 second
Computing log-likelihood of 98 initial trees ... 32.668 seconds
Current best score: -32092.224

Do NNI search on 20 best initial trees
Estimate model parameters (epsilon = 0.100)
BETTER TREE FOUND at iteration 1: -32018.836
Estimate model parameters (epsilon = 0.100)
BETTER TREE FOUND at iteration 2: -32015.197
Estimate model parameters (epsilon = 0.100)
BETTER TREE FOUND at iteration 5: -32012.350
Estimate model parameters (epsilon = 0.100)
BETTER TREE FOUND at iteration 6: -31993.307
Iteration 10 / LogL: -32047.870 / Time: 0h:1m:56s
Iteration 20 / LogL: -32045.521 / Time: 0h:2m:31s
Finish initializing candidate tree set (20)
Current best tree score: -31993.307 / CPU time: 122.773
Number of iterations: 20
--------------------------------------------------------------------
|               OPTIMIZING CANDIDATE TREE SET                      |
--------------------------------------------------------------------
Iteration 30 / LogL: -32013.052 / Time: 0h:3m:13s (0h:8m:27s left)
Estimate model parameters (epsilon = 0.100)
BETTER TREE FOUND at iteration 39: -31989.233
Iteration 40 / LogL: -32004.902 / Time: 0h:4m:16s (0h:10m:51s left)
Estimate model parameters (epsilon = 0.100)
BETTER TREE FOUND at iteration 45: -31986.603
Estimate model parameters (epsilon = 0.100)
BETTER TREE FOUND at iteration 48: -31986.536
Iteration 50 / LogL: -31988.917 / Time: 0h:5m:16s (0h:10m:32s left)
Log-likelihood cutoff on original alignment: -32078.581
Estimate model parameters (epsilon = 0.100)
BETTER TREE FOUND at iteration 52: -31985.858
Estimate model parameters (epsilon = 0.100)
BETTER TREE FOUND at iteration 55: -31983.571
Iteration 60 / LogL: -31988.366 / Time: 0h:6m:5s (0h:9m:48s left)
Iteration 70 / LogL: -32000.424 / Time: 0h:6m:45s (0h:8m:19s left)
Estimate model parameters (epsilon = 0.100)
BETTER TREE FOUND at iteration 73: -31983.518
Iteration 80 / LogL: -31986.487 / Time: 0h:7m:30s (0h:8m:49s left)
Estimate model parameters (epsilon = 0.100)
BETTER TREE FOUND at iteration 83: -31982.648
Iteration 90 / LogL: -31990.872 / Time: 0h:8m:48s (0h:9m:12s left)
Iteration 100 / LogL: -31998.624 / Time: 0h:10m:3s (0h:8m:26s left)
Log-likelihood cutoff on original alignment: -32078.581
NOTE: Bootstrap correlation coefficient of split occurrence frequencies: 0.995
Iteration 110 / LogL: -31985.551 / Time: 0h:11m:7s (0h:9m:11s left)
Estimate model parameters (epsilon = 0.100)
BETTER TREE FOUND at iteration 119: -31982.375
Iteration 120 / LogL: -31984.111 / Time: 0h:12m:10s (0h:10m:7s left)
Iteration 130 / LogL: -31983.225 / Time: 0h:13m:17s (0h:9m:10s left)
Estimate model parameters (epsilon = 0.100)
BETTER TREE FOUND at iteration 132: -31982.164
Iteration 140 / LogL: -31989.524 / Time: 0h:14m:2s (0h:9m:17s left)
Iteration 150 / LogL: -32042.961 / Time: 0h:14m:45s (0h:8m:7s left)
Log-likelihood cutoff on original alignment: -32078.581
Iteration 160 / LogL: -31983.863 / Time: 0h:15m:36s (0h:7m:4s left)
Iteration 170 / LogL: -31991.305 / Time: 0h:16m:24s (0h:6m:1s left)
Iteration 180 / LogL: -31983.174 / Time: 0h:17m:18s (0h:5m:1s left)
Iteration 190 / LogL: -31983.330 / Time: 0h:18m:3s (0h:4m:0s left)
Iteration 200 / LogL: -32000.832 / Time: 0h:18m:52s (0h:3m:2s left)
Log-likelihood cutoff on original alignment: -32078.581
NOTE: Bootstrap correlation coefficient of split occurrence frequencies: 0.999
Iteration 210 / LogL: -32005.388 / Time: 0h:19m:38s (0h:8m:27s left)
Iteration 220 / LogL: -31983.646 / Time: 0h:20m:38s (0h:7m:32s left)
Iteration 230 / LogL: -31983.978 / Time: 0h:21m:22s (0h:6m:32s left)
TREE SEARCH COMPLETED AFTER 233 ITERATIONS / Time: 0h:21m:34s

--------------------------------------------------------------------
|                    FINALIZING TREE SEARCH                        |
--------------------------------------------------------------------
Performs final model parameters optimization
Estimate model parameters (epsilon = 0.010)
1. Initial log-likelihood: -31982.164
Optimal log-likelihood: -31982.158
Site proportion and rates:  (0.156,0.119) (0.240,0.407) (0.254,0.763) (0.166,1.207) (0.119,2.071) (0.065,3.759)
Parameters optimization took 1 rounds (2.143 sec)
BEST SCORE FOUND : -31982.158
Creating bootstrap support values...
Split supports printed to NEXUS file K00948.blastp_ALL.outfmt6.parsed.filtered.uniq.faa.mafft.aln.trimal1.splits.nex
Total tree length: 39.341

Total number of iterations: 233
CPU time used for tree search: 1243.163 sec (0h:20m:43s)
Wall-clock time used for tree search: 1265.755 sec (0h:21m:5s)
Total CPU time used: 1277.978 sec (0h:21m:17s)
Total wall-clock time used: 1297.978 sec (0h:21m:37s)

Computing bootstrap consensus tree...
Reading input file K00948.blastp_ALL.outfmt6.parsed.filtered.uniq.faa.mafft.aln.trimal1.splits.nex...
168 taxa and 1180 splits.
Consensus tree written to K00948.blastp_ALL.outfmt6.parsed.filtered.uniq.faa.mafft.aln.trimal1.contree
Reading input trees file K00948.blastp_ALL.outfmt6.parsed.filtered.uniq.faa.mafft.aln.trimal1.contree
Log-likelihood of consensus tree: -31982.714

Analysis results written to: 
  IQ-TREE report:                K00948.blastp_ALL.outfmt6.parsed.filtered.uniq.faa.mafft.aln.trimal1.iqtree
  Maximum-likelihood tree:       K00948.blastp_ALL.outfmt6.parsed.filtered.uniq.faa.mafft.aln.trimal1.treefile
  Likelihood distances:          K00948.blastp_ALL.outfmt6.parsed.filtered.uniq.faa.mafft.aln.trimal1.mldist

Ultrafast bootstrap approximation results written to:
  Split support values:          K00948.blastp_ALL.outfmt6.parsed.filtered.uniq.faa.mafft.aln.trimal1.splits.nex
  Consensus tree:                K00948.blastp_ALL.outfmt6.parsed.filtered.uniq.faa.mafft.aln.trimal1.contree
  Screen log file:               K00948.blastp_ALL.outfmt6.parsed.filtered.uniq.faa.mafft.aln.trimal1.log

Date and Time: Thu Sep  9 00:06:19 2021
