IQ-TREE multicore version 1.6.12 for Linux 64-bit built Aug 15 2019
Developed by Bui Quang Minh, Nguyen Lam Tung, Olga Chernomor,
Heiko Schmidt, Dominik Schrempf, Michael Woodhams.

Host:    coral (AVX512, FMA3, 376 GB RAM)
Command: /home/timothy/programs/iqtree-1.6.12-Linux/bin/iqtree -s K01489.blastp_ALL.outfmt6.parsed.filtered.uniq.faa.mafft.aln.trimal1 -nt AUTO -ntmax 2 -m MFP -bb 2000 -quiet
Seed:    965394 (Using SPRNG - Scalable Parallel Random Number Generator)
Time:    Wed Sep  8 23:07:16 2021
Kernel:  AVX+FMA - auto-detect threads (96 CPU cores detected)

Reading alignment file K01489.blastp_ALL.outfmt6.parsed.filtered.uniq.faa.mafft.aln.trimal1 ... Fasta format detected
Alignment most likely contains protein sequences
Alignment has 25 sequences with 520 columns, 515 distinct patterns
397 parsimony-informative, 83 singleton sites, 40 constant sites
                                                                                                                              Gap/Ambiguity  Composition  p-value
   1  Eukaryota-Alveolata-Dinophyceae-NA-Unranked-Oxyrrhis_marina_MMETSP1425_c14367_g1_i1.p1                                         80.96%    passed     13.48%
   2  Eukaryota-Alveolata-Dinophyceae-Peridiniales-Kryptoperidiniaceae-Durinskia_baltica_MMETSP0117_c34704_g1_i1.p1                  59.23%    failed      0.00%
   3  Eukaryota-Cercozoa-NA-Euglyphida-Paulinellidae-Paulinella_chromatophora_scaffold7231-size1566_m.58556                          25.19%    passed     42.22%
   4  Eukaryota-Chlorophyta-Mamiellophyceae-Mamiellales-Mamiellaceae-Micromonas_pusilla_MMETSP1327_c4374_g1_i1.p1                     9.04%    passed     55.66%
   5  Eukaryota-Chlorophyta-Mamiellophyceae-Mamiellales-Mamiellaceae-Micromonas_sp_MMETSP0802_c5869_g1_i1.p1                          9.04%    passed     55.26%
   6  Eukaryota-Chlorophyta-NA-NA-NA-Mantoniella_sp_MMETSP1468_c32168_g1_i1.p1                                                       80.19%    passed     35.62%
   7  Eukaryota-Chlorophyta-NA-NA-NA-Pterosperma_sp_MMETSP1438_c41639_g1_i1.p1                                                       85.19%    passed     57.62%
   8  Eukaryota-Chlorophyta-Palmophyllophyceae-Prasinococcales-Prasinococcaceae-Prasinoderma_coloniale_MMETSP0806_c2531_g1_i1.p1      4.04%    passed     10.49%
   9  Eukaryota-Chlorophyta-Palmophyllophyceae-Prasinococcales-Prasinococcaceae-Prasinoderma_singularis_MMETSP1315_c10872_g1_i1.p1   81.15%    passed     83.21%
  10  Eukaryota-Haptophyta-NA-Prymnesiales-NA-Chrysochromulina_brevifilum_MMETSP1094_c70897_g1_i1.p1                                 21.35%    passed     30.54%
  11  Eukaryota-Haptophyta-NA-Prymnesiales-NA-Chrysochromulina_ericina_MMETSP1096_c18807_g1_i1.p1                                    17.31%    passed     92.61%
  12  Eukaryota-Haptophyta-NA-Prymnesiales-NA-Pleurochrysis_carterae_MMETSP1136_c19349_g1_i1.p2                                      77.88%    passed     88.80%
  13  Eukaryota-Haptophyta-NA-Prymnesiales-NA-Prymnesium_parvum_MMETSP0006_c15375_g1_i1.p1                                           17.31%    passed     78.56%
  14  Eukaryota-Haptophyta-NA-Prymnesiales-NA-Prymnesium_parvum_MMETSP0008_c20944_g1_i1.p1                                           17.31%    passed     78.56%
  15  Eukaryota-Stramenopiles-Dictyochophyceae-Pedinellales-NA-Pseudopedinella_elastica_MMETSP1097_c445_g1_i1.p1                     72.31%    passed     54.14%
  16  Eukaryota-Stramenopiles-Labyrinthista-NA-NA-Aplanochytrium_stocchinoi_MMETSP1347_c15152_g1_i1.p1                               53.65%    passed     51.43%
  17  Eukaryota-Stramenopiles-Labyrinthista-NA-NA-Aplanochytrium_stocchinoi_MMETSP1348_c16861_g1_i1.p1                               38.46%    passed     29.66%
  18  Eukaryota-Stramenopiles-Labyrinthista-NA-NA-Schizochytrium_aggregatum_MMETSP0963_c1590_g1_i1.p2                                81.73%    passed     71.19%
  19  Eukaryota-Stramenopiles-NA-Bicosoecida-Cafeteriaceae-Cafeteria_sp_MMETSP1104_c17910_g1_i1.p1                                   31.73%    failed      0.02%
  20  Eukaryota-Stramenopiles-NA-NA-NA-Ditylum_brightwellii_MMETSP1002_c2983_g1_i1.p1                                                77.88%    passed     20.34%
  21  Eukaryota-Stramenopiles-NA-NA-NA-Minutocellus_polymorphus_MMETSP1434_c13364_g1_i1.p1                                           80.96%    passed     10.25%
  22  Eukaryota-Stramenopiles-NA-NA-NA-Spumella_elongata_MMETSP1098_c20017_g1_i1.p1                                                  81.15%    passed     25.24%
  23  Eukaryota-Stramenopiles-Raphidophyceae-Chattonellales-Chattonellaceae-Heterosigma_akashiwo_MMETSP0414_c31549_g1_i1.p1          77.50%    passed     46.61%
  24  Eukaryota-Stramenopiles-Raphidophyceae-Chattonellales-Chattonellaceae-Heterosigma_akashiwo_MMETSP0416_c2160_g1_i1.p1           69.62%    passed     54.30%
  25  MSTRG.23658.1.p1                                                                                                               45.58%    failed      0.00%
WARNING: 14 sequences contain more than 50% gaps/ambiguity
****  TOTAL                                                                                                                          51.83%  3 sequences failed composition chi2 test (p-value<5%; df=19)
NOTE: Eukaryota-Haptophyta-NA-Prymnesiales-NA-Prymnesium_parvum_MMETSP0008_c20944_g1_i1.p1 is identical to Eukaryota-Haptophyta-NA-Prymnesiales-NA-Prymnesium_parvum_MMETSP0006_c15375_g1_i1.p1 but kept for subsequent analysis


Create initial parsimony tree by phylogenetic likelihood library (PLL)... 0.003 seconds
NOTE: ModelFinder requires 24 MB RAM!
ModelFinder will test 546 protein models (sample size: 520) ...
 No. Model         -LnL         df  AIC          AICc         BIC
Measuring multi-threading efficiency up to 2 CPU cores
12 trees examined
Threads: 1 / Time: 2.143 sec / Speedup: 1.000 / Efficiency: 100% / LogL: -12078
Threads: 2 / Time: 3.021 sec / Speedup: 0.709 / Efficiency: 35% / LogL: -12078
BEST NUMBER OF THREADS: 1

  1  Dayhoff       9976.659     47  20047.318    20056.877    20247.248
  2  Dayhoff+I     9907.688     48  19911.377    19921.364    20115.561
  3  Dayhoff+G4    9778.525     48  19653.050    19663.038    19857.234
  4  Dayhoff+I+G4  9768.178     49  19634.355    19644.781    19842.793
  5  Dayhoff+R2    9800.834     49  19699.667    19710.093    19908.105
  6  Dayhoff+R3    9767.065     51  19636.129    19647.463    19853.075
  7  Dayhoff+R4    9760.570     53  19627.140    19639.424    19852.593
  8  Dayhoff+R5    9758.997     55  19627.994    19641.270    19861.954
 14  Dayhoff+F     9937.043     66  20006.086    20025.609    20286.838
 15  Dayhoff+F+I   9866.816     67  19867.632    19887.791    20152.639
 16  Dayhoff+F+G4  9724.672     67  19583.344    19603.503    19868.350
 17  Dayhoff+F+I+G4 9715.508     68  19567.016    19587.823    19856.276
 18  Dayhoff+F+R2  9747.264     68  19630.528    19651.335    19919.788
 19  Dayhoff+F+R3  9709.679     70  19559.358    19581.496    19857.126
 20  Dayhoff+F+R4  9705.964     72  19555.928    19579.445    19862.204
 27  mtMAM         11177.663    47  22449.326    22458.885    22649.256
 28  mtMAM+I       11076.503    48  22249.006    22258.993    22453.190
 29  mtMAM+G4      10540.139    48  21176.278    21186.265    21380.461
 30  mtMAM+I+G4    10540.216    49  21178.431    21188.857    21386.869
 31  mtMAM+R2      10685.435    49  21468.870    21479.295    21677.307
 32  mtMAM+R3      10566.696    51  21235.391    21246.724    21452.336
 33  mtMAM+R4      10551.466    53  21208.933    21221.216    21434.386
 34  mtMAM+R5      10544.832    55  21199.665    21212.941    21433.626
 35  mtMAM+R6      10534.903    57  21183.807    21198.119    21426.275
 36  mtMAM+R7      10529.967    59  21177.933    21193.324    21428.909
 40  mtMAM+F       10478.740    66  21089.481    21109.004    21370.233
 41  mtMAM+F+I     10385.456    67  20904.913    20925.072    21189.919
 42  mtMAM+F+G4    9973.532     67  20081.064    20101.223    20366.070
 43  mtMAM+F+I+G4  9970.986     68  20077.972    20098.779    20367.232
 44  mtMAM+F+R2    10068.056    68  20272.112    20292.919    20561.372
 45  mtMAM+F+R3    9994.139     70  20128.277    20150.415    20426.045
 46  mtMAM+F+R4    9983.437     72  20110.873    20134.390    20417.149
 47  mtMAM+F+R5    9977.178     74  20102.356    20127.300    20417.140
 48  mtMAM+F+R6    9967.876     76  20087.753    20114.173    20411.044
 49  mtMAM+F+R7    9962.786     78  20081.571    20109.517    20413.370
 53  JTT           9955.278     47  20004.556    20014.115    20204.486
 54  JTT+I         9888.716     48  19873.431    19883.418    20077.615
 55  JTT+G4        9765.613     48  19627.226    19637.213    19831.410
 56  JTT+I+G4      9758.672     49  19615.344    19625.769    19823.782
 57  JTT+R2        9789.013     49  19676.026    19686.451    19884.463
 58  JTT+R3        9748.915     51  19599.830    19611.163    19816.775
 59  JTT+R4        9747.903     53  19601.805    19614.088    19827.258
 66  JTT+F         9935.450     66  20002.900    20022.423    20283.652
 67  JTT+F+I       9866.782     67  19867.564    19887.724    20152.571
 68  JTT+F+G4      9730.950     67  19595.900    19616.059    19880.906
 69  JTT+F+I+G4    9724.464     68  19584.928    19605.735    19874.188
 70  JTT+F+R2      9754.031     68  19644.063    19664.870    19933.323
 71  JTT+F+R3      9714.074     70  19568.147    19590.285    19865.915
 72  JTT+F+R4      9713.801     72  19571.603    19595.120    19877.878
 79  WAG           9856.326     47  19806.651    19816.210    20006.581
 80  WAG+I         9790.942     48  19677.884    19687.871    19882.068
 81  WAG+G4        9712.393     48  19520.787    19530.774    19724.971
 82  WAG+I+G4      9699.731     49  19497.462    19507.887    19705.899
 83  WAG+R2        9727.748     49  19553.496    19563.921    19761.933
 84  WAG+R3        9691.684     51  19485.368    19496.701    19702.313
 85  WAG+R4        9691.447     53  19488.895    19501.178    19714.348
 92  WAG+F         9809.273     66  19750.546    19770.069    20031.299
 93  WAG+F+I       9745.445     67  19624.890    19645.049    19909.897
 94  WAG+F+G4      9662.213     67  19458.427    19478.586    19743.433
 95  WAG+F+I+G4    9650.498     68  19436.996    19457.803    19726.256
 96  WAG+F+R2      9676.477     68  19488.955    19509.762    19778.215
 97  WAG+F+R3      9642.124     70  19424.248    19446.386    19722.016
 98  WAG+F+R4      9641.981     72  19427.963    19451.480    19734.239
105  cpREV         10014.934    47  20123.867    20133.427    20323.797
106  cpREV+I       9938.732     48  19973.464    19983.451    20177.648
107  cpREV+G4      9821.128     48  19738.255    19748.242    19942.439
108  cpREV+I+G4    9807.671     49  19713.342    19723.767    19921.779
109  cpREV+R2      9843.914     49  19785.828    19796.254    19994.266
110  cpREV+R3      9800.056     51  19702.112    19713.446    19919.058
111  cpREV+R4      9799.900     53  19705.800    19718.083    19931.253
118  cpREV+F       9925.003     66  19982.006    20001.529    20262.758
119  cpREV+F+I     9843.548     67  19821.095    19841.255    20106.102
120  cpREV+F+G4    9718.544     67  19571.089    19591.248    19856.096
121  cpREV+F+I+G4  9703.985     68  19543.971    19564.778    19833.231
122  cpREV+F+R2    9740.113     68  19616.225    19637.032    19905.486
123  cpREV+F+R3    9696.895     70  19533.790    19555.928    19831.558
124  cpREV+F+R4    9696.647     72  19537.294    19560.810    19843.569
131  mtREV         10723.080    47  21540.161    21549.720    21740.091
132  mtREV+I       10656.105    48  21408.210    21418.197    21612.394
133  mtREV+G4      10345.627    48  20787.255    20797.242    20991.438
134  mtREV+I+G4    10343.453    49  20784.907    20795.332    20993.344
135  mtREV+R2      10388.209    49  20874.418    20884.844    21082.856
136  mtREV+R3      10344.002    51  20790.003    20801.336    21006.948
137  mtREV+R4      10343.869    53  20793.739    20806.022    21019.192
144  mtREV+F       10138.737    66  20409.473    20428.997    20690.226
145  mtREV+F+I     10064.797    67  20263.594    20283.753    20548.600
146  mtREV+F+G4    9821.997     67  19777.995    19798.154    20063.001
147  mtREV+F+I+G4  9815.037     68  19766.073    19786.880    20055.333
148  mtREV+F+R2    9861.004     68  19858.008    19878.815    20147.269
149  mtREV+F+R3    9818.376     70  19776.752    19798.890    20074.520
150  mtREV+F+R4    9818.323     72  19780.647    19804.164    20086.922
157  rtREV         10001.820    47  20097.639    20107.199    20297.569
158  rtREV+I       9937.347     48  19970.694    19980.681    20174.878
159  rtREV+G4      9829.058     48  19754.116    19764.104    19958.300
160  rtREV+I+G4    9820.245     49  19738.490    19748.916    19946.928
161  rtREV+R2      9849.943     49  19797.886    19808.311    20006.324
162  rtREV+R3      9807.453     51  19716.905    19728.239    19933.851
163  rtREV+R4      9807.382     53  19720.764    19733.048    19946.217
170  rtREV+F       9846.326     66  19824.651    19844.174    20105.404
171  rtREV+F+I     9779.572     67  19693.144    19713.303    19978.151
172  rtREV+F+G4    9658.778     67  19451.555    19471.715    19736.562
173  rtREV+F+I+G4  9650.549     68  19437.098    19457.906    19726.359
174  rtREV+F+R2    9679.002     68  19494.004    19514.811    19783.264
175  rtREV+F+R3    9639.387     70  19418.774    19440.912    19716.542
176  rtREV+F+R4    9639.352     72  19422.704    19446.221    19728.980
183  mtART         11032.352    47  22158.703    22168.263    22358.633
184  mtART+I       10921.242    48  21938.484    21948.471    22142.667
185  mtART+G4      10427.914    48  20951.827    20961.815    21156.011
186  mtART+I+G4    10425.564    49  20949.129    20959.554    21157.566
187  mtART+R2      10542.003    49  21182.007    21192.432    21390.444
188  mtART+R3      10456.995    51  21015.991    21027.324    21232.936
189  mtART+R4      10456.942    53  21019.884    21032.167    21245.337
196  mtART+F       10415.228    66  20962.456    20981.979    21243.208
197  mtART+F+I     10308.646    67  20751.292    20771.451    21036.299
198  mtART+F+G4    9881.477     67  19896.954    19917.114    20181.961
199  mtART+F+I+G4  9874.690     68  19885.381    19906.188    20174.641
200  mtART+F+R2    9976.295     68  20088.590    20109.397    20377.850
201  mtART+F+R3    9906.541     70  19953.082    19975.220    20250.850
202  mtART+F+R4    9906.519     72  19957.038    19980.554    20263.313
209  mtZOA         10669.275    47  21432.551    21442.110    21632.481
210  mtZOA+I       10581.058    48  21258.116    21268.103    21462.299
211  mtZOA+G4      10200.736    48  20497.472    20507.459    20701.656
212  mtZOA+I+G4    10197.855    49  20493.710    20504.135    20702.147
213  mtZOA+R2      10255.172    49  20608.344    20618.769    20816.782
214  mtZOA+R3      10209.085    51  20520.170    20531.503    20737.115
215  mtZOA+R4      10209.042    53  20524.084    20536.368    20749.537
222  mtZOA+F       10209.166    66  20550.332    20569.855    20831.084
223  mtZOA+F+I     10118.942    67  20371.883    20392.043    20656.890
224  mtZOA+F+G4    9799.270     67  19732.540    19752.699    20017.546
225  mtZOA+F+I+G4  9793.571     68  19723.142    19743.949    20012.402
226  mtZOA+F+R2    9856.720     68  19849.440    19870.247    20138.701
227  mtZOA+F+R3    9812.894     70  19765.788    19787.926    20063.556
228  mtZOA+F+R4    9812.893     72  19769.786    19793.303    20076.062
235  VT            9857.129     47  19808.258    19817.818    20008.188
236  VT+I          9795.116     48  19686.233    19696.220    19890.416
237  VT+G4         9727.250     48  19550.500    19560.488    19754.684
238  VT+I+G4       9715.888     49  19529.776    19540.202    19738.214
239  VT+R2         9735.616     49  19569.232    19579.657    19777.669
240  VT+R3         9706.779     51  19515.559    19526.892    19732.504
241  VT+R4         9706.754     53  19519.508    19531.791    19744.961
248  VT+F          9804.264     66  19740.528    19760.051    20021.281
249  VT+F+I        9742.278     67  19618.556    19638.716    19903.563
250  VT+F+G4       9669.960     67  19473.920    19494.079    19758.927
251  VT+F+I+G4     9658.888     68  19453.777    19474.584    19743.037
252  VT+F+R2       9679.005     68  19494.011    19514.818    19783.271
253  VT+F+R3       9649.854     70  19439.708    19461.846    19737.476
254  VT+F+R4       9649.842     72  19443.684    19467.201    19749.960
261  LG            9911.951     47  19917.902    19927.462    20117.832
262  LG+I          9848.339     48  19792.677    19802.665    19996.861
263  LG+G4         9728.574     48  19553.147    19563.135    19757.331
264  LG+I+G4       9721.374     49  19540.749    19551.174    19749.186
265  LG+R2         9754.443     49  19606.886    19617.312    19815.324
266  LG+R3         9709.620     51  19521.240    19532.573    19738.185
267  LG+R4         9709.422     53  19524.843    19537.126    19750.296
274  LG+F          9832.755     66  19797.511    19817.034    20078.263
275  LG+F+I        9768.507     67  19671.014    19691.174    19956.021
276  LG+F+G4       9639.745     67  19413.491    19433.650    19698.497
277  LG+F+I+G4     9632.634     68  19401.269    19422.076    19690.529
278  LG+F+R2       9662.750     68  19461.500    19482.307    19750.761
279  LG+F+R3       9620.905     70  19381.810    19403.949    19679.578
280  LG+F+R4       9620.738     72  19385.476    19408.993    19691.751
287  DCMut         9975.399     47  20044.797    20054.357    20244.727
288  DCMut+I       9906.535     48  19909.069    19919.056    20113.253
289  DCMut+G4      9778.266     48  19652.531    19662.518    19856.715
290  DCMut+I+G4    9767.925     49  19633.850    19644.276    19842.288
291  DCMut+R2      9800.527     49  19699.055    19709.480    19907.493
292  DCMut+R3      9758.562     51  19619.124    19630.458    19836.070
293  DCMut+R4      9758.427     53  19622.854    19635.138    19848.307
300  DCMut+F       9935.695     66  20003.389    20022.912    20284.142
301  DCMut+F+I     9865.589     67  19865.177    19885.337    20150.184
302  DCMut+F+G4    9724.353     67  19582.707    19602.866    19867.713
303  DCMut+F+I+G4  9715.191     68  19566.381    19587.188    19855.641
304  DCMut+F+R2    9746.875     68  19629.750    19650.557    19919.011
305  DCMut+F+R3    9704.968     70  19549.936    19572.075    19847.704
306  DCMut+F+R4    9704.844     72  19553.688    19577.205    19859.964
313  PMB           9870.139     47  19834.277    19843.837    20034.207
314  PMB+I         9813.178     48  19722.356    19732.344    19926.540
315  PMB+G4        9753.254     48  19602.509    19612.496    19806.693
316  PMB+I+G4      9742.233     49  19582.467    19592.892    19790.905
317  PMB+R2        9759.682     49  19617.365    19627.790    19825.802
318  PMB+R3        9732.255     51  19566.511    19577.844    19783.456
319  PMB+R4        9732.226     53  19570.452    19582.735    19795.905
326  PMB+F         9801.208     66  19734.416    19753.939    20015.168
327  PMB+F+I       9744.137     67  19622.274    19642.433    19907.280
328  PMB+F+G4      9682.080     67  19498.161    19518.320    19783.167
329  PMB+F+I+G4    9670.944     68  19477.887    19498.694    19767.148
330  PMB+F+R2      9688.990     68  19513.980    19534.787    19803.240
331  PMB+F+R3      9662.006     70  19464.013    19486.151    19761.781
332  PMB+F+R4      9661.985     72  19467.969    19491.486    19774.245
339  HIVb          10282.301    47  20658.601    20668.160    20858.531
340  HIVb+I        10196.801    48  20489.601    20499.588    20693.785
341  HIVb+G4       10011.249    48  20118.498    20128.485    20322.682
342  HIVb+I+G4     10001.927    49  20101.855    20112.280    20310.293
343  HIVb+R2       10044.005    49  20186.011    20196.436    20394.448
344  HIVb+R3       9995.665     51  20093.331    20104.664    20310.276
345  HIVb+R4       9995.605     53  20097.210    20109.493    20322.663
352  HIVb+F        10161.096    66  20454.193    20473.716    20734.945
353  HIVb+F+I      10071.514    67  20277.028    20297.187    20562.034
354  HIVb+F+G4     9862.985     67  19859.969    19880.128    20144.976
355  HIVb+F+I+G4   9853.209     68  19842.419    19863.226    20131.679
356  HIVb+F+R2     9893.517     68  19923.034    19943.842    20212.295
357  HIVb+F+R3     9846.202     70  19832.405    19854.543    20130.173
358  HIVb+F+R4     9846.182     72  19836.365    19859.881    20142.640
365  HIVw          10672.224    47  21438.449    21448.008    21638.379
366  HIVw+I        10596.358    48  21288.717    21298.704    21492.900
367  HIVw+G4       10385.658    48  20867.317    20877.304    21071.500
368  HIVw+I+G4     10376.870    49  20851.740    20862.165    21060.178
369  HIVw+R2       10427.066    49  20952.131    20962.557    21160.569
370  HIVw+R3       10371.528    51  20845.056    20856.389    21062.001
371  HIVw+R4       10371.511    53  20849.023    20861.306    21074.476
378  HIVw+F        10368.052    66  20868.103    20887.627    21148.856
379  HIVw+F+I      10271.897    67  20677.793    20697.953    20962.800
380  HIVw+F+G4     10050.155    67  20234.310    20254.470    20519.317
381  HIVw+F+I+G4   10042.536    68  20221.072    20241.879    20510.332
382  HIVw+F+R2     10095.139    68  20326.278    20347.085    20615.539
383  HIVw+F+R3     10033.731    70  20207.461    20229.600    20505.230
384  HIVw+F+R4     10033.728    72  20211.455    20234.972    20517.731
391  JTTDCMut      9955.172     47  20004.343    20013.902    20204.273
392  JTTDCMut+I    9889.411     48  19874.822    19884.809    20079.006
393  JTTDCMut+G4   9766.788     48  19629.576    19639.563    19833.760
394  JTTDCMut+I+G4 9759.816     49  19617.632    19628.057    19826.069
395  JTTDCMut+R2   9789.803     49  19677.605    19688.031    19886.043
396  JTTDCMut+R3   9747.730     51  19597.461    19608.794    19814.406
397  JTTDCMut+R4   9747.729     53  19601.459    19613.742    19826.912
404  JTTDCMut+F    9934.593     66  20001.185    20020.709    20281.938
405  JTTDCMut+F+I  9866.624     67  19867.247    19887.407    20152.254
406  JTTDCMut+F+G4 9730.640     67  19595.279    19615.438    19880.286
407  JTTDCMut+F+I+G4 9724.178     68  19584.356    19605.163    19873.616
408  JTTDCMut+F+R2 9753.391     68  19642.783    19663.590    19932.043
409  JTTDCMut+F+R3 9712.292     70  19564.584    19586.722    19862.352
410  JTTDCMut+F+R4 9712.267     72  19568.534    19592.051    19874.810
417  FLU           10184.879    47  20463.759    20473.318    20663.689
418  FLU+I         10121.493    48  20338.986    20348.973    20543.169
419  FLU+G4        9953.103     48  20002.206    20012.193    20206.390
420  FLU+I+G4      9946.609     49  19991.219    20001.644    20199.656
421  FLU+R2        9984.140     49  20066.279    20076.705    20274.717
422  FLU+R3        9934.652     51  19971.305    19982.638    20188.250
423  FLU+R4        9934.632     53  19975.263    19987.547    20200.716
430  FLU+F         10042.797    66  20217.595    20237.118    20498.348
431  FLU+F+I       9976.237     67  20086.475    20106.634    20371.481
432  FLU+F+G4      9806.044     67  19746.087    19766.247    20031.094
433  FLU+F+I+G4    9798.560     68  19733.120    19753.927    20022.380
434  FLU+F+R2      9835.981     68  19807.963    19828.770    20097.223
435  FLU+F+R3      9787.844     70  19715.688    19737.826    20013.456
436  FLU+F+R4      9787.796     72  19719.592    19743.109    20025.868
443  Blosum62      9882.958     47  19859.915    19869.475    20059.845
444  Blosum62+I    9830.857     48  19757.714    19767.702    19961.898
445  Blosum62+G4   9772.937     48  19641.874    19651.861    19846.058
446  Blosum62+I+G4 9762.669     49  19623.337    19633.763    19831.775
447  Blosum62+R2   9778.534     49  19655.068    19665.493    19863.505
448  Blosum62+R3   9753.578     51  19609.155    19620.488    19826.100
449  Blosum62+R4   9753.562     53  19613.124    19625.407    19838.577
456  Blosum62+F    9777.312     66  19686.624    19706.147    19967.376
457  Blosum62+F+I  9723.521     67  19581.041    19601.200    19866.048
458  Blosum62+F+G4 9661.869     67  19457.737    19477.897    19742.744
459  Blosum62+F+I+G4 9651.144     68  19438.288    19459.095    19727.548
460  Blosum62+F+R2 9667.423     68  19470.847    19491.654    19760.107
461  Blosum62+F+R3 9643.365     70  19426.730    19448.868    19724.498
462  Blosum62+F+R4 9643.327     72  19430.654    19454.171    19736.930
469  mtMet         10807.223    47  21708.447    21718.006    21908.377
470  mtMet+I       10731.518    48  21559.037    21569.024    21763.220
471  mtMet+G4      10421.111    48  20938.222    20948.210    21142.406
472  mtMet+I+G4    10419.865    49  20937.729    20948.155    21146.167
473  mtMet+R2      10474.054    49  21046.108    21056.534    21254.546
474  mtMet+R3      10413.248    51  20928.496    20939.829    21145.441
475  mtMet+R4      10412.451    53  20930.902    20943.185    21156.355
482  mtMet+F       10173.367    66  20478.735    20498.258    20759.488
483  mtMet+F+I     10094.747    67  20323.495    20343.654    20608.502
484  mtMet+F+G4    9829.138     67  19792.277    19812.436    20077.283
485  mtMet+F+I+G4  9826.284     68  19788.568    19809.375    20077.828
486  mtMet+F+R2    9878.934     68  19893.868    19914.675    20183.128
487  mtMet+F+R3    9826.814     70  19793.628    19815.766    20091.396
488  mtMet+F+R4    9826.308     72  19796.616    19820.132    20102.891
495  mtVer         10937.014    47  21968.028    21977.587    22167.958
496  mtVer+I       10843.595    48  21783.189    21793.177    21987.373
497  mtVer+G4      10454.767    48  21005.534    21015.522    21209.718
498  mtVer+I+G4    10454.618    49  21007.236    21017.662    21215.674
499  mtVer+R2      10515.497    49  21128.993    21139.419    21337.431
500  mtVer+R3      10449.735    51  21001.471    21012.804    21218.416
501  mtVer+R4      10449.405    53  21004.809    21017.093    21230.262
508  mtVer+F       10324.746    66  20781.492    20801.015    21062.245
509  mtVer+F+I     10226.237    67  20586.473    20606.633    20871.480
510  mtVer+F+G4    9919.286     67  19972.572    19992.732    20257.579
511  mtVer+F+I+G4  9916.185     68  19968.371    19989.178    20257.631
512  mtVer+F+R2    9980.898     68  20097.796    20118.603    20387.057
513  mtVer+F+R3    9926.160     70  19992.320    20014.458    20290.088
514  mtVer+F+R4    9925.549     72  19995.099    20018.616    20301.374
521  mtInv         10806.277    47  21706.554    21716.113    21906.484
522  mtInv+I       10736.049    48  21568.098    21578.085    21772.282
523  mtInv+G4      10494.847    48  21085.693    21095.681    21289.877
524  mtInv+I+G4    10491.830    49  21081.660    21092.086    21290.098
525  mtInv+R2      10531.855    49  21161.711    21172.136    21370.148
526  mtInv+R3      10474.661    51  21051.323    21062.656    21268.268
527  mtInv+R4      10474.559    53  21055.118    21067.401    21280.571
534  mtInv+F       10063.091    66  20258.182    20277.705    20538.935
535  mtInv+F+I     9989.337     67  20112.673    20132.832    20397.680
536  mtInv+F+G4    9770.793     67  19675.586    19695.745    19960.592
537  mtInv+F+I+G4  9766.384     68  19668.767    19689.575    19958.028
538  mtInv+F+R2    9809.641     68  19755.282    19776.089    20044.542
539  mtInv+F+R3    9756.209     70  19652.419    19674.557    19950.187
540  mtInv+F+R4    9755.820     72  19655.639    19679.156    19961.915
Akaike Information Criterion:           LG+F+R3
Corrected Akaike Information Criterion: LG+F+R3
Bayesian Information Criterion:         LG+F+R3
Best-fit model: LG+F+R3 chosen according to BIC

All model information printed to K01489.blastp_ALL.outfmt6.parsed.filtered.uniq.faa.mafft.aln.trimal1.model.gz
CPU time for ModelFinder: 167.521 seconds (0h:2m:47s)
Wall-clock time for ModelFinder: 180.183 seconds (0h:3m:0s)
Generating 2000 samples for ultrafast bootstrap (seed: 965394)...

NOTE: 10 MB RAM (0 GB) is required!
Measuring multi-threading efficiency up to 2 CPU cores
Increase to 10 rounds for branch lengths
13 trees examined
Threads: 1 / Time: 2.120 sec / Speedup: 1.000 / Efficiency: 100% / LogL: -11302
Threads: 2 / Time: 2.050 sec / Speedup: 1.034 / Efficiency: 52% / LogL: -11302
BEST NUMBER OF THREADS: 1

Estimate model parameters (epsilon = 0.100)
1. Initial log-likelihood: -9653.656
2. Current log-likelihood: -9639.685
3. Current log-likelihood: -9634.869
4. Current log-likelihood: -9632.868
5. Current log-likelihood: -9631.549
6. Current log-likelihood: -9630.539
7. Current log-likelihood: -9629.649
8. Current log-likelihood: -9628.892
9. Current log-likelihood: -9628.447
10. Current log-likelihood: -9628.304
Optimal log-likelihood: -9628.182
Site proportion and rates:  (0.125,0.145) (0.432,0.570) (0.443,1.661)
Parameters optimization took 10 rounds (1.551 sec)
Computing ML distances based on estimated model parameters... 0.147 sec
Computing BIONJ tree...
0.001 seconds
Log-likelihood of BIONJ tree: -9669.208
--------------------------------------------------------------------
|             INITIALIZING CANDIDATE TREE SET                      |
--------------------------------------------------------------------
Generating 98 parsimony trees... 0.571 second
Computing log-likelihood of 98 initial trees ... 3.831 seconds
Current best score: -9628.182

Do NNI search on 20 best initial trees
Estimate model parameters (epsilon = 0.100)
BETTER TREE FOUND at iteration 1: -9620.174
Iteration 10 / LogL: -9624.745 / Time: 0h:0m:15s
Iteration 20 / LogL: -9623.918 / Time: 0h:0m:19s
Finish initializing candidate tree set (8)
Current best tree score: -9620.174 / CPU time: 13.478
Number of iterations: 20
--------------------------------------------------------------------
|               OPTIMIZING CANDIDATE TREE SET                      |
--------------------------------------------------------------------
Iteration 30 / LogL: -9620.556 / Time: 0h:0m:24s (0h:0m:59s left)
Iteration 40 / LogL: -9624.905 / Time: 0h:0m:29s (0h:0m:45s left)
Iteration 50 / LogL: -9630.762 / Time: 0h:0m:33s (0h:0m:34s left)
Log-likelihood cutoff on original alignment: -9653.834
Iteration 60 / LogL: -9633.024 / Time: 0h:0m:38s (0h:0m:26s left)
Iteration 70 / LogL: -9620.861 / Time: 0h:0m:44s (0h:0m:20s left)
Iteration 80 / LogL: -9620.627 / Time: 0h:0m:51s (0h:0m:13s left)
Iteration 90 / LogL: -9621.602 / Time: 0h:0m:56s (0h:0m:6s left)
Iteration 100 / LogL: -9620.424 / Time: 0h:1m:0s (0h:0m:0s left)
Log-likelihood cutoff on original alignment: -9654.191
NOTE: Bootstrap correlation coefficient of split occurrence frequencies: 0.998
TREE SEARCH COMPLETED AFTER 102 ITERATIONS / Time: 0h:1m:1s

--------------------------------------------------------------------
|                    FINALIZING TREE SEARCH                        |
--------------------------------------------------------------------
Performs final model parameters optimization
Estimate model parameters (epsilon = 0.010)
1. Initial log-likelihood: -9620.174
2. Current log-likelihood: -9620.012
3. Current log-likelihood: -9619.839
4. Current log-likelihood: -9619.683
5. Current log-likelihood: -9619.537
6. Current log-likelihood: -9619.401
7. Current log-likelihood: -9619.273
8. Current log-likelihood: -9619.153
9. Current log-likelihood: -9619.041
10. Current log-likelihood: -9618.934
11. Current log-likelihood: -9618.834
12. Current log-likelihood: -9618.740
13. Current log-likelihood: -9618.651
14. Current log-likelihood: -9618.568
15. Current log-likelihood: -9618.488
16. Current log-likelihood: -9618.414
17. Current log-likelihood: -9618.347
18. Current log-likelihood: -9618.284
19. Current log-likelihood: -9618.224
20. Current log-likelihood: -9618.167
21. Current log-likelihood: -9618.113
22. Current log-likelihood: -9618.061
23. Current log-likelihood: -9618.012
24. Current log-likelihood: -9617.966
25. Current log-likelihood: -9617.922
26. Current log-likelihood: -9617.878
27. Current log-likelihood: -9617.835
28. Current log-likelihood: -9617.795
29. Current log-likelihood: -9617.756
30. Current log-likelihood: -9617.720
31. Current log-likelihood: -9617.698
Optimal log-likelihood: -9617.686
Site proportion and rates:  (0.093,0.076) (0.491,0.538) (0.416,1.751)
Parameters optimization took 31 rounds (4.535 sec)
BEST SCORE FOUND : -9617.686
Creating bootstrap support values...
Split supports printed to NEXUS file K01489.blastp_ALL.outfmt6.parsed.filtered.uniq.faa.mafft.aln.trimal1.splits.nex
Total tree length: 20.297

Total number of iterations: 102
CPU time used for tree search: 54.650 sec (0h:0m:54s)
Wall-clock time used for tree search: 55.714 sec (0h:0m:55s)
Total CPU time used: 67.614 sec (0h:1m:7s)
Total wall-clock time used: 66.446 sec (0h:1m:6s)

Computing bootstrap consensus tree...
Reading input file K01489.blastp_ALL.outfmt6.parsed.filtered.uniq.faa.mafft.aln.trimal1.splits.nex...
25 taxa and 289 splits.
Consensus tree written to K01489.blastp_ALL.outfmt6.parsed.filtered.uniq.faa.mafft.aln.trimal1.contree
Reading input trees file K01489.blastp_ALL.outfmt6.parsed.filtered.uniq.faa.mafft.aln.trimal1.contree
Log-likelihood of consensus tree: -9617.753

Analysis results written to: 
  IQ-TREE report:                K01489.blastp_ALL.outfmt6.parsed.filtered.uniq.faa.mafft.aln.trimal1.iqtree
  Maximum-likelihood tree:       K01489.blastp_ALL.outfmt6.parsed.filtered.uniq.faa.mafft.aln.trimal1.treefile
  Likelihood distances:          K01489.blastp_ALL.outfmt6.parsed.filtered.uniq.faa.mafft.aln.trimal1.mldist

Ultrafast bootstrap approximation results written to:
  Split support values:          K01489.blastp_ALL.outfmt6.parsed.filtered.uniq.faa.mafft.aln.trimal1.splits.nex
  Consensus tree:                K01489.blastp_ALL.outfmt6.parsed.filtered.uniq.faa.mafft.aln.trimal1.contree
  Screen log file:               K01489.blastp_ALL.outfmt6.parsed.filtered.uniq.faa.mafft.aln.trimal1.log

Date and Time: Wed Sep  8 23:11:23 2021
