IQ-TREE multicore version 1.6.12 for Linux 64-bit built Aug 15 2019
Developed by Bui Quang Minh, Nguyen Lam Tung, Olga Chernomor,
Heiko Schmidt, Dominik Schrempf, Michael Woodhams.

Host:    coral (AVX512, FMA3, 376 GB RAM)
Command: /home/timothy/programs/iqtree-1.6.12-Linux/bin/iqtree -s K01487.blastp_ALL.outfmt6.parsed.filtered.uniq.faa.mafft.aln.trimal1 -nt AUTO -ntmax 2 -m MFP -bb 2000 -quiet
Seed:    963296 (Using SPRNG - Scalable Parallel Random Number Generator)
Time:    Wed Sep  8 23:07:16 2021
Kernel:  AVX+FMA - auto-detect threads (96 CPU cores detected)

Reading alignment file K01487.blastp_ALL.outfmt6.parsed.filtered.uniq.faa.mafft.aln.trimal1 ... Fasta format detected
Alignment most likely contains protein sequences
Alignment has 114 sequences with 349 columns, 349 distinct patterns
318 parsimony-informative, 19 singleton sites, 12 constant sites
                                                                                                                                           Gap/Ambiguity  Composition  p-value
   1  Archaea-Euryarchaeota-Halobacteria-Haloferacales-Halorubraceae-Halobaculum_gomorrense_WP_073307979.1                                         4.58%    failed      0.03%
   2  Archaea-Euryarchaeota-NA-NA-NA-Aciduliprofundum_sp._MAR08339_WP_015283531.1                                                                  3.72%    passed     71.89%
   3  Archaea-Euryarchaeota-Thermococci-Thermococcales-Thermococcaceae-Palaeococcus_ferrophilus_WP_048148764.1                                     4.01%    failed      0.06%
   4  Archaea-Euryarchaeota-Thermococci-Thermococcales-Thermococcaceae-Thermococcus_siculi_WP_088855004.1                                          4.01%    failed      0.54%
   5  Bacteria-Actinobacteria-Actinobacteria-Corynebacteriales-Corynebacteriaceae-Corynebacterium_lactis_WP_120492590.1                            3.15%    passed     89.75%
   6  Bacteria-Actinobacteria-Actinobacteria-Micrococcales-Microbacteriaceae-Lysinimonas_sp._2DFWR13_WP_120763386.1                                3.15%    failed      0.00%
   7  Bacteria-Bacteroidetes-Flavobacteriia-Flavobacteriales-Flavobacteriaceae-Empedobacter_haloabium_WP_147955565.1                               3.15%    failed      0.23%
   8  Bacteria-Bacteroidetes-Flavobacteriia-Flavobacteriales-Flavobacteriaceae-Lacinutrix_jangbogonensis_WP_034059071.1                            3.15%    passed     42.65%
   9  Bacteria-Chlamydiae-Chlamydiia-Parachlamydiales-Parachlamydiaceae-Parachlamydiaceae_bacterium_HST3_WP_042103417.1                            3.15%    passed     49.70%
  10  Bacteria-Cyanobacteria-NA-Synechococcales-Leptolyngbyaceae-Leptolyngbya_boryana_WP_017290621.1                                               3.15%    passed     76.82%
  11  Bacteria-NA-NA-NA-NA-NA_WP_135892846.1                                                                                                       3.15%    passed     20.66%
  12  Bacteria-Proteobacteria-Betaproteobacteria-Burkholderiales-Burkholderiaceae-Burkholderia_sp._A27_WP_083083290.1                              3.15%    passed     15.80%
  13  Bacteria-Proteobacteria-Betaproteobacteria-Burkholderiales-Burkholderiaceae-NA_WP_073427131.1                                                3.15%    passed     12.72%
  14  Bacteria-Proteobacteria-Betaproteobacteria-Burkholderiales-Burkholderiaceae-Paraburkholderia_kururiensis_WP_042299958.1                      3.15%    failed      0.90%
  15  Bacteria-Proteobacteria-Betaproteobacteria-Burkholderiales-Burkholderiaceae-Trinickia_caryophylli_WP_085224042.1                             3.15%    passed      5.08%
  16  Bacteria-Proteobacteria-Gammaproteobacteria-Alteromonadales-NA-NA_WP_075609120.1                                                             3.15%    passed     92.33%
  17  Bacteria-Proteobacteria-Gammaproteobacteria-NA-NA-Candidatus_Thioglobus_singularis_WP_053820232.1                                            3.15%    failed      0.60%
  18  Bacteria-Proteobacteria-Gammaproteobacteria-NA-NA-gamma_proteobacterium_L18_WP_027981575.1                                                   3.15%    passed     90.22%
  19  Eukaryota-Acytosteliales-Acytosteliales-Acytosteliales-Acytosteliaceae-Acytostelium_subglobosum_XP_012749367.1                               2.87%    passed     71.45%
  20  Eukaryota-Acytosteliales-Acytosteliales-Acytosteliales-Acytosteliaceae-Heterostelium_album_XP_020435416.1                                    2.87%    passed     16.44%
  21  Eukaryota-Acytosteliales-Acytosteliales-Acytosteliales-Cavenderiaceae-Cavenderia_fasciculata_XP_004366124.1                                  2.87%    passed     79.50%
  22  Eukaryota-Alveolata-Dinophyceae-NA-Unranked-Azadinium_spinosum_MMETSP1038_c117561_g1_i1.p1                                                  35.24%    passed     51.95%
  23  Eukaryota-Alveolata-Dinophyceae-NA-Unranked-Glenodinium_foliaceum_MMETSP0119_c19937_g1_i1.p1                                                 3.44%    failed      0.00%
  24  Eukaryota-Alveolata-Dinophyceae-NA-Unranked-Heterocapsa_triquestra_MMETSP0448_c87466_g1_i1.p3                                               56.45%    passed      7.57%
  25  Eukaryota-Alveolata-Dinophyceae-NA-Unranked-Symbiodinium_sp_MMETSP1110_c6979_g1_i1.p1                                                        2.58%    passed     81.35%
  26  Eukaryota-Amoebozoa-NA-NA-Paramoebidae-Filamoeba_nolandi_MMETSP0413_c6529_g1_i1.p1                                                           2.87%    passed     64.98%
  27  Eukaryota-Amoebozoa-NA-NA-Paramoebidae-Mayorella_sp_MMETSP0417_c12229_g1_i1.p1                                                               2.87%    passed     97.12%
  28  Eukaryota-Amoebozoa-NA-NA-Paramoebidae-Sexangularia_sp_MMETSP0437_c985_g1_i1.p1                                                              2.58%    passed     30.29%
  29  Eukaryota-Amoebozoa-NA-NA-Paramoebidae-Stygamoeba_regulata_MMETSP0447_c2669_g1_i1.p1                                                         2.87%    passed     98.06%
  30  Eukaryota-Apicomplexa-NA-Unranked-NA-Alveolata_sp_MMETSP0288_c30043_g2_i1.p1                                                                 4.58%    passed     66.97%
  31  Eukaryota-Apusomonadidae-NA-NA-NA-Thecamonas_trahens_XP_013760245.1                                                                          2.58%    passed     13.75%
  32  Eukaryota-Arthropoda-Insecta-Coleoptera-Curculionidae-Dendroctonus_ponderosae_XP_019763586.1                                                 3.15%    passed     78.32%
  33  Eukaryota-Arthropoda-Insecta-Diptera-Drosophilidae-Drosophila_serrata_XP_020804197.1                                                         3.15%    passed     23.12%
  34  Eukaryota-Arthropoda-Insecta-Lepidoptera-Plutellidae-Plutella_xylostella_XP_011567138.1                                                      3.15%    passed     60.23%
  35  Eukaryota-Arthropoda-Malacostraca-Amphipoda-Hyalellidae-Hyalella_azteca_XP_018007127.1                                                       3.15%    failed      0.00%
  36  Eukaryota-Ascomycota-Eurotiomycetes-Chaetothyriales-Herpotrichiellaceae-Phialophora_attae_XP_018004700.1                                     2.29%    passed     39.72%
  37  Eukaryota-Ascomycota-Eurotiomycetes-Eurotiales-Aspergillaceae-Aspergillus_heteromorphus_XP_025397497.1                                       2.87%    passed     23.70%
  38  Eukaryota-Ascomycota-Eurotiomycetes-Eurotiales-Aspergillaceae-Penicillium_rubens_XP_002561427.1                                              2.58%    passed     77.07%
  39  Eukaryota-Ascomycota-Schizosaccharomycetes-Schizosaccharomycetales-Schizosaccharomycetaceae-Schizosaccharomyces_cryophilus_XP_013025258.1    2.58%    passed     83.58%
  40  Eukaryota-Basidiomycota-Agaricomycetes-Agaricales-Agaricaceae-Agaricus_bisporus_XP_006457906.1                                               2.58%    passed     58.15%
  41  Eukaryota-Basidiomycota-Agaricomycetes-Boletales-Coniophoraceae-Coniophora_puteana_XP_007764602.1                                            2.58%    passed     99.14%
  42  Eukaryota-Basidiomycota-Agaricomycetes-Gloeophyllales-Gloeophyllaceae-Gloeophyllum_trabeum_XP_007863504.1                                    2.58%    passed     92.99%
  43  Eukaryota-Basidiomycota-Exobasidiomycetes-Georgefischeriales-Tilletiariaceae-Tilletiaria_anomala_XP_013240908.1                              2.58%    passed     34.71%
  44  Eukaryota-Brachiopoda-Lingulata-Lingulida-Lingulidae-Lingula_anatina_XP_013399079.1                                                          2.87%    passed     39.14%
  45  Eukaryota-Cercozoa-Chlorarachniophyceae-NA-NA-Bigelowiella_natans_MMETSP1054_c1384_g1_i1.p1                                                 20.92%    passed     91.56%
  46  Eukaryota-Cercozoa-Chlorarachniophyceae-NA-NA-Chlorarachnion_reptans_MMETSP0109_c2505_g1_i1.p1                                               2.87%    passed     80.25%
  47  Eukaryota-Cercozoa-Chlorarachniophyceae-NA-NA-Gymnochlora_sp_MMETSP0110_c7513_g1_i1.p1                                                       2.87%    passed     86.63%
  48  Eukaryota-Cercozoa-Chlorarachniophyceae-NA-NA-Partenskyella_glossopodia_MMETSP1318_c21891_g1_i1.p1                                          12.89%    passed     81.70%
  49  Eukaryota-Chlorophyta-Chlorophyceae-Chlamydomonadales-Chlamydomonadaceae-Polytomella_parva_MMETSP0052_c33004_g1_i1.p1                        2.87%    passed     98.32%
  50  Eukaryota-Chlorophyta-Chlorophyceae-Chlamydomonadales-Volvocaceae-Volvox_carteri_XP_002954698.1                                              2.87%    passed     95.40%
  51  Eukaryota-Chlorophyta-NA-NA-NA-Crustomastix_stigmata_MMETSP0803_c6862_g1_i1.p1                                                               2.87%    failed      0.92%
  52  Eukaryota-Chlorophyta-NA-NA-Pycnococcaceae-Pycnococcus_provasolii_MMETSP1459_c10578_g1_i1.p1                                                 2.29%    passed     17.96%
  53  Eukaryota-Choanoflagellata-Choanoflagellata-Choanoflagellata-NA-Acanthoeca_sp_MMETSP0105_c10747_g1_i1.p1                                     2.58%    passed     57.37%
  54  Eukaryota-Choanoflagellata-Choanoflagellata-Choanoflagellata-Salpingoecidae-Salpingoeca_rosetta_XP_004993077.1                               3.15%    passed     75.03%
  55  Eukaryota-Chordata-Actinopteri-Cyprinodontiformes-Fundulidae-Fundulus_heteroclitus_XP_012718787.1                                            2.87%    passed     65.44%
  56  Eukaryota-Chordata-Actinopteri-Cyprinodontiformes-Poeciliidae-Poecilia_formosa_XP_007563211.1                                                2.87%    passed     62.26%
  57  Eukaryota-Chordata-Actinopteri-NA-Sciaenidae-Larimichthys_crocea_XP_027134159.1                                                              2.87%    passed     78.82%
  58  Eukaryota-Chordata-Actinopteri-Synbranchiformes-Mastacembelidae-Mastacembelus_armatus_XP_026178215.1                                         3.44%    passed     54.96%
  59  Eukaryota-Chytridiomycota-Chytridiomycetes-Rhizophydiales-NA-Batrachochytrium_dendrobatidis_jgi8571                                          2.58%    passed     84.78%
  60  Eukaryota-Chytridiomycota-Chytridiomycetes-Spizellomycetales-Spizellomycetaceae-Spizellomyces_punctatus_XP_016613036.1                       2.58%    passed     28.04%
  61  Eukaryota-Ciliophora-NA-Unranked-NA-Litonotus_pictus_MMETSP0209_c9935_g1_i1.p1                                                               3.15%    passed      5.20%
  62  Eukaryota-Ciliophora-NA-Unranked-NA-Myrionecta_rubra_MMETSP0798_c47968_g1_i1.p1                                                             28.08%    passed     60.99%
  63  Eukaryota-Ciliophora-NA-Unranked-NA-Tiarina_fusus_MMETSP0472_c31764_g1_i1.p1                                                                 5.16%    passed     28.29%
  64  Eukaryota-Ciliophora-Oligohymenophorea-Hymenostomatida-Tetrahymenidae-Tetrahymena_thermophila_XP_001027395.2                                 3.15%    passed     22.33%
  65  Eukaryota-Cnidaria-Anthozoa-Actiniaria-Aiptasiidae-Exaiptasia_pallida_XP_020907050.1                                                        10.60%    passed     64.57%
  66  Eukaryota-Cnidaria-Anthozoa-Actiniaria-Edwardsiidae-Nematostella_vectensis_XP_001630802.1                                                    2.87%    passed     32.61%
  67  Eukaryota-Cnidaria-Anthozoa-Scleractinia-Pocilloporidae-Pocillopora_damicornis_XP_027052628.1                                                7.74%    passed     13.68%
  68  Eukaryota-Cnidaria-Anthozoa-Scleractinia-Pocilloporidae-Stylophora_pistillata_XP_022796869.1                                                 2.87%    passed     37.97%
  69  Eukaryota-Cryptophyta-NA-Cryptomonadales-Hemiselmidaceae-Hemiselmis_virescens_MMETSP1356_c4135_g1_i1.p1                                      2.87%    passed     58.26%
  70  Eukaryota-Cryptophyta-NA-Goniomondales-NA-Goniomonas_pacifica_MMETSP0108_c53497_g1_i1.p1                                                    42.12%    passed     83.47%
  71  Eukaryota-Cryptophyta-NA-Pyrenomonadales-Geminigeraceae-Proteomonas_sulcata_MMETSP1049_c32054_g1_i1.p1                                      10.32%    passed     51.37%
  72  Eukaryota-Cryptophyta-NA-Pyrenomonadales-Pyrenomonadaceae-Rhodomonas_lens_MMETSP0484_c54545_g1_i1.p2                                         2.87%    passed     72.45%
  73  Eukaryota-Dictyosteliales-Dictyosteliales-Dictyosteliales-Dictyosteliaceae-Dictyostelium_discoideum_XP_642478.1                              2.87%    failed      4.17%
  74  Eukaryota-Echinodermata-Asteroidea-Valvatida-Acanthasteridae-Acanthaster_planci_XP_022106133.1                                               7.16%    passed     69.84%
  75  Eukaryota-Echinodermata-Echinoidea-Echinoida-Strongylocentrotidae-Strongylocentrotus_purpuratus_XP_003727405.1                               2.87%    passed     76.79%
  76  Eukaryota-Entamoebidae-NA-NA-NA-Entamoeba_invadens_XP_004257128.1                                                                            4.01%    passed     12.21%
  77  Eukaryota-Euglenida-NA-Eutreptiales-NA-Eutreptiella_gymnastica_MMETSP0039_c2972_g1_i1.p1                                                    36.68%    passed     96.28%
  78  Eukaryota-Glaucophyta-Glaucophyta-Gloeochaetales-Gloeochaetaceae-Gloeochaete_witrockiana_MMETSP0308_c11924_g1_i1.p1                          2.87%    passed     85.96%
  79  Eukaryota-Haptophyta-NA-Prymnesiales-NA-Calcidiscus_leptoporus_MMETSP1334_c8206_g1_i2.p1                                                     3.15%    passed     46.16%
  80  Eukaryota-Haptophyta-NA-Prymnesiales-NA-Chrysochromulina_polylepis_MMETSP0147_c27808_g1_i1.p1                                               38.97%    failed      2.48%
  81  Eukaryota-Haptophyta-NA-Prymnesiales-NA-Coccolithus_pelagicussspbraarudi_MMETSP0164_c45160_g1_i1.p1                                          3.15%    passed     30.63%
  82  Eukaryota-Haptophyta-NA-Prymnesiales-NA-Imantonia_sp_MMETSP1474_c13975_g1_i1.p1                                                             26.36%    passed     87.90%
  83  Eukaryota-Heterolobosea-NA-NA-NA-Percolomonas_cosmopolitus_MMETSP0758_c8686_g1_i1.p1                                                         2.58%    passed     50.25%
  84  Eukaryota-Heterolobosea-NA-NA-Vahlkampfiidae-Naegleria_gruberi_jgi78946                                                                      2.87%    failed      1.62%
  85  Eukaryota-Kinetoplastida-Kinetoplastida-Kinetoplastida-Trypanosomatidae-Leishmania_braziliensis_XP_001566436.1                               3.44%    passed     84.79%
  86  Eukaryota-Kinetoplastida-Kinetoplastida-Kinetoplastida-Trypanosomatidae-Leptomonas_pyrrhocoris_XP_015658857.1                                3.44%    passed     91.04%
  87  Eukaryota-Kinetoplastida-Kinetoplastida-Kinetoplastida-Trypanosomatidae-Trypanosoma_brucei_XP_011773762.1                                    3.44%    passed      5.32%
  88  Eukaryota-Longamoebia-Longamoebia-Longamoebia-Acanthamoebidae-Acanthamoeba_castellanii_XP_004356712.1                                        2.87%    passed     65.03%
  89  Eukaryota-Mesomycetozoea-Ichthyosporea-Ichthyophonida-NA-Sphaeroforma_arctica_XP_014156185.1                                                 2.87%    passed     91.65%
  90  Eukaryota-Mesomycetozoea-Ichthyosporea-NA-NA-Capsaspora_owczarzaki_XP_004348612.2                                                            2.87%    passed     71.58%
  91  Eukaryota-Mollusca-Bivalvia-Ostreoida-Ostreidae-Crassostrea_virginica_XP_022341162.1                                                         2.58%    passed     56.86%
  92  Eukaryota-Mollusca-Bivalvia-Pectinoida-Pectinidae-Mizuhopecten_yessoensis_XP_021362507.1                                                    21.49%    passed     76.22%
  93  Eukaryota-Mollusca-Gastropoda-Aplysiida-Aplysiidae-Aplysia_californica_XP_005092676.2                                                        3.44%    passed     56.22%
  94  Eukaryota-Mollusca-Gastropoda-NA-Lottiidae-Lottia_gigantea_jgi113990                                                                         2.87%    failed      4.58%
  95  Eukaryota-Mucorales-Mucoraceae-Undefined-Undefined-Mucor_circinelloides_jgi37008                                                             2.87%    passed     67.53%
  96  Eukaryota-Mucoromycota-Glomeromycetes-Glomerales-Glomeraceae-Rhizophagus_irregularis_XP_025188741.1                                          2.87%    failed      0.07%
  97  Eukaryota-Mucoromycota-Mortierellomycetes-Mortierellales-Mortierellaceae-Lobosporangium_transversale_XP_021875626.1                          2.87%    passed     63.37%
  98  Eukaryota-Mucoromycota-Mucoromycetes-Mucorales-Phycomycetaceae-Phycomyces_blakesleeanus_jgi39670                                             2.87%    passed     91.13%
  99  Eukaryota-Mucoromycota-Mucoromycetes-Mucorales-Rhizopodaceae-Rhizopus_microsporus_XP_023470590.1                                             8.60%    passed     93.01%
 100  Eukaryota-Palpitomonas-NA-NA-NA-Palpitomonas_bilix_MMETSP0780_c12063_g1_i2.p1                                                                2.58%    passed     73.59%
 101  Eukaryota-Placozoa-NA-NA-Trichoplacidae-Trichoplax_adhaerens_XP_002109894.1                                                                  2.87%    failed      1.85%
 102  Eukaryota-Priapulida-Priapulimorpha-Priapulimorphida-Priapulidae-Priapulus_caudatus_XP_014679178.1                                           8.02%    passed     99.87%
 103  Eukaryota-Retaria-NA-NA-NA-Ammonia_sp_MMETSP1384_c35500_g1_i1.p1                                                                            37.82%    passed     28.22%
 104  Eukaryota-Retaria-NA-NA-NA-Sorites_sp_MMETSP0191_c29028_g1_i1.p1                                                                             9.17%    passed     59.71%
 105  Eukaryota-Stramenopiles-Coscinodiscophyceae-Chaetocerotales-Chaetocerotaceae-Chaetoceros_sp_MMETSP1429_c1193_g1_i1.p1                       46.99%    passed     49.54%
 106  Eukaryota-Stramenopiles-Coscinodiscophyceae-Thalassiosirales-Thalassiosiraceae-Thalassiosira_miniscula_MMETSP0738_c6220_g1_i1.p1            39.26%    passed     32.32%
 107  Eukaryota-Stramenopiles-NA-NA-NA-Amphiprora_sp_MMETSP0724_c24775_g1_i1.p1                                                                    3.15%    passed     86.29%
 108  Eukaryota-Stramenopiles-Raphidophyceae-Chattonellales-Chattonellaceae-Heterosigma_akashiwo_MMETSP0411_c6637_g1_i1.p2                        17.77%    failed      0.00%
 109  Eukaryota-Streptophyta-Bryopsida-Funariales-Funariaceae-Physcomitrella_patens_XP_024363344.1                                                 3.15%    passed     34.53%
 110  Eukaryota-Streptophyta-NA-Fabales-Fabaceae-Cajanus_cajan_XP_020209583.1                                                                     20.63%    passed     42.95%
 111  Eukaryota-Streptophyta-NA-Fagales-Fagaceae-Quercus_suber_XP_023910442.1                                                                      2.58%    passed     82.69%
 112  Eukaryota-Streptophyta-NA-Rosales-Rhamnaceae-Ziziphus_jujuba_XP_015901455.1                                                                  3.15%    passed     78.71%
 113  Eukaryota-Trichomonadida-Trichomonadida-Trichomonadida-Trichomonadidae-Trichomonas_vaginalis_XP_001312929.1                                  2.87%    passed     85.93%
 114  MSTRG.9046.t1.1.p1                                                                                                                          48.71%    passed      8.78%
WARNING: 1 sequences contain more than 50% gaps/ambiguity
****  TOTAL                                                                                                                                        7.61%  17 sequences failed composition chi2 test (p-value<5%; df=19)


Create initial parsimony tree by phylogenetic likelihood library (PLL)... 0.037 seconds
NOTE: ModelFinder requires 68 MB RAM!
ModelFinder will test 546 protein models (sample size: 349) ...
 No. Model         -LnL         df  AIC          AICc         BIC
Measuring multi-threading efficiency up to 2 CPU cores
Increase to 10 rounds for branch lengths
3 trees examined
Threads: 1 / Time: 3.931 sec / Speedup: 1.000 / Efficiency: 100% / LogL: -67363
Threads: 2 / Time: 2.567 sec / Speedup: 1.531 / Efficiency: 77% / LogL: -67363
BEST NUMBER OF THREADS: 2

  1  Dayhoff       50452.552    225 101355.104   102181.933   102222.495
  2  Dayhoff+I     50250.503    226 100953.006   101794.022   101824.252
  3  Dayhoff+G4    47896.680    226 96245.359    97086.376    97116.606
  4  Dayhoff+I+G4  47880.274    227 96214.548    97070.020    97089.650
  5  Dayhoff+R2    48475.507    227 97405.014    98260.485    98280.115
  6  Dayhoff+R3    48021.269    229 96500.539    97385.749    97383.350
  7  Dayhoff+R4    47869.881    231 96201.761    97117.864    97092.283
  8  Dayhoff+R5    47818.600    233 96103.201    97051.410    97001.433
  9  Dayhoff+R6    47786.037    235 96042.074    97023.667    96948.016
 10  Dayhoff+R7    47776.822    237 96027.643    97043.968    96941.295
 11  Dayhoff+R8    47773.264    239 96024.528    97077.005    96945.890
 14  Dayhoff+F     50447.861    244 101383.722   102533.338   102324.360
 15  Dayhoff+F+I   50253.423    245 100996.845   102167.137   101941.338
 16  Dayhoff+F+G4  47872.260    245 96234.520    97404.811    97179.012
 17  Dayhoff+F+I+G4 47855.430    246 96202.860    97394.272    97151.207
 18  Dayhoff+F+R2  48482.433    246 97456.867    98648.279    98405.215
 19  Dayhoff+F+R3  48000.189    248 96496.378    97731.418    97452.435
 20  Dayhoff+F+R4  47851.696    250 96203.393    97484.005    97167.161
 21  Dayhoff+F+R5  47799.308    252 96102.616    97430.866    97074.094
 22  Dayhoff+F+R6  47761.257    254 96030.514    97408.599    97009.702
 23  Dayhoff+F+R7  47755.989    256 96023.979    97454.240    97010.877
 27  mtMAM         56700.920    225 113851.841   114678.670   114719.232
 28  mtMAM+I       56480.501    226 113413.003   114254.019   114284.249
 29  mtMAM+G4      50966.278    226 102384.557   103225.573   103255.803
 30  mtMAM+I+G4    50962.385    227 102378.769   103234.241   103253.871
 31  mtMAM+R2      52031.374    227 104516.748   105372.219   105391.849
 32  mtMAM+R3      51279.333    229 103016.667   103901.877   103899.478
 33  mtMAM+R4      51055.532    231 102573.064   103489.166   103463.585
 34  mtMAM+R5      50932.983    233 102331.966   103280.175   103230.198
 35  mtMAM+R6      50777.737    235 102025.474   103007.067   102931.416
 36  mtMAM+R7      50767.334    237 102008.668   103024.993   102922.320
 37  mtMAM+R8      50757.841    239 101993.682   103046.159   102915.044
 38  mtMAM+R9      50742.559    241 101967.119   103057.250   102896.191
 39  mtMAM+R10     50734.328    243 101954.657   103084.028   102891.439
 40  mtMAM+F       53962.974    244 108413.949   109563.564   109354.586
 41  mtMAM+F+I     53732.406    245 107954.812   109125.103   108899.305
 42  mtMAM+F+G4    49344.393    245 99178.787    100349.078   100123.279
 43  mtMAM+F+I+G4  49314.853    246 99121.707    100313.118   100070.054
 44  mtMAM+F+R2    50213.902    246 100919.805   102111.216   101868.152
 45  mtMAM+F+R3    49584.942    248 99665.884    100900.924   100621.942
 46  mtMAM+F+R4    49385.658    250 99271.315    100551.928   100235.083
 47  mtMAM+F+R5    49274.876    252 99053.753    100382.003   100025.231
 48  mtMAM+F+R6    49165.721    254 98839.443    100217.528   99818.631
 49  mtMAM+F+R7    49159.925    256 98831.849    100262.110   99818.748
 53  JTT           50148.465    225 100746.930   101573.760   101614.322
 54  JTT+I         49930.612    226 100313.224   101154.240   101184.470
 55  JTT+G4        47580.829    226 95613.658    96454.675    96484.905
 56  JTT+I+G4      47559.582    227 95573.165    96428.636    96448.266
 57  JTT+R2        48165.368    227 96784.735    97640.206    97659.837
 58  JTT+R3        47686.058    229 95830.116    96715.326    96712.928
 59  JTT+R4        47553.111    231 95568.221    96484.324    96458.743
 60  JTT+R5        47498.916    233 95463.831    96412.040    96362.063
 61  JTT+R6        47466.256    235 95402.512    96384.105    96308.454
 62  JTT+R7        47464.565    237 95403.130    96419.455    96316.782
 66  JTT+F         50192.572    244 100873.144   102022.759   101813.781
 67  JTT+F+I       49984.024    245 100458.047   101628.339   101402.540
 68  JTT+F+G4      47590.619    245 95671.239    96841.530    96615.731
 69  JTT+F+I+G4    47569.318    246 95630.636    96822.048    96578.984
 70  JTT+F+R2      48182.117    246 96856.235    98047.646    97804.582
 71  JTT+F+R3      47698.460    248 95892.920    97127.960    96848.978
 72  JTT+F+R4      47559.607    250 95619.213    96899.826    96582.981
 73  JTT+F+R5      47503.771    252 95511.542    96839.792    96483.020
 74  JTT+F+R6      47476.548    254 95461.097    96839.182    96440.285
 75  JTT+F+R7      47474.201    256 95460.402    96890.663    96447.301
 79  WAG           49214.025    225 98878.051    99704.880    99745.442
 80  WAG+I         49033.659    226 98519.318    99360.334    99390.564
 81  WAG+G4        47123.140    226 94698.280    95539.296    95569.526
 82  WAG+I+G4      47104.037    227 94662.075    95517.546    95537.176
 83  WAG+R2        47551.441    227 95556.882    96412.353    96431.983
 84  WAG+R3        47179.830    229 94817.659    95702.869    95700.471
 85  WAG+R4        47072.825    231 94607.650    95523.752    95498.171
 86  WAG+R5        47031.126    233 94528.252    95476.461    95426.484
 87  WAG+R6        47013.251    235 94496.502    95478.095    95402.444
 88  WAG+R7        47012.509    237 94499.018    95515.343    95412.670
 92  WAG+F         49111.583    244 98711.165    99860.781    99651.803
 93  WAG+F+I       48938.353    245 98366.706    99536.997    99311.198
 94  WAG+F+G4      47013.115    245 94516.231    95686.522    95460.723
 95  WAG+F+I+G4    46998.341    246 94488.681    95680.093    95437.029
 96  WAG+F+R2      47456.490    246 95404.980    96596.392    96353.328
 97  WAG+F+R3      47069.023    248 94634.046    95869.086    95590.104
 98  WAG+F+R4      46971.813    250 94443.626    95724.238    95407.394
 99  WAG+F+R5      46932.293    252 94368.585    95696.835    95340.063
100  WAG+F+R6      46914.115    254 94336.229    95714.315    95315.418
101  WAG+F+R7      46911.497    256 94334.995    95765.256    95321.893
105  cpREV         49580.049    225 99610.098    100436.928   100477.490
106  cpREV+I       49393.574    226 99239.149    100080.165   100110.395
107  cpREV+G4      47529.175    226 95510.349    96351.366    96381.596
108  cpREV+I+G4    47510.623    227 95475.246    96330.717    96350.347
109  cpREV+R2      47969.842    227 96393.684    97249.155    97268.785
110  cpREV+R3      47619.127    229 95696.255    96581.465    96579.066
111  cpREV+R4      47487.110    231 95436.220    96352.323    96326.742
112  cpREV+R5      47455.961    233 95377.922    96326.131    96276.154
113  cpREV+R6      47432.264    235 95334.528    96316.121    96240.470
114  cpREV+R7      47426.005    237 95326.010    96342.334    96239.662
115  cpREV+R8      47425.870    239 95329.739    96382.216    96251.101
118  cpREV+F       49286.924    244 99061.848    100211.463   100002.486
119  cpREV+F+I     49105.395    245 98700.791    99871.082    99645.284
120  cpREV+F+G4    47239.184    245 94968.369    96138.660    95912.861
121  cpREV+F+I+G4  47221.775    246 94935.549    96126.961    95883.897
122  cpREV+F+R2    47682.267    246 95856.535    97047.946    96804.882
123  cpREV+F+R3    47326.228    248 95148.457    96383.497    96104.515
124  cpREV+F+R4    47192.915    250 94885.829    96166.441    95849.597
125  cpREV+F+R5    47161.964    252 94827.928    96156.178    95799.406
126  cpREV+F+R6    47138.656    254 94785.312    96163.397    95764.500
127  cpREV+F+R7    47127.329    256 94766.659    96196.920    95753.557
128  cpREV+F+R8    47127.203    258 94770.406    96255.339    95765.015
131  mtREV         53545.680    225 107541.361   108368.190   108408.752
132  mtREV+I       53343.856    226 107139.712   107980.729   108010.959
133  mtREV+G4      49772.460    226 99996.920    100837.936   100868.166
134  mtREV+I+G4    49755.852    227 99965.704    100821.175   100840.805
135  mtREV+R2      50469.059    227 101392.118   102247.589   102267.219
136  mtREV+R3      49941.094    229 100340.188   101225.398   101223.000
137  mtREV+R4      49772.392    231 100006.784   100922.887   100897.306
138  mtREV+R5      49685.650    233 99837.299    100785.508   100735.531
139  mtREV+R6      49658.001    235 99786.003    100767.596   100691.945
140  mtREV+R7      49637.822    237 99749.643    100765.968   100663.295
141  mtREV+R8      49637.524    239 99753.047    100805.524   100674.410
144  mtREV+F       51206.214    244 102900.429   104050.044   103841.066
145  mtREV+F+I     50998.193    245 102486.386   103656.677   103430.879
146  mtREV+F+G4    47980.382    245 96450.764    97621.056    97395.257
147  mtREV+F+I+G4  47963.556    246 96419.111    97610.523    97367.459
148  mtREV+F+R2    48689.342    246 97870.683    99062.095    98819.031
149  mtREV+F+R3    48145.379    248 96786.759    98021.799    97742.817
150  mtREV+F+R4    47966.208    250 96432.416    97713.028    97396.184
151  mtREV+F+R5    47893.954    252 96291.908    97620.158    97263.386
152  mtREV+F+R6    47877.844    254 96263.688    97641.773    97242.876
153  mtREV+F+R7    47864.904    256 96241.808    97672.069    97228.707
154  mtREV+F+R8    47864.779    258 96245.559    97730.492    97240.168
157  rtREV         49731.881    225 99913.763    100740.592   100781.154
158  rtREV+I       49530.696    226 99513.392    100354.408   100384.638
159  rtREV+G4      47251.687    226 94955.373    95796.390    95826.619
160  rtREV+I+G4    47237.187    227 94928.374    95783.845    95803.475
161  rtREV+R2      47827.279    227 96108.557    96964.028    96983.659
162  rtREV+R3      47350.233    229 95158.467    96043.677    96041.278
163  rtREV+R4      47229.416    231 94920.832    95836.934    95811.353
164  rtREV+R5      47174.369    233 94814.738    95762.947    95712.970
165  rtREV+R6      47153.277    235 94776.554    95758.147    95682.496
166  rtREV+R7      47147.435    237 94768.870    95785.194    95682.522
170  rtREV+F       49524.142    244 99536.285    100685.900   100476.922
171  rtREV+F+I     49316.775    245 99123.551    100293.842   100068.044
172  rtREV+F+G4    46910.755    245 94311.510    95481.802    95256.003
173  rtREV+F+I+G4  46896.465    246 94284.931    95476.342    95233.278
174  rtREV+F+R2    47520.292    246 95532.585    96723.997    96480.933
175  rtREV+F+R3    47015.071    248 94526.142    95761.182    95482.200
176  rtREV+F+R4    46893.622    250 94287.243    95567.856    95251.011
177  rtREV+F+R5    46834.209    252 94172.417    95500.667    95143.895
178  rtREV+F+R6    46814.752    254 94137.503    95515.588    95116.691
179  rtREV+F+R7    46809.606    256 94131.212    95561.473    95118.111
183  mtART         55358.922    225 111167.844   111994.673   112035.235
184  mtART+I       55116.830    226 110685.660   111526.676   111556.906
185  mtART+G4      50175.697    226 100803.394   101644.410   101674.640
186  mtART+I+G4    50167.290    227 100788.579   101644.050   101663.680
187  mtART+R2      51006.562    227 102467.125   103322.596   103342.226
188  mtART+R3      50426.547    229 101311.093   102196.303   102193.905
189  mtART+R4      50249.200    231 100960.400   101876.502   101850.921
190  mtART+R5      50108.964    233 100683.927   101632.136   101582.159
191  mtART+R6      50003.329    235 100476.658   101458.251   101382.600
192  mtART+R7      49983.035    237 100440.070   101456.394   101353.722
193  mtART+R8      49983.034    239 100444.068   101496.545   101365.430
196  mtART+F       52665.689    244 105819.378   106968.994   106760.016
197  mtART+F+I     52440.432    245 105370.864   106541.155   106315.356
198  mtART+F+G4    48371.935    245 97233.871    98404.162    98178.363
199  mtART+F+I+G4  48366.533    246 97225.066    98416.478    98173.414
200  mtART+F+R2    49118.134    246 98728.268    99919.680    99676.616
201  mtART+F+R3    48623.982    248 97743.963    98979.003    98700.021
202  mtART+F+R4    48434.635    250 97369.269    98649.881    98333.037
203  mtART+F+R5    48333.463    252 97170.926    98499.176    98142.404
204  mtART+F+R6    48217.484    254 96942.967    98321.053    97922.156
205  mtART+F+R7    48206.451    256 96924.903    98355.163    97911.801
206  mtART+F+R8    48206.404    258 96928.809    98413.742    97923.417
209  mtZOA         53245.900    225 106941.800   107768.630   107809.192
210  mtZOA+I       53011.412    226 106474.824   107315.841   107346.070
211  mtZOA+G4      48765.570    226 97983.141    98824.157    98854.387
212  mtZOA+I+G4    48757.565    227 97969.130    98824.601    98844.231
213  mtZOA+R2      49462.911    227 99379.822    100235.293   100254.924
214  mtZOA+R3      48975.376    229 98408.752    99293.963    99291.564
215  mtZOA+R4      48829.851    231 98121.703    99037.805    99012.224
216  mtZOA+R5      48705.256    233 97876.512    98824.720    98774.743
217  mtZOA+R6      48616.359    235 97702.717    98684.310    98608.659
218  mtZOA+R7      48605.749    237 97685.498    98701.822    98599.150
219  mtZOA+R8      48605.673    239 97689.347    98741.824    98610.709
222  mtZOA+F       51410.875    244 103309.750   104459.365   104250.387
223  mtZOA+F+I     51181.696    245 102853.391   104023.683   103797.884
224  mtZOA+F+G4    47746.084    245 95982.168    97152.459    96926.660
225  mtZOA+F+I+G4  47735.898    246 95963.797    97155.208    96912.144
226  mtZOA+F+R2    48470.147    246 97432.294    98623.706    98380.642
227  mtZOA+F+R3    47930.726    248 96357.453    97592.493    97313.511
228  mtZOA+F+R4    47771.288    250 96042.576    97323.188    97006.344
229  mtZOA+F+R5    47676.755    252 95857.511    97185.761    96828.989
230  mtZOA+F+R6    47607.611    254 95723.221    97101.307    96702.410
231  mtZOA+F+R7    47595.470    256 95702.941    97133.202    96689.839
232  mtZOA+F+R8    47595.470    258 95706.939    97191.873    96701.548
235  VT            49441.898    225 99333.797    100160.626   100201.188
236  VT+I          49238.705    226 98929.410    99770.426    99800.656
237  VT+G4         47292.679    226 95037.359    95878.375    95908.605
238  VT+I+G4       47272.826    227 94999.652    95855.123    95874.753
239  VT+R2         47748.766    227 95951.532    96807.003    96826.633
240  VT+R3         47361.535    229 95181.070    96066.280    96063.881
241  VT+R4         47250.753    231 94963.505    95879.608    95854.027
242  VT+R5         47212.348    233 94890.695    95838.904    95788.927
243  VT+R6         47192.437    235 94854.874    95836.467    95760.816
244  VT+R7         47190.741    237 94855.482    95871.807    95769.134
248  VT+F          49380.259    244 99248.518    100398.133   100189.155
249  VT+F+I        49184.646    245 98859.292    100029.583   99803.785
250  VT+F+G4       47214.585    245 94919.171    96089.462    95863.663
251  VT+F+I+G4     47197.737    246 94887.475    96078.887    95835.822
252  VT+F+R2       47684.670    246 95861.339    97052.751    96809.687
253  VT+F+R3       47284.404    248 95064.808    96299.848    96020.866
254  VT+F+R4       47179.191    250 94858.382    96138.994    95822.150
255  VT+F+R5       47141.174    252 94786.348    96114.598    95757.827
256  VT+F+R6       47121.072    254 94750.144    96128.229    95729.332
257  VT+F+R7       47119.146    256 94750.293    96180.553    95737.191
261  LG            49289.917    225 99029.834    99856.663    99897.225
262  LG+I          49079.272    226 98610.544    99451.560    99481.790
263  LG+G4         46751.111    226 93954.223    94795.239    94825.469
264  LG+I+G4       46735.147    227 93924.295    94779.766    94799.396
265  LG+R2         47327.931    227 95109.862    95965.333    95984.963
266  LG+R3         46853.855    229 94165.710    95050.920    95048.521
267  LG+R4         46727.658    231 93917.317    94833.419    94807.838
268  LG+R5         46669.481    233 93804.963    94753.171    94703.194
269  LG+R6         46645.535    235 93761.070    94742.663    94667.012
270  LG+R7         46640.867    237 93755.735    94772.059    94669.387
274  LG+F          49300.677    244 99089.354    100238.970   100029.992
275  LG+F+I        49097.941    245 98685.882    99856.173    99630.374
276  LG+F+G4       46705.745    245 93901.491    95071.782    94845.983
277  LG+F+I+G4     46691.489    246 93874.979    95066.390    94823.326
278  LG+F+R2       47289.517    246 95071.033    96262.445    96019.381
279  LG+F+R3       46808.747    248 94113.495    95348.535    95069.552
280  LG+F+R4       46688.276    250 93876.553    95157.165    94840.321
281  LG+F+R5       46625.924    252 93755.848    95084.098    94727.326
282  LG+F+R6       46604.707    254 93717.414    95095.499    94696.602
283  LG+F+R7       46599.894    256 93711.789    95142.050    94698.687
287  DCMut         50450.023    225 101350.046   102176.875   102217.437
288  DCMut+I       50247.935    226 100947.870   101788.887   101819.117
289  DCMut+G4      47898.105    226 96248.210    97089.227    97119.457
290  DCMut+I+G4    47881.638    227 96217.276    97072.747    97092.378
291  DCMut+R2      48483.396    227 97420.792    98276.263    98295.893
292  DCMut+R3      48022.114    229 96502.228    97387.438    97385.040
293  DCMut+R4      47870.045    231 96202.091    97118.193    97092.612
294  DCMut+R5      47818.164    233 96102.328    97050.536    97000.559
295  DCMut+R6      47775.655    235 96021.310    97002.903    96927.252
296  DCMut+R7      47768.236    237 96010.471    97026.796    96924.123
297  DCMut+R8      47768.011    239 96014.022    97066.499    96935.384
300  DCMut+F       50444.758    244 101377.517   102527.132   102318.154
301  DCMut+F+I     50250.258    245 100990.516   102160.808   101935.009
302  DCMut+F+G4    47872.881    245 96235.763    97406.054    97180.255
303  DCMut+F+I+G4  47855.983    246 96203.965    97395.377    97152.313
304  DCMut+F+R2    48482.159    246 97456.319    98647.731    98404.667
305  DCMut+F+R3    47999.982    248 96495.964    97731.004    97452.022
306  DCMut+F+R4    47852.027    250 96204.055    97484.667    97167.823
307  DCMut+F+R5    47797.917    252 96099.835    97428.085    97071.313
308  DCMut+F+R6    47757.592    254 96023.185    97401.270    97002.373
309  DCMut+F+R7    47749.523    256 96011.046    97441.307    96997.945
310  DCMut+F+R8    47749.407    258 96014.815    97499.748    97009.423
313  PMB           49434.423    225 99318.846    100145.676   100186.238
314  PMB+I         49262.472    226 98976.944    99817.960    99848.190
315  PMB+G4        47403.426    226 95258.851    96099.868    96130.097
316  PMB+I+G4      47389.877    227 95233.754    96089.225    96108.855
317  PMB+R2        47844.847    227 96143.693    96999.164    97018.795
318  PMB+R3        47458.921    229 95375.842    96261.052    96258.653
319  PMB+R4        47369.218    231 95200.437    96116.539    96090.958
320  PMB+R5        47328.784    233 95123.568    96071.776    96021.799
321  PMB+R6        47314.033    235 95098.066    96079.659    96004.008
322  PMB+R7        47313.442    237 95100.885    96117.209    96014.537
326  PMB+F         49478.358    244 99444.716    100594.332   100385.354
327  PMB+F+I       49308.381    245 99106.762    100277.053   100051.254
328  PMB+F+G4      47438.126    245 95366.251    96536.543    96310.744
329  PMB+F+I+G4    47425.416    246 95342.833    96534.244    96291.180
330  PMB+F+R2      47882.174    246 96256.348    97447.760    97204.696
331  PMB+F+R3      47493.970    248 95483.940    96718.980    96439.998
332  PMB+F+R4      47404.081    250 95308.163    96588.775    96271.930
333  PMB+F+R5      47364.997    252 95233.993    96562.243    96205.471
334  PMB+F+R6      47349.657    254 95207.313    96585.398    96186.501
335  PMB+F+R7      47348.520    256 95209.040    96639.301    96195.939
339  HIVb          52090.076    225 104630.152   105456.981   105497.543
340  HIVb+I        51830.469    226 104112.938   104953.954   104984.184
341  HIVb+G4       48999.659    226 98451.319    99292.335    99322.565
342  HIVb+I+G4     48968.852    227 98391.704    99247.175    99266.805
343  HIVb+R2       49716.398    227 99886.797    100742.268   100761.898
344  HIVb+R3       49136.160    229 98730.319    99615.529    99613.131
345  HIVb+R4       48960.007    231 98382.015    99298.117    99272.536
346  HIVb+R5       48905.465    233 98276.931    99225.140    99175.163
347  HIVb+R6       48860.678    235 98191.357    99172.950    99097.299
348  HIVb+R7       48857.969    237 98189.937    99206.262    99103.589
352  HIVb+F        52073.303    244 104634.605   105784.220   105575.243
353  HIVb+F+I      51823.756    245 104137.512   105307.803   105082.004
354  HIVb+F+G4     48878.452    245 98246.904    99417.195    99191.396
355  HIVb+F+I+G4   48849.892    246 98191.785    99383.197    99140.132
356  HIVb+F+R2     49603.364    246 99698.728    100890.140   100647.076
357  HIVb+F+R3     49021.829    248 98539.657    99774.697    99495.715
358  HIVb+F+R4     48843.275    250 98186.550    99467.162    99150.318
359  HIVb+F+R5     48787.292    252 98078.584    99406.834    99050.062
360  HIVb+F+R6     48758.390    254 98024.780    99402.865    99003.968
361  HIVb+F+R7     48749.453    256 98010.906    99441.167    98997.804
362  HIVb+F+R8     48744.263    258 98004.527    99489.460    98999.135
365  HIVw          54622.306    225 109694.612   110521.441   110562.003
366  HIVw+I        54371.265    226 109194.529   110035.546   110065.776
367  HIVw+G4       51862.459    226 104176.918   105017.934   105048.164
368  HIVw+I+G4     51834.260    227 104122.519   104977.990   104997.620
369  HIVw+R2       52441.895    227 105337.791   106193.262   106212.892
370  HIVw+R3       51984.874    229 104427.748   105312.958   105310.559
371  HIVw+R4       51822.934    231 104107.868   105023.970   104998.389
372  HIVw+R5       51750.862    233 103967.724   104915.932   104865.955
373  HIVw+R6       51698.481    235 103866.962   104848.555   104772.904
374  HIVw+R7       51693.794    237 103861.587   104877.912   104775.239
378  HIVw+F        53753.740    244 107995.479   109145.095   108936.117
379  HIVw+F+I      53511.829    245 107513.657   108683.949   108458.150
380  HIVw+F+G4     50803.342    245 102096.685   103266.976   103041.177
381  HIVw+F+I+G4   50777.538    246 102047.076   103238.488   102995.424
382  HIVw+F+R2     51431.071    246 103354.142   104545.554   104302.490
383  HIVw+F+R3     50932.945    248 102361.891   103596.931   103317.949
384  HIVw+F+R4     50775.740    250 102051.480   103332.093   103015.248
385  HIVw+F+R5     50716.722    252 101937.444   103265.694   102908.922
386  HIVw+F+R6     50662.982    254 101833.965   103212.050   102813.153
387  HIVw+F+R7     50656.967    256 101825.934   103256.195   102812.833
388  HIVw+F+R8     50652.612    258 101821.224   103306.157   102815.832
391  JTTDCMut      50127.673    225 100705.347   101532.176   101572.738
392  JTTDCMut+I    49912.430    226 100276.861   101117.877   101148.107
393  JTTDCMut+G4   47576.044    226 95604.088    96445.105    96475.334
394  JTTDCMut+I+G4 47555.085    227 95564.170    96419.641    96439.271
395  JTTDCMut+R2   48157.026    227 96768.051    97623.522    97643.152
396  JTTDCMut+R3   47678.467    229 95814.934    96700.144    96697.746
397  JTTDCMut+R4   47546.181    231 95554.361    96470.464    96444.883
398  JTTDCMut+R5   47492.725    233 95451.450    96399.658    96349.681
399  JTTDCMut+R6   47457.051    235 95384.103    96365.696    96290.045
400  JTTDCMut+R7   47456.455    237 95386.910    96403.235    96300.562
404  JTTDCMut+F    50172.295    244 100832.591   101982.206   101773.228
405  JTTDCMut+F+I  49966.257    245 100422.514   101592.806   101367.007
406  JTTDCMut+F+G4 47583.139    245 95656.279    96826.570    96600.771
407  JTTDCMut+F+I+G4 47561.518    246 95615.036    96806.448    96563.384
408  JTTDCMut+F+R2 48170.508    246 96833.016    98024.427    97781.363
409  JTTDCMut+F+R3 47687.970    248 95871.939    97106.979    96827.997
410  JTTDCMut+F+R4 47550.413    250 95600.826    96881.438    96564.594
411  JTTDCMut+F+R5 47494.729    252 95493.458    96821.708    96464.936
412  JTTDCMut+F+R6 47465.488    254 95438.976    96817.061    96418.164
413  JTTDCMut+F+R7 47462.892    256 95437.783    96868.044    96424.682
417  FLU           51573.252    225 103596.504   104423.334   104463.895
418  FLU+I         51381.821    226 103215.643   104056.659   104086.889
419  FLU+G4        49078.700    226 98609.400    99450.416    99480.646
420  FLU+I+G4      49060.273    227 98574.546    99430.017    99449.648
421  FLU+R2        49612.864    227 99679.728    100535.199   100554.829
422  FLU+R3        49186.202    229 98830.403    99715.613    99713.215
423  FLU+R4        49050.822    231 98563.644    99479.746    99454.165
424  FLU+R5        48998.831    233 98463.662    99411.871    99361.894
425  FLU+R6        48970.001    235 98410.002    99391.595    99315.944
426  FLU+R7        48964.202    237 98402.404    99418.728    99316.056
430  FLU+F         51243.295    244 102974.590   104124.206   103915.228
431  FLU+F+I       51065.045    245 102620.090   103790.381   103564.583
432  FLU+F+G4      48673.382    245 97836.765    99007.056    98781.257
433  FLU+F+I+G4    48658.809    246 97809.619    99001.030    98757.966
434  FLU+F+R2      49191.071    246 98874.143    100065.555   99822.490
435  FLU+F+R3      48789.305    248 98074.610    99309.650    99030.668
436  FLU+F+R4      48646.927    250 97793.853    99074.465    98757.621
437  FLU+F+R5      48588.059    252 97680.119    99008.369    98651.597
438  FLU+F+R6      48563.021    254 97634.043    99012.128    98613.231
439  FLU+F+R7      48559.847    256 97631.693    99061.954    98618.592
443  Blosum62      49372.543    225 99195.086    100021.915   100062.477
444  Blosum62+I    49197.991    226 98847.983    99688.999    99719.229
445  Blosum62+G4   47317.838    226 95087.677    95928.693    95958.923
446  Blosum62+I+G4 47303.595    227 95061.190    95916.661    95936.292
447  Blosum62+R2   47757.979    227 95969.958    96825.429    96845.060
448  Blosum62+R3   47387.525    229 95233.049    96118.259    96115.861
449  Blosum62+R4   47283.473    231 95028.946    95945.048    95919.467
450  Blosum62+R5   47252.584    233 94971.169    95919.377    95869.400
451  Blosum62+R6   47237.552    235 94945.103    95926.696    95851.045
452  Blosum62+R7   47235.362    237 94944.725    95961.049    95858.377
456  Blosum62+F    49405.380    244 99298.759    100448.375   100239.397
457  Blosum62+F+I  49231.604    245 98953.209    100123.500   99897.701
458  Blosum62+F+G4 47345.192    245 95180.384    96350.675    96124.877
459  Blosum62+F+I+G4 47331.641    246 95155.281    96346.693    96103.629
460  Blosum62+F+R2 47786.827    246 96065.653    97257.065    97014.001
461  Blosum62+F+R3 47413.345    248 95322.691    96557.731    96278.749
462  Blosum62+F+R4 47310.048    250 95120.096    96400.709    96083.864
463  Blosum62+F+R5 47282.109    252 95068.218    96396.468    96039.696
464  Blosum62+F+R6 47266.105    254 95040.210    96418.295    96019.398
465  Blosum62+F+R7 47263.624    256 95039.247    96469.508    96026.146
469  mtMet         53943.600    225 108337.201   109164.030   109204.592
470  mtMet+I       53717.319    226 107886.638   108727.655   108757.885
471  mtMet+G4      49919.187    226 100290.375   101131.391   101161.621
472  mtMet+I+G4    49906.053    227 100266.106   101121.577   101141.207
473  mtMet+R2      50620.988    227 101695.976   102551.447   102571.077
474  mtMet+R3      50091.483    229 100640.966   101526.177   101523.778
475  mtMet+R4      49928.722    231 100319.444   101235.547   101209.966
476  mtMet+R5      49820.354    233 100106.707   101054.916   101004.939
477  mtMet+R6      49786.568    235 100043.135   101024.728   100949.077
478  mtMet+R7      49774.558    237 100023.116   101039.440   100936.768
479  mtMet+R8      49765.520    239 100009.041   101061.518   100930.403
480  mtMet+R9      49757.895    241 99997.790    101087.921   100926.862
481  mtMet+R10     49754.138    243 99994.275    101123.646   100931.057
482  mtMet+F       51741.017    244 103970.034   105119.650   104910.672
483  mtMet+F+I     51506.041    245 103502.082   104672.373   104446.575
484  mtMet+F+G4    48192.692    245 96875.384    98045.675    97819.877
485  mtMet+F+I+G4  48171.105    246 96834.210    98025.622    97782.558
486  mtMet+F+R2    48947.701    246 98387.403    99578.814    99335.750
487  mtMet+F+R3    48373.645    248 97243.289    98478.329    98199.347
488  mtMet+F+R4    48191.342    250 96882.685    98163.297    97846.452
489  mtMet+F+R5    48092.783    252 96689.566    98017.816    97661.045
490  mtMet+F+R6    48068.522    254 96645.044    98023.129    97624.232
491  mtMet+F+R7    48058.733    256 96629.467    98059.727    97616.365
492  mtMet+F+R8    48047.735    258 96611.470    98096.403    97606.078
493  mtMet+F+R9    48041.532    260 96603.065    98145.337    97605.383
494  mtMet+F+R10   48039.823    262 96603.647    98206.112    97613.675
495  mtVer         54905.380    225 110260.760   111087.589   111128.151
496  mtVer+I       54685.440    226 109822.881   110663.897   110694.127
497  mtVer+G4      50352.437    226 101156.873   101997.890   102028.120
498  mtVer+I+G4    50340.342    227 101134.683   101990.155   102009.785
499  mtVer+R2      51151.673    227 102757.346   103612.817   103632.447
500  mtVer+R3      50574.195    229 101606.390   102491.600   102489.202
501  mtVer+R4      50387.372    231 101236.744   102152.847   102127.266
502  mtVer+R5      50257.879    233 100981.758   101929.967   101879.990
503  mtVer+R6      50207.752    235 100885.503   101867.096   101791.445
504  mtVer+R7      50192.376    237 100858.751   101875.076   101772.404
505  mtVer+R8      50183.634    239 100845.269   101897.746   101766.631
506  mtVer+R9      50177.042    241 100836.083   101926.214   101765.156
507  mtVer+R10     50172.087    243 100830.174   101959.545   101766.956
508  mtVer+F       52779.374    244 106046.748   107196.363   106987.385
509  mtVer+F+I     52526.977    245 105543.953   106714.245   106488.446
510  mtVer+F+G4    48964.945    245 98419.890    99590.182    99364.383
511  mtVer+F+I+G4  48950.616    246 98393.233    99584.644    99341.580
512  mtVer+F+R2    49826.173    246 100144.346   101335.758   101092.694
513  mtVer+F+R3    49210.928    248 98917.856    100152.896   99873.913
514  mtVer+F+R4    48996.288    250 98492.577    99773.189    99456.345
515  mtVer+F+R5    48876.862    252 98257.724    99585.974    99229.202
516  mtVer+F+R6    48841.936    254 98191.872    99569.957    99171.060
517  mtVer+F+R7    48834.953    256 98181.906    99612.167    99168.804
518  mtVer+F+R8    48827.806    258 98171.612    99656.546    99166.221
519  mtVer+F+R9    48810.190    260 98140.380    99682.652    99142.698
520  mtVer+F+R10   48807.861    262 98139.722    99742.188    99149.751
521  mtInv         53676.886    225 107803.771   108630.600   108671.162
522  mtInv+I       53445.658    226 107343.317   108184.333   108214.563
523  mtInv+G4      50069.850    226 100591.701   101432.717   101462.947
524  mtInv+I+G4    50054.986    227 100563.973   101419.444   101439.074
525  mtInv+R2      50728.589    227 101911.179   102766.650   102786.280
526  mtInv+R3      50224.989    229 100907.978   101793.188   101790.789
527  mtInv+R4      50065.311    231 100592.621   101508.724   101483.143
528  mtInv+R5      49975.028    233 100416.056   101364.265   101314.288
529  mtInv+R6      49936.593    235 100343.185   101324.778   101249.127
530  mtInv+R7      49928.627    237 100331.255   101347.579   101244.907
531  mtInv+R8      49925.439    239 100328.877   101381.354   101250.239
534  mtInv+F       50913.913    244 102315.826   103465.442   103256.464
535  mtInv+F+I     50684.705    245 101859.410   103029.702   102803.903
536  mtInv+F+G4    47742.533    245 95975.066    97145.358    96919.559
537  mtInv+F+I+G4  47722.022    246 95936.043    97127.455    96884.391
538  mtInv+F+R2    48463.640    246 97419.281    98610.693    98367.629
539  mtInv+F+R3    47901.614    248 96299.228    97534.268    97255.286
540  mtInv+F+R4    47736.029    250 95972.058    97252.670    96935.826
541  mtInv+F+R5    47644.878    252 95793.755    97122.005    96765.233
542  mtInv+F+R6    47622.939    254 95753.877    97131.962    96733.065
543  mtInv+F+R7    47615.017    256 95742.035    97172.296    96728.933
544  mtInv+F+R8    47609.306    258 95734.612    97219.545    96729.221
Akaike Information Criterion:           LG+F+R7
Corrected Akaike Information Criterion: LG+R6
Bayesian Information Criterion:         LG+R6
Best-fit model: LG+R6 chosen according to BIC

All model information printed to K01487.blastp_ALL.outfmt6.parsed.filtered.uniq.faa.mafft.aln.trimal1.model.gz
CPU time for ModelFinder: 2634.660 seconds (0h:43m:54s)
Wall-clock time for ModelFinder: 1361.870 seconds (0h:22m:41s)
Generating 2000 samples for ultrafast bootstrap (seed: 963296)...

NOTE: 42 MB RAM (0 GB) is required!
Measuring multi-threading efficiency up to 2 CPU cores
Increase to 10 rounds for branch lengths
2 trees examined
Threads: 1 / Time: 2.327 sec / Speedup: 1.000 / Efficiency: 100% / LogL: -61367
Threads: 2 / Time: 2.167 sec / Speedup: 1.074 / Efficiency: 54% / LogL: -61367
BEST NUMBER OF THREADS: 2

Estimate model parameters (epsilon = 0.100)
1. Initial log-likelihood: -46678.563
2. Current log-likelihood: -46658.554
3. Current log-likelihood: -46657.816
4. Current log-likelihood: -46657.638
5. Current log-likelihood: -46657.502
6. Current log-likelihood: -46657.360
7. Current log-likelihood: -46657.104
8. Current log-likelihood: -46656.965
9. Current log-likelihood: -46656.704
10. Current log-likelihood: -46656.562
11. Current log-likelihood: -46656.293
12. Current log-likelihood: -46656.029
13. Current log-likelihood: -46655.761
14. Current log-likelihood: -46655.488
15. Current log-likelihood: -46655.210
16. Current log-likelihood: -46654.926
17. Current log-likelihood: -46654.637
18. Current log-likelihood: -46654.344
19. Current log-likelihood: -46654.050
20. Current log-likelihood: -46653.756
21. Current log-likelihood: -46653.463
22. Current log-likelihood: -46653.173
23. Current log-likelihood: -46652.888
24. Current log-likelihood: -46652.607
25. Current log-likelihood: -46652.333
26. Current log-likelihood: -46652.065
27. Current log-likelihood: -46651.806
28. Current log-likelihood: -46651.660
29. Current log-likelihood: -46651.400
30. Current log-likelihood: -46651.264
31. Current log-likelihood: -46651.021
32. Current log-likelihood: -46650.895
33. Current log-likelihood: -46650.763
34. Current log-likelihood: -46650.632
35. Current log-likelihood: -46650.505
36. Current log-likelihood: -46650.383
37. Current log-likelihood: -46650.265
38. Current log-likelihood: -46650.151
39. Current log-likelihood: -46650.040
40. Current log-likelihood: -46649.934
41. Current log-likelihood: -46649.833
Optimal log-likelihood: -46649.685
Site proportion and rates:  (0.101,0.065) (0.111,0.220) (0.233,0.490) (0.224,0.879) (0.214,1.604) (0.117,2.695)
Parameters optimization took 41 rounds (59.598 sec)
Computing ML distances based on estimated model parameters... 6.395 sec
Computing BIONJ tree...
0.008 seconds
Log-likelihood of BIONJ tree: -46586.038
--------------------------------------------------------------------
|             INITIALIZING CANDIDATE TREE SET                      |
--------------------------------------------------------------------
Generating 98 parsimony trees... 4.657 second
Computing log-likelihood of 98 initial trees ... 25.152 seconds
Current best score: -46560.326

Do NNI search on 20 best initial trees
Estimate model parameters (epsilon = 0.100)
BETTER TREE FOUND at iteration 1: -46442.366
Estimate model parameters (epsilon = 0.100)
BETTER TREE FOUND at iteration 5: -46435.933
Estimate model parameters (epsilon = 0.100)
BETTER TREE FOUND at iteration 7: -46427.456
Iteration 10 / LogL: -46476.970 / Time: 0h:2m:8s
Estimate model parameters (epsilon = 0.100)
BETTER TREE FOUND at iteration 14: -46420.685
Iteration 20 / LogL: -46473.854 / Time: 0h:2m:31s
Finish initializing candidate tree set (20)
Current best tree score: -46420.685 / CPU time: 83.318
Number of iterations: 20
--------------------------------------------------------------------
|               OPTIMIZING CANDIDATE TREE SET                      |
--------------------------------------------------------------------
Estimate model parameters (epsilon = 0.100)
BETTER TREE FOUND at iteration 21: -46415.028
Estimate model parameters (epsilon = 0.100)
BETTER TREE FOUND at iteration 22: -46403.833
Iteration 30 / LogL: -46423.528 / Time: 0h:2m:58s (0h:9m:25s left)
Estimate model parameters (epsilon = 0.100)
BETTER TREE FOUND at iteration 31: -46399.298
Iteration 40 / LogL: -46418.595 / Time: 0h:3m:27s (0h:8m:4s left)
Iteration 50 / LogL: -46417.901 / Time: 0h:3m:49s (0h:6m:18s left)
Log-likelihood cutoff on original alignment: -46507.368
Iteration 60 / LogL: -46400.749 / Time: 0h:4m:20s (0h:5m:13s left)
Estimate model parameters (epsilon = 0.100)
BETTER TREE FOUND at iteration 70: -46393.376
Iteration 70 / LogL: -46393.376 / Time: 0h:4m:46s (0h:6m:55s left)
Estimate model parameters (epsilon = 0.100)
BETTER TREE FOUND at iteration 77: -46390.554
Estimate model parameters (epsilon = 0.100)
BETTER TREE FOUND at iteration 80: -46390.098
Iteration 80 / LogL: -46390.098 / Time: 0h:5m:12s (0h:6m:35s left)
Estimate model parameters (epsilon = 0.100)
BETTER TREE FOUND at iteration 85: -46389.109
Estimate model parameters (epsilon = 0.100)
BETTER TREE FOUND at iteration 89: -46385.988
Iteration 90 / LogL: -46389.525 / Time: 0h:5m:39s (0h:6m:17s left)
Iteration 100 / LogL: -46389.577 / Time: 0h:5m:58s (0h:5m:22s left)
Log-likelihood cutoff on original alignment: -46506.274
NOTE: Bootstrap correlation coefficient of split occurrence frequencies: 0.970
NOTE: UFBoot does not converge, continue at least 100 more iterations
Estimate model parameters (epsilon = 0.100)
BETTER TREE FOUND at iteration 105: -46384.860
Estimate model parameters (epsilon = 0.100)
BETTER TREE FOUND at iteration 107: -46384.614
Iteration 110 / LogL: -46391.570 / Time: 0h:6m:34s (0h:5m:50s left)
Iteration 120 / LogL: -46392.538 / Time: 0h:7m:9s (0h:5m:13s left)
Estimate model parameters (epsilon = 0.100)
BETTER TREE FOUND at iteration 128: -46380.374
Iteration 130 / LogL: -46451.206 / Time: 0h:7m:39s (0h:5m:48s left)
Iteration 140 / LogL: -46396.328 / Time: 0h:8m:9s (0h:5m:9s left)
Estimate model parameters (epsilon = 0.100)
BETTER TREE FOUND at iteration 147: -46379.311
Iteration 150 / LogL: -46382.475 / Time: 0h:8m:44s (0h:5m:41s left)
Log-likelihood cutoff on original alignment: -46503.160
Iteration 160 / LogL: -46397.771 / Time: 0h:9m:17s (0h:5m:5s left)
Estimate model parameters (epsilon = 0.100)
BETTER TREE FOUND at iteration 165: -46377.114
Iteration 170 / LogL: -46379.375 / Time: 0h:9m:49s (0h:5m:31s left)
Iteration 180 / LogL: -46399.558 / Time: 0h:10m:18s (0h:4m:53s left)
Estimate model parameters (epsilon = 0.100)
BETTER TREE FOUND at iteration 183: -46374.985
Iteration 190 / LogL: -46379.565 / Time: 0h:10m:51s (0h:5m:20s left)
Iteration 200 / LogL: -46396.562 / Time: 0h:11m:22s (0h:4m:44s left)
Log-likelihood cutoff on original alignment: -46503.160
NOTE: Bootstrap correlation coefficient of split occurrence frequencies: 0.969
NOTE: UFBoot does not converge, continue at least 100 more iterations
Iteration 210 / LogL: -46429.460 / Time: 0h:11m:45s (0h:5m:3s left)
Iteration 220 / LogL: -46394.172 / Time: 0h:12m:7s (0h:4m:25s left)
Iteration 230 / LogL: -46422.220 / Time: 0h:12m:25s (0h:3m:47s left)
Iteration 240 / LogL: -46396.563 / Time: 0h:12m:53s (0h:3m:14s left)
Estimate model parameters (epsilon = 0.100)
BETTER TREE FOUND at iteration 244: -46373.140
Iteration 250 / LogL: -46386.012 / Time: 0h:13m:13s (0h:4m:59s left)
Log-likelihood cutoff on original alignment: -46503.160
Estimate model parameters (epsilon = 0.100)
BETTER TREE FOUND at iteration 251: -46372.294
Iteration 260 / LogL: -46378.562 / Time: 0h:13m:40s (0h:4m:48s left)
Iteration 270 / LogL: -46381.911 / Time: 0h:14m:3s (0h:4m:13s left)
Estimate model parameters (epsilon = 0.100)
BETTER TREE FOUND at iteration 276: -46370.458
Iteration 280 / LogL: -46381.248 / Time: 0h:14m:23s (0h:4m:57s left)
Iteration 290 / LogL: -46372.066 / Time: 0h:14m:39s (0h:4m:21s left)
Estimate model parameters (epsilon = 0.100)
BETTER TREE FOUND at iteration 292: -46367.379
Iteration 300 / LogL: -46426.266 / Time: 0h:14m:58s (0h:4m:36s left)
Log-likelihood cutoff on original alignment: -46503.160
NOTE: Bootstrap correlation coefficient of split occurrence frequencies: 0.989
NOTE: UFBoot does not converge, continue at least 100 more iterations
Estimate model parameters (epsilon = 0.100)
BETTER TREE FOUND at iteration 304: -46366.265
Iteration 310 / LogL: -46367.405 / Time: 0h:15m:30s (0h:4m:42s left)
Iteration 320 / LogL: -46503.109 / Time: 0h:15m:48s (0h:4m:9s left)
Iteration 330 / LogL: -46369.893 / Time: 0h:16m:6s (0h:3m:37s left)
Iteration 340 / LogL: -46376.919 / Time: 0h:16m:23s (0h:3m:5s left)
Iteration 350 / LogL: -46386.694 / Time: 0h:16m:39s (0h:2m:34s left)
Log-likelihood cutoff on original alignment: -46503.160
Estimate model parameters (epsilon = 0.100)
UPDATE BEST LOG-LIKELIHOOD: -46366.172
Iteration 360 / LogL: -46373.929 / Time: 0h:17m:10s (0h:2m:6s left)
Iteration 370 / LogL: -46366.904 / Time: 0h:17m:32s (0h:1m:36s left)
Iteration 380 / LogL: -46373.506 / Time: 0h:17m:49s (0h:1m:7s left)
Iteration 390 / LogL: -46383.489 / Time: 0h:18m:8s (0h:0m:39s left)
Iteration 400 / LogL: -46379.453 / Time: 0h:18m:25s (0h:0m:11s left)
Log-likelihood cutoff on original alignment: -46503.160
NOTE: Bootstrap correlation coefficient of split occurrence frequencies: 0.985
NOTE: UFBoot does not converge, continue at least 100 more iterations
Iteration 410 / LogL: -46366.667 / Time: 0h:18m:48s (0h:4m:8s left)
Iteration 420 / LogL: -46372.706 / Time: 0h:19m:9s (0h:3m:39s left)
Iteration 430 / LogL: -46367.721 / Time: 0h:19m:30s (0h:3m:10s left)
Iteration 440 / LogL: -46378.918 / Time: 0h:19m:52s (0h:2m:42s left)
Iteration 450 / LogL: -46366.341 / Time: 0h:20m:10s (0h:2m:14s left)
Log-likelihood cutoff on original alignment: -46503.160
Iteration 460 / LogL: -46367.515 / Time: 0h:20m:31s (0h:1m:47s left)
Iteration 470 / LogL: -46367.019 / Time: 0h:20m:49s (0h:1m:19s left)
Iteration 480 / LogL: -46366.821 / Time: 0h:21m:6s (0h:0m:52s left)
Iteration 490 / LogL: -46390.182 / Time: 0h:21m:24s (0h:0m:26s left)
Iteration 500 / LogL: -46424.097 / Time: 0h:21m:42s (0h:0m:0s left)
Log-likelihood cutoff on original alignment: -46503.160
NOTE: Bootstrap correlation coefficient of split occurrence frequencies: 0.985
NOTE: UFBoot does not converge, continue at least 100 more iterations
Estimate model parameters (epsilon = 0.100)
UPDATE BEST LOG-LIKELIHOOD: -46366.051
Iteration 510 / LogL: -46369.464 / Time: 0h:22m:15s (0h:3m:56s left)
Iteration 520 / LogL: -46370.800 / Time: 0h:22m:46s (0h:3m:30s left)
Estimate model parameters (epsilon = 0.100)
UPDATE BEST LOG-LIKELIHOOD: -46365.982
Iteration 530 / LogL: -46378.867 / Time: 0h:23m:20s (0h:3m:5s left)
Iteration 540 / LogL: -46396.311 / Time: 0h:23m:52s (0h:2m:39s left)
Iteration 550 / LogL: -46382.262 / Time: 0h:24m:12s (0h:2m:12s left)
Log-likelihood cutoff on original alignment: -46503.160
Iteration 560 / LogL: -46367.539 / Time: 0h:24m:42s (0h:1m:46s left)
Iteration 570 / LogL: -46366.156 / Time: 0h:25m:17s (0h:1m:19s left)
Iteration 580 / LogL: -46367.503 / Time: 0h:25m:52s (0h:0m:53s left)
Iteration 590 / LogL: -46368.920 / Time: 0h:26m:11s (0h:0m:26s left)
Iteration 600 / LogL: -46366.730 / Time: 0h:26m:28s (0h:0m:0s left)
Log-likelihood cutoff on original alignment: -46503.160
NOTE: Bootstrap correlation coefficient of split occurrence frequencies: 0.991
TREE SEARCH COMPLETED AFTER 600 ITERATIONS / Time: 0h:26m:29s

--------------------------------------------------------------------
|                    FINALIZING TREE SEARCH                        |
--------------------------------------------------------------------
Performs final model parameters optimization
Estimate model parameters (epsilon = 0.010)
1. Initial log-likelihood: -46365.982
2. Current log-likelihood: -46365.943
3. Current log-likelihood: -46365.901
4. Current log-likelihood: -46365.860
5. Current log-likelihood: -46365.819
6. Current log-likelihood: -46365.780
7. Current log-likelihood: -46365.741
8. Current log-likelihood: -46365.702
9. Current log-likelihood: -46365.665
10. Current log-likelihood: -46365.630
11. Current log-likelihood: -46365.594
12. Current log-likelihood: -46365.560
13. Current log-likelihood: -46365.526
14. Current log-likelihood: -46365.492
15. Current log-likelihood: -46365.459
16. Current log-likelihood: -46365.427
17. Current log-likelihood: -46365.395
18. Current log-likelihood: -46365.363
19. Current log-likelihood: -46365.332
20. Current log-likelihood: -46365.302
21. Current log-likelihood: -46365.286
22. Current log-likelihood: -46365.268
23. Current log-likelihood: -46365.238
24. Current log-likelihood: -46365.224
25. Current log-likelihood: -46365.207
26. Current log-likelihood: -46365.192
27. Current log-likelihood: -46365.175
28. Current log-likelihood: -46365.161
29. Current log-likelihood: -46365.145
30. Current log-likelihood: -46365.127
31. Current log-likelihood: -46365.098
32. Current log-likelihood: -46365.084
33. Current log-likelihood: -46365.071
34. Current log-likelihood: -46365.055
35. Current log-likelihood: -46365.039
36. Current log-likelihood: -46365.023
37. Current log-likelihood: -46365.009
38. Current log-likelihood: -46364.996
39. Current log-likelihood: -46364.981
40. Current log-likelihood: -46364.966
41. Current log-likelihood: -46364.952
42. Current log-likelihood: -46364.940
43. Current log-likelihood: -46364.926
44. Current log-likelihood: -46364.913
45. Current log-likelihood: -46364.899
46. Current log-likelihood: -46364.886
47. Current log-likelihood: -46364.872
48. Current log-likelihood: -46364.860
49. Current log-likelihood: -46364.847
50. Current log-likelihood: -46364.834
51. Current log-likelihood: -46364.823
52. Current log-likelihood: -46364.811
53. Current log-likelihood: -46364.800
54. Current log-likelihood: -46364.789
55. Current log-likelihood: -46364.774
56. Current log-likelihood: -46364.763
57. Current log-likelihood: -46364.753
58. Current log-likelihood: -46364.740
59. Current log-likelihood: -46364.727
60. Current log-likelihood: -46364.716
Optimal log-likelihood: -46364.700
Site proportion and rates:  (0.086,0.043) (0.124,0.203) (0.198,0.461) (0.232,0.811) (0.232,1.516) (0.127,2.673)
Parameters optimization took 60 rounds (63.379 sec)
BEST SCORE FOUND : -46364.700
Creating bootstrap support values...
Split supports printed to NEXUS file K01487.blastp_ALL.outfmt6.parsed.filtered.uniq.faa.mafft.aln.trimal1.splits.nex
Total tree length: 51.274

Total number of iterations: 600
CPU time used for tree search: 2981.708 sec (0h:49m:41s)
Wall-clock time used for tree search: 1521.633 sec (0h:25m:21s)
Total CPU time used: 3227.117 sec (0h:53m:47s)
Total wall-clock time used: 1653.817 sec (0h:27m:33s)

Computing bootstrap consensus tree...
Reading input file K01487.blastp_ALL.outfmt6.parsed.filtered.uniq.faa.mafft.aln.trimal1.splits.nex...
114 taxa and 1382 splits.
Consensus tree written to K01487.blastp_ALL.outfmt6.parsed.filtered.uniq.faa.mafft.aln.trimal1.contree
Reading input trees file K01487.blastp_ALL.outfmt6.parsed.filtered.uniq.faa.mafft.aln.trimal1.contree
Log-likelihood of consensus tree: -46369.067

Analysis results written to: 
  IQ-TREE report:                K01487.blastp_ALL.outfmt6.parsed.filtered.uniq.faa.mafft.aln.trimal1.iqtree
  Maximum-likelihood tree:       K01487.blastp_ALL.outfmt6.parsed.filtered.uniq.faa.mafft.aln.trimal1.treefile
  Likelihood distances:          K01487.blastp_ALL.outfmt6.parsed.filtered.uniq.faa.mafft.aln.trimal1.mldist

Ultrafast bootstrap approximation results written to:
  Split support values:          K01487.blastp_ALL.outfmt6.parsed.filtered.uniq.faa.mafft.aln.trimal1.splits.nex
  Consensus tree:                K01487.blastp_ALL.outfmt6.parsed.filtered.uniq.faa.mafft.aln.trimal1.contree
  Screen log file:               K01487.blastp_ALL.outfmt6.parsed.filtered.uniq.faa.mafft.aln.trimal1.log

Date and Time: Wed Sep  8 23:57:34 2021
