IQ-TREE multicore version 1.6.12 for Linux 64-bit built Aug 15 2019
Developed by Bui Quang Minh, Nguyen Lam Tung, Olga Chernomor,
Heiko Schmidt, Dominik Schrempf, Michael Woodhams.

Host:    coral (AVX512, FMA3, 376 GB RAM)
Command: /home/timothy/programs/iqtree-1.6.12-Linux/bin/iqtree -s K01933.blastp_ALL.outfmt6.parsed.filtered.uniq.faa.mafft.aln -nt AUTO -ntmax 2 -m MFP -bb 2000 -quiet
Seed:    425610 (Using SPRNG - Scalable Parallel Random Number Generator)
Time:    Wed May 26 03:16:00 2021
Kernel:  AVX+FMA - auto-detect threads (96 CPU cores detected)

Reading alignment file K01933.blastp_ALL.outfmt6.parsed.filtered.uniq.faa.mafft.aln ... Fasta format detected
Alignment most likely contains protein sequences
Alignment has 103 sequences with 1876 columns, 1565 distinct patterns
651 parsimony-informative, 695 singleton sites, 530 constant sites
WARNING: Some sequence names are changed as follows:
Bacteria-NA-NA-NA-NA-bacterium_336/3_WP_054037174.1 -> Bacteria-NA-NA-NA-NA-bacterium_336_3_WP_054037174.1

                                                                                                                                Gap/Ambiguity  Composition  p-value
   1  Archaea-Crenarchaeota-Thermoprotei-Sulfolobales-Sulfolobaceae-Acidianus_sulfidivorans_WP_110380444.1                             82.84%    failed      0.00%
   2  Archaea-Crenarchaeota-Thermoprotei-Sulfolobales-Sulfolobaceae-Metallosphaera_cuprina_WP_013736907.1                              82.78%    passed     36.81%
   3  Archaea-Crenarchaeota-Thermoprotei-Sulfolobales-Sulfolobaceae-Saccharolobus_solfataricus_WP_009991170.1                          82.78%    failed      0.44%
   4  Archaea-Crenarchaeota-Thermoprotei-Sulfolobales-Sulfolobaceae-Sulfolobus_islandicus_WP_012711494.1                               82.84%    failed      0.02%
   5  Archaea-Crenarchaeota-Thermoprotei-Thermoproteales-Thermoproteaceae-Caldivirga_maquilingensis_WP_012185725.1                     82.30%    failed      0.11%
   6  Archaea-Crenarchaeota-Thermoprotei-Thermoproteales-Thermoproteaceae-Vulcanisaeta_distributa_WP_013335703.1                       82.25%    failed      0.12%
   7  Archaea-Euryarchaeota-Methanococci-Methanococcales-Methanocaldococcaceae-Methanocaldococcus_bathoardescens_WP_048202515.1        81.34%    failed      0.30%
   8  Archaea-Euryarchaeota-Methanococci-Methanococcales-Methanocaldococcaceae-Methanotorris_formicicus_WP_007045147.1                 81.82%    failed      0.00%
   9  Archaea-Euryarchaeota-Methanococci-Methanococcales-Methanococcaceae-Methanococcus_aeolicus_WP_011973525.1                        81.29%    failed      0.00%
  10  Archaea-Euryarchaeota-Methanococci-Methanococcales-Methanococcaceae-Methanothermococcus_thermolithotrophicus_WP_018153234.1      81.40%    failed      0.05%
  11  Archaea-Euryarchaeota-Methanomicrobia-Methanosarcinales-Methanotrichaceae-Methanosaeta_harundinacea_WP_014585871.1               82.41%    failed      0.82%
  12  Archaea-Euryarchaeota-Thermococci-Thermococcales-Thermococcaceae-Thermococcus_celer_WP_088862285.1                               82.25%    failed      0.06%
  13  Archaea-NA-NA-NA-NA-anaerobic_archaeon_MKD1_WP_147662619.1                                                                       78.94%    failed      0.06%
  14  Archaea-NA-NA-NA-NA-archaeon_AArcSl_WP_119820127.1                                                                               81.82%    failed      0.00%
  15  Archaea-Thaumarchaeota-NA-Nitrosopumilales-Nitrosopumilaceae-Candidatus_Nitrosarchaeum_limnium_WP_010194449.1                    81.88%    failed      0.00%
  16  Archaea-Thaumarchaeota-NA-Nitrosopumilales-Nitrosopumilaceae-NA_WP_014962890.1                                                   81.88%    failed      0.00%
  17  Archaea-Thaumarchaeota-NA-Nitrosopumilales-Nitrosopumilaceae-Nitrosarchaeum_koreense_WP_007550052.1                              81.88%    failed      0.00%
  18  Archaea-Thaumarchaeota-NA-Nitrosopumilales-Nitrosopumilaceae-Nitrosopumilus_piranensis_WP_148703659.1                            81.88%    failed      0.00%
  19  Archaea-Thaumarchaeota-Nitrososphaeria-CandidatusNitrosocaldales-CandidatusNitrosocaldaceae-NA_WP_103286932.1                    79.69%    failed      0.04%
  20  Archaea-Thaumarchaeota-Nitrososphaeria-Nitrososphaerales-Nitrososphaeraceae-Candidatus_Nitrosocosmicus_exaquare_WP_148686682.1   81.13%    failed      0.01%
  21  Bacteria-Bacteroidetes-Chitinophagia-Chitinophagales-Chitinophagaceae-Chitinophaga_pinensis_WP_142678801.1                       79.10%    passed     99.20%
  22  Bacteria-Bacteroidetes-Cytophagia-Cytophagales-Cytophagaceae-Rudanella_lutea_WP_019989276.1                                      79.26%    passed     62.53%
  23  Bacteria-Bacteroidetes-Cytophagia-Cytophagales-Cytophagaceae-Spirosoma_luteum_WP_018617867.1                                     79.10%    passed     77.05%
  24  Bacteria-Bacteroidetes-Cytophagia-Cytophagales-Hymenobacteraceae-Pontibacter_indicus_WP_076668594.1                              79.26%    passed     68.81%
  25  Bacteria-Bacteroidetes-Cytophagia-Cytophagales-Hymenobacteraceae-Rufibacter_sp._DG15C_WP_066507649.1                             79.26%    passed     81.87%
  26  Bacteria-Bacteroidetes-Flavobacteriia-Flavobacteriales-Flavobacteriaceae-Aquimarina_sp._Aq135_WP_108867965.1                     79.10%    passed     33.82%
  27  Bacteria-Firmicutes-Clostridia-Clostridiales-Lachnospiraceae-Butyrivibrio_sp._AE2032_WP_034442762.1                              79.16%    passed     16.12%
  28  Bacteria-Firmicutes-Clostridia-Clostridiales-Ruminococcaceae-NA_WP_109642629.1                                                   79.16%    passed     30.81%
  29  Bacteria-Firmicutes-Clostridia-Clostridiales-Ruminococcaceae-Ruminococcaceae_bacterium_AB4001_WP_028506887.1                     79.16%    passed     13.19%
  30  Bacteria-Lentisphaerae-Lentisphaeria-Lentisphaerales-Lentisphaeraceae-Lentisphaera_araneosa_WP_007279743.1                       79.00%    passed     42.49%
  31  Bacteria-NA-NA-NA-NA-bacterium_336_3_WP_054037174.1                                                                              79.32%    passed     31.99%
  32  Bacteria-NA-NA-NA-NA-NA_WP_121698931.1                                                                                           79.32%    passed     83.09%
  33  Bacteria-Planctomycetes-NA-NA-NA-Planctomycetes_bacterium_Pan216_WP_145261875.1                                                  79.21%    failed      2.23%
  34  Bacteria-Proteobacteria-Alphaproteobacteria-Rhodospirillales-Rhodospirillaceae-Inquilinus_sp._KBS0705_WP_138805050.1             79.10%    passed     36.30%
  35  Bacteria-Proteobacteria-Gammaproteobacteria-Alteromonadales-Alteromonadaceae-Glaciecola_sp._THG3.7_WP_124746897.1                79.21%    passed     97.24%
  36  Bacteria-Verrucomicrobia-Opitutae-Puniceicoccales-Puniceicoccaceae-Coraliomargarita_akajimensis_WP_013044022.1                   78.78%    passed     63.79%
  37  Eukaryota-Alveolata-Dinophyceae-NA-Unranked-Amphidinium_carterae_MMETSP0259_c23350_g1_i1.p1                                      28.78%    failed      0.00%
  38  Eukaryota-Alveolata-Dinophyceae-NA-Unranked-Azadinium_spinosum_MMETSP1036_c3376_g1_i1.p1                                         46.06%    failed      0.00%
  39  Eukaryota-Alveolata-Dinophyceae-NA-Unranked-Karenia_brevis_MMETSP0527_c3730_g1_i1.p1                                             47.12%    failed      0.29%
  40  Eukaryota-Alveolata-Dinophyceae-NA-Unranked-Oxyrrhis_marina_MMETSP1425_c41401_g1_i1.p1                                           77.88%    passed     93.98%
  41  Eukaryota-Alveolata-Dinophyceae-NA-Unranked-Pyrodinium_bahamense_MMETSP0796_c4292_g1_i1.p1                                       76.55%    passed     88.38%
  42  Eukaryota-Alveolata-Dinophyceae-NA-Unranked-Scrippsiella_hangoei-like_MMETSP0369_c9439_g1_i1.p1                                  78.09%    passed     94.34%
  43  Eukaryota-Apicomplexa-NA-Unranked-NA-Alveolata_sp_MMETSP0288_c29818_g1_i1.p1                                                     76.55%    passed     67.61%
  44  Eukaryota-Arthropoda-Insecta-Lepidoptera-Noctuidae-Spodoptera_litura_XP_022835926.1                                              79.37%    passed     96.29%
  45  Eukaryota-Arthropoda-Malacostraca-Amphipoda-Hyalellidae-Hyalella_azteca_XP_018006132.1                                           80.01%    failed      0.03%
  46  Eukaryota-Cercozoa-Chlorarachniophyceae-NA-NA-Bigelowiella_longifila_MMETSP1359_c4210_g1_i1.p1                                   77.51%    passed     44.51%
  47  Eukaryota-Cercozoa-Chlorarachniophyceae-NA-NA-Chlorarachnion_reptans_MMETSP0109_c25489_g1_i1.p1                                  78.73%    passed     33.82%
  48  Eukaryota-Cercozoa-Chlorarachniophyceae-NA-NA-Lotharella_amoebiformis_MMETSP0042_c16508_g1_i1.p1                                 78.78%    passed      7.58%
  49  Eukaryota-Cercozoa-Chlorarachniophyceae-NA-NA-Norrisiella_sphaerica_MMETSP0113_c24431_g1_i1.p1                                   78.68%    passed     12.91%
  50  Eukaryota-Cercozoa-Chlorarachniophyceae-NA-NA-Partenskyella_glossopodia_MMETSP1318_c26703_g1_i1.p1                               78.73%    passed     34.94%
  51  Eukaryota-Cercozoa-NA-Euglyphida-Paulinellidae-Paulinella_chromatophora_scaffold4215-size2008_m.40437                            75.11%    passed     65.09%
  52  Eukaryota-Chlorophyta-Mamiellophyceae-Mamiellales-Mamiellaceae-Micromonas_sp_MMETSP1387_c6057_g1_i1.p1                           76.39%    passed     19.15%
  53  Eukaryota-Chlorophyta-NA-NA-NA-Crustomastix_stigmata_MMETSP0803_c20252_g1_i1.p1                                                  76.81%    failed      3.55%
  54  Eukaryota-Chlorophyta-NA-NA-NA-Mantoniella_antarctica_MMETSP1106_c28278_g1_i1.p1                                                 75.85%    passed     15.40%
  55  Eukaryota-Chlorophyta-NA-NA-NA-Unidentifiedeukaryote_sp_MMETSP1326_c30240_g1_i1.p2                                               78.73%    passed     46.52%
  56  Eukaryota-Chlorophyta-NA-Pyramimonadales-NA-Pyramimonas_obovata_MMETSP1169_c11516_g1_i1.p1                                       76.44%    passed     98.81%
  57  Eukaryota-Chlorophyta-Nephroselmidophyceae-NA-NA-Nephroselmis_pyriformis_MMETSP0034_c7927_g1_i2.p2                               77.61%    passed     95.83%
  58  Eukaryota-Chordata-Mammalia-Cetacea-Balaenopteridae-Balaenoptera_acutorostrata_XP_007183773.1                                    46.16%    failed      0.06%
  59  Eukaryota-Chordata-Mammalia-Cetacea-Delphinidae-Lagenorhynchus_obliquidens_XP_026956891.1                                        46.16%    failed      0.09%
  60  Eukaryota-Chordata-Mammalia-Cetacea-Delphinidae-Orcinus_orca_XP_004264574.1                                                      46.16%    failed      0.07%
  61  Eukaryota-Chordata-Mammalia-Monotremata-Ornithorhynchidae-Ornithorhynchus_anatinus_XP_028937723.1                                46.27%    failed      0.00%
  62  Eukaryota-Chordata-Mammalia-NA-Camelidae-Vicugna_pacos_XP_015104813.1                                                            51.33%    failed      0.16%
  63  Eukaryota-Chordata-Mammalia-NA-Cervidae-Odocoileus_virginianus_XP_020748282.1                                                    46.16%    failed      0.09%
  64  Eukaryota-Chromeraceae-NA-NA-NA-Chromera_velia_MMETSP0290_c31555_g1_i1.p1                                                        78.94%    passed     95.47%
  65  Eukaryota-Chromeraceae-NA-NA-NA-Vitrella_brassicaformis_MMETSP1451_c20675_g2_i1.p1                                               76.71%    passed     66.90%
  66  Eukaryota-Ciliophora-NA-Unranked-NA-Favella_taraikaensis_MMETSP0434_c31124_g1_i1.p1                                              91.42%    passed     52.21%
  67  Eukaryota-Ciliophora-NA-Unranked-NA-Mesodinium_pulex_MMETSP0467_c11372_g1_i2.p1                                                  20.47%    failed      0.00%
  68  Eukaryota-Ciliophora-NA-Unranked-NA-Myrionecta_rubra_MMETSP0798_c17970_g1_i1.p1                                                  79.10%    passed     77.15%
  69  Eukaryota-Ciliophora-NA-Unranked-NA-Strombidinopsis_sp_MMETSP0463_c6143_g1_i1.p1                                                 78.94%    passed     67.72%
  70  Eukaryota-Ciliophora-NA-Unranked-NA-Tiarina_fusus_MMETSP0472_c26920_g1_i1.p2                                                     91.47%    passed     53.65%
  71  Eukaryota-Cnidaria-Anthozoa-Scleractinia-Pocilloporidae-Stylophora_pistillata_XP_022803875.1                                     79.16%    passed      7.89%
  72  Eukaryota-Cryptophyta-NA-Cryptomonadales-Cryptomonadaceae-Cryptomonas_curvata_MMETSP1050_c557_g1_i1.p1                           78.20%    passed     92.14%
  73  Eukaryota-Cryptophyta-NA-Cryptomonadales-NA-Hanusia_phi_MMETSP1048_c13276_g1_i1.p1                                               79.00%    passed     93.47%
  74  Eukaryota-Cryptophyta-NA-Pyrenomonadales-Chroomonadaceae-Chroomonas_mesostigmaticacf_MMETSP0047_c37744_g1_i1.p1                  79.16%    passed     85.08%
  75  Eukaryota-Cryptophyta-NA-Pyrenomonadales-Geminigeraceae-Guillardia_theta_CCMP2712_jgi158636                                      79.64%    passed     93.91%
  76  Eukaryota-Cryptophyta-NA-Pyrenomonadales-NA-Geminigera_cryophila_MMETSP0799_c7718_g1_i1.p1                                       78.30%    passed     71.19%
  77  Eukaryota-Cryptophyta-NA-Pyrenomonadales-Pyrenomonadaceae-Rhodomonas_abbreviata_MMETSP1101_c28652_g1_i1.p1                       79.26%    passed     84.34%
  78  Eukaryota-Euglenida-NA-Eutreptiales-NA-Eutreptiella_gymnastica-like_MMETSP0811_c97344_g1_i1.p1                                   78.41%    passed     95.84%
  79  Eukaryota-Glaucophyta-Glaucophyta-Gloeochaetales-Gloeochaetaceae-Gloeochaete_witrockiana_MMETSP0308_c2562_g1_i1.p1               75.85%    failed      0.15%
  80  Eukaryota-Glaucophyta-Glaucophyta-NA-Cyanophoraceae-Cyanophora_paradoxa_tig00020961_g16656.t1                                    75.48%    failed      0.00%
  81  Eukaryota-Haptophyta-NA-Pavlovales-Pavlovaceae-Pavlova_lutheri_MMETSP1463_c2080_g1_i1.p1                                         78.78%    passed     39.06%
  82  Eukaryota-Haptophyta-NA-Phaeocystales-Phaeocystaceae-Phaeocystis_antarctica_MMETSP1100_c7357_g1_i1.p2                            78.14%    passed     86.64%
  83  Eukaryota-Haptophyta-NA-Prymnesiales-NA-Chrysochromulina_rotalis_MMETSP0287_c1549_g1_i1.p1                                       78.04%    passed     97.06%
  84  Eukaryota-Haptophyta-NA-Prymnesiales-NA-Unidentifiedeukaryote_sp_MMETSP1178_c1587_g1_i1.p1                                       78.78%    passed     90.46%
  85  Eukaryota-Rhodophyta-Bangiophyceae-Cyanidiales-Cyanidiaceae-Cyanidioschyzon_merolae_CmerSOOS_G254.1                              76.49%    failed      0.00%
  86  Eukaryota-Rhodophyta-Bangiophyceae-NA-NA-Erythrolobus_australicus_MMETSP1353_c9138_g1_i1.p1                                      76.92%    failed      0.43%
  87  Eukaryota-Rhodophyta-Bangiophyceae-NA-NA-Rhodella_maculata_MMETSP0314_c1651_g1_i1.p2                                             79.16%    failed      1.11%
  88  Eukaryota-Rhodophyta-Bangiophyceae-NA-NA-Rhodosorus_marinus_MMETSP0011_c6474_g1_i5.p1                                            77.61%    passed     81.62%
  89  Eukaryota-Rhodophyta-Bangiophyceae-Porphyridiales-Porphyridiaceae-Porphyridium_purpureum_v2_POR2056..scf244_11                   75.64%    passed     29.09%
  90  Eukaryota-Rhodophyta-Porphyridiophyceae-NA-NA-Timspurckia_oligopyrenoides_MMETSP1172_c5897_g1_i1.p1                              76.81%    passed      8.99%
  91  Eukaryota-Stramenopiles-Coscinodiscophyceae-Chaetocerotales-Chaetocerotaceae-Chaetoceros_neogracile_MMETSP0754_c14523_g1_i1.p1   79.10%    passed     35.79%
  92  Eukaryota-Stramenopiles-Labyrinthista-NA-NA-Aplanochytrium_sp_MMETSP0954_c11402_g1_i1.p1                                         78.14%    passed     99.05%
  93  Eukaryota-Stramenopiles-Labyrinthista-NA-NA-Thraustochytrium_sp_MMETSP0198_c7709_g1_i1.p1                                        78.73%    passed     94.66%
  94  Eukaryota-Stramenopiles-NA-NA-NA-Pseudo_fraudulenta_MMETSP0851_c65443_g1_i1.p1                                                   60.39%    failed      1.02%
  95  Eukaryota-Stramenopiles-Oomycetes-Saprolegniales-Saprolegniaceae-Aphanomyces_invadans_XP_008868210.1                             79.21%    passed     96.47%
  96  Eukaryota-Stramenopiles-Oomycetes-Saprolegniales-Saprolegniaceae-Saprolegnia_parasitica_XP_012200652.1                           79.26%    passed     98.10%
  97  Eukaryota-Streptophyta-Bryopsida-Funariales-Funariaceae-Physcomitrella_patens_XP_024375760.1                                     79.42%    passed     19.12%
  98  Eukaryota-Streptophyta-Liliopsida-Poales-Poaceae-Brachypodium_distachyon_XP_003563204.1                                          79.69%    passed     19.01%
  99  Eukaryota-Streptophyta-NA-Cucurbitales-Cucurbitaceae-Cucurbita_maxima_XP_022976224.1                                             78.57%    passed     18.48%
 100  Eukaryota-Streptophyta-NA-Myrtales-Myrtaceae-Rhodamnia_argentea_XP_030552928.1                                                   78.78%    passed     27.53%
 101  Eukaryota-Streptophyta-NA-Rosales-Rosaceae-Malus_domestica_XP_008378560.1                                                        78.52%    passed     19.55%
 102  Eukaryota-Streptophyta-NA-Rosales-Rosaceae-Pyrus_x_bretschneideri_XP_009357264.1                                                 77.61%    passed     40.14%
 103  MSTRG.9541.1.p1                                                                                                                  76.92%    passed     94.74%
WARNING: 94 sequences contain more than 50% gaps/ambiguity
****  TOTAL                                                                                                                            75.57%  38 sequences failed composition chi2 test (p-value<5%; df=19)


Create initial parsimony tree by phylogenetic likelihood library (PLL)... 0.155 seconds
NOTE: ModelFinder requires 264 MB RAM!
ModelFinder will test 546 protein models (sample size: 1876) ...
 No. Model         -LnL         df  AIC          AICc         BIC
Measuring multi-threading efficiency up to 2 CPU cores
16 trees examined
Threads: 1 / Time: 2.086 sec / Speedup: 1.000 / Efficiency: 100% / LogL: -81478
Threads: 2 / Time: 1.814 sec / Speedup: 1.150 / Efficiency: 57% / LogL: -81478
BEST NUMBER OF THREADS: 2

  1  Dayhoff       54212.330    203 108830.660   108880.196   109954.650
  2  Dayhoff+I     53660.760    204 107729.520   107779.574   108859.047
  3  Dayhoff+G4    51376.974    204 103161.948   103212.002   104291.475
  4  Dayhoff+I+G4  51331.205    205 103072.409   103122.984   104207.473
  5  Dayhoff+R2    51992.389    205 104394.777   104445.352   105529.841
  6  Dayhoff+R3    51548.910    207 103511.819   103563.445   104657.957
  7  Dayhoff+R4    51396.766    209 103211.533   103264.222   104368.744
  8  Dayhoff+R5    51321.555    211 103065.110   103118.875   104233.396
  9  Dayhoff+R6    51296.869    213 103019.739   103074.591   104199.098
 10  Dayhoff+R7    51282.878    215 102995.755   103051.707   104186.188
 11  Dayhoff+R8    51273.384    217 102980.767   103037.831   104182.274
 12  Dayhoff+R9    51267.338    219 102972.677   103030.865   104185.257
 14  Dayhoff+F     54275.715    222 108995.430   109055.329   110224.622
 15  Dayhoff+F+I   53736.661    223 107919.322   107979.797   109154.050
 16  Dayhoff+F+G4  51388.397    223 103222.794   103283.269   104457.522
 17  Dayhoff+F+I+G4 51337.788    224 103123.575   103184.629   104363.840
 18  Dayhoff+F+R2  52000.131    224 104448.262   104509.316   105688.527
 19  Dayhoff+F+R3  51554.905    226 103561.811   103624.033   104813.149
 20  Dayhoff+F+R4  51410.699    228 103277.397   103340.800   104539.810
 21  Dayhoff+F+R5  51333.661    230 103127.321   103191.917   104400.808
 22  Dayhoff+F+R6  51307.006    232 103078.011   103143.813   104362.571
 23  Dayhoff+F+R7  51292.216    234 103052.431   103119.451   104348.065
 24  Dayhoff+F+R8  51281.985    236 103035.970   103104.221   104342.678
 25  Dayhoff+F+R9  51275.316    238 103026.633   103096.128   104344.414
 27  mtMAM         61288.553    203 122983.107   123032.643   124107.097
 28  mtMAM+I       60879.089    204 122166.178   122216.232   123295.705
 29  mtMAM+G4      55533.663    204 111475.326   111525.380   112604.853
 30  mtMAM+I+G4    55483.303    205 111376.606   111427.181   112511.670
 31  mtMAM+R2      56760.766    205 113931.532   113982.107   115066.596
 32  mtMAM+R3      55877.565    207 112169.130   112220.756   113315.268
 33  mtMAM+R4      55660.361    209 111738.722   111791.411   112895.934
 34  mtMAM+R5      55533.952    211 111489.903   111543.668   112658.189
 35  mtMAM+R6      55471.771    213 111369.541   111424.393   112548.900
 36  mtMAM+R7      55427.053    215 111284.106   111340.058   112474.539
 37  mtMAM+R8      55390.583    217 111215.167   111272.231   112416.673
 38  mtMAM+R9      55364.170    219 111166.339   111224.528   112378.920
 39  mtMAM+R10     55318.271    221 111078.542   111137.867   112302.196
 40  mtMAM+F       58041.386    222 116526.772   116586.671   117755.963
 41  mtMAM+F+I     57564.149    223 115574.298   115634.772   116809.026
 42  mtMAM+F+G4    53165.608    223 106777.215   106837.690   108011.943
 43  mtMAM+F+I+G4  53116.124    224 106680.248   106741.302   107920.513
 44  mtMAM+F+R2    54186.628    224 108821.256   108882.310   110061.521
 45  mtMAM+F+R3    53493.174    226 107438.347   107500.569   108689.686
 46  mtMAM+F+R4    53289.477    228 107034.954   107098.356   108297.366
 47  mtMAM+F+R5    53178.757    230 106817.514   106882.110   108091.000
 48  mtMAM+F+R6    53121.054    232 106706.108   106771.910   107990.669
 49  mtMAM+F+R7    53081.417    234 106630.834   106697.854   107926.468
 50  mtMAM+F+R8    53047.420    236 106566.840   106635.091   107873.547
 51  mtMAM+F+R9    53023.114    238 106522.229   106591.724   107840.010
 52  mtMAM+F+R10   52990.736    240 106461.473   106532.225   107790.328
 53  JTT           53999.214    203 108404.429   108453.965   109528.419
 54  JTT+I         53515.065    204 107438.129   107488.183   108567.656
 55  JTT+G4        51127.971    204 102663.942   102713.996   103793.469
 56  JTT+I+G4      51076.462    205 102562.924   102613.499   103697.988
 57  JTT+R2        51712.959    205 103835.918   103886.493   104970.982
 58  JTT+R3        51270.117    207 102954.234   103005.860   104100.372
 59  JTT+R4        51139.958    209 102697.916   102750.605   103855.127
 60  JTT+R5        51061.347    211 102544.694   102598.458   103712.979
 61  JTT+R6        51034.233    213 102494.465   102549.317   103673.824
 62  JTT+R7        51021.381    215 102472.762   102528.713   103663.194
 63  JTT+R8        51013.787    217 102461.575   102518.639   103663.081
 64  JTT+R9        51009.663    219 102457.326   102515.514   103669.906
 66  JTT+F         54108.551    222 108661.103   108721.001   109890.294
 67  JTT+F+I       53628.994    223 107703.987   107764.462   108938.716
 68  JTT+F+G4      51208.324    223 102862.649   102923.123   104097.377
 69  JTT+F+I+G4    51149.453    224 102746.906   102807.960   103987.171
 70  JTT+F+R2      51787.522    224 104023.044   104084.098   105263.309
 71  JTT+F+R3      51342.610    226 103137.220   103199.442   104388.559
 72  JTT+F+R4      51216.520    228 102889.041   102952.443   104151.453
 73  JTT+F+R5      51139.625    230 102739.251   102803.847   104012.737
 74  JTT+F+R6      51110.656    232 102685.312   102751.114   103969.872
 75  JTT+F+R7      51095.901    234 102659.803   102726.823   103955.437
 76  JTT+F+R8      51087.376    236 102646.753   102715.004   103953.460
 77  JTT+F+R9      51082.641    238 102641.281   102710.776   103959.063
 79  WAG           53089.557    203 106585.113   106634.649   107709.103
 80  WAG+I         52644.496    204 105696.993   105747.047   106826.520
 81  WAG+G4        50639.406    204 101686.812   101736.866   102816.339
 82  WAG+I+G4      50602.249    205 101614.499   101665.074   102749.563
 83  WAG+R2        51150.981    205 102711.962   102762.537   103847.026
 84  WAG+R3        50755.773    207 101925.547   101977.173   103071.685
 85  WAG+R4        50625.153    209 101668.305   101720.995   102825.517
 86  WAG+R5        50572.287    211 101566.574   101620.339   102734.860
 87  WAG+R6        50555.917    213 101537.835   101592.687   102717.194
 88  WAG+R7        50548.127    215 101526.253   101582.205   102716.686
 89  WAG+R8        50543.908    217 101521.817   101578.881   102723.323
 92  WAG+F         53103.993    222 106651.986   106711.884   107881.177
 93  WAG+F+I       52673.021    223 105792.042   105852.517   107026.770
 94  WAG+F+G4      50637.078    223 101720.155   101780.630   102954.883
 95  WAG+F+I+G4    50596.315    224 101640.629   101701.683   102880.894
 96  WAG+F+R2      51142.894    224 102733.787   102794.841   103974.052
 97  WAG+F+R3      50754.144    226 101960.288   102022.510   103211.627
 98  WAG+F+R4      50618.025    228 101692.049   101755.452   102954.462
 99  WAG+F+R5      50566.750    230 101593.500   101658.096   102866.986
100  WAG+F+R6      50549.294    232 101562.587   101628.389   102847.147
101  WAG+F+R7      50540.849    234 101549.697   101616.717   102845.331
102  WAG+F+R8      50536.442    236 101544.884   101613.136   102851.592
105  cpREV         53666.834    203 107739.668   107789.204   108863.658
106  cpREV+I       53227.854    204 106863.709   106913.763   107993.236
107  cpREV+G4      51154.397    204 102716.794   102766.848   103846.321
108  cpREV+I+G4    51107.291    205 102624.581   102675.156   103759.645
109  cpREV+R2      51694.456    205 103798.911   103849.486   104933.975
110  cpREV+R3      51275.916    207 102965.833   103017.459   104111.970
111  cpREV+R4      51140.642    209 102699.283   102751.973   103856.495
112  cpREV+R5      51089.774    211 102601.548   102655.312   103769.833
113  cpREV+R6      51071.726    213 102569.452   102624.304   103748.811
114  cpREV+R7      51062.769    215 102555.539   102611.491   103745.972
115  cpREV+R8      51057.828    217 102549.655   102606.719   103751.162
118  cpREV+F       53462.646    222 107369.293   107429.191   108598.484
119  cpREV+F+I     52996.887    223 106439.774   106500.248   107674.502
120  cpREV+F+G4    50922.673    223 102291.345   102351.820   103526.073
121  cpREV+F+I+G4  50870.677    224 102189.355   102250.409   103429.620
122  cpREV+F+R2    51475.383    224 103398.766   103459.820   104639.031
123  cpREV+F+R3    51043.427    226 102538.855   102601.077   103790.193
124  cpREV+F+R4    50909.100    228 102274.200   102337.603   103536.613
125  cpREV+F+R5    50859.856    230 102179.712   102244.307   103453.198
126  cpREV+F+R6    50840.023    232 102144.046   102209.848   103428.606
127  cpREV+F+R7    50830.532    234 102129.065   102196.085   103424.699
128  cpREV+F+R8    50824.933    236 102121.866   102190.117   103428.574
131  mtREV         58121.133    203 116648.266   116697.802   117772.256
132  mtREV+I       57755.273    204 115918.547   115968.601   117048.074
133  mtREV+G4      54208.095    204 108824.190   108874.244   109953.717
134  mtREV+I+G4    54183.105    205 108776.209   108826.784   109911.273
135  mtREV+R2      54867.510    205 110145.020   110195.595   111280.084
136  mtREV+R3      54385.779    207 109185.558   109237.184   110331.695
137  mtREV+R4      54218.867    209 108855.734   108908.423   110012.945
138  mtREV+R5      54161.129    211 108744.258   108798.022   109912.543
139  mtREV+R6      54134.029    213 108694.059   108748.911   109873.418
140  mtREV+R7      54118.154    215 108666.309   108722.261   109856.742
141  mtREV+R8      54107.186    217 108648.372   108705.436   109849.879
142  mtREV+R9      54083.801    219 108605.603   108663.791   109818.183
143  mtREV+R10     54044.864    221 108531.728   108591.054   109755.383
144  mtREV+F       55292.393    222 111028.786   111088.685   112257.978
145  mtREV+F+I     54854.654    223 110155.307   110215.782   111390.035
146  mtREV+F+G4    51823.237    223 104092.473   104152.948   105327.201
147  mtREV+F+I+G4  51784.989    224 104017.977   104079.031   105258.242
148  mtREV+F+R2    52477.464    224 105402.928   105463.982   106643.193
149  mtREV+F+R3    52006.860    226 104465.720   104527.942   105717.059
150  mtREV+F+R4    51839.983    228 104135.967   104199.369   105398.379
151  mtREV+F+R5    51795.428    230 104050.856   104115.452   105324.342
152  mtREV+F+R6    51768.802    232 104001.604   104067.406   105286.164
153  mtREV+F+R7    51752.086    234 103972.173   104039.193   105267.807
154  mtREV+F+R8    51738.875    236 103949.750   104018.002   105256.458
155  mtREV+F+R9    51717.035    238 103910.070   103979.566   105227.852
156  mtREV+F+R10   51690.103    240 103860.206   103930.959   105189.062
157  rtREV         53869.329    203 108144.658   108194.194   109268.648
158  rtREV+I       53480.205    204 107368.410   107418.464   108497.937
159  rtREV+G4      51069.723    204 102547.446   102597.500   103676.973
160  rtREV+I+G4    51042.878    205 102495.757   102546.331   103630.821
161  rtREV+R2      51610.905    205 103631.809   103682.384   104766.873
162  rtREV+R3      51207.517    207 102829.035   102880.661   103975.173
163  rtREV+R4      51060.794    209 102539.588   102592.277   103696.799
164  rtREV+R5      51009.163    211 102440.326   102494.090   103608.611
165  rtREV+R6      50989.293    213 102404.586   102459.438   103583.945
166  rtREV+R7      50980.473    215 102390.945   102446.897   103581.378
167  rtREV+R8      50976.163    217 102386.326   102443.390   103587.833
170  rtREV+F       53634.187    222 107712.373   107772.272   108941.564
171  rtREV+F+I     53234.232    223 106914.464   106974.939   108149.192
172  rtREV+F+G4    50742.431    223 101930.861   101991.336   103165.589
173  rtREV+F+I+G4  50710.999    224 101869.997   101931.051   103110.262
174  rtREV+F+R2    51287.097    224 103022.193   103083.247   104262.458
175  rtREV+F+R3    50871.912    226 102195.824   102258.046   103447.163
176  rtREV+F+R4    50736.216    228 101928.431   101991.834   103190.844
177  rtREV+F+R5    50678.670    230 101817.340   101881.935   103090.826
178  rtREV+F+R6    50656.183    232 101776.366   101842.168   103060.926
179  rtREV+F+R7    50645.627    234 101759.254   101826.274   103054.888
180  rtREV+F+R8    50639.954    236 101751.908   101820.160   103058.616
183  mtART         60019.235    203 120444.469   120494.005   121568.459
184  mtART+I       59584.051    204 119576.103   119626.157   120705.630
185  mtART+G4      54672.490    204 109752.979   109803.033   110882.506
186  mtART+I+G4    54640.033    205 109690.067   109740.641   110825.130
187  mtART+R2      55712.145    205 111834.290   111884.865   112969.354
188  mtART+R3      54946.702    207 110307.403   110359.029   111453.541
189  mtART+R4      54748.613    209 109915.227   109967.916   111072.438
190  mtART+R5      54673.291    211 109768.581   109822.346   110936.867
191  mtART+R6      54629.120    213 109684.239   109739.091   110863.598
192  mtART+R7      54608.553    215 109647.106   109703.058   110837.539
193  mtART+R8      54592.076    217 109618.152   109675.216   110819.658
194  mtART+R9      54551.133    219 109540.267   109598.455   110752.847
195  mtART+R10     54479.681    221 109401.363   109460.688   110625.017
196  mtART+F       57069.625    222 114583.251   114643.149   115812.442
197  mtART+F+I     56577.840    223 113601.680   113662.155   114836.408
198  mtART+F+G4    52427.021    223 105300.042   105360.517   106534.770
199  mtART+F+I+G4  52403.218    224 105254.436   105315.490   106494.701
200  mtART+F+R2    53417.411    224 107282.822   107343.876   108523.087
201  mtART+F+R3    52755.748    226 105963.496   106025.718   107214.835
202  mtART+F+R4    52556.155    228 105568.309   105631.712   106830.722
203  mtART+F+R5    52466.692    230 105393.383   105457.979   106666.870
204  mtART+F+R6    52419.492    232 105302.983   105368.785   106587.544
205  mtART+F+R7    52399.134    234 105266.269   105333.289   106561.903
206  mtART+F+R8    52381.759    236 105235.519   105303.770   106542.227
207  mtART+F+R9    52346.843    238 105169.685   105239.181   106487.467
208  mtART+F+R10   52288.114    240 105056.227   105126.980   106385.083
209  mtZOA         57955.620    203 116317.240   116366.776   117441.230
210  mtZOA+I       57523.534    204 115455.068   115505.122   116584.595
211  mtZOA+G4      53321.844    204 107051.689   107101.743   108181.216
212  mtZOA+I+G4    53283.456    205 106976.912   107027.487   108111.976
213  mtZOA+R2      54080.640    205 108571.279   108621.854   109706.343
214  mtZOA+R3      53529.208    207 107472.416   107524.042   108618.554
215  mtZOA+R4      53361.945    209 107141.890   107194.580   108299.102
216  mtZOA+R5      53292.300    211 107006.601   107060.365   108174.886
217  mtZOA+R6      53258.355    213 106942.711   106997.563   108122.070
218  mtZOA+R7      53237.597    215 106905.193   106961.145   108095.626
219  mtZOA+R8      53222.740    217 106879.481   106936.545   108080.987
220  mtZOA+R9      53194.940    219 106827.881   106886.069   108040.461
221  mtZOA+R10     53153.085    221 106748.170   106807.495   107971.824
222  mtZOA+F       55784.210    222 112012.421   112072.319   113241.612
223  mtZOA+F+I     55282.127    223 111010.253   111070.728   112244.981
224  mtZOA+F+G4    51751.101    223 103948.203   104008.678   105182.931
225  mtZOA+F+I+G4  51712.460    224 103872.921   103933.975   105113.186
226  mtZOA+F+R2    52523.616    224 105495.232   105556.285   106735.496
227  mtZOA+F+R3    51994.605    226 104441.210   104503.432   105692.549
228  mtZOA+F+R4    51825.528    228 104107.055   104170.458   105369.468
229  mtZOA+F+R5    51760.577    230 103981.154   104045.750   105254.640
230  mtZOA+F+R6    51724.508    232 103913.016   103978.818   105197.576
231  mtZOA+F+R7    51707.228    234 103882.457   103949.477   105178.091
232  mtZOA+F+R8    51693.965    236 103859.931   103928.182   105166.638
233  mtZOA+F+R9    51667.905    238 103811.810   103881.305   105129.591
234  mtZOA+F+R10   51624.256    240 103728.511   103799.264   105057.367
235  VT            53262.891    203 106931.782   106981.318   108055.772
236  VT+I          52831.275    204 106070.551   106120.605   107200.078
237  VT+G4         50820.589    204 102049.178   102099.232   103178.705
238  VT+I+G4       50781.846    205 101973.691   102024.266   103108.755
239  VT+R2         51304.287    205 103018.574   103069.148   104153.638
240  VT+R3         50922.484    207 102258.969   102310.595   103405.107
241  VT+R4         50791.991    209 102001.981   102054.670   103159.193
242  VT+R5         50748.781    211 101919.562   101973.327   103087.848
243  VT+R6         50734.802    213 101895.603   101950.455   103074.962
244  VT+R7         50730.639    215 101891.278   101947.230   103081.711
248  VT+F          53251.294    222 106946.589   107006.487   108175.780
249  VT+F+I        52826.864    223 106099.729   106160.204   107334.457
250  VT+F+G4       50812.160    223 102070.320   102130.795   103305.048
251  VT+F+I+G4     50769.940    224 101987.879   102048.933   103228.144
252  VT+F+R2       51289.884    224 103027.769   103088.822   104268.034
253  VT+F+R3       50912.023    226 102276.047   102338.269   103527.385
254  VT+F+R4       50777.827    228 102011.654   102075.057   103274.067
255  VT+F+R5       50737.440    230 101934.880   101999.475   103208.366
256  VT+F+R6       50723.121    232 101910.241   101976.043   103194.802
257  VT+F+R7       50718.638    234 101905.276   101972.296   103200.910
261  LG            53431.085    203 107268.170   107317.706   108392.160
262  LG+I          53008.667    204 106425.333   106475.387   107554.860
263  LG+G4         50546.639    204 101501.277   101551.331   102630.804
264  LG+I+G4       50508.651    205 101427.303   101477.878   102562.367
265  LG+R2         51112.011    205 102634.022   102684.597   103769.086
266  LG+R3         50691.261    207 101796.521   101848.147   102942.659
267  LG+R4         50531.525    209 101481.049   101533.739   102638.261
268  LG+R5         50492.721    211 101407.443   101461.207   102575.728
269  LG+R6         50471.843    213 101369.686   101424.538   102549.045
270  LG+R7         50462.811    215 101355.622   101411.574   102546.055
271  LG+R8         50448.129    217 101330.257   101387.321   102531.764
272  LG+R9         50438.821    219 101315.642   101373.831   102528.223
273  LG+R10        50431.142    221 101304.283   101363.609   102527.938
274  LG+F          53476.316    222 107396.631   107456.529   108625.822
275  LG+F+I        53052.519    223 106551.037   106611.512   107785.765
276  LG+F+G4       50571.043    223 101588.087   101648.561   102822.815
277  LG+F+I+G4     50526.964    224 101501.928   101562.982   102742.193
278  LG+F+R2       51133.595    224 102715.190   102776.244   103955.455
279  LG+F+R3       50711.879    226 101875.757   101937.979   103127.096
280  LG+F+R4       50557.302    228 101570.604   101634.006   102833.016
281  LG+F+R5       50516.501    230 101493.002   101557.598   102766.488
282  LG+F+R6       50495.024    232 101454.048   101519.849   102738.608
283  LG+F+R7       50485.523    234 101439.046   101506.067   102734.680
284  LG+F+R8       50469.419    236 101410.838   101479.090   102717.546
285  LG+F+R9       50459.491    238 101394.982   101464.478   102712.764
286  LG+F+R10      50451.390    240 101382.779   101453.532   102711.635
287  DCMut         54207.545    203 108821.091   108870.627   109945.081
288  DCMut+I       53656.656    204 107721.312   107771.365   108850.839
289  DCMut+G4      51377.216    204 103162.432   103212.486   104291.959
290  DCMut+I+G4    51331.377    205 103072.754   103123.329   104207.818
291  DCMut+R2      51989.638    205 104389.277   104439.852   105524.341
292  DCMut+R3      51537.735    207 103489.469   103541.095   104635.607
293  DCMut+R4      51367.127    209 103152.254   103204.943   104309.466
294  DCMut+R5      51325.826    211 103073.652   103127.417   104241.938
295  DCMut+R6      51303.063    213 103032.126   103086.978   104211.485
296  DCMut+R7      51295.389    215 103020.778   103076.730   104211.211
297  DCMut+R8      51285.909    217 103005.818   103062.882   104207.325
298  DCMut+R9      51277.305    219 102992.610   103050.798   104205.191
299  DCMut+R10     51267.802    221 102977.603   103036.929   104201.258
300  DCMut+F       54269.846    222 108983.693   109043.591   110212.884
301  DCMut+F+I     53731.495    223 107908.990   107969.465   109143.718
302  DCMut+F+G4    51387.673    223 103221.347   103281.821   104456.075
303  DCMut+F+I+G4  51337.006    224 103122.012   103183.066   104362.277
304  DCMut+F+R2    51998.217    224 104444.433   104505.487   105684.698
305  DCMut+F+R3    51548.085    226 103548.170   103610.392   104799.509
306  DCMut+F+R4    51380.755    228 103217.510   103280.913   104479.923
307  DCMut+F+R5    51339.082    230 103138.164   103202.760   104411.651
308  DCMut+F+R6    51315.800    232 103095.600   103161.402   104380.160
309  DCMut+F+R7    51306.982    234 103081.964   103148.984   104377.598
310  DCMut+F+R8    51294.528    236 103061.056   103129.307   104367.764
311  DCMut+F+R9    51284.622    238 103045.244   103114.739   104363.025
312  DCMut+F+R10   51274.123    240 103028.246   103098.998   104357.101
313  PMB           53429.580    203 107265.161   107314.697   108389.151
314  PMB+I         53033.810    204 106475.620   106525.674   107605.147
315  PMB+G4        51068.259    204 102544.518   102594.572   103674.045
316  PMB+I+G4      51030.736    205 102471.472   102522.047   103606.536
317  PMB+R2        51525.586    205 103461.172   103511.747   104596.236
318  PMB+R3        51169.236    207 102752.471   102804.097   103898.609
319  PMB+R4        51021.836    209 102461.673   102514.362   103618.884
320  PMB+R5        50991.165    211 102404.331   102458.095   103572.616
321  PMB+R6        50981.255    213 102388.510   102443.362   103567.869
322  PMB+R7        50976.958    215 102383.916   102439.868   103574.349
326  PMB+F         53371.946    222 107187.893   107247.791   108417.084
327  PMB+F+I       52972.299    223 106390.598   106451.073   107625.326
328  PMB+F+G4      51002.692    223 102451.383   102511.858   103686.111
329  PMB+F+I+G4    50962.839    224 102373.677   102434.731   103613.942
330  PMB+F+R2      51467.285    224 103382.570   103443.624   104622.835
331  PMB+F+R3      51105.007    226 102662.014   102724.236   103913.353
332  PMB+F+R4      50954.993    228 102365.986   102429.389   103628.399
333  PMB+F+R5      50926.384    230 102312.768   102377.364   103586.255
334  PMB+F+R6      50916.441    232 102296.883   102362.684   103581.443
335  PMB+F+R7      50912.051    234 102292.103   102359.123   103587.737
339  HIVb          56164.382    203 112734.764   112784.299   113858.754
340  HIVb+I        55604.657    204 111617.315   111667.369   112746.842
341  HIVb+G4       52548.326    204 105504.651   105554.705   106634.178
342  HIVb+I+G4     52494.196    205 105398.392   105448.967   106533.456
343  HIVb+R2       53272.738    205 106955.475   107006.050   108090.539
344  HIVb+R3       52729.726    207 105873.453   105925.078   107019.590
345  HIVb+R4       52526.832    209 105471.664   105524.353   106628.876
346  HIVb+R5       52497.968    211 105417.935   105471.700   106586.221
347  HIVb+R6       52478.128    213 105382.257   105437.109   106561.616
348  HIVb+R7       52465.931    215 105361.863   105417.815   106552.296
349  HIVb+R8       52440.516    217 105315.032   105372.096   106516.539
350  HIVb+R9       52422.129    219 105282.258   105340.447   106494.839
351  HIVb+R10      52399.041    221 105240.082   105299.407   106463.736
352  HIVb+F        56076.895    222 112597.790   112657.688   113826.981
353  HIVb+F+I      55505.286    223 111456.571   111517.046   112691.299
354  HIVb+F+G4     52352.130    223 105150.260   105210.735   106384.988
355  HIVb+F+I+G4   52294.673    224 105037.346   105098.400   106277.611
356  HIVb+F+R2     53074.021    224 106596.042   106657.096   107836.307
357  HIVb+F+R3     52542.006    226 105536.013   105598.234   106787.351
358  HIVb+F+R4     52336.124    228 105128.247   105191.650   106390.660
359  HIVb+F+R5     52310.403    230 105080.805   105145.401   106354.291
360  HIVb+F+R6     52292.757    232 105049.515   105115.316   106334.075
361  HIVb+F+R7     52283.441    234 105034.881   105101.901   106330.515
362  HIVb+F+R8     52253.689    236 104979.379   105047.630   106286.087
363  HIVb+F+R9     52231.322    238 104938.643   105008.139   106256.425
364  HIVb+F+R10    52200.501    240 104881.002   104951.754   106209.857
365  HIVw          58396.979    203 117199.957   117249.493   118323.947
366  HIVw+I        57756.208    204 115920.416   115970.470   117049.943
367  HIVw+G4       54783.202    204 109974.403   110024.457   111103.930
368  HIVw+I+G4     54737.723    205 109885.446   109936.021   111020.510
369  HIVw+R2       55572.898    205 111555.795   111606.370   112690.859
370  HIVw+R3       55012.739    207 110439.478   110491.104   111585.616
371  HIVw+R4       54786.591    209 109991.181   110043.870   111148.393
372  HIVw+R5       54751.098    211 109924.196   109977.961   111092.482
373  HIVw+R6       54730.505    213 109887.010   109941.862   111066.369
374  HIVw+R7       54718.660    215 109867.320   109923.272   111057.753
375  HIVw+R8       54694.567    217 109823.133   109880.197   111024.640
376  HIVw+R9       54678.836    219 109795.673   109853.861   111008.253
377  HIVw+R10      54660.133    221 109762.266   109821.592   110985.921
378  HIVw+F        57517.027    222 115478.054   115537.952   116707.245
379  HIVw+F+I      56856.904    223 114159.808   114220.283   115394.536
380  HIVw+F+G4     53826.773    223 108099.546   108160.021   109334.274
381  HIVw+F+I+G4   53752.323    224 107952.646   108013.700   109192.911
382  HIVw+F+R2     54604.017    224 109656.034   109717.088   110896.299
383  HIVw+F+R3     54045.904    226 108543.808   108606.030   109795.147
384  HIVw+F+R4     53831.905    228 108119.810   108183.213   109382.223
385  HIVw+F+R5     53795.645    230 108051.290   108115.886   109324.777
386  HIVw+F+R6     53774.436    232 108012.872   108078.673   109297.432
387  HIVw+F+R7     53760.844    234 107989.687   108056.707   109285.321
388  HIVw+F+R8     53729.460    236 107930.920   107999.171   109237.628
389  HIVw+F+R9     53708.087    238 107892.175   107961.670   109209.956
390  HIVw+F+R10    53679.852    240 107839.703   107910.456   109168.559
391  JTTDCMut      53968.361    203 108342.723   108392.259   109466.713
392  JTTDCMut+I    53488.820    204 107385.640   107435.694   108515.167
393  JTTDCMut+G4   51111.280    204 102630.560   102680.614   103760.087
394  JTTDCMut+I+G4 51060.026    205 102530.051   102580.626   103665.115
395  JTTDCMut+R2   51694.126    205 103798.252   103848.827   104933.316
396  JTTDCMut+R3   51252.439    207 102918.877   102970.503   104065.015
397  JTTDCMut+R4   51080.770    209 102579.540   102632.229   103736.751
398  JTTDCMut+R5   51044.265    211 102510.529   102564.293   103678.814
399  JTTDCMut+R6   51029.438    213 102484.876   102539.728   103664.236
400  JTTDCMut+R7   51021.449    215 102472.897   102528.849   103663.330
401  JTTDCMut+R8   51007.231    217 102448.462   102505.526   103649.969
402  JTTDCMut+R9   50998.322    219 102434.643   102492.832   103647.224
403  JTTDCMut+R10  50990.738    221 102423.475   102482.801   103647.130
404  JTTDCMut+F    54078.168    222 108600.336   108660.234   109829.527
405  JTTDCMut+F+I  53602.902    223 107651.803   107712.278   108886.531
406  JTTDCMut+F+G4 51187.726    223 102821.452   102881.927   104056.180
407  JTTDCMut+F+I+G4 51129.311    224 102706.622   102767.676   103946.887
408  JTTDCMut+F+R2 51765.488    224 103978.976   104040.030   105219.241
409  JTTDCMut+F+R3 51322.457    226 103096.914   103159.136   104348.253
410  JTTDCMut+F+R4 51159.060    228 102774.119   102837.522   104036.532
411  JTTDCMut+F+R5 51119.922    230 102699.845   102764.441   103973.331
412  JTTDCMut+F+R6 51105.023    232 102674.045   102739.847   103958.605
413  JTTDCMut+F+R7 51096.276    234 102660.553   102727.573   103956.186
414  JTTDCMut+F+R8 51079.283    236 102630.565   102698.816   103937.273
415  JTTDCMut+F+R9 51068.835    238 102613.670   102683.166   103931.452
416  JTTDCMut+F+R10 51059.365    240 102598.731   102669.483   103927.586
417  FLU           55587.098    203 111580.195   111629.731   112704.186
418  FLU+I         55103.844    204 110615.688   110665.742   111745.215
419  FLU+G4        52272.069    204 104952.137   105002.191   106081.664
420  FLU+I+G4      52229.135    205 104868.270   104918.845   106003.334
421  FLU+R2        52915.696    205 106241.392   106291.967   107376.456
422  FLU+R3        52452.339    207 105318.679   105370.304   106464.816
423  FLU+R4        52260.052    209 104938.105   104990.794   106095.316
424  FLU+R5        52231.766    211 104885.532   104939.297   106053.818
425  FLU+R6        52216.802    213 104859.604   104914.456   106038.963
426  FLU+R7        52206.565    215 104843.130   104899.082   106033.563
427  FLU+R8        52183.180    217 104800.360   104857.424   106001.867
428  FLU+R9        52168.696    219 104775.393   104833.581   105987.973
429  FLU+R10       52152.005    221 104746.009   104805.335   105969.664
430  FLU+F         55353.842    222 111151.684   111211.582   112380.875
431  FLU+F+I       54880.256    223 110206.513   110266.987   111441.241
432  FLU+F+G4      51965.423    223 104376.847   104437.321   105611.575
433  FLU+F+I+G4    51920.731    224 104289.462   104350.516   105529.727
434  FLU+F+R2      52584.385    224 105616.771   105677.825   106857.036
435  FLU+F+R3      52134.169    226 104720.338   104782.560   105971.676
436  FLU+F+R4      51950.775    228 104357.549   104420.952   105619.962
437  FLU+F+R5      51921.911    230 104303.822   104368.417   105577.308
438  FLU+F+R6      51910.699    232 104285.398   104351.200   105569.959
439  FLU+F+R7      51902.977    234 104273.953   104340.973   105569.587
440  FLU+F+R8      51881.832    236 104235.665   104303.916   105542.372
441  FLU+F+R9      51868.255    238 104212.509   104282.005   105530.291
442  FLU+F+R10     51849.800    240 104179.601   104250.353   105508.456
443  Blosum62      53358.815    203 107123.630   107173.166   108247.620
444  Blosum62+I    52964.655    204 106337.310   106387.364   107466.837
445  Blosum62+G4   51002.361    204 102412.722   102462.775   103542.249
446  Blosum62+I+G4 50969.812    205 102349.624   102400.198   103484.687
447  Blosum62+R2   51455.523    205 103321.046   103371.620   104456.109
448  Blosum62+R3   51106.689    207 102627.379   102679.005   103773.517
449  Blosum62+R4   50949.756    209 102317.512   102370.201   103474.723
450  Blosum62+R5   50927.758    211 102277.516   102331.280   103445.801
451  Blosum62+R6   50918.680    213 102263.361   102318.213   103442.720
452  Blosum62+R7   50914.916    215 102259.833   102315.785   103450.266
456  Blosum62+F    53299.485    222 107042.970   107102.868   108272.161
457  Blosum62+F+I  52898.306    223 106242.612   106303.087   107477.340
458  Blosum62+F+G4 50935.146    223 102316.293   102376.767   103551.021
459  Blosum62+F+I+G4 50901.108    224 102250.216   102311.270   103490.481
460  Blosum62+F+R2 51393.900    224 103235.799   103296.853   104476.064
461  Blosum62+F+R3 51038.518    226 102529.036   102591.258   103780.375
462  Blosum62+F+R4 50883.283    228 102222.566   102285.969   103484.979
463  Blosum62+F+R5 50859.779    230 102179.558   102244.154   103453.045
464  Blosum62+F+R6 50850.655    232 102165.310   102231.112   103449.870
465  Blosum62+F+R7 50846.984    234 102161.968   102228.988   103457.602
469  mtMet         58515.568    203 117437.135   117486.671   118561.125
470  mtMet+I       58090.305    204 116588.610   116638.663   117718.137
471  mtMet+G4      54315.337    204 109038.674   109088.727   110168.201
472  mtMet+I+G4    54272.905    205 108955.809   109006.384   110090.873
473  mtMet+R2      55003.736    205 110417.472   110468.047   111552.536
474  mtMet+R3      54470.001    207 109354.002   109405.628   110500.140
475  mtMet+R4      54301.171    209 109020.341   109073.030   110177.553
476  mtMet+R5      54264.093    211 108950.186   109003.951   110118.471
477  mtMet+R6      54255.769    213 108937.538   108992.390   110116.897
478  mtMet+R7      54247.371    215 108924.743   108980.695   110115.176
479  mtMet+R8      54208.154    217 108850.308   108907.371   110051.814
480  mtMet+R9      54194.381    219 108826.761   108884.950   110039.342
481  mtMet+R10     54177.997    221 108797.994   108857.319   110021.648
482  mtMet+F       55782.986    222 112009.973   112069.871   113239.164
483  mtMet+F+I     55272.412    223 110990.823   111051.298   112225.551
484  mtMet+F+G4    51987.574    223 104421.148   104481.622   105655.876
485  mtMet+F+I+G4  51932.448    224 104312.896   104373.950   105553.161
486  mtMet+F+R2    52686.985    224 105821.971   105883.025   107062.236
487  mtMet+F+R3    52181.025    226 104814.050   104876.272   106065.388
488  mtMet+F+R4    51997.320    228 104450.639   104514.042   105713.052
489  mtMet+F+R5    51973.389    230 104406.777   104471.373   105680.263
490  mtMet+F+R6    51964.199    232 104392.398   104458.200   105676.958
491  mtMet+F+R7    51956.386    234 104380.771   104447.792   105676.405
492  mtMet+F+R8    51919.625    236 104311.251   104379.502   105617.959
493  mtMet+F+R9    51904.912    238 104285.823   104355.319   105603.605
494  mtMet+F+R10   51886.166    240 104252.331   104323.084   105581.187
495  mtVer         59550.301    203 119506.601   119556.137   120630.592
496  mtVer+I       59115.430    204 118638.861   118688.915   119768.388
497  mtVer+G4      54817.189    204 110042.379   110092.433   111171.906
498  mtVer+I+G4    54771.462    205 109952.923   110003.498   111087.987
499  mtVer+R2      55529.530    205 111469.059   111519.634   112604.123
500  mtVer+R3      55020.011    207 110454.022   110505.648   111600.160
501  mtVer+R4      54807.354    209 110032.709   110085.398   111189.920
502  mtVer+R5      54781.041    211 109984.082   110037.847   111152.367
503  mtVer+R6      54772.001    213 109970.001   110024.853   111149.360
504  mtVer+R7      54764.072    215 109958.144   110014.096   111148.577
505  mtVer+R8      54729.135    217 109892.270   109949.333   111093.776
506  mtVer+R9      54712.831    219 109863.663   109921.851   111076.243
507  mtVer+R10     54689.439    221 109820.879   109880.204   111044.533
508  mtVer+F       56863.476    222 114170.953   114230.851   115400.144
509  mtVer+F+I     56303.924    223 113053.847   113114.322   114288.576
510  mtVer+F+G4    52699.003    223 105844.007   105904.481   107078.735
511  mtVer+F+I+G4  52652.298    224 105752.595   105813.649   106992.860
512  mtVer+F+R2    53476.662    224 107401.323   107462.377   108641.588
513  mtVer+F+R3    52958.361    226 106368.722   106430.944   107620.061
514  mtVer+F+R4    52737.596    228 105931.192   105994.595   107193.605
515  mtVer+F+R5    52713.489    230 105886.978   105951.574   107160.464
516  mtVer+F+R6    52701.911    232 105867.823   105933.624   107152.383
517  mtVer+F+R7    52692.704    234 105853.408   105920.428   107149.042
518  mtVer+F+R8    52650.883    236 105773.766   105842.017   107080.474
519  mtVer+F+R9    52634.797    238 105745.595   105815.090   107063.376
520  mtVer+F+R10   52616.240    240 105712.480   105783.232   107041.335
521  mtInv         58265.626    203 116937.252   116986.787   118061.242
522  mtInv+I       57832.845    204 116073.689   116123.743   117203.216
523  mtInv+G4      54474.278    204 109356.555   109406.609   110486.082
524  mtInv+I+G4    54437.115    205 109284.229   109334.804   110419.293
525  mtInv+R2      55074.049    205 110558.099   110608.674   111693.163
526  mtInv+R3      54619.899    207 109653.798   109705.424   110799.935
527  mtInv+R4      54458.871    209 109335.741   109388.430   110492.953
528  mtInv+R5      54416.078    211 109254.157   109307.921   110422.442
529  mtInv+R6      54408.038    213 109242.076   109296.928   110421.435
530  mtInv+R7      54400.713    215 109231.426   109287.378   110421.859
534  mtInv+F       54979.358    222 110402.715   110462.614   111631.907
535  mtInv+F+I     54468.621    223 109383.242   109443.717   110617.970
536  mtInv+F+G4    51581.231    223 103608.463   103668.937   104843.191
537  mtInv+F+I+G4  51529.273    224 103506.547   103567.601   104746.812
538  mtInv+F+R2    52237.253    224 104922.506   104983.559   106162.771
539  mtInv+F+R3    51755.976    226 103963.953   104026.175   105215.292
540  mtInv+F+R4    51579.530    228 103615.059   103678.462   104877.472
541  mtInv+F+R5    51554.299    230 103568.598   103633.193   104842.084
542  mtInv+F+R6    51545.680    232 103555.360   103621.162   104839.921
543  mtInv+F+R7    51537.322    234 103542.644   103609.664   104838.278
544  mtInv+F+R8    51504.940    236 103481.880   103550.132   104788.588
545  mtInv+F+R9    51491.594    238 103459.188   103528.684   104776.970
546  mtInv+F+R10   51474.110    240 103428.221   103498.973   104757.076
Akaike Information Criterion:           LG+R10
Corrected Akaike Information Criterion: LG+R10
Bayesian Information Criterion:         LG+R10
Best-fit model: LG+R10 chosen according to BIC

All model information printed to K01933.blastp_ALL.outfmt6.parsed.filtered.uniq.faa.mafft.aln.model.gz
CPU time for ModelFinder: 17927.470 seconds (4h:58m:47s)
Wall-clock time for ModelFinder: 8779.173 seconds (2h:26m:19s)
Generating 2000 samples for ultrafast bootstrap (seed: 425610)...

NOTE: 264 MB RAM (0 GB) is required!
Measuring multi-threading efficiency up to 2 CPU cores
2 trees examined
Threads: 1 / Time: 2.619 sec / Speedup: 1.000 / Efficiency: 100% / LogL: -75119
Threads: 2 / Time: 2.129 sec / Speedup: 1.230 / Efficiency: 62% / LogL: -75119
BEST NUMBER OF THREADS: 2

Estimate model parameters (epsilon = 0.100)
1. Initial log-likelihood: -50442.015
2. Current log-likelihood: -50433.601
3. Current log-likelihood: -50432.535
4. Current log-likelihood: -50431.992
5. Current log-likelihood: -50431.615
6. Current log-likelihood: -50431.336
7. Current log-likelihood: -50431.190
8. Current log-likelihood: -50431.066
9. Current log-likelihood: -50430.956
Optimal log-likelihood: -50430.804
Site proportion and rates:  (0.113,0.047) (0.109,0.188) (0.106,0.271) (0.086,0.474) (0.084,0.549) (0.073,0.916) (0.083,0.972) (0.076,1.263) (0.132,1.757) (0.137,2.790)
Parameters optimization took 9 rounds (171.028 sec)
Computing ML distances based on estimated model parameters... 13.078 sec
Computing BIONJ tree...
0.010 seconds
Log-likelihood of BIONJ tree: -50588.297
--------------------------------------------------------------------
|             INITIALIZING CANDIDATE TREE SET                      |
--------------------------------------------------------------------
Generating 98 parsimony trees... 16.088 second
Computing log-likelihood of 98 initial trees ... 194.009 seconds
Current best score: -50430.804

Do NNI search on 20 best initial trees
Estimate model parameters (epsilon = 0.100)
BETTER TREE FOUND at iteration 1: -50322.607
Estimate model parameters (epsilon = 0.100)
BETTER TREE FOUND at iteration 2: -50282.577
Iteration 10 / LogL: -50312.611 / Time: 0h:11m:26s
Iteration 20 / LogL: -50287.920 / Time: 0h:14m:42s
Finish initializing candidate tree set (20)
Current best tree score: -50282.577 / CPU time: 684.591
Number of iterations: 20
--------------------------------------------------------------------
|               OPTIMIZING CANDIDATE TREE SET                      |
--------------------------------------------------------------------
Estimate model parameters (epsilon = 0.100)
BETTER TREE FOUND at iteration 27: -50281.471
Estimate model parameters (epsilon = 0.100)
BETTER TREE FOUND at iteration 29: -50272.092
Iteration 30 / LogL: -50280.712 / Time: 0h:20m:5s (1h:8m:35s left)
Estimate model parameters (epsilon = 0.100)
BETTER TREE FOUND at iteration 36: -50265.557
Iteration 40 / LogL: -50270.543 / Time: 0h:24m:11s (0h:59m:33s left)
Iteration 50 / LogL: -50273.218 / Time: 0h:27m:37s (0h:48m:28s left)
Log-likelihood cutoff on original alignment: -50369.081
Estimate model parameters (epsilon = 0.100)
BETTER TREE FOUND at iteration 54: -50259.779
Estimate model parameters (epsilon = 0.100)
BETTER TREE FOUND at iteration 60: -50257.508
Iteration 60 / LogL: -50257.508 / Time: 0h:32m:10s (0h:54m:32s left)
Estimate model parameters (epsilon = 0.100)
BETTER TREE FOUND at iteration 62: -50257.387
Estimate model parameters (epsilon = 0.100)
BETTER TREE FOUND at iteration 63: -50256.191
Iteration 70 / LogL: -50256.911 / Time: 0h:36m:7s (0h:48m:41s left)
Estimate model parameters (epsilon = 0.100)
BETTER TREE FOUND at iteration 71: -50255.500
Iteration 80 / LogL: -50257.391 / Time: 0h:40m:0s (0h:46m:5s left)
Estimate model parameters (epsilon = 0.100)
BETTER TREE FOUND at iteration 83: -50254.851
Iteration 90 / LogL: -50256.352 / Time: 0h:44m:20s (0h:46m:20s left)
Iteration 100 / LogL: -50258.157 / Time: 0h:47m:55s (0h:40m:10s left)
Log-likelihood cutoff on original alignment: -50369.081
NOTE: Bootstrap correlation coefficient of split occurrence frequencies: 0.984
NOTE: UFBoot does not converge, continue at least 100 more iterations
Estimate model parameters (epsilon = 0.100)
BETTER TREE FOUND at iteration 110: -50254.496
Iteration 110 / LogL: -50254.496 / Time: 0h:51m:35s (0h:47m:20s left)
Iteration 120 / LogL: -50255.386 / Time: 0h:55m:14s (0h:41m:46s left)
Iteration 130 / LogL: -50265.059 / Time: 0h:59m:6s (0h:36m:39s left)
Iteration 140 / LogL: -50270.805 / Time: 1h:2m:55s (0h:31m:41s left)
Iteration 150 / LogL: -50262.598 / Time: 1h:7m:1s (0h:26m:59s left)
Log-likelihood cutoff on original alignment: -50369.081
Iteration 160 / LogL: -50259.203 / Time: 1h:10m:45s (0h:22m:15s left)
Iteration 170 / LogL: -50268.742 / Time: 1h:14m:36s (0h:17m:39s left)
Iteration 180 / LogL: -50255.047 / Time: 1h:16m:59s (0h:12m:54s left)
Iteration 190 / LogL: -50256.355 / Time: 1h:20m:35s (0h:8m:31s left)
Iteration 200 / LogL: -50264.822 / Time: 1h:23m:35s (0h:4m:12s left)
Log-likelihood cutoff on original alignment: -50369.081
NOTE: Bootstrap correlation coefficient of split occurrence frequencies: 0.998
Iteration 210 / LogL: -50262.489 / Time: 1h:27m:24s (0h:37m:38s left)
TREE SEARCH COMPLETED AFTER 211 ITERATIONS / Time: 1h:27m:48s

--------------------------------------------------------------------
|                    FINALIZING TREE SEARCH                        |
--------------------------------------------------------------------
Performs final model parameters optimization
Estimate model parameters (epsilon = 0.010)
1. Initial log-likelihood: -50254.496
Optimal log-likelihood: -50254.493
Site proportion and rates:  (0.106,0.046) (0.125,0.184) (0.119,0.310) (0.072,0.505) (0.072,0.554) (0.083,0.910) (0.073,0.910) (0.072,1.424) (0.125,1.620) (0.153,2.689)
Parameters optimization took 1 rounds (5.464 sec)
BEST SCORE FOUND : -50254.493
Creating bootstrap support values...
Split supports printed to NEXUS file K01933.blastp_ALL.outfmt6.parsed.filtered.uniq.faa.mafft.aln.splits.nex
Total tree length: 60.593

Total number of iterations: 211
CPU time used for tree search: 9981.355 sec (2h:46m:21s)
Wall-clock time used for tree search: 5070.861 sec (1h:24m:30s)
Total CPU time used: 10380.764 sec (2h:53m:0s)
Total wall-clock time used: 5274.874 sec (1h:27m:54s)

Computing bootstrap consensus tree...
Reading input file K01933.blastp_ALL.outfmt6.parsed.filtered.uniq.faa.mafft.aln.splits.nex...
103 taxa and 728 splits.
Consensus tree written to K01933.blastp_ALL.outfmt6.parsed.filtered.uniq.faa.mafft.aln.contree
Reading input trees file K01933.blastp_ALL.outfmt6.parsed.filtered.uniq.faa.mafft.aln.contree
Log-likelihood of consensus tree: -50254.493

Analysis results written to: 
  IQ-TREE report:                K01933.blastp_ALL.outfmt6.parsed.filtered.uniq.faa.mafft.aln.iqtree
  Maximum-likelihood tree:       K01933.blastp_ALL.outfmt6.parsed.filtered.uniq.faa.mafft.aln.treefile
  Likelihood distances:          K01933.blastp_ALL.outfmt6.parsed.filtered.uniq.faa.mafft.aln.mldist

Ultrafast bootstrap approximation results written to:
  Split support values:          K01933.blastp_ALL.outfmt6.parsed.filtered.uniq.faa.mafft.aln.splits.nex
  Consensus tree:                K01933.blastp_ALL.outfmt6.parsed.filtered.uniq.faa.mafft.aln.contree
  Screen log file:               K01933.blastp_ALL.outfmt6.parsed.filtered.uniq.faa.mafft.aln.log

Date and Time: Wed May 26 07:10:32 2021
