IQ-TREE multicore version 1.6.12 for Linux 64-bit built Aug 15 2019
Developed by Bui Quang Minh, Nguyen Lam Tung, Olga Chernomor,
Heiko Schmidt, Dominik Schrempf, Michael Woodhams.

Host:    coral (AVX512, FMA3, 376 GB RAM)
Command: /home/timothy/programs/iqtree-1.6.12-Linux/bin/iqtree -s K01937.blastp_ALL.outfmt6.parsed.filtered.uniq.faa.mafft.aln.trimal1 -nt AUTO -ntmax 2 -m MFP -bb 2000 -quiet
Seed:    35044 (Using SPRNG - Scalable Parallel Random Number Generator)
Time:    Wed Sep  8 23:15:42 2021
Kernel:  AVX+FMA - auto-detect threads (96 CPU cores detected)

Reading alignment file K01937.blastp_ALL.outfmt6.parsed.filtered.uniq.faa.mafft.aln.trimal1 ... Fasta format detected
Alignment most likely contains protein sequences
Alignment has 118 sequences with 413 columns, 378 distinct patterns
323 parsimony-informative, 23 singleton sites, 67 constant sites
                                                                                                                                                       Gap/Ambiguity  Composition  p-value
   1  Archaea-CandidatusBathyarchaeota-NA-NA-NA-Candidatus_Bathyarchaeota_archaeon_WP_116578214.1                                                              1.21%    passed     72.32%
   2  Archaea-Crenarchaeota-Thermoprotei-Desulfurococcales-Pyrodictiaceae-Pyrolobus_fumarii_WP_014026189.1                                                     1.21%    passed     69.07%
   3  Archaea-Crenarchaeota-Thermoprotei-Sulfolobales-Sulfolobaceae-Acidianus_hospitalis_WP_013775404.1                                                        1.21%    passed     67.41%
   4  Archaea-Euryarchaeota-NA-NA-NA-Aciduliprofundum_boonei_WP_008082458.1                                                                                    1.21%    passed     81.30%
   5  Archaea-Euryarchaeota-Thermococci-Thermococcales-Thermococcaceae-Thermococcus_sp._PK_WP_042696750.1                                                      1.21%    passed     92.41%
   6  Archaea-NA-NA-NA-NA-archaeon_AArcSl_WP_119813592.1                                                                                                       1.45%    passed     52.45%
   7  Archaea-Thaumarchaeota-NA-NA-NA-Candidatus_Nitrosopelagicus_brevis_WP_048105390.1                                                                        1.21%    passed     41.30%
   8  Archaea-Thaumarchaeota-Nitrososphaeria-Nitrososphaerales-Nitrososphaeraceae-Candidatus_Nitrosocosmicus_exaquare_WP_148687957.1                           1.21%    passed     86.83%
   9  Bacteria-Acidobacteria-Acidobacteriia-Acidobacteriales-Acidobacteriaceae-Candidatus_Sulfotelmatobacter_sp._SbA7_WP_105293762.1                           1.21%    passed     95.52%
  10  Bacteria-Acidobacteria-Acidobacteriia-Acidobacteriales-Acidobacteriaceae-Granulicella_sibirica_WP_128911815.1                                            1.21%    passed     98.58%
  11  Bacteria-Actinobacteria-Actinobacteria-Pseudonocardiales-Pseudonocardiaceae-Amycolatopsis_bartoniae_WP_145939162.1                                       1.21%    passed     16.92%
  12  Bacteria-Actinobacteria-Actinobacteria-Pseudonocardiales-Pseudonocardiaceae-Saccharomonospora_cyanea_WP_005457863.1                                      1.21%    passed     32.85%
  13  Bacteria-Aquificae-Aquificae-Desulfurobacteriales-Desulfurobacteriaceae-Balnearium_lithotrophicum_WP_142933458.1                                         1.21%    passed     71.46%
  14  Bacteria-Aquificae-Aquificae-Desulfurobacteriales-Desulfurobacteriaceae-Thermovibrio_ammonificans_WP_013537471.1                                         1.21%    passed     78.70%
  15  Bacteria-Bacteroidetes-Flavobacteriia-Flavobacteriales-Flavobacteriaceae-Lutibacter_flavus_WP_089377308.1                                                1.21%    passed     74.98%
  16  Bacteria-Bacteroidetes-Flavobacteriia-Flavobacteriales-Flavobacteriaceae-Polaribacter_atrinae_WP_068448376.1                                             1.21%    passed     98.14%
  17  Bacteria-CandidatusKryptonia-NA-NA-NA-Candidatus_Kryptobacter_tengchongensis_WP_072150241.1                                                              1.21%    passed     59.27%
  18  Bacteria-Chloroflexi-Ardenticatenia-Ardenticatenales-Ardenticatenaceae-Ardenticatena_maritima_WP_054491899.1                                             1.21%    passed     83.85%
  19  Bacteria-Chloroflexi-Dehalococcoidia-NA-NA-Dehalogenimonas_lykanthroporepellens_WP_013218857.1                                                           1.21%    passed     72.65%
  20  Bacteria-Cyanobacteria-NA-Nostocales-Nostocaceae-Nostoc_sp._Lobaria_pulmonaria_5183_cyanobiont_WP_104905339.1                                            1.21%    passed     99.98%
  21  Bacteria-Cyanobacteria-NA-Oscillatoriales-Coleofasciculaceae-Geitlerinema_sp._PCC_7407_WP_015172767.1                                                    1.21%    passed     96.09%
  22  Bacteria-Deferribacteres-Deferribacteres-Deferribacterales-Deferribacteraceae-Deferribacter_desulfuricans_WP_013007754.1                                 1.21%    passed     79.20%
  23  Bacteria-DeinococcusThermus-Deinococci-Deinococcales-Deinococcaceae-Deinococcus_marmoris_WP_075836845.1                                                  1.21%    passed     53.82%
  24  Bacteria-DeinococcusThermus-Deinococci-Thermales-Thermaceae-Thermus_oshimai_WP_016329877.1                                                               1.21%    passed     24.45%
  25  Bacteria-Firmicutes-Clostridia-Thermoanaerobacterales-ThermoanaerobacteralesFamilyIII.IncertaeSedis-Caldicellulosiruptor_lactoaceticus_WP_014043307.1    1.21%    passed     82.42%
  26  Bacteria-Firmicutes-Negativicutes-Acidaminococcales-Acidaminococcaceae-Phascolarctobacterium_succinatutens_WP_009146027.1                                1.21%    passed     97.91%
  27  Bacteria-Fusobacteria-Fusobacteriia-Fusobacteriales-Fusobacteriaceae-Cetobacterium_ceti_WP_078693945.1                                                   1.21%    passed     36.09%
  28  Bacteria-Fusobacteria-Fusobacteriia-Fusobacteriales-Fusobacteriaceae-Fusobacterium_necrogenes_WP_115269669.1                                             1.21%    passed     12.86%
  29  Bacteria-NA-NA-NA-NA-bacterium_1XD876_WP_120397622.1                                                                                                     1.21%    passed     99.68%
  30  Bacteria-NA-NA-NA-NA-NA_WP_023373352.1                                                                                                                   1.21%    passed     99.11%
  31  Bacteria-Nitrospirae-Nitrospira-Nitrospirales-Nitrospiraceae-Candidatus_Nitrospira_nitrosa_WP_090749835.1                                                1.21%    passed     99.55%
  32  Bacteria-Nitrospirae-Nitrospira-Nitrospirales-Nitrospiraceae-Thermodesulfovibrio_aggregans_WP_059175766.1                                                1.21%    passed     68.10%
  33  Bacteria-Proteobacteria-Betaproteobacteria-Burkholderiales-Comamonadaceae-NA_WP_057202251.1                                                              1.21%    passed     95.87%
  34  Bacteria-Proteobacteria-Deltaproteobacteria-Desulfobacterales-Desulfobacteraceae-Desulfonema_ishimotonii_WP_124329364.1                                  1.21%    passed     64.75%
  35  Bacteria-Spirochaetes-Spirochaetia-Brachyspirales-Brachyspiraceae-Brachyspira_innocens_WP_020004717.1                                                    1.21%    passed     19.97%
  36  Bacteria-Synergistetes-Synergistia-Synergistales-Synergistaceae-Acetomicrobium_hydrogeniformans_WP_009200458.1                                           1.21%    passed     99.67%
  37  Bacteria-Synergistetes-Synergistia-Synergistales-Synergistaceae-Aminiphilus_circumscriptus_WP_029165962.1                                                1.21%    passed     62.69%
  38  Bacteria-Tenericutes-Mollicutes-Entomoplasmatales-Entomoplasmataceae-Entomoplasma_luminosum_WP_025734473.1                                               1.21%    passed     38.96%
  39  Bacteria-Verrucomicrobia-Verrucomicrobiae-Verrucomicrobiales-Akkermansiaceae-NA_WP_067573790.1                                                           0.97%    passed     95.59%
  40  Eukaryota-Acytosteliales-Acytosteliales-Acytosteliales-Acytosteliaceae-Acytostelium_subglobosum_XP_012750014.1                                           1.21%    passed     98.38%
  41  Eukaryota-Acytosteliales-Acytosteliales-Acytosteliales-Acytosteliaceae-Heterostelium_album_XP_020435378.1                                                1.21%    passed     97.98%
  42  Eukaryota-Alveolata-Dinophyceae-NA-Unranked-Oxyrrhis_marina_MMETSP1426_c11376_g1_i1.p1                                                                   1.21%    passed     88.43%
  43  Eukaryota-Alveolata-Dinophyceae-Peridiniales-Kryptoperidiniaceae-Durinskia_baltica_MMETSP0117_c6449_g1_i1.p1                                             1.21%    passed     93.96%
  44  Eukaryota-Amoebozoa-NA-NA-Paramoebidae-Filamoeba_nolandi_MMETSP0413_c2628_g1_i1.p1                                                                       1.21%    passed     99.99%
  45  Eukaryota-Amoebozoa-NA-NA-Paramoebidae-Stygamoeba_regulata_MMETSP0447_c5634_g1_i1.p1                                                                     1.21%    passed     97.37%
  46  Eukaryota-Annelida-Clitellata-Hirudinida-Glossiphoniidae-Helobdella_robusta_jgi113471                                                                    1.21%    passed     99.96%
  47  Eukaryota-Apicomplexa-Conoidasida-Eucoccidiorida-Sarcocystidae-Besnoitia_besnoiti_XP_029216586.1                                                         1.21%    passed     39.85%
  48  Eukaryota-Apicomplexa-NA-Unranked-NA-Alveolata_sp_MMETSP0288_c6652_g1_i1.p1                                                                              1.21%    passed     99.75%
  49  Eukaryota-Apusomonadidae-NA-NA-NA-Thecamonas_trahens_XP_013759148.1                                                                                      1.21%    passed     97.20%
  50  Eukaryota-Arthropoda-Arachnida-Mesostigmata-Varroidae-Varroa_destructor_XP_022657642.1                                                                   1.21%    passed     97.57%
  51  Eukaryota-Arthropoda-Branchiopoda-Diplostraca-Daphniidae-Daphnia_pulex_jgi306334                                                                         1.21%    passed     99.88%
  52  Eukaryota-Ascomycota-Eurotiomycetes-Chaetothyriales-Herpotrichiellaceae-Fonsecaea_nubica_XP_022501658.1                                                  1.21%    passed     98.56%
  53  Eukaryota-Ascomycota-Leotiomycetes-NA-Pseudeurotiaceae-Pseudogymnoascus_destructans_XP_024328300.1                                                       1.21%    passed     90.40%
  54  Eukaryota-Basidiomycota-Agaricomycetes-Agaricales-Psathyrellaceae-Coprinopsis_cinerea_XP_001838929.1                                                     1.45%    passed     99.36%
  55  Eukaryota-Basidiomycota-Microbotryomycetes-Sporidiobolales-Sporidiobolaceae-Rhodotorula_toruloides_XP_016272196.1                                        1.21%    passed     99.77%
  56  Eukaryota-Brachiopoda-Lingulata-Lingulida-Lingulidae-Lingula_anatina_XP_013385443.1                                                                     35.35%    passed     27.02%
  57  Eukaryota-Cercozoa-Chlorarachniophyceae-NA-NA-Bigelowiella_natans_CCMP2755_jgi57323                                                                      1.21%    passed     99.54%
  58  Eukaryota-Cercozoa-Chlorarachniophyceae-NA-NA-Chlorarachnion_reptans_MMETSP0109_c16600_g1_i1.p1                                                          1.21%    passed     99.75%
  59  Eukaryota-Cercozoa-NA-Euglyphida-Paulinellidae-Paulinella_chromatophora_scaffold4141-size2019_m.39956                                                    1.21%    passed     98.72%
  60  Eukaryota-Chlorophyta-NA-NA-NA-Picocystis_salinarum_MMETSP0807_c2521_g1_i2.p1                                                                            1.21%    passed     99.71%
  61  Eukaryota-Chlorophyta-NA-NA-NA-Tetraselmis_chuii_MMETSP0491_c4092_g1_i1.p1                                                                               1.21%    passed     99.73%
  62  Eukaryota-Choanoflagellata-Choanoflagellata-Choanoflagellata-Salpingoecidae-Monosiga_brevicollis_XP_001742967.1                                          1.21%    passed     70.34%
  63  Eukaryota-Choanoflagellata-Choanoflagellata-Choanoflagellata-Salpingoecidae-Salpingoeca_rosetta_XP_004994096.1                                           1.21%    passed     98.93%
  64  Eukaryota-Chordata-Mammalia-Primates-Hominidae-Gorilla_gorilla_XP_004025600.1                                                                            1.21%    passed     96.97%
  65  Eukaryota-Chordata-Mammalia-Primates-Hominidae-Homo_sapiens_XP_024309320.1                                                                               1.21%    passed     96.97%
  66  Eukaryota-Chromeraceae-NA-NA-NA-Chromera_velia_MMETSP0290_c14055_g1_i1.p1                                                                                1.21%    passed     90.24%
  67  Eukaryota-Chromeraceae-NA-NA-NA-Vitrella_brassicaformis_MMETSP1451_c23960_g1_i1.p1                                                                       1.21%    passed     99.75%
  68  Eukaryota-Chytridiomycota-Chytridiomycetes-Rhizophydiales-NA-Batrachochytrium_dendrobatidis_jgi9543                                                      1.21%    passed     99.79%
  69  Eukaryota-Chytridiomycota-Chytridiomycetes-Spizellomycetales-Spizellomycetaceae-Spizellomyces_punctatus_XP_016613102.1                                   1.21%    passed    100.00%
  70  Eukaryota-Ciliophora-NA-Unranked-NA-Fabrea_salina_MMETSP1345_c9948_g1_i1.p1                                                                              3.63%    passed     98.29%
  71  Eukaryota-Ciliophora-NA-Unranked-NA-Tiarina_fusus_MMETSP0472_c91935_g1_i1.p1                                                                             1.21%    passed     83.75%
  72  Eukaryota-Cnidaria-Anthozoa-Alcyonacea-Nephtheidae-Dendronephthya_gigantea_XP_028411243.1                                                                1.21%    passed     99.52%
  73  Eukaryota-Cnidaria-Anthozoa-Scleractinia-Acroporidae-Acropora_millepora_XP_029182071.1                                                                   1.21%    passed     96.58%
  74  Eukaryota-Cryptophyta-NA-Cryptomonadales-Cryptomonadaceae-Cryptomonas_paramecium_MMETSP0038_c14559_g1_i1.p1                                              1.21%    passed     96.13%
  75  Eukaryota-Cryptophyta-NA-Pyrenomonadales-NA-Geminigera_sp_MMETSP1102_c6432_g1_i1.p1                                                                      1.21%    passed     80.50%
  76  Eukaryota-Dictyosteliales-Dictyosteliales-Dictyosteliales-Dictyosteliaceae-Dictyostelium_discoideum_XP_641054.1                                          1.21%    passed     99.38%
  77  Eukaryota-Diplomonadida-Diplomonadida-Diplomonadida-Hexamitidae-Giardia_intestinalis_XP_001709668.1                                                      1.69%    passed     89.59%
  78  Eukaryota-Echinodermata-Asteroidea-Valvatida-Acanthasteridae-Acanthaster_planci_XP_022100432.1                                                           1.21%    passed    100.00%
  79  Eukaryota-Echinodermata-Echinoidea-Echinoida-Strongylocentrotidae-Strongylocentrotus_purpuratus_XP_011664399.1                                           1.45%    passed     99.83%
  80  Eukaryota-Euglenida-NA-Eutreptiales-NA-Eutreptiella_gymnastica-like_MMETSP0809_c25841_g1_i1.p1                                                           1.21%    passed     91.48%
  81  Eukaryota-Euglenida-NA-NA-Unranked-Neobodo_designis_MMETSP1114_c30218_g1_i1.p1                                                                           1.21%    passed     60.20%
  82  Eukaryota-Fonticulida-Fonticulida-Fonticulida-Fonticulaceae-Fonticula_alba_XP_009493036.1                                                                1.21%    passed     91.98%
  83  Eukaryota-Glaucophyta-Glaucophyta-Gloeochaetales-Gloeochaetaceae-Gloeochaete_witrockiana_MMETSP0308_c602_g1_i1.p1                                        1.21%    passed     99.05%
  84  Eukaryota-Glaucophyta-Glaucophyta-NA-Cyanophoraceae-Cyanophora_paradoxa_tig00000037_g10094.t1                                                            1.21%    passed     97.51%
  85  Eukaryota-Haptophyta-NA-Pavlovales-Pavlovaceae-Pavlova_gyrans_MMETSP1466_c16298_g1_i1.p1                                                                 1.21%    passed     99.98%
  86  Eukaryota-Haptophyta-NA-Prymnesiales-NA-Prymnesium_parvum_MMETSP0006_c6530_g1_i1.p1                                                                      1.21%    passed     98.21%
  87  Eukaryota-Heterolobosea-NA-NA-NA-Percolomonas_cosmopolitus_MMETSP0759_c9053_g1_i1.p1                                                                     1.21%    passed     99.32%
  88  Eukaryota-Heterolobosea-NA-NA-Vahlkampfiidae-Naegleria_gruberi_jgi59376                                                                                  1.21%    passed     46.42%
  89  Eukaryota-Kinetoplastida-Kinetoplastida-Kinetoplastida-Trypanosomatidae-Leishmania_donovani_XP_003860403.1                                               1.45%    passed     62.06%
  90  Eukaryota-Kinetoplastida-Kinetoplastida-Kinetoplastida-Trypanosomatidae-Leptomonas_pyrrhocoris_XP_015653781.1                                            1.45%    passed     94.39%
  91  Eukaryota-Longamoebia-Longamoebia-Longamoebia-Acanthamoebidae-Acanthamoeba_castellanii_XP_004352875.1                                                    1.21%    passed     99.97%
  92  Eukaryota-Mesomycetozoea-Ichthyosporea-Ichthyophonida-NA-Sphaeroforma_arctica_XP_014156498.1                                                             1.21%    passed     97.86%
  93  Eukaryota-Mesomycetozoea-Ichthyosporea-NA-NA-Capsaspora_owczarzaki_XP_004364309.1                                                                        1.21%    passed     99.88%
  94  Eukaryota-Microsporidia-NA-NA-NA-Mitosporidium_daphniae_XP_013238621.1                                                                                   0.97%    passed     95.87%
  95  Eukaryota-Microsporidia-NA-NA-Nosematidae-Nosema_ceranae_XP_024329809.1                                                                                  1.45%    failed      0.01%
  96  Eukaryota-Mollusca-Bivalvia-Ostreoida-Ostreidae-Crassostrea_gigas_XP_011437347.1                                                                         0.97%    passed    100.00%
  97  Eukaryota-Mollusca-Cephalopoda-Octopoda-Octopodidae-Octopus_vulgaris_XP_029649482.1                                                                      1.21%    passed     99.94%
  98  Eukaryota-Mucorales-Mucoraceae-Undefined-Undefined-Mucor_circinelloides_jgi34943                                                                         1.21%    passed     98.23%
  99  Eukaryota-Mucoromycota-Glomeromycetes-Glomerales-Glomeraceae-Rhizophagus_irregularis_XP_025170439.1                                                      1.21%    passed     99.99%
 100  Eukaryota-Mucoromycota-Mucoromycetes-Mucorales-Rhizopodaceae-Rhizopus_microsporus_XP_023470876.1                                                         1.21%    passed     99.74%
 101  Eukaryota-Nematoda-Chromadorea-Rhabditida-Strongyloididae-Strongyloides_ratti_XP_024508082.1                                                             1.21%    passed     79.30%
 102  Eukaryota-Nematoda-Enoplea-Trichinellida-Trichinellidae-Trichinella_spiralis_XP_003378270.1                                                              1.21%    passed     95.07%
 103  Eukaryota-Palpitomonas-NA-NA-NA-Palpitomonas_bilix_MMETSP0780_c5626_g1_i1.p1                                                                            46.49%    passed     92.64%
 104  Eukaryota-Perkinsozoa-NA-Perkinsida-Perkinsidae-Perkinsus_marinus_XP_002784463.1                                                                         1.21%    passed     89.19%
 105  Eukaryota-Placozoa-NA-NA-Trichoplacidae-Trichoplax_adhaerens_XP_002113132.1                                                                              1.21%    passed     98.97%
 106  Eukaryota-Platyhelminthes-Cestoda-Cyclophyllidea-Taeniidae-Echinococcus_granulosus_XP_024354640.1                                                        2.42%    passed     99.73%
 107  Eukaryota-Platyhelminthes-Trematoda-Opisthorchiida-Opisthorchiidae-Opisthorchis_viverrini_XP_009162301.1                                                 1.21%    passed     99.03%
 108  Eukaryota-Porifera-Demospongiae-Haplosclerida-Niphatidae-Amphimedon_queenslandica_jgiAqu1226711                                                          1.21%    passed     99.80%
 109  Eukaryota-Retaria-NA-NA-NA-Rosalina_sp_MMETSP0190_c20149_g1_i1.p1                                                                                        1.45%    passed     96.62%
 110  Eukaryota-Retaria-NA-NA-NA-Sorites_sp_MMETSP0191_c27506_g1_i1.p1                                                                                         1.45%    failed      0.02%
 111  Eukaryota-Rhodophyta-Bangiophyceae-Cyanidiales-Cyanidiaceae-Galdieria_sulphuraria_XP_005708988.1                                                         1.21%    passed     91.99%
 112  Eukaryota-Rhodophyta-Bangiophyceae-Porphyridiales-Porphyridiaceae-Porphyridium_aerugineum_MMETSP0313_c5434_g1_i1.p1                                      1.21%    passed     99.63%
 113  Eukaryota-Stramenopiles-NA-NA-NA-Fibrocapsa_japonica_MMETSP1339_c19078_g1_i1.p1                                                                          1.21%    passed     95.02%
 114  Eukaryota-Stramenopiles-Oomycetes-Saprolegniales-Saprolegniaceae-Aphanomyces_invadans_XP_008862346.1                                                     1.21%    passed     99.04%
 115  Eukaryota-Streptophyta-Bryopsida-Funariales-Funariaceae-Physcomitrella_patens_XP_024370758.1                                                             1.21%    passed     79.74%
 116  Eukaryota-Streptophyta-NA-Myrtales-Myrtaceae-Syzygium_oleosum_XP_030467578.1                                                                             1.21%    passed     99.84%
 117  MSTRG.26400.1.p1                                                                                                                                         1.21%    passed     97.54%
 118  Viruses-Phycodnaviridae-NA-NA-NA-Only_Syngen_Nebraska_virus_5_YP_009325851.1                                                                             1.21%    passed     20.55%
****  TOTAL                                                                                                                                                    1.93%  2 sequences failed composition chi2 test (p-value<5%; df=19)
NOTE: Eukaryota-Chromeraceae-NA-NA-NA-Vitrella_brassicaformis_MMETSP1451_c23960_g1_i1.p1 is identical to Eukaryota-Apicomplexa-NA-Unranked-NA-Alveolata_sp_MMETSP0288_c6652_g1_i1.p1 but kept for subsequent analysis
NOTE: Eukaryota-Chordata-Mammalia-Primates-Hominidae-Homo_sapiens_XP_024309320.1 is identical to Eukaryota-Chordata-Mammalia-Primates-Hominidae-Gorilla_gorilla_XP_004025600.1 but kept for subsequent analysis


Create initial parsimony tree by phylogenetic likelihood library (PLL)... 0.074 seconds
NOTE: ModelFinder requires 75 MB RAM!
ModelFinder will test 546 protein models (sample size: 413) ...
 No. Model         -LnL         df  AIC          AICc         BIC
Measuring multi-threading efficiency up to 2 CPU cores
Increase to 10 rounds for branch lengths
11 trees examined
Threads: 1 / Time: 2.010 sec / Speedup: 1.000 / Efficiency: 100% / LogL: -60488
Threads: 2 / Time: 1.854 sec / Speedup: 1.085 / Efficiency: 54% / LogL: -60488
BEST NUMBER OF THREADS: 2

  1  Dayhoff       46323.927    233 93113.853    93723.038    94051.317
  2  Dayhoff+I     44960.954    234 90389.908    91007.774    91331.395
  3  Dayhoff+G4    42355.990    234 85179.980    85797.845    86121.466
  4  Dayhoff+I+G4  42239.080    235 84948.161    85574.827    85893.671
  5  Dayhoff+R2    43272.854    235 87015.708    87642.374    87961.218
  6  Dayhoff+R3    42533.782    237 85541.563    86186.203    86495.120
  7  Dayhoff+R4    42306.475    239 85090.951    85754.072    86052.555
  8  Dayhoff+R5    42247.716    241 84977.432    85659.560    85947.083
  9  Dayhoff+R6    42218.856    243 84923.713    85625.393    85901.411
 10  Dayhoff+R7    42204.683    245 84899.367    85621.163    85885.112
 11  Dayhoff+R8    42194.028    247 84882.056    85624.553    85875.847
 12  Dayhoff+R9    42183.080    249 84864.160    85627.964    85865.998
 13  Dayhoff+R10   42175.058    251 84852.115    85637.855    85862.001
 14  Dayhoff+F     46226.960    252 92957.919    93754.869    93971.828
 15  Dayhoff+F+I   45027.233    253 90560.466    91368.793    91578.398
 16  Dayhoff+F+G4  42403.279    253 85312.558    86120.885    86330.490
 17  Dayhoff+F+I+G4 42287.999    254 85083.999    85903.872    86105.955
 18  Dayhoff+F+R2  43297.132    254 87102.265    87922.138    88124.220
 19  Dayhoff+F+R3  42555.432    256 85622.865    86466.352    86652.867
 20  Dayhoff+F+R4  42338.360    258 85192.719    86060.537    86230.768
 21  Dayhoff+F+R5  42292.812    260 85105.623    85998.518    86151.720
 22  Dayhoff+F+R6  42274.636    262 85073.271    85992.018    86127.415
 23  Dayhoff+F+R7  42262.294    264 85052.588    85997.993    86114.778
 24  Dayhoff+F+R8  42252.871    266 85037.742    86010.646    86107.979
 25  Dayhoff+F+R9  42242.550    268 85021.101    86022.379    86099.385
 26  Dayhoff+F+R10 42235.259    270 85010.517    86041.081    86096.848
 27  mtMAM         51153.506    233 102773.011   103382.196   103710.475
 28  mtMAM+I       50514.239    234 101496.478   102114.343   102437.964
 29  mtMAM+G4      44959.628    234 90387.256    91005.121    91328.743
 30  mtMAM+I+G4    44945.265    235 90360.530    90987.197    91306.040
 31  mtMAM+R2      46544.905    235 93559.809    94186.476    94505.319
 32  mtMAM+R3      45355.863    237 91185.727    91830.367    92139.284
 33  mtMAM+R4      45102.558    239 90683.115    91346.237    91644.719
 34  mtMAM+R5      44964.170    241 90410.340    91092.468    91379.990
 35  mtMAM+R6      44913.492    243 90312.984    91014.665    91290.682
 36  mtMAM+R7      44871.885    245 90233.771    90955.567    91219.515
 37  mtMAM+R8      44801.782    247 90097.564    90840.061    91091.355
 38  mtMAM+R9      44758.260    249 90014.520    90778.324    91016.358
 39  mtMAM+R10     44734.787    251 89971.574    90757.313    90981.459
 40  mtMAM+F       49467.769    252 99439.537    100236.487   100453.446
 41  mtMAM+F+I     48600.950    253 97707.901    98516.228    98725.833
 42  mtMAM+F+G4    44037.815    253 88581.629    89389.957    89599.562
 43  mtMAM+F+I+G4  44007.507    254 88523.014    89342.887    89544.969
 44  mtMAM+F+R2    45247.295    254 91002.589    91822.462    92024.545
 45  mtMAM+F+R3    44374.916    256 89261.832    90105.319    90291.835
 46  mtMAM+F+R4    44165.142    258 88846.284    89714.102    89884.333
 47  mtMAM+F+R5    44043.515    260 88607.031    89499.925    89653.127
 48  mtMAM+F+R6    43997.961    262 88519.922    89438.668    89574.065
 49  mtMAM+F+R7    43960.145    264 88448.290    89393.695    89510.480
 50  mtMAM+F+R8    43906.159    266 88344.318    89317.222    89414.555
 51  mtMAM+F+R9    43876.415    268 88288.829    89290.107    89367.113
 52  mtMAM+F+R10   43862.206    270 88264.412    89294.976    89350.743
 53  JTT           46141.293    233 92748.585    93357.770    93686.049
 54  JTT+I         44881.576    234 90231.152    90849.018    91172.639
 55  JTT+G4        42298.876    234 85065.752    85683.618    86007.239
 56  JTT+I+G4      42170.755    235 84811.511    85438.177    85757.021
 57  JTT+R2        43180.498    235 86830.996    87457.663    87776.507
 58  JTT+R3        42461.137    237 85396.275    86040.915    86349.832
 59  JTT+R4        42250.903    239 84979.807    85642.928    85941.411
 60  JTT+R5        42159.928    241 84801.855    85483.984    85771.506
 61  JTT+R6        42144.131    243 84774.261    85475.942    85751.959
 62  JTT+R7        42127.543    245 84745.086    85466.882    85730.830
 63  JTT+R8        42119.668    247 84733.336    85475.833    85727.128
 64  JTT+R9        42113.500    249 84725.000    85488.803    85726.838
 65  JTT+R10       42105.497    251 84712.994    85498.733    85722.879
 66  JTT+F         46207.388    252 92918.775    93715.725    93932.684
 67  JTT+F+I       45046.876    253 90599.752    91408.079    91617.684
 68  JTT+F+G4      42422.321    253 85350.642    86158.969    86368.574
 69  JTT+F+I+G4    42317.264    254 85142.528    85962.401    86164.484
 70  JTT+F+R2      43312.822    254 87133.644    87953.517    88155.600
 71  JTT+F+R3      42589.345    256 85690.691    86534.178    86720.693
 72  JTT+F+R4      42381.593    258 85279.186    86147.004    86317.236
 73  JTT+F+R5      42310.161    260 85140.322    86033.217    86186.418
 74  JTT+F+R6      42295.672    262 85115.343    86034.090    86169.486
 75  JTT+F+R7      42279.083    264 85086.165    86031.571    86148.356
 76  JTT+F+R8      42271.437    266 85074.874    86047.778    86145.111
 77  JTT+F+R9      42265.608    268 85067.216    86068.493    86145.500
 79  WAG           45281.869    233 91029.738    91638.922    91967.201
 80  WAG+I         44028.989    234 88525.978    89143.843    89467.465
 81  WAG+G4        41814.417    234 84096.835    84714.700    85038.321
 82  WAG+I+G4      41708.609    235 83887.219    84513.886    84832.729
 83  WAG+R2        42589.166    235 85648.332    86274.999    86593.842
 84  WAG+R3        41891.043    237 84256.086    84900.726    85209.643
 85  WAG+R4        41730.389    239 83938.777    84601.898    84900.381
 86  WAG+R5        41682.749    241 83847.499    84529.628    84817.150
 87  WAG+R6        41675.544    243 83837.087    84538.768    84814.785
 88  WAG+R7        41669.560    245 83829.120    84550.917    84814.865
 92  WAG+F         45254.649    252 91013.297    91810.247    92027.206
 93  WAG+F+I       44124.326    253 88754.653    89562.980    89772.585
 94  WAG+F+G4      41881.897    253 84269.795    85078.122    85287.727
 95  WAG+F+I+G4    41765.554    254 84039.108    84858.982    85061.064
 96  WAG+F+R2      42646.117    254 85800.234    86620.107    86822.189
 97  WAG+F+R3      41958.656    256 84429.312    85272.799    85459.314
 98  WAG+F+R4      41782.888    258 84081.777    84949.595    85119.826
 99  WAG+F+R5      41740.660    260 84001.321    84894.215    85047.417
100  WAG+F+R6      41729.460    262 83982.920    84901.667    85037.064
101  WAG+F+R7      41727.302    264 83982.604    84928.009    85044.794
105  cpREV         45513.748    233 91493.496    92102.681    92430.960
106  cpREV+I       44311.711    234 89091.422    89709.287    90032.909
107  cpREV+G4      42103.841    234 84675.682    85293.547    85617.169
108  cpREV+I+G4    42010.466    235 84490.932    85117.599    85436.442
109  cpREV+R2      42861.233    235 86192.466    86819.132    87137.976
110  cpREV+R3      42177.766    237 84829.531    85474.171    85783.088
111  cpREV+R4      42017.448    239 84512.895    85176.017    85474.499
112  cpREV+R5      41966.914    241 84415.829    85097.957    85385.480
113  cpREV+R6      41957.314    243 84400.628    85102.309    85378.326
114  cpREV+R7      41955.948    245 84401.896    85123.692    85387.641
118  cpREV+F       45561.861    252 91627.722    92424.672    92641.631
119  cpREV+F+I     44380.079    253 89266.159    90074.486    90284.091
120  cpREV+F+G4    42183.263    253 84872.526    85680.853    85890.458
121  cpREV+F+I+G4  42080.507    254 84669.015    85488.888    85690.970
122  cpREV+F+R2    42953.147    254 86414.295    87234.168    87436.251
123  cpREV+F+R3    42248.936    256 85009.872    85853.359    86039.875
124  cpREV+F+R4    42086.339    258 84688.679    85556.497    85726.728
125  cpREV+F+R5    42042.772    260 84605.544    85498.439    85651.641
126  cpREV+F+R6    42032.076    262 84588.151    85506.898    85642.294
127  cpREV+F+R7    42031.010    264 84590.019    85535.424    85652.209
131  mtREV         48238.790    233 96943.579    97552.764    97881.043
132  mtREV+I       47492.256    234 95452.511    96070.376    96393.998
133  mtREV+G4      43802.148    234 88072.296    88690.161    89013.783
134  mtREV+I+G4    43767.754    235 88005.508    88632.174    88951.018
135  mtREV+R2      44941.015    235 90352.031    90978.697    91297.541
136  mtREV+R3      44131.688    237 88737.377    89382.017    89690.934
137  mtREV+R4      43881.096    239 88240.191    88903.312    89201.795
138  mtREV+R5      43764.573    241 88011.147    88693.276    88980.798
139  mtREV+R6      43726.181    243 87938.363    88640.043    88916.061
140  mtREV+R7      43726.169    245 87942.337    88664.134    88928.082
144  mtREV+F       46702.807    252 93909.613    94706.563    94923.522
145  mtREV+F+I     45780.163    253 92066.326    92874.653    93084.258
146  mtREV+F+G4    42658.970    253 85823.941    86632.268    86841.873
147  mtREV+F+I+G4  42598.063    254 85704.126    86523.999    86726.081
148  mtREV+F+R2    43592.921    254 87693.843    88513.716    88715.798
149  mtREV+F+R3    42973.559    256 86459.119    87302.606    87489.121
150  mtREV+F+R4    42664.168    258 85844.335    86712.153    86882.385
151  mtREV+F+R5    42582.274    260 85684.548    86577.442    86730.644
152  mtREV+F+R6    42559.947    262 85643.895    86562.641    86698.038
153  mtREV+F+R7    42559.931    264 85647.863    86593.268    86710.053
157  rtREV         45414.176    233 91294.352    91903.537    92231.816
158  rtREV+I       44294.363    234 89056.726    89674.592    89998.213
159  rtREV+G4      41787.199    234 84042.398    84660.263    84983.884
160  rtREV+I+G4    41633.519    235 83737.039    84363.705    84682.549
161  rtREV+R2      42577.177    235 85624.355    86251.021    86569.865
162  rtREV+R3      41916.318    237 84306.636    84951.276    85260.193
163  rtREV+R4      41677.309    239 83832.619    84495.740    84794.223
164  rtREV+R5      41619.766    241 83721.533    84403.662    84691.184
165  rtREV+R6      41604.265    243 83694.530    84396.210    84672.228
166  rtREV+R7      41604.258    245 83698.517    84420.313    84684.261
170  rtREV+F       45265.132    252 91034.264    91831.214    92048.173
171  rtREV+F+I     44244.020    253 88994.040    89802.367    90011.972
172  rtREV+F+G4    41603.848    253 83713.696    84522.023    84731.629
173  rtREV+F+I+G4  41513.965    254 83535.929    84355.803    84557.885
174  rtREV+F+R2    42445.704    254 85399.407    86219.281    86421.363
175  rtREV+F+R3    41804.716    256 84121.431    84964.919    85151.434
176  rtREV+F+R4    41555.980    258 83627.959    84495.777    84666.009
177  rtREV+F+R5    41491.586    260 83503.173    84396.068    84549.269
178  rtREV+F+R6    41480.101    262 83484.201    84402.948    84538.344
179  rtREV+F+R7    41480.096    264 83488.192    84433.597    84550.382
183  mtART         49137.432    233 98740.865    99350.049    99678.328
184  mtART+I       48479.690    234 97427.380    98045.246    98368.867
185  mtART+G4      43527.737    234 87523.474    88141.339    88464.961
186  mtART+I+G4    43545.363    235 87560.727    88187.394    88506.237
187  mtART+R2      44908.617    235 90287.234    90913.901    91232.744
188  mtART+R3      43825.634    237 88125.269    88769.909    89078.826
189  mtART+R4      43631.850    239 87741.701    88404.822    88703.305
190  mtART+R5      43556.309    241 87594.619    88276.748    88564.270
191  mtART+R6      43476.767    243 87439.534    88141.214    88417.231
192  mtART+R7      43476.765    245 87443.529    88165.326    88429.274
196  mtART+F       47510.036    252 95524.072    96321.022    96537.981
197  mtART+F+I     46720.148    253 93946.296    94754.623    94964.228
198  mtART+F+G4    42583.898    253 85673.796    86482.123    86691.728
199  mtART+F+I+G4  42562.571    254 85633.143    86453.016    86655.099
200  mtART+F+R2    43742.614    254 87993.229    88813.102    89015.184
201  mtART+F+R3    42900.325    256 86312.650    87156.138    87342.653
202  mtART+F+R4    42710.554    258 85937.107    86804.925    86975.157
203  mtART+F+R5    42580.900    260 85681.800    86574.694    86727.896
204  mtART+F+R6    42519.282    262 85562.564    86481.310    86616.707
205  mtART+F+R7    42519.254    264 85566.507    86511.913    86628.698
209  mtZOA         47619.961    233 95705.921    96315.106    96643.385
210  mtZOA+I       46909.529    234 94287.058    94904.923    95228.545
211  mtZOA+G4      42578.287    234 85624.573    86242.438    86566.060
212  mtZOA+I+G4    42564.273    235 85598.546    86225.212    86544.056
213  mtZOA+R2      43863.539    235 88197.078    88823.744    89142.588
214  mtZOA+R3      42866.230    237 86206.460    86851.100    87160.017
215  mtZOA+R4      42697.408    239 85872.816    86535.937    86834.420
216  mtZOA+R5      42589.399    241 85660.798    86342.927    86630.449
217  mtZOA+R6      42516.853    243 85519.706    86221.386    86497.404
218  mtZOA+R7      42516.851    245 85523.702    86245.498    86509.446
222  mtZOA+F       46544.291    252 93592.582    94389.532    94606.491
223  mtZOA+F+I     45674.793    253 91855.585    92663.912    92873.517
224  mtZOA+F+G4    42095.770    253 84697.540    85505.867    85715.472
225  mtZOA+F+I+G4  42058.233    254 84624.466    85444.340    85646.422
226  mtZOA+F+R2    43136.858    254 86781.716    87601.590    87803.672
227  mtZOA+F+R3    42430.684    256 85373.369    86216.856    86403.371
228  mtZOA+F+R4    42181.585    258 84879.171    85746.989    85917.220
229  mtZOA+F+R5    42074.497    260 84668.994    85561.889    85715.090
230  mtZOA+F+R6    42021.577    262 84567.154    85485.900    85621.297
231  mtZOA+F+R7    42021.575    264 84571.150    85516.555    85633.340
235  VT            45430.951    233 91327.902    91937.086    92265.365
236  VT+I          44217.022    234 88902.044    89519.909    89843.530
237  VT+G4         41981.403    234 84430.807    85048.672    85372.293
238  VT+I+G4       41866.250    235 84202.500    84829.167    85148.010
239  VT+R2         42757.552    235 85985.105    86611.771    86930.615
240  VT+R3         42092.508    237 84659.017    85303.657    85612.574
241  VT+R4         41903.429    239 84284.859    84947.980    85246.463
242  VT+R5         41845.239    241 84172.479    84854.607    85142.130
243  VT+R6         41826.705    243 84139.411    84841.091    85117.109
244  VT+R7         41823.355    245 84136.710    84858.506    85122.455
248  VT+F          45451.323    252 91406.646    92203.596    92420.554
249  VT+F+I        44332.208    253 89170.415    89978.742    90188.348
250  VT+F+G4       42094.804    253 84695.607    85503.935    85713.540
251  VT+F+I+G4     41973.212    254 84454.423    85274.296    85476.379
252  VT+F+R2       42855.470    254 86218.940    87038.814    87240.896
253  VT+F+R3       42181.045    256 84874.090    85717.577    85904.093
254  VT+F+R4       41995.693    258 84507.386    85375.204    85545.436
255  VT+F+R5       41953.028    260 84426.055    85318.950    85472.152
256  VT+F+R6       41932.163    262 84388.326    85307.073    85442.469
257  VT+F+R7       41929.480    264 84386.960    85332.366    85449.150
261  LG            45026.339    233 90518.678    91127.863    91456.142
262  LG+I          43895.628    234 88259.255    88877.120    89200.742
263  LG+G4         41380.367    234 83228.734    83846.600    84170.221
264  LG+I+G4       41219.146    235 82908.293    83534.959    83853.803
265  LG+R2         42200.126    235 84870.252    85496.919    85815.763
266  LG+R3         41494.437    237 83462.875    84107.515    84416.432
267  LG+R4         41263.075    239 83004.149    83667.271    83965.753
268  LG+R5         41205.267    241 82892.534    83574.663    83862.185
269  LG+R6         41185.937    243 82857.873    83559.554    83835.571
270  LG+R7         41182.931    245 82855.863    83577.659    83841.608
274  LG+F          45090.831    252 90685.663    91482.613    91699.572
275  LG+F+I        44081.629    253 88669.259    89477.586    89687.191
276  LG+F+G4       41443.988    253 83393.977    84202.304    84411.909
277  LG+F+I+G4     41353.678    254 83215.356    84035.229    84237.311
278  LG+F+R2       42295.024    254 85098.047    85917.921    86120.003
279  LG+F+R3       41631.272    256 83774.543    84618.031    84804.546
280  LG+F+R4       41394.787    258 83305.575    84173.393    84343.624
281  LG+F+R5       41331.676    260 83183.352    84076.247    84229.449
282  LG+F+R6       41314.665    262 83153.330    84072.076    84207.473
283  LG+F+R7       41312.506    264 83153.012    84098.418    84215.202
287  DCMut         46323.490    233 93112.979    93722.164    94050.443
288  DCMut+I       44960.617    234 90389.234    91007.099    91330.721
289  DCMut+G4      42359.124    234 85186.248    85804.113    86127.735
290  DCMut+I+G4    42242.217    235 84954.434    85581.101    85899.944
291  DCMut+R2      43275.499    235 87020.998    87647.664    87966.508
292  DCMut+R3      42487.652    237 85449.304    86093.944    86402.861
293  DCMut+R4      42280.165    239 85038.330    85701.452    85999.934
294  DCMut+R5      42232.036    241 84946.072    85628.201    85915.723
295  DCMut+R6      42203.973    243 84893.947    85595.627    85871.645
296  DCMut+R7      42200.339    245 84890.678    85612.474    85876.422
300  DCMut+F       46225.727    252 92955.453    93752.403    93969.362
301  DCMut+F+I     45026.043    253 90558.087    91366.414    91576.019
302  DCMut+F+G4    42405.710    253 85317.420    86125.747    86335.353
303  DCMut+F+I+G4  42290.281    254 85088.562    85908.436    86110.518
304  DCMut+F+R2    43299.143    254 87106.285    87926.159    88128.241
305  DCMut+F+R3    42550.586    256 85613.172    86456.659    86643.175
306  DCMut+F+R4    42322.135    258 85160.270    86028.088    86198.319
307  DCMut+F+R5    42284.935    260 85089.870    85982.765    86135.966
308  DCMut+F+R6    42262.146    262 85048.293    85967.040    86102.436
309  DCMut+F+R7    42258.953    264 85045.907    85991.312    86108.097
313  PMB           45391.333    233 91248.665    91857.849    92186.128
314  PMB+I         44274.168    234 89016.337    89634.202    89957.824
315  PMB+G4        42133.076    234 84734.152    85352.017    85675.639
316  PMB+I+G4      42010.399    235 84490.798    85117.464    85436.308
317  PMB+R2        42881.738    235 86233.476    86860.143    87178.986
318  PMB+R3        42216.055    237 84906.110    85550.750    85859.667
319  PMB+R4        42031.085    239 84540.170    85203.291    85501.774
320  PMB+R5        41981.664    241 84445.328    85127.457    85414.979
321  PMB+R6        41960.560    243 84407.121    85108.801    85384.818
322  PMB+R7        41958.786    245 84407.573    85129.369    85393.317
326  PMB+F         45562.555    252 91629.111    92426.061    92643.020
327  PMB+F+I       44497.822    253 89501.644    90309.971    90519.576
328  PMB+F+G4      42332.395    253 85170.790    85979.117    86188.723
329  PMB+F+I+G4    42206.696    254 84921.392    85741.265    85943.348
330  PMB+F+R2      43067.207    254 86642.413    87462.287    87664.369
331  PMB+F+R3      42417.253    256 85346.506    86189.993    86376.509
332  PMB+F+R4      42226.527    258 84969.055    85836.873    86007.104
333  PMB+F+R5      42181.309    260 84882.617    85775.512    85928.713
334  PMB+F+R6      42155.545    262 84835.091    85753.838    85889.234
335  PMB+F+R7      42154.267    264 84836.535    85781.940    85898.725
339  HIVb          48004.330    233 96474.661    97083.845    97412.124
340  HIVb+I        46633.080    234 93734.160    94352.025    94675.647
341  HIVb+G4       43528.884    234 87525.767    88143.632    88467.254
342  HIVb+I+G4     43433.219    235 87336.438    87963.105    88281.949
343  HIVb+R2       44652.609    235 89775.218    90401.885    90720.729
344  HIVb+R3       43771.763    237 88017.527    88662.167    88971.084
345  HIVb+R4       43496.733    239 87471.467    88134.588    88433.071
346  HIVb+R5       43402.666    241 87287.331    87969.460    88256.982
347  HIVb+R6       43357.159    243 87200.318    87901.999    88178.016
348  HIVb+R7       43355.052    245 87200.104    87921.901    88185.849
352  HIVb+F        48064.736    252 96633.471    97430.421    97647.380
353  HIVb+F+I      46783.466    253 94072.932    94881.259    95090.865
354  HIVb+F+G4     43631.023    253 87768.047    88576.374    88785.979
355  HIVb+F+I+G4   43535.625    254 87579.250    88399.124    88601.206
356  HIVb+F+R2     44746.741    254 90001.482    90821.356    91023.438
357  HIVb+F+R3     43889.965    256 88291.930    89135.417    89321.933
358  HIVb+F+R4     43596.645    258 87709.290    88577.108    88747.340
359  HIVb+F+R5     43507.355    260 87534.711    88427.605    88580.807
360  HIVb+F+R6     43464.720    262 87453.441    88372.187    88507.584
361  HIVb+F+R7     43463.029    264 87454.058    88399.463    88516.248
365  HIVw          50618.010    233 101702.021   102311.205   102639.484
366  HIVw+I        48984.321    234 98436.643    99054.508    99378.130
367  HIVw+G4       45913.396    234 92294.793    92912.658    93236.280
368  HIVw+I+G4     45823.267    235 92116.534    92743.201    93062.044
369  HIVw+R2       47039.981    235 94549.962    95176.628    95495.472
370  HIVw+R3       46136.017    237 92746.034    93390.674    93699.591
371  HIVw+R4       45894.836    239 92267.671    92930.793    93229.275
372  HIVw+R5       45787.231    241 92056.462    92738.591    93026.113
373  HIVw+R6       45756.372    243 91998.745    92700.425    92976.443
374  HIVw+R7       45753.933    245 91997.867    92719.663    92983.611
378  HIVw+F        50372.336    252 101248.673   102045.623   102262.582
379  HIVw+F+I      48775.201    253 98056.402    98864.729    99074.334
380  HIVw+F+G4     45659.082    253 91824.163    92632.490    92842.096
381  HIVw+F+I+G4   45525.236    254 91558.473    92378.346    92580.428
382  HIVw+F+R2     46781.850    254 94071.701    94891.574    95093.656
383  HIVw+F+R3     45863.091    256 92238.183    93081.670    93268.185
384  HIVw+F+R4     45610.270    258 91736.540    92604.358    92774.589
385  HIVw+F+R5     45521.389    260 91562.777    92455.672    92608.873
386  HIVw+F+R6     45486.771    262 91497.543    92416.289    92551.686
387  HIVw+F+R7     45484.421    264 91496.842    92442.247    92559.032
391  JTTDCMut      46102.524    233 92671.047    93280.232    93608.511
392  JTTDCMut+I    44846.911    234 90161.822    90779.688    91103.309
393  JTTDCMut+G4   42282.880    234 85033.759    85651.624    85975.246
394  JTTDCMut+I+G4 42154.846    235 84779.692    85406.359    85725.202
395  JTTDCMut+R2   43158.860    235 86787.721    87414.387    87733.231
396  JTTDCMut+R3   42407.326    237 85288.652    85933.292    86242.209
397  JTTDCMut+R4   42185.147    239 84848.295    85511.416    85809.899
398  JTTDCMut+R5   42118.090    241 84718.180    85400.309    85687.831
399  JTTDCMut+R6   42099.549    243 84685.098    85386.779    85662.796
400  JTTDCMut+R7   42098.245    245 84686.491    85408.287    85672.235
404  JTTDCMut+F    46166.440    252 92836.881    93633.831    93850.789
405  JTTDCMut+F+I  45011.544    253 90529.089    91337.416    91547.021
406  JTTDCMut+F+G4 42398.303    253 85302.607    86110.934    86320.539
407  JTTDCMut+F+I+G4 42293.624    254 85095.248    85915.122    86117.204
408  JTTDCMut+F+R2 43285.887    254 87079.775    87899.648    88101.730
409  JTTDCMut+F+R3 42562.610    256 85637.219    86480.706    86667.222
410  JTTDCMut+F+R4 42324.877    258 85165.753    86033.572    86203.803
411  JTTDCMut+F+R5 42265.129    260 85050.258    85943.153    86096.354
412  JTTDCMut+F+R6 42246.399    262 85016.799    85935.545    86070.942
413  JTTDCMut+F+R7 42245.424    264 85018.847    85964.253    86081.037
417  FLU           47299.961    233 95065.923    95675.107    96003.386
418  FLU+I         46086.368    234 92640.737    93258.602    93582.223
419  FLU+G4        43249.067    234 86966.133    87583.999    87907.620
420  FLU+I+G4      43139.994    235 86749.989    87376.656    87695.499
421  FLU+R2        44204.164    235 88878.327    89504.994    89823.838
422  FLU+R3        43417.778    237 87309.555    87954.195    88263.113
423  FLU+R4        43186.130    239 86850.260    87513.382    87811.864
424  FLU+R5        43113.067    241 86708.135    87390.263    87677.786
425  FLU+R6        43084.825    243 86655.650    87357.330    87633.347
426  FLU+R7        43083.900    245 86657.800    87379.597    87643.545
430  FLU+F         47494.192    252 95492.384    96289.334    96506.293
431  FLU+F+I       46382.144    253 93270.288    94078.616    94288.221
432  FLU+F+G4      43378.854    253 87263.708    88072.035    88281.640
433  FLU+F+I+G4    43289.725    254 87087.451    87907.324    88109.406
434  FLU+F+R2      44315.719    254 89139.438    89959.311    90161.394
435  FLU+F+R3      43600.794    256 87713.588    88557.075    88743.591
436  FLU+F+R4      43346.573    258 87209.147    88076.965    88247.196
437  FLU+F+R5      43258.971    260 87037.942    87930.836    88084.038
438  FLU+F+R6      43226.687    262 86977.373    87896.120    88031.516
439  FLU+F+R7      43225.219    264 86978.437    87923.843    88040.627
443  Blosum62      45308.634    233 91083.267    91692.451    92020.730
444  Blosum62+I    44160.834    234 88789.668    89407.534    89731.155
445  Blosum62+G4   41990.533    234 84449.066    85066.931    85390.552
446  Blosum62+I+G4 41867.801    235 84205.601    84832.268    85151.111
447  Blosum62+R2   42733.765    235 85937.530    86564.196    86883.040
448  Blosum62+R3   42083.311    237 84640.622    85285.262    85594.179
449  Blosum62+R4   41888.905    239 84255.810    84918.931    85217.414
450  Blosum62+R5   41839.470    241 84160.939    84843.068    85130.590
451  Blosum62+R6   41820.867    243 84127.733    84829.414    85105.431
452  Blosum62+R7   41819.766    245 84129.533    84851.329    85115.277
456  Blosum62+F    45497.263    252 91498.526    92295.476    92512.434
457  Blosum62+F+I  44402.147    253 89310.295    90118.622    90328.227
458  Blosum62+F+G4 42218.893    253 84943.785    85752.112    85961.718
459  Blosum62+F+I+G4 42095.510    254 84699.019    85518.893    85720.975
460  Blosum62+F+R2 42952.826    254 86413.651    87233.524    87435.607
461  Blosum62+F+R3 42310.688    256 85133.375    85976.862    86163.378
462  Blosum62+F+R4 42114.877    258 84745.754    85613.572    85783.803
463  Blosum62+F+R5 42066.725    260 84653.450    85546.345    85699.547
464  Blosum62+F+R6 42045.975    262 84615.949    85534.696    85670.093
465  Blosum62+F+R7 42044.976    264 84617.951    85563.357    85680.141
469  mtMet         48205.770    233 96877.540    97486.724    97815.003
470  mtMet+I       47429.903    234 95327.807    95945.672    96269.293
471  mtMet+G4      43447.708    234 87363.415    87981.281    88304.902
472  mtMet+I+G4    43418.097    235 87306.195    87932.861    88251.705
473  mtMet+R2      44681.808    235 89833.617    90460.283    90779.127
474  mtMet+R3      43768.428    237 88010.857    88655.497    88964.414
475  mtMet+R4      43544.544    239 87567.087    88230.209    88528.691
476  mtMet+R5      43359.975    241 87201.950    87884.079    88171.601
477  mtMet+R6      43324.002    243 87134.004    87835.684    88111.701
478  mtMet+R7      43322.280    245 87134.561    87856.357    88120.305
482  mtMet+F       47108.788    252 94721.577    95518.527    95735.485
483  mtMet+F+I     46144.093    253 92794.186    93602.513    93812.118
484  mtMet+F+G4    42718.048    253 85942.096    86750.423    86960.028
485  mtMet+F+I+G4  42665.743    254 85839.485    86659.359    86861.441
486  mtMet+F+R2    43770.946    254 88049.891    88869.764    89071.847
487  mtMet+F+R3    43068.818    256 86649.637    87493.124    87679.640
488  mtMet+F+R4    42764.156    258 86044.312    86912.130    87082.361
489  mtMet+F+R5    42630.298    260 85780.596    86673.491    86826.692
490  mtMet+F+R6    42592.125    262 85708.249    86626.996    86762.393
491  mtMet+F+R7    42590.399    264 85708.798    86654.203    86770.988
495  mtVer         49606.316    233 99678.632    100287.817   100616.095
496  mtVer+I       48852.567    234 98173.134    98790.999    99114.621
497  mtVer+G4      44361.860    234 89191.719    89809.584    90133.206
498  mtVer+I+G4    44336.001    235 89142.003    89768.669    90087.513
499  mtVer+R2      45716.950    235 91903.899    92530.566    92849.409
500  mtVer+R3      44722.608    237 89919.215    90563.855    90872.772
501  mtVer+R4      44485.279    239 89448.558    90111.679    90410.162
502  mtVer+R5      44280.098    241 89042.196    89724.324    90011.847
503  mtVer+R6      44228.514    243 88943.027    89644.708    89920.725
504  mtVer+R7      44225.762    245 88941.524    89663.321    89927.269
508  mtVer+F       48490.768    252 97485.535    98282.485    98499.444
509  mtVer+F+I     47431.231    253 95368.463    96176.790    96386.395
510  mtVer+F+G4    43708.462    253 87922.924    88731.251    88940.856
511  mtVer+F+I+G4  43649.092    254 87806.184    88626.058    88828.140
512  mtVer+F+R2    44835.057    254 90178.114    90997.987    91200.069
513  mtVer+F+R3    44110.601    256 88733.202    89576.689    89763.205
514  mtVer+F+R4    43786.735    258 88089.470    88957.289    89127.520
515  mtVer+F+R5    43634.787    260 87789.574    88682.468    88835.670
516  mtVer+F+R6    43595.846    262 87715.692    88634.439    88769.836
517  mtVer+F+R7    43593.123    264 87714.245    88659.651    88776.435
521  mtInv         47784.621    233 96035.241    96644.426    96972.705
522  mtInv+I       46930.488    234 94328.976    94946.841    95270.463
523  mtInv+G4      43359.837    234 87187.674    87805.539    88129.161
524  mtInv+I+G4    43316.295    235 87102.590    87729.257    88048.100
525  mtInv+R2      44513.051    235 89496.102    90122.768    90441.612
526  mtInv+R3      43682.079    237 87838.158    88482.798    88791.715
527  mtInv+R4      43415.154    239 87308.307    87971.429    88269.911
528  mtInv+R5      43258.577    241 86999.155    87681.284    87968.806
529  mtInv+R6      43232.742    243 86951.485    87653.165    87929.182
530  mtInv+R7      43230.655    245 86951.311    87673.107    87937.055
534  mtInv+F       46365.408    252 93234.817    94031.767    94248.725
535  mtInv+F+I     45334.258    253 91174.517    91982.844    92192.449
536  mtInv+F+G4    42275.381    253 85056.762    85865.089    86074.694
537  mtInv+F+I+G4  42205.558    254 84919.115    85738.989    85941.071
538  mtInv+F+R2    43283.177    254 87074.355    87894.228    88096.311
539  mtInv+F+R3    42627.600    256 85767.200    86610.687    86797.202
540  mtInv+F+R4    42285.705    258 85087.410    85955.229    86125.460
541  mtInv+F+R5    42178.922    260 84877.844    85770.739    85923.940
542  mtInv+F+R6    42143.410    262 84810.821    85729.567    85864.964
543  mtInv+F+R7    42142.192    264 84812.384    85757.790    85874.575
Akaike Information Criterion:           LG+R7
Corrected Akaike Information Criterion: LG+I+G4
Bayesian Information Criterion:         LG+R6
Best-fit model: LG+R6 chosen according to BIC

All model information printed to K01937.blastp_ALL.outfmt6.parsed.filtered.uniq.faa.mafft.aln.trimal1.model.gz
CPU time for ModelFinder: 3191.571 seconds (0h:53m:11s)
Wall-clock time for ModelFinder: 1314.821 seconds (0h:21m:54s)
Generating 2000 samples for ultrafast bootstrap (seed: 35044)...

NOTE: 46 MB RAM (0 GB) is required!
Measuring multi-threading efficiency up to 2 CPU cores
Increase to 10 rounds for branch lengths
2 trees examined
Threads: 1 / Time: 2.652 sec / Speedup: 1.000 / Efficiency: 100% / LogL: -53016
Threads: 2 / Time: 2.384 sec / Speedup: 1.113 / Efficiency: 56% / LogL: -53016
BEST NUMBER OF THREADS: 2

Estimate model parameters (epsilon = 0.100)
1. Initial log-likelihood: -41306.338
2. Current log-likelihood: -41212.272
3. Current log-likelihood: -41209.367
4. Current log-likelihood: -41209.120
5. Current log-likelihood: -41208.988
Optimal log-likelihood: -41208.898
Site proportion and rates:  (0.307,0.103) (0.129,0.389) (0.179,0.674) (0.125,1.135) (0.170,1.906) (0.091,3.669)
Parameters optimization took 5 rounds (9.652 sec)
Computing ML distances based on estimated model parameters... 8.015 sec
Computing BIONJ tree...
0.013 seconds
Log-likelihood of BIONJ tree: -41194.090
--------------------------------------------------------------------
|             INITIALIZING CANDIDATE TREE SET                      |
--------------------------------------------------------------------
Generating 98 parsimony trees... 8.102 second
Computing log-likelihood of 98 initial trees ... 22.581 seconds
Current best score: -41102.269

Do NNI search on 20 best initial trees
Estimate model parameters (epsilon = 0.100)
BETTER TREE FOUND at iteration 1: -41029.196
Estimate model parameters (epsilon = 0.100)
BETTER TREE FOUND at iteration 8: -41026.237
Iteration 10 / LogL: -41065.268 / Time: 0h:1m:10s
Iteration 20 / LogL: -41049.399 / Time: 0h:1m:26s
Finish initializing candidate tree set (20)
Current best tree score: -41026.237 / CPU time: 66.193
Number of iterations: 20
--------------------------------------------------------------------
|               OPTIMIZING CANDIDATE TREE SET                      |
--------------------------------------------------------------------
Estimate model parameters (epsilon = 0.100)
BETTER TREE FOUND at iteration 25: -41021.744
Estimate model parameters (epsilon = 0.100)
BETTER TREE FOUND at iteration 26: -41018.899
Estimate model parameters (epsilon = 0.100)
BETTER TREE FOUND at iteration 27: -41008.518
Iteration 30 / LogL: -41021.084 / Time: 0h:1m:49s (0h:6m:7s left)
Iteration 40 / LogL: -41012.673 / Time: 0h:2m:7s (0h:4m:43s left)
Estimate model parameters (epsilon = 0.100)
BETTER TREE FOUND at iteration 41: -41002.883
Estimate model parameters (epsilon = 0.100)
BETTER TREE FOUND at iteration 43: -41001.522
Iteration 50 / LogL: -41007.183 / Time: 0h:2m:27s (0h:4m:40s left)
Log-likelihood cutoff on original alignment: -41121.962
Estimate model parameters (epsilon = 0.100)
BETTER TREE FOUND at iteration 57: -41001.342
Iteration 60 / LogL: -41017.223 / Time: 0h:2m:52s (0h:4m:43s left)
Estimate model parameters (epsilon = 0.100)
BETTER TREE FOUND at iteration 63: -40999.289
Iteration 70 / LogL: -41010.143 / Time: 0h:3m:12s (0h:4m:18s left)
Estimate model parameters (epsilon = 0.100)
BETTER TREE FOUND at iteration 75: -40999.253
Iteration 80 / LogL: -41018.983 / Time: 0h:3m:31s (0h:4m:14s left)
Iteration 90 / LogL: -41005.170 / Time: 0h:3m:49s (0h:3m:38s left)
Iteration 100 / LogL: -41004.618 / Time: 0h:4m:7s (0h:3m:7s left)
Log-likelihood cutoff on original alignment: -41121.962
NOTE: Bootstrap correlation coefficient of split occurrence frequencies: 0.992
Estimate model parameters (epsilon = 0.100)
BETTER TREE FOUND at iteration 110: -40997.704
Iteration 110 / LogL: -40997.704 / Time: 0h:4m:33s (0h:4m:10s left)
Estimate model parameters (epsilon = 0.100)
BETTER TREE FOUND at iteration 112: -40997.011
Iteration 120 / LogL: -41003.366 / Time: 0h:5m:6s (0h:3m:56s left)
Iteration 130 / LogL: -41016.931 / Time: 0h:5m:34s (0h:3m:32s left)
Iteration 140 / LogL: -41000.632 / Time: 0h:6m:10s (0h:3m:11s left)
Estimate model parameters (epsilon = 0.100)
BETTER TREE FOUND at iteration 142: -40996.958
Iteration 150 / LogL: -41005.826 / Time: 0h:6m:33s (0h:4m:2s left)
Log-likelihood cutoff on original alignment: -41121.962
Estimate model parameters (epsilon = 0.100)
BETTER TREE FOUND at iteration 152: -40996.857
Estimate model parameters (epsilon = 0.100)
BETTER TREE FOUND at iteration 157: -40996.794
Iteration 160 / LogL: -40999.134 / Time: 0h:7m:7s (0h:4m:20s left)
Iteration 170 / LogL: -40997.238 / Time: 0h:7m:32s (0h:3m:53s left)
Iteration 180 / LogL: -41001.249 / Time: 0h:8m:7s (0h:3m:29s left)
Iteration 190 / LogL: -41000.867 / Time: 0h:8m:38s (0h:3m:3s left)
Iteration 200 / LogL: -41015.862 / Time: 0h:9m:2s (0h:2m:35s left)
Log-likelihood cutoff on original alignment: -41121.962
NOTE: Bootstrap correlation coefficient of split occurrence frequencies: 0.994
Iteration 210 / LogL: -40999.376 / Time: 0h:9m:37s (0h:4m:8s left)
Iteration 220 / LogL: -41002.029 / Time: 0h:10m:6s (0h:3m:41s left)
Iteration 230 / LogL: -41007.241 / Time: 0h:10m:37s (0h:3m:14s left)
Iteration 240 / LogL: -40999.131 / Time: 0h:10m:55s (0h:2m:44s left)
Iteration 250 / LogL: -40997.237 / Time: 0h:11m:19s (0h:2m:16s left)
Log-likelihood cutoff on original alignment: -41121.962
TREE SEARCH COMPLETED AFTER 258 ITERATIONS / Time: 0h:11m:41s

--------------------------------------------------------------------
|                    FINALIZING TREE SEARCH                        |
--------------------------------------------------------------------
Performs final model parameters optimization
Estimate model parameters (epsilon = 0.010)
1. Initial log-likelihood: -40996.794
Optimal log-likelihood: -40996.791
Site proportion and rates:  (0.311,0.104) (0.151,0.416) (0.173,0.719) (0.113,1.207) (0.168,1.964) (0.085,3.719)
Parameters optimization took 1 rounds (0.768 sec)
BEST SCORE FOUND : -40996.791
Creating bootstrap support values...
Split supports printed to NEXUS file K01937.blastp_ALL.outfmt6.parsed.filtered.uniq.faa.mafft.aln.trimal1.splits.nex
Total tree length: 29.791

Total number of iterations: 258
CPU time used for tree search: 1282.342 sec (0h:21m:22s)
Wall-clock time used for tree search: 681.740 sec (0h:11m:21s)
Total CPU time used: 1321.982 sec (0h:22m:1s)
Total wall-clock time used: 703.381 sec (0h:11m:43s)

Computing bootstrap consensus tree...
Reading input file K01937.blastp_ALL.outfmt6.parsed.filtered.uniq.faa.mafft.aln.trimal1.splits.nex...
118 taxa and 828 splits.
Consensus tree written to K01937.blastp_ALL.outfmt6.parsed.filtered.uniq.faa.mafft.aln.trimal1.contree
Reading input trees file K01937.blastp_ALL.outfmt6.parsed.filtered.uniq.faa.mafft.aln.trimal1.contree
Log-likelihood of consensus tree: -40997.029

Analysis results written to: 
  IQ-TREE report:                K01937.blastp_ALL.outfmt6.parsed.filtered.uniq.faa.mafft.aln.trimal1.iqtree
  Maximum-likelihood tree:       K01937.blastp_ALL.outfmt6.parsed.filtered.uniq.faa.mafft.aln.trimal1.treefile
  Likelihood distances:          K01937.blastp_ALL.outfmt6.parsed.filtered.uniq.faa.mafft.aln.trimal1.mldist

Ultrafast bootstrap approximation results written to:
  Split support values:          K01937.blastp_ALL.outfmt6.parsed.filtered.uniq.faa.mafft.aln.trimal1.splits.nex
  Consensus tree:                K01937.blastp_ALL.outfmt6.parsed.filtered.uniq.faa.mafft.aln.trimal1.contree
  Screen log file:               K01937.blastp_ALL.outfmt6.parsed.filtered.uniq.faa.mafft.aln.trimal1.log

Date and Time: Wed Sep  8 23:49:21 2021
