IQ-TREE multicore version 1.6.12 for Linux 64-bit built Aug 15 2019
Developed by Bui Quang Minh, Nguyen Lam Tung, Olga Chernomor,
Heiko Schmidt, Dominik Schrempf, Michael Woodhams.

Host:    coral (AVX512, FMA3, 376 GB RAM)
Command: /home/timothy/programs/iqtree-1.6.12-Linux/bin/iqtree -s K01972.blastp_ALL.outfmt6.parsed.filtered.uniq.faa.mafft.aln.trimal1 -nt AUTO -ntmax 2 -m MFP -bb 2000 -quiet
Seed:    873166 (Using SPRNG - Scalable Parallel Random Number Generator)
Time:    Wed Sep  8 23:36:44 2021
Kernel:  AVX+FMA - auto-detect threads (96 CPU cores detected)

Reading alignment file K01972.blastp_ALL.outfmt6.parsed.filtered.uniq.faa.mafft.aln.trimal1 ... Fasta format detected
Alignment most likely contains protein sequences
Alignment has 204 sequences with 451 columns, 451 distinct patterns
427 parsimony-informative, 20 singleton sites, 4 constant sites
                                                                                                                                                            Gap/Ambiguity  Composition  p-value
   1  Archaea-Euryarchaeota-Halobacteria-Halobacteriales-Haloarculaceae-Haloarcula_sp._Atlit120R_WP_121536227.1                                                     5.32%    failed      0.00%
   2  Archaea-Euryarchaeota-Halobacteria-Halobacteriales-Haloarculaceae-Halorientalis_persicus_WP_092658021.1                                                       5.10%    failed      0.06%
   3  Archaea-Euryarchaeota-Halobacteria-Halobacteriales-Haloarculaceae-Natronomonas_sp._F20122_WP_137277307.1                                                      5.10%    failed      0.09%
   4  Archaea-Euryarchaeota-Halobacteria-Halobacteriales-Halobacteriaceae-Haladaptatus_sp._R4_WP_066140696.1                                                        5.54%    failed      0.34%
   5  Archaea-Euryarchaeota-Halobacteria-Halobacteriales-Halobacteriaceae-Halorussus_sp._DLLS82_WP_134668540.1                                                      4.88%    failed      0.00%
   6  Archaea-Euryarchaeota-Halobacteria-Halobacteriales-Halobacteriaceae-Natronoarchaeum_philippinense_WP_097009271.1                                              4.88%    failed      0.01%
   7  Archaea-Euryarchaeota-Halobacteria-Natrialbales-Natrialbaceae-Natronococcus_occultus_WP_015322998.1                                                           5.32%    failed      0.00%
   8  Archaea-Euryarchaeota-Halobacteria-Natrialbales-Natrialbaceae-Natronorubrum_bangense_WP_006065236.1                                                           5.32%    failed      0.02%
   9  Archaea-NA-NA-NA-NA-archaeon_AArcSl_WP_119821192.1                                                                                                            5.54%    failed      0.03%
  10  Bacteria-Acidobacteria-Acidobacteriia-Acidobacteriales-Acidobacteriaceae-Acidipila_rosea_WP_131998944.1                                                       5.10%    passed     54.75%
  11  Bacteria-Acidobacteria-Acidobacteriia-Acidobacteriales-Acidobacteriaceae-Acidobacterium_ailaaui_WP_026442107.1                                                5.10%    passed     95.78%
  12  Bacteria-Acidobacteria-Acidobacteriia-Bryobacterales-Solibacteraceae-Candidatus_Solibacter_usitatus_WP_011689374.1                                            5.10%    passed     77.12%
  13  Bacteria-Actinobacteria-Actinobacteria-Corynebacteriales-Mycobacteriaceae-Mycobacterium_sp._KBS0706_WP_138891111.1                                            5.10%    passed     43.65%
  14  Bacteria-Actinobacteria-Coriobacteriia-Coriobacteriales-Atopobiaceae-Atopobium_sp._oral_taxon_810_WP_021626463.1                                              5.10%    passed     70.85%
  15  Bacteria-Actinobacteria-Coriobacteriia-Coriobacteriales-Coriobacteriaceae-Coriobacteriaceae_bacterium_WP_135978739.1                                          5.10%    passed      5.88%
  16  Bacteria-Actinobacteria-Coriobacteriia-Coriobacteriales-Coriobacteriaceae-Olegusella_massiliensis_WP_021734979.1                                              5.10%    passed     80.53%
  17  Bacteria-Aquificae-Aquificae-Aquificales-Hydrogenothermaceae-Hydrogenothermus_marinus_WP_121922686.1                                                          5.10%    failed      0.24%
  18  Bacteria-Aquificae-Aquificae-Aquificales-Hydrogenothermaceae-Persephonella_hydrogeniphila_WP_096999967.1                                                      5.10%    passed      6.89%
  19  Bacteria-Aquificae-Aquificae-Aquificales-Hydrogenothermaceae-Sulfurihydrogenibium_azorense_WP_012674431.1                                                     5.10%    failed      1.01%
  20  Bacteria-Bacteroidetes-Chitinophagia-Chitinophagales-Chitinophagaceae-Arachidicoccus_sp._B310_WP_131328642.1                                                  5.10%    passed     72.64%
  21  Bacteria-Bacteroidetes-Chitinophagia-Chitinophagales-Chitinophagaceae-Filimonas_sp._TTM71_WP_129005324.1                                                      5.10%    passed     86.04%
  22  Bacteria-Bacteroidetes-Chitinophagia-Chitinophagales-Chitinophagaceae-Panacibacter_ginsenosidivorans_WP_147189103.1                                           5.10%    passed     66.29%
  23  Bacteria-Balneolaeota-Balneolia-Balneolales-Balneolaceae-Gracilimonas_sp._8A47_WP_109646073.1                                                                 5.10%    passed     72.72%
  24  Bacteria-Calditrichaeota-Calditrichae-Calditrichales-Calditrichaceae-Caldithrix_abyssi_WP_006930949.1                                                         5.10%    passed     79.11%
  25  Bacteria-CandidatusCryosericota-CandidatusCryosericia-CandidatusCryosericales-CandidatusCryosericaceae-Candidatus_Cryosericum_terrychapinii_WP_119088395.1    5.10%    passed     51.07%
  26  Bacteria-CandidatusMarinimicrobia-NA-NA-NA-Candidatus_Marinimicrobia_bacterium_WP_129277823.1                                                                 5.10%    passed     79.07%
  27  Bacteria-CandidatusTectomicrobia-NA-NA-NA-Candidatus_Entotheonella_palauensis_WP_034413686.1                                                                  5.10%    passed     19.77%
  28  Bacteria-Chlorobi-Chlorobia-Chlorobiales-Chlorobiaceae-Chlorobium_phaeobacteroides_WP_011744365.1                                                             5.10%    passed     71.05%
  29  Bacteria-Chlorobi-Chlorobia-Chlorobiales-Chlorobiaceae-Prosthecochloris_sp._ZM_2_WP_114607598.1                                                               5.10%    passed      9.45%
  30  Bacteria-Chloroflexi-Chloroflexia-Chloroflexales-Chloroflexaceae-Chloroflexus_sp._MSG_WP_081910065.1                                                          5.10%    failed      1.82%
  31  Bacteria-Chloroflexi-Thermomicrobia-Sphaerobacterales-Sphaerobacteraceae-Nitrolancea_hollandica_WP_008482009.1                                                5.10%    passed     31.35%
  32  Bacteria-Chloroflexi-Thermomicrobia-Sphaerobacterales-Sphaerobacteraceae-Sphaerobacter_thermophilus_WP_012871423.1                                            5.10%    passed     16.44%
  33  Bacteria-Cyanobacteria-NA-NA-NA-filamentous_cyanobacterium_CCP3_WP_106921325.1                                                                                5.10%    failed      0.94%
  34  Bacteria-Cyanobacteria-NA-Nostocales-Nostocaceae-Nostoc_sp._3335mG_WP_110155445.1                                                                             5.10%    passed      8.12%
  35  Bacteria-Cyanobacteria-NA-Synechococcales-Prochlorotrichaceae-Nodosilinea_nodulosa_WP_017300916.1                                                             5.10%    failed      0.15%
  36  Bacteria-Cyanobacteria-NA-Synechococcales-Synechococcaceae-NA_WP_011243548.1                                                                                  5.10%    failed      0.39%
  37  Bacteria-Cyanobacteria-NA-Synechococcales-Synechococcaceae-Synechococcus_elongatus_WP_126147134.1                                                             5.10%    failed      0.39%
  38  Bacteria-DeinococcusThermus-Deinococci-Deinococcales-Trueperaceae-Truepera_radiovictrix_WP_013178083.1                                                        5.32%    failed      1.97%
  39  Bacteria-Firmicutes-Bacilli-Bacillales-Bacillaceae-Bacillus_firmus_WP_061792180.1                                                                             5.10%    passed     79.96%
  40  Bacteria-Firmicutes-Bacilli-Bacillales-Bacillaceae-Bacillus_sp._F56_WP_069840058.1                                                                            5.10%    passed     46.24%
  41  Bacteria-Firmicutes-Bacilli-Bacillales-Bacillaceae-Domibacillus_indicus_WP_046175756.1                                                                        5.10%    passed     98.88%
  42  Bacteria-Firmicutes-Bacilli-Bacillales-Bacillaceae-Geobacillus_sp._C56T3_WP_013144142.1                                                                       5.10%    passed     92.77%
  43  Bacteria-Firmicutes-Bacilli-Bacillales-Bacillaceae-Lysinibacillus_meyeri_WP_107838095.1                                                                       5.10%    passed     99.67%
  44  Bacteria-Firmicutes-Bacilli-Bacillales-Bacillaceae-NA_WP_014663076.1                                                                                          5.10%    passed     49.59%
  45  Bacteria-Firmicutes-Bacilli-Bacillales-Bacillaceae-NA_WP_103750410.1                                                                                          5.10%    passed     36.45%
  46  Bacteria-Firmicutes-Bacilli-Bacillales-Bacillaceae-Salinibacillus_kushneri_WP_093137624.1                                                                     5.10%    passed     68.72%
  47  Bacteria-Firmicutes-Bacilli-Bacillales-Bacillaceae-Salipaludibacillus_agaradhaerens_WP_078577788.1                                                            5.10%    passed     78.39%
  48  Bacteria-Firmicutes-Bacilli-Bacillales-NA-NA_WP_003233916.1                                                                                                   5.10%    passed     51.36%
  49  Bacteria-Firmicutes-Bacilli-Bacillales-Paenibacillaceae-Paenibacillus_sp._FSL_R50490_WP_076263262.1                                                           5.10%    passed     77.60%
  50  Bacteria-Firmicutes-Bacilli-Bacillales-Planococcaceae-NA_WP_101189866.1                                                                                       5.10%    passed     93.58%
  51  Bacteria-Firmicutes-Bacilli-Bacillales-Planococcaceae-Planococcus_citreus_WP_121301254.1                                                                      5.10%    passed     92.12%
  52  Bacteria-Firmicutes-Bacilli-Bacillales-Planococcaceae-Sporosarcina_globispora_WP_053433009.1                                                                  5.10%    passed     73.02%
  53  Bacteria-Firmicutes-Bacilli-Bacillales-Sporolactobacillaceae-Tuberibacillus_sp._MarseilleP3662_WP_085521066.1                                                 5.10%    passed     83.89%
  54  Bacteria-Firmicutes-Bacilli-Lactobacillales-Carnobacteriaceae-Trichococcus_alkaliphilus_WP_106449273.1                                                        5.10%    passed     96.31%
  55  Bacteria-Firmicutes-Bacilli-Lactobacillales-Streptococcaceae-Lactococcus_sp._1JSPR7_WP_120773388.1                                                            5.10%    passed     56.68%
  56  Bacteria-Firmicutes-Bacilli-NA-NA-NA_WP_047185477.1                                                                                                           5.10%    passed     76.21%
  57  Bacteria-Firmicutes-Clostridia-Natranaerobiales-Natranaerobiaceae-Natranaerobius_trueperi_WP_089022539.1                                                      5.10%    passed     53.56%
  58  Bacteria-Fusobacteria-Fusobacteriia-Fusobacteriales-Leptotrichiaceae-Sebaldella_termitidis_WP_012860061.1                                                     5.10%    failed      0.00%
  59  Bacteria-Ignavibacteriae-Ignavibacteria-Ignavibacteriales-Ignavibacteriaceae-Ignavibacterium_album_WP_014559244.1                                             5.10%    failed      2.63%
  60  Bacteria-Ignavibacteriae-Ignavibacteria-Ignavibacteriales-Melioribacteraceae-Melioribacter_roseus_WP_014856411.1                                              5.10%    passed     11.91%
  61  Bacteria-NA-NA-NA-NA-bacterium_A52C2_WP_092496146.1                                                                                                           5.10%    passed     17.63%
  62  Bacteria-NA-NA-NA-NA-bacterium_M00.F.Ca.ET.230.01.1.1_WP_135888667.1                                                                                          5.10%    passed     37.72%
  63  Bacteria-Proteobacteria-Alphaproteobacteria-NA-NA-alpha_proteobacterium_AAP38_WP_054166084.1                                                                  5.10%    passed     36.13%
  64  Bacteria-Proteobacteria-Alphaproteobacteria-NA-NA-Micavibrio_aeruginosavorus_WP_014103419.1                                                                   5.32%    passed      6.99%
  65  Bacteria-Proteobacteria-Alphaproteobacteria-NA-NA-NA_WP_116492250.1                                                                                           5.10%    passed     40.65%
  66  Bacteria-Proteobacteria-Alphaproteobacteria-Rhizobiales-Hyphomicrobiaceae-Devosia_epidermidihirudinis_WP_046140646.1                                          5.10%    passed     51.53%
  67  Bacteria-Proteobacteria-Alphaproteobacteria-Rhizobiales-NA-NA_WP_137858334.1                                                                                  5.10%    passed     38.16%
  68  Bacteria-Proteobacteria-Alphaproteobacteria-Rhodobacterales-Hyphomonadaceae-Henriciella_barbarensis_WP_119380570.1                                            5.10%    passed     83.02%
  69  Bacteria-Proteobacteria-Alphaproteobacteria-Rhodospirillales-Rhodospirillaceae-Aestuariispira_insulae_WP_115935204.1                                          5.10%    passed     43.15%
  70  Bacteria-Proteobacteria-Alphaproteobacteria-Rhodospirillales-Rhodospirillaceae-Nisaea_denitrificans_WP_028465849.1                                            5.10%    passed     88.12%
  71  Bacteria-Proteobacteria-Alphaproteobacteria-Rhodospirillales-Rhodospirillaceae-Rhodospirillaceae_bacterium_R148_WP_142899629.1                                5.10%    passed     42.76%
  72  Bacteria-Proteobacteria-Alphaproteobacteria-Rhodospirillales-Rhodospirillaceae-Skermanella_aerolata_WP_044433203.1                                            5.10%    passed     23.82%
  73  Bacteria-Proteobacteria-Betaproteobacteria-Burkholderiales-Comamonadaceae-Rhodoferax_sp._TSBS617_WP_105260871.1                                               5.10%    passed     15.24%
  74  Bacteria-Proteobacteria-Betaproteobacteria-Neisseriales-Chromobacteriaceae-Deefgea_rivuli_WP_035852290.1                                                      5.10%    passed     71.03%
  75  Bacteria-Proteobacteria-Betaproteobacteria-Neisseriales-Chromobacteriaceae-Paludibacterium_purpuratum_WP_133681305.1                                          5.10%    failed      2.29%
  76  Bacteria-Proteobacteria-Betaproteobacteria-Neisseriales-Neisseriaceae-Eikenella_corrodens_WP_081253962.1                                                      5.10%    passed     10.82%
  77  Bacteria-Proteobacteria-Betaproteobacteria-Neisseriales-Neisseriaceae-Kingella_oralis_WP_003793336.1                                                          5.10%    passed     68.02%
  78  Bacteria-Proteobacteria-Betaproteobacteria-Neisseriales-Neisseriaceae-Morococcus_cerebrosus_WP_039406562.1                                                    5.10%    passed     76.69%
  79  Bacteria-Proteobacteria-Betaproteobacteria-Neisseriales-Neisseriaceae-NA_WP_009311840.1                                                                       5.10%    passed     72.00%
  80  Bacteria-Proteobacteria-Betaproteobacteria-Neisseriales-Neisseriaceae-Neisseria_elongata_WP_074896617.1                                                       5.10%    passed     77.15%
  81  Bacteria-Proteobacteria-Deltaproteobacteria-Desulfobacterales-Desulfobacteraceae-Desulfonema_ishimotonii_WP_124326758.1                                       5.10%    passed     83.08%
  82  Bacteria-Proteobacteria-Deltaproteobacteria-Desulfurellales-Desulfurellaceae-Hippea_alviniae_WP_022670097.1                                                   5.32%    passed      5.10%
  83  Bacteria-Proteobacteria-Gammaproteobacteria-Aeromonadales-Aeromonadaceae-Aeromonas_bivalvium_WP_041993500.1                                                   5.10%    passed     36.65%
  84  Bacteria-Proteobacteria-Gammaproteobacteria-Aeromonadales-Aeromonadaceae-NA_WP_111873804.1                                                                    5.10%    passed     36.65%
  85  Bacteria-Proteobacteria-Gammaproteobacteria-Vibrionales-Vibrionaceae-Photobacterium_galatheae_WP_036748401.1                                                  5.10%    passed     47.42%
  86  Bacteria-Thermotogae-Thermotogae-Thermotogales-Thermotogaceae-NA_WP_038033213.1                                                                               5.10%    passed      9.64%
  87  Bacteria-Thermotogae-Thermotogae-Thermotogales-Thermotogaceae-Pseudothermotoga_elfii_WP_028843339.1                                                           5.10%    passed     46.81%
  88  Bacteria-Thermotogae-Thermotogae-Thermotogales-Thermotogaceae-Thermotoga_sp._KOL6_WP_101511166.1                                                              5.10%    failed      4.89%
  89  Bacteria-Verrucomicrobia-Spartobacteria-Chthoniobacterales-Chthoniobacteraceae-Chthoniobacter_flavus_WP_083805408.1                                           6.43%    failed      2.99%
  90  Eukaryota-Acytosteliales-Acytosteliales-Acytosteliales-Acytosteliaceae-Acytostelium_subglobosum_XP_012751015.1                                                5.32%    passed     37.27%
  91  Eukaryota-Acytosteliales-Acytosteliales-Acytosteliales-Acytosteliaceae-Heterostelium_album_XP_020438958.1                                                     5.10%    passed     46.23%
  92  Eukaryota-Acytosteliales-Acytosteliales-Acytosteliales-Cavenderiaceae-Cavenderia_fasciculata_XP_004366233.1                                                   5.10%    failed      0.01%
  93  Eukaryota-Alveolata-Dinophyceae-NA-Unranked-Alexandrium_monilatum_MMETSP0095_c74868_g1_i1.p1                                                                 41.91%    failed      0.07%
  94  Eukaryota-Alveolata-Dinophyceae-NA-Unranked-Alexandrium_tamarense_MMETSP0384_c36386_g1_i1.p2                                                                 89.14%    passed     29.57%
  95  Eukaryota-Alveolata-Dinophyceae-NA-Unranked-Ceratium_fusus_MMETSP1074_c64049_g1_i1.p1                                                                        63.86%    passed      7.09%
  96  Eukaryota-Alveolata-Dinophyceae-NA-Unranked-Dinophysis_acuminata_MMETSP0797_c43376_g1_i1.p3                                                                  84.92%    failed      0.00%
  97  Eukaryota-Alveolata-Dinophyceae-NA-Unranked-Gambierdiscus_australes_MMETSP0766_c37839_g1_i1.p1                                                               68.29%    failed      0.00%
  98  Eukaryota-Alveolata-Dinophyceae-NA-Unranked-Glenodinium_foliaceum_MMETSP0119_c17104_g1_i1.p1                                                                  5.10%    passed      9.73%
  99  Eukaryota-Alveolata-Dinophyceae-NA-Unranked-Karlodinium_micrum_MMETSP1017_c102317_g1_i1.p1                                                                   76.94%    failed      0.03%
 100  Eukaryota-Alveolata-Dinophyceae-NA-Unranked-Noctiluca_scintillans_MMETSP0253_c5463_g1_i1.p1                                                                  58.31%    failed      0.67%
 101  Eukaryota-Alveolata-Dinophyceae-NA-Unranked-Pelagodinium_bii_MMETSP1338_c43453_g1_i1.p1                                                                      40.58%    failed      1.73%
 102  Eukaryota-Alveolata-Dinophyceae-NA-Unranked-Pyrodinium_bahamense_MMETSP0796_c42778_g1_i1.p1                                                                  41.69%    failed      0.00%
 103  Eukaryota-Alveolata-Dinophyceae-Peridiniales-Kryptoperidiniaceae-Durinskia_baltica_MMETSP0117_c91667_g1_i1.p1                                                57.65%    passed     19.50%
 104  Eukaryota-Alveolata-Pyrrophycophyta-NA-Unranked-Gonyaulax_spinifera_MMETSP1439_c715_g1_i1.p1                                                                 39.69%    failed      0.00%
 105  Eukaryota-Amoebozoa-NA-NA-Paramoebidae-Filamoeba_nolandi_MMETSP0413_c7005_g1_i1.p1                                                                           55.88%    passed     41.60%
 106  Eukaryota-Amoebozoa-NA-NA-Paramoebidae-Filamoeba_nolandi_MMETSP0413_c93_g1_i1.p1                                                                             71.40%    failed      0.15%
 107  Eukaryota-Amoebozoa-NA-NA-Paramoebidae-Mayorella_sp_MMETSP0417_c13151_g2_i1.p1                                                                               16.85%    failed      0.00%
 108  Eukaryota-Amoebozoa-NA-NA-Paramoebidae-Neoparamoeba_aestuarina_MMETSP0161_c17062_g1_i1.p1                                                                    89.36%    passed     91.12%
 109  Eukaryota-Amoebozoa-NA-NA-Paramoebidae-Paramoeba_atlantica_MMETSP0151_c13424_g1_i1.p1                                                                         6.21%    failed      1.74%
 110  Eukaryota-Amoebozoa-NA-NA-Paramoebidae-Stygamoeba_regulata_MMETSP0447_c37627_g1_i1.p1                                                                        24.17%    failed      0.00%
 111  Eukaryota-Amoebozoa-NA-NA-Paramoebidae-Trichosphaerium_sp_MMETSP0405_c1310_g1_i1.p1                                                                          39.02%    passed      6.95%
 112  Eukaryota-Apicomplexa-Conoidasida-Eucoccidiorida-Eimeriidae-Cyclospora_cayetanensis_XP_026191713.1                                                           14.86%    failed      0.00%
 113  Eukaryota-Apicomplexa-Conoidasida-Eucoccidiorida-Eimeriidae-Eimeria_maxima_XP_013337883.1                                                                    13.75%    failed      0.00%
 114  Eukaryota-Apicomplexa-Conoidasida-Eucoccidiorida-Eimeriidae-Eimeria_tenella_XP_013231020.1                                                                    7.98%    failed      0.00%
 115  Eukaryota-Apicomplexa-Conoidasida-Eucoccidiorida-Sarcocystidae-Besnoitia_besnoiti_XP_029215050.1                                                              8.43%    failed      0.00%
 116  Eukaryota-Apicomplexa-Conoidasida-Eucoccidiorida-Sarcocystidae-Neospora_caninum_XP_003885386.1                                                                5.99%    failed      0.00%
 117  Eukaryota-Apicomplexa-Conoidasida-Eucoccidiorida-Sarcocystidae-Toxoplasma_gondii_XP_018635349.1                                                               5.32%    failed      0.00%
 118  Eukaryota-Arthropoda-Insecta-Diptera-Drosophilidae-Drosophila_elegans_XP_017127268.1                                                                         15.74%    passed     18.03%
 119  Eukaryota-Arthropoda-Insecta-Diptera-Tephritidae-Rhagoletis_zephyria_XP_017489386.1                                                                          13.97%    passed      7.06%
 120  Eukaryota-Arthropoda-Insecta-Hymenoptera-Apidae-Habropoda_laboriosa_XP_017797101.1                                                                            5.10%    passed     68.99%
 121  Eukaryota-Arthropoda-Insecta-Hymenoptera-Formicidae-Vollenhovia_emeryi_XP_011860590.1                                                                         5.99%    failed      1.60%
 122  Eukaryota-Arthropoda-Insecta-Lepidoptera-Plutellidae-Plutella_xylostella_XP_011567333.1                                                                       6.65%    passed     33.77%
 123  Eukaryota-Ascomycota-Leotiomycetes-Helotiales-Helotiaceae-Glarea_lozoyensis_XP_008082773.1                                                                   74.50%    failed      0.21%
 124  Eukaryota-Cercozoa-Chlorarachniophyceae-NA-NA-Bigelowiella_longifila_MMETSP1359_c19350_g1_i1.p1                                                              77.83%    failed      0.72%
 125  Eukaryota-Cercozoa-Chlorarachniophyceae-NA-NA-Chlorarachnion_reptans_MMETSP0109_c13226_g1_i1.p1                                                              11.31%    passed     15.64%
 126  Eukaryota-Cercozoa-Chlorarachniophyceae-NA-NA-Chlorarachnion_reptans_MMETSP0109_c16525_g1_i1.p1                                                              28.82%    failed      0.00%
 127  Eukaryota-Cercozoa-Chlorarachniophyceae-NA-NA-Gymnochlora_sp_MMETSP0110_c16102_g1_i1.p1                                                                       5.10%    passed     25.21%
 128  Eukaryota-Cercozoa-Chlorarachniophyceae-NA-NA-Lotharella_amoebiformis_MMETSP0042_c19466_g1_i1.p1                                                             26.39%    failed      1.70%
 129  Eukaryota-Cercozoa-Chlorarachniophyceae-NA-NA-Lotharella_amoebiformis_MMETSP0042_c8649_g1_i1.p1                                                              12.64%    passed     86.43%
 130  Eukaryota-Cercozoa-Chlorarachniophyceae-NA-NA-Norrisiella_sphaerica_MMETSP0113_c15438_g1_i1.p1                                                               40.58%    passed     43.89%
 131  Eukaryota-Cercozoa-NA-Euglyphida-Paulinellidae-Paulinella_chromatophora_scaffold14768-size934_m.92521                                                        78.49%    failed      0.07%
 132  Eukaryota-Cercozoa-NA-Euglyphida-Paulinellidae-Paulinella_chromatophora_scaffold3406-size2188_m.34888                                                        14.86%    failed      0.01%
 133  Eukaryota-Cercozoa-NA-Euglyphida-Paulinellidae-Paulinella_chromatophora_scaffold885-size3547_m.13705                                                          5.10%    passed     56.26%
 134  Eukaryota-Chlorophyta-Mamiellophyceae-Mamiellales-Bathycoccaceae-Bathycoccus_prasinos_XP_007509780.1                                                          5.10%    passed     24.03%
 135  Eukaryota-Chlorophyta-Mamiellophyceae-Mamiellales-Bathycoccaceae-Ostreococcus_tauri_XP_022841328.1                                                            4.66%    passed     28.00%
 136  Eukaryota-Chlorophyta-Mamiellophyceae-Mamiellales-Mamiellaceae-Micromonas_pusilla_XP_003060031.1                                                              4.88%    failed      0.00%
 137  Eukaryota-Chlorophyta-Mamiellophyceae-Mamiellales-Mamiellaceae-Micromonas_sp_MMETSP1386_c7194_g1_i1.p1                                                        4.88%    failed      0.00%
 138  Eukaryota-Chlorophyta-NA-NA-NA-Picocystis_salinarum_MMETSP0807_c2855_g1_i1.p1                                                                                 7.32%    failed      1.94%
 139  Eukaryota-Chlorophyta-NA-NA-NA-Prasinococcus_capsulatus_MMETSP0941_c4260_g1_i1.p1                                                                             5.76%    passed     24.76%
 140  Eukaryota-Chlorophyta-NA-NA-NA-Tetraselmis_striata_MMETSP0819_c11054_g1_i1.p1                                                                                 5.54%    failed      0.00%
 141  Eukaryota-Ciliophora-NA-Unranked-NA-Tiarina_fusus_MMETSP0472_c72364_g1_i1.p1                                                                                 82.71%    passed      9.20%
 142  Eukaryota-Ciliophora-NA-Unranked-NA-Tiarina_fusus_MMETSP0472_c77585_g1_i1.p1                                                                                 72.28%    passed     10.51%
 143  Eukaryota-Cnidaria-Anthozoa-Scleractinia-Pocilloporidae-Stylophora_pistillata_XP_022809924.1                                                                  5.10%    failed      0.35%
 144  Eukaryota-Cryptophyta-NA-Cryptomonadales-Cryptomonadaceae-Cryptomonas_paramecium_MMETSP0038_c25032_g1_i1.p1                                                  89.36%    passed     14.25%
 145  Eukaryota-Cryptophyta-NA-Cryptomonadales-Hemiselmidaceae-Hemiselmis_andersenii_MMETSP0043_c26947_g1_i1.p1                                                    21.29%    passed      6.29%
 146  Eukaryota-Cryptophyta-NA-Goniomondales-NA-Goniomonas_pacifica_MMETSP0107_c45689_g1_i1.p1                                                                     89.36%    passed     77.03%
 147  Eukaryota-Cryptophyta-NA-Goniomondales-NA-Goniomonas_pacifica_MMETSP0108_c47735_g2_i1.p1                                                                     22.62%    passed     21.80%
 148  Eukaryota-Cryptophyta-NA-Pyrenomonadales-Chroomonadaceae-Chroomonas_mesostigmaticacf_MMETSP0047_c56217_g1_i1.p2                                              81.37%    passed      7.85%
 149  Eukaryota-Cryptophyta-NA-Pyrenomonadales-Chroomonadaceae-Chroomonas_mesostigmaticacf_MMETSP0047_c9069_g1_i1.p1                                               78.05%    passed     38.58%
 150  Eukaryota-Dictyosteliales-Dictyosteliales-Dictyosteliales-Dictyosteliaceae-Dictyostelium_purpureum_jgi152457                                                  6.21%    failed      0.00%
 151  Eukaryota-Echinodermata-Asteroidea-Valvatida-Acanthasteridae-Acanthaster_planci_XP_022106941.1                                                               59.65%    passed     50.35%
 152  Eukaryota-Euglenida-NA-Eutreptiales-NA-Eutreptiella_gymnastica-like_MMETSP0811_c64076_g1_i1.p2                                                               82.71%    failed      0.68%
 153  Eukaryota-Glaucophyta-Glaucophyta-Gloeochaetales-Gloeochaetaceae-Gloeochaete_wittrockiana_MMETSP1089_c14306_g1_i1.p1                                         25.50%    passed      9.24%
 154  Eukaryota-Glaucophyta-Glaucophyta-NA-Cyanophoraceae-Cyanophora_paradoxa_tig00001155_g7324.t1                                                                  4.88%    failed      0.00%
 155  Eukaryota-Haptophyta-NA-Prymnesiales-NA-Imantonia_sp_MMETSP1474_c33397_g1_i1.p1                                                                              84.04%    passed     16.26%
 156  Eukaryota-Heterolobosea-NA-NA-NA-Percolomonas_cosmopolitus_MMETSP0759_c6433_g1_i1.p1                                                                         76.05%    failed      4.63%
 157  Eukaryota-Longamoebia-Longamoebia-Longamoebia-Acanthamoebidae-Acanthamoeba_castellanii_XP_004340452.1                                                         4.66%    passed     20.54%
 158  Eukaryota-Longamoebia-Longamoebia-Longamoebia-Acanthamoebidae-Acanthamoeba_castellanii_XP_004345979.1                                                        51.44%    failed      0.11%
 159  Eukaryota-Nematoda-Chromadorea-Rhabditida-Rhabditidae-Caenorhabditis_remanei_XP_003088175.1                                                                   5.10%    failed      1.30%
 160  Eukaryota-Rhodophyta-Bangiophyceae-NA-NA-Rhodosorus_marinus_MMETSP0011_c4733_g1_i1.p1                                                                         4.88%    passed     92.76%
 161  Eukaryota-Rhodophyta-Bangiophyceae-Porphyridiales-Porphyridiaceae-Porphyridium_purpureum_3597.5                                                               4.66%    passed     68.40%
 162  Eukaryota-Rhodophyta-Compsopogonophyceae-Compsopogonales-Compsopogonaceae-Compsopogon_coeruleus_MMETSP0312_c4276_g1_i1.p1                                     4.88%    passed     32.09%
 163  Eukaryota-Rhodophyta-Florideophyceae-Gigartinales-Gigartinaceae-Chondrus_crispus_XP_005717450.1                                                               4.88%    passed     88.98%
 164  Eukaryota-Rhodophyta-Florideophyceae-Gracilariales-Gracilariaceae-Gracilariopsis_chorda_PXF45137.1                                                            4.88%    passed     65.64%
 165  Eukaryota-Stramenopiles-Coscinodiscophyceae-Thalassiosirales-Thalassiosiraceae-Thalassiosira_miniscula_MMETSP0738_c7474_g1_i1.p1                             21.51%    passed     87.31%
 166  Eukaryota-Stramenopiles-Dictyochophyceae-Pedinellales-NA-Pseudopedinella_elastica_MMETSP1068_c55918_g1_i1.p1                                                 89.36%    passed     33.48%
 167  Eukaryota-Stramenopiles-Dictyochophyceae-Rhizochromulinales-NA-Rhizochromulina_marinacf_MMETSP1173_c1707_g1_i1.p1                                             5.10%    failed      0.51%
 168  Eukaryota-Stramenopiles-Labyrinthulomycetes-Unranked-Unranked-Aplanochytrium_kerguelense_jgi94935                                                            14.63%    passed     26.08%
 169  Eukaryota-Stramenopiles-NA-NA-NA-Chromulina_nebulosa_MMETSP1095_TR12916-c0_g2_i1.p1                                                                          19.29%    failed      1.55%
 170  Eukaryota-Stramenopiles-NA-NA-NA-Ditylum_brightwellii_MMETSP1010_c14097_g1_i1.p1                                                                             88.03%    failed      3.95%
 171  Eukaryota-Stramenopiles-NA-NA-NA-Paraphysomonas_bandaiensis_MMETSP1103_c7895_g1_i1.p1                                                                        18.85%    failed      0.00%
 172  Eukaryota-Stramenopiles-NA-NA-NA-Pteridomonas_danica_MMETSP0102_c4452_g1_i1.p1                                                                               89.36%    passed     64.75%
 173  Eukaryota-Stramenopiles-NA-NA-NA-Stephanopyxis_turris_MMETSP0794_c1863_g1_i1.p1                                                                              54.55%    failed      0.25%
 174  Eukaryota-Stramenopiles-Raphidophyceae-Chattonellales-Chattonellaceae-Chattonella_subsalsa_MMETSP0947_c27885_g1_i1.p1                                         4.66%    passed     68.32%
 175  Eukaryota-Stramenopiles-Raphidophyceae-Chattonellales-Chattonellaceae-Chattonella_subsalsa_MMETSP0950_c14035_g1_i1.p1                                         4.66%    passed     68.32%
 176  Eukaryota-Streptophyta-Bryopsida-Funariales-Funariaceae-Physcomitrella_patens_XP_024361735.1                                                                  5.76%    passed     50.56%
 177  Eukaryota-Streptophyta-NA-Rosales-Rhamnaceae-Ziziphus_jujuba_XP_015871018.1                                                                                  68.74%    passed     26.70%
 178  MSTRG.15911.1.p1                                                                                                                                              5.10%    passed      8.00%
 179  MSTRG.7660.1.p1                                                                                                                                              78.27%    failed      0.00%
 180  MSTRG.8876.1.p1                                                                                                                                              15.52%    failed      0.00%
 181  NA-NA-NA-NA-NA-NA_WP_040061129.1                                                                                                                              5.10%    passed     82.32%
 182  Viruses-Iridoviridae-NA-NA-NA-Anopheles_minimus_irodovirus_YP_009021193.1                                                                                     9.09%    failed      0.05%
 183  Viruses-Iridoviridae-NA-NA-NA-Invertebrate_iridescent_virus_22_YP_009010927.1                                                                                11.09%    failed      0.00%
 184  Viruses-Iridoviridae-NA-NA-NA-Invertebrate_iridescent_virus_31_YP_009046724.1                                                                                 9.76%    failed      0.00%
 185  Viruses-Mimiviridae-NA-NA-NA-Acanthamoeba_polyphaga_mimivirus_YP_003986805.1                                                                                  9.09%    failed      0.00%
 186  Viruses-Mimiviridae-NA-NA-NA-Cafeteria_roenbergensis_virus_YP_003970095.1                                                                                     8.87%    failed      0.00%
 187  Viruses-Mimiviridae-NA-NA-NA-Megavirus_chiliensis_YP_004894655.1                                                                                              9.09%    failed      0.00%
 188  Viruses-Mimiviridae-NA-NA-NA-Moumouvirus_YP_007354498.1                                                                                                       9.09%    failed      0.00%
 189  Viruses-Myoviridae-NA-NA-NA-Bacillus_virus_G_YP_009015539.1                                                                                                   5.76%    failed      0.07%
 190  Viruses-Myoviridae-NA-NA-NA-Erwinia_virus_Risingsun_YP_009612852.1                                                                                            6.43%    passed      8.25%
 191  Viruses-Myoviridae-NA-NA-NA-Pseudomonas_phage_PhiPA3_YP_009217336.1                                                                                           5.10%    passed     19.77%
 192  Viruses-Myoviridae-NA-NA-NA-Pseudomonas_virus_Noxifer_YP_009609228.1                                                                                          5.10%    passed     49.77%
 193  Viruses-Myoviridae-NA-NA-NA-Ralstonia_virus_RSF1_YP_009207909.1                                                                                               5.10%    passed     19.67%
 194  Viruses-Myoviridae-NA-NA-NA-Ralstonia_virus_RSL2_YP_009212944.1                                                                                               5.10%    passed     26.96%
 195  Viruses-Myoviridae-NA-NA-NA-Vibrio_virus_Aphrodite1_YP_009622285.1                                                                                            6.21%    passed     37.98%
 196  Viruses-Phycodnaviridae-NA-NA-NA-Aureococcus_anophagefferens_virus_YP_009052200.1                                                                            10.20%    failed      0.00%
 197  Viruses-Phycodnaviridae-NA-NA-NA-Chrysochromulina_ericina_virus_YP_009173744.1                                                                                9.09%    failed      0.00%
 198  Viruses-Poxviridae-NA-NA-NA-Melanoplus_sanguinipes_entomopoxvirus_NP_048233.1                                                                                24.17%    failed      0.00%
 199  Viruses-Siphoviridae-NA-NA-NA-Clostridium_phage_cst_YP_398462.1                                                                                               5.99%    failed      0.00%
 200  Viruses-Siphoviridae-NA-NA-NA-Klebsiella_virus_IME260_YP_009597479.1                                                                                         47.45%    passed     26.00%
 201  Viruses-Siphoviridae-NA-NA-NA-Providencia_virus_PR1_YP_009599148.1                                                                                           47.01%    passed     20.15%
 202  Viruses-Siphoviridae-NA-NA-NA-Shigella_phage_SHSML45_YP_009280307.1                                                                                          47.01%    failed      1.79%
 203  Viruses-Siphoviridae-NA-NA-NA-Sphingobium_virus_Lacusarx_YP_009600758.1                                                                                       5.54%    passed     93.52%
 204  Viruses-Siphoviridae-NA-NA-NA-Vibrio_virus_Thalassa_YP_009621343.1                                                                                           46.78%    passed     26.84%
WARNING: 30 sequences contain more than 50% gaps/ambiguity
****  TOTAL                                                                                                                                                        18.94%  79 sequences failed composition chi2 test (p-value<5%; df=19)
NOTE: Bacteria-Cyanobacteria-NA-Synechococcales-Synechococcaceae-Synechococcus_elongatus_WP_126147134.1 is identical to Bacteria-Cyanobacteria-NA-Synechococcales-Synechococcaceae-NA_WP_011243548.1 but kept for subsequent analysis
NOTE: Bacteria-Proteobacteria-Gammaproteobacteria-Aeromonadales-Aeromonadaceae-NA_WP_111873804.1 is identical to Bacteria-Proteobacteria-Gammaproteobacteria-Aeromonadales-Aeromonadaceae-Aeromonas_bivalvium_WP_041993500.1 but kept for subsequent analysis
NOTE: Eukaryota-Stramenopiles-Raphidophyceae-Chattonellales-Chattonellaceae-Chattonella_subsalsa_MMETSP0950_c14035_g1_i1.p1 is identical to Eukaryota-Stramenopiles-Raphidophyceae-Chattonellales-Chattonellaceae-Chattonella_subsalsa_MMETSP0947_c27885_g1_i1.p1 but kept for subsequent analysis


Create initial parsimony tree by phylogenetic likelihood library (PLL)... 0.216 seconds
NOTE: ModelFinder requires 152 MB RAM!
ModelFinder will test 546 protein models (sample size: 451) ...
 No. Model         -LnL         df  AIC          AICc         BIC
Measuring multi-threading efficiency up to 2 CPU cores
12 trees examined
Threads: 1 / Time: 2.099 sec / Speedup: 1.000 / Efficiency: 100% / LogL: -135357
Threads: 2 / Time: 1.555 sec / Speedup: 1.350 / Efficiency: 67% / LogL: -135357
BEST NUMBER OF THREADS: 2

  1  Dayhoff       100798.451   405 202406.903   209714.903   204072.047
  2  Dayhoff+I     100798.369   406 202408.737   209919.737   204077.993
  3  Dayhoff+G4    95891.349    406 192594.698   200105.698   194263.954
  4  Dayhoff+I+G4  95891.349    407 192596.698   200320.233   194270.066
  5  Dayhoff+R2    96986.709    407 194787.417   202510.952   196460.785
  6  Dayhoff+R3    96102.610    409 193023.219   201203.219   194704.810
  7  Dayhoff+R4    95859.209    411 192540.418   201224.111   194230.231
  8  Dayhoff+R5    95759.803    413 192345.607   201587.877   194043.643
  9  Dayhoff+R6    95716.267    415 192262.534   202127.677   193968.793
 10  Dayhoff+R7    95702.362    417 192238.723   202802.723   193953.205
 11  Dayhoff+R8    95690.662    419 192219.325   203572.873   193942.029
 12  Dayhoff+R9    95684.779    421 192211.558   204464.110   193942.486
 14  Dayhoff+F     100617.418   424 202082.836   215944.374   203826.098
 15  Dayhoff+F+I   100617.341   425 202084.682   216568.682   203832.056
 16  Dayhoff+F+G4  95549.385    425 191948.770   206432.770   193696.144
 17  Dayhoff+F+I+G4 95549.363    426 191950.726   207109.226   193702.211
 18  Dayhoff+F+R2  96698.621    426 194249.241   209407.741   196000.726
 19  Dayhoff+F+R3  95776.574    428 192409.148   209101.148   194168.856
 20  Dayhoff+F+R4  95519.617    430 191899.234   210432.234   193667.165
 21  Dayhoff+F+R5  95414.401    432 191692.802   212476.802   193468.956
 22  Dayhoff+F+R6  95370.844    434 191609.689   215208.439   193394.065
 23  Dayhoff+F+R7  95354.863    436 191581.726   218800.583   193374.326
 24  Dayhoff+F+R8  95345.688    438 191567.376   223614.376   193368.198
 25  Dayhoff+F+R9  95338.078    440 191556.156   230364.156   193365.202
 26  Dayhoff+F+R10 95332.774    442 191549.549   240501.049   193366.817
 27  mtMAM         114488.411   405 229786.822   237094.822   231451.966
 28  mtMAM+I       114488.376   406 229788.751   237299.751   231458.007
 29  mtMAM+G4      103665.623   406 208143.246   215654.246   209812.502
 30  mtMAM+I+G4    103665.585   407 208145.170   215868.705   209818.537
 31  mtMAM+R2      106529.042   407 213872.084   221595.619   215545.451
 32  mtMAM+R3      104508.771   409 209835.542   218015.542   211517.133
 33  mtMAM+R4      104023.319   411 208868.639   217552.331   210558.452
 34  mtMAM+R5      103615.265   413 208056.530   217298.800   209754.566
 35  mtMAM+R6      103456.456   415 207742.913   217608.056   209449.172
 36  mtMAM+R7      103342.073   417 207518.146   218082.146   209232.628
 37  mtMAM+R8      103291.961   419 207421.923   218775.471   209144.627
 38  mtMAM+R9      103262.885   421 207367.770   219620.322   209098.698
 39  mtMAM+R10     103251.143   423 207348.287   220633.620   209087.437
 40  mtMAM+F       107756.059   424 216360.119   230221.657   218103.381
 41  mtMAM+F+I     107755.983   425 216361.966   230845.966   218109.339
 42  mtMAM+F+G4    99376.467    425 199602.934   214086.934   201350.308
 43  mtMAM+F+I+G4  99376.401    426 199604.801   214763.301   201356.287
 44  mtMAM+F+R2    101492.249   426 203836.499   218994.999   205587.984
 45  mtMAM+F+R3    99996.582    428 200849.164   217541.164   202608.872
 46  mtMAM+F+R4    99609.714    430 200079.429   218612.429   201847.360
 47  mtMAM+F+R5    99273.409    432 199410.818   220194.818   201186.972
 48  mtMAM+F+R6    99176.327    434 199220.653   222819.403   201005.030
 49  mtMAM+F+R7    99119.857    436 199111.714   226330.572   200904.314
 50  mtMAM+F+R8    99092.619    438 199061.238   231108.238   200862.060
 51  mtMAM+F+R9    99052.356    440 198984.712   237792.712   200793.758
 52  mtMAM+F+R10   99027.846    442 198939.693   247891.193   200756.961
 53  JTT           100314.690   405 201439.380   208747.380   203104.524
 54  JTT+I         100314.636   406 201441.272   208952.272   203110.528
 55  JTT+G4        95345.165    406 191502.330   199013.330   193171.586
 56  JTT+I+G4      95345.161    407 191504.323   199227.858   193177.690
 57  JTT+R2        96513.469    407 193840.939   201564.474   195514.306
 58  JTT+R3        95554.685    409 191927.370   200107.370   193608.960
 59  JTT+R4        95334.970    411 191491.941   200175.633   193181.754
 60  JTT+R5        95222.312    413 191270.624   200512.894   192968.660
 61  JTT+R6        95180.925    415 191191.851   201056.994   192898.110
 62  JTT+R7        95153.655    417 191141.309   201705.309   192855.791
 63  JTT+R8        95149.897    419 191137.795   202491.343   192860.499
 66  JTT+F         100417.670   424 201683.341   215544.879   203426.603
 67  JTT+F+I       100417.586   425 201685.172   216169.172   203432.546
 68  JTT+F+G4      95331.871    425 191513.742   205997.742   193261.116
 69  JTT+F+I+G4    95331.865    426 191515.730   206674.230   193267.215
 70  JTT+F+R2      96518.201    426 193888.401   209046.901   195639.886
 71  JTT+F+R3      95557.034    428 191970.068   208662.068   193729.776
 72  JTT+F+R4      95315.640    430 191491.280   210024.280   193259.211
 73  JTT+F+R5      95203.742    432 191271.484   212055.484   193047.637
 74  JTT+F+R6      95169.400    434 191206.800   214805.550   192991.177
 75  JTT+F+R7      95140.410    436 191152.820   218371.677   192945.419
 76  JTT+F+R8      95133.538    438 191143.075   223190.075   192943.898
 77  JTT+F+R9      95133.205    440 191146.409   229954.409   192955.455
 79  WAG           98204.063    405 197218.126   204526.126   198883.270
 80  WAG+I         98204.010    406 197220.019   204731.019   198889.275
 81  WAG+G4        94163.734    406 189139.467   196650.467   190808.723
 82  WAG+I+G4      94163.722    407 189141.444   196864.979   190814.811
 83  WAG+R2        95106.767    407 191027.535   198751.070   192700.902
 84  WAG+R3        94310.788    409 189439.575   197619.575   191121.165
 85  WAG+R4        94141.657    411 189105.314   197789.006   190795.127
 86  WAG+R5        94053.180    413 188932.359   198174.629   190630.395
 87  WAG+R6        94018.267    415 188866.535   198731.677   190572.794
 88  WAG+R7        94009.945    417 188853.889   199417.889   190568.371
 89  WAG+R8        94009.504    419 188857.008   200210.556   190579.713
 92  WAG+F         98155.032    424 197158.063   211019.602   198901.325
 93  WAG+F+I       98154.975    425 197159.950   211643.950   198907.323
 94  WAG+F+G4      94029.098    425 188908.196   203392.196   190655.570
 95  WAG+F+I+G4    94029.052    426 188910.103   204068.603   190661.588
 96  WAG+F+R2      94994.825    426 190841.651   206000.151   192593.136
 97  WAG+F+R3      94189.862    428 189235.725   205927.725   190995.433
 98  WAG+F+R4      94011.994    430 188883.988   207416.988   190651.919
 99  WAG+F+R5      93917.850    432 188699.701   209483.701   190475.855
100  WAG+F+R6      93885.697    434 188639.394   212238.144   190423.771
101  WAG+F+R7      93872.828    436 188617.657   215836.514   190410.256
102  WAG+F+R8      93871.667    438 188619.334   220666.334   190420.157
105  cpREV         99173.424    405 199156.848   206464.848   200821.992
106  cpREV+I       99173.352    406 199158.705   206669.705   200827.960
107  cpREV+G4      94951.569    406 190715.138   198226.138   192384.394
108  cpREV+I+G4    94951.535    407 190717.070   198440.605   192390.438
109  cpREV+R2      95933.766    407 192681.531   200405.066   194354.899
110  cpREV+R3      95147.202    409 191112.403   199292.403   192793.994
111  cpREV+R4      94939.684    411 190701.368   199385.060   192391.181
112  cpREV+R5      94853.275    413 190532.551   199774.821   192230.587
113  cpREV+R6      94811.797    415 190453.593   200318.736   192159.852
114  cpREV+R7      94794.445    417 190422.890   200986.890   192137.372
115  cpREV+R8      94791.309    419 190420.619   201774.167   192143.324
118  cpREV+F       99324.340    424 199496.679   213358.218   201239.941
119  cpREV+F+I     99324.262    425 199498.525   213982.525   201245.898
120  cpREV+F+G4    94968.125    425 190786.249   205270.249   192533.623
121  cpREV+F+I+G4  94968.082    426 190788.163   205946.663   192539.648
122  cpREV+F+R2    96006.018    426 192864.035   208022.535   194615.521
123  cpREV+F+R3    95174.227    428 191204.453   207896.453   192964.161
124  cpREV+F+R4    94960.686    430 190781.372   209314.372   192549.303
125  cpREV+F+R5    94855.995    432 190575.990   211359.990   192352.144
126  cpREV+F+R6    94819.535    434 190507.069   214105.819   192291.446
127  cpREV+F+R7    94799.381    436 190470.762   217689.619   192263.362
128  cpREV+F+R8    94794.371    438 190464.742   222511.742   192265.565
131  mtREV         108115.404   405 217040.808   224348.808   218705.953
132  mtREV+I       108115.340   406 217042.681   224553.681   218711.936
133  mtREV+G4      100989.231   406 202790.462   210301.462   204459.717
134  mtREV+I+G4    100989.185   407 202792.370   210515.905   204465.737
135  mtREV+R2      102423.176   407 205660.352   213383.887   207333.719
136  mtREV+R3      101437.960   409 203693.921   211873.921   205375.511
137  mtREV+R4      101110.521   411 203043.041   211726.734   204732.855
138  mtREV+R5      100870.526   413 202567.051   211809.322   204265.087
139  mtREV+R6      100797.477   415 202424.954   212290.097   204131.213
140  mtREV+R7      100771.291   417 202376.582   212940.582   204091.064
141  mtREV+R8      100763.950   419 202365.901   213719.449   204088.606
142  mtREV+R9      100716.025   421 202274.049   214526.601   204004.977
143  mtREV+R10     100696.329   423 202238.659   215523.992   203977.810
144  mtREV+F       102616.262   424 206080.525   219942.063   207823.787
145  mtREV+F+I     102616.186   425 206082.373   220566.373   207829.746
146  mtREV+F+G4    96604.841    425 194059.681   208543.681   195807.055
147  mtREV+F+I+G4  96604.772    426 194061.544   209220.044   195813.029
148  mtREV+F+R2    97952.184    426 196756.367   211914.867   198507.852
149  mtREV+F+R3    97051.159    428 194958.318   211650.318   196718.026
150  mtREV+F+R4    96705.139    430 194270.278   212803.278   196038.209
151  mtREV+F+R5    96507.417    432 193878.833   214662.833   195654.987
152  mtREV+F+R6    96478.301    434 193824.603   217423.353   195608.980
153  mtREV+F+R7    96460.299    436 193792.597   221011.454   195585.197
154  mtREV+F+R8    96450.946    438 193777.893   225824.893   195578.715
155  mtREV+F+R9    96398.420    440 193676.841   232484.841   195485.887
156  mtREV+F+R10   96381.756    442 193647.512   242599.012   195464.780
157  rtREV         99429.031    405 199668.062   206976.062   201333.206
158  rtREV+I       99428.972    406 199669.945   207180.945   201339.201
159  rtREV+G4      94747.907    406 190307.813   197818.813   191977.069
160  rtREV+I+G4    94747.875    407 190309.749   198033.284   191983.116
161  rtREV+R2      95840.551    407 192495.101   200218.636   194168.468
162  rtREV+R3      94978.350    409 190774.699   198954.699   192456.289
163  rtREV+R4      94753.023    411 190328.046   199011.739   192017.859
164  rtREV+R5      94637.730    413 190101.461   199343.731   191799.497
165  rtREV+R6      94610.217    415 190050.435   199915.578   191756.694
166  rtREV+R7      94593.262    417 190020.523   200584.523   191735.005
167  rtREV+R8      94585.456    419 190008.912   201362.460   191731.617
168  rtREV+R9      94568.006    421 189978.013   202230.565   191708.941
169  rtREV+R10     94567.976    423 189981.952   203267.285   191721.102
170  rtREV+F       98917.730    424 198683.459   212544.998   200426.721
171  rtREV+F+I     98917.685    425 198685.371   213169.371   200432.744
172  rtREV+F+G4    94114.989    425 189079.977   203563.977   190827.351
173  rtREV+F+I+G4  94114.953    426 189081.905   204240.405   190833.391
174  rtREV+F+R2    95235.786    426 191323.571   206482.071   193075.056
175  rtREV+F+R3    94363.883    428 189583.766   206275.766   191343.474
176  rtREV+F+R4    94124.853    430 189109.707   207642.707   190877.638
177  rtREV+F+R5    94015.871    432 188895.743   209679.743   190671.897
178  rtREV+F+R6    93997.746    434 188863.492   212462.242   190647.869
179  rtREV+F+R7    93976.475    436 188824.950   216043.807   190617.550
180  rtREV+F+R8    93967.125    438 188810.250   220857.250   190611.073
181  rtREV+F+R9    93946.031    440 188772.062   227580.062   190581.108
182  rtREV+F+R10   93945.744    442 188775.487   237726.987   190592.756
183  mtART         112270.916   405 225351.832   232659.832   227016.977
184  mtART+I       112270.882   406 225353.765   232864.765   227023.021
185  mtART+G4      102340.843   406 205493.685   213004.685   207162.941
186  mtART+I+G4    102340.676   407 205495.352   213218.887   207168.719
187  mtART+R2      104800.718   407 210415.436   218138.971   212088.803
188  mtART+R3      103056.545   409 206931.089   215111.089   208612.679
189  mtART+R4      102631.766   411 206085.531   214769.224   207775.344
190  mtART+R5      102281.308   413 205388.616   214630.886   207086.652
191  mtART+R6      102183.093   415 205196.186   215061.329   206902.445
192  mtART+R7      102119.123   417 205072.245   215636.245   206786.727
193  mtART+R8      102089.414   419 205016.828   216370.376   206739.533
194  mtART+R9      102001.918   421 204845.836   217098.387   206576.763
195  mtART+R10     101993.774   423 204833.548   218118.882   206572.699
196  mtART+F       106143.739   424 213135.478   226997.017   214878.740
197  mtART+F+I     106143.708   425 213137.416   227621.416   214884.789
198  mtART+F+G4    98009.983    425 196869.967   211353.967   198617.340
199  mtART+F+I+G4  98009.988    426 196871.976   212030.476   198623.461
200  mtART+F+R2    100120.598   426 201093.197   216251.697   202844.682
201  mtART+F+R3    98698.014    428 198252.029   214944.029   200011.737
202  mtART+F+R4    98326.237    430 197512.475   216045.475   199280.406
203  mtART+F+R5    97978.911    432 196821.821   217605.821   198597.975
204  mtART+F+R6    97889.956    434 196647.911   220246.661   198432.288
205  mtART+F+R7    97823.993    436 196519.986   223738.843   198312.586
206  mtART+F+R8    97795.439    438 196466.877   228513.877   198267.700
207  mtART+F+R9    97730.453    440 196340.907   235148.907   198149.952
208  mtART+F+R10   97721.794    442 196327.588   245279.088   198144.857
209  mtZOA         108057.956   405 216925.911   224233.911   218591.055
210  mtZOA+I       108057.888   406 216927.777   224438.777   218597.032
211  mtZOA+G4      99521.984    406 199855.969   207366.969   201525.225
212  mtZOA+I+G4    99521.930    407 199857.860   207581.394   201531.227
213  mtZOA+R2      101487.409   407 203788.817   211512.352   205462.184
214  mtZOA+R3      100094.151   409 201006.302   209186.302   202687.892
215  mtZOA+R4      99752.332    411 200326.663   209010.355   202016.476
216  mtZOA+R5      99433.575    413 199693.149   208935.420   201391.185
217  mtZOA+R6      99355.524    415 199541.047   209406.190   201247.306
218  mtZOA+R7      99309.439    417 199452.878   210016.878   201167.360
219  mtZOA+R8      99289.703    419 199417.406   210770.954   201140.111
220  mtZOA+R9      99239.975    421 199321.950   211574.502   201052.878
221  mtZOA+R10     99234.219    423 199314.438   212599.771   201053.589
222  mtZOA+F       103806.407   424 208460.814   222322.353   210204.076
223  mtZOA+F+I     103806.343   425 208462.686   222946.686   210210.060
224  mtZOA+F+G4    96763.081    425 194376.162   208860.162   196123.536
225  mtZOA+F+I+G4  96763.081    426 194378.162   209536.662   196129.647
226  mtZOA+F+R2    98505.638    426 197863.277   213021.777   199614.762
227  mtZOA+F+R3    97337.914    428 195531.828   212223.828   197291.536
228  mtZOA+F+R4    96970.247    430 194800.493   213333.493   196568.424
229  mtZOA+F+R5    96684.896    432 194233.792   215017.792   196009.945
230  mtZOA+F+R6    96628.793    434 194125.585   217724.335   195909.962
231  mtZOA+F+R7    96589.830    436 194051.659   221270.516   195844.259
232  mtZOA+F+R8    96570.611    438 194017.223   226064.223   195818.046
233  mtZOA+F+R9    96526.312    440 193932.624   232740.624   195741.669
234  mtZOA+F+R10   96518.797    442 193921.594   242873.094   195738.863
235  VT            98430.445    405 197670.890   204978.890   199336.034
236  VT+I          98430.366    406 197672.732   205183.732   199341.987
237  VT+G4         94305.417    406 189422.834   196933.834   191092.089
238  VT+I+G4       94305.381    407 189424.762   197148.297   191098.129
239  VT+R2         95290.939    407 191395.879   199119.414   193069.246
240  VT+R3         94469.688    409 189757.377   197937.377   191438.967
241  VT+R4         94294.625    411 189411.251   198094.943   191101.064
242  VT+R5         94202.943    413 189231.885   198474.156   190929.921
243  VT+R6         94177.802    415 189185.604   199050.747   190891.863
244  VT+R7         94168.421    417 189170.842   199734.842   190885.324
245  VT+R8         94166.007    419 189170.014   200523.563   190892.719
248  VT+F          98485.419    424 197818.838   211680.377   199562.100
249  VT+F+I        98485.365    425 197820.730   212304.730   199568.103
250  VT+F+G4       94306.336    425 189462.671   203946.671   191210.045
251  VT+F+I+G4     94306.266    426 189464.531   204623.031   191216.017
252  VT+F+R2       95296.413    426 191444.825   206603.325   193196.310
253  VT+F+R3       94478.839    428 189813.679   206505.679   191573.387
254  VT+F+R4       94298.236    430 189456.471   207989.471   191224.402
255  VT+F+R5       94201.506    432 189267.012   210051.012   191043.166
256  VT+F+R6       94178.695    434 189225.391   212824.141   191009.768
257  VT+F+R7       94168.719    436 189209.438   216428.295   191002.038
258  VT+F+R8       94165.879    438 189207.759   221254.759   191008.581
261  LG            98652.562    405 198115.123   205423.123   199780.268
262  LG+I          98652.520    406 198117.041   205628.041   199786.297
263  LG+G4         93743.834    406 188299.667   195810.667   189968.923
264  LG+I+G4       93743.774    407 188301.548   196025.083   189974.915
265  LG+R2         94857.209    407 190528.417   198251.952   192201.784
266  LG+R3         93990.540    409 188799.079   196979.079   190480.670
267  LG+R4         93760.692    411 188343.383   197027.075   190033.196
268  LG+R5         93643.597    413 188113.194   197355.464   189811.230
269  LG+R6         93622.620    415 188075.241   197940.383   189781.499
270  LG+R7         93611.791    417 188057.581   198621.581   189772.063
271  LG+R8         93605.798    419 188049.596   199403.144   189772.300
274  LG+F          98781.558    424 198411.115   212272.654   200154.377
275  LG+F+I        98781.508    425 198413.016   212897.016   200160.389
276  LG+F+G4       93833.943    425 188517.885   203001.885   190265.259
277  LG+F+I+G4     93833.922    426 188519.844   203678.344   190271.329
278  LG+F+R2       94933.454    426 190718.909   205877.409   192470.394
279  LG+F+R3       94092.294    428 189040.588   205732.588   190800.296
280  LG+F+R4       93850.612    430 188561.224   207094.224   190329.155
281  LG+F+R5       93738.822    432 188341.643   209125.643   190117.797
282  LG+F+R6       93715.627    434 188299.254   211898.004   190083.631
283  LG+F+R7       93706.627    436 188285.254   215504.111   190077.854
284  LG+F+R8       93701.607    438 188279.215   220326.215   190080.037
287  DCMut         100795.966   405 202401.933   209709.933   204067.077
288  DCMut+I       100795.875   406 202403.751   209914.751   204073.007
289  DCMut+G4      95893.546    406 192599.092   200110.092   194268.348
290  DCMut+I+G4    95893.541    407 192601.081   200324.616   194274.448
291  DCMut+R2      96988.188    407 194790.376   202513.911   196463.743
292  DCMut+R3      96121.107    409 193060.214   201240.214   194741.805
293  DCMut+R4      95874.983    411 192571.966   201255.658   194261.779
294  DCMut+R5      95778.491    413 192382.982   201625.252   194081.018
295  DCMut+R6      95743.744    415 192317.488   202182.631   194023.747
296  DCMut+R7      95730.378    417 192294.755   202858.755   194009.237
297  DCMut+R8      95725.883    419 192289.766   203643.315   194012.471
300  DCMut+F       100611.267   424 202070.533   215932.072   203813.795
301  DCMut+F+I     100611.190   425 202072.381   216556.381   203819.754
302  DCMut+F+G4    95548.578    425 191947.157   206431.157   193694.530
303  DCMut+F+I+G4  95548.557    426 191949.115   207107.615   193700.600
304  DCMut+F+R2    96696.947    426 194245.893   209404.393   195997.378
305  DCMut+F+R3    95799.839    428 192455.678   209147.678   194215.386
306  DCMut+F+R4    95542.597    430 191945.194   210478.194   193713.125
307  DCMut+F+R5    95433.183    432 191730.366   212514.366   193506.519
308  DCMut+F+R6    95403.788    434 191675.575   215274.325   193459.952
309  DCMut+F+R7    95389.810    436 191651.621   218870.478   193444.221
310  DCMut+F+R8    95384.572    438 191645.145   223692.145   193445.967
313  PMB           98649.496    405 198108.992   205416.992   199774.136
314  PMB+I         98649.448    406 198110.897   205621.897   199780.153
315  PMB+G4        94688.859    406 190189.718   197700.718   191858.974
316  PMB+I+G4      94688.791    407 190191.583   197915.118   191864.950
317  PMB+R2        95587.411    407 191988.821   199712.356   193662.188
318  PMB+R3        94848.050    409 190514.100   198694.100   192195.690
319  PMB+R4        94669.146    411 190160.293   198843.985   191850.106
320  PMB+R5        94585.462    413 189996.924   199239.194   191694.960
321  PMB+R6        94566.268    415 189962.535   199827.678   191668.794
322  PMB+R7        94561.274    417 189956.547   200520.547   191671.029
326  PMB+F         98615.060    424 198078.120   211939.659   199821.383
327  PMB+F+I       98615.017    425 198080.034   212564.034   199827.408
328  PMB+F+G4      94591.136    425 190032.272   204516.272   191779.646
329  PMB+F+I+G4    94591.099    426 190034.198   205192.698   191785.683
330  PMB+F+R2      95512.944    426 191877.888   207036.388   193629.373
331  PMB+F+R3      94761.920    428 190379.839   207071.839   192139.547
332  PMB+F+R4      94572.431    430 190004.862   208537.862   191772.793
333  PMB+F+R5      94492.978    432 189849.956   210633.956   191626.110
334  PMB+F+R6      94470.266    434 189808.533   213407.283   191592.910
335  PMB+F+R7      94463.672    436 189799.345   217018.202   191591.945
336  PMB+F+R8      94460.739    438 189797.477   221844.477   191598.300
339  HIVb          103860.329   405 208530.658   215838.658   210195.802
340  HIVb+I        103860.282   406 208532.564   216043.564   210201.820
341  HIVb+G4       97694.955    406 196201.909   203712.909   197871.165
342  HIVb+I+G4     97694.932    407 196203.865   203927.400   197877.232
343  HIVb+R2       99217.898    407 199249.796   206973.331   200923.163
344  HIVb+R3       98038.179    409 196894.358   205074.358   198575.948
345  HIVb+R4       97694.837    411 196211.675   204895.367   197901.488
346  HIVb+R5       97568.411    413 195962.821   205205.092   197660.857
347  HIVb+R6       97528.672    415 195887.344   205752.487   197593.603
348  HIVb+R7       97515.391    417 195864.783   206428.783   197579.265
349  HIVb+R8       97505.518    419 195849.035   207202.584   197571.740
350  HIVb+R9       97436.509    421 195715.017   207967.569   197445.945
351  HIVb+R10      97432.989    423 195711.979   208997.312   197451.129
352  HIVb+F        104058.551   424 208965.101   222826.640   210708.363
353  HIVb+F+I      104058.461   425 208966.921   223450.921   210714.295
354  HIVb+F+G4     97638.206    425 196126.411   210610.411   197873.785
355  HIVb+F+I+G4   97638.193    426 196128.386   211286.886   197879.871
356  HIVb+F+R2     99226.690    426 199305.380   214463.880   201056.865
357  HIVb+F+R3     98059.088    428 196974.175   213666.175   198733.883
358  HIVb+F+R4     97670.041    430 196200.082   214733.082   197968.013
359  HIVb+F+R5     97537.494    432 195938.987   216722.987   197715.141
360  HIVb+F+R6     97499.883    434 195867.766   219466.516   197652.143
361  HIVb+F+R7     97483.918    436 195839.837   223058.694   197632.437
362  HIVb+F+R8     97471.329    438 195818.657   227865.657   197619.480
363  HIVb+F+R9     97400.113    440 195680.225   234488.225   197489.271
364  HIVb+F+R10    97396.410    442 195676.820   244628.320   197494.089
365  HIVw          107996.038   405 216802.077   224110.077   218467.221
366  HIVw+I        107995.955   406 216803.911   224314.911   218473.167
367  HIVw+G4       102157.220   406 205126.439   212637.439   206795.695
368  HIVw+I+G4     102157.213   407 205128.427   212851.961   206801.794
369  HIVw+R2       103564.158   407 207942.316   215665.851   209615.683
370  HIVw+R3       102465.659   409 205749.319   213929.319   207430.909
371  HIVw+R4       102179.357   411 205180.714   213864.407   206870.527
372  HIVw+R5       102034.211   413 204894.423   214136.693   206592.459
373  HIVw+R6       101983.047   415 204796.094   214661.237   206502.353
374  HIVw+R7       101966.777   417 204767.554   215331.554   206482.036
375  HIVw+R8       101954.656   419 204747.312   216100.860   206470.017
376  HIVw+R9       101901.869   421 204645.739   216898.290   206376.666
377  HIVw+R10      101898.333   423 204642.666   217927.999   206381.817
378  HIVw+F        106916.599   424 214681.198   228542.736   216424.460
379  HIVw+F+I      106916.546   425 214683.093   229167.093   216430.466
380  HIVw+F+G4     100650.516   425 202151.031   216635.031   203898.405
381  HIVw+F+I+G4   100650.501   426 202153.001   217311.501   203904.486
382  HIVw+F+R2     102212.989   426 205277.978   220436.478   207029.463
383  HIVw+F+R3     100998.624   428 202853.247   219545.247   204612.955
384  HIVw+F+R4     100706.086   430 202272.171   220805.171   204040.102
385  HIVw+F+R5     100536.705   432 201937.411   222721.411   203713.565
386  HIVw+F+R6     100485.262   434 201838.523   225437.273   203622.900
387  HIVw+F+R7     100469.503   436 201811.006   229029.863   203603.606
388  HIVw+F+R8     100456.283   438 201788.565   233835.565   203589.388
389  HIVw+F+R9     100390.238   440 201660.477   240468.477   203469.522
390  HIVw+F+R10    100388.142   442 201660.284   250611.784   203477.553
391  JTTDCMut      100248.769   405 201307.539   208615.539   202972.683
392  JTTDCMut+I    100248.696   406 201309.392   208820.392   202978.647
393  JTTDCMut+G4   95315.560    406 191443.120   198954.120   193112.376
394  JTTDCMut+I+G4 95315.561    407 191445.121   199168.656   193118.489
395  JTTDCMut+R2   96473.719    407 193761.439   201484.973   195434.806
396  JTTDCMut+R3   95553.352    409 191924.703   200104.703   193606.293
397  JTTDCMut+R4   95307.176    411 191436.352   200120.044   193126.165
398  JTTDCMut+R5   95206.348    413 191238.696   200480.966   192936.732
399  JTTDCMut+R6   95175.229    415 191180.457   201045.600   192886.716
400  JTTDCMut+R7   95167.454    417 191168.908   201732.908   192883.390
401  JTTDCMut+R8   95160.882    419 191159.765   202513.313   192882.469
402  JTTDCMut+R9   95121.086    421 191084.171   203336.723   192815.099
403  JTTDCMut+R10  95120.791    423 191087.583   204372.916   192826.733
404  JTTDCMut+F    100359.666   424 201567.332   215428.870   203310.594
405  JTTDCMut+F+I  100359.585   425 201569.169   216053.169   203316.543
406  JTTDCMut+F+G4 95302.712    425 191455.425   205939.425   193202.798
407  JTTDCMut+F+I+G4 95302.681    426 191457.361   206615.861   193208.846
408  JTTDCMut+F+R2 96476.984    426 193805.968   208964.468   195557.453
409  JTTDCMut+F+R3 95563.384    428 191982.768   208674.768   193742.476
410  JTTDCMut+F+R4 95288.233    430 191436.465   209969.465   193204.396
411  JTTDCMut+F+R5 95188.029    432 191240.057   212024.057   193016.211
412  JTTDCMut+F+R6 95161.938    434 191191.877   214790.627   192976.253
413  JTTDCMut+F+R7 95153.465    436 191178.930   218397.788   192971.530
414  JTTDCMut+F+R8 95147.735    438 191171.471   223218.471   192972.293
417  FLU           102495.270   405 205800.541   213108.541   207465.685
418  FLU+I         102495.203   406 205802.405   213313.405   207471.661
419  FLU+G4        97139.701    406 195091.403   202602.403   196760.659
420  FLU+I+G4      97139.688    407 195093.375   202816.910   196766.742
421  FLU+R2        98378.495    407 197570.990   205294.524   199244.357
422  FLU+R3        97410.226    409 195638.453   203818.453   197320.043
423  FLU+R4        97171.666    411 195165.333   203849.025   196855.146
424  FLU+R5        97034.025    413 194894.051   204136.321   196592.087
425  FLU+R6        96991.688    415 194813.377   204678.519   196519.635
426  FLU+R7        96982.431    417 194798.861   205362.861   196513.343
427  FLU+R8        96974.408    419 194786.816   206140.365   196509.521
428  FLU+R9        96932.537    421 194707.074   206959.625   196438.001
429  FLU+R10       96931.119    423 194708.238   207993.571   196447.388
430  FLU+F         102267.224   424 205382.449   219243.987   207125.711
431  FLU+F+I       102267.170   425 205384.339   219868.339   207131.713
432  FLU+F+G4      96673.029    425 194196.058   208680.058   195943.431
433  FLU+F+I+G4    96673.010    426 194198.021   209356.521   195949.506
434  FLU+F+R2      97975.722    426 196803.443   211961.943   198554.929
435  FLU+F+R3      96977.407    428 194810.815   211502.815   196570.523
436  FLU+F+R4      96712.773    430 194285.546   212818.546   196053.477
437  FLU+F+R5      96572.256    432 194008.512   214792.512   195784.666
438  FLU+F+R6      96525.392    434 193918.783   217517.533   195703.160
439  FLU+F+R7      96512.588    436 193897.177   221116.034   195689.776
440  FLU+F+R8      96499.630    438 193875.260   225922.260   195676.082
441  FLU+F+R9      96451.283    440 193782.566   232590.566   195591.612
442  FLU+F+R10     96451.225    442 193786.451   242737.951   195603.719
443  Blosum62      98399.480    405 197608.960   204916.960   199274.104
444  Blosum62+I    98399.418    406 197610.836   205121.836   199280.092
445  Blosum62+G4   94497.832    406 189807.664   197318.664   191476.920
446  Blosum62+I+G4 94497.791    407 189809.583   197533.118   191482.950
447  Blosum62+R2   95411.537    407 191637.074   199360.609   193310.441
448  Blosum62+R3   94671.451    409 190160.901   198340.901   191842.491
449  Blosum62+R4   94476.802    411 189775.603   198459.295   191465.416
450  Blosum62+R5   94412.616    413 189651.233   198893.503   191349.269
451  Blosum62+R6   94388.924    415 189607.847   199472.990   191314.106
452  Blosum62+R7   94388.106    417 189610.212   200174.212   191324.694
456  Blosum62+F    98397.095    424 197642.190   211503.729   199385.452
457  Blosum62+F+I  98397.059    425 197644.118   212128.118   199391.492
458  Blosum62+F+G4 94427.545    425 189705.090   204189.090   191452.464
459  Blosum62+F+I+G4 94427.490    426 189706.979   204865.479   191458.464
460  Blosum62+F+R2 95366.698    426 191585.397   206743.897   193336.882
461  Blosum62+F+R3 94601.838    428 190059.676   206751.676   191819.384
462  Blosum62+F+R4 94408.023    430 189676.046   208209.046   191443.977
463  Blosum62+F+R5 94343.001    432 189550.002   210334.002   191326.155
464  Blosum62+F+R6 94314.663    434 189497.326   213096.076   191281.703
465  Blosum62+F+R7 94312.618    436 189497.235   216716.093   191289.835
469  mtMet         108825.106   405 218460.212   225768.212   220125.356
470  mtMet+I       108825.085   406 218462.171   225973.171   220131.427
471  mtMet+G4      101144.956   406 203101.912   210612.912   204771.168
472  mtMet+I+G4    101144.856   407 203103.713   210827.248   204777.080
473  mtMet+R2      102697.467   407 206208.935   213932.470   207882.302
474  mtMet+R3      101664.148   409 204146.295   212326.295   205827.885
475  mtMet+R4      101249.282   411 203320.563   212004.256   205010.376
476  mtMet+R5      101073.318   413 202972.637   212214.907   204670.673
477  mtMet+R6      100999.742   415 202829.485   212694.627   204535.744
478  mtMet+R7      100985.295   417 202804.591   213368.591   204519.073
479  mtMet+R8      100958.260   419 202754.520   214108.068   204477.225
480  mtMet+R9      100888.880   421 202619.760   214872.312   204350.688
481  mtMet+R10     100888.828   423 202623.656   215908.989   204362.807
482  mtMet+F       103840.734   424 208529.468   222391.006   210272.730
483  mtMet+F+I     103840.681   425 208531.362   223015.362   210278.735
484  mtMet+F+G4    97120.726    425 195091.453   209575.453   196838.826
485  mtMet+F+I+G4  97120.663    426 195093.325   210251.825   196844.810
486  mtMet+F+R2    98705.839    426 198263.678   213422.178   200015.163
487  mtMet+F+R3    97651.992    428 196159.985   212851.985   197919.693
488  mtMet+F+R4    97227.840    430 195315.680   213848.680   197083.611
489  mtMet+F+R5    97085.888    432 195035.777   215819.777   196811.931
490  mtMet+F+R6    97022.519    434 194913.037   218511.787   196697.414
491  mtMet+F+R7    97009.729    436 194891.458   222110.315   196684.057
492  mtMet+F+R8    96976.978    438 194829.955   226876.955   196630.778
493  mtMet+F+R9    96907.753    440 194695.506   233503.506   196504.552
494  mtMet+F+R10   96907.721    442 194699.441   243650.941   196516.710
495  mtVer         110807.249   405 222424.498   229732.498   224089.642
496  mtVer+I       110807.225   406 222426.450   229937.450   224095.706
497  mtVer+G4      102164.365   406 205140.730   212651.730   206809.986
498  mtVer+I+G4    102164.286   407 205142.572   212866.107   206815.940
499  mtVer+R2      104083.997   407 208981.994   216705.529   210655.361
500  mtVer+R3      102854.276   409 206526.553   214706.553   208208.143
501  mtVer+R4      102350.038   411 205522.075   214205.768   207211.888
502  mtVer+R5      102153.859   413 205133.718   214375.988   206831.754
503  mtVer+R6      102045.886   415 204921.772   214786.915   206628.031
504  mtVer+R7      102021.759   417 204877.517   215441.517   206591.999
505  mtVer+R8      101976.784   419 204791.568   216145.117   206514.273
506  mtVer+R9      101910.128   421 204662.257   216914.809   206393.185
507  mtVer+R10     101909.900   423 204665.801   217951.134   206404.951
508  mtVer+F       105774.568   424 212397.136   226258.674   214140.398
509  mtVer+F+I     105774.500   425 212398.999   226882.999   214146.373
510  mtVer+F+G4    98522.516    425 197895.033   212379.033   199642.406
511  mtVer+F+I+G4  98522.510    426 197897.021   213055.521   199648.506
512  mtVer+F+R2    100306.053   426 201464.107   216622.607   203215.592
513  mtVer+F+R3    99142.847    428 199141.694   215833.694   200901.402
514  mtVer+F+R4    98662.165    430 198184.329   216717.329   199952.260
515  mtVer+F+R5    98514.164    432 197892.329   218676.329   199668.483
516  mtVer+F+R6    98438.941    434 197745.883   221344.633   199530.260
517  mtVer+F+R7    98425.820    436 197723.640   224942.497   199516.239
518  mtVer+F+R8    98390.972    438 197657.944   229704.944   199458.766
519  mtVer+F+R9    98308.150    440 197496.300   236304.300   199305.346
520  mtVer+F+R10   98307.604    442 197499.208   246450.708   199316.477
521  mtInv         108104.543   405 217019.086   224327.086   218684.231
522  mtInv+I       108104.463   406 217020.927   224531.927   218690.182
523  mtInv+G4      101218.319   406 203248.639   210759.639   204917.894
524  mtInv+I+G4    101218.229   407 203250.458   210973.993   204923.825
525  mtInv+R2      102524.619   407 205863.239   213586.774   207536.606
526  mtInv+R3      101630.101   409 204078.202   212258.202   205759.792
527  mtInv+R4      101264.290   411 203350.581   212034.273   205040.394
528  mtInv+R5      101127.620   413 203081.239   212323.509   204779.275
529  mtInv+R6      101069.852   415 202969.705   212834.848   204675.964
530  mtInv+R7      101061.042   417 202956.084   213520.084   204670.565
531  mtInv+R8      101042.858   419 202923.716   214277.265   204646.421
532  mtInv+R9      100996.088   421 202834.177   215086.729   204565.105
533  mtInv+R10     100996.050   423 202838.099   216123.433   204577.250
534  mtInv+F       102268.755   424 205385.510   219247.048   207128.772
535  mtInv+F+I     102268.708   425 205387.415   219871.415   207134.789
536  mtInv+F+G4    96209.874    425 193269.748   207753.748   195017.121
537  mtInv+F+I+G4  96209.824    426 193271.649   208430.149   195023.134
538  mtInv+F+R2    97627.955    426 196107.909   211266.409   197859.394
539  mtInv+F+R3    96628.995    428 194113.989   210805.989   195873.697
540  mtInv+F+R4    96267.800    430 193395.600   211928.600   195163.531
541  mtInv+F+R5    96134.768    432 193133.536   213917.536   194909.690
542  mtInv+F+R6    96088.467    434 193044.935   216643.685   194829.311
543  mtInv+F+R7    96082.796    436 193037.592   220256.449   194830.192
Akaike Information Criterion:           LG+R8
Corrected Akaike Information Criterion: LG+G4
Bayesian Information Criterion:         LG+R7
Best-fit model: LG+R7 chosen according to BIC

All model information printed to K01972.blastp_ALL.outfmt6.parsed.filtered.uniq.faa.mafft.aln.trimal1.model.gz
CPU time for ModelFinder: 7445.247 seconds (2h:4m:5s)
Wall-clock time for ModelFinder: 3374.353 seconds (0h:56m:14s)
Generating 2000 samples for ultrafast bootstrap (seed: 873166)...

NOTE: 107 MB RAM (0 GB) is required!
Measuring multi-threading efficiency up to 2 CPU cores
6 trees examined
Threads: 1 / Time: 2.255 sec / Speedup: 1.000 / Efficiency: 100% / LogL: -123311
Threads: 2 / Time: 1.589 sec / Speedup: 1.419 / Efficiency: 71% / LogL: -123311
BEST NUMBER OF THREADS: 2

Estimate model parameters (epsilon = 0.100)
1. Initial log-likelihood: -93617.941
2. Current log-likelihood: -93574.686
3. Current log-likelihood: -93571.614
4. Current log-likelihood: -93570.530
5. Current log-likelihood: -93569.986
6. Current log-likelihood: -93569.769
Optimal log-likelihood: -93569.644
Site proportion and rates:  (0.091,0.083) (0.140,0.251) (0.178,0.477) (0.184,0.765) (0.119,1.140) (0.131,1.611) (0.156,2.468)
Parameters optimization took 6 rounds (15.820 sec)
Computing ML distances based on estimated model parameters... 20.573 sec
WARNING: Some pairwise ML distances are too long (saturated)
Computing BIONJ tree...
0.022 seconds
Log-likelihood of BIONJ tree: -93661.322
--------------------------------------------------------------------
|             INITIALIZING CANDIDATE TREE SET                      |
--------------------------------------------------------------------
Generating 98 parsimony trees... 10.665 second
Computing log-likelihood of 98 initial trees ... 34.015 seconds
Current best score: -93395.325

Do NNI search on 20 best initial trees
Estimate model parameters (epsilon = 0.100)
BETTER TREE FOUND at iteration 1: -93088.342
Estimate model parameters (epsilon = 0.100)
BETTER TREE FOUND at iteration 6: -93086.809
Iteration 10 / LogL: -93200.514 / Time: 0h:2m:34s
Iteration 20 / LogL: -93177.544 / Time: 0h:3m:43s
Finish initializing candidate tree set (20)
Current best tree score: -93086.809 / CPU time: 187.773
Number of iterations: 20
--------------------------------------------------------------------
|               OPTIMIZING CANDIDATE TREE SET                      |
--------------------------------------------------------------------
Estimate model parameters (epsilon = 0.100)
BETTER TREE FOUND at iteration 22: -93056.471
Estimate model parameters (epsilon = 0.100)
BETTER TREE FOUND at iteration 30: -93052.007
Iteration 30 / LogL: -93052.007 / Time: 0h:4m:51s (0h:16m:45s left)
Estimate model parameters (epsilon = 0.100)
BETTER TREE FOUND at iteration 32: -93051.778
Estimate model parameters (epsilon = 0.100)
BETTER TREE FOUND at iteration 37: -93050.270
Iteration 40 / LogL: -93062.246 / Time: 0h:6m:11s (0h:15m:24s left)
Estimate model parameters (epsilon = 0.100)
BETTER TREE FOUND at iteration 46: -93046.312
Iteration 50 / LogL: -93048.508 / Time: 0h:7m:26s (0h:14m:35s left)
Log-likelihood cutoff on original alignment: -93220.170
Estimate model parameters (epsilon = 0.100)
BETTER TREE FOUND at iteration 58: -93040.431
Iteration 60 / LogL: -93047.853 / Time: 0h:8m:26s (0h:14m:1s left)
Estimate model parameters (epsilon = 0.100)
BETTER TREE FOUND at iteration 67: -93040.202
Iteration 70 / LogL: -93078.584 / Time: 0h:9m:24s (0h:13m:13s left)
Estimate model parameters (epsilon = 0.100)
BETTER TREE FOUND at iteration 72: -93039.534
Iteration 80 / LogL: -93042.591 / Time: 0h:10m:22s (0h:12m:5s left)
Estimate model parameters (epsilon = 0.100)
BETTER TREE FOUND at iteration 83: -93039.124
Iteration 90 / LogL: -93049.262 / Time: 0h:11m:16s (0h:11m:46s left)
Estimate model parameters (epsilon = 0.100)
BETTER TREE FOUND at iteration 98: -93037.594
Iteration 100 / LogL: -93038.190 / Time: 0h:12m:13s (0h:12m:6s left)
Log-likelihood cutoff on original alignment: -93203.939
NOTE: Bootstrap correlation coefficient of split occurrence frequencies: 0.977
NOTE: UFBoot does not converge, continue at least 100 more iterations
Iteration 110 / LogL: -93048.554 / Time: 0h:13m:11s (0h:10m:53s left)
Estimate model parameters (epsilon = 0.100)
BETTER TREE FOUND at iteration 115: -93036.480
Iteration 120 / LogL: -93040.997 / Time: 0h:14m:6s (0h:11m:15s left)
Estimate model parameters (epsilon = 0.100)
BETTER TREE FOUND at iteration 124: -93036.149
Estimate model parameters (epsilon = 0.100)
BETTER TREE FOUND at iteration 130: -93031.783
Iteration 130 / LogL: -93031.783 / Time: 0h:15m:5s (0h:11m:42s left)
Estimate model parameters (epsilon = 0.100)
BETTER TREE FOUND at iteration 137: -93029.953
Iteration 140 / LogL: -93036.936 / Time: 0h:16m:1s (0h:11m:10s left)
Iteration 150 / LogL: -93040.803 / Time: 0h:16m:54s (0h:9m:52s left)
Log-likelihood cutoff on original alignment: -93203.939
Estimate model parameters (epsilon = 0.100)
BETTER TREE FOUND at iteration 154: -93029.661
Estimate model parameters (epsilon = 0.100)
BETTER TREE FOUND at iteration 156: -93027.425
Iteration 160 / LogL: -93031.958 / Time: 0h:17m:52s (0h:10m:47s left)
Estimate model parameters (epsilon = 0.100)
BETTER TREE FOUND at iteration 162: -93026.656
Iteration 170 / LogL: -93033.119 / Time: 0h:18m:46s (0h:10m:12s left)
Estimate model parameters (epsilon = 0.100)
BETTER TREE FOUND at iteration 180: -93025.974
Iteration 180 / LogL: -93025.974 / Time: 0h:19m:41s (0h:10m:59s left)
Estimate model parameters (epsilon = 0.100)
BETTER TREE FOUND at iteration 188: -93023.595
Iteration 190 / LogL: -93032.122 / Time: 0h:20m:31s (0h:10m:38s left)
Iteration 200 / LogL: -93026.591 / Time: 0h:21m:21s (0h:9m:26s left)
Log-likelihood cutoff on original alignment: -93203.939
NOTE: Bootstrap correlation coefficient of split occurrence frequencies: 0.977
NOTE: UFBoot does not converge, continue at least 100 more iterations
Estimate model parameters (epsilon = 0.100)
BETTER TREE FOUND at iteration 203: -93022.209
Iteration 210 / LogL: -93072.896 / Time: 0h:22m:18s (0h:9m:55s left)
Iteration 220 / LogL: -93024.908 / Time: 0h:23m:10s (0h:8m:47s left)
Iteration 230 / LogL: -93042.471 / Time: 0h:24m:3s (0h:7m:40s left)
Iteration 240 / LogL: -93045.321 / Time: 0h:24m:53s (0h:6m:33s left)
Estimate model parameters (epsilon = 0.100)
BETTER TREE FOUND at iteration 243: -93021.544
Iteration 250 / LogL: -93023.574 / Time: 0h:25m:47s (0h:9m:38s left)
Log-likelihood cutoff on original alignment: -93201.923
Iteration 260 / LogL: -93029.723 / Time: 0h:26m:39s (0h:8m:32s left)
Iteration 270 / LogL: -93054.912 / Time: 0h:27m:27s (0h:7m:27s left)
Iteration 280 / LogL: -93028.103 / Time: 0h:28m:20s (0h:6m:24s left)
Iteration 290 / LogL: -93027.486 / Time: 0h:29m:10s (0h:5m:21s left)
Iteration 300 / LogL: -93027.804 / Time: 0h:30m:2s (0h:4m:19s left)
Log-likelihood cutoff on original alignment: -93201.923
NOTE: Bootstrap correlation coefficient of split occurrence frequencies: 0.989
NOTE: UFBoot does not converge, continue at least 100 more iterations
Iteration 310 / LogL: -93023.998 / Time: 0h:30m:49s (0h:8m:58s left)
Iteration 320 / LogL: -93024.480 / Time: 0h:31m:42s (0h:7m:57s left)
Iteration 330 / LogL: -93060.030 / Time: 0h:32m:28s (0h:6m:54s left)
Iteration 340 / LogL: -93038.872 / Time: 0h:33m:15s (0h:5m:53s left)
Iteration 350 / LogL: -93024.652 / Time: 0h:34m:2s (0h:4m:52s left)
Log-likelihood cutoff on original alignment: -93201.923
Iteration 360 / LogL: -93029.654 / Time: 0h:34m:51s (0h:3m:53s left)
Iteration 370 / LogL: -93027.006 / Time: 0h:35m:40s (0h:2m:53s left)
Iteration 380 / LogL: -93024.759 / Time: 0h:36m:29s (0h:1m:55s left)
Iteration 390 / LogL: -93041.383 / Time: 0h:37m:17s (0h:0m:57s left)
Iteration 400 / LogL: -93031.824 / Time: 0h:38m:6s (0h:0m:0s left)
Log-likelihood cutoff on original alignment: -93201.923
NOTE: Bootstrap correlation coefficient of split occurrence frequencies: 0.996
TREE SEARCH COMPLETED AFTER 400 ITERATIONS / Time: 0h:38m:8s

--------------------------------------------------------------------
|                    FINALIZING TREE SEARCH                        |
--------------------------------------------------------------------
Performs final model parameters optimization
Estimate model parameters (epsilon = 0.010)
1. Initial log-likelihood: -93021.544
Optimal log-likelihood: -93021.542
Site proportion and rates:  (0.095,0.085) (0.149,0.262) (0.158,0.489) (0.168,0.728) (0.136,1.087) (0.155,1.652) (0.139,2.516)
Parameters optimization took 1 rounds (0.784 sec)
BEST SCORE FOUND : -93021.542
Creating bootstrap support values...
Split supports printed to NEXUS file K01972.blastp_ALL.outfmt6.parsed.filtered.uniq.faa.mafft.aln.trimal1.splits.nex
Total tree length: 114.210

Total number of iterations: 400
CPU time used for tree search: 4476.585 sec (1h:14m:36s)
Wall-clock time used for tree search: 2252.560 sec (0h:37m:32s)
Total CPU time used: 4547.981 sec (1h:15m:47s)
Total wall-clock time used: 2289.768 sec (0h:38m:9s)

Computing bootstrap consensus tree...
Reading input file K01972.blastp_ALL.outfmt6.parsed.filtered.uniq.faa.mafft.aln.trimal1.splits.nex...
204 taxa and 2095 splits.
Consensus tree written to K01972.blastp_ALL.outfmt6.parsed.filtered.uniq.faa.mafft.aln.trimal1.contree
Reading input trees file K01972.blastp_ALL.outfmt6.parsed.filtered.uniq.faa.mafft.aln.trimal1.contree
Log-likelihood of consensus tree: -93024.028

Analysis results written to: 
  IQ-TREE report:                K01972.blastp_ALL.outfmt6.parsed.filtered.uniq.faa.mafft.aln.trimal1.iqtree
  Maximum-likelihood tree:       K01972.blastp_ALL.outfmt6.parsed.filtered.uniq.faa.mafft.aln.trimal1.treefile
  Likelihood distances:          K01972.blastp_ALL.outfmt6.parsed.filtered.uniq.faa.mafft.aln.trimal1.mldist

Ultrafast bootstrap approximation results written to:
  Split support values:          K01972.blastp_ALL.outfmt6.parsed.filtered.uniq.faa.mafft.aln.trimal1.splits.nex
  Consensus tree:                K01972.blastp_ALL.outfmt6.parsed.filtered.uniq.faa.mafft.aln.trimal1.contree
  Screen log file:               K01972.blastp_ALL.outfmt6.parsed.filtered.uniq.faa.mafft.aln.trimal1.log

Date and Time: Thu Sep  9 01:11:11 2021
