IQ-TREE multicore version 1.6.12 for Linux 64-bit built Aug 15 2019
Developed by Bui Quang Minh, Nguyen Lam Tung, Olga Chernomor,
Heiko Schmidt, Dominik Schrempf, Michael Woodhams.

Host:    coral (AVX512, FMA3, 376 GB RAM)
Command: /home/timothy/programs/iqtree-1.6.12-Linux/bin/iqtree -s K01951.blastp_ALL.outfmt6.parsed.filtered.uniq.faa.mafft.aln -nt AUTO -ntmax 2 -m MFP -bb 2000 -quiet
Seed:    743769 (Using SPRNG - Scalable Parallel Random Number Generator)
Time:    Wed May 26 05:13:32 2021
Kernel:  AVX+FMA - auto-detect threads (96 CPU cores detected)

Reading alignment file K01951.blastp_ALL.outfmt6.parsed.filtered.uniq.faa.mafft.aln ... Fasta format detected
Alignment most likely contains protein sequences
Alignment has 137 sequences with 1704 columns, 1196 distinct patterns
687 parsimony-informative, 300 singleton sites, 717 constant sites
                                                                                                                                                             Gap/Ambiguity  Composition  p-value
   1  Archaea-CandidatusBathyarchaeota-NA-NA-NA-Candidatus_Bathyarchaeota_archaeon_WP_116578341.1                                                                   69.84%    passed     12.07%
   2  Archaea-CandidatusKorarchaeota-NA-NA-NA-Candidatus_Korarchaeum_cryptofilum_WP_125741100.1                                                                     70.54%    failed      0.15%
   3  Archaea-Crenarchaeota-Thermoprotei-Acidilobales-Acidilobaceae-Acidilobus_saccharovorans_WP_013266777.1                                                        69.66%    failed      0.01%
   4  Archaea-Crenarchaeota-Thermoprotei-Thermoproteales-Thermofilaceae-Thermofilum_pendens_WP_052885187.1                                                          68.66%    failed      0.00%
   5  Archaea-Euryarchaeota-Methanomicrobia-Methanomicrobiales-Methanocorpusculaceae-Methanocorpusculum_labreanum_WP_011833505.1                                    70.19%    passed     82.44%
   6  Archaea-Euryarchaeota-Methanomicrobia-Methanomicrobiales-Methanocorpusculaceae-NA_WP_042700028.1                                                              70.19%    passed     84.19%
   7  Archaea-NA-NA-NA-NA-anaerobic_archaeon_MKD1_WP_147662542.1                                                                                                    69.54%    failed      0.02%
   8  Archaea-NA-NA-NA-NA-archaeon_AArcSl_WP_119813594.1                                                                                                            82.10%    failed      0.04%
   9  Archaea-Thaumarchaeota-NA-NA-NA-Candidatus_Nitrosotalea_sinensis_WP_101009999.1                                                                               70.25%    passed     44.08%
  10  Archaea-Thaumarchaeota-Nitrososphaeria-Nitrososphaerales-Nitrososphaeraceae-Candidatus_Nitrososphaera_evergladensis_WP_148702199.1                            70.07%    passed     41.62%
  11  Bacteria-Acidobacteria-Acidobacteriia-Acidobacteriales-Acidobacteriaceae-Acidobacteriaceae_bacterium_KBS_96_WP_020721512.1                                    64.67%    passed      6.49%
  12  Bacteria-Acidobacteria-Acidobacteriia-Bryobacterales-Bryobacteraceae-Bryobacter_aggregatus_WP_031496937.1                                                     65.55%    failed      0.90%
  13  Bacteria-Actinobacteria-Actinobacteria-Streptosporangiales-Nocardiopsaceae-Nocardiopsis_xinjiangensis_WP_017610640.1                                          69.13%    failed      0.00%
  14  Bacteria-Actinobacteria-Coriobacteriia-Coriobacteriales-Atopobiaceae-Atopobium_parvulum_WP_035432534.1                                                        68.96%    passed     93.54%
  15  Bacteria-Aquificae-Aquificae-Desulfurobacteriales-Desulfurobacteriaceae-Desulfurobacterium_sp._TC51_WP_040371811.1                                            69.89%    passed      6.35%
  16  Bacteria-Aquificae-Aquificae-Desulfurobacteriales-Desulfurobacteriaceae-Thermovibrio_guaymasensis_WP_121171279.1                                              69.60%    passed      8.45%
  17  Bacteria-Bacteroidetes-Flavobacteriia-Flavobacteriales-Flavobacteriaceae-Chryseobacterium_frigidisoli_WP_090078718.1                                          70.13%    passed      6.21%
  18  Bacteria-Bacteroidetes-Flavobacteriia-Flavobacteriales-Flavobacteriaceae-Riemerella_anatipestifer_WP_014938776.1                                              70.13%    failed      2.39%
  19  Bacteria-Calditrichaeota-Calditrichae-Calditrichales-Calditrichaceae-Caldithrix_abyssi_WP_006927386.1                                                         69.37%    passed     76.62%
  20  Bacteria-candidatedivisionNC10-NA-NA-NA-candidate_division_NC10_bacterium_WP_116479081.1                                                                      70.07%    passed     25.53%
  21  Bacteria-candidatedivisionNC10-NA-NA-NA-Candidatus_Methylomirabilis_limnetica_WP_107563664.1                                                                  70.07%    passed     23.22%
  22  Bacteria-CandidatusKryptonia-NA-NA-NA-Candidatus_Kryptobacter_tengchongensis_WP_143713400.1                                                                   69.89%    passed     11.72%
  23  Bacteria-CandidatusMarinimicrobia-NA-NA-NA-Candidatus_Marinimicrobia_bacterium_WP_129170242.1                                                                 69.89%    passed     51.68%
  24  Bacteria-CandidatusMelainabacteria-NA-NA-NA-Candidatus_Melainabacteria_bacterium_WP_144104034.1                                                               61.74%    passed     61.18%
  25  Bacteria-CandidatusTectomicrobia-NA-NA-NA-Candidatus_Entotheonella_palauensis_WP_089935354.1                                                                  62.97%    passed     20.45%
  26  Bacteria-Chlamydiae-Chlamydiia-Parachlamydiales-Waddliaceae-Waddlia_chondrophila_WP_041941920.1                                                               69.54%    passed     37.16%
  27  Bacteria-Chloroflexi-Anaerolineae-Anaerolineales-Anaerolineaceae-Flexilinea_flocculi_WP_062280171.1                                                           70.19%    passed     29.71%
  28  Bacteria-Cyanobacteria-Gloeobacteria-Gloeobacterales-Gloeobacteraceae-Gloeobacter_violaceus_NP_925561.1                                                       67.66%    passed     20.82%
  29  Bacteria-Deferribacteres-Deferribacteres-Deferribacterales-Deferribacteraceae-Calditerrivibrio_nitroreducens_WP_013450265.1                                   69.72%    passed     45.90%
  30  Bacteria-Deferribacteres-Deferribacteres-Deferribacterales-Deferribacteraceae-Deferribacter_desulfuricans_WP_041223827.1                                      69.84%    passed      9.19%
  31  Bacteria-Elusimicrobia-Endomicrobia-Endomicrobiales-Endomicrobiaceae-Candidatus_Endomicrobium_trichonymphae_WP_096525696.1                                    70.13%    failed      0.06%
  32  Bacteria-Elusimicrobia-NA-NA-NA-uncultured_Termite_group_1_bacterium_WP_015423400.1                                                                           70.13%    failed      0.06%
  33  Bacteria-Fibrobacteres-Fibrobacteria-Fibrobacterales-Fibrobacteraceae-Fibrobacter_sp._UWOS_WP_073306320.1                                                     64.44%    passed     75.39%
  34  Bacteria-Fibrobacteres-Fibrobacteria-Fibrobacterales-Fibrobacteraceae-NA_WP_078776121.1                                                                       64.44%    passed     79.21%
  35  Bacteria-Firmicutes-Clostridia-Clostridiales-Peptococcaceae-Dehalobacter_sp._TeCB1_WP_068882917.1                                                             70.07%    passed     25.16%
  36  Bacteria-Firmicutes-NA-NA-NA-Hydrogenispora_ethanolica_WP_132016899.1                                                                                         63.20%    passed     87.84%
  37  Bacteria-Fusobacteria-Fusobacteriia-Fusobacteriales-Fusobacteriaceae-Fusobacterium_necrophorum_WP_129490236.1                                                 69.95%    passed     79.46%
  38  Bacteria-Fusobacteria-Fusobacteriia-Fusobacteriales-Leptotrichiaceae-Oceanivirga_salmonicida_WP_067143104.1                                                   70.07%    failed      0.02%
  39  Bacteria-Ignavibacteriae-Ignavibacteria-Ignavibacteriales-Ignavibacteriaceae-Ignavibacterium_album_WP_014559678.1                                             69.89%    failed      1.22%
  40  Bacteria-Ignavibacteriae-Ignavibacteria-Ignavibacteriales-Melioribacteraceae-Melioribacter_roseus_WP_014856955.1                                              69.89%    failed      3.00%
  41  Bacteria-Kiritimatiellaeota-Kiritimatiellae-Kiritimatiellales-Kiritimatiellaceae-Kiritimatiella_glycovorans_WP_144413873.1                                    69.84%    failed      0.60%
  42  Bacteria-Kiritimatiellaeota-Kiritimatiellae-Kiritimatiellales-NA-Kiritimatiellales_bacterium_WP_136078935.1                                                   69.78%    passed     93.09%
  43  Bacteria-Lentisphaerae-Lentisphaeria-Lentisphaerales-Lentisphaeraceae-Lentisphaera_araneosa_WP_007278460.1                                                    64.91%    passed     49.10%
  44  Bacteria-Lentisphaerae-Lentisphaeria-Victivallales-NA-Victivallales_bacterium_CCUG_44730_WP_106051345.1                                                       69.89%    passed     69.37%
  45  Bacteria-NA-NA-NA-NA-bacterium_OL1_WP_032111274.1                                                                                                             68.90%    passed      6.94%
  46  Bacteria-NA-NA-NA-NA-NA_WP_038324478.1                                                                                                                        70.01%    passed     89.61%
  47  Bacteria-Nitrospinae-Nitrospinia-Nitrospinales-Nitrospinaceae-Nitrospina_gracilis_WP_005006985.1                                                              69.54%    passed     94.84%
  48  Bacteria-Nitrospirae-Nitrospira-Nitrospirales-Nitrospiraceae-Candidatus_Magnetobacterium_casensis_WP_040336137.1                                              64.61%    passed     71.25%
  49  Bacteria-Nitrospirae-Nitrospira-Nitrospirales-Nitrospiraceae-Thermodesulfovibrio_aggregans_WP_059176751.1                                                     69.95%    failed      2.65%
  50  Bacteria-Planctomycetes-Phycisphaerae-Sedimentisphaerales-Sedimentisphaeraceae-Sedimentisphaera_cyanobacteriorum_WP_077540171.1                               69.78%    passed     95.20%
  51  Bacteria-Planctomycetes-Planctomycetia-Planctomycetales-Gemmataceae-Fimbriiglobus_ruber_WP_088259041.1                                                        69.89%    passed     63.65%
  52  Bacteria-Proteobacteria-Deltaproteobacteria-Desulfobacterales-Desulfobacteraceae-Desulfatibacillum_aliphaticivorans_WP_028313869.1                            70.13%    passed     26.02%
  53  Bacteria-Proteobacteria-Deltaproteobacteria-Desulfobacterales-Desulfobacteraceae-Desulfatirhabdium_butyrativorans_WP_028325921.1                              70.13%    passed     34.79%
  54  Bacteria-Spirochaetes-Spirochaetia-Leptospirales-Leptospiraceae-Leptospira_wolffii_WP_100760363.1                                                             64.73%    failed      0.86%
  55  Bacteria-Spirochaetes-Spirochaetia-Leptospirales-Leptospiraceae-NA_WP_026054288.1                                                                             64.61%    passed     48.76%
  56  Bacteria-Synergistetes-Synergistia-Synergistales-Synergistaceae-Aminivibrio_pyruvatiphilus_WP_133957669.1                                                     70.13%    passed      9.89%
  57  Bacteria-Synergistetes-Synergistia-Synergistales-Synergistaceae-Aminobacterium_colombiense_WP_013047984.1                                                     70.07%    passed     89.37%
  58  Bacteria-Tenericutes-Mollicutes-Entomoplasmatales-Spiroplasmataceae-Spiroplasma_taiwanense_WP_020834441.1                                                     69.95%    failed      0.00%
  59  Bacteria-Thermodesulfobacteria-Thermodesulfobacteria-Thermodesulfobacteriales-Thermodesulfobacteriaceae-Thermodesulfatator_autotrophicus_WP_068542053.1       69.78%    passed     85.30%
  60  Bacteria-Thermodesulfobacteria-Thermodesulfobacteria-Thermodesulfobacteriales-Thermodesulfobacteriaceae-Thermodesulfobacterium_hveragerdense_WP_028840628.1   69.89%    failed      4.85%
  61  Bacteria-Verrucomicrobia-Opitutae-Puniceicoccales-Puniceicoccaceae-Coraliomargarita_sp._WN38_WP_110130513.1                                                   69.78%    passed     47.19%
  62  Bacteria-Verrucomicrobia-Spartobacteria-Chthoniobacterales-Chthoniobacteraceae-Chthoniobacter_flavus_WP_006983935.1                                           69.42%    passed     92.35%
  63  Eukaryota-Acytosteliales-Acytosteliales-Acytosteliales-Acytosteliaceae-Acytostelium_subglobosum_XP_012755205.1                                                59.10%    passed      6.64%
  64  Eukaryota-Acytosteliales-Acytosteliales-Acytosteliales-Acytosteliaceae-Heterostelium_album_XP_020427974.1                                                     59.57%    passed     82.32%
  65  Eukaryota-Alveolata-Dinophyceae-NA-Unranked-Brandtodinium_nutriculum_MMETSP1462_c8797_g1_i2.p1                                                                58.86%    passed     15.09%
  66  Eukaryota-Alveolata-Dinophyceae-NA-Unranked-Prorocentrum_minimum_MMETSP0057_c8441_g1_i1.p1                                                                    59.74%    failed      0.34%
  67  Eukaryota-Amoebozoa-NA-NA-Paramoebidae-Filamoeba_nolandi_MMETSP0413_c5079_g1_i1.p1                                                                            61.03%    passed     17.41%
  68  Eukaryota-Amoebozoa-NA-NA-Paramoebidae-Trichosphaerium_sp_MMETSP0405_c7300_g1_i1.p1                                                                           60.97%    passed     72.78%
  69  Eukaryota-Annelida-Clitellata-Hirudinida-Glossiphoniidae-Helobdella_robusta_jgi185249                                                                         59.62%    failed      0.44%
  70  Eukaryota-Apicomplexa-Conoidasida-Eucoccidiorida-Cryptosporidiidae-Cryptosporidium_parvum_XP_625300.1                                                         59.45%    failed      0.00%
  71  Eukaryota-Apicomplexa-NA-Unranked-NA-Alveolata_sp_MMETSP0288_c6748_g1_i1.p1                                                                                   66.37%    passed     74.66%
  72  Eukaryota-Apusomonadidae-NA-NA-NA-Thecamonas_trahens_XP_013762482.1                                                                                           61.85%    failed      0.00%
  73  Eukaryota-Arthropoda-Insecta-Diptera-Culicidae-Aedes_aegypti_XP_021700843.1                                                                                   59.04%    passed     47.07%
  74  Eukaryota-Arthropoda-Insecta-Diptera-Muscidae-Musca_domestica_XP_005184556.1                                                                                  58.92%    passed     50.62%
  75  Eukaryota-Ascomycota-Saccharomycetes-Saccharomycetales-Saccharomycetaceae-Eremothecium_sinecaudum_XP_017985566.1                                              69.19%    passed     83.28%
  76  Eukaryota-Ascomycota-Saccharomycetes-Saccharomycetales-Saccharomycetaceae-Tetrapisispora_phaffii_XP_003686408.1                                               69.19%    passed     97.89%
  77  Eukaryota-Basidiomycota-Malasseziomycetes-Malasseziales-Malasseziaceae-Malassezia_sympodialis_XP_018740081.1                                                  66.26%    passed     89.70%
  78  Eukaryota-Basidiomycota-Ustilaginomycetes-Ustilaginales-Ustilaginaceae-Moesziomyces_antarcticus_XP_014653813.1                                                68.13%    passed     91.24%
  79  Eukaryota-Brachiopoda-Lingulata-Lingulida-Lingulidae-Lingula_anatina_XP_013388480.1                                                                           59.62%    passed     74.61%
  80  Eukaryota-Cercozoa-Chlorarachniophyceae-NA-NA-Lotharella_globosa_MMETSP0041_c3034_g1_i2.p1                                                                    61.50%    passed     19.63%
  81  Eukaryota-Cercozoa-Chlorarachniophyceae-NA-NA-Norrisiella_sphaerica_MMETSP0113_c10978_g1_i1.p1                                                                62.38%    passed     13.62%
  82  Eukaryota-Cercozoa-NA-Euglyphida-Paulinellidae-Paulinella_chromatophora_scaffold3427-size2183_m.35054                                                         61.62%    passed      7.65%
  83  Eukaryota-Chlorophyta-NA-NA-NA-Crustomastix_stigmata_MMETSP0803_c1742_g1_i1.p1                                                                                68.13%    failed      0.50%
  84  Eukaryota-Chlorophyta-Palmophyllophyceae-Prasinococcales-Prasinococcaceae-Prasinoderma_coloniale_MMETSP0806_c703_g1_i1.p2                                     67.61%    passed      5.15%
  85  Eukaryota-Choanoflagellata-Choanoflagellata-Choanoflagellata-NA-Acanthoeca_sp_MMETSP0105_c5000_g1_i1.p1                                                       60.92%    failed      0.26%
  86  Eukaryota-Choanoflagellata-Choanoflagellata-Choanoflagellata-Salpingoecidae-Monosiga_brevicollis_XP_001747892.1                                               60.92%    passed     41.63%
  87  Eukaryota-Chordata-Actinopteri-Gadiformes-Gadidae-Gadus_morhua_XP_030237070.1                                                                                 58.16%    passed     39.30%
  88  Eukaryota-Chordata-Actinopteri-NA-Pomacentridae-Acanthochromis_polyacanthus_XP_022071311.1                                                                    59.51%    passed     89.42%
  89  Eukaryota-Chromeraceae-NA-NA-NA-Chromera_velia_MMETSP0290_c48838_g1_i1.p1                                                                                     68.31%    passed     56.73%
  90  Eukaryota-Chromeraceae-NA-NA-NA-Vitrella_brassicaformis_MMETSP1451_c43237_g1_i1.p1                                                                            66.37%    passed     77.20%
  91  Eukaryota-Chytridiomycota-Chytridiomycetes-Rhizophydiales-NA-Batrachochytrium_dendrobatidis_jgi90367                                                          68.84%    passed     64.83%
  92  Eukaryota-Chytridiomycota-Chytridiomycetes-Spizellomycetales-Spizellomycetaceae-Spizellomyces_punctatus_XP_016607360.1                                        68.96%    passed     86.09%
  93  Eukaryota-Ciliophora-NA-Unranked-NA-Myrionecta_rubra_MMETSP0798_c11755_g1_i1.p1                                                                               74.41%    passed      5.74%
  94  Eukaryota-Ciliophora-NA-Unranked-NA-Platyophrya_macrostoma_MMETSP0127_c15624_g1_i1.p1                                                                         60.80%    passed     24.11%
  95  Eukaryota-Cnidaria-Anthozoa-Actiniaria-Aiptasiidae-Exaiptasia_pallida_XP_020900922.1                                                                          58.86%    passed     54.03%
  96  Eukaryota-Cnidaria-Anthozoa-Scleractinia-Pocilloporidae-Stylophora_pistillata_XP_022787009.1                                                                  58.86%    passed     56.81%
  97  Eukaryota-Cryptophyta-NA-Pyrenomonadales-NA-Geminigera_cryophila_MMETSP0799_c12815_g1_i1.p1                                                                   60.80%    passed      6.83%
  98  Eukaryota-Cryptophyta-NA-Pyrenomonadales-Pyrenomonadaceae-Rhodomonas_sp_MMETSP1091_c3829_g1_i1.p1                                                             60.86%    passed     26.03%
  99  Eukaryota-Dictyosteliales-Dictyosteliales-Dictyosteliales-Dictyosteliaceae-Dictyostelium_discoideum_XP_640534.1                                               57.86%    failed      0.00%
 100  Eukaryota-Echinodermata-Asteroidea-Valvatida-Acanthasteridae-Acanthaster_planci_XP_022085524.1                                                                59.80%    passed     69.84%
 101  Eukaryota-Echinodermata-Echinoidea-Echinoida-Strongylocentrotidae-Strongylocentrotus_purpuratus_XP_011661744.1                                                59.86%    passed     72.26%
 102  Eukaryota-Euglenida-NA-Eutreptiales-NA-Eutreptiella_gymnastica_MMETSP0039_c381_g2_i1.p1                                                                       66.26%    passed     80.74%
 103  Eukaryota-Euglenida-NA-NA-Unranked-Neobodo_designis_MMETSP1114_c18464_g1_i1.p1                                                                                59.80%    failed      0.00%
 104  Eukaryota-Fonticulida-Fonticulida-Fonticulida-Fonticulaceae-Fonticula_alba_XP_009496315.1                                                                     62.56%    failed      0.00%
 105  Eukaryota-Glaucophyta-Glaucophyta-Gloeochaetales-Gloeochaetaceae-Gloeochaete_witrockiana_MMETSP0308_c12130_g1_i1.p1                                           69.48%    passed     78.14%
 106  Eukaryota-Glaucophyta-Glaucophyta-NA-Cyanophoraceae-Cyanophora_paradoxa_tig00000057_g146.t1                                                                   68.49%    passed     91.45%
 107  Eukaryota-Haptophyta-NA-Prymnesiales-NA-Gephyrocapsa_oceanica_MMETSP1366_c8608_g1_i1.p1                                                                       61.21%    failed      0.34%
 108  Eukaryota-Haptophyta-NA-Prymnesiales-NA-Isochrysis_galbana_MMETSP0944_c29689_g1_i1.p1                                                                         62.27%    failed      0.98%
 109  Eukaryota-Hemichordata-Enteropneusta-NA-Harrimaniidae-Saccoglossus_kowalevskii_XP_006812037.1                                                                 67.19%    passed     27.26%
 110  Eukaryota-Heterolobosea-NA-NA-Vahlkampfiidae-Naegleria_gruberi_jgi58970                                                                                       67.25%    failed      1.92%
 111  Eukaryota-Kinetoplastida-Kinetoplastida-Kinetoplastida-Trypanosomatidae-Leptomonas_pyrrhocoris_XP_015664031.1                                                 61.62%    failed      0.55%
 112  Eukaryota-Kinetoplastida-Kinetoplastida-Kinetoplastida-Trypanosomatidae-Trypanosoma_cruzi_XP_820425.1                                                         61.44%    passed     11.09%
 113  Eukaryota-Longamoebia-Longamoebia-Longamoebia-Acanthamoebidae-Acanthamoeba_castellanii_XP_004337602.1                                                         59.57%    failed      3.36%
 114  Eukaryota-Mesomycetozoea-Ichthyosporea-Ichthyophonida-NA-Sphaeroforma_arctica_XP_014148892.1                                                                  64.61%    passed     46.98%
 115  Eukaryota-Mesomycetozoea-Ichthyosporea-NA-NA-Capsaspora_owczarzaki_XP_004343547.1                                                                             59.68%    passed     27.08%
 116  Eukaryota-Mollusca-Bivalvia-Ostreoida-Ostreidae-Crassostrea_virginica_XP_022339180.1                                                                          59.80%    passed     58.32%
 117  Eukaryota-Mollusca-Bivalvia-Pectinoida-Pectinidae-Mizuhopecten_yessoensis_XP_021369340.1                                                                      59.86%    passed     49.57%
 118  Eukaryota-Mucorales-Mucoraceae-Undefined-Undefined-Mucor_circinelloides_jgi95517                                                                              68.78%    passed     78.30%
 119  Eukaryota-Mucoromycota-Glomeromycetes-Glomerales-Glomeraceae-Rhizophagus_irregularis_XP_025171131.1                                                           68.49%    passed     87.08%
 120  Eukaryota-Mucoromycota-Mucoromycetes-Mucorales-Phycomycetaceae-Phycomyces_blakesleeanus_jgi35595                                                              68.60%    passed     84.96%
 121  Eukaryota-Nematoda-Chromadorea-Rhabditida-Onchocercidae-Loa_loa_XP_020304166.1                                                                                45.83%    failed      0.56%
 122  Eukaryota-Nematoda-Chromadorea-Rhabditida-Rhabditidae-Caenorhabditis_remanei_XP_003117342.1                                                                   58.51%    passed     93.22%
 123  Eukaryota-Perkinsozoa-NA-Perkinsida-Perkinsidae-Perkinsus_marinus_XP_002767312.1                                                                              67.19%    passed     97.88%
 124  Eukaryota-Placozoa-NA-NA-Trichoplacidae-Trichoplax_adhaerens_XP_002113461.1                                                                                   60.86%    passed     33.42%
 125  Eukaryota-Platyhelminthes-Cestoda-Cyclophyllidea-Taeniidae-Echinococcus_granulosus_XP_024347903.1                                                             56.92%    passed     53.73%
 126  Eukaryota-Platyhelminthes-Trematoda-Strigeidida-Schistosomatidae-Schistosoma_mansoni_XP_018647145.1                                                           56.63%    failed      4.69%
 127  Eukaryota-Porifera-Demospongiae-Haplosclerida-Niphatidae-Amphimedon_queenslandica_XP_003384374.2                                                              58.74%    failed      4.75%
 128  Eukaryota-Priapulida-Priapulimorpha-Priapulimorphida-Priapulidae-Priapulus_caudatus_XP_014681879.1                                                            59.74%    passed     43.93%
 129  Eukaryota-Retaria-NA-NA-NA-Ammonia_sp_MMETSP1384_c14801_g1_i1.p1                                                                                              71.07%    passed      9.42%
 130  Eukaryota-Retaria-NA-NA-NA-Sorites_sp_MMETSP0191_c19844_g1_i1.p1                                                                                              61.15%    failed      0.00%
 131  Eukaryota-Rhodophyta-Bangiophyceae-Cyanidiales-Cyanidiaceae-Galdieria_sulphuraria_GsulpRT22_G1655.1                                                           39.50%    failed      0.03%
 132  Eukaryota-Rhodophyta-Florideophyceae-Gigartinales-Gigartinaceae-Chondrus_crispus_XP_005716838.1                                                               69.42%    passed     94.02%
 133  Eukaryota-Stramenopiles-Coscinodiscophyceae-Thalassiosirales-Thalassiosiraceae-Thalassiosira_sp_MMETSP1071_c12587_g1_i1.p1                                    63.50%    failed      1.76%
 134  Eukaryota-Stramenopiles-NA-NA-NA-Pseudo_fraudulenta_MMETSP0851_c7911_g1_i1.p1                                                                                 59.80%    passed     20.28%
 135  Eukaryota-Streptophyta-NA-Brassicales-Brassicaceae-Capsella_rubella_XP_006300443.1                                                                            68.66%    passed     75.53%
 136  Eukaryota-Streptophyta-NA-Myrtales-Myrtaceae-Rhodamnia_argentea_XP_030545683.1                                                                                60.27%    passed     41.85%
 137  MSTRG.17803.1.p1                                                                                                                                              61.50%    failed      3.21%
WARNING: 135 sequences contain more than 50% gaps/ambiguity
****  TOTAL                                                                                                                                                         65.38%  39 sequences failed composition chi2 test (p-value<5%; df=19)


Create initial parsimony tree by phylogenetic likelihood library (PLL)... 0.206 seconds
NOTE: ModelFinder requires 266 MB RAM!
ModelFinder will test 546 protein models (sample size: 1704) ...
 No. Model         -LnL         df  AIC          AICc         BIC
Measuring multi-threading efficiency up to 2 CPU cores
15 trees examined
Threads: 1 / Time: 2.047 sec / Speedup: 1.000 / Efficiency: 100% / LogL: -148759
Threads: 2 / Time: 1.751 sec / Speedup: 1.168 / Efficiency: 58% / LogL: -148759
BEST NUMBER OF THREADS: 2

  1  Dayhoff       113156.616   271 226855.231   226958.181   228329.670
  2  Dayhoff+I     111328.707   272 223201.414   223305.196   224681.294
  3  Dayhoff+G4    105495.240   272 211534.479   211638.261   213014.359
  4  Dayhoff+I+G4  105348.750   273 211243.499   211348.118   212728.820
  5  Dayhoff+R2    107291.938   273 215129.875   215234.493   216615.195
  6  Dayhoff+R3    105902.661   275 212355.321   212461.624   213851.523
  7  Dayhoff+R4    105462.456   277 211478.913   211586.915   212985.996
  8  Dayhoff+R5    105298.748   279 211155.496   211265.216   212673.461
  9  Dayhoff+R6    105218.904   281 210999.808   211111.260   212528.654
 10  Dayhoff+R7    105165.190   283 210896.381   211009.581   212436.108
 11  Dayhoff+R8    105128.384   285 210826.767   210941.732   212377.377
 12  Dayhoff+R9    105104.262   287 210782.523   210899.269   212344.014
 13  Dayhoff+R10   105086.588   289 210751.176   210869.719   212323.548
 14  Dayhoff+F     113457.762   290 227495.523   227614.971   229073.336
 15  Dayhoff+F+I   111721.994   291 224025.988   224146.345   225609.242
 16  Dayhoff+F+G4  105573.945   291 211729.890   211850.247   213313.143
 17  Dayhoff+F+I+G4 105431.686   292 211447.373   211568.643   213036.067
 18  Dayhoff+F+R2  107398.625   292 215381.250   215502.520   216969.944
 19  Dayhoff+F+R3  105956.389   294 212500.778   212623.886   214100.353
 20  Dayhoff+F+R4  105501.869   296 211595.738   211720.702   213206.195
 21  Dayhoff+F+R5  105374.667   298 211345.335   211472.170   212966.673
 22  Dayhoff+F+R6  105322.318   300 211244.637   211373.361   212876.857
 23  Dayhoff+F+R7  105272.998   302 211149.996   211280.625   212793.097
 24  Dayhoff+F+R8  105241.957   304 211091.913   211224.465   212745.896
 25  Dayhoff+F+R9  105218.708   306 211049.416   211183.907   212714.281
 26  Dayhoff+F+R10 105201.830   308 211019.661   211156.108   212695.407
 27  mtMAM         128863.189   271 258268.377   258371.327   259742.816
 28  mtMAM+I       127305.328   272 255154.656   255258.438   256634.536
 29  mtMAM+G4      112953.915   272 226451.829   226555.611   227931.709
 30  mtMAM+I+G4    112895.759   273 226337.518   226442.136   227822.839
 31  mtMAM+R2      116434.417   273 233414.833   233519.451   234900.153
 32  mtMAM+R3      113996.300   275 228542.600   228648.902   230038.801
 33  mtMAM+R4      113343.858   277 227241.716   227349.719   228748.799
 34  mtMAM+R5      113067.499   279 226692.998   226802.718   228210.963
 35  mtMAM+R6      112890.454   281 226342.908   226454.359   227871.754
 36  mtMAM+R7      112713.113   283 225992.226   226105.426   227531.954
 37  mtMAM+R8      112607.260   285 225784.519   225899.484   227335.128
 38  mtMAM+R9      112538.589   287 225651.179   225767.924   227212.669
 39  mtMAM+R10     112498.367   289 225574.735   225693.278   227147.107
 40  mtMAM+F       121351.216   290 243282.432   243401.880   244860.245
 41  mtMAM+F+I     119677.529   291 239937.057   240057.414   241520.311
 42  mtMAM+F+G4    108950.061   291 218482.122   218602.479   220065.376
 43  mtMAM+F+I+G4  108893.923   292 218371.846   218493.116   219960.540
 44  mtMAM+F+R2    111653.210   292 223890.420   224011.690   225479.114
 45  mtMAM+F+R3    109829.799   294 220247.598   220370.707   221847.174
 46  mtMAM+F+R4    109291.917   296 219175.834   219300.797   220786.291
 47  mtMAM+F+R5    109024.791   298 218645.582   218772.418   220266.921
 48  mtMAM+F+R6    108905.199   300 218410.399   218539.123   220042.619
 49  mtMAM+F+R7    108760.318   302 218124.636   218255.266   219767.738
 50  mtMAM+F+R8    108685.538   304 217979.075   218111.627   219633.058
 51  mtMAM+F+R9    108631.900   306 217875.799   218010.291   219540.664
 52  mtMAM+F+R10   108596.021   308 217808.043   217944.490   219483.789
 53  JTT           113078.458   271 226698.916   226801.865   228173.354
 54  JTT+I         111290.344   272 223124.688   223228.470   224604.567
 55  JTT+G4        105068.284   272 210680.568   210784.350   212160.447
 56  JTT+I+G4      104915.252   273 210376.504   210481.122   211861.824
 57  JTT+R2        106844.680   273 214235.359   214339.978   215720.680
 58  JTT+R3        105426.945   275 211403.890   211510.192   212900.091
 59  JTT+R4        104950.786   277 210455.573   210563.576   211962.656
 60  JTT+R5        104834.584   279 210227.167   210336.887   211745.132
 61  JTT+R6        104787.665   281 210137.331   210248.782   211666.177
 62  JTT+R7        104746.929   283 210059.858   210173.058   211599.585
 63  JTT+R8        104717.169   285 210004.339   210119.304   211554.948
 64  JTT+R9        104694.095   287 209962.191   210078.936   211523.681
 65  JTT+R10       104678.971   289 209935.943   210054.486   211508.315
 66  JTT+F         113315.170   290 227210.339   227329.787   228788.152
 67  JTT+F+I       111577.432   291 223736.864   223857.221   225320.118
 68  JTT+F+G4      105235.972   291 211053.944   211174.301   212637.197
 69  JTT+F+I+G4    105087.075   292 210758.151   210879.421   212346.845
 70  JTT+F+R2      107005.438   292 214594.876   214716.146   216183.570
 71  JTT+F+R3      105573.315   294 211734.630   211857.739   213334.206
 72  JTT+F+R4      105104.532   296 210801.064   210926.027   212411.521
 73  JTT+F+R5      104997.397   298 210590.793   210717.629   212212.132
 74  JTT+F+R6      104961.119   300 210522.238   210650.962   212154.458
 75  JTT+F+R7      104924.544   302 210453.087   210583.717   212096.189
 76  JTT+F+R8      104893.920   304 210395.839   210528.391   212049.822
 77  JTT+F+R9      104870.733   306 210353.466   210487.957   212018.330
 78  JTT+F+R10     104855.584   308 210327.169   210463.616   212002.915
 79  WAG           110784.349   271 222110.698   222213.648   223585.137
 80  WAG+I         109118.677   272 218781.354   218885.136   220261.234
 81  WAG+G4        104029.876   272 208603.752   208707.534   210083.632
 82  WAG+I+G4      103877.382   273 208300.764   208405.382   209786.084
 83  WAG+R2        105446.830   273 211439.660   211544.278   212924.980
 84  WAG+R3        104192.173   275 208934.346   209040.648   210430.548
 85  WAG+R4        103796.651   277 208147.302   208255.305   209654.385
 86  WAG+R5        103698.684   279 207955.368   208065.088   209473.333
 87  WAG+R6        103668.281   281 207898.562   208010.013   209427.408
 88  WAG+R7        103648.072   283 207862.144   207975.344   209401.872
 89  WAG+R8        103636.647   285 207843.295   207958.260   209393.904
 90  WAG+R9        103627.595   287 207829.190   207945.935   209390.680
 91  WAG+R10       103620.405   289 207818.809   207937.352   209391.181
 92  WAG+F         110929.035   290 222438.070   222557.518   224015.883
 93  WAG+F+I       109334.263   291 219250.526   219370.883   220833.779
 94  WAG+F+G4      104057.924   291 208697.847   208818.204   210281.101
 95  WAG+F+I+G4    103919.748   292 208423.497   208544.767   210012.191
 96  WAG+F+R2      105506.020   292 211596.040   211717.310   213184.734
 97  WAG+F+R3      104231.647   294 209051.294   209174.403   210650.870
 98  WAG+F+R4      103848.057   296 208288.114   208413.078   209898.571
 99  WAG+F+R5      103726.884   298 208049.769   208176.605   209671.108
100  WAG+F+R6      103692.446   300 207984.893   208113.617   209617.113
101  WAG+F+R7      103680.010   302 207964.021   208094.650   209607.122
102  WAG+F+R8      103674.738   304 207957.476   208090.028   209611.459
105  cpREV         111693.037   271 223928.073   224031.023   225402.512
106  cpREV+I       110047.909   272 220639.817   220743.599   222119.697
107  cpREV+G4      105015.532   272 210575.064   210678.846   212054.944
108  cpREV+I+G4    104860.366   273 210266.733   210371.351   211752.053
109  cpREV+R2      106500.698   273 213547.395   213652.013   215032.715
110  cpREV+R3      105205.785   275 210961.571   211067.873   212457.772
111  cpREV+R4      104817.100   277 210188.200   210296.203   211695.283
112  cpREV+R5      104699.026   279 209956.051   210065.770   211474.016
113  cpREV+R6      104660.980   281 209883.960   209995.411   211412.806
114  cpREV+R7      104645.846   283 209857.693   209970.893   211397.420
115  cpREV+R8      104636.891   285 209843.782   209958.747   211394.391
116  cpREV+R9      104634.005   287 209842.009   209958.755   211403.500
118  cpREV+F       111502.027   290 223584.055   223703.503   225161.868
119  cpREV+F+I     109837.512   291 220257.023   220377.380   221840.277
120  cpREV+F+G4    104784.048   291 210150.096   210270.453   211733.350
121  cpREV+F+I+G4  104638.040   292 209860.080   209981.350   211448.774
122  cpREV+F+R2    106340.256   292 213264.511   213385.781   214853.206
123  cpREV+F+R3    105006.895   294 210601.791   210724.899   212201.367
124  cpREV+F+R4    104602.227   296 209796.455   209921.418   211406.912
125  cpREV+F+R5    104492.018   298 209580.037   209706.872   211201.375
126  cpREV+F+R6    104455.691   300 209511.381   209640.105   211143.601
127  cpREV+F+R7    104445.644   302 209495.287   209625.917   211138.389
128  cpREV+F+R8    104437.042   304 209482.084   209614.636   211136.067
129  cpREV+F+R9    104434.397   306 209480.794   209615.285   211145.658
131  mtREV         121065.205   271 242672.410   242775.360   244146.849
132  mtREV+I       119678.713   272 239901.425   240005.207   241381.305
133  mtREV+G4      110319.268   272 221182.535   221286.317   222662.415
134  mtREV+I+G4    110248.212   273 221042.424   221147.042   222527.745
135  mtREV+R2      112401.711   273 225349.421   225454.040   226834.742
136  mtREV+R3      111032.962   275 222615.924   222722.226   224112.125
137  mtREV+R4      110342.548   277 221239.095   221347.098   222746.179
138  mtREV+R5      110123.047   279 220804.093   220913.812   222322.058
139  mtREV+R6      110024.519   281 220611.037   220722.489   222139.884
140  mtREV+R7      110003.924   283 220573.849   220687.049   222113.576
141  mtREV+R8      109988.765   285 220547.530   220662.495   222098.139
142  mtREV+R9      109984.361   287 220542.721   220659.467   222104.212
144  mtREV+F       114940.777   290 230461.555   230581.003   232039.368
145  mtREV+F+I     113422.944   291 227427.888   227548.245   229011.142
146  mtREV+F+G4    106100.374   291 212782.749   212903.106   214366.002
147  mtREV+F+I+G4  106007.852   292 212599.704   212720.974   214188.398
148  mtREV+F+R2    108010.736   292 216605.472   216726.742   218194.166
149  mtREV+F+R3    106618.539   294 213825.079   213948.188   215424.655
150  mtREV+F+R4    106029.280   296 212650.561   212775.524   214261.018
151  mtREV+F+R5    105867.652   298 212331.304   212458.140   213952.643
152  mtREV+F+R6    105810.302   300 212220.604   212349.328   213852.824
153  mtREV+F+R7    105795.711   302 212195.423   212326.052   213838.524
154  mtREV+F+R8    105781.820   304 212171.641   212304.193   213825.624
155  mtREV+F+R9    105777.946   306 212167.891   212302.382   213832.756
157  rtREV         112246.648   271 225035.295   225138.245   226509.734
158  rtREV+I       110604.420   272 221752.839   221856.621   223232.719
159  rtREV+G4      104434.745   272 209413.490   209517.272   210893.370
160  rtREV+I+G4    104301.477   273 209148.955   209253.573   210634.275
161  rtREV+R2      106135.793   273 212817.585   212922.203   214302.905
162  rtREV+R3      104749.599   275 210049.199   210155.501   211545.401
163  rtREV+R4      104278.059   277 209110.118   209218.120   210617.201
164  rtREV+R5      104118.265   279 208794.530   208904.249   210312.495
165  rtREV+R6      104084.133   281 208730.265   208841.717   210259.111
166  rtREV+R7      104071.638   283 208709.277   208822.477   210249.005
167  rtREV+R8      104061.578   285 208693.156   208808.121   210243.765
168  rtREV+R9      104058.903   287 208691.806   208808.552   210253.296
170  rtREV+F       111965.444   290 224510.889   224630.337   226088.702
171  rtREV+F+I     110390.293   291 221362.586   221482.943   222945.840
172  rtREV+F+G4    104048.947   291 208679.894   208800.250   210263.147
173  rtREV+F+I+G4  103921.406   292 208426.811   208548.081   210015.506
174  rtREV+F+R2    105741.190   292 212066.380   212187.650   213655.074
175  rtREV+F+R3    104356.379   294 209300.758   209423.867   210900.334
176  rtREV+F+R4    103904.622   296 208401.244   208526.208   210011.701
177  rtREV+F+R5    103752.010   298 208100.021   208226.856   209721.359
178  rtREV+F+R6    103709.912   300 208019.824   208148.548   209652.044
179  rtREV+F+R7    103696.250   302 207996.499   208127.129   209639.601
180  rtREV+F+R8    103685.865   304 207979.729   208112.281   209633.712
181  rtREV+F+R9    103683.084   306 207978.167   208112.658   209643.032
183  mtART         125575.192   271 251692.384   251795.334   253166.823
184  mtART+I       124160.175   272 248864.351   248968.133   250344.230
185  mtART+G4      111409.197   272 223362.393   223466.175   224842.273
186  mtART+I+G4    111367.255   273 223280.509   223385.127   224765.830
187  mtART+R2      114158.626   273 228863.252   228967.870   230348.572
188  mtART+R3      112212.930   275 224975.861   225082.163   226472.063
189  mtART+R4      111568.943   277 223691.885   223799.888   225198.968
190  mtART+R5      111341.063   279 223240.126   223349.845   224758.090
191  mtART+R6      111104.409   281 222770.819   222882.270   224299.665
192  mtART+R7      111071.945   283 222709.890   222823.090   224249.618
193  mtART+R8      111046.213   285 222662.427   222777.392   224213.036
194  mtART+R9      111037.819   287 222649.638   222766.383   224211.128
195  mtART+R10     111016.469   289 222610.939   222729.482   224183.311
196  mtART+F       118634.819   290 237849.637   237969.085   239427.450
197  mtART+F+I     117061.764   291 234705.528   234825.885   236288.781
198  mtART+F+G4    107028.336   291 214638.673   214759.030   216221.926
199  mtART+F+I+G4  106975.940   292 214535.881   214657.151   216124.575
200  mtART+F+R2    109555.604   292 219695.208   219816.478   221283.902
201  mtART+F+R3    107848.210   294 216284.420   216407.529   217883.996
202  mtART+F+R4    107191.287   296 214974.574   215099.538   216585.031
203  mtART+F+R5    106981.903   298 214559.805   214686.641   216181.144
204  mtART+F+R6    106820.149   300 214240.297   214369.021   215872.517
205  mtART+F+R7    106795.875   302 214195.751   214326.380   215838.852
206  mtART+F+R8    106773.967   304 214155.933   214288.485   215809.916
207  mtART+F+R9    106767.077   306 214146.153   214280.644   215811.018
209  mtZOA         121343.092   271 243228.184   243331.134   244702.623
210  mtZOA+I       119911.860   272 240367.720   240471.502   241847.600
211  mtZOA+G4      108637.320   272 217818.639   217922.421   219298.519
212  mtZOA+I+G4    108588.045   273 217722.090   217826.708   219207.410
213  mtZOA+R2      110983.883   273 222513.765   222618.384   223999.086
214  mtZOA+R3      109369.072   275 219288.143   219394.446   220784.345
215  mtZOA+R4      108764.978   277 218083.956   218191.959   219591.039
216  mtZOA+R5      108550.863   279 217659.726   217769.445   219177.691
217  mtZOA+R6      108383.813   281 217329.627   217441.078   218858.473
218  mtZOA+R7      108363.253   283 217292.506   217405.706   218832.233
219  mtZOA+R8      108343.321   285 217256.642   217371.607   218807.251
220  mtZOA+R9      108338.050   287 217250.100   217366.846   218811.591
222  mtZOA+F       116142.706   290 232865.412   232984.860   234443.225
223  mtZOA+F+I     114541.923   291 229665.846   229786.203   231249.100
224  mtZOA+F+G4    105827.120   291 212236.240   212356.597   213819.493
225  mtZOA+F+I+G4  105756.647   292 212097.295   212218.565   213685.989
226  mtZOA+F+R2    108064.244   292 216712.488   216833.758   218301.182
227  mtZOA+F+R3    106536.920   294 213661.841   213784.949   215261.416
228  mtZOA+F+R4    105904.312   296 212400.624   212525.588   214011.081
229  mtZOA+F+R5    105715.433   298 212026.867   212153.702   213648.205
230  mtZOA+F+R6    105614.471   300 211828.941   211957.665   213461.161
231  mtZOA+F+R7    105600.138   302 211804.275   211934.905   213447.377
232  mtZOA+F+R8    105582.115   304 211772.230   211904.782   213426.213
233  mtZOA+F+R9    105576.622   306 211765.243   211899.734   213430.108
235  VT            111099.516   271 222741.033   222843.982   224215.471
236  VT+I          109457.244   272 219458.489   219562.271   220938.368
237  VT+G4         104250.501   272 209045.001   209148.783   210524.881
238  VT+I+G4       104092.471   273 208730.942   208835.560   210216.262
239  VT+R2         105682.931   273 211911.862   212016.480   213397.182
240  VT+R3         104428.370   275 209406.740   209513.042   210902.942
241  VT+R4         104038.872   277 208631.745   208739.748   210138.828
242  VT+R5         103902.356   279 208362.713   208472.432   209880.678
243  VT+R6         103861.847   281 208285.694   208397.146   209814.540
244  VT+R7         103854.738   283 208275.476   208388.676   209815.203
248  VT+F          111203.889   290 222987.778   223107.226   224565.591
249  VT+F+I        109610.071   291 219802.143   219922.500   221385.396
250  VT+F+G4       104340.316   291 209262.632   209382.988   210845.885
251  VT+F+I+G4     104192.088   292 208968.177   209089.447   210556.871
252  VT+F+R2       105771.889   292 212127.779   212249.049   213716.473
253  VT+F+R3       104515.246   294 209618.493   209741.602   211218.069
254  VT+F+R4       104138.148   296 208868.297   208993.261   210478.754
255  VT+F+R5       104003.117   298 208602.234   208729.069   210223.572
256  VT+F+R6       103954.526   300 208509.053   208637.777   210141.273
257  VT+F+R7       103947.085   302 208498.170   208628.800   210141.272
258  VT+F+R8       103943.147   304 208494.294   208626.846   210148.277
261  LG            111510.314   271 223562.629   223665.579   225037.068
262  LG+I          109874.422   272 220292.844   220396.626   221772.724
263  LG+G4         103488.206   272 207520.413   207624.195   209000.292
264  LG+I+G4       103352.975   273 207251.950   207356.568   208737.270
265  LG+R2         105276.573   273 211099.146   211203.764   212584.467
266  LG+R3         103866.184   275 208282.369   208388.671   209778.571
267  LG+R4         103356.110   277 207266.220   207374.223   208773.303
268  LG+R5         103202.514   279 206963.028   207072.747   208480.992
269  LG+R6         103132.396   281 206826.792   206938.243   208355.638
270  LG+R7         103123.784   283 206813.567   206926.767   208353.295
271  LG+R8         103116.237   285 206802.474   206917.439   208353.083
272  LG+R9         103116.144   287 206806.288   206923.033   208367.778
274  LG+F          111580.935   290 223741.871   223861.319   225319.684
275  LG+F+I        110004.453   291 220590.906   220711.263   222174.159
276  LG+F+G4       103562.947   291 207707.895   207828.252   209291.148
277  LG+F+I+G4     103435.515   292 207455.030   207576.300   209043.724
278  LG+F+R2       105290.412   292 211164.825   211286.095   212753.519
279  LG+F+R3       103927.835   294 208443.671   208566.779   210043.247
280  LG+F+R4       103428.215   296 207448.430   207573.394   209058.887
281  LG+F+R5       103280.872   298 207157.745   207284.580   208779.083
282  LG+F+R6       103205.439   300 207010.879   207139.603   208643.099
283  LG+F+R7       103199.188   302 207002.376   207133.006   208645.478
287  DCMut         113149.252   271 226840.504   226943.454   228314.943
288  DCMut+I       111322.530   272 223189.061   223292.843   224668.940
289  DCMut+G4      105498.782   272 211541.563   211645.345   213021.443
290  DCMut+I+G4    105351.346   273 211248.693   211353.311   212734.013
291  DCMut+R2      107251.989   273 215049.978   215154.596   216535.298
292  DCMut+R3      105763.810   275 212077.620   212183.923   213573.822
293  DCMut+R4      105311.542   277 211177.084   211285.087   212684.167
294  DCMut+R5      105136.630   279 210831.259   210940.978   212349.224
295  DCMut+R6      105095.248   281 210752.496   210863.947   212281.342
296  DCMut+R7      105087.412   283 210740.824   210854.024   212280.551
297  DCMut+R8      105078.183   285 210726.367   210841.331   212276.976
298  DCMut+R9      105078.131   287 210730.262   210847.008   212291.753
300  DCMut+F       113447.388   290 227474.776   227594.224   229052.589
301  DCMut+F+I     111712.796   291 224007.593   224127.950   225590.846
302  DCMut+F+G4    105576.049   291 211734.098   211854.455   213317.351
303  DCMut+F+I+G4  105433.227   292 211450.453   211571.724   213039.148
304  DCMut+F+R2    107388.606   292 215361.211   215482.481   216949.905
305  DCMut+F+R3    105895.050   294 212378.099   212501.208   213977.675
306  DCMut+F+R4    105419.087   296 211430.174   211555.138   213040.631
307  DCMut+F+R5    105254.463   298 211104.925   211231.761   212726.264
308  DCMut+F+R6    105211.494   300 211022.988   211151.712   212655.208
309  DCMut+F+R7    105200.625   302 211005.251   211135.880   212648.352
310  DCMut+F+R8    105191.527   304 210991.053   211123.605   212645.036
311  DCMut+F+R9    105191.524   306 210995.048   211129.539   212659.913
313  PMB           111559.303   271 223660.605   223763.555   225135.044
314  PMB+I         110049.568   272 220643.136   220746.918   222123.015
315  PMB+G4        104762.674   272 210069.348   210173.130   211549.227
316  PMB+I+G4      104633.892   273 209813.784   209918.402   211299.104
317  PMB+R2        106197.346   273 212940.691   213045.309   214426.011
318  PMB+R3        104933.204   275 210416.407   210522.710   211912.609
319  PMB+R4        104566.795   277 209687.589   209795.592   211194.673
320  PMB+R5        104440.505   279 209439.011   209548.730   210956.976
321  PMB+R6        104395.775   281 209353.551   209465.002   210882.397
322  PMB+R7        104380.515   283 209327.030   209440.230   210866.757
323  PMB+R8        104377.407   285 209324.814   209439.779   210875.424
326  PMB+F         111603.510   290 223787.021   223906.469   225364.834
327  PMB+F+I       110095.354   291 220772.708   220893.065   222355.961
328  PMB+F+G4      104798.302   291 210178.603   210298.960   211761.857
329  PMB+F+I+G4    104670.234   292 209924.469   210045.739   211513.163
330  PMB+F+R2      106237.001   292 213058.001   213179.271   214646.695
331  PMB+F+R3      104966.026   294 210520.052   210643.160   212119.627
332  PMB+F+R4      104605.426   296 209802.853   209927.817   211413.310
333  PMB+F+R5      104479.750   298 209555.499   209682.335   211176.838
334  PMB+F+R6      104432.117   300 209464.234   209592.958   211096.454
335  PMB+F+R7      104419.304   302 209442.609   209573.238   211085.710
336  PMB+F+R8      104416.344   304 209440.688   209573.240   211094.671
339  HIVb          117042.955   271 234627.910   234730.860   236102.349
340  HIVb+I        114975.780   272 230495.560   230599.342   231975.439
341  HIVb+G4       107676.550   272 215897.100   216000.882   217376.979
342  HIVb+I+G4     107493.850   273 215533.700   215638.318   217019.020
343  HIVb+R2       109742.346   273 220030.692   220135.310   221516.012
344  HIVb+R3       108100.315   275 216750.629   216856.932   218246.831
345  HIVb+R4       107518.655   277 215591.310   215699.312   217098.393
346  HIVb+R5       107330.927   279 215219.854   215329.573   216737.819
347  HIVb+R6       107230.746   281 215023.492   215134.944   216552.339
348  HIVb+R7       107209.807   283 214985.613   215098.813   216525.341
349  HIVb+R8       107200.429   285 214970.858   215085.823   216521.467
350  HIVb+R9       107200.412   287 214974.824   215091.570   216536.315
352  HIVb+F        117054.594   290 234689.188   234808.636   236267.001
353  HIVb+F+I      115038.954   291 230659.907   230780.264   232243.161
354  HIVb+F+G4     107533.941   291 215649.881   215770.238   217233.135
355  HIVb+F+I+G4   107363.340   292 215310.681   215431.951   216899.375
356  HIVb+F+R2     109582.433   292 219748.865   219870.135   221337.559
357  HIVb+F+R3     107978.508   294 216545.016   216668.125   218144.592
358  HIVb+F+R4     107390.371   296 215372.742   215497.706   216983.199
359  HIVb+F+R5     107210.091   298 215016.182   215143.017   216637.520
360  HIVb+F+R6     107099.002   300 214798.004   214926.729   216430.225
361  HIVb+F+R7     107081.136   302 214766.271   214896.901   216409.373
362  HIVb+F+R8     107071.941   304 214751.882   214884.434   216405.865
363  HIVb+F+R9     107071.938   306 214755.876   214890.367   216420.741
365  HIVw          121541.511   271 243625.021   243727.971   245099.460
366  HIVw+I        119347.784   272 239239.569   239343.351   240719.448
367  HIVw+G4       112395.809   272 225335.618   225439.400   226815.498
368  HIVw+I+G4     112197.191   273 224940.382   225045.000   226425.702
369  HIVw+R2       114436.171   273 229418.341   229522.959   230903.662
370  HIVw+R3       112774.918   275 226099.836   226206.139   227596.038
371  HIVw+R4       112234.364   277 225022.729   225130.732   226529.812
372  HIVw+R5       112042.379   279 224642.758   224752.477   226160.722
373  HIVw+R6       111941.120   281 224444.240   224555.692   225973.086
374  HIVw+R7       111915.076   283 224396.152   224509.352   225935.879
375  HIVw+R8       111902.867   285 224375.734   224490.699   225926.343
376  HIVw+R9       111902.819   287 224379.639   224496.385   225941.129
378  HIVw+F        120490.816   290 241561.633   241681.081   243139.446
379  HIVw+F+I      118280.428   291 237142.856   237263.213   238726.110
380  HIVw+F+G4     111016.244   291 222614.488   222734.845   224197.741
381  HIVw+F+I+G4   110819.442   292 222222.884   222344.154   223811.578
382  HIVw+F+R2     113097.165   292 226778.331   226899.601   228367.025
383  HIVw+F+R3     111403.171   294 223394.341   223517.450   224993.917
384  HIVw+F+R4     110870.987   296 222333.974   222458.938   223944.431
385  HIVw+F+R5     110678.296   298 221952.593   222079.428   223573.931
386  HIVw+F+R6     110566.327   300 221732.655   221861.379   223364.875
387  HIVw+F+R7     110536.719   302 221677.437   221808.067   223320.539
388  HIVw+F+R8     110525.381   304 221658.762   221791.313   223312.745
389  HIVw+F+R9     110525.380   306 221662.761   221797.252   223327.625
391  JTTDCMut      113017.093   271 226576.186   226679.136   228050.625
392  JTTDCMut+I    111237.134   272 223018.268   223122.050   224498.148
393  JTTDCMut+G4   105050.319   272 210644.638   210748.420   212124.518
394  JTTDCMut+I+G4 104897.453   273 210340.905   210445.523   211826.226
395  JTTDCMut+R2   106818.856   273 214183.712   214288.331   215669.033
396  JTTDCMut+R3   105375.959   275 211301.919   211408.221   212798.120
397  JTTDCMut+R4   104883.007   277 210320.014   210428.017   211827.097
398  JTTDCMut+R5   104712.655   279 209983.310   210093.029   211501.274
399  JTTDCMut+R6   104667.127   281 209896.254   210007.705   211425.100
400  JTTDCMut+R7   104649.105   283 209864.210   209977.410   211403.938
401  JTTDCMut+R8   104643.420   285 209856.839   209971.804   211407.448
404  JTTDCMut+F    113266.715   290 227113.429   227232.877   228691.242
405  JTTDCMut+F+I  111537.844   291 223657.689   223778.046   225240.942
406  JTTDCMut+F+G4 105218.700   291 211019.399   211139.756   212602.653
407  JTTDCMut+F+I+G4 105069.700   292 210723.401   210844.671   212312.095
408  JTTDCMut+F+R2 106981.829   292 214547.658   214668.928   216136.353
409  JTTDCMut+F+R3 105551.178   294 211690.356   211813.464   213289.931
410  JTTDCMut+F+R4 105060.884   296 210713.768   210838.732   212324.225
411  JTTDCMut+F+R5 104895.228   298 210386.456   210513.292   212007.795
412  JTTDCMut+F+R6 104844.881   300 210289.762   210418.486   211921.982
413  JTTDCMut+F+R7 104827.786   302 210259.571   210390.201   211902.673
414  JTTDCMut+F+R8 104822.302   304 210252.604   210385.156   211906.587
417  FLU           115808.393   271 232158.786   232261.736   233633.225
418  FLU+I         114033.598   272 228611.195   228714.977   230091.075
419  FLU+G4        107164.673   272 214873.347   214977.129   216353.226
420  FLU+I+G4      107010.375   273 214566.749   214671.367   216052.069
421  FLU+R2        108997.110   273 218540.219   218644.837   220025.540
422  FLU+R3        107512.184   275 215574.367   215680.670   217070.569
423  FLU+R4        107002.908   277 214559.816   214667.819   216066.899
424  FLU+R5        106841.659   279 214241.317   214351.036   215759.282
425  FLU+R6        106758.890   281 214079.780   214191.231   215608.626
426  FLU+R7        106729.033   283 214024.065   214137.265   215563.793
427  FLU+R8        106718.748   285 214007.495   214122.460   215558.104
428  FLU+R9        106717.763   287 214009.526   214126.272   215571.016
430  FLU+F         115920.453   290 232420.905   232540.353   233998.718
431  FLU+F+I       114176.874   291 228935.748   229056.105   230519.001
432  FLU+F+G4      106932.888   291 214447.777   214568.134   216031.030
433  FLU+F+I+G4    106803.396   292 214190.792   214312.062   215779.486
434  FLU+F+R2      108788.666   292 218161.333   218282.603   219750.027
435  FLU+F+R3      107337.547   294 215263.094   215386.203   216862.670
436  FLU+F+R4      106801.541   296 214195.081   214320.045   215805.539
437  FLU+F+R5      106653.786   298 213903.573   214030.408   215524.911
438  FLU+F+R6      106565.517   300 213731.033   213859.757   215363.253
439  FLU+F+R7      106539.663   302 213683.326   213813.955   215326.427
440  FLU+F+R8      106530.657   304 213669.314   213801.866   215323.297
441  FLU+F+R9      106530.196   306 213672.392   213806.883   215337.256
443  Blosum62      111299.438   271 223140.876   223243.826   224615.315
444  Blosum62+I    109772.175   272 220088.349   220192.131   221568.229
445  Blosum62+G4   104548.082   272 209640.163   209743.945   211120.043
446  Blosum62+I+G4 104418.276   273 209382.552   209487.171   210867.873
447  Blosum62+R2   105958.749   273 212463.498   212568.116   213948.818
448  Blosum62+R3   104706.718   275 209963.435   210069.738   211459.637
449  Blosum62+R4   104347.860   277 209249.720   209357.723   210756.804
450  Blosum62+R5   104228.810   279 209015.620   209125.339   210533.585
451  Blosum62+R6   104182.816   281 208927.632   209039.083   210456.478
452  Blosum62+R7   104163.761   283 208893.521   209006.721   210433.249
453  Blosum62+R8   104161.279   285 208892.559   209007.524   210443.168
456  Blosum62+F    111339.069   290 223258.138   223377.586   224835.951
457  Blosum62+F+I  109814.811   291 220211.621   220331.978   221794.875
458  Blosum62+F+G4 104616.037   291 209814.073   209934.430   211397.327
459  Blosum62+F+I+G4 104484.501   292 209553.001   209674.271   211141.695
460  Blosum62+F+R2 106021.117   292 212626.234   212747.504   214214.928
461  Blosum62+F+R3 104769.650   294 210127.299   210250.408   211726.875
462  Blosum62+F+R4 104414.962   296 209421.924   209546.888   211032.382
463  Blosum62+F+R5 104296.165   298 209188.329   209315.165   210809.668
464  Blosum62+F+R6 104247.651   300 209095.303   209224.027   210727.523
465  Blosum62+F+R7 104231.769   302 209067.538   209198.168   210710.640
466  Blosum62+F+R8 104229.276   304 209066.552   209199.104   210720.535
469  mtMet         122385.097   271 245312.194   245415.144   246786.633
470  mtMet+I       120934.614   272 242413.229   242517.011   243893.108
471  mtMet+G4      110522.168   272 221588.337   221692.119   223068.217
472  mtMet+I+G4    110457.260   273 221460.521   221565.139   222945.841
473  mtMet+R2      112797.856   273 226141.713   226246.331   227627.033
474  mtMet+R3      111270.671   275 223091.343   223197.645   224587.545
475  mtMet+R4      110641.559   277 221837.119   221945.122   223344.202
476  mtMet+R5      110383.653   279 221325.306   221435.026   222843.271
477  mtMet+R6      110192.038   281 220946.076   221057.527   222474.922
478  mtMet+R7      110161.394   283 220888.788   221001.988   222428.516
479  mtMet+R8      110158.659   285 220887.318   221002.283   222437.927
482  mtMet+F       116496.529   290 233573.058   233692.506   235150.870
483  mtMet+F+I     114847.877   291 230277.754   230398.111   231861.007
484  mtMet+F+G4    106494.698   291 213571.397   213691.754   215154.650
485  mtMet+F+I+G4  106406.129   292 213396.258   213517.528   214984.952
486  mtMet+F+R2    108668.817   292 217921.635   218042.905   219510.329
487  mtMet+F+R3    107191.457   294 214970.913   215094.022   216570.489
488  mtMet+F+R4    106568.334   296 213728.668   213853.632   215339.126
489  mtMet+F+R5    106364.824   298 213325.649   213452.484   214946.987
490  mtMet+F+R6    106219.305   300 213038.609   213167.334   214670.830
491  mtMet+F+R7    106194.867   302 212993.735   213124.365   214636.837
492  mtMet+F+R8    106189.712   304 212987.425   213119.977   214641.408
495  mtVer         124764.888   271 250071.776   250174.726   251546.215
496  mtVer+I       123193.361   272 246930.723   247034.505   248410.602
497  mtVer+G4      111377.117   272 223298.234   223402.016   224778.113
498  mtVer+I+G4    111301.192   273 223148.384   223253.002   224633.704
499  mtVer+R2      113917.520   273 228381.040   228485.658   229866.360
500  mtVer+R3      112231.337   275 225012.675   225118.977   226508.877
501  mtVer+R4      111567.340   277 223688.681   223796.683   225195.764
502  mtVer+R5      111295.088   279 223148.175   223257.894   224666.140
503  mtVer+R6      111047.449   281 222656.897   222768.349   224185.743
504  mtVer+R7      111003.764   283 222573.527   222686.727   224113.255
505  mtVer+R8      110995.210   285 222560.420   222675.384   224111.029
506  mtVer+R9      110995.209   287 222564.417   222681.163   224125.908
508  mtVer+F       118948.495   290 238476.990   238596.438   240054.802
509  mtVer+F+I     117150.706   291 234883.412   235003.769   236466.665
510  mtVer+F+G4    108135.781   291 216853.563   216973.920   218436.816
511  mtVer+F+I+G4  108048.725   292 216681.450   216802.720   218270.145
512  mtVer+F+R2    110577.581   292 221739.162   221860.432   223327.856
513  mtVer+F+R3    108926.655   294 218441.309   218564.418   220040.885
514  mtVer+F+R4    108278.420   296 217148.839   217273.803   218759.297
515  mtVer+F+R5    108044.475   298 216684.950   216811.786   218306.289
516  mtVer+F+R6    107856.332   300 216312.664   216441.389   217944.885
517  mtVer+F+R7    107824.518   302 216253.036   216383.665   217896.137
518  mtVer+F+R8    107817.773   304 216243.546   216376.098   217897.530
521  mtInv         121634.644   271 243811.288   243914.238   245285.727
522  mtInv+I       120186.547   272 240917.093   241020.875   242396.973
523  mtInv+G4      110905.317   272 222354.635   222458.417   223834.514
524  mtInv+I+G4    110831.887   273 222209.774   222314.392   223695.094
525  mtInv+R2      113040.364   273 226626.728   226731.346   228112.048
526  mtInv+R3      111553.988   275 223657.977   223764.279   225154.179
527  mtInv+R4      110958.486   277 222470.972   222578.975   223978.055
528  mtInv+R5      110721.409   279 222000.817   222110.536   223518.782
529  mtInv+R6      110591.376   281 221744.752   221856.204   223273.598
530  mtInv+R7      110561.346   283 221688.691   221801.891   223228.419
531  mtInv+R8      110558.658   285 221687.316   221802.281   223237.925
534  mtInv+F       114678.594   290 229937.188   230056.636   231515.001
535  mtInv+F+I     113020.659   291 226623.317   226743.674   228206.571
536  mtInv+F+G4    105576.633   291 211735.266   211855.623   213318.519
537  mtInv+F+I+G4  105471.813   292 211527.627   211648.897   213116.321
538  mtInv+F+R2    107655.047   292 215894.094   216015.364   217482.788
539  mtInv+F+R3    106168.792   294 212925.584   213048.692   214525.160
540  mtInv+F+R4    105582.665   296 211757.330   211882.293   213367.787
541  mtInv+F+R5    105410.343   298 211416.686   211543.521   213038.024
542  mtInv+F+R6    105289.256   300 211178.512   211307.236   212810.732
543  mtInv+F+R7    105269.332   302 211142.664   211273.293   212785.765
544  mtInv+F+R8    105263.389   304 211134.778   211267.329   212788.761
Akaike Information Criterion:           LG+R8
Corrected Akaike Information Criterion: LG+R8
Bayesian Information Criterion:         LG+R8
Best-fit model: LG+R8 chosen according to BIC

All model information printed to K01951.blastp_ALL.outfmt6.parsed.filtered.uniq.faa.mafft.aln.model.gz
CPU time for ModelFinder: 24115.578 seconds (6h:41m:55s)
Wall-clock time for ModelFinder: 11769.893 seconds (3h:16m:9s)
Generating 2000 samples for ultrafast bootstrap (seed: 743769)...

NOTE: 215 MB RAM (0 GB) is required!
Measuring multi-threading efficiency up to 2 CPU cores
2 trees examined
Threads: 1 / Time: 3.507 sec / Speedup: 1.000 / Efficiency: 100% / LogL: -133366
Threads: 2 / Time: 1.863 sec / Speedup: 1.882 / Efficiency: 94% / LogL: -133366
BEST NUMBER OF THREADS: 2

Estimate model parameters (epsilon = 0.100)
1. Initial log-likelihood: -103237.541
2. Current log-likelihood: -103195.743
3. Current log-likelihood: -103183.409
4. Current log-likelihood: -103175.560
5. Current log-likelihood: -103170.581
6. Current log-likelihood: -103167.173
7. Current log-likelihood: -103164.887
8. Current log-likelihood: -103163.664
9. Current log-likelihood: -103163.218
10. Current log-likelihood: -103163.038
11. Current log-likelihood: -103162.915
Optimal log-likelihood: -103162.811
Site proportion and rates:  (0.135,0.051) (0.062,0.169) (0.113,0.316) (0.110,0.529) (0.113,0.773) (0.129,1.078) (0.092,1.416) (0.245,2.166)
Parameters optimization took 11 rounds (155.149 sec)
Computing ML distances based on estimated model parameters... 20.823 sec
Computing BIONJ tree...
0.019 seconds
Log-likelihood of BIONJ tree: -103262.817
--------------------------------------------------------------------
|             INITIALIZING CANDIDATE TREE SET                      |
--------------------------------------------------------------------
Generating 98 parsimony trees... 20.923 second
Computing log-likelihood of 98 initial trees ... 160.755 seconds
Current best score: -103162.811

Do NNI search on 20 best initial trees
Estimate model parameters (epsilon = 0.100)
BETTER TREE FOUND at iteration 1: -102980.254
Iteration 10 / LogL: -103025.855 / Time: 0h:9m:25s
Iteration 20 / LogL: -103068.653 / Time: 0h:12m:34s
Finish initializing candidate tree set (20)
Current best tree score: -102980.254 / CPU time: 574.759
Number of iterations: 20
--------------------------------------------------------------------
|               OPTIMIZING CANDIDATE TREE SET                      |
--------------------------------------------------------------------
Estimate model parameters (epsilon = 0.100)
BETTER TREE FOUND at iteration 28: -102962.062
Iteration 30 / LogL: -103007.084 / Time: 0h:16m:8s (0h:54m:32s left)
Iteration 40 / LogL: -102966.123 / Time: 0h:19m:42s (0h:44m:29s left)
Estimate model parameters (epsilon = 0.100)
BETTER TREE FOUND at iteration 41: -102961.401
Estimate model parameters (epsilon = 0.100)
BETTER TREE FOUND at iteration 42: -102960.978
Iteration 50 / LogL: -102967.163 / Time: 0h:23m:35s (0h:44m:17s left)
Log-likelihood cutoff on original alignment: -103090.847
Estimate model parameters (epsilon = 0.100)
BETTER TREE FOUND at iteration 51: -102959.407
Iteration 60 / LogL: -102985.943 / Time: 0h:26m:57s (0h:41m:34s left)
Iteration 70 / LogL: -102977.488 / Time: 0h:29m:53s (0h:35m:5s left)
Estimate model parameters (epsilon = 0.100)
BETTER TREE FOUND at iteration 79: -102955.968
Iteration 80 / LogL: -102972.308 / Time: 0h:33m:2s (0h:41m:23s left)
Iteration 90 / LogL: -102967.238 / Time: 0h:36m:2s (0h:36m:2s left)
Estimate model parameters (epsilon = 0.100)
BETTER TREE FOUND at iteration 96: -102953.253
Iteration 100 / LogL: -102996.688 / Time: 0h:40m:15s (0h:39m:1s left)
Log-likelihood cutoff on original alignment: -103090.847
NOTE: Bootstrap correlation coefficient of split occurrence frequencies: 0.991
Iteration 110 / LogL: -102953.843 / Time: 0h:43m:7s (0h:35m:36s left)
Iteration 120 / LogL: -102953.897 / Time: 0h:45m:54s (0h:30m:51s left)
Iteration 130 / LogL: -102967.379 / Time: 0h:48m:43s (0h:26m:26s left)
Estimate model parameters (epsilon = 0.100)
BETTER TREE FOUND at iteration 140: -102953.067
Iteration 140 / LogL: -102953.067 / Time: 0h:51m:51s (0h:37m:18s left)
Iteration 150 / LogL: -102973.589 / Time: 0h:54m:57s (0h:33m:11s left)
Log-likelihood cutoff on original alignment: -103090.847
Iteration 160 / LogL: -102953.981 / Time: 0h:58m:16s (0h:29m:19s left)
Estimate model parameters (epsilon = 0.100)
BETTER TREE FOUND at iteration 162: -102952.443
Iteration 170 / LogL: -102960.717 / Time: 1h:1m:54s (0h:33m:42s left)
Iteration 180 / LogL: -102981.160 / Time: 1h:5m:2s (0h:29m:47s left)
Iteration 190 / LogL: -102952.553 / Time: 1h:7m:28s (0h:25m:42s left)
Iteration 200 / LogL: -102952.755 / Time: 1h:9m:16s (0h:21m:35s left)
Log-likelihood cutoff on original alignment: -103090.847
NOTE: Bootstrap correlation coefficient of split occurrence frequencies: 0.995
Iteration 210 / LogL: -102960.498 / Time: 1h:12m:27s (0h:31m:12s left)
Iteration 220 / LogL: -102969.685 / Time: 1h:15m:34s (0h:27m:36s left)
Estimate model parameters (epsilon = 0.100)
UPDATE BEST LOG-LIKELIHOOD: -102952.383
Estimate model parameters (epsilon = 0.100)
BETTER TREE FOUND at iteration 230: -102951.836
Iteration 230 / LogL: -102951.836 / Time: 1h:18m:43s (0h:34m:22s left)
Iteration 240 / LogL: -102953.110 / Time: 1h:20m:26s (0h:30m:17s left)
Iteration 250 / LogL: -102958.949 / Time: 1h:23m:12s (0h:26m:43s left)
Log-likelihood cutoff on original alignment: -103090.847
Iteration 260 / LogL: -102973.692 / Time: 1h:26m:23s (0h:23m:21s left)
Iteration 270 / LogL: -102953.255 / Time: 1h:29m:35s (0h:19m:59s left)
Estimate model parameters (epsilon = 0.100)
BETTER TREE FOUND at iteration 279: -102951.035
Iteration 280 / LogL: -102953.213 / Time: 1h:33m:21s (0h:33m:7s left)
Estimate model parameters (epsilon = 0.100)
BETTER TREE FOUND at iteration 284: -102950.649
Iteration 290 / LogL: -102954.444 / Time: 1h:36m:58s (0h:31m:32s left)
Estimate model parameters (epsilon = 0.100)
BETTER TREE FOUND at iteration 300: -102948.823
Iteration 300 / LogL: -102948.823 / Time: 1h:40m:26s (0h:33m:35s left)
Log-likelihood cutoff on original alignment: -103090.847
NOTE: Bootstrap correlation coefficient of split occurrence frequencies: 0.996
Iteration 310 / LogL: -102953.351 / Time: 1h:43m:26s (0h:30m:7s left)
Estimate model parameters (epsilon = 0.100)
BETTER TREE FOUND at iteration 315: -102946.808
Iteration 320 / LogL: -102957.010 / Time: 1h:46m:53s (0h:31m:50s left)
Iteration 330 / LogL: -102971.039 / Time: 1h:50m:8s (0h:28m:27s left)
Iteration 340 / LogL: -102970.546 / Time: 1h:53m:16s (0h:25m:3s left)
Estimate model parameters (epsilon = 0.100)
BETTER TREE FOUND at iteration 345: -102945.363
Estimate model parameters (epsilon = 0.100)
BETTER TREE FOUND at iteration 348: -102945.266
Iteration 350 / LogL: -102966.667 / Time: 1h:55m:35s (0h:32m:27s left)
Log-likelihood cutoff on original alignment: -103090.847
Iteration 360 / LogL: -102951.417 / Time: 1h:58m:38s (0h:29m:5s left)
Estimate model parameters (epsilon = 0.100)
BETTER TREE FOUND at iteration 368: -102945.093
Iteration 370 / LogL: -102951.828 / Time: 2h:1m:43s (0h:32m:19s left)
Estimate model parameters (epsilon = 0.100)
BETTER TREE FOUND at iteration 372: -102944.586
Iteration 380 / LogL: -102954.846 / Time: 2h:5m:1s (0h:30m:20s left)
Iteration 390 / LogL: -102946.171 / Time: 2h:8m:7s (0h:27m:0s left)
Iteration 400 / LogL: -102953.279 / Time: 2h:11m:34s (0h:23m:44s left)
Log-likelihood cutoff on original alignment: -103090.847
NOTE: Bootstrap correlation coefficient of split occurrence frequencies: 0.988
NOTE: UFBoot does not converge, continue at least 100 more iterations
Iteration 410 / LogL: -102945.097 / Time: 2h:14m:46s (0h:29m:39s left)
Iteration 420 / LogL: -102951.813 / Time: 2h:18m:3s (0h:26m:21s left)
Iteration 430 / LogL: -102955.152 / Time: 2h:21m:19s (0h:23m:3s left)
Iteration 440 / LogL: -102959.436 / Time: 2h:24m:35s (0h:19m:45s left)
Iteration 450 / LogL: -103000.241 / Time: 2h:27m:31s (0h:16m:25s left)
Log-likelihood cutoff on original alignment: -103090.847
Iteration 460 / LogL: -102971.635 / Time: 2h:30m:33s (0h:13m:7s left)
Iteration 470 / LogL: -102945.040 / Time: 2h:33m:35s (0h:9m:49s left)
Iteration 480 / LogL: -102965.382 / Time: 2h:36m:42s (0h:6m:32s left)
Iteration 490 / LogL: -102951.754 / Time: 2h:39m:51s (0h:3m:16s left)
Iteration 500 / LogL: -102952.029 / Time: 2h:42m:28s (0h:0m:0s left)
Log-likelihood cutoff on original alignment: -103090.847
NOTE: Bootstrap correlation coefficient of split occurrence frequencies: 0.986
NOTE: UFBoot does not converge, continue at least 100 more iterations
Estimate model parameters (epsilon = 0.100)
UPDATE BEST LOG-LIKELIHOOD: -102944.487
Iteration 510 / LogL: -102958.308 / Time: 2h:45m:30s (0h:29m:15s left)
Iteration 520 / LogL: -102949.730 / Time: 2h:48m:16s (0h:25m:56s left)
Iteration 530 / LogL: -102947.116 / Time: 2h:50m:50s (0h:22m:36s left)
Iteration 540 / LogL: -102969.489 / Time: 2h:53m:44s (0h:19m:20s left)
Iteration 550 / LogL: -102947.193 / Time: 2h:56m:8s (0h:16m:2s left)
Log-likelihood cutoff on original alignment: -103090.847
Iteration 560 / LogL: -102950.704 / Time: 2h:59m:5s (0h:12m:48s left)
Iteration 570 / LogL: -102951.737 / Time: 3h:1m:44s (0h:9m:34s left)
Iteration 580 / LogL: -102973.436 / Time: 3h:3m:58s (0h:6m:21s left)
Iteration 590 / LogL: -102961.493 / Time: 3h:6m:42s (0h:3m:10s left)
Iteration 600 / LogL: -102948.973 / Time: 3h:9m:46s (0h:0m:0s left)
Log-likelihood cutoff on original alignment: -103090.847
NOTE: Bootstrap correlation coefficient of split occurrence frequencies: 0.989
NOTE: UFBoot does not converge, continue at least 100 more iterations
Iteration 610 / LogL: -102947.647 / Time: 3h:12m:28s (0h:28m:26s left)
Iteration 620 / LogL: -102953.717 / Time: 3h:14m:54s (0h:25m:11s left)
Iteration 630 / LogL: -102945.500 / Time: 3h:17m:44s (0h:22m:0s left)
Iteration 640 / LogL: -102952.375 / Time: 3h:19m:28s (0h:18m:43s left)
Iteration 650 / LogL: -102957.681 / Time: 3h:21m:12s (0h:15m:30s left)
Log-likelihood cutoff on original alignment: -103090.847
Iteration 660 / LogL: -102966.256 / Time: 3h:24m:7s (0h:12m:23s left)
Iteration 670 / LogL: -102960.972 / Time: 3h:27m:5s (0h:9m:17s left)
Iteration 680 / LogL: -102948.383 / Time: 3h:29m:11s (0h:6m:9s left)
Iteration 690 / LogL: -102968.621 / Time: 3h:32m:17s (0h:3m:4s left)
Iteration 700 / LogL: -102956.794 / Time: 3h:35m:27s (0h:0m:0s left)
Log-likelihood cutoff on original alignment: -103090.847
NOTE: Bootstrap correlation coefficient of split occurrence frequencies: 0.995
TREE SEARCH COMPLETED AFTER 700 ITERATIONS / Time: 3h:35m:29s

--------------------------------------------------------------------
|                    FINALIZING TREE SEARCH                        |
--------------------------------------------------------------------
Performs final model parameters optimization
Estimate model parameters (epsilon = 0.010)
1. Initial log-likelihood: -102944.487
Optimal log-likelihood: -102944.486
Site proportion and rates:  (0.135,0.051) (0.067,0.170) (0.119,0.330) (0.110,0.553) (0.096,0.770) (0.132,1.083) (0.091,1.400) (0.250,2.147)
Parameters optimization took 1 rounds (4.168 sec)
BEST SCORE FOUND : -102944.486
Creating bootstrap support values...
Split supports printed to NEXUS file K01951.blastp_ALL.outfmt6.parsed.filtered.uniq.faa.mafft.aln.splits.nex
Total tree length: 81.062

Total number of iterations: 700
CPU time used for tree search: 25054.984 sec (6h:57m:34s)
Wall-clock time used for tree search: 12749.728 sec (3h:32m:29s)
Total CPU time used: 25419.509 sec (7h:3m:39s)
Total wall-clock time used: 12934.941 sec (3h:35m:34s)

Computing bootstrap consensus tree...
Reading input file K01951.blastp_ALL.outfmt6.parsed.filtered.uniq.faa.mafft.aln.splits.nex...
137 taxa and 1052 splits.
Consensus tree written to K01951.blastp_ALL.outfmt6.parsed.filtered.uniq.faa.mafft.aln.contree
Reading input trees file K01951.blastp_ALL.outfmt6.parsed.filtered.uniq.faa.mafft.aln.contree
Log-likelihood of consensus tree: -102948.486

Analysis results written to: 
  IQ-TREE report:                K01951.blastp_ALL.outfmt6.parsed.filtered.uniq.faa.mafft.aln.iqtree
  Maximum-likelihood tree:       K01951.blastp_ALL.outfmt6.parsed.filtered.uniq.faa.mafft.aln.treefile
  Likelihood distances:          K01951.blastp_ALL.outfmt6.parsed.filtered.uniq.faa.mafft.aln.mldist

Ultrafast bootstrap approximation results written to:
  Split support values:          K01951.blastp_ALL.outfmt6.parsed.filtered.uniq.faa.mafft.aln.splits.nex
  Consensus tree:                K01951.blastp_ALL.outfmt6.parsed.filtered.uniq.faa.mafft.aln.contree
  Screen log file:               K01951.blastp_ALL.outfmt6.parsed.filtered.uniq.faa.mafft.aln.log

Date and Time: Wed May 26 12:05:26 2021
