IQ-TREE multicore version 1.6.12 for Linux 64-bit built Aug 15 2019
Developed by Bui Quang Minh, Nguyen Lam Tung, Olga Chernomor,
Heiko Schmidt, Dominik Schrempf, Michael Woodhams.

Host:    coral (AVX512, FMA3, 376 GB RAM)
Command: /home/timothy/programs/iqtree-1.6.12-Linux/bin/iqtree -s K06928.blastp_ALL.outfmt6.parsed.filtered.uniq.faa.mafft.aln.trimal1 -nt AUTO -ntmax 2 -m MFP -bb 2000 -quiet
Seed:    694031 (Using SPRNG - Scalable Parallel Random Number Generator)
Time:    Wed Sep  8 23:47:57 2021
Kernel:  AVX+FMA - auto-detect threads (96 CPU cores detected)

Reading alignment file K06928.blastp_ALL.outfmt6.parsed.filtered.uniq.faa.mafft.aln.trimal1 ... Fasta format detected
Alignment most likely contains protein sequences
Alignment has 84 sequences with 169 columns, 166 distinct patterns
145 parsimony-informative, 6 singleton sites, 18 constant sites
                                                                                                                                   Gap/Ambiguity  Composition  p-value
   1  Archaea-Euryarchaeota-Methanomicrobia-Methanomicrobiales-Methanomicrobiaceae-Methanoculleus_bourgensis_WP_082070447.1                7.10%    passed     22.01%
   2  Bacteria-Aquificae-Aquificae-Aquificales-Aquificaceae-Hydrogenivirga_sp._1285R11_WP_008285816.1                                     13.61%    passed      9.95%
   3  Bacteria-Aquificae-Aquificae-Aquificales-Aquificaceae-Thermocrinis_albus_WP_012991207.1                                             11.83%    passed     69.74%
   4  Bacteria-Aquificae-Aquificae-Aquificales-Hydrogenothermaceae-Persephonella_sp._IF05L8_WP_029521396.1                                12.43%    failed      0.00%
   5  Bacteria-Firmicutes-Clostridia-Thermoanaerobacterales-Thermoanaerobacteraceae-Thermanaeromonas_toyohensis_WP_084665320.1            12.43%    passed     20.22%
   6  Bacteria-Planctomycetes-CandidatusBrocadiae-CandidatusBrocadiales-CandidatusBrocadiaceae-Candidatus_Jettenia_caeni_WP_007223398.1   12.43%    passed     25.13%
   7  Bacteria-Planctomycetes-Phycisphaerae-NA-NA-Phycisphaerae_bacterium_STNAGABD1_WP_146663896.1                                        11.83%    passed     10.87%
   8  Bacteria-Proteobacteria-Deltaproteobacteria-Desulfobacterales-Desulfobacteraceae-Desulfonema_ishimotonii_WP_124326927.1             15.98%    passed     80.41%
   9  Eukaryota-Alveolata-Dinophyceae-NA-Unranked-Alexandrium_tamarense_MMETSP0382_c36475_g1_i1.p1                                         5.33%    passed     13.25%
  10  Eukaryota-Alveolata-Dinophyceae-NA-Unranked-Amphidinium_massartii_MMETSP0689_c69323_g1_i1.p1                                         4.14%    passed     98.48%
  11  Eukaryota-Alveolata-Dinophyceae-NA-Unranked-Dinophysis_acuminata_MMETSP0797_c60293_g1_i1.p1                                          4.14%    passed     90.61%
  12  Eukaryota-Alveolata-Dinophyceae-NA-Unranked-Glenodinium_foliaceum_MMETSP0119_c19183_g1_i1.p1                                         3.55%    failed      0.06%
  13  Eukaryota-Alveolata-Dinophyceae-NA-Unranked-Karenia_brevis_MMETSP0027_c86352_g1_i1.p1                                                4.14%    passed     91.88%
  14  Eukaryota-Alveolata-Dinophyceae-NA-Unranked-Pyrodinium_bahamense_MMETSP0796_c127790_g1_i1.p1                                         4.14%    passed     62.16%
  15  Eukaryota-Annelida-Clitellata-Hirudinida-Glossiphoniidae-Helobdella_robusta_jgi70657                                                14.20%    passed     75.20%
  16  Eukaryota-Apicomplexa-NA-Unranked-NA-Alveolata_sp_MMETSP0288_c13458_g1_i1.p1                                                         4.14%    passed     69.17%
  17  Eukaryota-Arthropoda-Arachnida-Scorpiones-Buthidae-Centruroides_sculpturatus_XP_023231564.1                                          8.88%    passed     72.80%
  18  Eukaryota-Arthropoda-Insecta-Blattodea-Termopsidae-Zootermopsis_nevadensis_XP_021936239.1                                           11.83%    passed     84.77%
  19  Eukaryota-Arthropoda-Insecta-Diptera-Calliphoridae-Lucilia_cuprina_XP_023294584.1                                                    9.47%    passed     33.65%
  20  Eukaryota-Arthropoda-Insecta-Diptera-Drosophilidae-Drosophila_biarmipes_XP_016956232.1                                              10.65%    passed     89.17%
  21  Eukaryota-Arthropoda-Insecta-Hemiptera-Delphacidae-Nilaparvata_lugens_XP_022183910.1                                                10.65%    passed     89.00%
  22  Eukaryota-Arthropoda-Malacostraca-Decapoda-Penaeidae-Penaeus_vannamei_XP_027218059.1                                                 9.47%    passed     43.02%
  23  Eukaryota-Brachiopoda-Lingulata-Lingulida-Lingulidae-Lingula_anatina_XP_013413792.1                                                  9.47%    passed     98.65%
  24  Eukaryota-Cercozoa-Chlorarachniophyceae-NA-NA-Bigelowiella_longifila_MMETSP1359_c21880_g1_i1.p1                                      8.28%    passed     37.51%
  25  Eukaryota-Cercozoa-Chlorarachniophyceae-NA-NA-Lotharella_amoebiformis_MMETSP0042_c8558_g1_i1.p1                                      8.28%    passed     97.70%
  26  Eukaryota-Chlorophyta-Chlorophyceae-Chlamydomonadales-Chlamydomonadaceae-Chlamydomonas_reinhardtii_XP_001692060.1                   17.16%    passed     80.44%
  27  Eukaryota-Chlorophyta-Chlorophyceae-Chlamydomonadales-Volvocaceae-Volvox_carteri_XP_002949453.1                                     10.06%    passed     76.85%
  28  Eukaryota-Chlorophyta-Mamiellophyceae-Mamiellales-Mamiellaceae-Micromonas_pusilla_MMETSP1403_c5869_g1_i1.p1                          6.51%    failed      1.97%
  29  Eukaryota-Chlorophyta-NA-NA-NA-Mantoniella_antarctica_MMETSP1106_c5064_g1_i1.p1                                                     21.89%    passed     33.68%
  30  Eukaryota-Chlorophyta-NA-NA-NA-Pterosperma_sp_MMETSP1438_c30885_g1_i1.p1                                                             8.88%    passed     78.77%
  31  Eukaryota-Chlorophyta-NA-NA-NA-Tetraselmis_sp_MMETSP0419_c31222_g1_i1.p1                                                             3.55%    passed     98.44%
  32  Eukaryota-Choanoflagellata-Choanoflagellata-Choanoflagellata-Salpingoecidae-Salpingoeca_rosetta_XP_004987884.1                      11.83%    passed     99.46%
  33  Eukaryota-Chordata-Actinopteri-Beloniformes-Adrianichthyidae-Oryzias_melastigma_XP_024152337.1                                       9.47%    passed     55.27%
  34  Eukaryota-Chordata-Mammalia-Cingulata-Dasypodidae-Dasypus_novemcinctus_XP_004451085.1                                                9.47%    passed     99.20%
  35  Eukaryota-Chordata-Mammalia-Lagomorpha-Ochotonidae-Ochotona_princeps_XP_004578589.1                                                  9.47%    passed     59.52%
  36  Eukaryota-Chordata-Mammalia-NA-Camelidae-Camelus_bactrianus_XP_010950406.1                                                           9.47%    passed     86.29%
  37  Eukaryota-Chordata-NA-Squamata-Dactyloidae-Anolis_carolinensis_XP_003215858.1                                                        9.47%    passed     99.59%
  38  Eukaryota-Chordata-NA-Squamata-Viperidae-Protobothrops_mucrosquamatus_XP_015675595.1                                                 9.47%    passed     97.56%
  39  Eukaryota-Chromeraceae-NA-NA-NA-Vitrella_brassicaformis_MMETSP1451_c14389_g1_i1.p1                                                   4.14%    passed     69.17%
  40  Eukaryota-Cnidaria-Anthozoa-Actiniaria-Edwardsiidae-Nematostella_vectensis_XP_001626430.1                                            9.47%    passed     41.23%
  41  Eukaryota-Cnidaria-Anthozoa-Alcyonacea-Nephtheidae-Dendronephthya_gigantea_XP_028401340.1                                            9.47%    passed     94.12%
  42  Eukaryota-Cnidaria-Anthozoa-Scleractinia-Acroporidae-Acropora_millepora_XP_029188268.1                                               9.47%    passed     96.25%
  43  Eukaryota-Cnidaria-Anthozoa-Scleractinia-Merulinidae-Orbicella_faveolata_XP_020630375.1                                              9.47%    passed     94.97%
  44  Eukaryota-Cnidaria-Anthozoa-Scleractinia-Pocilloporidae-Pocillopora_damicornis_XP_027036819.1                                        9.47%    passed     99.05%
  45  Eukaryota-Cnidaria-Anthozoa-Scleractinia-Pocilloporidae-Stylophora_pistillata_XP_022787526.1                                         9.47%    passed     93.84%
  46  Eukaryota-Cryptophyta-NA-Cryptomonadales-NA-Hanusia_phi_MMETSP1048_c17749_g1_i1.p1                                                  12.43%    passed     69.37%
  47  Eukaryota-Cryptophyta-NA-Goniomondales-NA-Goniomonas_pacifica_MMETSP0108_c28613_g1_i1.p1                                            11.83%    passed     93.19%
  48  Eukaryota-Cryptophyta-NA-Pyrenomonadales-Geminigeraceae-Guillardia_theta_MMETSP0046_c11503_g2_i1.p2                                  8.28%    passed     52.89%
  49  Eukaryota-Cryptophyta-NA-Pyrenomonadales-Geminigeraceae-Proteomonas_sulcata_MMETSP1049_c847_g1_i1.p1                                 9.47%    passed     50.62%
  50  Eukaryota-Cryptophyta-NA-Pyrenomonadales-Pyrenomonadaceae-Rhodomonas_lens_MMETSP0484_c58056_g1_i1.p1                                 8.88%    passed     89.47%
  51  Eukaryota-Echinodermata-Asteroidea-Valvatida-Acanthasteridae-Acanthaster_planci_XP_022097960.1                                       4.14%    passed     90.78%
  52  Eukaryota-Echinodermata-Echinoidea-Echinoida-Strongylocentrotidae-Strongylocentrotus_purpuratus_XP_003723869.1                       9.47%    passed     91.71%
  53  Eukaryota-Euglenida-NA-Eutreptiales-NA-Eutreptiella_gymnastica_MMETSP0039_c43616_g1_i1.p2                                           24.85%    passed     49.88%
  54  Eukaryota-Haptophyta-NA-Isochrysidales-Noelaerhabdaceae-Emiliania_huxleyi_MMETSP1157_c32167_g1_i1.p2                                43.20%    passed     12.08%
  55  Eukaryota-Haptophyta-NA-Prymnesiales-NA-Coccolithus_pelagicussspbraarudi_MMETSP0164_c17686_g1_i1.p1                                 19.53%    passed     69.76%
  56  Eukaryota-Haptophyta-NA-Prymnesiales-NA-Gephyrocapsa_oceanica_MMETSP1363_c9196_g5_i1.p1                                              2.96%    failed      1.31%
  57  Eukaryota-Haptophyta-NA-Prymnesiales-NA-Isochrysis_sp_MMETSP1388_c2338_g1_i2.p2                                                      2.96%    failed      0.15%
  58  Eukaryota-Haptophyta-NA-Unranked-NA-Scyphosphaera_apsteinii_MMETSP1333_c46432_g1_i1.p2                                              39.64%    passed     68.25%
  59  Eukaryota-Hemichordata-Enteropneusta-NA-Harrimaniidae-Saccoglossus_kowalevskii_XP_002739152.2                                        8.28%    passed     92.92%
  60  Eukaryota-Mollusca-Bivalvia-Ostreoida-Ostreidae-Crassostrea_virginica_XP_022329301.1                                                 9.47%    passed     39.94%
  61  Eukaryota-Mollusca-Bivalvia-Pectinoida-Pectinidae-Mizuhopecten_yessoensis_XP_021364849.1                                             9.47%    passed     99.30%
  62  Eukaryota-Mollusca-Gastropoda-Aplysiida-Aplysiidae-Aplysia_californica_XP_005110674.1                                                9.47%    passed     99.04%
  63  Eukaryota-Mollusca-Gastropoda-Architaenioglossa-Ampullariidae-Pomacea_canaliculata_XP_025091979.1                                    9.47%    passed     94.82%
  64  Eukaryota-Mollusca-Gastropoda-NA-Lottiidae-Lottia_gigantea_jgi223139                                                                 9.47%    passed      7.86%
  65  Eukaryota-Mollusca-Gastropoda-NA-Planorbidae-Biomphalaria_glabrata_XP_013064821.1                                                    9.47%    passed     39.80%
  66  Eukaryota-Mucoromycota-Glomeromycetes-Glomerales-Glomeraceae-Rhizophagus_irregularis_XP_025177007.1                                 11.24%    failed      0.00%
  67  Eukaryota-Platyhelminthes-Trematoda-Opisthorchiida-Opisthorchiidae-Opisthorchis_viverrini_XP_009171865.1                             7.10%    passed     97.10%
  68  Eukaryota-Priapulida-Priapulimorpha-Priapulimorphida-Priapulidae-Priapulus_caudatus_XP_014663792.1                                   9.47%    passed     99.93%
  69  Eukaryota-Retaria-NA-NA-NA-Elphidium_margaritaceum_MMETSP1385_c11510_g1_i1.p1                                                       10.06%    passed     25.65%
  70  Eukaryota-Retaria-NA-NA-NA-Rosalina_sp_MMETSP0190_c22929_g1_i1.p1                                                                   47.93%    passed      6.78%
  71  Eukaryota-Stramenopiles-Fragilariophyceae-Fragilariales-Fragilariaceae-Asterionellopsis_glacialis_MMETSP0713_c13016_g1_i1.p1         2.96%    passed     72.65%
  72  Eukaryota-Stramenopiles-NA-NA-NA-Corethron_pennatum_MMETSP0169_c19062_g1_i1.p1                                                      14.79%    passed     99.22%
  73  Eukaryota-Stramenopiles-NA-NA-NA-Minutocellus_polymorphus_MMETSP1070_c1038_g1_i1.p1                                                  8.28%    passed     64.20%
  74  Eukaryota-Stramenopiles-NA-NA-NA-Pseudo_australis_MMETSP0139_c20246_g1_i1.p1                                                         8.28%    passed     99.98%
  75  Eukaryota-Stramenopiles-Raphidophyceae-Chattonellales-Chattonellaceae-Chattonella_subsalsa_MMETSP0947_c28202_g1_i1.p1               10.06%    passed     86.87%
  76  Eukaryota-Stramenopiles-Raphidophyceae-Chattonellales-Chattonellaceae-Heterosigma_akashiwo_MMETSP0416_c24075_g1_i1.p1               19.53%    passed     53.47%
  77  Eukaryota-Streptophyta-Liliopsida-Zingiberales-Musaceae-Musa_acuminata_XP_009389170.1                                                8.88%    passed     97.31%
  78  Eukaryota-Streptophyta-Lycopodiopsida-Selaginellales-Selaginellaceae-Selaginella_moellendorffii_XP_024521468.1                      10.65%    passed     51.40%
  79  Eukaryota-Streptophyta-NA-Brassicales-Caricaceae-Carica_papaya_XP_021911479.1                                                        8.88%    passed     83.66%
  80  Eukaryota-Streptophyta-NA-Lamiales-Phrymaceae-Erythranthe_guttata_XP_012827997.1                                                     8.88%    passed     96.65%
  81  Eukaryota-Streptophyta-NA-Malvales-Malvaceae-Durio_zibethinus_XP_022740867.1                                                         3.55%    passed     96.31%
  82  Eukaryota-Streptophyta-NA-Malvales-Malvaceae-Gossypium_raimondii_XP_012487317.1                                                      4.14%    passed     97.83%
  83  MSTRG.15872.1.p1                                                                                                                     3.55%    passed     20.99%
  84  NA-NA-NA-NA-NA-NA_XP_003267317.1                                                                                                     9.47%    passed     98.35%
****  TOTAL                                                                                                                               10.67%  6 sequences failed composition chi2 test (p-value<5%; df=19)
NOTE: Eukaryota-Chromeraceae-NA-NA-NA-Vitrella_brassicaformis_MMETSP1451_c14389_g1_i1.p1 is identical to Eukaryota-Apicomplexa-NA-Unranked-NA-Alveolata_sp_MMETSP0288_c13458_g1_i1.p1 but kept for subsequent analysis


Create initial parsimony tree by phylogenetic likelihood library (PLL)... 0.034 seconds
NOTE: ModelFinder requires 25 MB RAM!
ModelFinder will test 546 protein models (sample size: 169) ...
 No. Model         -LnL         df  AIC          AICc         BIC
Measuring multi-threading efficiency up to 2 CPU cores
Increase to 10 rounds for branch lengths
16 trees examined
Threads: 1 / Time: 2.087 sec / Speedup: 1.000 / Efficiency: 100% / LogL: -22322
Threads: 2 / Time: 1.376 sec / Speedup: 1.517 / Efficiency: 76% / LogL: -22322
BEST NUMBER OF THREADS: 2

  1  Dayhoff       17752.696    165 35835.392    54095.392    36351.825
  2  Dayhoff+I     17381.237    166 35094.475    62816.475    35614.038
  3  Dayhoff+G4    16609.955    166 33551.910    61273.910    34071.473
  4  Dayhoff+I+G4  16580.189    167 33494.378    89606.378    34017.071
  5  Dayhoff+R2    16860.048    167 34054.096    90166.096    34576.789
  6  Dayhoff+R3    16663.504    169 33665.008    91125.008    34193.961
  7  Dayhoff+R4    16578.041    171 33498.083    92322.083    34033.296
  8  Dayhoff+R5    16568.963    173 33483.926    93687.926    34025.398
  9  Dayhoff+R6    16561.148    175 33472.295    95072.295    34020.028
 10  Dayhoff+R7    16558.633    177 33471.266    96483.266    34025.258
 14  Dayhoff+F     17737.252    184 35842.504    103922.504   36418.405
 15  Dayhoff+F+I   17394.465    185 35158.930    103978.930   35737.961
 16  Dayhoff+F+G4  16608.777    185 33587.555    102407.555   34166.586
 17  Dayhoff+F+I+G4 16580.516    186 33533.033    103097.033   34115.194
 18  Dayhoff+F+R2  16847.078    186 34066.156    103630.156   34648.317
 19  Dayhoff+F+R3  16638.539    188 33653.078    104717.078   34241.499
 20  Dayhoff+F+R4  16579.003    190 33538.006    106118.006   34132.686
 21  Dayhoff+F+R5  16566.041    192 33516.081    107628.081   34117.022
 22  Dayhoff+F+R6  16557.107    194 33502.214    109162.214   34109.414
 23  Dayhoff+F+R7  16557.054    196 33506.107    110730.107   34119.567
 27  mtMAM         20211.084    165 40752.168    59012.168    41268.601
 28  mtMAM+I       19935.883    166 40203.767    67925.767    40723.330
 29  mtMAM+G4      17835.367    166 36002.733    63724.733    36522.297
 30  mtMAM+I+G4    17832.346    167 35998.693    92110.693    36521.386
 31  mtMAM+R2      18257.394    167 36848.787    92960.787    37371.480
 32  mtMAM+R3      18001.005    169 36340.009    93800.009    36868.962
 33  mtMAM+R4      17909.329    171 36160.657    94984.657    36695.870
 34  mtMAM+R5      17861.677    173 36069.354    96273.354    36610.826
 35  mtMAM+R6      17792.318    175 35934.636    97534.636    36482.368
 36  mtMAM+R7      17791.963    177 35937.926    98949.926    36491.918
 40  mtMAM+F       18913.632    184 38195.264    106275.264   38771.166
 41  mtMAM+F+I     18580.932    185 37531.865    106351.865   38110.896
 42  mtMAM+F+G4    17104.548    185 34579.096    103399.096   35158.128
 43  mtMAM+F+I+G4  17092.447    186 34556.894    104120.894   35139.055
 44  mtMAM+F+R2    17436.134    186 35244.268    104808.268   35826.429
 45  mtMAM+F+R3    17207.240    188 34790.481    105854.481   35378.902
 46  mtMAM+F+R4    17129.644    190 34639.287    107219.287   35233.968
 47  mtMAM+F+R5    17097.793    192 34579.587    108691.587   35180.527
 48  mtMAM+F+R6    17061.134    194 34510.269    110170.269   35117.469
 49  mtMAM+F+R7    17060.803    196 34513.607    111737.607   35127.067
 53  JTT           17616.699    165 35563.399    53823.399    36079.832
 54  JTT+I         17275.315    166 34882.630    62604.630    35402.193
 55  JTT+G4        16481.589    166 33295.178    61017.178    33814.741
 56  JTT+I+G4      16459.323    167 33252.647    89364.647    33775.340
 57  JTT+R2        16746.061    167 33826.122    89938.122    34348.815
 58  JTT+R3        16496.915    169 33331.829    90791.829    33860.782
 59  JTT+R4        16451.771    171 33245.542    92069.542    33780.754
 60  JTT+R5        16435.899    173 33217.799    93421.799    33759.271
 61  JTT+R6        16432.047    175 33214.095    94814.095    33761.827
 66  JTT+F         17679.051    184 35726.102    103806.102   36302.004
 67  JTT+F+I       17345.326    185 35060.653    103880.653   35639.684
 68  JTT+F+G4      16546.887    185 33463.775    102283.775   34042.806
 69  JTT+F+I+G4    16525.055    186 33422.109    102986.109   34004.270
 70  JTT+F+R2      16802.127    186 33976.254    103540.254   34558.415
 71  JTT+F+R3      16572.458    188 33520.916    104584.916   34109.337
 72  JTT+F+R4      16520.811    190 33421.621    106001.621   34016.302
 73  JTT+F+R5      16508.439    192 33400.878    107512.878   34001.819
 74  JTT+F+R6      16503.675    194 33395.350    109055.350   34002.550
 79  WAG           17378.214    165 35086.428    53346.428    35602.861
 80  WAG+I         17040.507    166 34413.014    62135.014    34932.578
 81  WAG+G4        16384.003    166 33100.005    60822.005    33619.568
 82  WAG+I+G4      16362.225    167 33058.449    89170.449    33581.142
 83  WAG+R2        16605.010    167 33544.020    89656.020    34066.714
 84  WAG+R3        16376.273    169 33090.546    90550.546    33619.499
 85  WAG+R4        16342.657    171 33027.314    91851.314    33562.526
 86  WAG+R5        16332.405    173 33010.810    93214.810    33552.283
 87  WAG+R6        16331.346    175 33012.692    94612.692    33560.425
 92  WAG+F         17395.472    184 35158.944    103238.944   35734.845
 93  WAG+F+I       17080.630    185 34531.259    103351.259   35110.291
 94  WAG+F+G4      16405.074    185 33180.149    102000.149   33759.180
 95  WAG+F+I+G4    16386.935    186 33145.870    102709.870   33728.031
 96  WAG+F+R2      16627.149    186 33626.298    103190.298   34208.459
 97  WAG+F+R3      16400.398    188 33176.796    104240.796   33765.217
 98  WAG+F+R4      16369.245    190 33118.491    105698.491   33713.171
 99  WAG+F+R5      16357.645    192 33099.289    107211.289   33700.230
100  WAG+F+R6      16357.037    194 33102.075    108762.075   33709.275
105  cpREV         17533.368    165 35396.736    53656.736    35913.169
106  cpREV+I       17218.149    166 34768.299    62490.299    35287.862
107  cpREV+G4      16454.605    166 33241.210    60963.210    33760.773
108  cpREV+I+G4    16440.429    167 33214.857    89326.857    33737.550
109  cpREV+R2      16699.227    167 33732.454    89844.454    34255.147
110  cpREV+R3      16444.191    169 33226.382    90686.382    33755.335
111  cpREV+R4      16413.487    171 33168.974    91992.974    33704.186
112  cpREV+R5      16405.139    173 33156.278    93360.278    33697.750
113  cpREV+R6      16398.222    175 33146.444    94746.444    33694.176
114  cpREV+R7      16397.975    177 33149.950    96161.950    33703.942
118  cpREV+F       17562.802    184 35493.604    103573.604   36069.506
119  cpREV+F+I     17254.643    185 34879.285    103699.285   35458.317
120  cpREV+F+G4    16512.564    185 33395.128    102215.128   33974.159
121  cpREV+F+I+G4  16492.696    186 33357.391    102921.391   33939.552
122  cpREV+F+R2    16735.003    186 33842.006    103406.006   34424.167
123  cpREV+F+R3    16501.050    188 33378.101    104442.101   33966.522
124  cpREV+F+R4    16468.346    190 33316.692    105896.692   33911.373
125  cpREV+F+R5    16459.768    192 33303.536    107415.536   33904.477
126  cpREV+F+R6    16452.492    194 33292.984    108952.984   33900.185
127  cpREV+F+R7    16452.325    196 33296.649    110520.649   33910.109
131  mtREV         19075.730    165 38481.461    56741.461    38997.894
132  mtREV+I       18806.726    166 37945.452    65667.452    38465.015
133  mtREV+G4      17447.831    166 35227.662    62949.662    35747.225
134  mtREV+I+G4    17442.760    167 35219.520    91331.520    35742.213
135  mtREV+R2      17775.854    167 35885.708    91997.708    36408.402
136  mtREV+R3      17528.725    169 35395.449    92855.449    35924.402
137  mtREV+R4      17437.293    171 35216.587    94040.587    35751.799
138  mtREV+R5      17414.795    173 35175.590    95379.590    35717.063
139  mtREV+R6      17403.049    175 35156.098    96756.098    35703.830
140  mtREV+R7      17402.251    177 35158.502    98170.502    35712.494
144  mtREV+F       18042.738    184 36453.476    104533.476   37029.378
145  mtREV+F+I     17751.958    185 35873.916    104693.916   36452.947
146  mtREV+F+G4    16686.907    185 33743.814    102563.814   34322.846
147  mtREV+F+I+G4  16678.013    186 33728.025    103292.025   34310.186
148  mtREV+F+R2    16962.083    186 34296.167    103860.167   34878.328
149  mtREV+F+R3    16738.060    188 33852.119    104916.119   34440.540
150  mtREV+F+R4    16668.211    190 33716.423    106296.423   34311.104
151  mtREV+F+R5    16653.849    192 33691.699    107803.699   34292.639
152  mtREV+F+R6    16644.008    194 33676.016    109336.016   34283.216
153  mtREV+F+R7    16643.206    196 33678.413    110902.413   34291.873
157  rtREV         17497.263    165 35324.525    53584.525    35840.959
158  rtREV+I       17165.810    166 34663.620    62385.620    35183.184
159  rtREV+G4      16394.341    166 33120.683    60842.683    33640.246
160  rtREV+I+G4    16379.732    167 33093.465    89205.465    33616.158
161  rtREV+R2      16645.759    167 33625.517    89737.517    34148.210
162  rtREV+R3      16392.665    169 33123.329    90583.329    33652.282
163  rtREV+R4      16358.658    171 33059.316    91883.316    33594.529
164  rtREV+R5      16340.524    173 33027.049    93231.049    33568.521
165  rtREV+R6      16338.281    175 33026.563    94626.563    33574.295
170  rtREV+F       17477.151    184 35322.302    103402.302   35898.203
171  rtREV+F+I     17170.814    185 34711.627    103531.627   35290.658
172  rtREV+F+G4    16364.496    185 33098.991    101918.991   33678.023
173  rtREV+F+I+G4  16356.172    186 33084.344    102648.344   33666.505
174  rtREV+F+R2    16603.129    186 33578.258    103142.258   34160.419
175  rtREV+F+R3    16368.351    188 33112.702    104176.702   33701.123
176  rtREV+F+R4    16337.659    190 33055.318    105635.318   33649.999
177  rtREV+F+R5    16317.098    192 33018.197    107130.197   33619.137
178  rtREV+F+R6    16314.474    194 33016.949    108676.949   33624.149
183  mtART         19825.007    165 39980.013    58240.013    40496.447
184  mtART+I       19494.514    166 39321.028    67043.028    39840.591
185  mtART+G4      17513.692    166 35359.383    63081.383    35878.947
186  mtART+I+G4    17509.033    167 35352.066    91464.066    35874.759
187  mtART+R2      17949.434    167 36232.868    92344.868    36755.561
188  mtART+R3      17647.261    169 35632.522    93092.522    36161.475
189  mtART+R4      17595.483    171 35532.966    94356.966    36068.178
190  mtART+R5      17512.791    173 35371.582    95575.582    35913.054
191  mtART+R6      17489.775    175 35329.549    96929.549    35877.281
192  mtART+R7      17481.397    177 35316.793    98328.793    35870.785
193  mtART+R8      17481.381    179 35320.761    99760.761    35881.013
196  mtART+F       18713.675    184 37795.351    105875.351   38371.252
197  mtART+F+I     18376.579    185 37123.158    105943.158   37702.189
198  mtART+F+G4    16845.814    185 34061.628    102881.628   34640.660
199  mtART+F+I+G4  16838.645    186 34049.290    103613.290   34631.451
200  mtART+F+R2    17180.107    186 34732.214    104296.214   35314.375
201  mtART+F+R3    16959.300    188 34294.600    105358.600   34883.021
202  mtART+F+R4    16895.113    190 34170.226    106750.226   34764.907
203  mtART+F+R5    16834.112    192 34052.224    108164.224   34653.164
204  mtART+F+R6    16816.651    194 34021.303    109681.303   34628.503
205  mtART+F+R7    16810.160    196 34012.319    111236.319   34625.779
206  mtART+F+R8    16810.156    198 34016.312    112820.312   34636.032
209  mtZOA         19025.211    165 38380.422    56640.422    38896.856
210  mtZOA+I       18715.732    166 37763.463    65485.463    38283.027
211  mtZOA+G4      17029.190    166 34390.379    62112.379    34909.943
212  mtZOA+I+G4    17022.600    167 34379.200    90491.200    34901.893
213  mtZOA+R2      17367.581    167 35069.162    91181.162    35591.855
214  mtZOA+R3      17151.547    169 34641.093    92101.093    35170.046
215  mtZOA+R4      17067.596    171 34477.192    93301.192    35012.405
216  mtZOA+R5      17022.551    173 34391.102    94595.102    34932.575
217  mtZOA+R6      17007.819    175 34365.639    95965.639    34913.371
218  mtZOA+R7      17001.869    177 34357.738    97369.738    34911.730
219  mtZOA+R8      17001.867    179 34361.733    98801.733    34921.985
222  mtZOA+F       18234.008    184 36836.016    104916.016   37411.917
223  mtZOA+F+I     17915.244    185 36200.487    105020.487   36779.518
224  mtZOA+F+G4    16647.209    185 33664.418    102484.418   34243.449
225  mtZOA+F+I+G4  16634.583    186 33641.166    103205.166   34223.327
226  mtZOA+F+R2    16929.854    186 34231.708    103795.708   34813.870
227  mtZOA+F+R3    16730.610    188 33837.220    104901.220   34425.641
228  mtZOA+F+R4    16646.742    190 33673.483    106253.483   34268.164
229  mtZOA+F+R5    16626.295    192 33636.590    107748.590   34237.531
230  mtZOA+F+R6    16614.753    194 33617.505    109277.505   34224.705
231  mtZOA+F+R7    16610.109    196 33612.218    110836.218   34225.678
235  VT            17414.826    165 35159.652    53419.652    35676.086
236  VT+I          17086.756    166 34505.513    62227.513    35025.076
237  VT+G4         16415.224    166 33162.448    60884.448    33682.011
238  VT+I+G4       16398.948    167 33131.896    89243.896    33654.589
239  VT+R2         16647.256    167 33628.511    89740.511    34151.204
240  VT+R3         16412.599    169 33163.199    90623.199    33692.151
241  VT+R4         16383.128    171 33108.257    91932.257    33643.470
242  VT+R5         16369.213    173 33084.426    93288.426    33625.899
243  VT+R6         16366.428    175 33082.855    94682.855    33630.588
248  VT+F          17450.577    184 35269.155    103349.155   35845.056
249  VT+F+I        17140.520    185 34651.041    103471.041   35230.072
250  VT+F+G4       16466.311    185 33302.621    102122.621   33881.652
251  VT+F+I+G4     16450.426    186 33272.852    102836.852   33855.013
252  VT+F+R2       16691.403    186 33754.806    103318.806   34336.968
253  VT+F+R3       16466.784    188 33309.568    104373.568   33897.989
254  VT+F+R4       16435.784    190 33251.569    105831.569   33846.250
255  VT+F+R5       16421.967    192 33227.935    107339.935   33828.875
256  VT+F+R6       16419.686    194 33227.372    108887.372   33834.573
261  LG            17381.614    165 35093.229    53353.229    35609.662
262  LG+I          17050.419    166 34432.838    62154.838    34952.401
263  LG+G4         16246.699    166 32825.398    60547.398    33344.961
264  LG+I+G4       16230.155    167 32794.309    88906.309    33317.002
265  LG+R2         16506.659    167 33347.317    89459.317    33870.010
266  LG+R3         16253.889    169 32845.779    90305.779    33374.731
267  LG+R4         16216.658    171 32775.316    91599.316    33310.528
268  LG+R5         16196.733    173 32739.466    92943.466    33280.938
269  LG+R6         16193.229    175 32736.458    94336.458    33284.190
274  LG+F          17417.864    184 35203.728    103283.728   35779.629
275  LG+F+I        17114.206    185 34598.412    103418.412   35177.443
276  LG+F+G4       16296.862    185 32963.724    101783.724   33542.755
277  LG+F+I+G4     16283.308    186 32938.617    102502.617   33520.778
278  LG+F+R2       16531.824    186 33435.648    102999.648   34017.809
279  LG+F+R3       16309.951    188 32995.903    104059.903   33584.323
280  LG+F+R4       16273.507    190 32927.014    105507.014   33521.695
281  LG+F+R5       16252.857    192 32889.714    107001.714   33490.655
282  LG+F+R6       16248.761    194 32885.522    108545.522   33492.722
287  DCMut         17752.377    165 35834.753    54094.753    36351.187
288  DCMut+I       17380.985    166 35093.969    62815.969    35613.533
289  DCMut+G4      16611.589    166 33555.178    61277.178    34074.741
290  DCMut+I+G4    16581.699    167 33497.399    89609.399    34020.092
291  DCMut+R2      16863.036    167 34060.072    90172.072    34582.765
292  DCMut+R3      16631.950    169 33601.900    91061.900    34130.853
293  DCMut+R4      16573.202    171 33488.404    92312.404    34023.616
294  DCMut+R5      16564.545    173 33475.090    93679.090    34016.563
295  DCMut+R6      16556.813    175 33463.627    95063.627    34011.359
296  DCMut+R7      16556.568    177 33467.135    96479.135    34021.127
300  DCMut+F       17736.553    184 35841.106    103921.106   36417.008
301  DCMut+F+I     17393.843    185 35157.687    103977.687   35736.718
302  DCMut+F+G4    16610.012    185 33590.023    102410.023   34169.054
303  DCMut+F+I+G4  16581.720    186 33535.440    103099.440   34117.601
304  DCMut+F+R2    16848.334    186 34068.668    103632.668   34650.829
305  DCMut+F+R3    16632.761    188 33641.521    104705.521   34229.942
306  DCMut+F+R4    16578.153    190 33536.307    106116.307   34130.987
307  DCMut+F+R5    16565.415    192 33514.830    107626.830   34115.770
308  DCMut+F+R6    16556.792    194 33501.585    109161.585   34108.785
309  DCMut+F+R7    16556.564    196 33505.129    110729.129   34118.589
313  PMB           17447.363    165 35224.725    53484.725    35741.158
314  PMB+I         17118.352    166 34568.704    62290.704    35088.267
315  PMB+G4        16452.800    166 33237.600    60959.600    33757.164
316  PMB+I+G4      16440.191    167 33214.382    89326.382    33737.076
317  PMB+R2        16691.772    167 33717.545    89829.545    34240.238
318  PMB+R3        16447.264    169 33232.528    90692.528    33761.481
319  PMB+R4        16418.617    171 33179.234    92003.234    33714.447
320  PMB+R5        16409.662    173 33165.325    93369.325    33706.797
321  PMB+R6        16406.806    175 33163.612    94763.612    33711.345
326  PMB+F         17546.927    184 35461.854    103541.854   36037.755
327  PMB+F+I       17231.994    185 34833.988    103653.988   35413.019
328  PMB+F+G4      16556.642    185 33483.283    102303.283   34062.314
329  PMB+F+I+G4    16544.853    186 33461.705    103025.705   34043.867
330  PMB+F+R2      16781.208    186 33934.417    103498.417   34516.578
331  PMB+F+R3      16552.738    188 33481.476    104545.476   34069.897
332  PMB+F+R4      16523.761    190 33427.521    106007.521   34022.202
333  PMB+F+R5      16514.086    192 33412.173    107524.173   34013.113
334  PMB+F+R6      16511.654    194 33411.308    109071.308   34018.508
339  HIVb          18265.237    165 36860.474    55120.474    37376.908
340  HIVb+I        17840.391    166 36012.781    63734.781    36532.345
341  HIVb+G4       16769.574    166 33871.147    61593.147    34390.711
342  HIVb+I+G4     16754.012    167 33842.025    89954.025    34364.718
343  HIVb+R2       17155.253    167 34644.506    90756.506    35167.199
344  HIVb+R3       16790.749    169 33919.497    91379.497    34448.450
345  HIVb+R4       16742.918    171 33827.836    92651.836    34363.049
346  HIVb+R5       16721.080    173 33788.160    93992.160    34329.632
347  HIVb+R6       16714.263    175 33778.526    95378.526    34326.258
348  HIVb+R7       16710.326    177 33774.652    96786.652    34328.644
352  HIVb+F        18365.435    184 37098.870    105178.870   37674.772
353  HIVb+F+I      17948.611    185 36267.222    105087.222   36846.253
354  HIVb+F+G4     16849.808    185 34069.616    102889.616   34648.647
355  HIVb+F+I+G4   16833.681    186 34039.362    103603.362   34621.523
356  HIVb+F+R2     17214.085    186 34800.170    104364.170   35382.331
357  HIVb+F+R3     16890.971    188 34157.943    105221.943   34746.364
358  HIVb+F+R4     16833.092    190 34046.183    106626.183   34640.864
359  HIVb+F+R5     16806.204    192 33996.408    108108.408   34597.348
360  HIVb+F+R6     16800.262    194 33988.525    109648.525   34595.725
361  HIVb+F+R7     16797.528    196 33987.055    111211.055   34600.515
365  HIVw          19085.397    165 38500.794    56760.794    39017.227
366  HIVw+I        18653.305    166 37638.611    65360.611    38158.174
367  HIVw+G4       17685.553    166 35703.105    63425.105    36222.668
368  HIVw+I+G4     17645.844    167 35625.689    91737.689    36148.382
369  HIVw+R2       18034.973    167 36403.947    92515.947    36926.640
370  HIVw+R3       17703.461    169 35744.921    93204.921    36273.874
371  HIVw+R4       17651.672    171 35645.344    94469.344    36180.556
372  HIVw+R5       17630.109    173 35606.218    95810.218    36147.691
373  HIVw+R6       17626.134    175 35602.267    97202.267    36150.000
378  HIVw+F        18985.755    184 38339.511    106419.511   38915.412
379  HIVw+F+I      18513.005    185 37396.010    106216.010   37975.042
380  HIVw+F+G4     17495.106    185 35360.211    104180.211   35939.243
381  HIVw+F+I+G4   17450.170    186 35272.339    104836.339   35854.500
382  HIVw+F+R2     17853.116    186 36078.232    105642.232   36660.394
383  HIVw+F+R3     17531.401    188 35438.802    106502.802   36027.223
384  HIVw+F+R4     17463.114    190 35306.228    107886.228   35900.909
385  HIVw+F+R5     17444.232    192 35272.464    109384.464   35873.404
386  HIVw+F+R6     17439.723    194 35267.447    110927.447   35874.647
391  JTTDCMut      17609.662    165 35549.323    53809.323    36065.757
392  JTTDCMut+I    17271.765    166 34875.531    62597.531    35395.094
393  JTTDCMut+G4   16481.519    166 33295.037    61017.037    33814.601
394  JTTDCMut+I+G4 16458.918    167 33251.836    89363.836    33774.529
395  JTTDCMut+R2   16743.880    167 33821.760    89933.760    34344.453
396  JTTDCMut+R3   16493.088    169 33324.175    90784.175    33853.128
397  JTTDCMut+R4   16449.432    171 33240.864    92064.864    33776.077
398  JTTDCMut+R5   16433.983    173 33213.965    93417.965    33755.438
399  JTTDCMut+R6   16431.018    175 33212.036    94812.036    33759.768
404  JTTDCMut+F    17672.395    184 35712.791    103792.791   36288.692
405  JTTDCMut+F+I  17342.269    185 35054.539    103874.539   35633.570
406  JTTDCMut+F+G4 16544.015    185 33458.031    102278.031   34037.062
407  JTTDCMut+F+I+G4 16522.278    186 33416.556    102980.556   33998.718
408  JTTDCMut+F+R2 16797.832    186 33967.665    103531.665   34549.826
409  JTTDCMut+F+R3 16568.375    188 33512.750    104576.750   34101.171
410  JTTDCMut+F+R4 16516.571    190 33413.141    105993.141   34007.822
411  JTTDCMut+F+R5 16504.556    192 33393.113    107505.113   33994.053
412  JTTDCMut+F+R6 16499.879    194 33387.758    109047.758   33994.958
417  FLU           18194.862    165 36719.724    54979.724    37236.158
418  FLU+I         17799.384    166 35930.768    63652.768    36450.332
419  FLU+G4        16865.862    166 34063.724    61785.724    34583.287
420  FLU+I+G4      16841.559    167 34017.118    90129.118    34539.811
421  FLU+R2        17177.537    167 34689.073    90801.073    35211.766
422  FLU+R3        16890.611    169 34119.223    91579.223    34648.176
423  FLU+R4        16842.501    171 34027.002    92851.002    34562.214
424  FLU+R5        16820.515    173 33987.031    94191.031    34528.503
425  FLU+R6        16815.999    175 33981.998    95581.998    34529.730
430  FLU+F         18266.280    184 36900.561    104980.561   37476.462
431  FLU+F+I       17857.517    185 36085.035    104905.035   36664.066
432  FLU+F+G4      16873.522    185 34117.045    102937.045   34696.076
433  FLU+F+I+G4    16852.006    186 34076.011    103640.011   34658.172
434  FLU+F+R2      17159.902    186 34691.803    104255.803   35273.965
435  FLU+F+R3      16908.747    188 34193.494    105257.494   34781.914
436  FLU+F+R4      16854.501    190 34089.003    106669.003   34683.684
437  FLU+F+R5      16832.750    192 34049.500    108161.500   34650.440
438  FLU+F+R6      16828.849    194 34045.697    109705.697   34652.897
443  Blosum62      17432.039    165 35194.078    53454.078    35710.511
444  Blosum62+I    17111.691    166 34555.383    62277.383    35074.946
445  Blosum62+G4   16440.877    166 33213.755    60935.755    33733.318
446  Blosum62+I+G4 16430.653    167 33195.305    89307.305    33717.998
447  Blosum62+R2   16672.646    167 33679.292    89791.292    34201.985
448  Blosum62+R3   16431.391    169 33200.782    90660.782    33729.735
449  Blosum62+R4   16409.857    171 33161.713    91985.713    33696.926
450  Blosum62+R5   16398.035    173 33142.069    93346.069    33683.542
451  Blosum62+R6   16395.947    175 33141.893    94741.893    33689.625
456  Blosum62+F    17513.395    184 35394.791    103474.791   35970.692
457  Blosum62+F+I  17205.069    185 34780.138    103600.138   35359.169
458  Blosum62+F+G4 16530.356    185 33430.711    102250.711   34009.743
459  Blosum62+F+I+G4 16522.224    186 33416.448    102980.448   33998.610
460  Blosum62+F+R2 16757.286    186 33886.572    103450.572   34468.733
461  Blosum62+F+R3 16522.105    188 33420.209    104484.209   34008.630
462  Blosum62+F+R4 16502.500    190 33385.000    105965.000   33979.681
463  Blosum62+F+R5 16488.800    192 33361.599    107473.599   33962.540
464  Blosum62+F+R6 16486.775    194 33361.551    109021.551   33968.751
469  mtMet         19201.180    165 38732.361    56992.361    39248.794
470  mtMet+I       18906.699    166 38145.398    65867.398    38664.961
471  mtMet+G4      17395.411    166 35122.822    62844.822    35642.385
472  mtMet+I+G4    17385.023    167 35104.046    91216.046    35626.739
473  mtMet+R2      17742.316    167 35818.631    91930.631    36341.324
474  mtMet+R3      17501.686    169 35341.371    92801.371    35870.324
475  mtMet+R4      17394.541    171 35131.081    93955.081    35666.294
476  mtMet+R5      17382.173    173 35110.346    95314.346    35651.818
477  mtMet+R6      17367.089    175 35084.178    96684.178    35631.911
478  mtMet+R7      17349.943    177 35053.887    98065.887    35607.879
479  mtMet+R8      17349.935    179 35057.870    99497.870    35618.122
482  mtMet+F       18247.407    184 36862.815    104942.815   37438.716
483  mtMet+F+I     17916.242    185 36202.483    105022.483   36781.515
484  mtMet+F+G4    16732.993    185 33835.986    102655.986   34415.017
485  mtMet+F+I+G4  16715.861    186 33803.722    103367.722   34385.883
486  mtMet+F+R2    17010.721    186 34393.442    103957.442   34975.603
487  mtMet+F+R3    16785.880    188 33947.759    105011.759   34536.180
488  mtMet+F+R4    16718.386    190 33816.772    106396.772   34411.453
489  mtMet+F+R5    16703.871    192 33791.741    107903.741   34392.682
490  mtMet+F+R6    16692.505    194 33773.009    109433.009   34380.210
491  mtMet+F+R7    16681.451    196 33754.902    110978.902   34368.363
492  mtMet+F+R8    16681.447    198 33758.893    112562.893   34378.613
495  mtVer         19685.707    165 39701.414    57961.414    40217.847
496  mtVer+I       19374.832    166 39081.665    66803.665    39601.228
497  mtVer+G4      17648.409    166 35628.817    63350.817    36148.380
498  mtVer+I+G4    17638.826    167 35611.653    91723.653    36134.346
499  mtVer+R2      17997.218    167 36328.437    92440.437    36851.130
500  mtVer+R3      17755.277    169 35848.555    93308.555    36377.508
501  mtVer+R4      17656.964    171 35655.928    94479.928    36191.141
502  mtVer+R5      17640.398    173 35626.795    95830.795    36168.268
503  mtVer+R6      17621.710    175 35593.419    97193.419    36141.152
504  mtVer+R7      17609.875    177 35573.750    98585.750    36127.742
505  mtVer+R8      17609.875    179 35577.749    100017.749   36138.001
508  mtVer+F       18670.957    184 37709.913    105789.913   38285.815
509  mtVer+F+I     18288.117    185 36946.235    105766.235   37525.266
510  mtVer+F+G4    17034.149    185 34438.297    103258.297   35017.328
511  mtVer+F+I+G4  17010.461    186 34392.922    103956.922   34975.083
512  mtVer+F+R2    17331.752    186 35035.504    104599.504   35617.665
513  mtVer+F+R3    17080.386    188 34536.773    105600.773   35125.194
514  mtVer+F+R4    17018.684    190 34417.368    106997.368   35012.049
515  mtVer+F+R5    17003.475    192 34390.950    108502.950   34991.890
516  mtVer+F+R6    16995.833    194 34379.667    110039.667   34986.867
517  mtVer+F+R7    16979.047    196 34350.094    111574.094   34963.554
518  mtVer+F+R8    16979.044    198 34354.087    113158.087   34973.807
521  mtInv         19056.583    165 38443.166    56703.166    38959.600
522  mtInv+I       18748.848    166 37829.697    65551.697    38349.260
523  mtInv+G4      17428.973    166 35189.945    62911.945    35709.509
524  mtInv+I+G4    17417.530    167 35169.060    91281.060    35691.753
525  mtInv+R2      17723.684    167 35781.368    91893.368    36304.061
526  mtInv+R3      17507.361    169 35352.722    92812.722    35881.675
527  mtInv+R4      17410.777    171 35163.554    93987.554    35698.766
528  mtInv+R5      17393.363    173 35132.727    95336.727    35674.199
529  mtInv+R6      17390.519    175 35131.039    96731.039    35678.771
534  mtInv+F       17962.746    184 36293.492    104373.492   36869.393
535  mtInv+F+I     17637.484    185 35644.968    104464.968   36224.000
536  mtInv+F+G4    16602.670    185 33575.340    102395.340   34154.372
537  mtInv+F+I+G4  16584.665    186 33541.330    103105.330   34123.492
538  mtInv+F+R2    16864.931    186 34101.862    103665.862   34684.023
539  mtInv+F+R3    16645.059    188 33666.117    104730.117   34254.538
540  mtInv+F+R4    16583.527    190 33547.055    106127.055   34141.736
541  mtInv+F+R5    16560.226    192 33504.452    107616.452   34105.392
542  mtInv+F+R6    16555.995    194 33499.990    109159.990   34107.190
Akaike Information Criterion:           LG+R6
Corrected Akaike Information Criterion: WAG
Bayesian Information Criterion:         LG+R5
Best-fit model: LG+R5 chosen according to BIC

All model information printed to K06928.blastp_ALL.outfmt6.parsed.filtered.uniq.faa.mafft.aln.trimal1.model.gz
CPU time for ModelFinder: 1335.698 seconds (0h:22m:15s)
Wall-clock time for ModelFinder: 431.395 seconds (0h:7m:11s)
Generating 2000 samples for ultrafast bootstrap (seed: 694031)...

NOTE: 13 MB RAM (0 GB) is required!
Measuring multi-threading efficiency up to 2 CPU cores
Increase to 10 rounds for branch lengths
6 trees examined
Threads: 1 / Time: 2.127 sec / Speedup: 1.000 / Efficiency: 100% / LogL: -20035
Threads: 2 / Time: 2.093 sec / Speedup: 1.016 / Efficiency: 51% / LogL: -20035
BEST NUMBER OF THREADS: 1

Estimate model parameters (epsilon = 0.100)
1. Initial log-likelihood: -16249.410
2. Current log-likelihood: -16231.744
3. Current log-likelihood: -16225.550
4. Current log-likelihood: -16222.145
5. Current log-likelihood: -16219.469
6. Current log-likelihood: -16217.287
7. Current log-likelihood: -16215.398
8. Current log-likelihood: -16213.723
9. Current log-likelihood: -16212.225
10. Current log-likelihood: -16210.870
11. Current log-likelihood: -16209.630
12. Current log-likelihood: -16208.734
13. Current log-likelihood: -16208.184
14. Current log-likelihood: -16207.867
15. Current log-likelihood: -16207.707
16. Current log-likelihood: -16207.510
17. Current log-likelihood: -16207.378
18. Current log-likelihood: -16207.217
Optimal log-likelihood: -16207.103
Site proportion and rates:  (0.183,0.060) (0.096,0.289) (0.263,0.603) (0.214,1.290) (0.244,2.157)
Parameters optimization took 18 rounds (9.202 sec)
Computing ML distances based on estimated model parameters... 2.846 sec
Computing BIONJ tree...
0.004 seconds
Log-likelihood of BIONJ tree: -16131.728
--------------------------------------------------------------------
|             INITIALIZING CANDIDATE TREE SET                      |
--------------------------------------------------------------------
Generating 98 parsimony trees... 2.129 second
Computing log-likelihood of 98 initial trees ... 13.992 seconds
Current best score: -16118.318

Do NNI search on 20 best initial trees
Estimate model parameters (epsilon = 0.100)
BETTER TREE FOUND at iteration 1: -16055.121
Estimate model parameters (epsilon = 0.100)
BETTER TREE FOUND at iteration 8: -16045.710
Iteration 10 / LogL: -16052.132 / Time: 0h:1m:12s
Iteration 20 / LogL: -16076.457 / Time: 0h:1m:25s
Finish initializing candidate tree set (20)
Current best tree score: -16045.710 / CPU time: 69.031
Number of iterations: 20
--------------------------------------------------------------------
|               OPTIMIZING CANDIDATE TREE SET                      |
--------------------------------------------------------------------
Estimate model parameters (epsilon = 0.100)
BETTER TREE FOUND at iteration 26: -16044.205
Estimate model parameters (epsilon = 0.100)
BETTER TREE FOUND at iteration 28: -16043.098
Iteration 30 / LogL: -16044.806 / Time: 0h:1m:36s (0h:5m:27s left)
Estimate model parameters (epsilon = 0.100)
BETTER TREE FOUND at iteration 32: -16037.765
Estimate model parameters (epsilon = 0.100)
BETTER TREE FOUND at iteration 34: -16036.125
BETTER TREE FOUND at iteration 39: -16036.124
Iteration 40 / LogL: -16046.827 / Time: 0h:1m:47s (0h:4m:34s left)
Estimate model parameters (epsilon = 0.100)
BETTER TREE FOUND at iteration 48: -16035.266
Iteration 50 / LogL: -16044.146 / Time: 0h:1m:58s (0h:3m:56s left)
Log-likelihood cutoff on original alignment: -16113.866
Iteration 60 / LogL: -16046.011 / Time: 0h:2m:8s (0h:3m:11s left)
Iteration 70 / LogL: -16035.366 / Time: 0h:2m:17s (0h:2m:35s left)
Estimate model parameters (epsilon = 0.100)
BETTER TREE FOUND at iteration 73: -16034.502
Iteration 80 / LogL: -16036.524 / Time: 0h:2m:29s (0h:2m:55s left)
Estimate model parameters (epsilon = 0.100)
BETTER TREE FOUND at iteration 87: -16032.993
Iteration 90 / LogL: -16042.590 / Time: 0h:2m:42s (0h:2m:57s left)
Iteration 100 / LogL: -16035.756 / Time: 0h:2m:52s (0h:2m:31s left)
Log-likelihood cutoff on original alignment: -16113.866
NOTE: Bootstrap correlation coefficient of split occurrence frequencies: 0.992
Estimate model parameters (epsilon = 0.100)
BETTER TREE FOUND at iteration 104: -16032.471
Iteration 110 / LogL: -16038.804 / Time: 0h:3m:2s (0h:2m:37s left)
Iteration 120 / LogL: -16037.251 / Time: 0h:3m:12s (0h:2m:15s left)
Iteration 130 / LogL: -16034.739 / Time: 0h:3m:21s (0h:1m:55s left)
Iteration 140 / LogL: -16033.582 / Time: 0h:3m:30s (0h:1m:37s left)
Iteration 150 / LogL: -16037.750 / Time: 0h:3m:39s (0h:1m:19s left)
Log-likelihood cutoff on original alignment: -16113.866
Estimate model parameters (epsilon = 0.100)
BETTER TREE FOUND at iteration 160: -16031.847
Iteration 160 / LogL: -16031.847 / Time: 0h:3m:50s (0h:2m:25s left)
Iteration 170 / LogL: -16039.534 / Time: 0h:3m:59s (0h:2m:7s left)
Iteration 180 / LogL: -16035.808 / Time: 0h:4m:8s (0h:1m:51s left)
Iteration 190 / LogL: -16031.865 / Time: 0h:4m:18s (0h:1m:35s left)
Iteration 200 / LogL: -16032.218 / Time: 0h:4m:27s (0h:1m:20s left)
Log-likelihood cutoff on original alignment: -16113.866
NOTE: Bootstrap correlation coefficient of split occurrence frequencies: 0.990
Iteration 210 / LogL: -16034.477 / Time: 0h:4m:37s (0h:1m:59s left)
Iteration 220 / LogL: -16035.881 / Time: 0h:4m:54s (0h:1m:47s left)
Iteration 230 / LogL: -16035.789 / Time: 0h:5m:4s (0h:1m:33s left)
Iteration 240 / LogL: -16041.628 / Time: 0h:5m:13s (0h:1m:18s left)
Iteration 250 / LogL: -16035.061 / Time: 0h:5m:28s (0h:1m:5s left)
Log-likelihood cutoff on original alignment: -16113.866
Iteration 260 / LogL: -16032.080 / Time: 0h:5m:38s (0h:0m:52s left)
TREE SEARCH COMPLETED AFTER 261 ITERATIONS / Time: 0h:5m:39s

--------------------------------------------------------------------
|                    FINALIZING TREE SEARCH                        |
--------------------------------------------------------------------
Performs final model parameters optimization
Estimate model parameters (epsilon = 0.010)
1. Initial log-likelihood: -16031.847
2. Current log-likelihood: -16031.833
3. Current log-likelihood: -16031.820
4. Current log-likelihood: -16031.808
5. Current log-likelihood: -16031.796
6. Current log-likelihood: -16031.784
7. Current log-likelihood: -16031.773
8. Current log-likelihood: -16031.763
Optimal log-likelihood: -16031.747
Site proportion and rates:  (0.187,0.039) (0.108,0.314) (0.271,0.633) (0.281,1.412) (0.152,2.560)
Parameters optimization took 8 rounds (3.480 sec)
BEST SCORE FOUND : -16031.747
Creating bootstrap support values...
Split supports printed to NEXUS file K06928.blastp_ALL.outfmt6.parsed.filtered.uniq.faa.mafft.aln.trimal1.splits.nex
Total tree length: 44.070

Total number of iterations: 261
CPU time used for tree search: 318.007 sec (0h:5m:18s)
Wall-clock time used for tree search: 323.184 sec (0h:5m:23s)
Total CPU time used: 341.000 sec (0h:5m:40s)
Total wall-clock time used: 343.710 sec (0h:5m:43s)

Computing bootstrap consensus tree...
Reading input file K06928.blastp_ALL.outfmt6.parsed.filtered.uniq.faa.mafft.aln.trimal1.splits.nex...
84 taxa and 1006 splits.
Consensus tree written to K06928.blastp_ALL.outfmt6.parsed.filtered.uniq.faa.mafft.aln.trimal1.contree
Reading input trees file K06928.blastp_ALL.outfmt6.parsed.filtered.uniq.faa.mafft.aln.trimal1.contree
Log-likelihood of consensus tree: -16032.359

Analysis results written to: 
  IQ-TREE report:                K06928.blastp_ALL.outfmt6.parsed.filtered.uniq.faa.mafft.aln.trimal1.iqtree
  Maximum-likelihood tree:       K06928.blastp_ALL.outfmt6.parsed.filtered.uniq.faa.mafft.aln.trimal1.treefile
  Likelihood distances:          K06928.blastp_ALL.outfmt6.parsed.filtered.uniq.faa.mafft.aln.trimal1.mldist

Ultrafast bootstrap approximation results written to:
  Split support values:          K06928.blastp_ALL.outfmt6.parsed.filtered.uniq.faa.mafft.aln.trimal1.splits.nex
  Consensus tree:                K06928.blastp_ALL.outfmt6.parsed.filtered.uniq.faa.mafft.aln.trimal1.contree
  Screen log file:               K06928.blastp_ALL.outfmt6.parsed.filtered.uniq.faa.mafft.aln.trimal1.log

Date and Time: Thu Sep  9 00:00:53 2021
