IQ-TREE multicore version 1.6.12 for Linux 64-bit built Aug 15 2019
Developed by Bui Quang Minh, Nguyen Lam Tung, Olga Chernomor,
Heiko Schmidt, Dominik Schrempf, Michael Woodhams.

Host:    coral (AVX512, FMA3, 376 GB RAM)
Command: /home/timothy/programs/iqtree-1.6.12-Linux/bin/iqtree -s K09019.blastp_ALL.outfmt6.parsed.filtered.uniq.faa.mafft.aln -nt AUTO -ntmax 2 -m MFP -bb 2000 -quiet
Seed:    137255 (Using SPRNG - Scalable Parallel Random Number Generator)
Time:    Wed May 26 07:10:16 2021
Kernel:  AVX+FMA - auto-detect threads (96 CPU cores detected)

Reading alignment file K09019.blastp_ALL.outfmt6.parsed.filtered.uniq.faa.mafft.aln ... Fasta format detected
Alignment most likely contains protein sequences
Alignment has 51 sequences with 500 columns, 436 distinct patterns
211 parsimony-informative, 164 singleton sites, 125 constant sites
                                                                                                                                   Gap/Ambiguity  Composition  p-value
   1  Archaea-Euryarchaeota-Methanomicrobia-Methanosarcinales-Methanosarcinaceae-Methanimicrococcus_blatticola_WP_133517548.1             61.20%    failed      1.66%
   2  Archaea-Thaumarchaeota-NA-Nitrosopumilales-Nitrosopumilaceae-Candidatus_Nitrosopumilus_sp._NM25_WP_109876415.1                      60.20%    failed      1.99%
   3  Archaea-Thaumarchaeota-NA-Nitrosopumilales-Nitrosopumilaceae-Nitrosarchaeum_koreense_WP_007549750.1                                 60.20%    failed      1.34%
   4  Archaea-Thaumarchaeota-NA-Nitrosopumilales-Nitrosopumilaceae-Nitrosopumilus_adriaticus_WP_048117657.1                               60.20%    failed      0.01%
   5  Bacteria-Actinobacteria-Actinobacteria-Micrococcales-Microbacteriaceae-Chitinimonas_sp._R344_WP_144279340.1                         60.80%    passed     95.04%
   6  Bacteria-Actinobacteria-Actinobacteria-Propionibacteriales-Nocardioidaceae-Aeromicrobium_sp._9W16Y2_WP_121795252.1                  59.40%    passed     80.05%
   7  Bacteria-Actinobacteria-Actinobacteria-Pseudonocardiales-Pseudonocardiaceae-Amycolatopsis_halophila_WP_034270661.1                  59.20%    passed     47.27%
   8  Bacteria-Actinobacteria-Actinobacteria-Streptosporangiales-Nocardiopsaceae-Nocardiopsis_sp._TSRI0078_WP_073704081.1                 59.80%    passed     31.75%
   9  Bacteria-Cyanobacteria-NA-Nostocales-Nostocaceae-Nostoc_sp._RF31YmG_WP_086832899.1                                                  60.80%    passed     96.02%
  10  Bacteria-Firmicutes-Bacilli-Bacillales-Bacillaceae-Bacillus_sp._SRB_336_WP_113728720.1                                              60.60%    passed    100.00%
  11  Bacteria-NA-NA-NA-NA-Bathymodiolus_heckerae_thiotrophic_gill_symbiont_WP_138145842.1                                                61.40%    passed     51.67%
  12  Bacteria-NA-NA-NA-NA-NA_WP_001001196.1                                                                                              60.80%    passed     72.83%
  13  Bacteria-NA-NA-NA-NA-thiotrophic_endosymbiont_of_Bathymodiolus_puteoserpentis_Logatchev_WP_139682839.1                              61.40%    passed     17.65%
  14  Bacteria-Planctomycetes-Planctomycetia-Planctomycetales-Gemmataceae-Fimbriiglobus_ruber_WP_088252245.1                              59.80%    passed     83.98%
  15  Bacteria-Planctomycetes-Planctomycetia-Planctomycetales-Gemmataceae-Zavarzinella_formosa_WP_020471762.1                             60.60%    passed     57.66%
  16  Bacteria-Planctomycetes-Planctomycetia-Planctomycetales-Isosphaeraceae-Aquisphaera_giovannonii_WP_148595457.1                       59.80%    passed     71.34%
  17  Bacteria-Proteobacteria-Alphaproteobacteria-Rhizobiales-Hyphomicrobiaceae-Dichotomicrobium_thermohalophilum_WP_119060273.1          60.60%    passed     45.39%
  18  Bacteria-Proteobacteria-Alphaproteobacteria-Rhizobiales-Hyphomicrobiaceae-Hyphomicrobium_sp._CS1BSMeth3_WP_072391567.1              60.60%    passed     93.95%
  19  Bacteria-Proteobacteria-Alphaproteobacteria-Rhizobiales-Hyphomicrobiaceae-NA_WP_046478220.1                                         60.40%    passed     91.18%
  20  Bacteria-Proteobacteria-Alphaproteobacteria-Rhizobiales-Methylocystaceae-NA_WP_003613130.1                                          59.40%    passed     90.44%
  21  Bacteria-Proteobacteria-Alphaproteobacteria-Rhizobiales-NA-Methyloceanibacter_superfactus_WP_069440680.1                            60.80%    passed     54.48%
  22  Bacteria-Proteobacteria-Alphaproteobacteria-Rhodospirillales-Acetobacteraceae-Acidibrevibacterium_fodinaquatile_WP_114911537.1      61.20%    passed     95.19%
  23  Bacteria-Proteobacteria-Alphaproteobacteria-Rhodospirillales-Acetobacteraceae-NA_WP_007423328.1                                     61.20%    passed     99.35%
  24  Bacteria-Proteobacteria-Alphaproteobacteria-Rhodospirillales-Acetobacteraceae-Roseomonas_rosea_WP_073139848.1                       59.40%    passed     51.82%
  25  Bacteria-Proteobacteria-Betaproteobacteria-Burkholderiales-Burkholderiaceae-Burkholderia_seminalis_WP_059557610.1                   61.00%    passed     90.97%
  26  Bacteria-Proteobacteria-Betaproteobacteria-Burkholderiales-Burkholderiaceae-Burkholderia_sp._lig30_WP_038714490.1                   61.20%    passed     72.68%
  27  Bacteria-Proteobacteria-Betaproteobacteria-Burkholderiales-Burkholderiaceae-NA_WP_034189948.1                                       61.00%    passed     95.60%
  28  Bacteria-Proteobacteria-Betaproteobacteria-Burkholderiales-Burkholderiaceae-NA_WP_059514472.1                                       61.00%    passed     75.53%
  29  Bacteria-Proteobacteria-Betaproteobacteria-Burkholderiales-Burkholderiaceae-Paraburkholderia_sp._7MK82_WP_121281055.1               61.20%    passed     99.98%
  30  Bacteria-Proteobacteria-Betaproteobacteria-Burkholderiales-Comamonadaceae-NA_WP_093306936.1                                         60.40%    passed     83.41%
  31  Bacteria-Proteobacteria-Betaproteobacteria-Burkholderiales-Comamonadaceae-Variovorax_sp._YR266_WP_093178492.1                       60.00%    passed     75.00%
  32  Bacteria-Proteobacteria-Betaproteobacteria-Neisseriales-Chromobacteriaceae-Andreprevotia_chitinilytica_WP_035060087.1               60.40%    passed     99.97%
  33  Bacteria-Proteobacteria-Deltaproteobacteria-Myxococcales-Polyangiaceae-Polyangium_fumosum_WP_136929714.1                            60.80%    passed     93.60%
  34  Bacteria-Proteobacteria-Gammaproteobacteria-Enterobacterales-Enterobacteriaceae-Escherichia_coli_WP_089588838.1                     60.80%    passed     70.24%
  35  Bacteria-Proteobacteria-Gammaproteobacteria-Enterobacterales-Enterobacteriaceae-NA_WP_063407985.1                                   60.80%    passed     93.85%
  36  Bacteria-Proteobacteria-Gammaproteobacteria-Enterobacterales-Erwiniaceae-Pantoea_sp._A4_WP_017349352.1                              60.80%    passed     82.97%
  37  Bacteria-Proteobacteria-Gammaproteobacteria-Oceanospirillales-Halomonadaceae-Halomonas_sp._KM1_WP_010626365.1                       60.40%    passed     78.12%
  38  Bacteria-Proteobacteria-Gammaproteobacteria-Xanthomonadales-Rhodanobacteraceae-Luteibacter_rhizovicinus_WP_063573225.1              60.60%    passed     98.65%
  39  Bacteria-Verrucomicrobia-NA-NA-NA-Verrucomicrobia_bacterium_LP2A_WP_051460505.1                                                     59.00%    passed     92.92%
  40  Eukaryota-Arthropoda-Insecta-Diptera-Drosophilidae-Drosophila_eugracilis_XP_017082093.1                                             61.40%    passed     14.92%
  41  Eukaryota-Arthropoda-Insecta-Diptera-Drosophilidae-Drosophila_serrata_XP_020804131.1                                                61.40%    passed     95.83%
  42  Eukaryota-Cercozoa-NA-Euglyphida-Paulinellidae-Paulinella_chromatophora_scaffold6875-size1609_m.56608                               18.00%    passed     53.34%
  43  Eukaryota-Chordata-Actinopteri-Salmoniformes-Salmonidae-Oncorhynchus_tshawytscha_XP_024267368.1                                     60.80%    passed     75.75%
  44  Eukaryota-Chordata-Mammalia-Chiroptera-Hipposideridae-Hipposideros_armiger_XP_019490633.1                                           60.00%    passed      8.27%
  45  Eukaryota-Haptophyta-NA-Pavlovales-Pavlovaceae-Pavlova_sp_MMETSP1140_c7671_g1_i1.p1                                                 44.20%    failed      2.19%
  46  Eukaryota-Haptophyta-NA-Prymnesiales-NA-Chrysoculter_rhomboideus_MMETSP1335_c15073_g1_i1.p1                                         47.20%    failed      2.50%
  47  Eukaryota-Stramenopiles-Coscinodiscophyceae-Thalassiosirales-Thalassiosiraceae-Thalassiosira_miniscula_MMETSP0738_c10251_g1_i1.p1   65.60%    passed     50.85%
  48  Eukaryota-Stramenopiles-NA-NA-NA-Chrysoreinhardia_sp_MMETSP1164_c15885_g1_i1.p1                                                     46.60%    failed      0.14%
  49  Eukaryota-Stramenopiles-Oomycetes-Peronosporales-Peronosporaceae-Phytophthora_capsici_jgi28094                                      60.80%    passed     94.04%
  50  MSTRG.16785.1.p1                                                                                                                    31.00%    passed     28.37%
  51  MSTRG.19878.1.p1                                                                                                                    55.80%    passed     84.68%
WARNING: 46 sequences contain more than 50% gaps/ambiguity
****  TOTAL                                                                                                                               58.27%  7 sequences failed composition chi2 test (p-value<5%; df=19)


Create initial parsimony tree by phylogenetic likelihood library (PLL)... 0.021 seconds
NOTE: ModelFinder requires 39 MB RAM!
ModelFinder will test 546 protein models (sample size: 500) ...
 No. Model         -LnL         df  AIC          AICc         BIC
Measuring multi-threading efficiency up to 2 CPU cores
Increase to 10 rounds for branch lengths
12 trees examined
Threads: 1 / Time: 2.131 sec / Speedup: 1.000 / Efficiency: 100% / LogL: -18489
Threads: 2 / Time: 1.218 sec / Speedup: 1.749 / Efficiency: 87% / LogL: -18489
BEST NUMBER OF THREADS: 2

  1  Dayhoff       14824.276    99  29846.551    29896.051    30263.797
  2  Dayhoff+I     14765.785    100 29731.571    29782.198    30153.032
  3  Dayhoff+G4    14319.152    100 28838.303    28888.930    29259.764
  4  Dayhoff+I+G4  14313.145    101 28828.290    28880.058    29253.965
  5  Dayhoff+R2    14408.009    101 29018.019    29069.788    29443.694
  6  Dayhoff+R3    14331.884    103 28869.768    28923.869    29303.873
  7  Dayhoff+R4    14305.736    105 28821.472    28877.969    29264.006
  8  Dayhoff+R5    14302.308    107 28818.616    28877.576    29269.580
 14  Dayhoff+F     14775.742    118 29787.483    29861.194    30284.807
 15  Dayhoff+F+I   14715.539    119 29669.078    29744.236    30170.617
 16  Dayhoff+F+G4  14274.576    119 28787.152    28862.310    29288.691
 17  Dayhoff+F+I+G4 14268.361    120 28776.722    28853.345    29282.475
 18  Dayhoff+F+R2  14353.828    120 28947.656    29024.278    29453.409
 19  Dayhoff+F+R3  14280.286    122 28804.572    28884.179    29318.754
 20  Dayhoff+F+R4  14259.384    124 28766.768    28849.435    29289.380
 21  Dayhoff+F+R5  14256.295    126 28764.589    28850.391    29295.630
 27  mtMAM         16807.017    99  33812.034    33861.534    34229.280
 28  mtMAM+I       16764.529    100 33729.057    33779.684    34150.518
 29  mtMAM+G4      15609.161    100 31418.322    31468.949    31839.783
 30  mtMAM+I+G4    15607.297    101 31416.594    31468.363    31842.270
 31  mtMAM+R2      15854.409    101 31910.817    31962.586    32336.493
 32  mtMAM+R3      15663.161    103 31532.322    31586.423    31966.427
 33  mtMAM+R4      15613.854    105 31437.707    31494.205    31880.241
 34  mtMAM+R5      15604.222    107 31422.444    31481.403    31873.407
 35  mtMAM+R6      15591.428    109 31400.857    31462.344    31860.249
 36  mtMAM+R7      15588.597    111 31399.194    31463.276    31867.015
 40  mtMAM+F       15846.009    118 31928.017    32001.729    32425.341
 41  mtMAM+F+I     15793.935    119 31825.870    31901.028    32327.408
 42  mtMAM+F+G4    14927.299    119 30092.599    30167.756    30594.137
 43  mtMAM+F+I+G4  14926.189    120 30092.377    30169.000    30598.130
 44  mtMAM+F+R2    15059.715    120 30359.430    30436.053    30865.183
 45  mtMAM+F+R3    14951.713    122 30147.426    30227.034    30661.609
 46  mtMAM+F+R4    14922.909    124 30093.818    30176.485    30616.429
 47  mtMAM+F+R5    14911.700    126 30075.399    30161.201    30606.440
 48  mtMAM+F+R6    14902.541    128 30061.082    30150.095    30600.552
 49  mtMAM+F+R7    14900.714    130 30061.429    30153.732    30609.328
 53  JTT           14785.927    99  29769.855    29819.355    30187.101
 54  JTT+I         14735.241    100 29670.482    29721.108    30091.943
 55  JTT+G4        14298.673    100 28797.346    28847.973    29218.807
 56  JTT+I+G4      14294.994    101 28791.989    28843.758    29217.664
 57  JTT+R2        14371.341    101 28944.682    28996.451    29370.358
 58  JTT+R3        14297.176    103 28800.352    28854.453    29234.457
 59  JTT+R4        14282.837    105 28775.673    28832.171    29218.207
 60  JTT+R5        14281.718    107 28777.436    28836.395    29228.399
 66  JTT+F         14769.268    118 29774.537    29848.248    30271.861
 67  JTT+F+I       14716.239    119 29670.478    29745.636    30172.017
 68  JTT+F+G4      14279.650    119 28797.301    28872.459    29298.839
 69  JTT+F+I+G4    14275.814    120 28791.627    28868.250    29297.380
 70  JTT+F+R2      14349.211    120 28938.422    29015.044    29444.175
 71  JTT+F+R3      14276.957    122 28797.915    28877.522    29312.097
 72  JTT+F+R4      14263.922    124 28775.843    28858.510    29298.455
 73  JTT+F+R5      14261.749    126 28775.498    28861.299    29306.538
 79  WAG           14535.509    99  29269.019    29318.519    29686.265
 80  WAG+I         14493.964    100 29187.928    29238.554    29609.389
 81  WAG+G4        14129.858    100 28459.716    28510.342    28881.176
 82  WAG+I+G4      14125.958    101 28453.916    28505.685    28879.591
 83  WAG+R2        14183.544    101 28569.087    28620.856    28994.763
 84  WAG+R3        14123.470    103 28452.940    28507.041    28887.044
 85  WAG+R4        14112.802    105 28435.605    28492.102    28878.139
 86  WAG+R5        14111.791    107 28437.582    28496.541    28888.545
 92  WAG+F         14500.825    118 29237.649    29311.360    29734.973
 93  WAG+F+I       14459.367    119 29156.735    29231.893    29658.273
 94  WAG+F+G4      14105.162    119 28448.324    28523.482    28949.863
 95  WAG+F+I+G4    14101.397    120 28442.794    28519.417    28948.547
 96  WAG+F+R2      14158.016    120 28556.032    28632.654    29061.785
 97  WAG+F+R3      14096.088    122 28436.175    28515.783    28950.358
 98  WAG+F+R4      14089.189    124 28426.379    28509.045    28948.990
 99  WAG+F+R5      14086.888    126 28425.776    28511.578    28956.817
105  cpREV         14801.354    99  29800.708    29850.208    30217.954
106  cpREV+I       14763.549    100 29727.098    29777.725    30148.559
107  cpREV+G4      14346.017    100 28892.034    28942.661    29313.495
108  cpREV+I+G4    14343.111    101 28888.222    28939.991    29313.898
109  cpREV+R2      14408.053    101 29018.107    29069.876    29443.782
110  cpREV+R3      14352.125    103 28910.250    28964.351    29344.354
111  cpREV+R4      14328.541    105 28867.081    28923.579    29309.615
112  cpREV+R5      14327.074    107 28868.147    28927.107    29319.111
118  cpREV+F       14691.762    118 29619.524    29693.235    30116.848
119  cpREV+F+I     14647.123    119 29532.247    29607.405    30033.785
120  cpREV+F+G4    14236.230    119 28710.461    28785.618    29211.999
121  cpREV+F+I+G4  14232.614    120 28705.227    28781.850    29210.980
122  cpREV+F+R2    14304.887    120 28849.774    28926.396    29355.527
123  cpREV+F+R3    14242.430    122 28728.860    28808.467    29243.042
124  cpREV+F+R4    14218.035    124 28684.070    28766.736    29206.681
125  cpREV+F+R5    14216.272    126 28684.543    28770.345    29215.584
131  mtREV         15893.060    99  31984.120    32033.620    32401.366
132  mtREV+I       15855.288    100 31910.577    31961.203    32332.037
133  mtREV+G4      15145.161    100 30490.323    30540.949    30911.783
134  mtREV+I+G4    15143.166    101 30488.332    30540.100    30914.007
135  mtREV+R2      15256.690    101 30715.380    30767.149    31141.056
136  mtREV+R3      15156.981    103 30519.962    30574.063    30954.067
137  mtREV+R4      15133.943    105 30477.886    30534.384    30920.420
138  mtREV+R5      15130.304    107 30474.608    30533.567    30925.571
144  mtREV+F       15096.037    118 30428.074    30501.785    30925.398
145  mtREV+F+I     15047.786    119 30333.572    30408.730    30835.110
146  mtREV+F+G4    14501.311    119 29240.621    29315.779    29742.160
147  mtREV+F+I+G4  14497.040    120 29234.079    29310.702    29739.832
148  mtREV+F+R2    14585.963    120 29411.926    29488.548    29917.679
149  mtREV+F+R3    14504.540    122 29253.080    29332.688    29767.263
150  mtREV+F+R4    14479.516    124 29207.031    29289.698    29729.643
151  mtREV+F+R5    14475.141    126 29202.283    29288.085    29733.324
157  rtREV         14728.332    99  29654.665    29704.165    30071.911
158  rtREV+I       14695.405    100 29590.809    29641.436    30012.270
159  rtREV+G4      14260.665    100 28721.329    28771.956    29142.790
160  rtREV+I+G4    14258.861    101 28719.722    28771.491    29145.397
161  rtREV+R2      14330.426    101 28862.852    28914.621    29288.527
162  rtREV+R3      14258.146    103 28722.292    28776.393    29156.397
163  rtREV+R4      14244.305    105 28698.611    28755.108    29141.145
164  rtREV+R5      14243.872    107 28701.745    28760.704    29152.708
170  rtREV+F       14591.685    118 29419.370    29493.082    29916.694
171  rtREV+F+I     14552.923    119 29343.847    29419.005    29845.385
172  rtREV+F+G4    14128.264    119 28494.528    28569.686    28996.067
173  rtREV+F+I+G4  14125.471    120 28490.942    28567.565    28996.695
174  rtREV+F+R2    14193.974    120 28627.947    28704.570    29133.700
175  rtREV+F+R3    14122.559    122 28489.118    28568.726    29003.300
176  rtREV+F+R4    14110.953    124 28469.905    28552.572    28992.517
177  rtREV+F+R5    14108.346    126 28468.691    28554.493    28999.732
183  mtART         16577.614    99  33353.228    33402.728    33770.475
184  mtART+I       16524.176    100 33248.351    33298.978    33669.812
185  mtART+G4      15398.895    100 30997.790    31048.417    31419.251
186  mtART+I+G4    15396.175    101 30994.351    31046.120    31420.026
187  mtART+R2      15602.985    101 31407.969    31459.738    31833.645
188  mtART+R3      15419.079    103 31044.158    31098.259    31478.262
189  mtART+R4      15389.391    105 30988.782    31045.279    31431.316
190  mtART+R5      15381.682    107 30977.365    31036.324    31428.328
191  mtART+R6      15369.108    109 30956.216    31017.704    31415.609
192  mtART+R7      15366.568    111 30955.137    31019.219    31422.958
196  mtART+F       15584.248    118 31404.497    31478.208    31901.821
197  mtART+F+I     15523.151    119 31284.302    31359.460    31785.840
198  mtART+F+G4    14671.409    119 29580.818    29655.975    30082.356
199  mtART+F+I+G4  14670.416    120 29580.832    29657.454    30086.584
200  mtART+F+R2    14776.067    120 29792.133    29868.756    30297.886
201  mtART+F+R3    14686.712    122 29617.424    29697.031    30131.606
202  mtART+F+R4    14662.021    124 29572.043    29654.709    30094.654
203  mtART+F+R5    14649.194    126 29550.388    29636.189    30081.428
204  mtART+F+R6    14636.698    128 29529.395    29618.409    30068.865
205  mtART+F+R7    14634.171    130 29528.341    29620.645    30076.240
209  mtZOA         15865.477    99  31928.955    31978.455    32346.201
210  mtZOA+I       15809.792    100 31819.583    31870.210    32241.044
211  mtZOA+G4      14915.113    100 30030.227    30080.853    30451.687
212  mtZOA+I+G4    14912.141    101 30026.281    30078.050    30451.957
213  mtZOA+R2      15033.627    101 30269.255    30321.023    30694.930
214  mtZOA+R3      14917.628    103 30041.256    30095.357    30475.361
215  mtZOA+R4      14903.976    105 30017.952    30074.449    30460.486
216  mtZOA+R5      14897.050    107 30008.100    30067.059    30459.063
217  mtZOA+R6      14888.018    109 29994.035    30055.522    30453.427
218  mtZOA+R7      14886.495    111 29994.990    30059.072    30462.811
222  mtZOA+F       15164.755    118 30565.511    30639.222    31062.834
223  mtZOA+F+I     15099.435    119 30436.870    30512.028    30938.408
224  mtZOA+F+G4    14428.935    119 29095.871    29171.029    29597.409
225  mtZOA+F+I+G4  14425.314    120 29090.628    29167.251    29596.381
226  mtZOA+F+R2    14517.526    120 29275.052    29351.675    29780.805
227  mtZOA+F+R3    14439.774    122 29123.548    29203.156    29637.731
228  mtZOA+F+R4    14415.421    124 29078.841    29161.508    29601.453
229  mtZOA+F+R5    14409.112    126 29070.224    29156.026    29601.265
230  mtZOA+F+R6    14403.170    128 29062.339    29151.353    29601.809
235  VT            14570.930    99  29339.859    29389.359    29757.105
236  VT+I          14529.835    100 29259.669    29310.296    29681.130
237  VT+G4         14171.919    100 28543.838    28594.464    28965.298
238  VT+I+G4       14168.841    101 28539.681    28591.450    28965.357
239  VT+R2         14226.326    101 28654.652    28706.421    29080.328
240  VT+R3         14165.407    103 28536.815    28590.916    28970.919
241  VT+R4         14156.392    105 28522.784    28579.281    28965.318
242  VT+R5         14155.664    107 28525.328    28584.288    28976.291
248  VT+F          14532.810    118 29301.619    29375.331    29798.943
249  VT+F+I        14489.602    119 29217.204    29292.362    29718.743
250  VT+F+G4       14142.420    119 28522.839    28597.997    29024.377
251  VT+F+I+G4     14138.899    120 28517.799    28594.421    29023.552
252  VT+F+R2       14195.000    120 28630.000    28706.622    29135.753
253  VT+F+R3       14132.593    122 28509.186    28588.793    29023.368
254  VT+F+R4       14126.476    124 28500.953    28583.619    29023.564
261  LG            14563.156    99  29324.313    29373.813    29741.559
262  LG+I          14521.706    100 29243.413    29294.039    29664.874
263  LG+G4         14086.405    100 28372.811    28423.437    28794.271
264  LG+I+G4       14083.492    101 28368.984    28420.752    28794.659
265  LG+R2         14157.909    101 28517.818    28569.587    28943.493
266  LG+R3         14086.628    103 28379.256    28433.357    28813.361
267  LG+R4         14072.350    105 28354.699    28411.196    28797.233
268  LG+R5         14071.047    107 28356.094    28415.053    28807.057
274  LG+F          14518.068    118 29272.135    29345.847    29769.459
275  LG+F+I        14471.568    119 29181.135    29256.293    29682.674
276  LG+F+G4       14051.226    119 28340.452    28415.610    28841.990
277  LG+F+I+G4     14047.294    120 28334.588    28411.210    28840.341
278  LG+F+R2       14118.988    120 28477.976    28554.599    28983.729
279  LG+F+R3       14048.371    122 28340.743    28420.350    28854.925
280  LG+F+R4       14036.974    124 28321.949    28404.616    28844.560
281  LG+F+R5       14034.025    126 28320.049    28405.851    28851.090
287  DCMut         14822.833    99  29843.666    29893.166    30260.912
288  DCMut+I       14764.417    100 29728.834    29779.461    30150.295
289  DCMut+G4      14318.911    100 28837.822    28888.449    29259.283
290  DCMut+I+G4    14312.881    101 28827.763    28879.531    29253.438
291  DCMut+R2      14407.442    101 29016.884    29068.653    29442.559
292  DCMut+R3      14329.779    103 28865.557    28919.658    29299.662
293  DCMut+R4      14304.125    105 28818.249    28874.747    29260.783
294  DCMut+R5      14300.843    107 28815.685    28874.644    29266.648
300  DCMut+F       14774.302    118 29784.605    29858.316    30281.929
301  DCMut+F+I     14714.167    119 29666.335    29741.493    30167.873
302  DCMut+F+G4    14274.263    119 28786.527    28861.684    29288.065
303  DCMut+F+I+G4  14268.044    120 28776.088    28852.710    29281.841
304  DCMut+F+R2    14353.244    120 28946.489    29023.112    29452.242
305  DCMut+F+R3    14279.441    122 28802.883    28882.490    29317.065
306  DCMut+F+R4    14258.015    124 28764.030    28846.696    29286.641
307  DCMut+F+R5    14254.722    126 28761.443    28847.245    29292.484
313  PMB           14684.561    99  29567.121    29616.621    29984.367
314  PMB+I         14648.804    100 29497.609    29548.235    29919.070
315  PMB+G4        14275.000    100 28750.001    28800.627    29171.461
316  PMB+I+G4      14272.781    101 28747.562    28799.330    29173.237
317  PMB+R2        14329.232    101 28860.463    28912.232    29286.139
318  PMB+R3        14270.512    103 28747.024    28801.125    29181.128
319  PMB+R4        14260.083    105 28730.166    28786.663    29172.700
320  PMB+R5        14259.674    107 28733.347    28792.307    29184.310
326  PMB+F         14620.308    118 29476.617    29550.328    29973.941
327  PMB+F+I       14581.857    119 29401.715    29476.873    29903.253
328  PMB+F+G4      14223.380    119 28684.760    28759.918    29186.298
329  PMB+F+I+G4    14220.815    120 28681.630    28758.253    29187.383
330  PMB+F+R2      14276.660    120 28793.320    28869.943    29299.073
331  PMB+F+R3      14214.465    122 28672.929    28752.537    29187.112
332  PMB+F+R4      14208.112    124 28664.225    28746.891    29186.836
333  PMB+F+R5      14206.461    126 28664.922    28750.723    29195.962
339  HIVb          15460.504    99  31119.009    31168.509    31536.255
340  HIVb+I        15403.535    100 31007.070    31057.696    31428.531
341  HIVb+G4       14801.922    100 29803.844    29854.471    30225.305
342  HIVb+I+G4     14799.955    101 29801.910    29853.679    30227.586
343  HIVb+R2       14919.132    101 30040.263    30092.032    30465.939
344  HIVb+R3       14802.407    103 29810.814    29864.915    30244.918
345  HIVb+R4       14782.708    105 29775.417    29831.914    30217.950
346  HIVb+R5       14779.286    107 29772.572    29831.531    30223.535
352  HIVb+F        15359.549    118 30955.098    31028.809    31452.422
353  HIVb+F+I      15295.029    119 30828.058    30903.216    31329.596
354  HIVb+F+G4     14679.333    119 29596.665    29671.823    30098.204
355  HIVb+F+I+G4   14676.136    120 29592.272    29668.895    30098.025
356  HIVb+F+R2     14792.909    120 29825.818    29902.441    30331.571
357  HIVb+F+R3     14674.889    122 29593.777    29673.385    30107.960
358  HIVb+F+R4     14659.000    124 29566.001    29648.667    30088.612
359  HIVb+F+R5     14654.875    126 29561.749    29647.551    30092.790
365  HIVw          16204.929    99  32607.858    32657.358    33025.105
366  HIVw+I        16143.479    100 32486.957    32537.584    32908.418
367  HIVw+G4       15522.871    100 31245.742    31296.368    31667.202
368  HIVw+I+G4     15521.707    101 31245.414    31297.183    31671.089
369  HIVw+R2       15657.693    101 31517.385    31569.154    31943.061
370  HIVw+R3       15551.103    103 31308.205    31362.306    31742.310
371  HIVw+R4       15508.987    105 31227.974    31284.471    31670.508
372  HIVw+R5       15505.358    107 31224.715    31283.674    31675.678
378  HIVw+F        15758.273    118 31752.546    31826.257    32249.869
379  HIVw+F+I      15684.779    119 31607.557    31682.715    32109.096
380  HIVw+F+G4     15054.305    119 30346.611    30421.769    30848.149
381  HIVw+F+I+G4   15049.055    120 30338.110    30414.733    30843.863
382  HIVw+F+R2     15170.139    120 30580.278    30656.900    31086.031
383  HIVw+F+R3     15066.186    122 30376.373    30455.980    30890.555
384  HIVw+F+R4     15040.470    124 30328.941    30411.607    30851.552
385  HIVw+F+R5     15037.190    126 30326.381    30412.182    30857.421
391  JTTDCMut      14778.638    99  29755.276    29804.776    30172.522
392  JTTDCMut+I    14729.125    100 29658.250    29708.877    30079.711
393  JTTDCMut+G4   14295.291    100 28790.582    28841.208    29212.042
394  JTTDCMut+I+G4 14291.678    101 28785.356    28837.125    29211.031
395  JTTDCMut+R2   14367.684    101 28937.367    28989.136    29363.043
396  JTTDCMut+R3   14292.910    103 28791.820    28845.921    29225.924
397  JTTDCMut+R4   14279.016    105 28768.032    28824.529    29210.565
398  JTTDCMut+R5   14277.381    107 28768.761    28827.720    29219.724
404  JTTDCMut+F    14762.607    118 29761.214    29834.926    30258.538
405  JTTDCMut+F+I  14710.622    119 29659.244    29734.402    30160.782
406  JTTDCMut+F+G4 14276.217    119 28790.435    28865.593    29291.973
407  JTTDCMut+F+I+G4 14272.491    120 28784.982    28861.605    29290.735
408  JTTDCMut+F+R2 14345.511    120 28931.022    29007.645    29436.775
409  JTTDCMut+F+R3 14272.552    122 28789.104    28868.712    29303.286
410  JTTDCMut+F+R4 14260.056    124 28768.112    28850.778    29290.723
411  JTTDCMut+F+R5 14257.871    126 28767.742    28853.543    29298.782
417  FLU           15314.251    99  30826.501    30876.001    31243.748
418  FLU+I         15266.548    100 30733.096    30783.723    31154.557
419  FLU+G4        14731.153    100 29662.306    29712.932    30083.767
420  FLU+I+G4      14729.373    101 29660.746    29712.515    30086.422
421  FLU+R2        14833.533    101 29869.067    29920.836    30294.742
422  FLU+R3        14741.256    103 29688.512    29742.613    30122.617
423  FLU+R4        14713.205    105 29636.410    29692.907    30078.943
424  FLU+R5        14710.923    107 29635.845    29694.804    30086.808
430  FLU+F         15029.915    118 30295.831    30369.542    30793.154
431  FLU+F+I       14980.107    119 30198.213    30273.371    30699.752
432  FLU+F+G4      14451.266    119 29140.532    29215.690    29642.070
433  FLU+F+I+G4    14449.671    120 29139.342    29215.965    29645.095
434  FLU+F+R2      14547.751    120 29335.502    29412.124    29841.254
435  FLU+F+R3      14451.755    122 29147.510    29227.118    29661.693
436  FLU+F+R4      14433.230    124 29114.460    29197.126    29637.071
437  FLU+F+R5      14430.929    126 29113.858    29199.659    29644.898
443  Blosum62      14636.812    99  29471.624    29521.124    29888.870
444  Blosum62+I    14602.859    100 29405.718    29456.344    29827.179
445  Blosum62+G4   14246.450    100 28692.899    28743.526    29114.360
446  Blosum62+I+G4 14244.389    101 28690.778    28742.547    29116.454
447  Blosum62+R2   14296.886    101 28795.772    28847.540    29221.447
448  Blosum62+R3   14241.620    103 28689.240    28743.341    29123.345
449  Blosum62+R4   14231.896    105 28673.792    28730.289    29116.326
450  Blosum62+R5   14231.136    107 28676.272    28735.231    29127.235
456  Blosum62+F    14549.111    118 29334.222    29407.933    29831.546
457  Blosum62+F+I  14511.025    119 29260.049    29335.207    29761.587
458  Blosum62+F+G4 14169.669    119 28577.338    28652.496    29078.877
459  Blosum62+F+I+G4 14167.038    120 28574.076    28650.698    29079.829
460  Blosum62+F+R2 14219.351    120 28678.703    28755.326    29184.456
461  Blosum62+F+R3 14160.483    122 28564.966    28644.573    29079.148
462  Blosum62+F+R4 14154.686    124 28557.371    28640.038    29079.983
469  mtMet         16137.845    99  32473.689    32523.189    32890.935
470  mtMet+I       16087.839    100 32375.677    32426.304    32797.138
471  mtMet+G4      15321.006    100 30842.012    30892.639    31263.473
472  mtMet+I+G4    15317.500    101 30837.001    30888.770    31262.676
473  mtMet+R2      15455.859    101 31113.719    31165.488    31539.394
474  mtMet+R3      15324.073    103 30854.145    30908.246    31288.250
475  mtMet+R4      15310.810    105 30831.620    30888.118    31274.154
476  mtMet+R5      15308.703    107 30831.405    30890.364    31282.368
482  mtMet+F       15187.237    118 30610.475    30684.186    31107.799
483  mtMet+F+I     15124.619    119 30487.237    30562.395    30988.776
484  mtMet+F+G4    14507.452    119 29252.904    29328.062    29754.442
485  mtMet+F+I+G4  14503.820    120 29247.641    29324.263    29753.394
486  mtMet+F+R2    14609.235    120 29458.469    29535.092    29964.222
487  mtMet+F+R3    14518.521    122 29281.043    29360.650    29795.225
488  mtMet+F+R4    14496.319    124 29240.638    29323.305    29763.250
489  mtMet+F+R5    14494.302    126 29240.603    29326.405    29771.644
495  mtVer         16303.671    99  32805.341    32854.841    33222.587
496  mtVer+I       16255.879    100 32711.758    32762.385    33133.219
497  mtVer+G4      15367.231    100 30934.462    30985.088    31355.922
498  mtVer+I+G4    15363.802    101 30929.604    30981.373    31355.279
499  mtVer+R2      15537.883    101 31277.765    31329.534    31703.441
500  mtVer+R3      15375.992    103 30957.984    31012.085    31392.089
501  mtVer+R4      15362.704    105 30935.409    30991.906    31377.943
502  mtVer+R5      15359.570    107 30933.140    30992.099    31384.103
508  mtVer+F       15486.085    118 31208.170    31281.881    31705.493
509  mtVer+F+I     15420.847    119 31079.695    31154.853    31581.233
510  mtVer+F+G4    14748.058    119 29734.116    29809.274    30235.654
511  mtVer+F+I+G4  14743.591    120 29727.182    29803.805    30232.935
512  mtVer+F+R2    14866.533    120 29973.067    30049.689    30478.820
513  mtVer+F+R3    14764.450    122 29772.900    29852.507    30287.082
514  mtVer+F+R4    14740.393    124 29728.785    29811.452    30251.397
515  mtVer+F+R5    14738.243    126 29728.485    29814.287    30259.526
521  mtInv         16136.810    99  32471.620    32521.120    32888.866
522  mtInv+I       16087.774    100 32375.548    32426.174    32797.009
523  mtInv+G4      15413.002    100 31026.005    31076.631    31447.465
524  mtInv+I+G4    15410.310    101 31022.620    31074.389    31448.295
525  mtInv+R2      15520.430    101 31242.861    31294.629    31668.536
526  mtInv+R3      15417.915    103 31041.830    31095.931    31475.934
527  mtInv+R4      15399.239    105 31008.479    31064.976    31451.012
528  mtInv+R5      15397.485    107 31008.969    31067.929    31459.932
534  mtInv+F       14963.170    118 30162.341    30236.052    30659.664
535  mtInv+F+I     14901.420    119 30040.839    30115.997    30542.378
536  mtInv+F+G4    14363.081    119 28964.162    29039.320    29465.701
537  mtInv+F+I+G4  14357.337    120 28954.675    29031.298    29460.428
538  mtInv+F+R2    14447.134    120 29134.269    29210.891    29640.022
539  mtInv+F+R3    14372.728    122 28989.456    29069.063    29503.638
540  mtInv+F+R4    14350.252    124 28948.504    29031.170    29471.115
541  mtInv+F+R5    14346.393    126 28944.786    29030.588    29475.827
Akaike Information Criterion:           LG+F+R5
Corrected Akaike Information Criterion: LG+F+R4
Bayesian Information Criterion:         LG+G4
Best-fit model: LG+G4 chosen according to BIC

All model information printed to K09019.blastp_ALL.outfmt6.parsed.filtered.uniq.faa.mafft.aln.model.gz
CPU time for ModelFinder: 1185.057 seconds (0h:19m:45s)
Wall-clock time for ModelFinder: 421.333 seconds (0h:7m:1s)
Generating 2000 samples for ultrafast bootstrap (seed: 137255)...

NOTE: 17 MB RAM (0 GB) is required!
Measuring multi-threading efficiency up to 2 CPU cores
Increase to 10 rounds for branch lengths
3 trees examined
Threads: 1 / Time: 2.025 sec / Speedup: 1.000 / Efficiency: 100% / LogL: -17277
Threads: 2 / Time: 1.088 sec / Speedup: 1.862 / Efficiency: 93% / LogL: -17277
BEST NUMBER OF THREADS: 2

Estimate model parameters (epsilon = 0.100)
1. Initial log-likelihood: -14092.979
2. Current log-likelihood: -14086.586
3. Current log-likelihood: -14086.405
Optimal log-likelihood: -14086.403
Gamma shape alpha: 1.319
Parameters optimization took 3 rounds (0.613 sec)
Computing ML distances based on estimated model parameters... 1.283 sec
Computing BIONJ tree...
0.003 seconds
Log-likelihood of BIONJ tree: -14100.709
--------------------------------------------------------------------
|             INITIALIZING CANDIDATE TREE SET                      |
--------------------------------------------------------------------
Generating 98 parsimony trees... 2.236 second
Computing log-likelihood of 98 initial trees ... 9.433 seconds
Current best score: -14086.403

Do NNI search on 20 best initial trees
Estimate model parameters (epsilon = 0.100)
BETTER TREE FOUND at iteration 1: -14061.651
Estimate model parameters (epsilon = 0.100)
BETTER TREE FOUND at iteration 4: -14052.649
Estimate model parameters (epsilon = 0.100)
BETTER TREE FOUND at iteration 6: -14051.205
Iteration 10 / LogL: -14075.433 / Time: 0h:0m:26s
Iteration 20 / LogL: -14075.208 / Time: 0h:0m:35s
Finish initializing candidate tree set (20)
Current best tree score: -14051.205 / CPU time: 30.992
Number of iterations: 20
--------------------------------------------------------------------
|               OPTIMIZING CANDIDATE TREE SET                      |
--------------------------------------------------------------------
Estimate model parameters (epsilon = 0.100)
BETTER TREE FOUND at iteration 23: -14048.762
Iteration 30 / LogL: -14059.368 / Time: 0h:0m:46s (0h:2m:27s left)
Iteration 40 / LogL: -14069.957 / Time: 0h:0m:56s (0h:2m:0s left)
Iteration 50 / LogL: -14048.949 / Time: 0h:1m:7s (0h:1m:39s left)
Log-likelihood cutoff on original alignment: -14119.886
Iteration 60 / LogL: -14065.826 / Time: 0h:1m:18s (0h:1m:23s left)
Iteration 70 / LogL: -14048.785 / Time: 0h:1m:27s (0h:1m:7s left)
Iteration 80 / LogL: -14048.833 / Time: 0h:1m:38s (0h:0m:53s left)
Iteration 90 / LogL: -14049.322 / Time: 0h:1m:48s (0h:0m:40s left)
Iteration 100 / LogL: -14058.810 / Time: 0h:1m:57s (0h:0m:27s left)
Log-likelihood cutoff on original alignment: -14119.886
NOTE: Bootstrap correlation coefficient of split occurrence frequencies: 0.999
Iteration 110 / LogL: -14048.780 / Time: 0h:2m:8s (0h:1m:46s left)
Iteration 120 / LogL: -14052.025 / Time: 0h:2m:19s (0h:1m:33s left)
TREE SEARCH COMPLETED AFTER 124 ITERATIONS / Time: 0h:2m:23s

--------------------------------------------------------------------
|                    FINALIZING TREE SEARCH                        |
--------------------------------------------------------------------
Performs final model parameters optimization
Estimate model parameters (epsilon = 0.010)
1. Initial log-likelihood: -14048.762
Optimal log-likelihood: -14048.762
Gamma shape alpha: 1.334
Parameters optimization took 1 rounds (0.148 sec)
BEST SCORE FOUND : -14048.762
Creating bootstrap support values...
Split supports printed to NEXUS file K09019.blastp_ALL.outfmt6.parsed.filtered.uniq.faa.mafft.aln.splits.nex
Total tree length: 23.762

Total number of iterations: 124
CPU time used for tree search: 274.828 sec (0h:4m:34s)
Wall-clock time used for tree search: 139.080 sec (0h:2m:19s)
Total CPU time used: 283.578 sec (0h:4m:43s)
Total wall-clock time used: 144.496 sec (0h:2m:24s)

Computing bootstrap consensus tree...
Reading input file K09019.blastp_ALL.outfmt6.parsed.filtered.uniq.faa.mafft.aln.splits.nex...
51 taxa and 524 splits.
Consensus tree written to K09019.blastp_ALL.outfmt6.parsed.filtered.uniq.faa.mafft.aln.contree
Reading input trees file K09019.blastp_ALL.outfmt6.parsed.filtered.uniq.faa.mafft.aln.contree
Log-likelihood of consensus tree: -14049.711

Analysis results written to: 
  IQ-TREE report:                K09019.blastp_ALL.outfmt6.parsed.filtered.uniq.faa.mafft.aln.iqtree
  Maximum-likelihood tree:       K09019.blastp_ALL.outfmt6.parsed.filtered.uniq.faa.mafft.aln.treefile
  Likelihood distances:          K09019.blastp_ALL.outfmt6.parsed.filtered.uniq.faa.mafft.aln.mldist

Ultrafast bootstrap approximation results written to:
  Split support values:          K09019.blastp_ALL.outfmt6.parsed.filtered.uniq.faa.mafft.aln.splits.nex
  Consensus tree:                K09019.blastp_ALL.outfmt6.parsed.filtered.uniq.faa.mafft.aln.contree
  Screen log file:               K09019.blastp_ALL.outfmt6.parsed.filtered.uniq.faa.mafft.aln.log

Date and Time: Wed May 26 07:19:42 2021
