IQ-TREE multicore version 1.6.12 for Linux 64-bit built Aug 15 2019
Developed by Bui Quang Minh, Nguyen Lam Tung, Olga Chernomor,
Heiko Schmidt, Dominik Schrempf, Michael Woodhams.

Host:    coral (AVX512, FMA3, 376 GB RAM)
Command: /home/timothy/programs/iqtree-1.6.12-Linux/bin/iqtree -s K11540.blastp_ALL.outfmt6.parsed.filtered.uniq.faa.mafft.aln.trimal1 -nt AUTO -ntmax 2 -m MFP -bb 2000 -quiet
Seed:    553876 (Using SPRNG - Scalable Parallel Random Number Generator)
Time:    Wed Sep  8 23:53:07 2021
Kernel:  AVX+FMA - auto-detect threads (96 CPU cores detected)

Reading alignment file K11540.blastp_ALL.outfmt6.parsed.filtered.uniq.faa.mafft.aln.trimal1 ... Fasta format detected
Alignment most likely contains protein sequences
Alignment has 124 sequences with 253 columns, 243 distinct patterns
211 parsimony-informative, 19 singleton sites, 23 constant sites
                                                                                                                                                     Gap/Ambiguity  Composition  p-value
   1  Archaea-CandidatusBathyarchaeota-NA-NA-NA-Candidatus_Bathyarchaeota_archaeon_WP_116595623.1                                                            0.00%    passed     64.13%
   2  Archaea-CandidatusKorarchaeota-NA-NA-NA-Candidatus_Methanodesulfokores_washburnensis_WP_125671079.1                                                    0.00%    passed     91.99%
   3  Archaea-Crenarchaeota-Thermoprotei-Desulfurococcales-Pyrodictiaceae-Pyrolobus_fumarii_WP_048191523.1                                                   0.00%    passed     52.45%
   4  Archaea-Crenarchaeota-Thermoprotei-Sulfolobales-Sulfolobaceae-Sulfolobus_islandicus_WP_012718896.1                                                     0.00%    passed     29.59%
   5  Archaea-Euryarchaeota-Thermococci-Thermococcales-Thermococcaceae-Pyrococcus_sp._NA2_WP_013747968.1                                                     0.00%    passed     56.93%
   6  Archaea-Euryarchaeota-Thermococci-Thermococcales-Thermococcaceae-Thermococcus_paralvinellae_WP_042679933.1                                             0.00%    passed     35.97%
   7  Archaea-NA-NA-NA-NA-archaeon_AArcSl_WP_119820213.1                                                                                                     3.56%    failed      4.27%
   8  Archaea-Thaumarchaeota-Nitrososphaeria-Nitrososphaerales-Nitrososphaeraceae-Candidatus_Nitrososphaera_evergladensis_WP_148700840.1                     0.00%    passed     94.69%
   9  Archaea-Thaumarchaeota-Nitrososphaeria-Nitrososphaerales-Nitrososphaeraceae-Nitrososphaera_viennensis_WP_075054168.1                                   0.00%    passed     94.68%
  10  Bacteria-Acidobacteria-Holophagae-NA-NA-Holophagae_bacterium_WP_116784545.1                                                                            0.00%    failed      3.77%
  11  Bacteria-Actinobacteria-Actinobacteria-Micrococcales-Microbacteriaceae-Hymenobacter_sp._Fur1_WP_144845485.1                                            0.00%    passed     99.99%
  12  Bacteria-Actinobacteria-Actinobacteria-Micrococcales-Micrococcaceae-Citricoccus_massiliensis_WP_102415309.1                                            0.00%    passed     93.66%
  13  Bacteria-Aquificae-Aquificae-Aquificales-Aquificaceae-Hydrogenivirga_sp._1285R11_WP_008286795.1                                                        0.00%    passed     58.72%
  14  Bacteria-Aquificae-Aquificae-Desulfurobacteriales-Desulfurobacteriaceae-Balnearium_lithotrophicum_WP_142935823.1                                       0.00%    passed     91.25%
  15  Bacteria-Armatimonadetes-NA-NA-NA-Armatimonadetes_bacterium_UphvlAr1_WP_146668422.1                                                                    0.00%    passed     52.15%
  16  Bacteria-Bacteroidetes-Bacteroidia-Bacteroidales-Porphyromonadaceae-Petrimonas_mucosa_WP_083373432.1                                                   0.00%    passed     99.89%
  17  Bacteria-Bacteroidetes-Bacteroidia-Bacteroidales-Porphyromonadaceae-Porphyromonadaceae_bacterium_KHP3R9_WP_092031644.1                                 0.00%    passed     99.89%
  18  Bacteria-Calditrichaeota-Calditrichae-Calditrichales-Calditrichaceae-Caldithrix_abyssi_WP_006927988.1                                                  0.00%    passed     94.30%
  19  Bacteria-CandidatusMarinimicrobia-NA-NA-NA-Candidatus_Marinimicrobia_bacterium_WP_129215040.1                                                          0.00%    passed     99.09%
  20  Bacteria-Chlamydiae-Chlamydiia-Parachlamydiales-Criblamydiaceae-Criblamydia_sequanensis_WP_079977934.1                                                 0.00%    passed     94.67%
  21  Bacteria-Chlamydiae-Chlamydiia-Parachlamydiales-Waddliaceae-Waddlia_chondrophila_WP_013181446.1                                                        0.00%    passed     77.62%
  22  Bacteria-Chloroflexi-Ktedonobacteria-Ktedonobacterales-Dictyobacteraceae-Dictyobacter_alpinus_WP_126626187.1                                           0.00%    passed     88.75%
  23  Bacteria-Chloroflexi-Ktedonobacteria-Ktedonobacterales-Thermosporotrichaceae-Thermosporothrix_hazakensis_WP_111322316.1                                0.00%    passed     99.56%
  24  Bacteria-Cyanobacteria-NA-Oscillatoriales-Microcoleaceae-Hydrocoleum_sp._CS953_WP_094673781.1                                                          0.00%    passed     78.36%
  25  Bacteria-Cyanobacteria-NA-Synechococcales-Leptolyngbyaceae-Leptolyngbya_sp._NIES2104_WP_059001645.1                                                    0.00%    passed     93.78%
  26  Bacteria-Deferribacteres-Deferribacteres-Deferribacterales-Deferribacteraceae-Deferribacter_desulfuricans_WP_013007738.1                               0.00%    passed     77.23%
  27  Bacteria-Deferribacteres-Deferribacteres-Deferribacterales-Deferribacteraceae-Geovibrio_sp._L21AceBES_WP_022849734.1                                   0.00%    passed     98.36%
  28  Bacteria-Dictyoglomi-Dictyoglomia-Dictyoglomales-Dictyoglomaceae-Dictyoglomus_sp._ob14_WP_148806058.1                                                  0.00%    passed     54.21%
  29  Bacteria-Elusimicrobia-Elusimicrobia-Elusimicrobiales-Elusimicrobiaceae-Elusimicrobium_minutum_WP_012415200.1                                          0.00%    passed     76.23%
  30  Bacteria-Elusimicrobia-Endomicrobia-Endomicrobiales-Endomicrobiaceae-Endomicrobium_proavitum_WP_052570064.1                                            0.00%    passed     16.49%
  31  Bacteria-Firmicutes-Clostridia-Clostridiales-NA-NA_WP_118428826.1                                                                                      0.00%    passed     91.71%
  32  Bacteria-Firmicutes-Negativicutes-Acidaminococcales-Acidaminococcaceae-NA_WP_016459547.1                                                               0.00%    passed     86.10%
  33  Bacteria-Fusobacteria-Fusobacteriia-Fusobacteriales-Fusobacteriaceae-Fusobacterium_nucleatum_WP_029758948.1                                            0.00%    passed     87.98%
  34  Bacteria-Fusobacteria-Fusobacteriia-Fusobacteriales-Leptotrichiaceae-Leptotrichia_trevisanii_WP_026749167.1                                            0.00%    passed     46.97%
  35  Bacteria-Ignavibacteriae-Ignavibacteria-Ignavibacteriales-Ignavibacteriaceae-Ignavibacterium_album_WP_014561589.1                                      0.00%    passed     99.23%
  36  Bacteria-Ignavibacteriae-Ignavibacteria-Ignavibacteriales-Melioribacteraceae-Melioribacter_roseus_WP_014856009.1                                       0.00%    passed     99.72%
  37  Bacteria-NA-NA-NA-NA-bacterium_J102018_WP_121699322.1                                                                                                  0.00%    passed     99.93%
  38  Bacteria-NA-NA-NA-NA-Thermobaculum_terrenum_WP_012875313.1                                                                                             0.00%    passed     49.40%
  39  Bacteria-Nitrospirae-Nitrospira-Nitrospirales-Nitrospiraceae-NA_WP_012545700.1                                                                         0.00%    passed     75.73%
  40  Bacteria-Nitrospirae-Nitrospira-Nitrospirales-Nitrospiraceae-Thermodesulfovibrio_sp._N1_WP_068859864.1                                                 0.00%    passed     62.09%
  41  Bacteria-Planctomycetes-NA-NA-NA-Planctomycetes_bacterium_Pan44_WP_145034065.1                                                                         0.00%    passed     74.43%
  42  Bacteria-Planctomycetes-Planctomycetia-Planctomycetales-Planctomycetaceae-Planctomicrobium_piriforme_WP_092055274.1                                    0.00%    passed     57.62%
  43  Bacteria-Proteobacteria-Gammaproteobacteria-Legionellales-Coxiellaceae-Aquicella_lusitana_WP_114834943.1                                               0.00%    passed     99.97%
  44  Bacteria-Proteobacteria-Gammaproteobacteria-Legionellales-Coxiellaceae-Rickettsiella_grylli_WP_040615301.1                                             0.00%    passed     60.49%
  45  Bacteria-Spirochaetes-Spirochaetia-Leptospirales-Leptospiraceae-Leptospira_broomii_WP_010570532.1                                                      0.00%    passed     77.57%
  46  Bacteria-Spirochaetes-Spirochaetia-Spirochaetales-Spirochaetaceae-Treponema_sp._J25_WP_132779430.1                                                     0.00%    passed     79.87%
  47  Bacteria-Thermodesulfobacteria-Thermodesulfobacteria-Thermodesulfobacteriales-Thermodesulfobacteriaceae-Caldimicrobium_thiodismutans_WP_082706337.1    0.00%    passed     87.81%
  48  Bacteria-Thermodesulfobacteria-Thermodesulfobacteria-Thermodesulfobacteriales-Thermodesulfobacteriaceae-Thermosulfurimonas_dismutans_WP_068670933.1    0.00%    passed     97.89%
  49  Bacteria-Verrucomicrobia-Verrucomicrobiae-Verrucomicrobiales-Akkermansiaceae-Akkermansia_muciniphila_WP_102721900.1                                    0.40%    passed     96.89%
  50  Bacteria-Verrucomicrobia-Verrucomicrobiae-Verrucomicrobiales-Verrucomicrobiaceae-Brevifollis_gellanilyticus_WP_146854593.1                             0.00%    passed     97.66%
  51  Eukaryota-Acytosteliales-Acytosteliales-Acytosteliales-Acytosteliaceae-Heterostelium_album_XP_020433889.1                                              0.00%    passed     96.59%
  52  Eukaryota-Acytosteliales-Acytosteliales-Acytosteliales-Cavenderiaceae-Cavenderia_fasciculata_XP_004361697.1                                            0.00%    passed     99.14%
  53  Eukaryota-Alveolata-Dinophyceae-NA-Unranked-Alexandrium_tamarense_MMETSP0382_c10746_g1_i1.p1                                                           0.00%    passed     99.84%
  54  Eukaryota-Alveolata-Dinophyceae-NA-Unranked-Symbiodinium_sp_MMETSP1367_c12140_g1_i1.p1                                                                 0.00%    passed     99.91%
  55  Eukaryota-Amoebozoa-NA-NA-Paramoebidae-Mayorella_sp_MMETSP0417_c4575_g2_i2.p1                                                                          0.00%    passed     91.84%
  56  Eukaryota-Amoebozoa-NA-NA-Paramoebidae-Paramoeba_atlantica_MMETSP0151_c2736_g1_i1.p1                                                                   0.00%    passed     99.55%
  57  Eukaryota-Annelida-Clitellata-Hirudinida-Glossiphoniidae-Helobdella_robusta_jgi186717                                                                  2.37%    passed     98.57%
  58  Eukaryota-Apicomplexa-Aconoidasida-Piroplasmida-Theileriidae-Theileria_equi_XP_004831446.1                                                             0.00%    passed     95.70%
  59  Eukaryota-Apicomplexa-Conoidasida-Eucoccidiorida-Sarcocystidae-Besnoitia_besnoiti_XP_029221024.1                                                       0.00%    passed     99.07%
  60  Eukaryota-Arthropoda-Collembola-Entomobryomorpha-Isotomidae-Folsomia_candida_XP_021967975.1                                                            0.00%    passed     87.33%
  61  Eukaryota-Arthropoda-Malacostraca-Decapoda-Penaeidae-Penaeus_vannamei_XP_027221633.1                                                                   0.00%    passed     89.30%
  62  Eukaryota-Ascomycota-Saccharomycetes-Saccharomycetales-Debaryomycetaceae-Candida_viswanathii_XP_026591615.1                                            0.00%    passed     99.94%
  63  Eukaryota-Ascomycota-Saccharomycetes-Saccharomycetales-Debaryomycetaceae-Meyerozyma_guilliermondii_XP_001486309.1                                      0.00%    passed     97.55%
  64  Eukaryota-Basidiomycota-Agaricomycetes-Agaricales-Schizophyllaceae-Schizophyllum_commune_XP_003030885.1                                                0.00%    passed     99.95%
  65  Eukaryota-Basidiomycota-Agaricomycetes-Boletales-Coniophoraceae-Coniophora_puteana_XP_007772204.1                                                      0.00%    passed     95.12%
  66  Eukaryota-Brachiopoda-Lingulata-Lingulida-Lingulidae-Lingula_anatina_XP_023932711.1                                                                    0.00%    passed     91.35%
  67  Eukaryota-Cercozoa-Chlorarachniophyceae-NA-NA-Chlorarachnion_reptans_MMETSP0109_c18999_g1_i1.p1                                                        0.00%    passed     98.62%
  68  Eukaryota-Cercozoa-Chlorarachniophyceae-NA-NA-Lotharella_globosa_MMETSP0041_c722_g1_i1.p1                                                              0.00%    passed     99.34%
  69  Eukaryota-Cercozoa-NA-Euglyphida-Paulinellidae-Paulinella_chromatophora_scaffold195-size5880_m.4707                                                   11.86%    passed    100.00%
  70  Eukaryota-Chlorophyta-NA-NA-NA-Tetraselmis_sp_MMETSP0419_c18510_g1_i1.p1                                                                               0.00%    passed     98.20%
  71  Eukaryota-Chlorophyta-Trebouxiophyceae-Chlorellales-Chlorellaceae-Chlorella_vulgaris_jgi80979                                                          0.00%    passed     95.54%
  72  Eukaryota-Choanoflagellata-Choanoflagellata-Choanoflagellata-NA-Acanthoeca_sp_MMETSP0105_c3403_g1_i1.p1                                                0.00%    passed     89.36%
  73  Eukaryota-Choanoflagellata-Choanoflagellata-Choanoflagellata-Salpingoecidae-Salpingoeca_rosetta_XP_004998494.1                                         0.00%    passed     97.75%
  74  Eukaryota-Chordata-Actinopteri-Semionotiformes-Lepisosteidae-Lepisosteus_oculatus_XP_006625819.2                                                       0.00%    passed     99.04%
  75  Eukaryota-Chordata-NA-NA-Branchiostomidae-Branchiostoma_belcheri_XP_019639045.1                                                                        0.00%    passed     99.98%
  76  Eukaryota-Chromeraceae-NA-NA-NA-Chromera_velia_MMETSP0290_c2102_g1_i1.p1                                                                               0.00%    passed     99.92%
  77  Eukaryota-Chromeraceae-NA-NA-NA-Vitrella_brassicaformis_MMETSP1451_c36845_g1_i1.p1                                                                     0.00%    passed     99.67%
  78  Eukaryota-Chytridiomycota-Chytridiomycetes-Rhizophydiales-NA-Batrachochytrium_dendrobatidis_jgi29998                                                   2.77%    passed     82.86%
  79  Eukaryota-Chytridiomycota-Chytridiomycetes-Spizellomycetales-Spizellomycetaceae-Spizellomyces_punctatus_XP_016604812.1                                 0.00%    passed     99.99%
  80  Eukaryota-Ciliophora-NA-Unranked-NA-Myrionecta_rubra_MMETSP0798_c9464_g1_i1.p1                                                                         0.00%    passed     98.60%
  81  Eukaryota-Ciliophora-NA-Unranked-NA-Tiarina_fusus_MMETSP0472_c11584_g1_i2.p1                                                                           0.00%    passed     99.43%
  82  Eukaryota-Cnidaria-Anthozoa-Alcyonacea-Nephtheidae-Dendronephthya_gigantea_XP_028393072.1                                                              0.00%    passed     94.36%
  83  Eukaryota-Cnidaria-Anthozoa-Scleractinia-Pocilloporidae-Stylophora_pistillata_XP_022798866.1                                                           0.00%    passed     97.48%
  84  Eukaryota-Cryptophyta-NA-Cryptomonadales-NA-Hanusia_phi_MMETSP1048_c3399_g1_i1.p1                                                                      0.00%    passed     96.82%
  85  Eukaryota-Cryptophyta-NA-Pyrenomonadales-Geminigeraceae-Guillardia_theta_CCMP2712_jgi97833                                                             0.00%    passed     95.34%
  86  Eukaryota-Dictyosteliales-Dictyosteliales-Dictyosteliales-Dictyosteliaceae-Dictyostelium_discoideum_XP_643196.1                                        0.00%    passed     88.67%
  87  Eukaryota-Echinodermata-Asteroidea-Valvatida-Acanthasteridae-Acanthaster_planci_XP_022109258.1                                                         0.00%    passed     99.32%
  88  Eukaryota-Echinodermata-Echinoidea-Echinoida-Strongylocentrotidae-Strongylocentrotus_purpuratus_XP_011680215.1                                         0.00%    passed     99.57%
  89  Eukaryota-Euglenida-NA-Eutreptiales-NA-Eutreptiella_gymnastica_MMETSP0039_c25447_g1_i1.p1                                                              0.00%    passed     70.31%
  90  Eukaryota-Euglenida-NA-NA-Unranked-Neobodo_designis_MMETSP1114_c10050_g1_i1.p1                                                                         0.00%    passed     96.68%
  91  Eukaryota-Fonticulida-Fonticulida-Fonticulida-Fonticulaceae-Fonticula_alba_XP_009492289.1                                                              0.00%    failed      0.00%
  92  Eukaryota-Glaucophyta-Glaucophyta-Gloeochaetales-Gloeochaetaceae-Gloeochaete_witrockiana_MMETSP0308_c36267_g1_i1.p1                                   16.60%    passed     97.59%
  93  Eukaryota-Glaucophyta-Glaucophyta-NA-Cyanophoraceae-Cyanophora_paradoxa_tig00021319_g20198.t1                                                          0.00%    passed     99.85%
  94  Eukaryota-Haptophyta-NA-Prymnesiales-NA-Chrysochromulina_ericina_MMETSP1096_c6687_g1_i1.p1                                                             0.00%    passed     96.31%
  95  Eukaryota-Haptophyta-NA-Prymnesiales-NA-Pleurochrysis_carterae_MMETSP1136_c9171_g1_i1.p1                                                               0.00%    passed     99.73%
  96  Eukaryota-Hemichordata-Enteropneusta-NA-Harrimaniidae-Saccoglossus_kowalevskii_XP_006819567.1                                                          0.00%    passed     97.95%
  97  Eukaryota-Heterolobosea-NA-NA-Vahlkampfiidae-Naegleria_gruberi_jgi59636                                                                                0.00%    passed     75.81%
  98  Eukaryota-Kinetoplastida-Kinetoplastida-Kinetoplastida-Trypanosomatidae-Leptomonas_pyrrhocoris_XP_015656294.1                                          0.00%    passed     74.76%
  99  Eukaryota-Kinetoplastida-Kinetoplastida-Kinetoplastida-Trypanosomatidae-Trypanosoma_conorhini_XP_029224504.1                                           0.00%    passed     96.41%
 100  Eukaryota-Longamoebia-Longamoebia-Longamoebia-Acanthamoebidae-Acanthamoeba_castellanii_XP_004341545.1                                                  0.00%    passed     89.85%
 101  Eukaryota-Mesomycetozoea-Ichthyosporea-Ichthyophonida-NA-Sphaeroforma_arctica_XP_014157812.1                                                           0.00%    passed     90.59%
 102  Eukaryota-Mesomycetozoea-Ichthyosporea-NA-NA-Capsaspora_owczarzaki_XP_004346899.2                                                                      0.00%    passed     80.24%
 103  Eukaryota-Mollusca-Bivalvia-Ostreoida-Ostreidae-Crassostrea_virginica_XP_022339234.1                                                                   0.00%    passed     98.78%
 104  Eukaryota-Mollusca-Gastropoda-NA-Lottiidae-Lottia_gigantea_jgi137874                                                                                   0.00%    passed     98.62%
 105  Eukaryota-Mucorales-Mucoraceae-Undefined-Undefined-Mucor_circinelloides_jgi74513                                                                       0.00%    passed     99.99%
 106  Eukaryota-Mucoromycota-Glomeromycetes-Glomerales-Glomeraceae-Rhizophagus_irregularis_XP_025187494.1                                                    0.00%    passed     99.79%
 107  Eukaryota-Mucoromycota-Mucoromycetes-Mucorales-Phycomycetaceae-Phycomyces_blakesleeanus_jgi25435                                                       0.00%    passed     99.89%
 108  Eukaryota-Nematoda-Chromadorea-Rhabditida-Rhabditidae-Caenorhabditis_remanei_XP_003116813.1                                                            0.00%    passed     98.15%
 109  Eukaryota-Nematoda-Chromadorea-Strongylida-Ancylostomatidae-Necator_americanus_XP_013304238.1                                                          0.00%    passed     99.97%
 110  Eukaryota-Perkinsozoa-NA-Perkinsida-Perkinsidae-Perkinsus_marinus_XP_002784057.1                                                                       0.00%    passed     98.83%
 111  Eukaryota-Placozoa-NA-NA-Trichoplacidae-Trichoplax_adhaerens_XP_002115431.1                                                                            0.00%    passed     99.24%
 112  Eukaryota-Platyhelminthes-Trematoda-Strigeidida-Schistosomatidae-Schistosoma_mansoni_XP_018650997.1                                                   36.76%    passed     86.21%
 113  Eukaryota-Porifera-Demospongiae-Haplosclerida-Niphatidae-Amphimedon_queenslandica_XP_019849014.1                                                       0.00%    passed     98.14%
 114  Eukaryota-Priapulida-Priapulimorpha-Priapulimorphida-Priapulidae-Priapulus_caudatus_XP_014667039.1                                                     7.51%    passed     97.09%
 115  Eukaryota-Retaria-NA-NA-NA-Rosalina_sp_MMETSP0190_c20689_g1_i1.p1                                                                                      0.00%    passed     97.33%
 116  Eukaryota-Retaria-NA-NA-NA-Sorites_sp_MMETSP0191_c23019_g1_i1.p1                                                                                       0.00%    passed     73.21%
 117  Eukaryota-Rhodophyta-Bangiophyceae-Cyanidiales-Cyanidiaceae-Cyanidioschyzon_merolae_CmerSOOS_G3501.1                                                   0.00%    passed     19.31%
 118  Eukaryota-Rhodophyta-Bangiophyceae-Cyanidiales-Cyanidiaceae-Galdieria_phlegrea_GphlegSOOS_G268.1                                                       0.00%    passed     84.76%
 119  Eukaryota-Stramenopiles-Labyrinthulomycetes-Unranked-Unranked-Aplanochytrium_kerguelense_jgi74984                                                      0.00%    passed     98.53%
 120  Eukaryota-Stramenopiles-NA-Bicosoecida-Cafeteriaceae-Cafeteria_sp_MMETSP1104_c1208_g1_i1.p1                                                            0.00%    passed     66.52%
 121  Eukaryota-Streptophyta-NA-Fagales-Fagaceae-Quercus_suber_XP_023883116.1                                                                                0.00%    passed     96.77%
 122  Eukaryota-Streptophyta-NA-Myrtales-Myrtaceae-Rhodamnia_argentea_XP_030541637.1                                                                         0.00%    passed     90.63%
 123  MSTRG.13416.1.p1                                                                                                                                       0.00%    passed     99.98%
 124  Viruses-NA-NA-NA-NA-Halovirus_HGTV1_YP_008059249.1                                                                                                     3.56%    passed     38.50%
****  TOTAL                                                                                                                                                  0.69%  3 sequences failed composition chi2 test (p-value<5%; df=19)
NOTE: Bacteria-Bacteroidetes-Bacteroidia-Bacteroidales-Porphyromonadaceae-Porphyromonadaceae_bacterium_KHP3R9_WP_092031644.1 is identical to Bacteria-Bacteroidetes-Bacteroidia-Bacteroidales-Porphyromonadaceae-Petrimonas_mucosa_WP_083373432.1 but kept for subsequent analysis


Create initial parsimony tree by phylogenetic likelihood library (PLL)... 0.071 seconds
NOTE: ModelFinder requires 52 MB RAM!
ModelFinder will test 546 protein models (sample size: 253) ...
 No. Model         -LnL         df  AIC          AICc         BIC
Measuring multi-threading efficiency up to 2 CPU cores
Increase to 10 rounds for branch lengths
14 trees examined
Threads: 1 / Time: 2.058 sec / Speedup: 1.000 / Efficiency: 100% / LogL: -43260
Threads: 2 / Time: 2.223 sec / Speedup: 0.926 / Efficiency: 46% / LogL: -43260
BEST NUMBER OF THREADS: 1

  1  Dayhoff       32571.900    245 65633.801    82853.801    66499.481
  2  Dayhoff+I     31967.917    246 64427.833    84681.833    65297.047
  3  Dayhoff+G4    30095.877    246 60683.754    80937.754    61552.968
  4  Dayhoff+I+G4  30062.790    247 60619.579    85121.979    61492.326
  5  Dayhoff+R2    30654.706    247 61803.413    86305.813    62676.160
  6  Dayhoff+R3    30181.161    249 60860.321    102360.321   61740.135
  7  Dayhoff+R4    30059.689    251 60621.377    187125.377   61508.258
  8  Dayhoff+R5    30011.862    253 60529.725    189053.725   61423.672
  9  Dayhoff+R6    30002.057    255 60514.114    191074.114   61415.128
 10  Dayhoff+R7    29992.190    257 60498.381    193110.381   61406.462
 11  Dayhoff+R8    29987.565    259 60493.130    195173.130   61408.278
 14  Dayhoff+F     32525.098    264 65578.196    205498.196   66511.011
 15  Dayhoff+F+I   31980.960    265 64491.919    205471.919   65428.267
 16  Dayhoff+F+G4  30184.903    265 60899.806    201879.806   61836.154
 17  Dayhoff+F+I+G4 30147.501    266 60827.002    202871.002   61766.884
 18  Dayhoff+F+R2  30747.328    266 62026.655    204070.655   62966.537
 19  Dayhoff+F+R3  30260.547    268 61057.093    205241.093   62004.042
 20  Dayhoff+F+R4  30145.458    270 60830.917    207170.917   61784.932
 21  Dayhoff+F+R5  30095.356    272 60734.711    209246.711   61695.793
 22  Dayhoff+F+R6  30080.662    274 60709.323    211409.323   61677.472
 23  Dayhoff+F+R7  30080.651    276 60713.302    213617.302   61688.518
 27  mtMAM         35718.889    245 71927.778    89147.778    72793.459
 28  mtMAM+I       35416.161    246 71324.322    91578.322    72193.536
 29  mtMAM+G4      32078.021    246 64648.043    84902.043    65517.257
 30  mtMAM+I+G4    32059.391    247 64612.783    89115.183    65485.530
 31  mtMAM+R2      32897.422    247 66288.844    90791.244    67161.592
 32  mtMAM+R3      32343.305    249 65184.611    106684.611   66064.425
 33  mtMAM+R4      32160.164    251 64822.329    191326.329   65709.210
 34  mtMAM+R5      32030.824    253 64567.648    193091.648   65461.596
 35  mtMAM+R6      31989.867    255 64489.734    195049.734   65390.748
 36  mtMAM+R7      31989.863    257 64493.725    197105.725   65401.807
 40  mtMAM+F       34618.678    264 69765.356    209685.356   70698.170
 41  mtMAM+F+I     34208.069    265 68946.138    209926.138   69882.486
 42  mtMAM+F+G4    31448.018    265 63426.035    204406.035   64362.383
 43  mtMAM+F+I+G4  31424.706    266 63381.411    205425.411   64321.293
 44  mtMAM+F+R2    32193.712    266 64919.425    206963.425   65859.307
 45  mtMAM+F+R3    31660.327    268 63856.654    208040.654   64803.602
 46  mtMAM+F+R4    31481.955    270 63503.909    209843.909   64457.924
 47  mtMAM+F+R5    31407.878    272 63359.757    211871.757   64320.839
 48  mtMAM+F+R6    31372.078    274 63292.156    213992.156   64260.305
 49  mtMAM+F+R7    31371.810    276 63295.620    216199.620   64270.835
 53  JTT           32297.788    245 65085.575    82305.575    65951.256
 54  JTT+I         31754.670    246 64001.340    84255.340    64870.554
 55  JTT+G4        29944.098    246 60380.197    80634.197    61249.411
 56  JTT+I+G4      29913.699    247 60321.399    84823.799    61194.146
 57  JTT+R2        30512.425    247 61518.850    86021.250    62391.597
 58  JTT+R3        30036.938    249 60571.876    102071.876   61451.690
 59  JTT+R4        29911.376    251 60324.751    186828.751   61211.632
 60  JTT+R5        29881.438    253 60268.876    188792.876   61162.824
 61  JTT+R6        29860.794    255 60231.588    190791.588   61132.602
 62  JTT+R7        29859.336    257 60232.671    192844.671   61140.752
 66  JTT+F         32344.058    264 65216.116    205136.116   66148.931
 67  JTT+F+I       31844.204    265 64218.407    205198.407   65154.755
 68  JTT+F+G4      30075.681    265 60681.361    201661.361   61617.710
 69  JTT+F+I+G4    30042.893    266 60617.787    202661.787   61557.669
 70  JTT+F+R2      30646.325    266 61824.650    203868.650   62764.532
 71  JTT+F+R3      30167.173    268 60870.345    205054.345   61817.294
 72  JTT+F+R4      30044.986    270 60629.971    206969.971   61583.986
 73  JTT+F+R5      30003.182    272 60550.365    209062.365   61511.447
 74  JTT+F+R6      29990.942    274 60529.883    211229.883   61498.032
 75  JTT+F+R7      29990.299    276 60532.598    213436.598   61507.814
 79  WAG           31687.676    245 63865.351    81085.351    64731.032
 80  WAG+I         31191.741    246 62875.482    83129.482    63744.696
 81  WAG+G4        29621.128    246 59734.256    79988.256    60603.470
 82  WAG+I+G4      29585.956    247 59665.913    84168.313    60538.660
 83  WAG+R2        30056.687    247 60607.375    85109.775    61480.122
 84  WAG+R3        29674.373    249 59846.746    101346.746   60726.560
 85  WAG+R4        29568.593    251 59639.187    186143.187   60526.067
 86  WAG+R5        29536.000    253 59578.000    188102.000   60471.948
 87  WAG+R6        29527.555    255 59565.109    190125.109   60466.123
 88  WAG+R7        29527.445    257 59568.890    192180.890   60476.971
 92  WAG+F         31649.593    264 63827.186    203747.186   64760.001
 93  WAG+F+I       31194.678    265 62919.355    203899.355   63855.703
 94  WAG+F+G4      29652.070    265 59834.141    200814.141   60770.489
 95  WAG+F+I+G4    29617.983    266 59767.965    201811.965   60707.847
 96  WAG+F+R2      30104.982    266 60741.965    202785.965   61681.846
 97  WAG+F+R3      29708.888    268 59953.777    204137.777   60900.725
 98  WAG+F+R4      29611.158    270 59762.317    206102.317   60716.332
 99  WAG+F+R5      29575.616    272 59695.231    208207.231   60656.313
100  WAG+F+R6      29564.408    274 59676.816    210376.816   60644.965
101  WAG+F+R7      29564.374    276 59680.747    212584.747   60655.963
105  cpREV         31835.561    245 64161.123    81381.123    65026.803
106  cpREV+I       31401.232    246 63294.463    83548.463    64163.677
107  cpREV+G4      29791.310    246 60074.621    80328.621    60943.834
108  cpREV+I+G4    29767.238    247 60028.477    84530.877    60901.224
109  cpREV+R2      30229.870    247 60953.739    85456.139    61826.487
110  cpREV+R3      29857.319    249 60212.638    101712.638   61092.452
111  cpREV+R4      29744.262    251 59990.525    186494.525   60877.406
112  cpREV+R5      29701.973    253 59909.946    188433.946   60803.894
113  cpREV+R6      29694.318    255 59898.637    190458.637   60799.651
114  cpREV+R7      29694.289    257 59902.577    192514.577   60810.658
118  cpREV+F       31850.044    264 64228.088    204148.088   65160.903
119  cpREV+F+I     31409.658    265 63349.317    204329.317   64285.665
120  cpREV+F+G4    29827.215    265 60184.430    201164.430   61120.778
121  cpREV+F+I+G4  29803.905    266 60139.810    202183.810   61079.692
122  cpREV+F+R2    30270.223    266 61072.446    203116.446   62012.327
123  cpREV+F+R3    29876.975    268 60289.949    204473.949   61236.898
124  cpREV+F+R4    29780.068    270 60100.136    206440.136   61054.151
125  cpREV+F+R5    29735.557    272 60015.114    208527.114   60976.196
126  cpREV+F+R6    29725.738    274 59999.476    210699.476   60967.624
127  cpREV+F+R7    29725.673    276 60003.345    212907.345   60978.561
131  mtREV         33852.252    245 68194.503    85414.503    69060.184
132  mtREV+I       33515.048    246 67522.097    87776.097    68391.310
133  mtREV+G4      31166.544    246 62825.088    83079.088    63694.302
134  mtREV+I+G4    31146.812    247 62787.623    87290.023    63660.371
135  mtREV+R2      31836.792    247 64167.584    88669.984    65040.332
136  mtREV+R3      31318.366    249 63134.733    104634.733   64014.547
137  mtREV+R4      31171.125    251 62844.249    189348.249   63731.130
138  mtREV+R5      31103.344    253 62712.688    191236.688   63606.636
139  mtREV+R6      31089.648    255 62689.296    193249.296   63590.310
140  mtREV+R7      31089.633    257 62693.265    195305.265   63601.346
144  mtREV+F       32931.499    264 66390.999    206310.999   67323.814
145  mtREV+F+I     32510.931    265 65551.862    206531.862   66488.210
146  mtREV+F+G4    30441.709    265 61413.417    202393.417   62349.765
147  mtREV+F+I+G4  30408.674    266 61349.347    203393.347   62289.229
148  mtREV+F+R2    31047.762    266 62627.524    204671.524   63567.405
149  mtREV+F+R3    30550.092    268 61636.185    205820.185   62583.133
150  mtREV+F+R4    30418.142    270 61376.283    207716.283   62330.298
151  mtREV+F+R5    30372.139    272 61288.278    209800.278   62249.360
152  mtREV+F+R6    30364.692    274 61277.385    211977.385   62245.534
153  mtREV+F+R7    30364.652    276 61281.304    214185.304   62256.520
157  rtREV         31742.587    245 63975.175    81195.175    64840.855
158  rtREV+I       31320.321    246 63132.641    83386.641    64001.855
159  rtREV+G4      29584.954    246 59661.909    79915.909    60531.123
160  rtREV+I+G4    29556.321    247 59606.642    84109.042    60479.389
161  rtREV+R2      30091.153    247 60676.305    85178.705    61549.052
162  rtREV+R3      29683.840    249 59865.680    101365.680   60745.494
163  rtREV+R4      29552.218    251 59606.436    186110.436   60493.317
164  rtREV+R5      29523.368    253 59552.736    188076.736   60446.683
165  rtREV+R6      29504.335    255 59518.669    190078.669   60419.683
166  rtREV+R7      29504.256    257 59522.512    192134.512   60430.593
170  rtREV+F       31702.929    264 63933.858    203853.858   64866.673
171  rtREV+F+I     31308.773    265 63147.547    204127.547   64083.895
172  rtREV+F+G4    29553.920    265 59637.839    200617.839   60574.188
173  rtREV+F+I+G4  29523.109    266 59578.218    201622.218   60518.099
174  rtREV+F+R2    30077.267    266 60686.534    202730.534   61626.415
175  rtREV+F+R3    29641.244    268 59818.488    204002.488   60765.436
176  rtREV+F+R4    29525.213    270 59590.426    205930.426   60544.441
177  rtREV+F+R5    29497.796    272 59539.591    208051.591   60500.673
178  rtREV+F+R6    29478.242    274 59504.485    210204.485   60472.633
179  rtREV+F+R7    29478.139    276 59508.278    212412.278   60483.494
183  mtART         34461.005    245 69412.011    86632.011    70277.691
184  mtART+I       34217.471    246 68926.943    89180.943    69796.156
185  mtART+G4      31195.434    246 62882.867    83136.867    63752.081
186  mtART+I+G4    31185.426    247 62864.852    87367.252    63737.599
187  mtART+R2      31896.672    247 64287.344    88789.744    65160.091
188  mtART+R3      31353.813    249 63205.626    104705.626   64085.440
189  mtART+R4      31237.610    251 62977.221    189481.221   63864.102
190  mtART+R5      31152.203    253 62810.406    191334.406   63704.354
191  mtART+R6      31125.908    255 62761.816    193321.816   63662.830
192  mtART+R7      31125.576    257 62765.151    195377.151   63673.232
196  mtART+F       33372.861    264 67273.722    207193.722   68206.537
197  mtART+F+I     33052.502    265 66635.004    207615.004   67571.352
198  mtART+F+G4    30490.273    265 61510.547    202490.547   62446.895
199  mtART+F+I+G4  30478.804    266 61489.609    203533.609   62429.490
200  mtART+F+R2    31148.350    266 62828.699    204872.699   63768.581
201  mtART+F+R3    30646.377    268 61828.755    206012.755   62775.703
202  mtART+F+R4    30523.379    270 61586.759    207926.759   62540.774
203  mtART+F+R5    30455.735    272 61455.470    209967.470   62416.552
204  mtART+F+R6    30433.301    274 61414.602    212114.602   62382.751
205  mtART+F+R7    30433.043    276 61418.087    214322.087   62393.302
209  mtZOA         33412.857    245 67315.714    84535.714    68181.394
210  mtZOA+I       33134.942    246 66761.883    87015.883    67631.097
211  mtZOA+G4      30471.939    246 61435.878    81689.878    62305.092
212  mtZOA+I+G4    30456.436    247 61406.873    85909.273    62279.620
213  mtZOA+R2      31149.369    247 62792.738    87295.138    63665.485
214  mtZOA+R3      30624.354    249 61746.709    103246.709   62626.523
215  mtZOA+R4      30496.603    251 61495.205    187999.205   62382.086
216  mtZOA+R5      30438.301    253 61382.603    189906.603   62276.550
217  mtZOA+R6      30413.685    255 61337.371    191897.371   62238.385
218  mtZOA+R7      30413.367    257 61340.734    193952.734   62248.815
222  mtZOA+F       32697.491    264 65922.982    205842.982   66855.797
223  mtZOA+F+I     32340.032    265 65210.064    206190.064   66146.413
224  mtZOA+F+G4    30106.993    265 60743.986    201723.986   61680.334
225  mtZOA+F+I+G4  30085.584    266 60703.168    202747.168   61643.050
226  mtZOA+F+R2    30718.816    266 61969.633    204013.633   62909.514
227  mtZOA+F+R3    30252.850    268 61041.701    205225.701   61988.649
228  mtZOA+F+R4    30117.364    270 60774.728    207114.728   61728.743
229  mtZOA+F+R5    30066.757    272 60677.515    209189.515   61638.597
230  mtZOA+F+R6    30045.767    274 60639.533    211339.533   61607.682
231  mtZOA+F+R7    30045.564    276 60643.129    213547.129   61618.344
235  VT            31769.723    245 64029.446    81249.446    64895.127
236  VT+I          31281.781    246 63055.563    83309.563    63924.777
237  VT+G4         29708.813    246 59909.626    80163.626    60778.840
238  VT+I+G4       29675.679    247 59845.357    84347.757    60718.104
239  VT+R2         30174.162    247 60842.324    85344.724    61715.071
240  VT+R3         29776.390    249 60050.780    101550.780   60930.593
241  VT+R4         29666.658    251 59835.316    186339.316   60722.197
242  VT+R5         29641.458    253 59788.916    188312.916   60682.864
243  VT+R6         29631.634    255 59773.267    190333.267   60674.282
244  VT+R7         29631.609    257 59777.217    192389.217   60685.298
248  VT+F          31763.450    264 64054.899    203974.899   64987.714
249  VT+F+I        31307.744    265 63145.488    204125.488   64081.836
250  VT+F+G4       29764.138    265 60058.276    201038.276   60994.624
251  VT+F+I+G4     29732.102    266 59996.203    202040.203   60936.085
252  VT+F+R2       30239.918    266 61011.836    203055.836   61951.718
253  VT+F+R3       29828.578    268 60193.157    204377.157   61140.105
254  VT+F+R4       29728.533    270 59997.067    206337.067   60951.082
255  VT+F+R5       29700.086    272 59944.172    208456.172   60905.254
256  VT+F+R6       29687.654    274 59923.308    210623.308   60891.457
257  VT+F+R7       29687.508    276 59927.016    212831.016   60902.232
261  LG            31536.680    245 63563.360    80783.360    64429.040
262  LG+I          31090.959    246 62673.917    82927.917    63543.131
263  LG+G4         29325.617    246 59143.233    79397.233    60012.447
264  LG+I+G4       29293.092    247 59080.184    83582.584    59952.931
265  LG+R2         29873.640    247 60241.280    84743.680    61114.028
266  LG+R3         29420.809    249 59339.618    100839.618   60219.432
267  LG+R4         29293.986    251 59089.971    185593.971   59976.852
268  LG+R5         29262.626    253 59031.252    187555.252   59925.199
269  LG+R6         29243.514    255 58997.029    189557.029   59898.043
270  LG+R7         29243.272    257 59000.543    191612.543   59908.625
274  LG+F          31578.338    264 63684.677    203604.677   64617.491
275  LG+F+I        31162.153    265 62854.306    203834.306   63790.654
276  LG+F+G4       29399.808    265 59329.616    200309.616   60265.965
277  LG+F+I+G4     29365.974    266 59263.948    201307.948   60203.829
278  LG+F+R2       29949.176    266 60430.352    202474.352   61370.234
279  LG+F+R3       29496.145    268 59528.291    203712.291   60475.239
280  LG+F+R4       29371.121    270 59282.241    205622.241   60236.256
281  LG+F+R5       29338.914    272 59221.827    207733.827   60182.909
282  LG+F+R6       29321.668    274 59191.337    209891.337   60159.486
283  LG+F+R7       29321.465    276 59194.929    212098.929   60170.145
287  DCMut         32570.798    245 65631.595    82851.595    66497.276
288  DCMut+I       31966.895    246 64425.790    84679.790    65295.004
289  DCMut+G4      30097.061    246 60686.123    80940.123    61555.336
290  DCMut+I+G4    30063.890    247 60621.779    85124.179    61494.526
291  DCMut+R2      30674.296    247 61842.592    86344.992    62715.339
292  DCMut+R3      30167.430    249 60832.860    102332.860   61712.674
293  DCMut+R4      30056.548    251 60615.096    187119.096   61501.977
294  DCMut+R5      30004.577    253 60515.153    189039.153   61409.101
295  DCMut+R6      29994.000    255 60498.000    191058.000   61399.014
296  DCMut+R7      29993.601    257 60501.203    193113.203   61409.284
300  DCMut+F       32524.615    264 65577.230    205497.230   66510.044
301  DCMut+F+I     31980.551    265 64491.102    205471.102   65427.451
302  DCMut+F+G4    30186.075    265 60902.150    201882.150   61838.498
303  DCMut+F+I+G4  30148.602    266 60829.204    202873.204   61769.086
304  DCMut+F+R2    30748.132    266 62028.263    204072.263   62968.145
305  DCMut+F+R3    30260.343    268 61056.686    205240.686   62003.635
306  DCMut+F+R4    30145.712    270 60831.424    207171.424   61785.439
307  DCMut+F+R5    30095.461    272 60734.921    209246.921   61696.003
308  DCMut+F+R6    30085.610    274 60719.221    211419.221   61687.370
309  DCMut+F+R7    30085.264    276 60722.528    213626.528   61697.744
313  PMB           31706.878    245 63903.757    81123.757    64769.437
314  PMB+I         31274.882    246 63041.763    83295.763    63910.977
315  PMB+G4        29732.946    246 59957.892    80211.892    60827.106
316  PMB+I+G4      29704.674    247 59903.349    84405.749    60776.096
317  PMB+R2        30216.440    247 60926.881    85429.281    61799.628
318  PMB+R3        29785.381    249 60068.763    101568.763   60948.577
319  PMB+R4        29704.851    251 59911.703    186415.703   60798.583
320  PMB+R5        29672.565    253 59851.130    188375.130   60745.078
321  PMB+R6        29661.770    255 59833.541    190393.541   60734.555
322  PMB+R7        29661.691    257 59837.383    192449.383   60745.464
326  PMB+F         31822.004    264 64172.007    204092.007   65104.822
327  PMB+F+I       31400.289    265 63330.578    204310.578   64266.926
328  PMB+F+G4      29870.489    265 60270.978    201250.978   61207.326
329  PMB+F+I+G4    29841.931    266 60215.861    202259.861   61155.743
330  PMB+F+R2      30356.535    266 61245.070    203289.070   62184.952
331  PMB+F+R3      29923.383    268 60382.766    204566.766   61329.715
332  PMB+F+R4      29844.766    270 60229.532    206569.532   61183.547
333  PMB+F+R5      29811.173    272 60166.346    208678.346   61127.428
334  PMB+F+R6      29801.195    274 60150.391    210850.391   61118.539
335  PMB+F+R7      29801.139    276 60154.278    213058.278   61129.494
339  HIVb          33638.694    245 67767.388    84987.388    68633.068
340  HIVb+I        33069.486    246 66630.972    86884.972    67500.186
341  HIVb+G4       30868.299    246 62228.599    82482.599    63097.813
342  HIVb+I+G4     30826.036    247 62146.072    86648.472    63018.819
343  HIVb+R2       31565.864    247 63625.727    88128.127    64498.474
344  HIVb+R3       31004.069    249 62506.139    104006.139   63385.953
345  HIVb+R4       30829.833    251 62161.665    188665.665   63048.546
346  HIVb+R5       30782.784    253 62071.567    190595.567   62965.515
347  HIVb+R6       30771.337    255 62052.674    192612.674   62953.688
348  HIVb+R7       30771.230    257 62056.460    194668.460   62964.541
352  HIVb+F        33711.652    264 67951.303    207871.303   68884.118
353  HIVb+F+I      33183.590    265 66897.179    207877.179   67833.527
354  HIVb+F+G4     31016.287    265 62562.575    203542.575   63498.923
355  HIVb+F+I+G4   30968.607    266 62469.214    204513.214   63409.096
356  HIVb+F+R2     31679.644    266 63891.289    205935.289   64831.171
357  HIVb+F+R3     31120.912    268 62777.824    206961.824   63724.772
358  HIVb+F+R4     30977.042    270 62494.084    208834.084   63448.099
359  HIVb+F+R5     30934.882    272 62413.765    210925.765   63374.847
360  HIVb+F+R6     30916.748    274 62381.497    213081.497   63349.646
361  HIVb+F+R7     30916.743    276 62385.486    215289.486   63360.701
365  HIVw          35112.195    245 70714.389    87934.389    71580.070
366  HIVw+I        34434.232    246 69360.464    89614.464    70229.678
367  HIVw+G4       32386.653    246 65265.305    85519.305    66134.519
368  HIVw+I+G4     32347.082    247 65188.165    89690.565    66060.912
369  HIVw+R2       33061.256    247 66616.513    91118.913    67489.260
370  HIVw+R3       32496.564    249 65491.129    106991.129   66370.943
371  HIVw+R4       32350.067    251 65202.134    191706.134   66089.015
372  HIVw+R5       32293.570    253 65093.140    193617.140   65987.088
373  HIVw+R6       32284.372    255 65078.745    195638.745   65979.759
374  HIVw+R7       32284.371    257 65082.742    197694.742   65990.823
378  HIVw+F        34857.031    264 70242.062    210162.062   71174.877
379  HIVw+F+I      34200.617    265 68931.234    209911.234   69867.583
380  HIVw+F+G4     32171.006    265 64872.012    205852.012   65808.361
381  HIVw+F+I+G4   32140.100    266 64812.200    206856.200   65752.081
382  HIVw+F+R2     32834.460    266 66200.920    208244.920   67140.802
383  HIVw+F+R3     32268.003    268 65072.005    209256.005   66018.954
384  HIVw+F+R4     32142.832    270 64825.665    211165.665   65779.680
385  HIVw+F+R5     32071.800    272 64687.600    213199.600   65648.682
386  HIVw+F+R6     32067.141    274 64682.282    215382.282   65650.431
391  JTTDCMut      32270.156    245 65030.312    82250.312    65895.993
392  JTTDCMut+I    31729.009    246 63950.018    84204.018    64819.232
393  JTTDCMut+G4   29929.353    246 60350.707    80604.707    61219.920
394  JTTDCMut+I+G4 29898.744    247 60291.488    84793.888    61164.235
395  JTTDCMut+R2   30493.446    247 61480.892    85983.292    62353.639
396  JTTDCMut+R3   30020.222    249 60538.444    102038.444   61418.258
397  JTTDCMut+R4   29894.600    251 60291.199    186795.199   61178.080
398  JTTDCMut+R5   29858.373    253 60222.745    188746.745   61116.693
399  JTTDCMut+R6   29840.510    255 60191.020    190751.020   61092.034
400  JTTDCMut+R7   29840.176    257 60194.353    192806.353   61102.434
404  JTTDCMut+F    32316.963    264 65161.926    205081.926   66094.740
405  JTTDCMut+F+I  31819.645    265 64169.291    205149.291   65105.639
406  JTTDCMut+F+G4 30058.506    265 60647.013    201627.013   61583.361
407  JTTDCMut+F+I+G4 30025.487    266 60582.974    202626.974   61522.856
408  JTTDCMut+F+R2 30626.233    266 61784.465    203828.465   62724.347
409  JTTDCMut+F+R3 30149.008    268 60834.016    205018.016   61780.964
410  JTTDCMut+F+R4 30027.186    270 60594.373    206934.373   61548.388
411  JTTDCMut+F+R5 29985.307    272 60514.614    209026.614   61475.696
412  JTTDCMut+F+R6 29970.492    274 60488.984    211188.984   61457.133
413  JTTDCMut+F+R7 29970.402    276 60492.803    213396.803   61468.019
417  FLU           33033.070    245 66556.140    83776.140    67421.821
418  FLU+I         32544.804    246 65581.607    85835.607    66450.821
419  FLU+G4        30666.643    246 61825.287    82079.287    62694.500
420  FLU+I+G4      30625.348    247 61744.695    86247.095    62617.442
421  FLU+R2        31253.698    247 63001.396    87503.796    63874.143
422  FLU+R3        30754.898    249 62007.796    103507.796   62887.610
423  FLU+R4        30626.699    251 61755.398    188259.398   62642.279
424  FLU+R5        30582.287    253 61670.575    190194.575   62564.522
425  FLU+R6        30567.510    255 61645.021    192205.021   62546.035
426  FLU+R7        30566.918    257 61647.835    194259.835   62555.917
430  FLU+F         32983.230    264 66494.460    206414.460   67427.275
431  FLU+F+I       32550.042    265 65630.083    206610.083   66566.432
432  FLU+F+G4      30659.594    265 61849.188    202829.188   62785.536
433  FLU+F+I+G4    30624.255    266 61780.509    203824.509   62720.391
434  FLU+F+R2      31219.256    266 62970.513    205014.513   63910.394
435  FLU+F+R3      30753.389    268 62042.778    206226.778   62989.726
436  FLU+F+R4      30620.004    270 61780.007    208120.007   62734.022
437  FLU+F+R5      30582.020    272 61708.039    210220.039   62669.121
438  FLU+F+R6      30574.291    274 61696.582    212396.582   62664.731
439  FLU+F+R7      30573.563    276 61699.126    214603.126   62674.342
443  Blosum62      31587.646    245 63665.291    80885.291    64530.971
444  Blosum62+I    31168.534    246 62829.069    83083.069    63698.282
445  Blosum62+G4   29673.472    246 59838.944    80092.944    60708.158
446  Blosum62+I+G4 29646.947    247 59787.894    84290.294    60660.641
447  Blosum62+R2   30131.229    247 60756.458    85258.858    61629.205
448  Blosum62+R3   29722.285    249 59942.570    101442.570   60822.384
449  Blosum62+R4   29646.847    251 59795.695    186299.695   60682.575
450  Blosum62+R5   29611.774    253 59729.548    188253.548   60623.496
451  Blosum62+R6   29600.712    255 59711.425    190271.425   60612.439
452  Blosum62+R7   29600.668    257 59715.336    192327.336   60623.417
456  Blosum62+F    31658.036    264 63844.071    203764.071   64776.886
457  Blosum62+F+I  31247.541    265 63025.082    204005.082   63961.430
458  Blosum62+F+G4 29768.808    265 60067.617    201047.617   61003.965
459  Blosum62+F+I+G4 29741.687    266 60015.374    202059.374   60955.255
460  Blosum62+F+R2 30223.704    266 60979.408    203023.408   61919.290
461  Blosum62+F+R3 29814.722    268 60165.443    204349.443   61112.391
462  Blosum62+F+R4 29741.086    270 60022.172    206362.172   60976.188
463  Blosum62+F+R5 29707.610    272 59959.219    208471.219   60920.301
464  Blosum62+F+R6 29696.049    274 59940.097    210640.097   60908.246
465  Blosum62+F+R7 29696.029    276 59944.057    212848.057   60919.273
469  mtMet         33857.187    245 68204.375    85424.375    69070.055
470  mtMet+I       33529.963    246 67551.926    87805.926    68421.140
471  mtMet+G4      31067.590    246 62627.180    82881.180    63496.394
472  mtMet+I+G4    31043.274    247 62580.549    87082.949    63453.296
473  mtMet+R2      31775.812    247 64045.625    88548.025    64918.372
474  mtMet+R3      31204.932    249 62907.863    104407.863   63787.677
475  mtMet+R4      31075.182    251 62652.363    189156.363   63539.244
476  mtMet+R5      31032.946    253 62571.892    191095.892   63465.839
477  mtMet+R6      31020.576    255 62551.151    193111.151   63452.166
478  mtMet+R7      31020.519    257 62555.037    195167.037   63463.118
482  mtMet+F       33006.263    264 66540.526    206460.526   67473.340
483  mtMet+F+I     32602.418    265 65734.836    206714.836   66671.184
484  mtMet+F+G4    30472.087    265 61474.173    202454.173   62410.522
485  mtMet+F+I+G4  30443.773    266 61419.545    203463.545   62359.427
486  mtMet+F+R2    31095.994    266 62723.987    204767.987   63663.869
487  mtMet+F+R3    30619.422    268 61774.845    205958.845   62721.793
488  mtMet+F+R4    30468.796    270 61477.592    207817.592   62431.607
489  mtMet+F+R5    30432.397    272 61408.793    209920.793   62369.875
490  mtMet+F+R6    30415.881    274 61379.761    212079.761   62347.910
491  mtMet+F+R7    30415.840    276 61383.679    214287.679   62358.895
495  mtVer         34728.057    245 69946.115    87166.115    70811.795
496  mtVer+I       34366.922    246 69225.843    89479.843    70095.057
497  mtVer+G4      31550.119    246 63592.237    83846.237    64461.451
498  mtVer+I+G4    31519.763    247 63533.525    88035.925    64406.273
499  mtVer+R2      32355.366    247 65204.731    89707.131    66077.479
500  mtVer+R3      31723.280    249 63944.560    105444.560   64824.374
501  mtVer+R4      31583.172    251 63668.344    190172.344   64555.225
502  mtVer+R5      31522.979    253 63551.958    192075.958   64445.906
503  mtVer+R6      31507.165    255 63524.331    194084.331   64425.345
504  mtVer+R7      31507.162    257 63528.324    196140.324   64436.405
508  mtVer+F       33978.765    264 68485.529    208405.529   69418.344
509  mtVer+F+I     33498.748    265 67527.496    208507.496   68463.844
510  mtVer+F+G4    31134.553    265 62799.105    203779.105   63735.453
511  mtVer+F+I+G4  31103.011    266 62738.021    204782.021   63677.903
512  mtVer+F+R2    31834.038    266 64200.075    206244.075   65139.957
513  mtVer+F+R3    31287.668    268 63111.337    207295.337   64058.285
514  mtVer+F+R4    31152.430    270 62844.859    209184.859   63798.875
515  mtVer+F+R5    31109.964    272 62763.927    211275.927   63725.009
516  mtVer+F+R6    31088.022    274 62724.045    213424.045   63692.194
517  mtVer+F+R7    31087.984    276 62727.968    215631.968   63703.184
521  mtInv         33624.326    245 67738.653    84958.653    68604.333
522  mtInv+I       33285.657    246 67063.313    87317.313    67932.527
523  mtInv+G4      31039.837    246 62571.675    82825.675    63440.888
524  mtInv+I+G4    31011.647    247 62517.293    87019.693    63390.041
525  mtInv+R2      31703.211    247 63900.421    88402.821    64773.168
526  mtInv+R3      31143.293    249 62784.586    104284.586   63664.400
527  mtInv+R4      31028.396    251 62558.791    189062.791   63445.672
528  mtInv+R5      30992.312    253 62490.624    191014.624   63384.572
529  mtInv+R6      30974.964    255 62459.928    193019.928   63360.942
530  mtInv+R7      30974.954    257 62463.908    195075.908   63371.989
534  mtInv+F       32472.558    264 65473.116    205393.116   66405.931
535  mtInv+F+I     32055.748    265 64641.496    205621.496   65577.844
536  mtInv+F+G4    30125.039    265 60780.079    201760.079   61716.427
537  mtInv+F+I+G4  30090.664    266 60713.328    202757.328   61653.210
538  mtInv+F+R2    30707.630    266 61947.260    203991.260   62887.141
539  mtInv+F+R3    30237.633    268 61011.266    205195.266   61958.215
540  mtInv+F+R4    30102.424    270 60744.849    207084.849   61698.864
541  mtInv+F+R5    30069.716    272 60683.432    209195.432   61644.514
542  mtInv+F+R6    30051.472    274 60650.944    211350.944   61619.093
543  mtInv+F+R7    30051.450    276 60654.899    213558.899   61630.115
Akaike Information Criterion:           LG+R6
Corrected Akaike Information Criterion: LG+G4
Bayesian Information Criterion:         LG+R6
Best-fit model: LG+R6 chosen according to BIC

All model information printed to K11540.blastp_ALL.outfmt6.parsed.filtered.uniq.faa.mafft.aln.trimal1.model.gz
CPU time for ModelFinder: 2222.019 seconds (0h:37m:2s)
Wall-clock time for ModelFinder: 1518.793 seconds (0h:25m:18s)
Generating 2000 samples for ultrafast bootstrap (seed: 553876)...

NOTE: 32 MB RAM (0 GB) is required!
Measuring multi-threading efficiency up to 2 CPU cores
Increase to 10 rounds for branch lengths
3 trees examined
Threads: 1 / Time: 2.305 sec / Speedup: 1.000 / Efficiency: 100% / LogL: -37948
Threads: 2 / Time: 2.222 sec / Speedup: 1.037 / Efficiency: 52% / LogL: -37948
BEST NUMBER OF THREADS: 1

Estimate model parameters (epsilon = 0.100)
1. Initial log-likelihood: -29281.770
2. Current log-likelihood: -29271.337
3. Current log-likelihood: -29269.909
4. Current log-likelihood: -29268.671
5. Current log-likelihood: -29267.609
6. Current log-likelihood: -29266.690
7. Current log-likelihood: -29265.880
8. Current log-likelihood: -29265.161
9. Current log-likelihood: -29264.621
10. Current log-likelihood: -29264.106
11. Current log-likelihood: -29263.628
12. Current log-likelihood: -29263.184
13. Current log-likelihood: -29262.772
14. Current log-likelihood: -29262.387
15. Current log-likelihood: -29262.036
16. Current log-likelihood: -29261.709
17. Current log-likelihood: -29261.402
18. Current log-likelihood: -29261.115
19. Current log-likelihood: -29260.940
20. Current log-likelihood: -29260.664
21. Current log-likelihood: -29260.505
22. Current log-likelihood: -29260.345
23. Current log-likelihood: -29260.099
24. Current log-likelihood: -29259.963
25. Current log-likelihood: -29259.825
26. Current log-likelihood: -29259.692
27. Current log-likelihood: -29259.565
28. Current log-likelihood: -29259.443
29. Current log-likelihood: -29259.334
Optimal log-likelihood: -29259.190
Site proportion and rates:  (0.229,0.062) (0.095,0.250) (0.140,0.513) (0.188,0.836) (0.202,1.496) (0.146,2.952)
Parameters optimization took 29 rounds (42.258 sec)
Computing ML distances based on estimated model parameters... 7.229 sec
Computing BIONJ tree...
0.009 seconds
Log-likelihood of BIONJ tree: -29078.043
--------------------------------------------------------------------
|             INITIALIZING CANDIDATE TREE SET                      |
--------------------------------------------------------------------
Generating 98 parsimony trees... 3.942 second
Computing log-likelihood of 98 initial trees ... 19.802 seconds
Current best score: -29078.043

Do NNI search on 20 best initial trees
Estimate model parameters (epsilon = 0.100)
BETTER TREE FOUND at iteration 1: -29025.731
Iteration 10 / LogL: -29054.133 / Time: 0h:1m:44s
Iteration 20 / LogL: -29086.516 / Time: 0h:2m:6s
Finish initializing candidate tree set (20)
Current best tree score: -29025.731 / CPU time: 71.758
Number of iterations: 20
--------------------------------------------------------------------
|               OPTIMIZING CANDIDATE TREE SET                      |
--------------------------------------------------------------------
Iteration 30 / LogL: -29035.022 / Time: 0h:2m:29s (0h:6m:5s left)
Estimate model parameters (epsilon = 0.100)
BETTER TREE FOUND at iteration 35: -29023.875
Estimate model parameters (epsilon = 0.100)
BETTER TREE FOUND at iteration 40: -29020.487
Iteration 40 / LogL: -29020.487 / Time: 0h:2m:57s (0h:7m:36s left)
Estimate model parameters (epsilon = 0.100)
BETTER TREE FOUND at iteration 42: -29013.357
Iteration 50 / LogL: -29019.544 / Time: 0h:3m:22s (0h:6m:19s left)
Log-likelihood cutoff on original alignment: -29135.952
Estimate model parameters (epsilon = 0.100)
BETTER TREE FOUND at iteration 54: -29013.081
Iteration 60 / LogL: -29016.591 / Time: 0h:3m:46s (0h:6m:0s left)
Iteration 70 / LogL: -29018.293 / Time: 0h:4m:8s (0h:5m:2s left)
Iteration 80 / LogL: -29018.712 / Time: 0h:4m:31s (0h:4m:14s left)
Iteration 90 / LogL: -29017.589 / Time: 0h:4m:52s (0h:3m:30s left)
Iteration 100 / LogL: -29014.595 / Time: 0h:5m:15s (0h:2m:51s left)
Log-likelihood cutoff on original alignment: -29135.952
NOTE: Bootstrap correlation coefficient of split occurrence frequencies: 0.992
Iteration 110 / LogL: -29013.505 / Time: 0h:5m:37s (0h:4m:38s left)
Iteration 120 / LogL: -29033.535 / Time: 0h:5m:57s (0h:4m:0s left)
Iteration 130 / LogL: -29019.476 / Time: 0h:6m:18s (0h:3m:25s left)
Iteration 140 / LogL: -29038.847 / Time: 0h:6m:41s (0h:2m:53s left)
Iteration 150 / LogL: -29018.994 / Time: 0h:7m:1s (0h:2m:21s left)
Log-likelihood cutoff on original alignment: -29135.952
TREE SEARCH COMPLETED AFTER 155 ITERATIONS / Time: 0h:7m:11s

--------------------------------------------------------------------
|                    FINALIZING TREE SEARCH                        |
--------------------------------------------------------------------
Performs final model parameters optimization
Estimate model parameters (epsilon = 0.010)
1. Initial log-likelihood: -29013.081
2. Current log-likelihood: -29013.017
3. Current log-likelihood: -29012.927
4. Current log-likelihood: -29012.840
5. Current log-likelihood: -29012.759
6. Current log-likelihood: -29012.681
7. Current log-likelihood: -29012.618
8. Current log-likelihood: -29012.555
9. Current log-likelihood: -29012.494
10. Current log-likelihood: -29012.434
11. Current log-likelihood: -29012.378
12. Current log-likelihood: -29012.326
13. Current log-likelihood: -29012.272
14. Current log-likelihood: -29012.225
15. Current log-likelihood: -29012.179
16. Current log-likelihood: -29012.134
17. Current log-likelihood: -29012.091
18. Current log-likelihood: -29012.050
19. Current log-likelihood: -29012.010
20. Current log-likelihood: -29011.971
21. Current log-likelihood: -29011.932
22. Current log-likelihood: -29011.895
23. Current log-likelihood: -29011.858
24. Current log-likelihood: -29011.821
25. Current log-likelihood: -29011.785
26. Current log-likelihood: -29011.750
27. Current log-likelihood: -29011.715
28. Current log-likelihood: -29011.681
29. Current log-likelihood: -29011.647
30. Current log-likelihood: -29011.615
31. Current log-likelihood: -29011.583
32. Current log-likelihood: -29011.552
33. Current log-likelihood: -29011.521
34. Current log-likelihood: -29011.492
35. Current log-likelihood: -29011.462
36. Current log-likelihood: -29011.434
37. Current log-likelihood: -29011.406
38. Current log-likelihood: -29011.378
39. Current log-likelihood: -29011.351
40. Current log-likelihood: -29011.325
41. Current log-likelihood: -29011.309
42. Current log-likelihood: -29011.293
43. Current log-likelihood: -29011.277
44. Current log-likelihood: -29011.249
45. Current log-likelihood: -29011.224
46. Current log-likelihood: -29011.209
47. Current log-likelihood: -29011.194
48. Current log-likelihood: -29011.179
49. Current log-likelihood: -29011.153
50. Current log-likelihood: -29011.139
51. Current log-likelihood: -29011.125
52. Current log-likelihood: -29011.112
53. Current log-likelihood: -29011.099
54. Current log-likelihood: -29011.085
55. Current log-likelihood: -29011.072
56. Current log-likelihood: -29011.060
57. Current log-likelihood: -29011.047
58. Current log-likelihood: -29011.034
59. Current log-likelihood: -29011.021
60. Current log-likelihood: -29011.009
61. Current log-likelihood: -29010.997
62. Current log-likelihood: -29010.984
63. Current log-likelihood: -29010.972
64. Current log-likelihood: -29010.960
65. Current log-likelihood: -29010.948
66. Current log-likelihood: -29010.937
67. Current log-likelihood: -29010.925
68. Current log-likelihood: -29010.913
69. Current log-likelihood: -29010.902
70. Current log-likelihood: -29010.890
71. Current log-likelihood: -29010.879
72. Current log-likelihood: -29010.868
73. Current log-likelihood: -29010.857
74. Current log-likelihood: -29010.846
75. Current log-likelihood: -29010.835
76. Current log-likelihood: -29010.824
77. Current log-likelihood: -29010.813
78. Current log-likelihood: -29010.803
79. Current log-likelihood: -29010.792
80. Current log-likelihood: -29010.782
81. Current log-likelihood: -29010.772
82. Current log-likelihood: -29010.761
83. Current log-likelihood: -29010.750
Optimal log-likelihood: -29010.735
Site proportion and rates:  (0.204,0.042) (0.090,0.193) (0.121,0.408) (0.220,0.767) (0.211,1.419) (0.155,2.952)
Parameters optimization took 83 rounds (92.616 sec)
BEST SCORE FOUND : -29010.735
Creating bootstrap support values...
Split supports printed to NEXUS file K11540.blastp_ALL.outfmt6.parsed.filtered.uniq.faa.mafft.aln.trimal1.splits.nex
Total tree length: 34.361

Total number of iterations: 155
CPU time used for tree search: 376.458 sec (0h:6m:16s)
Wall-clock time used for tree search: 376.644 sec (0h:6m:16s)
Total CPU time used: 526.855 sec (0h:8m:46s)
Total wall-clock time used: 524.704 sec (0h:8m:44s)

Computing bootstrap consensus tree...
Reading input file K11540.blastp_ALL.outfmt6.parsed.filtered.uniq.faa.mafft.aln.trimal1.splits.nex...
124 taxa and 1044 splits.
Consensus tree written to K11540.blastp_ALL.outfmt6.parsed.filtered.uniq.faa.mafft.aln.trimal1.contree
Reading input trees file K11540.blastp_ALL.outfmt6.parsed.filtered.uniq.faa.mafft.aln.trimal1.contree
Log-likelihood of consensus tree: -29010.831

Analysis results written to: 
  IQ-TREE report:                K11540.blastp_ALL.outfmt6.parsed.filtered.uniq.faa.mafft.aln.trimal1.iqtree
  Maximum-likelihood tree:       K11540.blastp_ALL.outfmt6.parsed.filtered.uniq.faa.mafft.aln.trimal1.treefile
  Likelihood distances:          K11540.blastp_ALL.outfmt6.parsed.filtered.uniq.faa.mafft.aln.trimal1.mldist

Ultrafast bootstrap approximation results written to:
  Split support values:          K11540.blastp_ALL.outfmt6.parsed.filtered.uniq.faa.mafft.aln.trimal1.splits.nex
  Consensus tree:                K11540.blastp_ALL.outfmt6.parsed.filtered.uniq.faa.mafft.aln.trimal1.contree
  Screen log file:               K11540.blastp_ALL.outfmt6.parsed.filtered.uniq.faa.mafft.aln.trimal1.log

Date and Time: Thu Sep  9 00:27:11 2021
