IQ-TREE multicore version 1.6.12 for Linux 64-bit built Aug 15 2019
Developed by Bui Quang Minh, Nguyen Lam Tung, Olga Chernomor,
Heiko Schmidt, Dominik Schrempf, Michael Woodhams.

Host:    coral (AVX512, FMA3, 376 GB RAM)
Command: /home/timothy/programs/iqtree-1.6.12-Linux/bin/iqtree -s K11751.blastp_ALL.outfmt6.parsed.filtered.uniq.faa.mafft.aln -nt AUTO -ntmax 2 -m MFP -bb 2000 -quiet
Seed:    660438 (Using SPRNG - Scalable Parallel Random Number Generator)
Time:    Wed May 26 08:27:51 2021
Kernel:  AVX+FMA - auto-detect threads (96 CPU cores detected)

Reading alignment file K11751.blastp_ALL.outfmt6.parsed.filtered.uniq.faa.mafft.aln ... Fasta format detected
Alignment most likely contains protein sequences
Alignment has 218 sequences with 8631 columns, 6738 distinct patterns
2862 parsimony-informative, 3377 singleton sites, 2392 constant sites
                                                                                                                                                             Gap/Ambiguity  Composition  p-value
   1  Archaea-Euryarchaeota-Halobacteria-Haloferacales-Halorubraceae-Halorubrum_tebenquichense_WP_006629019.1                                                       93.51%    failed      0.00%
   2  Archaea-Euryarchaeota-Halobacteria-Haloferacales-Halorubraceae-Salinigranum_sp._DYF38_WP_136592142.1                                                          93.40%    failed      0.00%
   3  Archaea-Euryarchaeota-Thermoplasmata-NA-NA-methanogenic_archaeon_ISO4H5_WP_066076851.1                                                                        94.11%    failed      0.00%
   4  Bacteria-Actinobacteria-Actinobacteria-Catenulisporales-Actinospicaceae-Actinospica_robiniae_WP_051450565.1                                                   94.28%    failed      0.00%
   5  Bacteria-Actinobacteria-Actinobacteria-Streptosporangiales-Thermomonosporaceae-Actinomadura_hibisca_WP_067478289.1                                            96.34%    failed      0.00%
   6  Bacteria-Actinobacteria-Actinobacteria-Streptosporangiales-Thermomonosporaceae-NA_WP_034521594.1                                                              96.47%    failed      0.00%
   7  Bacteria-Caldiserica-Caldisericia-Caldisericales-Caldisericaceae-Caldisericum_exile_WP_014452733.1                                                            91.96%    failed      0.00%
   8  Bacteria-CandidatusBipolaricaulota-NA-NA-NA-Candidatus_Bipolaricaulis_anaerobius_WP_122030517.1                                                               93.41%    failed      0.00%
   9  Bacteria-CandidatusCryosericota-CandidatusCryosericia-CandidatusCryosericales-CandidatusCryosericaceae-Candidatus_Cryosericum_septentrionale_WP_126855135.1   93.84%    failed      0.00%
  10  Bacteria-Chloroflexi-Chloroflexia-Chloroflexales-Chloroflexaceae-Chloroflexus_aggregans_WP_012615934.1                                                        93.20%    failed      0.00%
  11  Bacteria-Chloroflexi-Chloroflexia-Chloroflexales-Oscillochloridaceae-Candidatus_Viridilinea_mediisalina_WP_097644378.1                                        92.83%    failed      0.00%
  12  Bacteria-Chloroflexi-Chloroflexia-Chloroflexales-Oscillochloridaceae-Oscillochloris_trichoides_WP_006562841.1                                                 92.94%    failed      0.00%
  13  Bacteria-Cyanobacteria-NA-Oscillatoriales-Microcoleaceae-Arthrospira_platensis_WP_006618753.1                                                                 93.87%    failed      0.00%
  14  Bacteria-Cyanobacteria-NA-Oscillatoriales-Oscillatoriaceae-Limnoraphis_robusta_WP_046281164.1                                                                 93.87%    failed      0.00%
  15  Bacteria-Cyanobacteria-NA-Oscillatoriales-Oscillatoriaceae-Lyngbya_aestuarii_WP_023069651.1                                                                   93.87%    failed      0.00%
  16  Bacteria-Cyanobacteria-NA-Oscillatoriales-Oscillatoriaceae-Lyngbya_sp._PCC_8106_WP_039895834.1                                                                93.87%    failed      0.00%
  17  Bacteria-Cyanobacteria-NA-Synechococcales-Pseudanabaenaceae-Pseudanabaena_sp._ABRG53_WP_126390495.1                                                           93.85%    failed      0.00%
  18  Bacteria-DeinococcusThermus-Deinococci-Deinococcales-Deinococcaceae-Deinococcus_deserti_WP_012695190.1                                                        93.96%    failed      0.00%
  19  Bacteria-DeinococcusThermus-Deinococci-Deinococcales-Deinococcaceae-NA_WP_011525821.1                                                                         93.98%    failed      0.00%
  20  Bacteria-DeinococcusThermus-Deinococci-Thermales-Thermaceae-NA_WP_018111474.1                                                                                 93.63%    failed      0.00%
  21  Bacteria-DeinococcusThermus-Deinococci-Thermales-Thermaceae-Thermus_aquaticus_WP_040684477.1                                                                  93.64%    failed      0.00%
  22  Bacteria-DeinococcusThermus-Deinococci-Thermales-Thermaceae-Thermus_sp._2.9_WP_039458350.1                                                                    93.62%    failed      0.00%
  23  Bacteria-Firmicutes-Bacilli-Bacillales-Bacillaceae-Bacillus_cavernae_WP_126867335.1                                                                           85.56%    failed      0.00%
  24  Bacteria-Firmicutes-Bacilli-Bacillales-Bacillaceae-Microbacterium_sp._SLBN1_WP_142130366.1                                                                    85.39%    failed      0.00%
  25  Bacteria-Firmicutes-Bacilli-Bacillales-Bacillaceae-NA_WP_079532504.1                                                                                          93.77%    failed      0.00%
  26  Bacteria-Firmicutes-Clostridia-Clostridiales-Ruminococcaceae-Acetivibrio_ethanolgignens_WP_083504372.1                                                        93.08%    failed      0.00%
  27  Bacteria-Firmicutes-Tissierellia-Tissierellales-Peptoniphilaceae-Peptoniphilaceae_bacterium_WP_148473262.1                                                    91.02%    failed      0.00%
  28  Bacteria-NA-NA-NA-NA-bacterium_JKG1_WP_081752816.1                                                                                                            92.91%    failed      0.00%
  29  Bacteria-NA-NA-NA-NA-NA_WP_135855525.1                                                                                                                        92.50%    failed      0.00%
  30  Bacteria-NA-NA-NA-NA-NA_WP_135898565.1                                                                                                                        92.14%    failed      0.00%
  31  Bacteria-Planctomycetes-NA-NA-NA-Planctomycetes_bacterium_Pan189_WP_145364912.1                                                                               93.78%    failed      0.00%
  32  Bacteria-Proteobacteria-Alphaproteobacteria-NA-NA-NA_WP_116491978.1                                                                                           92.35%    failed      0.00%
  33  Bacteria-Proteobacteria-Alphaproteobacteria-NA-NA-Polymorphum_gilvum_WP_013653831.1                                                                           93.78%    failed      0.00%
  34  Bacteria-Proteobacteria-Alphaproteobacteria-Rhizobiales-Cohaesibacteraceae-Cohaesibacter_marisflavi_WP_090070526.1                                            93.79%    failed      0.00%
  35  Bacteria-Proteobacteria-Alphaproteobacteria-Rhizobiales-NA-Hartmannibacter_diazotrophicus_WP_099554895.1                                                      93.81%    failed      0.00%
  36  Bacteria-Proteobacteria-Alphaproteobacteria-Rhizobiales-NA-Methylobrevis_pamukkalensis_WP_083255818.1                                                         83.78%    failed      0.00%
  37  Bacteria-Proteobacteria-Alphaproteobacteria-Rhizobiales-NA-Rhizobiales_bacterium_WP_122011479.1                                                               93.16%    failed      0.00%
  38  Bacteria-Proteobacteria-Alphaproteobacteria-Rhodobacterales-Rhodobacteraceae-Rhodovulum_sp._MB263_WP_080616594.1                                              93.94%    failed      0.00%
  39  Bacteria-Proteobacteria-Alphaproteobacteria-Rhodobacterales-Rhodobacteraceae-Rhodovulum_sp._P5_WP_081531697.1                                                 93.93%    failed      0.00%
  40  Bacteria-Thermotogae-Thermotogae-Kosmotogales-Kosmotogaceae-Mesotoga_sp._H07pep.5.4_WP_121510639.1                                                            92.18%    failed      0.00%
  41  Eukaryota-Acytosteliales-Acytosteliales-Acytosteliales-Acytosteliaceae-Acytostelium_subglobosum_XP_012750578.1                                                94.50%    failed      0.00%
  42  Eukaryota-Acytosteliales-Acytosteliales-Acytosteliales-Cavenderiaceae-Cavenderia_fasciculata_XP_004352023.1                                                   94.81%    failed      0.00%
  43  Eukaryota-Alveolata-Dinophyceae-NA-Unranked-Alexandrium_margalefi_MMETSP0661_c97630_g1_i1.p1                                                                  92.31%    failed      0.00%
  44  Eukaryota-Alveolata-Dinophyceae-NA-Unranked-Amphidinium_massartii_MMETSP0689_c17236_g1_i1.p1                                                                  93.23%    failed      0.00%
  45  Eukaryota-Alveolata-Dinophyceae-NA-Unranked-Gymnodinium_catenatum_MMETSP0784_c31728_g1_i1.p1                                                                  94.18%    failed      0.00%
  46  Eukaryota-Alveolata-Dinophyceae-NA-Unranked-Heterocapsa_rotundata_MMETSP0503_c1742_g1_i1.p2                                                                   96.63%    passed      5.60%
  47  Eukaryota-Alveolata-Dinophyceae-NA-Unranked-Karenia_brevis_MMETSP0029_c83578_g1_i1.p1                                                                         93.52%    failed      0.00%
  48  Eukaryota-Alveolata-Dinophyceae-Peridiniales-Kryptoperidiniaceae-Durinskia_baltica_MMETSP0117_c98104_g1_i1.p1                                                 96.06%    passed     46.98%
  49  Eukaryota-Amoebozoa-NA-NA-Paramoebidae-Mayorella_sp_MMETSP0417_c2062_g1_i1.p1                                                                                 95.55%    failed      0.07%
  50  Eukaryota-Amoebozoa-NA-NA-Paramoebidae-Mayorella_sp_MMETSP0417_c4389_g1_i1.p1                                                                                 88.85%    failed      0.00%
  51  Eukaryota-Amoebozoa-NA-NA-Paramoebidae-Neoparamoeba_aestuarina_MMETSP0161_c15604_g1_i1.p1                                                                     90.12%    failed      0.00%
  52  Eukaryota-Amoebozoa-NA-NA-Paramoebidae-Neoparamoeba_aestuarina_MMETSP0161_c21411_g1_i1.p1                                                                     95.66%    failed      0.00%
  53  Eukaryota-Amoebozoa-NA-NA-Paramoebidae-Paramoeba_atlantica_MMETSP0151_c11210_g1_i1.p1                                                                         90.15%    failed      0.00%
  54  Eukaryota-Amoebozoa-NA-NA-Paramoebidae-Stygamoeba_regulata_MMETSP0447_c4439_g1_i1.p1                                                                          95.54%    failed      0.06%
  55  Eukaryota-Annelida-Clitellata-Hirudinida-Glossiphoniidae-Helobdella_robusta_jgi75645                                                                          94.02%    failed      0.00%
  56  Eukaryota-Annelida-Clitellata-Hirudinida-Glossiphoniidae-Helobdella_robusta_XP_009015687.1                                                                    95.85%    failed      0.03%
  57  Eukaryota-Apicomplexa-Conoidasida-Eucoccidiorida-Cryptosporidiidae-Cryptosporidium_muris_XP_002140172.1                                                       91.88%    failed      0.00%
  58  Eukaryota-Apicomplexa-Conoidasida-Eucoccidiorida-Sarcocystidae-Besnoitia_besnoiti_XP_029218953.1                                                              90.09%    failed      0.00%
  59  Eukaryota-Apicomplexa-Conoidasida-Eucoccidiorida-Sarcocystidae-Neospora_caninum_XP_003884083.1                                                                74.42%    failed      0.00%
  60  Eukaryota-Apicomplexa-Conoidasida-Eucoccidiorida-Sarcocystidae-Toxoplasma_gondii_XP_018636107.1                                                               75.29%    failed      0.00%
  61  Eukaryota-Apicomplexa-NA-Unranked-NA-Alveolata_sp_MMETSP0288_c23958_g1_i1.p1                                                                                  90.88%    failed      0.00%
  62  Eukaryota-Apicomplexa-NA-Unranked-NA-Lankesteria_abbottii_MMETSP0372_c13332_g2_i1.p1                                                                          95.45%    passed      6.68%
  63  Eukaryota-Apusomonadidae-NA-NA-NA-Thecamonas_trahens_XP_013758939.1                                                                                           93.42%    failed      0.00%
  64  Eukaryota-Apusomonadidae-NA-NA-NA-Thecamonas_trahens_XP_013762067.1                                                                                           93.66%    failed      0.00%
  65  Eukaryota-Arthropoda-Arachnida-Araneae-Theridiidae-Parasteatoda_tepidariorum_XP_015907484.1                                                                   92.50%    failed      0.00%
  66  Eukaryota-Arthropoda-Arachnida-Scorpiones-Buthidae-Centruroides_sculpturatus_XP_023236967.1                                                                   93.23%    failed      0.00%
  67  Eukaryota-Arthropoda-Insecta-Lepidoptera-Bombycidae-Bombyx_mandarina_XP_028041850.1                                                                           84.01%    failed      0.00%
  68  Eukaryota-Arthropoda-Insecta-Lepidoptera-Cosmopterigidae-Hyposmocoma_kahamanoa_XP_026318223.1                                                                 83.87%    failed      0.00%
  69  Eukaryota-Arthropoda-Insecta-Lepidoptera-Nymphalidae-Bicyclus_anynana_XP_023950745.1                                                                          83.77%    failed      0.00%
  70  Eukaryota-Arthropoda-Malacostraca-Amphipoda-Hyalellidae-Hyalella_azteca_XP_018006981.1                                                                        92.68%    failed      0.00%
  71  Eukaryota-Ascomycota-Eurotiomycetes-Chaetothyriales-Herpotrichiellaceae-Phialophora_attae_XP_018002349.1                                                      93.05%    failed      0.00%
  72  Eukaryota-Ascomycota-Saccharomycetes-Saccharomycetales-NA-Kuraishia_capsulata_XP_022460942.1                                                                  95.56%    failed      0.43%
  73  Eukaryota-Ascomycota-Saccharomycetes-Saccharomycetales-Phaffomycetaceae-Wickerhamomyces_anomalus_XP_019039621.1                                               96.87%    failed      0.00%
  74  Eukaryota-Ascomycota-Saccharomycetes-Saccharomycetales-Saccharomycetaceae-Kazachstania_naganishii_XP_022462240.1                                              94.21%    failed      0.00%
  75  Eukaryota-Ascomycota-Sordariomycetes-Glomerellales-Plectosphaerellaceae-Verticillium_alfalfae_XP_003000291.1                                                  93.36%    failed      0.00%
  76  Eukaryota-Ascomycota-Sordariomycetes-Magnaporthales-Magnaporthaceae-Gaeumannomyces_tritici_XP_009223336.1                                                     93.58%    failed      0.00%
  77  Eukaryota-Basidiomycota-Agaricomycetes-Agaricales-Psathyrellaceae-Coprinopsis_cinerea_XP_001841000.1                                                          92.69%    failed      0.00%
  78  Eukaryota-Basidiomycota-Agaricomycetes-Corticiales-Punctulariaceae-Punctularia_strigosozonata_XP_007386180.1                                                  93.51%    failed      0.00%
  79  Eukaryota-Basidiomycota-Microbotryomycetes-Sporidiobolales-Sporidiobolaceae-Rhodotorula_toruloides_XP_016274372.1                                             94.08%    failed      0.00%
  80  Eukaryota-Basidiomycota-Microbotryomycetes-Undefined-Undefined-Sporobolomyces_roseus_jgi3656                                                                  96.01%    failed      0.08%
  81  Eukaryota-Basidiomycota-Pucciniomycetes-Pucciniales-Pucciniaceae-Puccinia_graminis_XP_003330231.1                                                             94.74%    failed      0.01%
  82  Eukaryota-Brachiopoda-Lingulata-Lingulida-Lingulidae-Lingula_anatina_XP_013381691.1                                                                           95.06%    failed      0.53%
  83  Eukaryota-Brachiopoda-Lingulata-Lingulida-Lingulidae-Lingula_anatina_XP_013420399.1                                                                           93.38%    failed      0.00%
  84  Eukaryota-Cercozoa-Chlorarachniophyceae-NA-NA-Chlorarachnion_reptans_MMETSP0109_c2800_g1_i1.p1                                                                82.48%    failed      0.00%
  85  Eukaryota-Cercozoa-Chlorarachniophyceae-NA-NA-Lotharella_globosa_MMETSP0112_c5285_g1_i1.p1                                                                    84.60%    failed      0.00%
  86  Eukaryota-Cercozoa-Chlorarachniophyceae-NA-NA-Lotharella_globosa_MMETSP0112_c6202_g1_i1.p1                                                                    92.10%    failed      0.00%
  87  Eukaryota-Cercozoa-Chlorarachniophyceae-NA-NA-Norrisiella_sphaerica_MMETSP0113_c13019_g1_i1.p1                                                                94.67%    failed      0.05%
  88  Eukaryota-Cercozoa-Chlorarachniophyceae-NA-NA-Partenskyella_glossopodia_MMETSP1318_c2222_g1_i1.p1                                                             93.01%    failed      0.00%
  89  Eukaryota-Cercozoa-NA-Euglyphida-Paulinellidae-Paulinella_chromatophora_scaffold154-size6494_m.3955                                                           74.93%    failed      0.00%
  90  Eukaryota-Cercozoa-NA-Euglyphida-Paulinellidae-Paulinella_chromatophora_scaffold240-size5403_m.5449                                                           79.90%    failed      0.00%
  91  Eukaryota-Chlorophyta-Chlorophyceae-Chlamydomonadales-Chlamydomonadaceae-Chlamydomonas_euryale_MMETSP0063_c3073_g1_i1.p1                                      93.28%    failed      0.00%
  92  Eukaryota-Chlorophyta-NA-NA-NA-Dolichomastix_tenuilepis_MMETSP0033_c12196_g1_i1.p1                                                                            94.21%    failed      0.00%
  93  Eukaryota-Chlorophyta-NA-NA-NA-Mantoniella_antarctica_MMETSP1106_c14657_g1_i1.p1                                                                              96.39%    failed      4.28%
  94  Eukaryota-Chlorophyta-NA-NA-NA-Tetraselmis_astigmatica_MMETSP0804_c33_g1_i1.p1                                                                                92.56%    failed      0.00%
  95  Eukaryota-Chlorophyta-NA-Pyramimonadales-NA-Pyramimonas_parkeae_MMETSP0058_c2703_g1_i1.p1                                                                     82.96%    failed      0.00%
  96  Eukaryota-Chlorophyta-Nephroselmidophyceae-NA-NA-Nephroselmis_pyriformis_MMETSP0034_c9540_g1_i2.p1                                                            94.10%    failed      0.00%
  97  Eukaryota-Choanoflagellata-Choanoflagellata-Choanoflagellata-NA-Acanthoeca_sp_MMETSP0105_c1427_g1_i1.p1                                                       95.68%    failed      0.00%
  98  Eukaryota-Choanoflagellata-Choanoflagellata-Choanoflagellata-Salpingoecidae-Monosiga_brevicollis_XP_001745338.1                                               95.37%    failed      0.01%
  99  Eukaryota-Choanoflagellata-Choanoflagellata-Choanoflagellata-Salpingoecidae-Monosiga_brevicollis_XP_001750522.1                                               93.67%    failed      0.44%
 100  Eukaryota-Choanoflagellata-Choanoflagellata-Choanoflagellata-Salpingoecidae-Salpingoeca_rosetta_XP_004994486.1                                                92.50%    failed      0.00%
 101  Eukaryota-Choanoflagellata-Choanoflagellata-Choanoflagellata-Salpingoecidae-Salpingoeca_rosetta_XP_004994592.1                                                95.27%    failed      0.84%
 102  Eukaryota-Chordata-Amphibia-Anura-Pipidae-Xenopus_laevis_NP_001089463.1                                                                                       93.30%    failed      0.04%
 103  Eukaryota-Chordata-Aves-Passeriformes-Estrildidae-Lonchura_striata_XP_021384402.1                                                                             88.90%    failed      0.01%
 104  Eukaryota-Chordata-Aves-Passeriformes-Estrildidae-Taeniopygia_guttata_XP_002191116.2                                                                          89.18%    failed      0.02%
 105  Eukaryota-Chordata-Aves-Passeriformes-Fringillidae-Serinus_canaria_XP_030091709.1                                                                             89.18%    failed      0.01%
 106  Eukaryota-Chordata-NA-NA-Branchiostomidae-Branchiostoma_floridae_XP_002604354.1                                                                               93.19%    failed      0.00%
 107  Eukaryota-Chordata-NA-Testudines-Testudinidae-Gopherus_evgoodei_XP_030411724.1                                                                                93.27%    failed      0.02%
 108  Eukaryota-Chromeraceae-NA-NA-NA-Chromera_velia_MMETSP0290_c13631_g1_i1.p1                                                                                     92.42%    failed      0.01%
 109  Eukaryota-Chromeraceae-NA-NA-NA-Chromera_velia_MMETSP0290_c39649_g1_i1.p1                                                                                     96.07%    failed      0.00%
 110  Eukaryota-Chromeraceae-NA-NA-NA-Vitrella_brassicaformis_MMETSP1451_c1445_g1_i1.p1                                                                             90.92%    failed      0.00%
 111  Eukaryota-Chromeraceae-NA-NA-NA-Vitrella_brassicaformis_MMETSP1451_c35926_g1_i1.p1                                                                            96.23%    failed      1.74%
 112  Eukaryota-Chytridiomycota-Chytridiomycetes-Rhizophydiales-NA-Batrachochytrium_dendrobatidis_jgi2915                                                           96.63%    failed      1.22%
 113  Eukaryota-Chytridiomycota-Chytridiomycetes-Rhizophydiales-NA-Batrachochytrium_dendrobatidis_jgi36043                                                          93.43%    failed      0.00%
 114  Eukaryota-Chytridiomycota-Chytridiomycetes-Spizellomycetales-Spizellomycetaceae-Spizellomyces_punctatus_XP_016605256.1                                        91.92%    failed      0.00%
 115  Eukaryota-Chytridiomycota-Chytridiomycetes-Spizellomycetales-Spizellomycetaceae-Spizellomyces_punctatus_XP_016611731.1                                        96.03%    failed      0.10%
 116  Eukaryota-Ciliophora-NA-Unranked-NA-Climacostomum_virens_MMETSP1397_c5809_g1_i1.p2                                                                            96.05%    failed      1.36%
 117  Eukaryota-Ciliophora-NA-Unranked-NA-Mesodinium_pulex_MMETSP0467_c36960_g1_i1.p2                                                                               96.84%    failed      0.01%
 118  Eukaryota-Ciliophora-NA-Unranked-NA-Mesodinium_pulex_MMETSP0467_c66716_g1_i1.p2                                                                               96.63%    passed      5.60%
 119  Eukaryota-Ciliophora-NA-Unranked-NA-Protocruzia_adherens_MMETSP0216_c15640_g1_i1.p1                                                                           96.08%    failed      1.81%
 120  Eukaryota-Ciliophora-NA-Unranked-NA-Tiarina_fusus_MMETSP0472_c114101_g1_i1.p1                                                                                 94.35%    failed      0.00%
 121  Eukaryota-Ciliophora-Oligohymenophorea-Hymenostomatida-NA-Ichthyophthirius_multifiliis_XP_004030694.1                                                         93.67%    failed      0.00%
 122  Eukaryota-Cnidaria-Anthozoa-Actiniaria-Aiptasiidae-Exaiptasia_pallida_XP_020904050.1                                                                          93.26%    failed      0.00%
 123  Eukaryota-Cnidaria-Anthozoa-Actiniaria-Aiptasiidae-Exaiptasia_pallida_XP_020912676.1                                                                          90.73%    failed      0.00%
 124  Eukaryota-Cnidaria-Anthozoa-Scleractinia-Merulinidae-Orbicella_faveolata_XP_020605593.1                                                                       93.18%    failed      0.00%
 125  Eukaryota-Cnidaria-Anthozoa-Scleractinia-Merulinidae-Orbicella_faveolata_XP_020615465.1                                                                       92.92%    failed      0.00%
 126  Eukaryota-Cnidaria-Anthozoa-Scleractinia-Pocilloporidae-Pocillopora_damicornis_XP_027055785.1                                                                 91.29%    failed      0.00%
 127  Eukaryota-Cnidaria-Anthozoa-Scleractinia-Pocilloporidae-Stylophora_pistillata_XP_022781389.1                                                                  93.06%    failed      0.00%
 128  Eukaryota-Cryptophyta-NA-Cryptomonadales-Cryptomonadaceae-Cryptomonas_curvata_MMETSP1050_c21891_g1_i1.p1                                                      96.89%    passed     46.61%
 129  Eukaryota-Cryptophyta-NA-Cryptomonadales-Cryptomonadaceae-Cryptomonas_curvata_MMETSP1050_c8072_g1_i1.p1                                                       93.86%    failed      0.00%
 130  Eukaryota-Cryptophyta-NA-Goniomondales-NA-Goniomonas_sp_MMETSP0114_c4173_g1_i1.p1                                                                             90.90%    failed      0.00%
 131  Eukaryota-Cryptophyta-NA-Pyrenomonadales-Chroomonadaceae-Chroomonas_mesostigmaticacf_MMETSP0047_c17510_g1_i1.p1                                               93.95%    failed      0.20%
 132  Eukaryota-Cryptophyta-NA-Pyrenomonadales-Pyrenomonadaceae-Rhodomonas_lens_MMETSP0484_c5132_g1_i1.p1                                                           93.50%    failed      0.00%
 133  Eukaryota-Cryptophyta-NA-Pyrenomonadales-Pyrenomonadaceae-Rhodomonas_lens_MMETSP0484_c6207_g1_i1.p1                                                           94.02%    failed      0.00%
 134  Eukaryota-Dictyosteliales-Dictyosteliales-Dictyosteliales-Dictyosteliaceae-Dictyostelium_discoideum_XP_646465.1                                               92.35%    failed      0.00%
 135  Eukaryota-Echinodermata-Asteroidea-Valvatida-Acanthasteridae-Acanthaster_planci_XP_022091261.1                                                                88.18%    failed      0.00%
 136  Eukaryota-Echinodermata-Asteroidea-Valvatida-Acanthasteridae-Acanthaster_planci_XP_022100679.1                                                                93.30%    failed      0.00%
 137  Eukaryota-Echinodermata-Echinoidea-Echinoida-Strongylocentrotidae-Strongylocentrotus_purpuratus_XP_011666784.1                                                95.35%    failed      0.00%
 138  Eukaryota-Echinodermata-Echinoidea-Echinoida-Strongylocentrotidae-Strongylocentrotus_purpuratus_XP_011682913.1                                                87.59%    failed      0.00%
 139  Eukaryota-Euglenida-NA-Eutreptiales-NA-Eutreptiella_gymnastica_MMETSP0039_c3549_g1_i1.p1                                                                      96.45%    failed      0.16%
 140  Eukaryota-Euglenida-NA-Eutreptiales-NA-Eutreptiella_gymnastica_MMETSP0039_c93135_g1_i1.p1                                                                     95.38%    failed      0.04%
 141  Eukaryota-Euglenida-NA-NA-Unranked-Neobodo_designis_MMETSP1114_c43139_g1_i1.p1                                                                                85.56%    failed      0.00%
 142  Eukaryota-Fonticulida-Fonticulida-Fonticulida-Fonticulaceae-Fonticula_alba_XP_009494286.1                                                                     95.53%    failed      2.56%
 143  Eukaryota-Glaucophyta-Glaucophyta-Gloeochaetales-Gloeochaetaceae-Gloeochaete_witrockiana_MMETSP0308_c24047_g1_i1.p1                                           95.48%    failed      2.94%
 144  Eukaryota-Glaucophyta-Glaucophyta-Gloeochaetales-Gloeochaetaceae-Gloeochaete_wittrockiana_MMETSP1089_c7593_g1_i1.p1                                           89.92%    failed      0.00%
 145  Eukaryota-Glaucophyta-Glaucophyta-NA-Cyanophoraceae-Cyanophora_paradoxa_tig00020830_g14449.t1                                                                 95.67%    failed      0.14%
 146  Eukaryota-Glaucophyta-Glaucophyta-NA-NA-Cyanoptyche_gloeocystis_MMETSP1086_c22091_g1_i1.p1                                                                    96.04%    failed      2.47%
 147  Eukaryota-Haptophyta-NA-Isochrysidales-Noelaerhabdaceae-Emiliania_huxleyi_jgi461362                                                                           72.25%    failed      0.00%
 148  Eukaryota-Haptophyta-NA-Pavlovales-Pavlovaceae-Pavlova_gyrans_MMETSP1466_c22824_g1_i1.p1                                                                      94.68%    failed      0.00%
 149  Eukaryota-Haptophyta-NA-Prymnesiales-NA-Calcidiscus_leptoporus_MMETSP1334_c9047_g1_i1.p1                                                                      85.01%    failed      0.00%
 150  Eukaryota-Haptophyta-NA-Prymnesiales-NA-Chrysochromulina_brevifilum_MMETSP1094_c49_g1_i1.p1                                                                   95.98%    failed      0.15%
 151  Eukaryota-Haptophyta-NA-Prymnesiales-NA-Coccolithus_pelagicussspbraarudi_MMETSP0164_c10248_g1_i1.p1                                                           96.06%    failed      0.01%
 152  Eukaryota-Haptophyta-NA-Prymnesiales-NA-Prymnesium_parvum_MMETSP1083_c11520_g1_i1.p2                                                                          97.40%    failed      0.00%
 153  Eukaryota-Hemichordata-Enteropneusta-NA-Harrimaniidae-Saccoglossus_kowalevskii_XP_002741914.1                                                                 93.30%    failed      0.00%
 154  Eukaryota-Hemichordata-Enteropneusta-NA-Harrimaniidae-Saccoglossus_kowalevskii_XP_006822955.1                                                                 89.32%    failed      0.00%
 155  Eukaryota-Heterolobosea-NA-NA-NA-Percolomonas_cosmopolitus_MMETSP0759_c442_g1_i1.p2                                                                           92.83%    failed      0.00%
 156  Eukaryota-Heterolobosea-NA-NA-NA-Percolomonas_cosmopolitus_MMETSP0759_c497_g1_i1.p1                                                                           80.92%    failed      0.00%
 157  Eukaryota-Heterolobosea-NA-NA-Vahlkampfiidae-Naegleria_gruberi_jgi34462                                                                                       87.66%    failed      0.00%
 158  Eukaryota-Kinetoplastida-Kinetoplastida-Kinetoplastida-Trypanosomatidae-Leishmania_braziliensis_XP_001565503.1                                                95.94%    passed      6.64%
 159  Eukaryota-Kinetoplastida-Kinetoplastida-Kinetoplastida-Trypanosomatidae-Leptomonas_pyrrhocoris_XP_015661480.1                                                 88.92%    failed      0.00%
 160  Eukaryota-Kinetoplastida-Kinetoplastida-Kinetoplastida-Trypanosomatidae-Trypanosoma_grayi_XP_009310453.1                                                      95.92%    passed      6.73%
 161  Eukaryota-Longamoebia-Longamoebia-Longamoebia-Acanthamoebidae-Acanthamoeba_castellanii_XP_004333955.1                                                         96.07%    failed      0.30%
 162  Eukaryota-Longamoebia-Longamoebia-Longamoebia-Acanthamoebidae-Acanthamoeba_castellanii_XP_004339423.1                                                         88.07%    failed      0.00%
 163  Eukaryota-Mesomycetozoea-Ichthyosporea-Ichthyophonida-NA-Sphaeroforma_arctica_XP_014151397.1                                                                  92.48%    failed      0.00%
 164  Eukaryota-Mesomycetozoea-Ichthyosporea-Ichthyophonida-NA-Sphaeroforma_arctica_XP_014156621.1                                                                  95.61%    failed      0.40%
 165  Eukaryota-Mesomycetozoea-Ichthyosporea-NA-NA-Capsaspora_owczarzaki_XP_004349153.1                                                                             86.39%    failed      0.00%
 166  Eukaryota-Mesomycetozoea-Ichthyosporea-NA-NA-Capsaspora_owczarzaki_XP_004365166.2                                                                             94.46%    failed      0.27%
 167  Eukaryota-Mollusca-Bivalvia-Ostreoida-Ostreidae-Crassostrea_gigas_XP_011456806.1                                                                              93.30%    failed      0.00%
 168  Eukaryota-Mollusca-Bivalvia-Ostreoida-Ostreidae-Crassostrea_virginica_XP_022330166.1                                                                          95.23%    failed      0.00%
 169  Eukaryota-Mollusca-Bivalvia-Pectinoida-Pectinidae-Mizuhopecten_yessoensis_XP_021354048.1                                                                      93.13%    failed      0.01%
 170  Eukaryota-Mollusca-Cephalopoda-Octopoda-Octopodidae-Octopus_bimaculoides_XP_014771030.1                                                                       82.70%    failed      0.00%
 171  Eukaryota-Mollusca-Cephalopoda-Octopoda-Octopodidae-Octopus_bimaculoides_XP_014773224.1                                                                       93.11%    failed      0.00%
 172  Eukaryota-Mollusca-Gastropoda-Aplysiida-Aplysiidae-Aplysia_californica_XP_012943122.1                                                                         76.11%    failed      0.00%
 173  Eukaryota-Mucorales-Mucoraceae-Undefined-Undefined-Mucor_circinelloides_jgi20619                                                                              94.33%    failed      0.22%
 174  Eukaryota-Mucorales-Mucoraceae-Undefined-Undefined-Mucor_circinelloides_jgi89032                                                                              95.74%    failed      4.38%
 175  Eukaryota-Mucoromycota-Glomeromycetes-Glomerales-Glomeraceae-Rhizophagus_irregularis_XP_025165236.1                                                           96.11%    failed      1.52%
 176  Eukaryota-Mucoromycota-Glomeromycetes-Glomerales-Glomeraceae-Rhizophagus_irregularis_XP_025176353.1                                                           92.97%    failed      0.00%
 177  Eukaryota-Mucoromycota-Mortierellomycetes-Mortierellales-Mortierellaceae-Lobosporangium_transversale_XP_021880816.1                                           92.58%    failed      0.27%
 178  Eukaryota-Mucoromycota-Mucoromycetes-Mucorales-Phycomycetaceae-Phycomyces_blakesleeanus_jgi56998                                                              95.69%    failed      0.03%
 179  Eukaryota-Mucoromycota-Mucoromycetes-Mucorales-Rhizopodaceae-Rhizopus_microsporus_XP_023469567.1                                                              92.17%    failed      0.00%
 180  Eukaryota-Mucoromycota-Mucoromycetes-Mucorales-Rhizopodaceae-Rhizopus_microsporus_XP_023471172.1                                                              96.10%    failed      0.76%
 181  Eukaryota-Nematoda-Chromadorea-Rhabditida-Strongyloididae-Strongyloides_ratti_XP_024499357.1                                                                  89.21%    failed      0.00%
 182  Eukaryota-Nematoda-Chromadorea-Rhabditida-Strongyloididae-Strongyloides_ratti_XP_024503567.1                                                                  97.95%    failed      3.38%
 183  Eukaryota-Nematoda-Chromadorea-Strongylida-Ancylostomatidae-Necator_americanus_XP_013291253.1                                                                 97.98%    failed      2.90%
 184  Eukaryota-Nematoda-Enoplea-Trichinellida-Trichinellidae-Trichinella_spiralis_XP_003380308.1                                                                   93.63%    passed     10.33%
 185  Eukaryota-Palpitomonas-NA-NA-NA-Palpitomonas_bilix_MMETSP0780_c10301_g1_i2.p1                                                                                 96.12%    passed     10.54%
 186  Eukaryota-Palpitomonas-NA-NA-NA-Palpitomonas_bilix_MMETSP0780_c13415_g1_i1.p1                                                                                 88.41%    failed      0.00%
 187  Eukaryota-Perkinsozoa-NA-Perkinsida-Perkinsidae-Perkinsus_marinus_XP_002780561.1                                                                              95.84%    failed      2.94%
 188  Eukaryota-Placozoa-NA-NA-Trichoplacidae-Trichoplax_adhaerens_XP_002115156.1                                                                                   92.47%    failed      0.00%
 189  Eukaryota-Placozoa-NA-NA-Trichoplacidae-Trichoplax_adhaerens_XP_002116928.1                                                                                   93.16%    failed      0.00%
 190  Eukaryota-Platyhelminthes-Trematoda-Opisthorchiida-Opisthorchiidae-Opisthorchis_viverrini_XP_009164244.1                                                      91.59%    failed      0.00%
 191  Eukaryota-Platyhelminthes-Trematoda-Strigeidida-Schistosomatidae-Schistosoma_mansoni_XP_018653145.1                                                           93.48%    failed      0.00%
 192  Eukaryota-Porifera-Demospongiae-Haplosclerida-Niphatidae-Amphimedon_queenslandica_jgiAqu1211124                                                               94.42%    failed      0.00%
 193  Eukaryota-Priapulida-Priapulimorpha-Priapulimorphida-Priapulidae-Priapulus_caudatus_XP_014661917.1                                                            92.64%    failed      0.00%
 194  Eukaryota-Priapulida-Priapulimorpha-Priapulimorphida-Priapulidae-Priapulus_caudatus_XP_014678782.1                                                            91.40%    failed      0.00%
 195  Eukaryota-Retaria-NA-NA-NA-Ammonia_sp_MMETSP1384_c11049_g1_i1.p1                                                                                              91.81%    failed      0.00%
 196  Eukaryota-Retaria-NA-NA-NA-Ammonia_sp_MMETSP1384_c18598_g1_i1.p1                                                                                              95.15%    failed      0.14%
 197  Eukaryota-Retaria-NA-NA-NA-Elphidium_margaritaceum_MMETSP1385_c13502_g1_i1.p1                                                                                 91.79%    failed      0.03%
 198  Eukaryota-Retaria-NA-NA-NA-Elphidium_margaritaceum_MMETSP1385_c33720_g1_i1.p1                                                                                 95.13%    failed      0.03%
 199  Eukaryota-Retaria-NA-NA-NA-Rosalina_sp_MMETSP0190_c7148_g1_i1.p1                                                                                              95.54%    failed      0.00%
 200  Eukaryota-Rhodophyta-Bangiophyceae-NA-NA-Rhodella_maculata_MMETSP0167_c80_g1_i1.p2                                                                            96.57%    failed      0.00%
 201  Eukaryota-Rhodophyta-Bangiophyceae-NA-NA-Rhodella_maculata_MMETSP0314_c3352_g1_i1.p1                                                                          91.35%    failed      0.00%
 202  Eukaryota-Rhodophyta-Bangiophyceae-NA-NA-Rhodosorus_marinus_MMETSP0011_c4381_g1_i1.p1                                                                         92.61%    failed      0.00%
 203  Eukaryota-Rhodophyta-Bangiophyceae-Porphyridiales-Porphyridiaceae-Porphyridium_purpureum_4481.3                                                               92.26%    failed      0.00%
 204  Eukaryota-Rhodophyta-Florideophyceae-Gigartinales-Gigartinaceae-Chondrus_crispus_XP_005712197.1                                                               93.85%    failed      0.00%
 205  Eukaryota-Stramenopiles-Coscinodiscophyceae-Chaetocerotales-Chaetocerotaceae-Chaetoceros_curvisetus_MMETSP0719_c1757_g1_i1.p1                                 93.80%    failed      0.00%
 206  Eukaryota-Stramenopiles-Coscinodiscophyceae-Thalassiosirales-Thalassiosiraceae-Thalassiosira_miniscula_MMETSP0738_c5254_g1_i1.p1                              93.94%    failed      0.00%
 207  Eukaryota-Stramenopiles-NA-NA-NA-Phaeomonas_parva_MMETSP1163_c915_g1_i2.p1                                                                                    92.75%    failed      0.00%
 208  Eukaryota-Stramenopiles-Oomycetes-Saprolegniales-Saprolegniaceae-Aphanomyces_astaci_XP_009826378.1                                                            90.90%    failed      0.00%
 209  Eukaryota-Stramenopiles-Oomycetes-Saprolegniales-Saprolegniaceae-Saprolegnia_diclina_XP_008611955.1                                                           96.28%    passed     45.83%
 210  Eukaryota-Stramenopiles-Raphidophyceae-Chattonellales-Chattonellaceae-Chattonella_subsalsa_MMETSP0947_c7134_g1_i1.p1                                          87.16%    failed      0.00%
 211  Eukaryota-Streptophyta-Bryopsida-Funariales-Funariaceae-Physcomitrella_patens_XP_024361088.1                                                                  93.99%    passed      8.81%
 212  Eukaryota-Streptophyta-NA-Cucurbitales-Cucurbitaceae-Cucumis_sativus_XP_004141107.1                                                                           94.00%    failed      0.04%
 213  Eukaryota-Streptophyta-NA-Fabales-Fabaceae-Cajanus_cajan_XP_020228834.1                                                                                       94.00%    failed      0.04%
 214  Eukaryota-Streptophyta-NA-Fagales-Fagaceae-Quercus_suber_XP_023908860.1                                                                                       92.11%    failed      0.34%
 215  Eukaryota-Trichomonadida-Trichomonadida-Trichomonadida-Trichomonadidae-Trichomonas_vaginalis_XP_001303599.1                                                   95.97%    failed      0.88%
 216  MSTRG.19222.1.p1                                                                                                                                              80.98%    failed      0.00%
 217  MSTRG.831.1.p1                                                                                                                                                59.09%    failed      0.00%
 218  Viruses-Pithoviridae-NA-NA-NA-Cedratvirus_A11_YP_009329013.1                                                                                                  83.71%    failed      0.00%
WARNING: 218 sequences contain more than 50% gaps/ambiguity
****  TOTAL                                                                                                                                                         92.23%  207 sequences failed composition chi2 test (p-value<5%; df=19)
NOTE: Eukaryota-Ciliophora-NA-Unranked-NA-Mesodinium_pulex_MMETSP0467_c66716_g1_i1.p2 is identical to Eukaryota-Alveolata-Dinophyceae-NA-Unranked-Heterocapsa_rotundata_MMETSP0503_c1742_g1_i1.p2 but kept for subsequent analysis


Create initial parsimony tree by phylogenetic likelihood library (PLL)... 2.683 seconds
NOTE: ModelFinder requires 2328 MB RAM!
ModelFinder will test 546 protein models (sample size: 8631) ...
 No. Model         -LnL         df  AIC          AICc         BIC
Measuring multi-threading efficiency up to 2 CPU cores
2 trees examined
Threads: 1 / Time: 3.809 sec / Speedup: 1.000 / Efficiency: 100% / LogL: -368330
Threads: 2 / Time: 2.895 sec / Speedup: 1.316 / Efficiency: 66% / LogL: -368330
BEST NUMBER OF THREADS: 2

  1  Dayhoff       289490.116   433 579846.233   579892.084   582904.562
  2  Dayhoff+I     289403.080   434 579674.161   579720.229   582739.553
  3  Dayhoff+G4    284403.598   434 569675.197   569721.265   572740.589
  4  Dayhoff+I+G4  284399.732   435 569669.464   569715.751   572741.919
  5  Dayhoff+R2    285408.925   435 571687.850   571734.136   574760.305
  6  Dayhoff+R3    284460.306   437 569794.613   569841.337   572881.194
  7  Dayhoff+R4    284094.954   439 569067.908   569115.072   572168.616
  8  Dayhoff+R5    283992.915   441 568867.829   568915.435   571982.663
  9  Dayhoff+R6    283893.864   443 568673.728   568721.778   571802.689
 10  Dayhoff+R7    283879.188   445 568648.376   568696.872   571791.463
 11  Dayhoff+R8    283866.759   447 568627.518   568676.462   571784.731
 12  Dayhoff+R9    283861.770   449 568621.540   568670.935   571792.879
 14  Dayhoff+F     289309.757   452 579523.514   579573.589   582716.043
 15  Dayhoff+F+I   289239.367   453 579384.734   579435.036   582584.325
 16  Dayhoff+F+G4  284537.772   453 569981.544   570031.847   573181.135
 17  Dayhoff+F+I+G4 284535.931   454 569979.862   570030.392   573186.516
 18  Dayhoff+F+R2  285370.355   454 571648.710   571699.241   574855.365
 19  Dayhoff+F+R3  284560.288   456 570032.575   570083.564   573253.356
 20  Dayhoff+F+R4  284195.735   458 569307.469   569358.919   572542.376
 21  Dayhoff+F+R5  284082.477   460 569084.955   569136.867   572333.988
 22  Dayhoff+F+R6  284026.576   462 568977.153   569029.529   572240.312
 23  Dayhoff+F+R7  284015.337   464 568958.674   569011.517   572235.959
 24  Dayhoff+F+R8  284007.591   466 568947.181   569000.494   572238.593
 27  mtMAM         316750.016   433 634366.032   634411.884   637424.361
 28  mtMAM+I       316585.022   434 634038.044   634084.113   637103.436
 29  mtMAM+G4      304721.887   434 610311.774   610357.843   613377.166
 30  mtMAM+I+G4    304718.258   435 610306.516   610352.802   613378.971
 31  mtMAM+R2      307254.465   435 615378.930   615425.216   618451.385
 32  mtMAM+R3      305493.119   437 611860.239   611906.963   614946.820
 33  mtMAM+R4      304585.379   439 610048.757   610095.921   613149.465
 34  mtMAM+R5      304202.241   441 609286.482   609334.088   612401.316
 35  mtMAM+R6      304080.833   443 609047.667   609095.717   612176.627
 36  mtMAM+R7      304008.624   445 608907.247   608955.743   612050.334
 37  mtMAM+R8      303989.254   447 608872.507   608921.452   612029.720
 38  mtMAM+R9      303978.227   449 608854.454   608903.849   612025.793
 39  mtMAM+R10     303967.557   451 608837.115   608886.963   612022.580
 40  mtMAM+F       303246.550   452 607397.099   607447.174   610589.628
 41  mtMAM+F+I     303149.147   453 607204.295   607254.597   610403.886
 42  mtMAM+F+G4    294309.475   453 589524.950   589575.253   592724.541
 43  mtMAM+F+I+G4  294308.894   454 589525.788   589576.319   592732.442
 44  mtMAM+F+R2    295769.176   454 592446.352   592496.883   595653.007
 45  mtMAM+F+R3    294645.643   456 590203.285   590254.274   593424.066
 46  mtMAM+F+R4    294143.969   458 589203.939   589255.388   592438.846
 47  mtMAM+F+R5    293863.085   460 588646.171   588698.083   591895.204
 48  mtMAM+F+R6    293775.707   462 588475.414   588527.791   591738.574
 49  mtMAM+F+R7    293725.922   464 588379.844   588432.687   591657.129
 50  mtMAM+F+R8    293708.221   466 588348.442   588401.755   591639.854
 51  mtMAM+F+R9    293674.906   468 588285.812   588339.596   591591.350
 52  mtMAM+F+R10   293634.083   470 588208.166   588262.423   591527.830
 53  JTT           288226.432   433 577318.864   577364.715   580377.193
 54  JTT+I         288135.519   434 577139.038   577185.107   580204.430
 55  JTT+G4        283221.714   434 567311.429   567357.497   570376.821
 56  JTT+I+G4      283218.101   435 567306.203   567352.490   570378.658
 57  JTT+R2        284086.434   435 569042.869   569089.156   572115.324
 58  JTT+R3        283267.799   437 567409.599   567456.323   570496.180
 59  JTT+R4        282924.255   439 566726.510   566773.674   569827.218
 60  JTT+R5        282807.049   441 566496.098   566543.704   569610.932
 61  JTT+R6        282756.733   443 566399.467   566447.517   569528.427
 62  JTT+R7        282747.381   445 566384.762   566433.258   569527.849
 63  JTT+R8        282741.711   447 566377.421   566426.365   569534.634
 66  JTT+F         289606.871   452 580117.741   580167.816   583310.270
 67  JTT+F+I       289527.621   453 579961.243   580011.546   583160.834
 68  JTT+F+G4      284812.081   453 570530.163   570580.465   573729.754
 69  JTT+F+I+G4    284809.799   454 570527.598   570578.129   573734.252
 70  JTT+F+R2      285594.998   454 572097.995   572148.526   575304.650
 71  JTT+F+R3      284841.043   456 570594.085   570645.074   573814.866
 72  JTT+F+R4      284508.268   458 569932.536   569983.986   573167.443
 73  JTT+F+R5      284395.681   460 569711.362   569763.274   572960.395
 74  JTT+F+R6      284350.258   462 569624.516   569676.893   572887.675
 75  JTT+F+R7      284342.573   464 569613.146   569665.989   572890.431
 79  WAG           284871.290   433 570608.581   570654.432   573666.910
 80  WAG+I         284821.052   434 570510.103   570556.172   573575.495
 81  WAG+G4        280879.713   434 562627.427   562673.495   565692.819
 82  WAG+I+G4      280879.701   435 562629.403   562675.690   565701.858
 83  WAG+R2        281567.139   435 564004.279   564050.566   567076.734
 84  WAG+R3        280870.261   437 562614.523   562661.247   565701.104
 85  WAG+R4        280575.355   439 562028.710   562075.874   565129.418
 86  WAG+R5        280481.925   441 561845.850   561893.456   564960.684
 87  WAG+R6        280427.629   443 561741.257   561789.307   564870.217
 88  WAG+R7        280425.682   445 561741.364   561789.860   564884.451
 92  WAG+F         286300.813   452 573505.625   573555.700   576698.154
 93  WAG+F+I       286260.328   453 573426.657   573476.959   576626.248
 94  WAG+F+G4      282462.679   453 565831.358   565881.661   569030.949
 95  WAG+F+I+G4    282463.062   454 565834.123   565884.654   569040.778
 96  WAG+F+R2      283060.310   454 567028.619   567079.150   570235.274
 97  WAG+F+R3      282430.959   456 565773.918   565824.907   568994.699
 98  WAG+F+R4      282144.349   458 565204.698   565256.147   568439.605
 99  WAG+F+R5      282064.604   460 565049.208   565101.120   568298.242
100  WAG+F+R6      282016.206   462 564956.412   565008.788   568219.571
101  WAG+F+R7      282014.590   464 564957.181   565010.024   568234.467
105  cpREV         287650.402   433 576166.805   576212.656   579225.134
106  cpREV+I       287598.678   434 576065.355   576111.424   579130.747
107  cpREV+G4      283435.274   434 567738.547   567784.616   570803.940
108  cpREV+I+G4    283434.251   435 567738.501   567784.788   570810.957
109  cpREV+R2      284201.456   435 569272.913   569319.199   572345.368
110  cpREV+R3      283465.907   437 567805.814   567852.539   570892.396
111  cpREV+R4      283193.581   439 567265.162   567312.326   570365.870
112  cpREV+R5      283073.708   441 567029.415   567077.021   570144.249
113  cpREV+R6      283017.691   443 566921.382   566969.432   570050.342
114  cpREV+R7      283015.939   445 566921.878   566970.374   570064.964
118  cpREV+F       288196.378   452 577296.755   577346.830   580489.283
119  cpREV+F+I     288145.933   453 577197.865   577248.168   580397.457
120  cpREV+F+G4    283962.201   453 568830.401   568880.704   572029.993
121  cpREV+F+I+G4  283961.884   454 568831.769   568882.300   572038.423
122  cpREV+F+R2    284784.954   454 570477.908   570528.438   573684.562
123  cpREV+F+R3    283983.857   456 568879.713   568930.702   572100.494
124  cpREV+F+R4    283706.695   458 568329.389   568380.839   571564.296
125  cpREV+F+R5    283583.470   460 568086.940   568138.852   571335.973
126  cpREV+F+R6    283532.840   462 567989.680   568042.057   571252.840
127  cpREV+F+R7    283529.196   464 567986.391   568039.235   571263.677
131  mtREV         305627.347   433 612120.695   612166.546   615179.024
132  mtREV+I       305539.111   434 611946.221   611992.290   615011.613
133  mtREV+G4      298065.185   434 596998.370   597044.439   600063.762
134  mtREV+I+G4    298063.378   435 596996.756   597043.043   600069.212
135  mtREV+R2      299218.854   435 599307.709   599353.995   602380.164
136  mtREV+R3      298191.573   437 597257.146   597303.870   600343.727
137  mtREV+R4      297828.292   439 596534.585   596581.749   599635.293
138  mtREV+R5      297657.300   441 596196.600   596244.206   599311.434
139  mtREV+R6      297619.045   443 596124.089   596172.139   599253.049
140  mtREV+R7      297608.563   445 596107.126   596155.622   599250.212
141  mtREV+R8      297582.908   447 596059.816   596108.760   599217.028
142  mtREV+R9      297549.325   449 595996.650   596046.045   599167.989
143  mtREV+R10     297542.269   451 595986.539   596036.387   599172.004
144  mtREV+F       294500.605   452 589905.209   589955.284   593097.737
145  mtREV+F+I     294437.000   453 589779.999   589830.302   592979.591
146  mtREV+F+G4    288567.684   453 578041.369   578091.671   581240.960
147  mtREV+F+I+G4  288567.284   454 578042.568   578093.099   581249.222
148  mtREV+F+R2    289647.635   454 580203.270   580253.801   583409.925
149  mtREV+F+R3    288711.790   456 578335.581   578386.570   581556.361
150  mtREV+F+R4    288348.151   458 577612.303   577663.752   580847.210
151  mtREV+F+R5    288164.649   460 577249.298   577301.210   580498.331
152  mtREV+F+R6    288148.984   462 577221.967   577274.344   580485.127
153  mtREV+F+R7    288124.107   464 577176.214   577229.058   580453.500
154  mtREV+F+R8    288089.428   466 577110.856   577164.168   580402.268
155  mtREV+F+R9    288071.942   468 577079.884   577133.668   580385.422
156  mtREV+F+R10   288064.570   470 577069.140   577123.398   580388.805
157  rtREV         288158.527   433 577183.054   577228.906   580241.383
158  rtREV+I       288103.279   434 577074.559   577120.628   580139.951
159  rtREV+G4      283419.718   434 567707.436   567753.505   570772.828
160  rtREV+I+G4    283418.242   435 567706.484   567752.771   570778.940
161  rtREV+R2      284205.014   435 569280.028   569326.314   572352.483
162  rtREV+R3      283455.946   437 567785.891   567832.616   570872.473
163  rtREV+R4      283188.671   439 567255.342   567302.506   570356.050
164  rtREV+R5      283061.251   441 567004.501   567052.107   570119.335
165  rtREV+R6      283022.073   443 566930.146   566978.196   570059.106
166  rtREV+R7      283015.450   445 566920.900   566969.396   570063.987
170  rtREV+F       288635.959   452 578175.918   578225.993   581368.446
171  rtREV+F+I     288580.813   453 578067.625   578117.928   581267.217
172  rtREV+F+G4    283811.727   453 568529.455   568579.757   571729.046
173  rtREV+F+I+G4  283809.453   454 568526.905   568577.436   571733.560
174  rtREV+F+R2    284568.083   454 570044.166   570094.697   573250.821
175  rtREV+F+R3    283862.585   456 568637.170   568688.159   571857.951
176  rtREV+F+R4    283549.239   458 568014.477   568065.927   571249.384
177  rtREV+F+R5    283433.972   460 567787.944   567839.856   571036.978
178  rtREV+F+R6    283401.945   462 567727.890   567780.267   570991.049
179  rtREV+F+R7    283394.304   464 567716.608   567769.452   570993.894
183  mtART         313105.963   433 627077.927   627123.778   630136.256
184  mtART+I       312968.300   434 626804.601   626850.669   629869.993
185  mtART+G4      301827.900   434 604523.800   604569.869   607589.192
186  mtART+I+G4    301817.610   435 604505.221   604551.508   607577.676
187  mtART+R2      303960.093   435 608790.187   608836.474   611862.642
188  mtART+R3      302145.183   437 605164.366   605211.090   608250.947
189  mtART+R4      301623.641   439 604125.282   604172.446   607225.989
190  mtART+R5      301372.097   441 603626.193   603673.799   606741.027
191  mtART+R6      301232.819   443 603351.637   603399.687   606480.597
192  mtART+R7      301195.899   445 603281.797   603330.293   606424.884
193  mtART+R8      301146.242   447 603186.485   603235.429   606343.698
194  mtART+R9      301112.855   449 603123.710   603173.105   606295.049
195  mtART+R10     301080.972   451 603063.944   603113.791   606249.409
196  mtART+F       300278.190   452 601460.380   601510.455   604652.909
197  mtART+F+I     300184.127   453 601274.254   601324.557   604473.845
198  mtART+F+G4    291431.476   453 583768.952   583819.254   586968.543
199  mtART+F+I+G4  291424.849   454 583757.698   583808.229   586964.352
200  mtART+F+R2    292774.026   454 586456.052   586506.582   589662.706
201  mtART+F+R3    291630.323   456 584172.646   584223.635   587393.427
202  mtART+F+R4    291231.739   458 583379.479   583430.928   586614.386
203  mtART+F+R5    291040.075   460 583000.150   583052.062   586249.183
204  mtART+F+R6    290926.521   462 582777.043   582829.419   586040.202
205  mtART+F+R7    290890.381   464 582708.762   582761.606   585986.048
206  mtART+F+R8    290831.258   466 582594.516   582647.829   585885.928
207  mtART+F+R9    290795.642   468 582527.285   582581.069   585832.823
208  mtART+F+R10   290767.724   470 582475.448   582529.706   585795.113
209  mtZOA         304965.856   433 610797.712   610843.563   613856.041
210  mtZOA+I       304846.873   434 610561.747   610607.816   613627.139
211  mtZOA+G4      295245.703   434 591359.406   591405.474   594424.798
212  mtZOA+I+G4    295237.354   435 591344.708   591390.995   594417.164
213  mtZOA+R2      296255.565   435 593381.130   593427.416   596453.585
214  mtZOA+R3      295249.772   437 591373.544   591420.268   594460.125
215  mtZOA+R4      294878.447   439 590634.894   590682.058   593735.602
216  mtZOA+R5      294742.494   441 590366.988   590414.594   593481.822
217  mtZOA+R6      294657.302   443 590200.605   590248.654   593329.565
218  mtZOA+R7      294642.054   445 590174.108   590222.604   593317.194
219  mtZOA+R8      294620.451   447 590134.902   590183.846   593292.114
220  mtZOA+R9      294609.481   449 590116.962   590166.357   593288.301
221  mtZOA+R10     294580.476   451 590062.953   590112.800   593248.418
222  mtZOA+F       295881.479   452 592666.958   592717.033   595859.487
223  mtZOA+F+I     295797.627   453 592501.254   592551.556   595700.845
224  mtZOA+F+G4    288405.571   453 577717.141   577767.444   580916.733
225  mtZOA+F+I+G4  288400.669   454 577709.337   577759.868   580915.992
226  mtZOA+F+R2    289536.239   454 579980.477   580031.008   583187.132
227  mtZOA+F+R3    288573.072   456 578058.144   578109.133   581278.924
228  mtZOA+F+R4    288127.912   458 577171.825   577223.274   580406.732
229  mtZOA+F+R5    287999.156   460 576918.313   576970.225   580167.346
230  mtZOA+F+R6    287954.778   462 576833.557   576885.933   580096.716
231  mtZOA+F+R7    287944.292   464 576816.584   576869.427   580093.869
232  mtZOA+F+R8    287911.563   466 576755.127   576808.440   580046.539
233  mtZOA+F+R9    287886.030   468 576708.060   576761.844   580013.598
234  mtZOA+F+R10   287856.201   470 576652.403   576706.660   579972.067
235  VT            284841.178   433 570548.356   570594.207   573606.685
236  VT+I          284783.089   434 570434.177   570480.246   573499.570
237  VT+G4         280987.276   434 562842.552   562888.621   565907.944
238  VT+I+G4       280985.832   435 562841.664   562887.950   565914.119
239  VT+R2         281553.250   435 563976.499   564022.786   567048.955
240  VT+R3         280952.126   437 562778.251   562824.976   565864.833
241  VT+R4         280682.384   439 562242.769   562289.933   565343.477
242  VT+R5         280602.505   441 562087.010   562134.616   565201.844
243  VT+R6         280561.360   443 562008.720   562056.770   565137.681
244  VT+R7         280560.771   445 562011.543   562060.039   565154.629
248  VT+F          286474.591   452 573853.181   573903.256   577045.710
249  VT+F+I        286424.967   453 573755.935   573806.237   576955.526
250  VT+F+G4       282810.227   453 566526.454   566576.757   569726.046
251  VT+F+I+G4     282809.382   454 566526.764   566577.294   569733.418
252  VT+F+R2       283307.732   454 567523.463   567573.994   570730.118
253  VT+F+R3       282737.458   456 566386.917   566437.906   569607.698
254  VT+F+R4       282486.378   458 565888.756   565940.206   569123.663
255  VT+F+R5       282415.623   460 565751.247   565803.158   569000.280
256  VT+F+R6       282380.641   462 565685.281   565737.658   568948.441
257  VT+F+R7       282379.854   464 565687.708   565740.551   568964.993
261  LG            286236.925   433 573339.851   573385.702   576398.180
262  LG+I          286180.243   434 573228.487   573274.555   576293.879
263  LG+G4         281107.746   434 563083.493   563129.562   566148.885
264  LG+I+G4       281107.352   435 563084.703   563130.990   566157.158
265  LG+R2         281977.662   435 564825.324   564871.610   567897.779
266  LG+R3         281192.642   437 563259.284   563306.008   566345.865
267  LG+R4         280875.448   439 562628.896   562676.060   565729.604
268  LG+R5         280735.380   441 562352.760   562400.366   565467.594
269  LG+R6         280680.745   443 562247.490   562295.540   565376.450
270  LG+R7         280676.182   445 562242.363   562290.859   565385.450
274  LG+F          288103.250   452 577110.499   577160.574   580303.028
275  LG+F+I        288051.395   453 577008.789   577059.092   580208.380
276  LG+F+G4       283123.607   453 567153.214   567203.516   570352.805
277  LG+F+I+G4     283123.311   454 567154.623   567205.154   570361.277
278  LG+F+R2       283928.738   454 568765.475   568816.006   571972.130
279  LG+F+R3       283195.730   456 567303.459   567354.448   570524.240
280  LG+F+R4       282861.931   458 566639.861   566691.310   569874.768
281  LG+F+R5       282740.987   460 566401.974   566453.886   569651.007
282  LG+F+R6       282695.564   462 566315.128   566367.504   569578.287
283  LG+F+R7       282688.602   464 566305.203   566358.047   569582.489
287  DCMut         289464.726   433 579795.452   579841.303   582853.781
288  DCMut+I       289377.744   434 579623.487   579669.556   582688.879
289  DCMut+G4      284393.500   434 569655.000   569701.069   572720.392
290  DCMut+I+G4    284389.630   435 569649.261   569695.547   572721.716
291  DCMut+R2      285393.691   435 571657.383   571703.670   574729.838
292  DCMut+R3      284449.001   437 569772.003   569818.727   572858.585
293  DCMut+R4      284084.835   439 569047.670   569094.834   572148.377
294  DCMut+R5      283980.585   441 568843.170   568890.776   571958.004
295  DCMut+R6      283887.088   443 568660.176   568708.225   571789.136
296  DCMut+R7      283871.845   445 568633.690   568682.186   571776.777
297  DCMut+R8      283871.635   447 568637.270   568686.215   571794.483
300  DCMut+F       289284.722   452 579473.445   579523.520   582665.973
301  DCMut+F+I     289214.371   453 579334.742   579385.045   582534.333
302  DCMut+F+G4    284525.878   453 569957.756   570008.058   573157.347
303  DCMut+F+I+G4  284523.879   454 569955.757   570006.288   573162.412
304  DCMut+F+R2    285354.386   454 571616.771   571667.302   574823.426
305  DCMut+F+R3    284547.466   456 570006.932   570057.921   573227.713
306  DCMut+F+R4    284183.930   458 569283.861   569335.310   572518.768
307  DCMut+F+R5    284069.718   460 569059.437   569111.349   572308.470
308  DCMut+F+R6    284016.410   462 568956.821   569009.197   572219.980
309  DCMut+F+R7    284003.815   464 568935.630   568988.473   572212.915
310  DCMut+F+R8    284003.695   466 568939.391   568992.703   572230.803
313  PMB           285508.031   433 571882.062   571927.914   574940.391
314  PMB+I         285464.742   434 571797.484   571843.552   574862.876
315  PMB+G4        281851.855   434 564571.709   564617.778   567637.101
316  PMB+I+G4      281851.404   435 564572.809   564619.096   567645.264
317  PMB+R2        282322.298   435 565514.595   565560.882   568587.050
318  PMB+R3        281804.222   437 564482.443   564529.167   567569.025
319  PMB+R4        281551.596   439 563981.191   564028.355   567081.899
320  PMB+R5        281487.510   441 563857.019   563904.625   566971.853
321  PMB+R6        281465.534   443 563817.068   563865.118   566946.028
322  PMB+R7        281447.318   445 563784.636   563833.132   566927.722
323  PMB+R8        281447.179   447 563788.358   563837.303   566945.571
326  PMB+F         286680.950   452 574265.899   574315.974   577458.427
327  PMB+F+I       286639.991   453 574185.982   574236.285   577385.573
328  PMB+F+G4      283116.541   453 567139.083   567189.386   570338.674
329  PMB+F+I+G4    283116.308   454 567140.616   567191.147   570347.271
330  PMB+F+R2      283566.271   454 568040.543   568091.074   571247.197
331  PMB+F+R3      283052.707   456 567017.415   567068.404   570238.195
332  PMB+F+R4      282802.850   458 566521.700   566573.149   569756.607
333  PMB+F+R5      282747.158   460 566414.317   566466.229   569663.350
334  PMB+F+R6      282718.438   462 566360.875   566413.252   569624.035
335  PMB+F+R7      282700.944   464 566329.889   566382.732   569607.174
336  PMB+F+R8      282700.812   466 566333.624   566386.937   569625.036
339  HIVb          295751.697   433 592369.394   592415.245   595427.723
340  HIVb+I        295634.190   434 592136.380   592182.449   595201.772
341  HIVb+G4       289420.155   434 579708.310   579754.379   582773.702
342  HIVb+I+G4     289417.739   435 579705.477   579751.764   582777.933
343  HIVb+R2       290661.966   435 582193.932   582240.219   585266.387
344  HIVb+R3       289496.542   437 579867.083   579913.808   582953.665
345  HIVb+R4       289172.770   439 579223.540   579270.704   582324.248
346  HIVb+R5       288982.905   441 578847.811   578895.416   581962.645
347  HIVb+R6       288906.771   443 578699.541   578747.591   581828.502
348  HIVb+R7       288887.310   445 578664.619   578713.115   581807.706
349  HIVb+R8       288886.734   447 578667.467   578716.412   581824.680
352  HIVb+F        295991.789   452 592887.578   592937.653   596080.106
353  HIVb+F+I      295873.425   453 592652.849   592703.152   595852.441
354  HIVb+F+G4     289426.961   453 579759.923   579810.225   582959.514
355  HIVb+F+I+G4   289424.444   454 579756.889   579807.420   582963.543
356  HIVb+F+R2     290661.413   454 582230.826   582281.357   585437.480
357  HIVb+F+R3     289483.814   456 579879.627   579930.616   583100.408
358  HIVb+F+R4     289171.881   458 579259.761   579311.211   582494.668
359  HIVb+F+R5     288972.649   460 578865.298   578917.210   582114.331
360  HIVb+F+R6     288902.525   462 578729.051   578781.427   581992.210
361  HIVb+F+R7     288886.641   464 578701.282   578754.125   581978.567
362  HIVb+F+R8     288886.153   466 578704.306   578757.619   581995.718
365  HIVw          306859.847   433 614585.693   614631.545   617644.022
366  HIVw+I        306730.312   434 614328.624   614374.693   617394.016
367  HIVw+G4       300119.516   434 601107.032   601153.101   604172.424
368  HIVw+I+G4     300118.291   435 601106.582   601152.869   604179.037
369  HIVw+R2       301558.631   435 603987.262   604033.548   607059.717
370  HIVw+R3       300359.537   437 601593.073   601639.798   604679.655
371  HIVw+R4       299837.829   439 600553.658   600600.822   603654.365
372  HIVw+R5       299651.936   441 600185.872   600233.478   603300.706
373  HIVw+R6       299559.442   443 600004.884   600052.934   603133.844
374  HIVw+R7       299537.571   445 599965.141   600013.637   603108.228
375  HIVw+R8       299535.300   447 599964.601   600013.545   603121.813
378  HIVw+F        300848.407   452 602600.815   602650.890   605793.343
379  HIVw+F+I      300697.920   453 602301.840   602352.142   605501.431
380  HIVw+F+G4     294303.618   453 589513.235   589563.538   592712.827
381  HIVw+F+I+G4   294297.782   454 589503.565   589554.095   592710.219
382  HIVw+F+R2     295637.971   454 592183.942   592234.472   595390.596
383  HIVw+F+R3     294449.530   456 589811.061   589862.050   593031.842
384  HIVw+F+R4     294052.328   458 589020.656   589072.105   592255.563
385  HIVw+F+R5     293820.023   460 588560.046   588611.958   591809.079
386  HIVw+F+R6     293759.921   462 588443.841   588496.218   591707.001
387  HIVw+F+R7     293733.769   464 588395.538   588448.381   591672.823
388  HIVw+F+R8     293733.424   466 588398.848   588452.160   591690.260
391  JTTDCMut      288171.579   433 577209.158   577255.009   580267.487
392  JTTDCMut+I    288083.767   434 577035.534   577081.603   580100.926
393  JTTDCMut+G4   283207.973   434 567283.946   567330.015   570349.338
394  JTTDCMut+I+G4 283204.586   435 567279.171   567325.458   570351.627
395  JTTDCMut+R2   284066.110   435 569002.220   569048.507   572074.675
396  JTTDCMut+R3   283254.576   437 567383.151   567429.875   570469.733
397  JTTDCMut+R4   282907.489   439 566692.978   566740.142   569793.685
398  JTTDCMut+R5   282790.201   441 566462.401   566510.007   569577.235
399  JTTDCMut+R6   282741.428   443 566368.856   566416.906   569497.816
400  JTTDCMut+R7   282735.197   445 566360.394   566408.890   569503.481
404  JTTDCMut+F    289529.680   452 579963.360   580013.434   583155.888
405  JTTDCMut+F+I  289453.125   453 579812.250   579862.553   583011.841
406  JTTDCMut+F+G4 284764.325   453 570434.651   570484.953   573634.242
407  JTTDCMut+F+I+G4 284762.320   454 570432.641   570483.171   573639.295
408  JTTDCMut+F+R2 285541.999   454 571991.998   572042.528   575198.652
409  JTTDCMut+F+R3 284793.839   456 570499.678   570550.667   573720.459
410  JTTDCMut+F+R4 284459.202   458 569834.404   569885.853   573069.311
411  JTTDCMut+F+R5 284347.569   460 569615.137   569667.049   572864.170
412  JTTDCMut+F+R6 284302.728   462 569529.456   569581.832   572792.615
413  JTTDCMut+F+R7 284296.876   464 569521.752   569574.595   572799.038
417  FLU           294026.714   433 588919.428   588965.280   591977.757
418  FLU+I         293959.947   434 588787.894   588833.963   591853.287
419  FLU+G4        288011.461   434 576890.921   576936.990   579956.313
420  FLU+I+G4      288011.998   435 576893.997   576940.284   579966.452
421  FLU+R2        289093.276   435 579056.552   579102.838   582129.007
422  FLU+R3        288123.340   437 577120.681   577167.405   580207.262
423  FLU+R4        287793.641   439 576465.283   576512.447   579565.991
424  FLU+R5        287602.334   441 576086.668   576134.274   579201.502
425  FLU+R6        287533.528   443 575953.055   576001.105   579082.015
426  FLU+R7        287522.400   445 575934.800   575983.296   579077.886
427  FLU+R8        287507.978   447 575909.956   575958.900   579067.168
428  FLU+R9        287507.926   449 575913.851   575963.246   579085.190
430  FLU+F         292614.867   452 586133.734   586183.809   589326.262
431  FLU+F+I       292560.073   453 586026.146   586076.448   589225.737
432  FLU+F+G4      286720.740   453 574347.480   574397.782   577547.071
433  FLU+F+I+G4    286721.211   454 574350.422   574400.953   577557.077
434  FLU+F+R2      287679.883   454 576267.766   576318.297   579474.421
435  FLU+F+R3      286793.323   456 574498.646   574549.635   577719.427
436  FLU+F+R4      286480.958   458 573877.917   573929.366   577112.824
437  FLU+F+R5      286310.332   460 573540.664   573592.576   576789.697
438  FLU+F+R6      286239.141   462 573402.281   573454.658   576665.441
439  FLU+F+R7      286225.636   464 573379.273   573432.116   576656.558
440  FLU+F+R8      286225.373   466 573382.746   573436.058   576674.158
443  Blosum62      285403.734   433 571673.468   571719.319   574731.797
444  Blosum62+I    285371.016   434 571610.033   571656.102   574675.425
445  Blosum62+G4   281808.048   434 564484.096   564530.165   567549.488
446  Blosum62+I+G4 281808.100   435 564486.199   564532.486   567558.655
447  Blosum62+R2   282278.450   435 565426.899   565473.186   568499.355
448  Blosum62+R3   281762.603   437 564399.205   564445.930   567485.787
449  Blosum62+R4   281520.948   439 563919.896   563967.060   567020.603
450  Blosum62+R5   281470.909   441 563823.819   563871.425   566938.653
451  Blosum62+R6   281426.808   443 563739.617   563787.667   566868.577
452  Blosum62+R7   281411.465   445 563712.930   563761.426   566856.016
453  Blosum62+R8   281409.852   447 563713.704   563762.648   566870.916
456  Blosum62+F    286320.189   452 573544.378   573594.453   576736.906
457  Blosum62+F+I  286288.311   453 573482.621   573532.924   576682.213
458  Blosum62+F+G4 282836.738   453 566579.476   566629.779   569779.067
459  Blosum62+F+I+G4 282836.790   454 566581.581   566632.112   569788.235
460  Blosum62+F+R2 283280.663   454 567469.325   567519.856   570675.980
461  Blosum62+F+R3 282774.861   456 566461.722   566512.711   569682.503
462  Blosum62+F+R4 282529.549   458 565975.098   566026.548   569210.005
463  Blosum62+F+R5 282482.050   460 565884.100   565936.012   569133.133
464  Blosum62+F+R6 282438.618   462 565801.237   565853.613   569064.396
465  Blosum62+F+R7 282424.065   464 565776.130   565828.973   569053.415
466  Blosum62+F+R8 282422.440   466 565776.879   565830.192   569068.291
469  mtMet         308180.183   433 617226.367   617272.218   620284.696
470  mtMet+I       308069.273   434 617006.547   617052.615   620071.939
471  mtMet+G4      299533.867   434 599935.733   599981.802   603001.125
472  mtMet+I+G4    299530.138   435 599930.276   599976.562   603002.731
473  mtMet+R2      300805.512   435 602481.024   602527.311   605553.480
474  mtMet+R3      299591.066   437 600056.131   600102.856   603142.713
475  mtMet+R4      299220.306   439 599318.612   599365.776   602419.320
476  mtMet+R5      299083.815   441 599049.630   599097.236   602164.464
477  mtMet+R6      299050.654   443 598987.309   599035.359   602116.269
478  mtMet+R7      299045.086   445 598980.171   599028.667   602123.257
482  mtMet+F       295587.037   452 592078.074   592128.149   595270.602
483  mtMet+F+I     295504.144   453 591914.288   591964.591   595113.880
484  mtMet+F+G4    288768.092   453 578442.185   578492.487   581641.776
485  mtMet+F+I+G4  288765.865   454 578439.730   578490.261   581646.385
486  mtMet+F+R2    289840.613   454 580589.226   580639.756   583795.880
487  mtMet+F+R3    288905.570   456 578723.139   578774.128   581943.920
488  mtMet+F+R4    288539.283   458 577994.566   578046.015   581229.473
489  mtMet+F+R5    288385.847   460 577691.693   577743.605   580940.726
490  mtMet+F+R6    288333.063   462 577590.126   577642.502   580853.285
491  mtMet+F+R7    288323.132   464 577574.265   577627.108   580851.551
492  mtMet+F+R8    288298.744   466 577529.487   577582.800   580820.899
493  mtMet+F+R9    288291.742   468 577519.484   577573.268   580825.022
495  mtVer         311341.270   433 623548.540   623594.391   626606.869
496  mtVer+I       311180.324   434 623228.649   623274.718   626294.041
497  mtVer+G4      301367.107   434 603602.214   603648.283   606667.606
498  mtVer+I+G4    301365.374   435 603600.749   603647.036   606673.204
499  mtVer+R2      302629.585   435 606129.170   606175.457   609201.626
500  mtVer+R3      301511.578   437 603897.156   603943.880   606983.737
501  mtVer+R4      300967.414   439 602812.829   602859.993   605913.536
502  mtVer+R5      300811.919   441 602505.838   602553.444   605620.672
503  mtVer+R6      300777.425   443 602440.851   602488.900   605569.811
504  mtVer+R7      300771.185   445 602432.370   602480.866   605575.456
508  mtVer+F       300208.654   452 601321.307   601371.382   604513.836
509  mtVer+F+I     300090.271   453 601086.541   601136.844   604286.133
510  mtVer+F+G4    292328.329   453 585562.658   585612.961   588762.250
511  mtVer+F+I+G4  292325.114   454 585558.227   585608.758   588764.882
512  mtVer+F+R2    293657.658   454 588223.316   588273.846   591429.970
513  mtVer+F+R3    292506.071   456 585924.141   585975.130   589144.922
514  mtVer+F+R4    292038.393   458 584992.786   585044.235   588227.693
515  mtVer+F+R5    291894.979   460 584709.957   584761.869   587958.991
516  mtVer+F+R6    291859.834   462 584643.669   584696.045   587906.828
517  mtVer+F+R7    291836.050   464 584600.099   584652.943   587877.385
518  mtVer+F+R8    291777.810   466 584487.619   584540.932   587779.031
519  mtVer+F+R9    291767.168   468 584470.337   584524.121   587775.875
520  mtVer+F+R10   291756.149   470 584452.298   584506.555   587771.962
521  mtInv         308752.832   433 618371.664   618417.515   621429.993
522  mtInv+I       308660.865   434 618189.730   618235.799   621255.123
523  mtInv+G4      301199.202   434 603266.404   603312.473   606331.796
524  mtInv+I+G4    301196.019   435 603262.037   603308.324   606334.493
525  mtInv+R2      302015.131   435 604900.263   604946.549   607972.718
526  mtInv+R3      301213.089   437 603300.179   603346.903   606386.760
527  mtInv+R4      300934.961   439 602747.921   602795.085   605848.629
528  mtInv+R5      300794.594   441 602471.189   602518.795   605586.023
529  mtInv+R6      300729.699   443 602345.397   602393.447   605474.357
530  mtInv+R7      300713.621   445 602317.243   602365.739   605460.329
531  mtInv+R8      300709.503   447 602313.006   602361.951   605470.219
534  mtInv+F       292778.712   452 586461.424   586511.499   589653.952
535  mtInv+F+I     292706.070   453 586318.139   586368.442   589517.731
536  mtInv+F+G4    286772.692   453 574451.383   574501.686   577650.974
537  mtInv+F+I+G4  286770.912   454 574449.823   574500.354   577656.478
538  mtInv+F+R2    287776.629   454 576461.258   576511.789   579667.913
539  mtInv+F+R3    286892.769   456 574697.538   574748.527   577918.319
540  mtInv+F+R4    286550.198   458 574016.395   574067.845   577251.302
541  mtInv+F+R5    286404.207   460 573728.414   573780.325   576977.447
542  mtInv+F+R6    286341.819   462 573607.637   573660.014   576870.797
543  mtInv+F+R7    286322.600   464 573573.201   573626.044   576850.486
544  mtInv+F+R8    286315.358   466 573562.716   573616.028   576854.128
Akaike Information Criterion:           WAG+R6
Corrected Akaike Information Criterion: WAG+R6
Bayesian Information Criterion:         WAG+R6
Best-fit model: WAG+R6 chosen according to BIC

All model information printed to K11751.blastp_ALL.outfmt6.parsed.filtered.uniq.faa.mafft.aln.model.gz
CPU time for ModelFinder: 298056.258 seconds (82h:47m:36s)
Wall-clock time for ModelFinder: 154352.578 seconds (42h:52m:32s)
Generating 2000 samples for ultrafast bootstrap (seed: 660438)...

NOTE: 1417 MB RAM (1 GB) is required!
Measuring multi-threading efficiency up to 2 CPU cores
2 trees examined
Threads: 1 / Time: 27.725 sec / Speedup: 1.000 / Efficiency: 100% / LogL: -353318
Threads: 2 / Time: 17.541 sec / Speedup: 1.581 / Efficiency: 79% / LogL: -353318
BEST NUMBER OF THREADS: 2

Estimate model parameters (epsilon = 0.100)
1. Initial log-likelihood: -281171.321
2. Current log-likelihood: -280526.044
3. Current log-likelihood: -280478.346
4. Current log-likelihood: -280474.623
5. Current log-likelihood: -280470.676
6. Current log-likelihood: -280465.885
7. Current log-likelihood: -280460.156
8. Current log-likelihood: -280453.940
9. Current log-likelihood: -280448.144
10. Current log-likelihood: -280443.228
11. Current log-likelihood: -280439.262
12. Current log-likelihood: -280436.050
13. Current log-likelihood: -280433.643
14. Current log-likelihood: -280431.848
15. Current log-likelihood: -280430.597
16. Current log-likelihood: -280429.677
17. Current log-likelihood: -280429.091
18. Current log-likelihood: -280428.660
19. Current log-likelihood: -280428.344
20. Current log-likelihood: -280428.176
21. Current log-likelihood: -280428.030
22. Current log-likelihood: -280427.918
Optimal log-likelihood: -280427.792
Site proportion and rates:  (0.028,0.107) (0.065,0.300) (0.146,0.492) (0.222,0.750) (0.279,1.080) (0.259,1.687)
Parameters optimization took 22 rounds (2036.741 sec)
Computing ML distances based on estimated model parameters... 46.056 sec
WARNING: Some pairwise ML distances are too long (saturated)
Computing BIONJ tree...
0.052 seconds
Log-likelihood of BIONJ tree: -280760.009
--------------------------------------------------------------------
|             INITIALIZING CANDIDATE TREE SET                      |
--------------------------------------------------------------------
Generating 98 parsimony trees... 136.765 second
Computing log-likelihood of 98 initial trees ... 1452.038 seconds
Current best score: -280427.792

Do NNI search on 20 best initial trees
Estimate model parameters (epsilon = 0.100)
BETTER TREE FOUND at iteration 1: -280007.757
Estimate model parameters (epsilon = 0.100)
BETTER TREE FOUND at iteration 2: -279958.746
Estimate model parameters (epsilon = 0.100)
BETTER TREE FOUND at iteration 3: -279946.212
Estimate model parameters (epsilon = 0.100)
BETTER TREE FOUND at iteration 4: -279937.762
Estimate model parameters (epsilon = 0.100)
BETTER TREE FOUND at iteration 6: -279918.174
Estimate model parameters (epsilon = 0.100)
BETTER TREE FOUND at iteration 7: -279905.371
Iteration 10 / LogL: -279935.238 / Time: 1h:50m:7s
Iteration 20 / LogL: -280018.732 / Time: 2h:17m:25s
Finish initializing candidate tree set (20)
Current best tree score: -279905.371 / CPU time: 5903.534
Number of iterations: 20
--------------------------------------------------------------------
|               OPTIMIZING CANDIDATE TREE SET                      |
--------------------------------------------------------------------
Estimate model parameters (epsilon = 0.100)
BETTER TREE FOUND at iteration 21: -279900.304
Estimate model parameters (epsilon = 0.100)
BETTER TREE FOUND at iteration 24: -279888.376
Estimate model parameters (epsilon = 0.100)
BETTER TREE FOUND at iteration 28: -279882.195
Estimate model parameters (epsilon = 0.100)
BETTER TREE FOUND at iteration 30: -279869.660
Iteration 30 / LogL: -279869.660 / Time: 2h:52m:15s (9h:54m:0s left)
Estimate model parameters (epsilon = 0.100)
BETTER TREE FOUND at iteration 35: -279863.424
Iteration 40 / LogL: -279873.482 / Time: 3h:24m:41s (8h:18m:35s left)
Iteration 50 / LogL: -279863.629 / Time: 3h:49m:45s (6h:38m:33s left)
Log-likelihood cutoff on original alignment: -279998.525
Iteration 60 / LogL: -279882.430 / Time: 4h:5m:6s (5h:11m:34s left)
Estimate model parameters (epsilon = 0.100)
BETTER TREE FOUND at iteration 63: -279862.638
Iteration 70 / LogL: -279877.266 / Time: 4h:19m:41s (5h:50m:1s left)
Iteration 80 / LogL: -279862.720 / Time: 4h:31m:56s (4h:45m:42s left)
Estimate model parameters (epsilon = 0.100)
BETTER TREE FOUND at iteration 84: -279859.912
Estimate model parameters (epsilon = 0.100)
BETTER TREE FOUND at iteration 85: -279858.543
Iteration 90 / LogL: -279865.544 / Time: 4h:47m:22s (5h:6m:44s left)
Iteration 100 / LogL: -279863.561 / Time: 4h:59m:44s (4h:17m:21s left)
Log-likelihood cutoff on original alignment: -279977.326
NOTE: Bootstrap correlation coefficient of split occurrence frequencies: 0.993
Estimate model parameters (epsilon = 0.100)
BETTER TREE FOUND at iteration 103: -279858.363
Iteration 110 / LogL: -279876.910 / Time: 5h:12m:35s (4h:26m:42s left)
Iteration 120 / LogL: -279873.460 / Time: 5h:25m:23s (3h:46m:57s left)
Iteration 130 / LogL: -279861.870 / Time: 5h:38m:20s (3h:11m:27s left)
Iteration 140 / LogL: -279887.453 / Time: 5h:50m:46s (2h:38m:58s left)
Iteration 150 / LogL: -279871.835 / Time: 6h:3m:1s (2h:9m:7s left)
Log-likelihood cutoff on original alignment: -279977.326
Iteration 160 / LogL: -279865.152 / Time: 6h:15m:4s (1h:41m:26s left)
Iteration 170 / LogL: -279861.242 / Time: 6h:26m:30s (1h:15m:28s left)
Iteration 180 / LogL: -279879.262 / Time: 6h:38m:58s (0h:51m:15s left)
Iteration 190 / LogL: -279886.374 / Time: 6h:51m:4s (0h:28m:16s left)
Iteration 200 / LogL: -279860.966 / Time: 7h:3m:22s (0h:6m:22s left)
Log-likelihood cutoff on original alignment: -279977.326
NOTE: Bootstrap correlation coefficient of split occurrence frequencies: 0.998
TREE SEARCH COMPLETED AFTER 204 ITERATIONS / Time: 7h:8m:11s

--------------------------------------------------------------------
|                    FINALIZING TREE SEARCH                        |
--------------------------------------------------------------------
Performs final model parameters optimization
Estimate model parameters (epsilon = 0.010)
1. Initial log-likelihood: -279858.363
2. Current log-likelihood: -279858.352
Optimal log-likelihood: -279858.343
Site proportion and rates:  (0.027,0.106) (0.062,0.294) (0.154,0.488) (0.247,0.772) (0.283,1.117) (0.228,1.741)
Parameters optimization took 2 rounds (45.943 sec)
BEST SCORE FOUND : -279858.343
Creating bootstrap support values...
Split supports printed to NEXUS file K11751.blastp_ALL.outfmt6.parsed.filtered.uniq.faa.mafft.aln.splits.nex
Total tree length: 180.575

Total number of iterations: 204
CPU time used for tree search: 46281.919 sec (12h:51m:21s)
Wall-clock time used for tree search: 23350.093 sec (6h:29m:10s)
Total CPU time used: 50981.367 sec (14h:9m:41s)
Total wall-clock time used: 25740.009 sec (7h:9m:0s)

Computing bootstrap consensus tree...
Reading input file K11751.blastp_ALL.outfmt6.parsed.filtered.uniq.faa.mafft.aln.splits.nex...
218 taxa and 1150 splits.
Consensus tree written to K11751.blastp_ALL.outfmt6.parsed.filtered.uniq.faa.mafft.aln.contree
Reading input trees file K11751.blastp_ALL.outfmt6.parsed.filtered.uniq.faa.mafft.aln.contree
Log-likelihood of consensus tree: -279858.343

Analysis results written to: 
  IQ-TREE report:                K11751.blastp_ALL.outfmt6.parsed.filtered.uniq.faa.mafft.aln.iqtree
  Maximum-likelihood tree:       K11751.blastp_ALL.outfmt6.parsed.filtered.uniq.faa.mafft.aln.treefile
  Likelihood distances:          K11751.blastp_ALL.outfmt6.parsed.filtered.uniq.faa.mafft.aln.mldist

Ultrafast bootstrap approximation results written to:
  Split support values:          K11751.blastp_ALL.outfmt6.parsed.filtered.uniq.faa.mafft.aln.splits.nex
  Consensus tree:                K11751.blastp_ALL.outfmt6.parsed.filtered.uniq.faa.mafft.aln.contree
  Screen log file:               K11751.blastp_ALL.outfmt6.parsed.filtered.uniq.faa.mafft.aln.log

Date and Time: Fri May 28 10:30:00 2021
