IQ-TREE multicore version 1.6.12 for Linux 64-bit built Aug 15 2019
Developed by Bui Quang Minh, Nguyen Lam Tung, Olga Chernomor,
Heiko Schmidt, Dominik Schrempf, Michael Woodhams.

Host:    coral (AVX512, FMA3, 376 GB RAM)
Command: /home/timothy/programs/iqtree-1.6.12-Linux/bin/iqtree -s K13293.blastp_ALL.outfmt6.parsed.filtered.uniq.faa.mafft.aln.trimal1 -nt AUTO -ntmax 2 -m MFP -bb 2000 -quiet
Seed:    851865 (Using SPRNG - Scalable Parallel Random Number Generator)
Time:    Wed Sep  8 23:55:29 2021
Kernel:  AVX+FMA - auto-detect threads (96 CPU cores detected)

Reading alignment file K13293.blastp_ALL.outfmt6.parsed.filtered.uniq.faa.mafft.aln.trimal1 ... Fasta format detected
Alignment most likely contains protein sequences
Alignment has 221 sequences with 239 columns, 237 distinct patterns
221 parsimony-informative, 4 singleton sites, 14 constant sites
                                                                                                                                Gap/Ambiguity  Composition  p-value
   1  Bacteria-Chlamydiae-Chlamydiia-Chlamydiales-NA-Chlamydiales_bacterium_SCGC_AG110M15_WP_088244702.1                                4.60%    passed     27.01%
   2  Eukaryota-Acytosteliales-Acytosteliales-Acytosteliales-Acytosteliaceae-Acytostelium_subglobosum_XP_012753966.1                    3.77%    passed     45.14%
   3  Eukaryota-Acytosteliales-Acytosteliales-Acytosteliales-Acytosteliaceae-Heterostelium_album_XP_020435988.1                        35.15%    passed     50.86%
   4  Eukaryota-Acytosteliales-Acytosteliales-Acytosteliales-Cavenderiaceae-Cavenderia_fasciculata_XP_004355730.1                       3.77%    passed     42.73%
   5  Eukaryota-Alveolata-Dinophyceae-NA-Unranked-Alexandrium_monilatum_MMETSP0097_c91149_g1_i1.p1                                      3.77%    passed     80.70%
   6  Eukaryota-Alveolata-Dinophyceae-NA-Unranked-Brandtodinium_nutriculum_MMETSP1462_c10919_g1_i1.p1                                   3.77%    passed     95.78%
   7  Eukaryota-Alveolata-Dinophyceae-NA-Unranked-Dinophysis_acuminata_MMETSP0797_c7796_g1_i1.p1                                        3.77%    passed     78.54%
   8  Eukaryota-Alveolata-Dinophyceae-NA-Unranked-Heterocapsa_triquestra_MMETSP0448_c54432_g1_i1.p1                                     5.44%    passed     83.28%
   9  Eukaryota-Alveolata-Dinophyceae-NA-Unranked-Lingulodinium_polyedra_MMETSP1034_c7107_g1_i2.p1                                      5.44%    passed     98.78%
  10  Eukaryota-Alveolata-Dinophyceae-NA-Unranked-Oxyrrhis_marina_MMETSP0469_c58718_g1_i1.p1                                            3.77%    passed     64.84%
  11  Eukaryota-Alveolata-Dinophyceae-NA-Unranked-Oxyrrhis_marina_MMETSP0470_c25019_g1_i1.p1                                            3.77%    passed     74.73%
  12  Eukaryota-Alveolata-Dinophyceae-NA-Unranked-Oxyrrhis_marina_MMETSP1426_c2175_g1_i1.p1                                             3.77%    passed     95.35%
  13  Eukaryota-Alveolata-Dinophyceae-NA-Unranked-Pyrodinium_bahamense_MMETSP0796_c101636_g1_i1.p1                                      3.77%    passed     33.95%
  14  Eukaryota-Alveolata-Dinophyceae-NA-Unranked-Togula_jolla_MMETSP0224_c39897_g1_i1.p1                                               3.77%    passed     65.30%
  15  Eukaryota-Alveolata-Dinophyceae-Peridiniales-Kryptoperidiniaceae-Durinskia_baltica_MMETSP0116_c9195_g1_i1.p1                      3.77%    passed     53.67%
  16  Eukaryota-Amoebozoa-NA-NA-Paramoebidae-Filamoeba_nolandi_MMETSP0413_c21_g1_i1.p1                                                  3.77%    passed     94.35%
  17  Eukaryota-Amoebozoa-NA-NA-Paramoebidae-Mayorella_sp_MMETSP0417_c15850_g1_i1.p1                                                    3.77%    passed     95.95%
  18  Eukaryota-Amoebozoa-NA-NA-Paramoebidae-Neoparamoeba_aestuarina_MMETSP0161_c28158_g1_i1.p1                                         3.77%    passed     97.38%
  19  Eukaryota-Amoebozoa-NA-NA-Paramoebidae-Pessonella_sp_MMETSP0420_c6091_g1_i1.p1                                                    3.77%    passed     43.41%
  20  Eukaryota-Amoebozoa-NA-NA-Paramoebidae-Sexangularia_sp_MMETSP0437_c8039_g1_i1.p1                                                  3.77%    passed     16.15%
  21  Eukaryota-Amoebozoa-NA-NA-Paramoebidae-Stygamoeba_regulata_MMETSP0447_c16419_g1_i1.p1                                             3.77%    passed     95.95%
  22  Eukaryota-Amoebozoa-NA-NA-Paramoebidae-Stygamoeba_regulata_MMETSP0447_c6848_g1_i1.p1                                              3.77%    passed     93.47%
  23  Eukaryota-Annelida-Clitellata-Hirudinida-Glossiphoniidae-Helobdella_robusta_jgi107672                                             3.35%    passed     77.99%
  24  Eukaryota-Apicomplexa-Aconoidasida-Haemosporida-Plasmodiidae-Plasmodium_chabaudi_XP_016654891.1                                   5.44%    failed      3.24%
  25  Eukaryota-Apicomplexa-Aconoidasida-Haemosporida-Plasmodiidae-Plasmodium_coatneyi_XP_019916514.1                                   5.44%    failed      0.25%
  26  Eukaryota-Apicomplexa-Aconoidasida-Piroplasmida-Babesiidae-Babesia_microti_XP_021338597.1                                         4.60%    passed     75.17%
  27  Eukaryota-Apicomplexa-Aconoidasida-Piroplasmida-Theileriidae-Theileria_equi_XP_004833829.1                                        4.60%    passed     67.98%
  28  Eukaryota-Apicomplexa-Conoidasida-Eucoccidiorida-Eimeriidae-Cyclospora_cayetanensis_XP_026192177.1                                3.77%    passed     96.89%
  29  Eukaryota-Apicomplexa-Conoidasida-Eucoccidiorida-Sarcocystidae-Neospora_caninum_XP_003883716.1                                    3.77%    passed     26.72%
  30  Eukaryota-Apicomplexa-Conoidasida-Eucoccidiorida-Sarcocystidae-Toxoplasma_gondii_XP_018637837.1                                   3.77%    passed     98.82%
  31  Eukaryota-Apicomplexa-NA-Unranked-NA-Alveolata_sp_MMETSP0288_c24762_g1_i1.p1                                                      3.35%    passed     48.64%
  32  Eukaryota-Apusomonadidae-NA-NA-NA-Thecamonas_trahens_XP_013758706.1                                                               4.60%    passed     61.94%
  33  Eukaryota-Apusomonadidae-NA-NA-NA-Thecamonas_trahens_XP_013763009.1                                                               4.18%    passed     94.65%
  34  Eukaryota-Arthropoda-Insecta-Coleoptera-Curculionidae-Dendroctonus_ponderosae_XP_019770031.1                                      3.35%    passed     75.22%
  35  Eukaryota-Arthropoda-Insecta-Diptera-Culicidae-Aedes_aegypti_XP_021704100.1                                                       3.35%    passed     94.62%
  36  Eukaryota-Arthropoda-Insecta-Diptera-Drosophilidae-Drosophila_novamexicana_XP_030556534.1                                         3.77%    passed     52.72%
  37  Eukaryota-Arthropoda-Insecta-Diptera-Tephritidae-Ceratitis_capitata_XP_012159093.1                                                3.77%    passed     97.81%
  38  Eukaryota-Arthropoda-Insecta-Hemiptera-Aphididae-Myzus_persicae_XP_022175747.1                                                    3.77%    passed     85.00%
  39  Eukaryota-Arthropoda-Insecta-Hemiptera-Aphididae-Rhopalosiphum_maidis_XP_026816411.1                                              3.77%    passed     95.59%
  40  Eukaryota-Arthropoda-Insecta-Hemiptera-Pentatomidae-Halyomorpha_halys_XP_024216759.1                                              3.77%    passed     98.50%
  41  Eukaryota-Arthropoda-Insecta-Hymenoptera-Formicidae-Acromyrmex_echinatior_XP_011054221.1                                          3.35%    passed     90.27%
  42  Eukaryota-Arthropoda-Insecta-Hymenoptera-Orussidae-Orussus_abietinus_XP_012288313.1                                               3.35%    passed     88.62%
  43  Eukaryota-Arthropoda-Insecta-Hymenoptera-Trichogrammatidae-Trichogramma_pretiosum_XP_023315953.1                                  3.77%    passed     99.32%
  44  Eukaryota-Arthropoda-Insecta-Lepidoptera-Noctuidae-Helicoverpa_armigera_XP_021193824.1                                            3.77%    passed     99.66%
  45  Eukaryota-Ascomycota-Eurotiomycetes-Eurotiales-Aspergillaceae-Aspergillus_japonicus_XP_025524611.1                                5.86%    passed     50.56%
  46  Eukaryota-Ascomycota-Eurotiomycetes-Eurotiales-Trichocomaceae-Talaromyces_marneffei_XP_002150161.1                                5.86%    passed     75.11%
  47  Eukaryota-Ascomycota-Eurotiomycetes-Onygenales-Ajellomycetaceae-Blastomyces_gilchristii_XP_002620622.1                           20.50%    passed     95.64%
  48  Eukaryota-Ascomycota-Leotiomycetes-Helotiales-Sclerotiniaceae-Botrytis_cinerea_XP_001552552.1                                     5.86%    passed     96.07%
  49  Eukaryota-Ascomycota-Leotiomycetes-Helotiales-Sclerotiniaceae-Sclerotinia_sclerotiorum_XP_001586607.1                             5.86%    passed     91.11%
  50  Eukaryota-Ascomycota-Orbiliomycetes-Orbiliales-Orbiliaceae-Arthrobotrys_oligospora_XP_011123641.1                                 6.69%    passed     92.02%
  51  Eukaryota-Ascomycota-Pezizomycetes-Pezizales-Tuberaceae-Tuber_melanosporum_XP_002840984.1                                         6.69%    passed     77.36%
  52  Eukaryota-Ascomycota-Sordariomycetes-Hypocreales-Nectriaceae-Fusarium_oxysporum_XP_018235015.1                                    5.86%    passed     91.02%
  53  Eukaryota-Ascomycota-Sordariomycetes-Magnaporthales-Magnaporthaceae-Gaeumannomyces_tritici_XP_009217386.1                        15.90%    passed     93.92%
  54  Eukaryota-Basidiomycota-Microbotryomycetes-Sporidiobolales-Sporidiobolaceae-Rhodotorula_toruloides_XP_016273577.1                 3.77%    passed     93.54%
  55  Eukaryota-Basidiomycota-Tremellomycetes-Tremellales-Cryptococcaceae-Cryptococcus_gattii_VGI_XP_003192341.1                        3.77%    passed     71.04%
  56  Eukaryota-Basidiomycota-Tremellomycetes-Tremellales-Cryptococcaceae-Cryptococcus_neoformans_XP_012047746.1                        3.77%    passed     87.37%
  57  Eukaryota-Basidiomycota-Tremellomycetes-Tremellales-Cryptococcaceae-Kwoniella_mangrovensis_XP_019002336.1                         3.77%    passed     95.53%
  58  Eukaryota-Basidiomycota-Tremellomycetes-Tremellales-Cryptococcaceae-Kwoniella_pini_XP_019013308.1                                 3.77%    passed     92.89%
  59  Eukaryota-Basidiomycota-Tremellomycetes-Tremellales-Cuniculitremaceae-Kockovaella_imperatae_XP_021873423.1                        3.77%    passed     66.52%
  60  Eukaryota-Basidiomycota-Tremellomycetes-Tremellales-Tremellaceae-Tremella_mesenterica_jgi68552                                    3.77%    passed     87.14%
  61  Eukaryota-Basidiomycota-Tremellomycetes-Trichosporonales-Trichosporonaceae-Apiotrichum_porosum_XP_028477184.1                     3.77%    passed     86.86%
  62  Eukaryota-Brachiopoda-Lingulata-Lingulida-Lingulidae-Lingula_anatina_XP_013397702.1                                               3.77%    passed     99.89%
  63  Eukaryota-Brachiopoda-Lingulata-Lingulida-Lingulidae-Lingula_anatina_XP_013421121.1                                               3.35%    passed     86.49%
  64  Eukaryota-Cercozoa-Chlorarachniophyceae-NA-NA-Bigelowiella_longifila_MMETSP1359_c3983_g1_i1.p1                                    3.35%    passed     64.25%
  65  Eukaryota-Cercozoa-Chlorarachniophyceae-NA-NA-Bigelowiella_natans_MMETSP1054_c3180_g1_i3.p1                                       3.35%    passed     90.81%
  66  Eukaryota-Cercozoa-Chlorarachniophyceae-NA-NA-Chlorarachnion_reptans_MMETSP0109_c7193_g1_i1.p1                                    3.35%    passed     94.37%
  67  Eukaryota-Cercozoa-Chlorarachniophyceae-NA-NA-Lotharella_globosa_MMETSP0111_c16232_g1_i1.p1                                       3.77%    passed     65.16%
  68  Eukaryota-Cercozoa-Chlorarachniophyceae-NA-NA-Lotharella_globosa_MMETSP0112_c15066_g1_i1.p1                                       3.35%    passed     86.41%
  69  Eukaryota-Cercozoa-Chlorarachniophyceae-NA-NA-Norrisiella_sphaerica_MMETSP0113_c2258_g1_i1.p1                                     3.77%    passed     75.23%
  70  Eukaryota-Cercozoa-NA-Euglyphida-Paulinellidae-Paulinella_chromatophora_scaffold2232-size2579_m.26050                             3.77%    passed     80.94%
  71  Eukaryota-Cercozoa-NA-Euglyphida-Paulinellidae-Paulinella_chromatophora_scaffold2486-size2466_m.28096                             3.77%    passed     99.19%
  72  Eukaryota-Chlorophyta-Chlorophyceae-Chlamydomonadales-Chlamydomonadaceae-Chlamydomonas_chlamydogama_MMETSP1392_c16539_g1_i1.p1    3.35%    passed     99.84%
  73  Eukaryota-Chlorophyta-Chlorophyceae-Chlamydomonadales-Chlamydomonadaceae-Chlamydomonas_chlamydogama_MMETSP1392_c27613_g1_i1.p1    3.77%    passed     75.40%
  74  Eukaryota-Chlorophyta-Chlorophyceae-Chlamydomonadales-Volvocaceae-Volvox_carteri_XP_002950511.1                                   3.77%    passed     43.41%
  75  Eukaryota-Chlorophyta-NA-NA-NA-Dolichomastix_tenuilepis_MMETSP0033_c1508_g1_i1.p1                                                 3.77%    passed     93.83%
  76  Eukaryota-Chlorophyta-NA-NA-NA-Dolichomastix_tenuilepis_MMETSP0033_c17050_g1_i1.p1                                                3.77%    passed     95.68%
  77  Eukaryota-Chlorophyta-NA-NA-NA-Tetraselmis_astigmatica_MMETSP0804_c4296_g1_i3.p1                                                  3.77%    passed     80.73%
  78  Eukaryota-Chlorophyta-NA-NA-NA-Tetraselmis_chuii_MMETSP0491_c7305_g1_i1.p1                                                        3.77%    passed     99.30%
  79  Eukaryota-Chlorophyta-NA-Pyramimonadales-NA-Pyramimonas_parkeae_MMETSP0058_c1717_g1_i1.p1                                         3.35%    passed     70.45%
  80  Eukaryota-Chlorophyta-Nephroselmidophyceae-NA-NA-Nephroselmis_pyriformis_MMETSP0034_c14543_g1_i1.p1                               3.77%    passed     47.71%
  81  Eukaryota-Choanoflagellata-Choanoflagellata-Choanoflagellata-NA-Acanthoeca_sp_MMETSP0105_c25001_g1_i1.p1                          3.77%    passed     91.77%
  82  Eukaryota-Choanoflagellata-Choanoflagellata-Choanoflagellata-Salpingoecidae-Monosiga_brevicollis_XP_001742902.1                   3.35%    passed     43.98%
  83  Eukaryota-Choanoflagellata-Choanoflagellata-Choanoflagellata-Salpingoecidae-Monosiga_brevicollis_XP_001750186.1                   3.35%    passed     41.99%
  84  Eukaryota-Choanoflagellata-Choanoflagellata-Choanoflagellata-Salpingoecidae-Salpingoeca_rosetta_XP_004994431.1                    3.35%    passed     75.67%
  85  Eukaryota-Choanoflagellata-Choanoflagellata-Choanoflagellata-Salpingoecidae-Salpingoeca_rosetta_XP_004998265.1                    3.35%    passed     22.21%
  86  Eukaryota-Chordata-Actinopteri-Cypriniformes-Cyprinidae-Danio_rerio_XP_009296827.1                                                3.35%    passed     98.49%
  87  Eukaryota-Chordata-Actinopteri-Cypriniformes-Cyprinidae-Sinocyclocheilus_anshuiensis_XP_016320107.1                               3.35%    passed     99.31%
  88  Eukaryota-Chordata-Actinopteri-Esociformes-Esocidae-Esox_lucius_XP_028978276.1                                                    3.35%    passed     99.26%
  89  Eukaryota-Chordata-Actinopteri-Gadiformes-Gadidae-Gadus_morhua_XP_030207178.1                                                     3.35%    passed     98.31%
  90  Eukaryota-Chordata-Actinopteri-Perciformes-Bovichtidae-Cottoperca_gobio_XP_029285594.1                                            3.35%    passed     92.75%
  91  Eukaryota-Chordata-Actinopteri-Salmoniformes-Salmonidae-Salmo_salar_XP_013999681.1                                                3.35%    passed     93.71%
  92  Eukaryota-Chordata-Actinopteri-Tetraodontiformes-Tetraodontidae-Takifugu_rubripes_XP_029706401.1                                  3.35%    passed     97.76%
  93  Eukaryota-Chordata-Chondrichthyes-Orectolobiformes-Rhincodontidae-Rhincodon_typus_XP_020380379.1                                  3.35%    passed     98.79%
  94  Eukaryota-Chordata-Mammalia-Cetacea-Delphinidae-Lagenorhynchus_obliquidens_XP_026962349.1                                         3.77%    passed     88.43%
  95  Eukaryota-Chordata-Mammalia-Cetacea-Delphinidae-Orcinus_orca_XP_004274255.1                                                       3.77%    passed     88.43%
  96  Eukaryota-Chromeraceae-NA-NA-NA-Chromera_velia_MMETSP0290_c29045_g1_i1.p1                                                        13.39%    passed     93.76%
  97  Eukaryota-Chromeraceae-NA-NA-NA-Chromera_velia_MMETSP0290_c825_g1_i1.p1                                                           4.18%    passed     58.08%
  98  Eukaryota-Chromeraceae-NA-NA-NA-Vitrella_brassicaformis_MMETSP1451_c267_g1_i1.p1                                                  3.35%    passed     48.64%
  99  Eukaryota-Chytridiomycota-Chytridiomycetes-Rhizophydiales-NA-Batrachochytrium_dendrobatidis_jgi86647                              3.35%    passed     30.63%
 100  Eukaryota-Chytridiomycota-Chytridiomycetes-Spizellomycetales-Spizellomycetaceae-Spizellomyces_punctatus_XP_016607217.1            3.35%    passed     97.05%
 101  Eukaryota-Chytridiomycota-Chytridiomycetes-Spizellomycetales-Spizellomycetaceae-Spizellomyces_punctatus_XP_016607281.1            3.77%    passed     99.76%
 102  Eukaryota-Ciliophora-NA-Unranked-NA-Climacostomum_virens_MMETSP1397_c6900_g1_i3.p1                                                3.77%    passed     81.32%
 103  Eukaryota-Ciliophora-NA-Unranked-NA-Euplotes_crassus_MMETSP1380_c5462_g1_i1.p1                                                    3.77%    passed     12.53%
 104  Eukaryota-Ciliophora-NA-Unranked-NA-Fabrea_salina_MMETSP1345_c3050_g1_i1.p1                                                       3.77%    passed     54.49%
 105  Eukaryota-Ciliophora-NA-Unranked-NA-Litonotus_pictus_MMETSP0209_c2184_g1_i1.p1                                                    3.77%    passed     10.52%
 106  Eukaryota-Ciliophora-NA-Unranked-NA-Platyophrya_macrostoma_MMETSP0127_c16058_g1_i1.p1                                             3.77%    passed     96.72%
 107  Eukaryota-Ciliophora-NA-Unranked-NA-Protocruzia_adherens_MMETSP0216_c15381_g2_i1.p1                                               3.77%    passed     96.96%
 108  Eukaryota-Ciliophora-NA-Unranked-NA-Protocruzia_adherens_MMETSP0216_c16023_g1_i1.p1                                               3.77%    passed     43.68%
 109  Eukaryota-Ciliophora-NA-Unranked-NA-Strombidinopsis_acuminatum_MMETSP0126_c63814_g1_i1.p1                                         3.77%    passed     36.56%
 110  Eukaryota-Ciliophora-Oligohymenophorea-Hymenostomatida-Tetrahymenidae-Tetrahymena_thermophila_XP_001019765.3                      3.77%    passed     10.30%
 111  Eukaryota-Cnidaria-Anthozoa-Actiniaria-Aiptasiidae-Exaiptasia_pallida_XP_020917337.1                                              5.86%    passed     74.98%
 112  Eukaryota-Cnidaria-Anthozoa-Alcyonacea-Nephtheidae-Dendronephthya_gigantea_XP_028401243.1                                         2.93%    passed     94.84%
 113  Eukaryota-Cnidaria-Anthozoa-Scleractinia-Merulinidae-Orbicella_faveolata_XP_020606548.1                                           2.93%    passed     93.90%
 114  Eukaryota-Cnidaria-Anthozoa-Scleractinia-Pocilloporidae-Pocillopora_damicornis_XP_027042372.1                                     2.93%    passed     93.34%
 115  Eukaryota-Cnidaria-Anthozoa-Scleractinia-Pocilloporidae-Stylophora_pistillata_XP_022797042.1                                      2.93%    passed     95.25%
 116  Eukaryota-Cnidaria-Hydrozoa-Anthoathecata-Hydridae-Hydra_vulgaris_XP_002168015.3                                                  3.35%    passed     79.61%
 117  Eukaryota-Cryptophyta-NA-Cryptomonadales-Hemiselmidaceae-Hemiselmis_rufescens_MMETSP1357_c20559_g1_i1.p1                          3.77%    passed     80.66%
 118  Eukaryota-Cryptophyta-NA-Cryptomonadales-NA-Hanusia_phi_MMETSP1048_c3040_g1_i1.p1                                                 3.77%    passed     56.37%
 119  Eukaryota-Cryptophyta-NA-Cryptomonadales-NA-Hanusia_phi_MMETSP1048_c6571_g1_i1.p1                                                 3.77%    passed     76.94%
 120  Eukaryota-Cryptophyta-NA-Goniomondales-NA-Goniomonas_sp_MMETSP0114_c22035_g1_i1.p1                                                3.77%    passed     88.63%
 121  Eukaryota-Cryptophyta-NA-Goniomondales-NA-Goniomonas_sp_MMETSP0114_c8582_g1_i1.p1                                                 3.77%    passed     38.65%
 122  Eukaryota-Cryptophyta-NA-Pyrenomonadales-Chroomonadaceae-Chroomonas_mesostigmaticacf_MMETSP0047_c16812_g1_i1.p1                   3.77%    passed     95.82%
 123  Eukaryota-Cryptophyta-NA-Pyrenomonadales-Geminigeraceae-Guillardia_theta_MMETSP0046_c11803_g1_i1.p1                               3.77%    passed     79.66%
 124  Eukaryota-Cryptophyta-NA-Pyrenomonadales-Geminigeraceae-Guillardia_theta_MMETSP0046_c12453_g1_i1.p1                               3.77%    passed     73.25%
 125  Eukaryota-Cryptophyta-NA-Pyrenomonadales-Geminigeraceae-Proteomonas_sulcata_MMETSP1049_c32202_g1_i1.p1                            3.77%    passed     67.97%
 126  Eukaryota-Cryptophyta-NA-Pyrenomonadales-NA-Geminigera_cryophila_MMETSP0799_c10809_g1_i1.p1                                       3.77%    passed     42.25%
 127  Eukaryota-Cryptophyta-NA-Pyrenomonadales-Pyrenomonadaceae-Rhodomonas_lens_MMETSP0484_c44365_g1_i1.p1                              3.77%    passed     70.60%
 128  Eukaryota-Dictyosteliales-Dictyosteliales-Dictyosteliales-Dictyosteliaceae-Dictyostelium_discoideum_XP_636380.1                   3.77%    failed      0.36%
 129  Eukaryota-Dictyosteliales-Dictyosteliales-Dictyosteliales-Dictyosteliaceae-Dictyostelium_purpureum_jgi150656                      3.77%    passed     29.09%
 130  Eukaryota-Diplomonadida-Diplomonadida-Diplomonadida-Hexamitidae-Giardia_intestinalis_XP_001706344.1                               4.18%    passed     75.90%
 131  Eukaryota-Echinodermata-Echinoidea-Echinoida-Strongylocentrotidae-Strongylocentrotus_purpuratus_NP_001091918.1                    3.77%    passed     91.27%
 132  Eukaryota-Euglenida-NA-Eutreptiales-NA-Eutreptiella_gymnastica-like_MMETSP0809_c2789_g1_i1.p1                                     3.77%    passed     79.80%
 133  Eukaryota-Euglenida-NA-Eutreptiales-NA-Eutreptiella_gymnastica_MMETSP0039_c22605_g1_i1.p1                                         3.77%    passed     95.81%
 134  Eukaryota-Euglenida-NA-Eutreptiales-NA-Eutreptiella_gymnastica_MMETSP0039_c88981_g1_i1.p1                                         3.77%    passed     79.86%
 135  Eukaryota-Euglenida-NA-NA-Unranked-Neobodo_designis_MMETSP1114_c9629_g1_i1.p1                                                     3.77%    passed     88.23%
 136  Eukaryota-Fonticulida-Fonticulida-Fonticulida-Fonticulaceae-Fonticula_alba_XP_009497122.1                                         5.02%    passed     87.63%
 137  Eukaryota-Glaucophyta-Glaucophyta-Gloeochaetales-Gloeochaetaceae-Gloeochaete_witrockiana_MMETSP0308_c19541_g1_i1.p1               4.18%    passed     99.92%
 138  Eukaryota-Glaucophyta-Glaucophyta-NA-Cyanophoraceae-Cyanophora_paradoxa_tig00001094_g6997.t1                                      3.35%    passed     33.64%
 139  Eukaryota-Glaucophyta-Glaucophyta-NA-Cyanophoraceae-Cyanophora_paradoxa_tig00021179_g19303.t1                                     3.35%    passed      8.53%
 140  Eukaryota-Haptophyta-NA-Pavlovales-Pavlovaceae-Pavlova_sp_MMETSP1139_c7294_g1_i1.p1                                               3.77%    passed     97.31%
 141  Eukaryota-Haptophyta-NA-Pavlovales-Pavlovaceae-Pavlova_sp_MMETSP1140_c23937_g1_i1.p1                                              4.18%    passed     19.43%
 142  Eukaryota-Haptophyta-NA-Phaeocystales-Phaeocystaceae-Phaeocystis_antarctica_MMETSP1444_c11061_g1_i1.p1                            4.18%    passed     86.88%
 143  Eukaryota-Haptophyta-NA-Prymnesiales-NA-Chrysochromulina_rotalis_MMETSP0287_c35535_g1_i1.p1                                       3.77%    passed     79.98%
 144  Eukaryota-Haptophyta-NA-Prymnesiales-NA-Chrysochromulina_rotalis_MMETSP0287_c36426_g1_i1.p1                                       3.77%    passed     36.34%
 145  Eukaryota-Haptophyta-NA-Prymnesiales-NA-Imantonia_sp_MMETSP1474_c4455_g1_i1.p1                                                    3.77%    passed     68.05%
 146  Eukaryota-Haptophyta-NA-Prymnesiales-NA-Isochrysis_galbana_MMETSP0595_c11910_g1_i1.p1                                             3.77%    passed     36.56%
 147  Eukaryota-Haptophyta-NA-Prymnesiales-NA-Pleurochrysis_carterae_MMETSP1136_c470_g1_i1.p1                                           4.18%    passed     98.78%
 148  Eukaryota-Haptophyta-NA-Prymnesiales-NA-Prymnesium_parvum_MMETSP1083_c24526_g1_i1.p1                                              3.77%    passed     98.74%
 149  Eukaryota-Heterolobosea-NA-NA-NA-Percolomonas_cosmopolitus_MMETSP0759_c760_g1_i1.p1                                               3.77%    passed     96.19%
 150  Eukaryota-Heterolobosea-NA-NA-Vahlkampfiidae-Naegleria_gruberi_jgi1662                                                            7.95%    passed     97.08%
 151  Eukaryota-Heterolobosea-NA-NA-Vahlkampfiidae-Naegleria_gruberi_XP_002680808.1                                                     3.77%    passed     70.90%
 152  Eukaryota-Kinetoplastida-Kinetoplastida-Kinetoplastida-Trypanosomatidae-Leishmania_braziliensis_XP_001564041.1                    3.77%    passed     99.41%
 153  Eukaryota-Kinetoplastida-Kinetoplastida-Kinetoplastida-Trypanosomatidae-Leishmania_infantum_XP_001464924.1                        3.77%    passed     97.89%
 154  Eukaryota-Kinetoplastida-Kinetoplastida-Kinetoplastida-Trypanosomatidae-Leishmania_panamensis_XP_010700850.1                      3.77%    passed     84.05%
 155  Eukaryota-Kinetoplastida-Kinetoplastida-Kinetoplastida-Trypanosomatidae-Leptomonas_pyrrhocoris_XP_015657036.1                     3.77%    passed     98.75%
 156  Eukaryota-Kinetoplastida-Kinetoplastida-Kinetoplastida-Trypanosomatidae-Leptomonas_pyrrhocoris_XP_015659092.1                     3.77%    passed     67.80%
 157  Eukaryota-Kinetoplastida-Kinetoplastida-Kinetoplastida-Trypanosomatidae-Trypanosoma_conorhini_XP_029231004.1                      3.77%    passed     69.70%
 158  Eukaryota-Kinetoplastida-Kinetoplastida-Kinetoplastida-Trypanosomatidae-Trypanosoma_theileri_XP_028886770.1                       3.77%    passed     68.42%
 159  Eukaryota-Longamoebia-Longamoebia-Longamoebia-Acanthamoebidae-Acanthamoeba_castellanii_XP_004336120.1                             3.77%    passed     82.41%
 160  Eukaryota-Mesomycetozoea-Ichthyosporea-Ichthyophonida-NA-Sphaeroforma_arctica_XP_014151570.1                                      3.77%    passed     92.36%
 161  Eukaryota-Mesomycetozoea-Ichthyosporea-NA-NA-Capsaspora_owczarzaki_XP_004349912.2                                                 3.77%    passed     66.62%
 162  Eukaryota-Mollusca-Bivalvia-Pectinoida-Pectinidae-Mizuhopecten_yessoensis_XP_021345875.1                                          3.77%    passed     99.35%
 163  Eukaryota-Mollusca-Cephalopoda-Octopoda-Octopodidae-Octopus_bimaculoides_XP_014768217.1                                           3.35%    passed     82.81%
 164  Eukaryota-Mollusca-Gastropoda-Aplysiida-Aplysiidae-Aplysia_californica_XP_012942193.1                                             3.35%    passed     69.36%
 165  Eukaryota-Mollusca-Gastropoda-NA-Lottiidae-Lottia_gigantea_jgi112143                                                              3.35%    passed     94.81%
 166  Eukaryota-Mollusca-Gastropoda-NA-Lottiidae-Lottia_gigantea_jgi138753                                                              3.77%    passed     97.16%
 167  Eukaryota-Mollusca-Gastropoda-NA-Planorbidae-Biomphalaria_glabrata_XP_013072268.1                                                 3.35%    passed     64.61%
 168  Eukaryota-Mucorales-Mucoraceae-Undefined-Undefined-Mucor_circinelloides_jgi32396                                                 13.81%    passed     93.63%
 169  Eukaryota-Mucorales-Mucoraceae-Undefined-Undefined-Mucor_circinelloides_jgi47512                                                  4.18%    passed     96.65%
 170  Eukaryota-Mucorales-Mucoraceae-Undefined-Undefined-Mucor_circinelloides_jgi80480                                                  4.18%    passed     81.68%
 171  Eukaryota-Mucoromycota-Glomeromycetes-Glomerales-Glomeraceae-Rhizophagus_irregularis_XP_025176894.1                               3.77%    passed     69.62%
 172  Eukaryota-Mucoromycota-Glomeromycetes-Glomerales-Glomeraceae-Rhizophagus_irregularis_XP_025182850.1                               3.77%    passed     97.68%
 173  Eukaryota-Mucoromycota-Mortierellomycetes-Mortierellales-Mortierellaceae-Lobosporangium_transversale_XP_021886304.1               3.35%    passed     75.75%
 174  Eukaryota-Mucoromycota-Mucoromycetes-Mucorales-Phycomycetaceae-Phycomyces_blakesleeanus_XP_018285986.1                            4.18%    passed     77.21%
 175  Eukaryota-Mucoromycota-Mucoromycetes-Mucorales-Phycomycetaceae-Phycomyces_blakesleeanus_XP_018294250.1                            3.77%    passed     59.09%
 176  Eukaryota-Mucoromycota-Mucoromycetes-Mucorales-Rhizopodaceae-Rhizopus_microsporus_XP_023464160.1                                  4.60%    passed     84.44%
 177  Eukaryota-Mucoromycota-Mucoromycetes-Mucorales-Rhizopodaceae-Rhizopus_microsporus_XP_023465486.1                                  5.44%    passed     96.03%
 178  Eukaryota-Nematoda-Chromadorea-Rhabditida-Onchocercidae-Loa_loa_XP_020302235.1                                                    3.35%    passed     82.66%
 179  Eukaryota-Nematoda-Chromadorea-Rhabditida-Rhabditidae-Caenorhabditis_elegans_NP_871945.1                                          3.35%    passed     79.42%
 180  Eukaryota-Nematoda-Chromadorea-Rhabditida-Strongyloididae-Strongyloides_ratti_XP_024504037.1                                      3.77%    passed     94.29%
 181  Eukaryota-Nematoda-Enoplea-Trichinellida-Trichinellidae-Trichinella_spiralis_XP_003379188.1                                       3.35%    passed     88.02%
 182  Eukaryota-Palpitomonas-NA-NA-NA-Palpitomonas_bilix_MMETSP0780_c12382_g1_i1.p1                                                     3.77%    passed     99.52%
 183  Eukaryota-Palpitomonas-NA-NA-NA-Palpitomonas_bilix_MMETSP0780_c15000_g2_i2.p1                                                    11.72%    passed     46.27%
 184  Eukaryota-Perkinsozoa-NA-Perkinsida-Perkinsidae-Perkinsus_marinus_XP_002771626.1                                                  4.60%    passed     71.75%
 185  Eukaryota-Placozoa-NA-NA-Trichoplacidae-Trichoplax_adhaerens_XP_002113928.1                                                       3.35%    passed     95.39%
 186  Eukaryota-Platyhelminthes-Cestoda-Cyclophyllidea-Taeniidae-Echinococcus_granulosus_XP_024354381.1                                 3.35%    passed     99.44%
 187  Eukaryota-Platyhelminthes-Trematoda-Opisthorchiida-Opisthorchiidae-Opisthorchis_viverrini_XP_009174069.1                          3.35%    passed     88.67%
 188  Eukaryota-Platyhelminthes-Trematoda-Strigeidida-Schistosomatidae-Schistosoma_haematobium_XP_012797136.1                           3.35%    passed     97.30%
 189  Eukaryota-Platyhelminthes-Trematoda-Strigeidida-Schistosomatidae-Schistosoma_haematobium_XP_012798978.1                           3.35%    passed     98.41%
 190  Eukaryota-Porifera-Demospongiae-Haplosclerida-Niphatidae-Amphimedon_queenslandica_jgiAqu1216206                                   3.35%    passed     99.70%
 191  Eukaryota-Priapulida-Priapulimorpha-Priapulimorphida-Priapulidae-Priapulus_caudatus_XP_014662411.1                                3.35%    passed     87.91%
 192  Eukaryota-Priapulida-Priapulimorpha-Priapulimorphida-Priapulidae-Priapulus_caudatus_XP_014680940.1                                3.35%    passed     98.60%
 193  Eukaryota-Retaria-NA-NA-NA-Ammonia_sp_MMETSP1384_c19095_g1_i1.p1                                                                  3.77%    passed     84.54%
 194  Eukaryota-Retaria-NA-NA-NA-Ammonia_sp_MMETSP1384_c2213_g1_i1.p1                                                                   3.77%    passed     76.99%
 195  Eukaryota-Retaria-NA-NA-NA-Elphidium_margaritaceum_MMETSP1385_c14330_g1_i1.p1                                                     3.35%    passed     83.71%
 196  Eukaryota-Retaria-NA-NA-NA-Elphidium_margaritaceum_MMETSP1385_c15541_g1_i1.p1                                                     3.77%    passed     61.25%
 197  Eukaryota-Retaria-NA-NA-NA-Rosalina_sp_MMETSP0190_c1877_g1_i1.p1                                                                 19.25%    passed     67.51%
 198  Eukaryota-Retaria-NA-NA-NA-Rosalina_sp_MMETSP0190_c19672_g1_i2.p1                                                                27.20%    passed     93.60%
 199  Eukaryota-Retaria-NA-NA-NA-Sorites_sp_MMETSP0191_c27637_g1_i1.p1                                                                  3.77%    passed      5.20%
 200  Eukaryota-Rhodophyta-Compsopogonophyceae-NA-NA-Madagascaria_erythrocladiodes_MMETSP1450_c2742_g1_i1.p1                            3.77%    passed     51.48%
 201  Eukaryota-Stramenopiles-Bacillariophyceae-Bacillariales-Bacillariaceae-Cylindrotheca_closterium_MMETSP0017_c10998_g2_i1.p1        3.35%    passed     86.44%
 202  Eukaryota-Stramenopiles-Labyrinthista-NA-NA-Aplanochytrium_sp_MMETSP0954_c4913_g1_i1.p1                                           3.77%    passed     99.38%
 203  Eukaryota-Stramenopiles-Labyrinthista-NA-NA-Aplanochytrium_sp_MMETSP0955_c493_g1_i1.p1                                            3.77%    passed     99.38%
 204  Eukaryota-Stramenopiles-Labyrinthista-NA-NA-Aurantiochytrium_limacinum_MMETSP0958_TR6004-c0_g2_i1.p1                              3.35%    passed     93.27%
 205  Eukaryota-Stramenopiles-Labyrinthista-NA-NA-Thraustochytrium_sp_MMETSP0198_c484_g1_i1.p1                                          3.35%    passed     97.68%
 206  Eukaryota-Stramenopiles-Labyrinthulomycetes-Unranked-Unranked-Schizochytrium_aggregatum_jgi98248                                  3.77%    passed     82.96%
 207  Eukaryota-Stramenopiles-NA-Bicosoecida-Cafeteriaceae-Cafeteria_sp_MMETSP1104_c13732_g1_i1.p1                                      3.35%    passed     10.77%
 208  Eukaryota-Stramenopiles-NA-Bicosoecida-Cafeteriaceae-Cafeteria_sp_MMETSP1104_c4563_g1_i1.p1                                       3.77%    passed     86.82%
 209  Eukaryota-Streptophyta-Bryopsida-Funariales-Funariaceae-Physcomitrella_patens_XP_024382794.1                                      3.77%    passed     68.69%
 210  Eukaryota-Streptophyta-Bryopsida-Funariales-Funariaceae-Physcomitrella_patens_XP_024382802.1                                      3.77%    passed     68.69%
 211  Eukaryota-Streptophyta-Bryopsida-Funariales-Funariaceae-Physcomitrella_patens_XP_024382815.1                                      3.77%    passed     68.69%
 212  Eukaryota-Streptophyta-NA-Fagales-Fagaceae-Quercus_suber_XP_023878964.1                                                           6.69%    passed     26.48%
 213  Eukaryota-Streptophyta-NA-Fagales-Fagaceae-Quercus_suber_XP_023888888.1                                                           6.69%    passed     21.22%
 214  Eukaryota-Streptophyta-NA-Malpighiales-Salicaceae-Populus_euphratica_XP_011015101.1                                               4.18%    passed     65.78%
 215  Eukaryota-Trichomonadida-Trichomonadida-Trichomonadida-Trichomonadidae-Trichomonas_vaginalis_XP_001301520.1                       4.18%    passed     80.29%
 216  Eukaryota-Trichomonadida-Trichomonadida-Trichomonadida-Trichomonadidae-Trichomonas_vaginalis_XP_001302578.1                       4.18%    passed     67.89%
 217  Eukaryota-Trichomonadida-Trichomonadida-Trichomonadida-Trichomonadidae-Trichomonas_vaginalis_XP_001581986.1                       3.77%    passed     95.02%
 218  MSTRG.21654.2.p1                                                                                                                  3.77%    passed     70.96%
 219  MSTRG.23343.1.p1                                                                                                                  3.77%    passed     21.36%
 220  MSTRG.7421.1.p1                                                                                                                   3.77%    passed     90.61%
 221  NA-NA-NA-NA-NA-NA_XP_003266006.1                                                                                                  3.35%    passed     97.66%
****  TOTAL                                                                                                                             4.44%  3 sequences failed composition chi2 test (p-value<5%; df=19)
NOTE: Eukaryota-Amoebozoa-NA-NA-Paramoebidae-Stygamoeba_regulata_MMETSP0447_c16419_g1_i1.p1 is identical to Eukaryota-Amoebozoa-NA-NA-Paramoebidae-Mayorella_sp_MMETSP0417_c15850_g1_i1.p1 but kept for subsequent analysis
NOTE: Eukaryota-Chromeraceae-NA-NA-NA-Vitrella_brassicaformis_MMETSP1451_c267_g1_i1.p1 is identical to Eukaryota-Apicomplexa-NA-Unranked-NA-Alveolata_sp_MMETSP0288_c24762_g1_i1.p1 but kept for subsequent analysis
NOTE: Eukaryota-Chordata-Mammalia-Cetacea-Delphinidae-Orcinus_orca_XP_004274255.1 is identical to Eukaryota-Chordata-Mammalia-Cetacea-Delphinidae-Lagenorhynchus_obliquidens_XP_026962349.1 but kept for subsequent analysis
NOTE: Eukaryota-Haptophyta-NA-Prymnesiales-NA-Isochrysis_galbana_MMETSP0595_c11910_g1_i1.p1 is identical to Eukaryota-Ciliophora-NA-Unranked-NA-Strombidinopsis_acuminatum_MMETSP0126_c63814_g1_i1.p1 but kept for subsequent analysis
NOTE: Eukaryota-Stramenopiles-Labyrinthista-NA-NA-Aplanochytrium_sp_MMETSP0955_c493_g1_i1.p1 is identical to Eukaryota-Stramenopiles-Labyrinthista-NA-NA-Aplanochytrium_sp_MMETSP0954_c4913_g1_i1.p1 but kept for subsequent analysis
NOTE: Eukaryota-Streptophyta-Bryopsida-Funariales-Funariaceae-Physcomitrella_patens_XP_024382802.1 is identical to Eukaryota-Streptophyta-Bryopsida-Funariales-Funariaceae-Physcomitrella_patens_XP_024382794.1 but kept for subsequent analysis
NOTE: 1 identical sequences (see below) will be ignored for subsequent analysis
NOTE: Eukaryota-Streptophyta-Bryopsida-Funariales-Funariaceae-Physcomitrella_patens_XP_024382815.1 (identical to Eukaryota-Streptophyta-Bryopsida-Funariales-Funariaceae-Physcomitrella_patens_XP_024382794.1) is ignored but added at the end

For your convenience alignment with unique sequences printed to K13293.blastp_ALL.outfmt6.parsed.filtered.uniq.faa.mafft.aln.trimal1.uniqueseq.phy


Create initial parsimony tree by phylogenetic likelihood library (PLL)... 0.500 seconds
NOTE: ModelFinder requires 90 MB RAM!
ModelFinder will test 546 protein models (sample size: 239) ...
 No. Model         -LnL         df  AIC          AICc         BIC
Measuring multi-threading efficiency up to 2 CPU cores
Increase to 10 rounds for branch lengths
8 trees examined
Threads: 1 / Time: 2.276 sec / Speedup: 1.000 / Efficiency: 100% / LogL: -95527
Threads: 2 / Time: 3.001 sec / Speedup: 0.758 / Efficiency: 38% / LogL: -95527
BEST NUMBER OF THREADS: 1

  1  Dayhoff       65072.783    437 131019.567   513831.567   132538.781
  2  Dayhoff+I     64332.068    438 129540.136   514104.136   131062.827
  3  Dayhoff+G4    61449.716    438 123775.432   508339.432   125298.123
  4  Dayhoff+I+G4  61361.654    439 123601.307   509921.307   125127.475
  5  Dayhoff+R2    62145.367    439 125168.733   511488.733   126694.901
  6  Dayhoff+R3    61558.683    441 123999.366   513843.366   125532.486
  7  Dayhoff+R4    61328.414    443 123542.828   516926.828   125082.901
  8  Dayhoff+R5    61240.345    445 123370.690   520310.690   124917.717
  9  Dayhoff+R6    61198.329    447 123290.659   523802.659   124844.638
 10  Dayhoff+R7    61186.478    449 123270.956   527370.956   124831.889
 11  Dayhoff+R8    61183.597    451 123269.195   530973.195   124837.080
 14  Dayhoff+F     64943.392    456 130798.783   547582.783   132384.051
 15  Dayhoff+F+I   64206.002    457 129326.004   547938.004   130914.748
 16  Dayhoff+F+G4  61355.373    457 123624.746   542236.746   125213.490
 17  Dayhoff+F+I+G4 61267.911    458 123451.822   543895.822   125044.042
 18  Dayhoff+F+R2  62089.809    458 125095.619   545539.619   126687.839
 19  Dayhoff+F+R3  61470.435    460 123860.871   547980.871   125460.044
 20  Dayhoff+F+R4  61234.718    462 123393.435   551205.435   124999.561
 21  Dayhoff+F+R5  61133.251    464 123194.501   554714.501   124807.580
 22  Dayhoff+F+R6  61096.314    466 123124.629   558368.629   124744.661
 23  Dayhoff+F+R7  61083.999    468 123103.998   562087.998   124730.983
 24  Dayhoff+F+R8  61083.684    470 123107.369   565847.369   124741.307
 27  mtMAM         70692.876    437 142259.753   525071.753   143778.967
 28  mtMAM+I       70010.561    438 140897.121   525461.121   142419.812
 29  mtMAM+G4      64627.897    438 130131.794   514695.794   131654.485
 30  mtMAM+I+G4    64607.413    439 130092.827   516412.827   131618.994
 31  mtMAM+R2      66241.024    439 133360.048   519680.048   134886.216
 32  mtMAM+R3      65309.060    441 131500.119   521344.119   133033.240
 33  mtMAM+R4      64741.604    443 130369.208   523753.208   131909.282
 34  mtMAM+R5      64560.275    445 130010.550   526950.550   131557.577
 35  mtMAM+R6      64369.312    447 129632.624   530144.624   131186.603
 36  mtMAM+R7      64342.733    449 129583.466   533683.466   131144.398
 37  mtMAM+R8      64341.480    451 129584.960   537288.960   131152.845
 40  mtMAM+F       68582.941    456 138077.882   554861.882   139663.149
 41  mtMAM+F+I     67760.395    457 136434.791   555046.791   138023.535
 42  mtMAM+F+G4    63348.621    457 127611.242   546223.242   129199.986
 43  mtMAM+F+I+G4  63283.791    458 127483.582   547927.582   129075.802
 44  mtMAM+F+R2    64863.978    458 130643.956   551087.956   132236.177
 45  mtMAM+F+R3    63754.547    460 128429.093   552549.093   130028.266
 46  mtMAM+F+R4    63402.434    462 127728.869   555540.869   129334.995
 47  mtMAM+F+R5    63192.778    464 127313.556   558833.556   128926.635
 48  mtMAM+F+R6    63125.636    466 127183.272   562427.272   128803.304
 49  mtMAM+F+R7    63101.061    468 127138.123   566122.123   128765.108
 50  mtMAM+F+R8    63100.162    470 127140.324   569880.324   128774.262
 53  JTT           64375.625    437 129625.250   512437.250   131144.465
 54  JTT+I         63649.523    438 128175.047   512739.047   129697.738
 55  JTT+G4        60919.923    438 122715.846   507279.846   124238.537
 56  JTT+I+G4      60837.240    439 122552.480   508872.480   124078.647
 57  JTT+R2        61675.792    439 124229.585   510549.585   125755.752
 58  JTT+R3        61015.703    441 122913.406   512757.406   124446.526
 59  JTT+R4        60839.764    443 122565.527   515949.527   124105.601
 60  JTT+R5        60705.688    445 122301.377   519241.377   123848.403
 61  JTT+R6        60669.888    447 122233.776   522745.776   123787.755
 62  JTT+R7        60655.921    449 122209.843   526309.843   123770.775
 63  JTT+R8        60655.574    451 122213.147   529917.147   123781.033
 66  JTT+F         64331.620    456 129575.240   546359.240   131160.508
 67  JTT+F+I       63638.992    457 128191.985   546803.985   129780.729
 68  JTT+F+G4      60878.421    457 122670.841   541282.841   124259.585
 69  JTT+F+I+G4    60792.671    458 122501.342   542945.342   124093.562
 70  JTT+F+R2      61678.530    458 124273.059   544717.059   125865.280
 71  JTT+F+R3      60977.733    460 122875.467   546995.467   124474.640
 72  JTT+F+R4      60797.340    462 122518.679   550330.679   124124.806
 73  JTT+F+R5      60660.148    464 122248.296   553768.296   123861.375
 74  JTT+F+R6      60624.779    466 122181.558   557425.558   123801.590
 75  JTT+F+R7      60609.908    468 122155.815   561139.815   123782.800
 76  JTT+F+R8      60609.894    470 122159.787   564899.787   123793.725
 79  WAG           63545.146    437 127964.293   510776.293   129483.508
 80  WAG+I         62878.012    438 126632.024   511196.024   128154.715
 81  WAG+G4        60468.640    438 121813.280   506377.280   123335.971
 82  WAG+I+G4      60389.404    439 121656.808   507976.808   123182.975
 83  WAG+R2        61018.066    439 122914.132   509234.132   124440.300
 84  WAG+R3        60528.515    441 121939.029   511783.029   123472.150
 85  WAG+R4        60330.240    443 121546.480   514930.480   123086.553
 86  WAG+R5        60263.039    445 121416.078   518356.078   122963.104
 87  WAG+R6        60231.548    447 121357.096   521869.096   122911.075
 88  WAG+R7        60219.703    449 121337.405   525437.405   122898.337
 89  WAG+R8        60219.684    451 121341.368   529045.368   122909.253
 92  WAG+F         63574.851    456 128061.701   544845.701   129646.969
 93  WAG+F+I       62936.589    457 126787.178   545399.178   128375.921
 94  WAG+F+G4      60479.213    457 121872.426   540484.426   123461.170
 95  WAG+F+I+G4    60400.316    458 121716.633   542160.633   123308.853
 96  WAG+F+R2      61083.241    458 123082.483   543526.483   124674.703
 97  WAG+F+R3      60544.618    460 122009.237   546129.237   123608.410
 98  WAG+F+R4      60344.209    462 121612.418   549424.418   123218.544
 99  WAG+F+R5      60264.103    464 121456.206   552976.206   123069.285
100  WAG+F+R6      60237.640    466 121407.280   556651.280   123027.312
101  WAG+F+R7      60228.257    468 121392.513   560376.513   123019.498
102  WAG+F+R8      60228.243    470 121396.486   564136.486   123030.424
105  cpREV         63817.780    437 128509.559   511321.559   130028.774
106  cpREV+I       63247.110    438 127370.219   511934.219   128892.910
107  cpREV+G4      60815.005    438 122506.009   507070.009   124028.700
108  cpREV+I+G4    60737.536    439 122353.072   508673.072   123879.239
109  cpREV+R2      61386.494    439 123650.988   509970.988   125177.156
110  cpREV+R3      60855.335    441 122592.670   512436.670   124125.791
111  cpREV+R4      60698.210    443 122282.419   515666.419   123822.493
112  cpREV+R5      60630.120    445 122150.241   519090.241   123697.267
113  cpREV+R6      60587.146    447 122068.291   522580.291   123622.270
114  cpREV+R7      60565.479    449 122028.958   526128.958   123589.890
115  cpREV+R8      60565.479    451 122032.958   529736.958   123600.843
118  cpREV+F       63670.787    456 128253.574   545037.574   129838.842
119  cpREV+F+I     63090.727    457 127095.454   545707.454   128684.198
120  cpREV+F+G4    60618.981    457 122151.963   540763.963   123740.707
121  cpREV+F+I+G4  60547.419    458 122010.838   542454.838   123603.058
122  cpREV+F+R2    61187.076    458 123290.152   543734.152   124882.372
123  cpREV+F+R3    60657.723    460 122235.446   546355.446   123834.619
124  cpREV+F+R4    60494.996    462 121913.993   549725.993   123520.119
125  cpREV+F+R5    60428.850    464 121785.700   553305.700   123398.779
126  cpREV+F+R6    60387.645    466 121707.289   556951.289   123327.321
127  cpREV+F+R7    60372.650    468 121681.300   560665.300   123308.284
128  cpREV+F+R8    60372.646    470 121685.293   564425.293   123319.231
131  mtREV         67464.680    437 135803.360   518615.360   137322.575
132  mtREV+I       66884.443    438 134644.886   519208.886   136167.577
133  mtREV+G4      63158.564    438 127193.127   511757.127   128715.818
134  mtREV+I+G4    63085.561    439 127049.123   513369.123   128575.290
135  mtREV+R2      64412.494    439 129702.987   516022.987   131229.155
136  mtREV+R3      63375.855    441 127633.709   517477.709   129166.830
137  mtREV+R4      63135.423    443 127156.846   520540.846   128696.920
138  mtREV+R5      63002.493    445 126894.986   523834.986   128442.012
139  mtREV+R6      62907.378    447 126708.757   527220.757   128262.736
140  mtREV+R7      62881.127    449 126660.255   530760.255   128221.187
141  mtREV+R8      62881.121    451 126664.243   534368.243   128232.128
144  mtREV+F       65755.528    456 132423.055   549207.055   134008.322
145  mtREV+F+I     65029.630    457 130973.260   549585.260   132562.004
146  mtREV+F+G4    61779.156    457 124472.313   543084.313   126061.057
147  mtREV+F+I+G4  61692.415    458 124300.831   544744.831   125893.051
148  mtREV+F+R2    62848.268    458 126612.536   547056.536   128204.756
149  mtREV+F+R3    61940.328    460 124800.655   548920.655   126399.829
150  mtREV+F+R4    61718.704    462 124361.408   552173.408   125967.535
151  mtREV+F+R5    61587.820    464 124103.640   555623.640   125716.719
152  mtREV+F+R6    61522.958    466 123977.916   559221.916   125597.948
153  mtREV+F+R7    61499.933    468 123935.865   562919.865   125562.850
154  mtREV+F+R8    61499.928    470 123939.856   566679.856   125573.794
157  rtREV         63778.310    437 128430.621   511242.621   129949.835
158  rtREV+I       63134.873    438 127145.746   511709.746   128668.437
159  rtREV+G4      60520.682    438 121917.364   506481.364   123440.055
160  rtREV+I+G4    60425.948    439 121729.896   508049.896   123256.063
161  rtREV+R2      61278.357    439 123434.714   509754.714   124960.882
162  rtREV+R3      60598.427    441 122078.854   511922.854   123611.975
163  rtREV+R4      60418.112    443 121722.224   515106.224   123262.297
164  rtREV+R5      60318.417    445 121526.834   518466.834   123073.860
165  rtREV+R6      60273.384    447 121440.767   521952.767   122994.746
166  rtREV+R7      60265.928    449 121429.857   525529.857   122990.789
167  rtREV+R8      60265.805    451 121433.611   529137.611   123001.496
170  rtREV+F       63478.412    456 127868.823   544652.823   129454.091
171  rtREV+F+I     62865.351    457 126644.702   545256.702   128233.446
172  rtREV+F+G4    60102.740    457 121119.481   539731.481   122708.225
173  rtREV+F+I+G4  60004.879    458 120925.758   541369.758   122517.978
174  rtREV+F+R2    60951.954    458 122819.908   543263.908   124412.128
175  rtREV+F+R3    60218.077    460 121356.154   545476.154   122955.327
176  rtREV+F+R4    60002.680    462 120929.360   548741.360   122535.486
177  rtREV+F+R5    59888.315    464 120704.630   552224.630   122317.709
178  rtREV+F+R6    59853.957    466 120639.915   555883.915   122259.947
179  rtREV+F+R7    59846.018    468 120628.036   559612.036   122255.021
180  rtREV+F+R8    59846.007    470 120632.015   563372.015   122265.953
183  mtART         68427.714    437 137729.428   520541.428   139248.642
184  mtART+I       68074.539    438 137025.077   521589.077   138547.768
185  mtART+G4      62933.950    438 126743.899   511307.899   128266.590
186  mtART+I+G4    62919.689    439 126717.378   513037.378   128243.546
187  mtART+R2      64134.057    439 129146.114   515466.114   130672.281
188  mtART+R3      63411.498    441 127704.996   517548.996   129238.116
189  mtART+R4      62980.877    443 126847.755   520231.755   128387.828
190  mtART+R5      62840.954    445 126571.908   523511.908   128118.934
191  mtART+R6      62719.014    447 126332.028   526844.028   127886.007
192  mtART+R7      62701.644    449 126301.287   530401.287   127862.219
193  mtART+R8      62701.580    451 126305.160   534009.160   127873.045
196  mtART+F       66118.085    456 133148.171   549932.171   134733.438
197  mtART+F+I     65644.844    457 132203.688   550815.688   133792.432
198  mtART+F+G4    61440.394    457 123794.789   542406.789   125383.532
199  mtART+F+I+G4  61392.024    458 123700.049   544144.049   125292.269
200  mtART+F+R2    62710.787    458 126337.573   546781.573   127929.793
201  mtART+F+R3    61753.563    460 124427.126   548547.126   126026.299
202  mtART+F+R4    61457.090    462 123838.180   551650.180   125444.306
203  mtART+F+R5    61310.776    464 123549.551   555069.551   125162.630
204  mtART+F+R6    61247.674    466 123427.348   558671.348   125047.380
205  mtART+F+R7    61235.469    468 123406.938   562390.938   125033.923
206  mtART+F+R8    61235.357    470 123410.715   566150.715   125044.652
209  mtZOA         66352.879    437 133579.759   516391.759   135098.973
210  mtZOA+I       65960.484    438 132796.969   517360.969   134319.660
211  mtZOA+G4      61520.331    438 123916.662   508480.662   125439.353
212  mtZOA+I+G4    61481.066    439 123840.133   510160.133   125366.300
213  mtZOA+R2      62669.665    439 126217.329   512537.329   127743.497
214  mtZOA+R3      61809.066    441 124500.132   514344.132   126033.252
215  mtZOA+R4      61547.092    443 123980.184   517364.184   125520.257
216  mtZOA+R5      61389.282    445 123668.564   520608.564   125215.590
217  mtZOA+R6      61318.049    447 123530.097   524042.097   125084.077
218  mtZOA+R7      61300.170    449 123498.339   527598.339   125059.272
219  mtZOA+R8      61299.952    451 123501.905   531205.905   125069.790
222  mtZOA+F       64887.534    456 130687.069   547471.069   132272.336
223  mtZOA+F+I     64343.751    457 129601.502   548213.502   131190.246
224  mtZOA+F+G4    60738.004    457 122390.008   541002.008   123978.752
225  mtZOA+F+I+G4  60679.811    458 122275.623   542719.623   123867.843
226  mtZOA+F+R2    61855.518    458 124627.036   545071.036   126219.256
227  mtZOA+F+R3    60964.496    460 122848.991   546968.991   124448.164
228  mtZOA+F+R4    60732.535    462 122389.070   550201.070   123995.196
229  mtZOA+F+R5    60588.999    464 122105.997   553625.997   123719.076
230  mtZOA+F+R6    60545.302    466 122022.605   557266.605   123642.637
231  mtZOA+F+R7    60528.218    468 121992.437   560976.437   123619.422
232  mtZOA+F+R8    60528.054    470 121996.107   564736.107   123630.045
235  VT            63608.116    437 128090.232   510902.232   129609.447
236  VT+I          62941.428    438 126758.855   511322.855   128281.546
237  VT+G4         60612.465    438 122100.931   506664.931   123623.622
238  VT+I+G4       60529.935    439 121937.870   508257.870   123464.038
239  VT+R2         61254.330    439 123386.660   509706.660   124912.828
240  VT+R3         60674.553    441 122231.107   512075.107   123764.227
241  VT+R4         60493.640    443 121873.279   515257.279   123413.353
242  VT+R5         60407.772    445 121705.544   518645.544   123252.570
243  VT+R6         60377.098    447 121648.196   522160.196   123202.175
244  VT+R7         60371.850    449 121641.699   525741.699   123202.632
248  VT+F          63570.765    456 128053.529   544837.529   129638.797
249  VT+F+I        62943.263    457 126800.527   545412.527   128389.270
250  VT+F+G4       60590.473    457 122094.946   540706.946   123683.690
251  VT+F+I+G4     60511.902    458 121939.804   542383.804   123532.025
252  VT+F+R2       61249.156    458 123414.312   543858.312   125006.533
253  VT+F+R3       60650.037    460 122220.073   546340.073   123819.246
254  VT+F+R4       60476.118    462 121876.235   549688.235   123482.362
255  VT+F+R5       60379.614    464 121687.228   553207.228   123300.307
256  VT+F+R6       60353.418    466 121638.837   556882.837   123258.869
257  VT+F+R7       60347.857    468 121631.714   560615.714   123258.699
258  VT+F+R8       60347.458    470 121634.916   564374.916   123268.854
261  LG            63199.910    437 127273.820   510085.820   128793.035
262  LG+I          62537.977    438 125951.954   510515.954   127474.645
263  LG+G4         59798.998    438 120473.996   505037.996   121996.687
264  LG+I+G4       59716.474    439 120310.948   506630.948   121837.115
265  LG+R2         60580.607    439 122039.214   508359.214   123565.382
266  LG+R3         59905.811    441 120693.622   510537.622   122226.742
267  LG+R4         59704.815    443 120295.629   513679.629   121835.703
268  LG+R5         59610.935    445 120111.869   517051.869   121658.896
269  LG+R6         59566.245    447 120026.489   520538.489   121580.469
270  LG+R7         59558.160    449 120014.321   524114.321   121575.253
271  LG+R8         59557.837    451 120017.674   527721.674   121585.560
274  LG+F          63338.069    456 127588.137   544372.137   129173.405
275  LG+F+I        62718.356    457 126350.711   544962.711   127939.455
276  LG+F+G4       59868.774    457 120651.549   539263.549   122240.293
277  LG+F+I+G4     59794.537    458 120505.074   540949.074   122097.294
278  LG+F+R2       60723.534    458 122363.068   542807.068   123955.288
279  LG+F+R3       59988.327    460 120896.655   545016.655   122495.828
280  LG+F+R4       59784.525    462 120493.049   548305.049   122099.176
281  LG+F+R5       59679.147    464 120286.295   551806.295   121899.374
282  LG+F+R6       59636.213    466 120204.425   555448.425   121824.457
283  LG+F+R7       59628.349    468 120192.698   559176.698   121819.683
284  LG+F+R8       59627.716    470 120195.432   562935.432   121829.370
287  DCMut         65068.069    437 131010.138   513822.138   132529.352
288  DCMut+I       64327.886    438 129531.772   514095.772   131054.463
289  DCMut+G4      61453.369    438 123782.738   508346.738   125305.429
290  DCMut+I+G4    61364.662    439 123607.325   509927.325   125133.492
291  DCMut+R2      62144.517    439 125167.033   511487.033   126693.201
292  DCMut+R3      61550.307    441 123982.614   513826.614   125515.734
293  DCMut+R4      61322.174    443 123530.348   516914.348   125070.421
294  DCMut+R5      61237.051    445 123364.103   520304.103   124911.129
295  DCMut+R6      61191.655    447 123277.311   523789.311   124831.290
296  DCMut+R7      61181.798    449 123261.596   527361.596   124822.528
297  DCMut+R8      61181.185    451 123264.369   530968.369   124832.255
300  DCMut+F       64938.427    456 130788.853   547572.853   132374.121
301  DCMut+F+I     64202.038    457 129318.076   547930.076   130906.820
302  DCMut+F+G4    61358.700    457 123631.401   542243.401   125220.144
303  DCMut+F+I+G4  61270.699    458 123457.397   543901.397   125049.617
304  DCMut+F+R2    62089.479    458 125094.958   545538.958   126687.178
305  DCMut+F+R3    61471.944    460 123863.888   547983.888   125463.061
306  DCMut+F+R4    61237.223    462 123398.446   551210.446   125004.572
307  DCMut+F+R5    61133.403    464 123194.806   554714.806   124807.885
308  DCMut+F+R6    61095.848    466 123123.695   558367.695   124743.727
309  DCMut+F+R7    61088.307    468 123112.613   562096.613   124739.598
310  DCMut+F+R8    61087.603    470 123115.207   565855.207   124749.145
313  PMB           63584.386    437 128042.773   510854.773   129561.987
314  PMB+I         63064.483    438 127004.967   511568.967   128527.658
315  PMB+G4        60778.512    438 122433.024   506997.024   123955.715
316  PMB+I+G4      60701.922    439 122281.844   508601.844   123808.011
317  PMB+R2        61402.976    439 123683.953   510003.953   125210.120
318  PMB+R3        60832.879    441 122547.758   512391.758   124080.878
319  PMB+R4        60663.069    443 122212.138   515596.138   123752.211
320  PMB+R5        60591.564    445 122073.128   519013.128   123620.155
321  PMB+R6        60562.531    447 122019.061   522531.061   123573.041
322  PMB+R7        60554.344    449 122006.688   526106.688   123567.621
323  PMB+R8        60554.321    451 122010.642   529714.642   123578.527
326  PMB+F         63797.857    456 128507.714   545291.714   130092.981
327  PMB+F+I       63286.496    457 127486.992   546098.992   129075.736
328  PMB+F+G4      60957.507    457 122829.013   541441.013   124417.757
329  PMB+F+I+G4    60871.913    458 122659.827   543103.827   124252.047
330  PMB+F+R2      61603.292    458 124122.584   544566.584   125714.804
331  PMB+F+R3      61017.283    460 122954.566   547074.566   124553.739
332  PMB+F+R4      60842.495    462 122608.990   550420.990   124215.116
333  PMB+F+R5      60763.066    464 122454.133   553974.133   124067.212
334  PMB+F+R6      60736.518    466 122405.035   557649.035   124025.067
335  PMB+F+R7      60728.556    468 122393.112   561377.112   124020.097
336  PMB+F+R8      60728.546    470 122397.092   565137.092   124031.030
339  HIVb          66660.670    437 134195.339   517007.339   135714.554
340  HIVb+I        65827.070    438 132530.140   517094.140   134052.831
341  HIVb+G4       62634.228    438 126144.456   510708.456   127667.147
342  HIVb+I+G4     62511.259    439 125900.517   512220.517   127426.685
343  HIVb+R2       63540.673    439 127959.346   514279.346   129485.513
344  HIVb+R3       62718.787    441 126319.573   516163.573   127852.694
345  HIVb+R4       62527.310    443 125940.621   519324.621   127480.694
346  HIVb+R5       62386.234    445 125662.469   522602.469   127209.495
347  HIVb+R6       62345.538    447 125585.076   526097.076   127139.055
348  HIVb+R7       62314.287    449 125526.574   529626.574   127087.506
349  HIVb+R8       62314.232    451 125530.465   533234.465   127098.350
352  HIVb+F        66519.120    456 133950.241   550734.241   135535.508
353  HIVb+F+I      65756.028    457 132426.055   551038.055   134014.799
354  HIVb+F+G4     62381.761    457 125677.521   544289.521   127266.265
355  HIVb+F+I+G4   62266.302    458 125448.604   545892.604   127040.825
356  HIVb+F+R2     63371.648    458 127659.296   548103.296   129251.517
357  HIVb+F+R3     62496.849    460 125913.698   550033.698   127512.871
358  HIVb+F+R4     62291.635    462 125507.270   553319.270   127113.397
359  HIVb+F+R5     62128.880    464 125185.761   556705.761   126798.840
360  HIVb+F+R6     62086.438    466 125104.876   560348.876   126724.908
361  HIVb+F+R7     62058.605    468 125053.210   564037.210   126680.195
362  HIVb+F+R8     62058.591    470 125057.182   567797.182   126691.120
365  HIVw          70096.915    437 141067.830   523879.830   142587.044
366  HIVw+I        69201.496    438 139278.992   523842.992   140801.683
367  HIVw+G4       66112.322    438 133100.645   517664.645   134623.336
368  HIVw+I+G4     66007.464    439 132892.928   519212.928   134419.096
369  HIVw+R2       66906.411    439 134690.823   521010.823   136216.990
370  HIVw+R3       66184.386    441 133250.771   523094.771   134783.892
371  HIVw+R4       65977.016    443 132840.032   526224.032   134380.106
372  HIVw+R5       65877.290    445 132644.579   529584.579   134191.606
373  HIVw+R6       65839.778    447 132573.556   533085.556   134127.535
374  HIVw+R7       65829.171    449 132556.342   536656.342   134117.274
375  HIVw+R8       65829.153    451 132560.307   540264.307   134128.192
378  HIVw+F        68606.507    456 138125.013   554909.013   139710.281
379  HIVw+F+I      67820.431    457 136554.863   555166.863   138143.607
380  HIVw+F+G4     64570.822    457 130055.644   548667.644   131644.388
381  HIVw+F+I+G4   64480.547    458 129877.095   550321.095   131469.315
382  HIVw+F+R2     65463.429    458 131842.859   552286.859   133435.079
383  HIVw+F+R3     64692.067    460 130304.135   554424.135   131903.308
384  HIVw+F+R4     64469.968    462 129863.935   557675.935   131470.061
385  HIVw+F+R5     64377.146    464 129682.293   561202.293   131295.372
386  HIVw+F+R6     64324.678    466 129581.357   564825.357   131201.389
387  HIVw+F+R7     64294.208    468 129524.417   568508.417   131151.402
388  HIVw+F+R8     64294.201    470 129528.402   572268.402   131162.339
391  JTTDCMut      64368.020    437 129610.040   512422.040   131129.255
392  JTTDCMut+I    63638.343    438 128152.687   512716.687   129675.378
393  JTTDCMut+G4   60913.235    438 122702.470   507266.470   124225.161
394  JTTDCMut+I+G4 60830.369    439 122538.739   508858.739   124064.906
395  JTTDCMut+R2   61652.377    439 124182.754   510502.754   125708.922
396  JTTDCMut+R3   61006.492    441 122894.984   512738.984   124428.104
397  JTTDCMut+R4   60810.266    443 122506.532   515890.532   124046.606
398  JTTDCMut+R5   60696.309    445 122282.618   519222.618   123829.644
399  JTTDCMut+R6   60661.544    447 122217.087   522729.087   123771.066
400  JTTDCMut+R7   60647.072    449 122192.145   526292.145   123753.077
401  JTTDCMut+R8   60646.931    451 122195.862   529899.862   123763.747
404  JTTDCMut+F    64334.669    456 129581.338   546365.338   131166.606
405  JTTDCMut+F+I  63639.043    457 128192.085   546804.085   129780.829
406  JTTDCMut+F+G4 60877.473    457 122668.946   541280.946   124257.689
407  JTTDCMut+F+I+G4 60792.842    458 122501.684   542945.684   124093.904
408  JTTDCMut+F+R2 61671.886    458 124259.771   544703.771   125851.991
409  JTTDCMut+F+R3 60975.214    460 122870.429   546990.429   124469.602
410  JTTDCMut+F+R4 60773.985    462 122471.969   550283.969   124078.095
411  JTTDCMut+F+R5 60656.514    464 122241.029   553761.029   123854.108
412  JTTDCMut+F+R6 60620.884    466 122173.768   557417.768   123793.800
413  JTTDCMut+F+R7 60607.042    468 122150.084   561134.084   123777.069
414  JTTDCMut+F+R8 60606.973    470 122153.947   564893.947   123787.884
417  FLU           65979.426    437 132832.852   515644.852   134352.066
418  FLU+I         65288.243    438 131452.485   516016.485   132975.176
419  FLU+G4        62307.948    438 125491.895   510055.895   127014.586
420  FLU+I+G4      62227.631    439 125333.263   511653.263   126859.430
421  FLU+R2        63102.681    439 127083.361   513403.361   128609.529
422  FLU+R3        62427.922    441 125737.844   515581.844   127270.965
423  FLU+R4        62222.588    443 125331.176   518715.176   126871.249
424  FLU+R5        62114.284    445 125118.568   522058.568   126665.594
425  FLU+R6        62078.537    447 125051.073   525563.073   126605.052
426  FLU+R7        62056.677    449 125011.353   529111.353   126572.285
427  FLU+R8        62056.178    451 125014.357   532718.357   126582.242
430  FLU+F         65645.260    456 132202.520   548986.520   133787.788
431  FLU+F+I       65021.905    457 130957.810   549569.810   132546.554
432  FLU+F+G4      61913.650    457 124741.300   543353.300   126330.044
433  FLU+F+I+G4    61832.557    458 124581.115   545025.115   126173.335
434  FLU+F+R2      62827.098    458 126570.197   547014.197   128162.417
435  FLU+F+R3      62054.412    460 125028.823   549148.823   126627.996
436  FLU+F+R4      61842.598    462 124609.196   552421.196   126215.322
437  FLU+F+R5      61735.203    464 124398.407   555918.407   126011.486
438  FLU+F+R6      61689.115    466 124310.230   559554.230   125930.262
439  FLU+F+R7      61673.578    468 124283.155   563267.155   125910.140
440  FLU+F+R8      61673.524    470 124287.048   567027.048   125920.986
443  Blosum62      63434.332    437 127742.664   510554.664   129261.878
444  Blosum62+I    62881.457    438 126638.914   511202.914   128161.605
445  Blosum62+G4   60661.225    438 122198.449   506762.449   123721.140
446  Blosum62+I+G4 60583.520    439 122045.041   508365.041   123571.208
447  Blosum62+R2   61252.930    439 123383.861   509703.861   124910.028
448  Blosum62+R3   60714.091    441 122310.182   512154.182   123843.303
449  Blosum62+R4   60538.071    443 121962.142   515346.142   123502.216
450  Blosum62+R5   60463.553    445 121817.106   518757.106   123364.133
451  Blosum62+R6   60441.420    447 121776.840   522288.840   123330.819
452  Blosum62+R7   60433.533    449 121765.065   525865.065   123325.997
453  Blosum62+R8   60433.524    451 121769.047   529473.047   123336.932
456  Blosum62+F    63560.712    456 128033.424   544817.424   129618.691
457  Blosum62+F+I  63015.929    457 126945.859   545557.859   128534.603
458  Blosum62+F+G4 60761.921    457 122437.841   541049.841   124026.585
459  Blosum62+F+I+G4 60674.642    458 122265.285   542709.285   123857.505
460  Blosum62+F+R2 61369.872    458 123655.744   544099.744   125247.964
461  Blosum62+F+R3 60813.833    460 122547.666   546667.666   124146.839
462  Blosum62+F+R4 60635.107    462 122194.214   550006.214   123800.340
463  Blosum62+F+R5 60553.342    464 122034.685   553554.685   123647.764
464  Blosum62+F+R6 60532.461    466 121996.922   557240.922   123616.954
465  Blosum62+F+R7 60524.312    468 121984.624   560968.624   123611.609
466  Blosum62+F+R8 60524.306    470 121988.611   564728.611   123622.549
469  mtMet         67341.879    437 135557.757   518369.757   137076.972
470  mtMet+I       66810.013    438 134496.027   519060.027   136018.718
471  mtMet+G4      62723.101    438 126322.202   510886.202   127844.893
472  mtMet+I+G4    62676.550    439 126231.100   512551.100   127757.267
473  mtMet+R2      63997.981    439 128873.963   515193.963   130400.130
474  mtMet+R3      62987.527    441 126857.055   516701.055   128390.175
475  mtMet+R4      62753.887    443 126393.774   519777.774   127933.847
476  mtMet+R5      62623.016    445 126136.032   523076.032   127683.058
477  mtMet+R6      62543.141    447 125980.283   526492.283   127534.262
478  mtMet+R7      62489.298    449 125876.596   529976.596   127437.529
479  mtMet+R8      62488.799    451 125879.598   533583.598   127447.483
482  mtMet+F       65431.781    456 131775.563   548559.563   133360.830
483  mtMet+F+I     64758.002    457 130430.003   549042.003   132018.747
484  mtMet+F+G4    61370.448    457 123654.896   542266.896   125243.640
485  mtMet+F+I+G4  61285.792    458 123487.585   543931.585   125079.805
486  mtMet+F+R2    62438.718    458 125793.437   546237.437   127385.657
487  mtMet+F+R3    61574.000    460 124067.999   548187.999   125667.173
488  mtMet+F+R4    61326.954    462 123577.908   551389.908   125184.034
489  mtMet+F+R5    61217.584    464 123363.169   554883.169   124976.248
490  mtMet+F+R6    61160.864    466 123253.728   558497.728   124873.760
491  mtMet+F+R7    61105.023    468 123146.047   562130.047   124773.032
492  mtMet+F+R8    61104.800    470 123149.599   565889.599   124783.537
495  mtVer         69056.963    437 138987.926   521799.926   140507.140
496  mtVer+I       68419.162    438 137714.325   522278.325   139237.016
497  mtVer+G4      63772.648    438 128421.296   512985.296   129943.987
498  mtVer+I+G4    63714.238    439 128306.476   514626.476   129832.643
499  mtVer+R2      65172.368    439 131222.736   517542.736   132748.904
500  mtVer+R3      64119.407    441 129120.815   518964.815   130653.935
501  mtVer+R4      63811.084    443 128508.168   521892.168   130048.242
502  mtVer+R5      63686.204    445 128262.408   525202.408   129809.435
503  mtVer+R6      63596.497    447 128086.994   528598.994   129640.973
504  mtVer+R7      63527.736    449 127953.471   532053.471   129514.403
505  mtVer+R8      63527.377    451 127956.754   535660.754   129524.639
508  mtVer+F       67391.720    456 135695.439   552479.439   137280.707
509  mtVer+F+I     66563.067    457 134040.134   552652.134   135628.877
510  mtVer+F+G4    62639.457    457 126192.914   544804.914   127781.658
511  mtVer+F+I+G4  62537.771    458 125991.542   546435.542   127583.762
512  mtVer+F+R2    63912.709    458 128741.418   549185.418   130333.638
513  mtVer+F+R3    62883.084    460 126686.169   550806.169   128285.342
514  mtVer+F+R4    62602.218    462 126128.437   553940.437   127734.563
515  mtVer+F+R5    62504.357    464 125936.713   557456.713   127549.792
516  mtVer+F+R6    62426.745    466 125785.490   561029.490   127405.522
517  mtVer+F+R7    62350.564    468 125637.128   564621.128   127264.113
518  mtVer+F+R8    62350.209    470 125640.418   568380.418   127274.356
521  mtInv         66933.465    437 134740.931   517552.931   136260.145
522  mtInv+I       66433.944    438 133743.888   518307.888   135266.579
523  mtInv+G4      62748.519    438 126373.037   510937.037   127895.728
524  mtInv+I+G4    62686.663    439 126251.327   512571.327   127777.494
525  mtInv+R2      63918.919    439 128715.838   515035.838   130242.005
526  mtInv+R3      62970.960    441 126823.919   516667.919   128357.040
527  mtInv+R4      62735.257    443 126356.515   519740.515   127896.588
528  mtInv+R5      62625.000    445 126140.000   523080.000   127687.026
529  mtInv+R6      62584.743    447 126063.487   526575.487   127617.466
530  mtInv+R7      62529.120    449 125956.240   530056.240   127517.172
531  mtInv+R8      62529.091    451 125960.181   533664.181   127528.067
534  mtInv+F       64518.635    456 129949.270   546733.270   131534.537
535  mtInv+F+I     63888.384    457 128690.768   547302.768   130279.511
536  mtInv+F+G4    60829.272    457 122572.543   541184.543   124161.287
537  mtInv+F+I+G4  60723.867    458 122363.735   542807.735   123955.955
538  mtInv+F+R2    61818.209    458 124552.419   544996.419   126144.639
539  mtInv+F+R3    61008.494    460 122936.989   547056.989   124536.162
540  mtInv+F+R4    60753.356    462 122430.711   550242.711   124036.837
541  mtInv+F+R5    60665.111    464 122258.221   553778.221   123871.300
542  mtInv+F+R6    60605.715    466 122143.431   557387.431   123763.463
543  mtInv+F+R7    60568.353    468 122072.707   561056.707   123699.691
544  mtInv+F+R8    60567.928    470 122075.856   564815.856   123709.794
Akaike Information Criterion:           LG+R7
Corrected Akaike Information Criterion: LG+G4
Bayesian Information Criterion:         LG+R7
Best-fit model: LG+R7 chosen according to BIC

All model information printed to K13293.blastp_ALL.outfmt6.parsed.filtered.uniq.faa.mafft.aln.trimal1.model.gz
CPU time for ModelFinder: 4198.193 seconds (1h:9m:58s)
Wall-clock time for ModelFinder: 3648.016 seconds (1h:0m:48s)
Generating 2000 samples for ultrafast bootstrap (seed: 851865)...

NOTE: 63 MB RAM (0 GB) is required!
Measuring multi-threading efficiency up to 2 CPU cores
Increase to 10 rounds for branch lengths
2 trees examined
Threads: 1 / Time: 2.811 sec / Speedup: 1.000 / Efficiency: 100% / LogL: -85465
Threads: 2 / Time: 1.694 sec / Speedup: 1.659 / Efficiency: 83% / LogL: -85465
BEST NUMBER OF THREADS: 2

Estimate model parameters (epsilon = 0.100)
1. Initial log-likelihood: -59612.229
2. Current log-likelihood: -59575.535
3. Current log-likelihood: -59573.386
4. Current log-likelihood: -59572.116
5. Current log-likelihood: -59570.995
6. Current log-likelihood: -59569.983
7. Current log-likelihood: -59569.061
8. Current log-likelihood: -59568.221
9. Current log-likelihood: -59567.454
10. Current log-likelihood: -59566.751
11. Current log-likelihood: -59566.223
12. Current log-likelihood: -59565.747
13. Current log-likelihood: -59565.354
14. Current log-likelihood: -59565.074
15. Current log-likelihood: -59564.957
16. Current log-likelihood: -59564.829
Optimal log-likelihood: -59564.710
Site proportion and rates:  (0.137,0.061) (0.090,0.243) (0.104,0.487) (0.169,0.764) (0.181,1.078) (0.203,1.553) (0.116,2.408)
Parameters optimization took 16 rounds (24.591 sec)
Computing ML distances based on estimated model parameters... 20.181 sec
Computing BIONJ tree...
0.023 seconds
Log-likelihood of BIONJ tree: -59278.808
--------------------------------------------------------------------
|             INITIALIZING CANDIDATE TREE SET                      |
--------------------------------------------------------------------
Generating 98 parsimony trees... 6.134 second
Computing log-likelihood of 98 initial trees ... 18.056 seconds
Current best score: -59278.808

Do NNI search on 20 best initial trees
Estimate model parameters (epsilon = 0.100)
BETTER TREE FOUND at iteration 1: -59115.871
Iteration 10 / LogL: -59200.806 / Time: 0h:2m:1s
Iteration 20 / LogL: -59267.849 / Time: 0h:2m:31s
Finish initializing candidate tree set (20)
Current best tree score: -59115.871 / CPU time: 111.142
Number of iterations: 20
--------------------------------------------------------------------
|               OPTIMIZING CANDIDATE TREE SET                      |
--------------------------------------------------------------------
Estimate model parameters (epsilon = 0.100)
BETTER TREE FOUND at iteration 21: -59089.426
Estimate model parameters (epsilon = 0.100)
BETTER TREE FOUND at iteration 23: -59079.604
Estimate model parameters (epsilon = 0.100)
BETTER TREE FOUND at iteration 25: -59066.807
Estimate model parameters (epsilon = 0.100)
BETTER TREE FOUND at iteration 29: -59064.834
Iteration 30 / LogL: -59074.862 / Time: 0h:3m:40s (0h:12m:31s left)
Estimate model parameters (epsilon = 0.100)
BETTER TREE FOUND at iteration 35: -59046.440
Estimate model parameters (epsilon = 0.100)
BETTER TREE FOUND at iteration 36: -59041.329
Iteration 40 / LogL: -59052.503 / Time: 0h:4m:28s (0h:11m:1s left)
Estimate model parameters (epsilon = 0.100)
BETTER TREE FOUND at iteration 42: -59036.092
Estimate model parameters (epsilon = 0.100)
BETTER TREE FOUND at iteration 44: -59028.193
Iteration 50 / LogL: -59032.060 / Time: 0h:5m:8s (0h:9m:51s left)
Log-likelihood cutoff on original alignment: -59268.118
Estimate model parameters (epsilon = 0.100)
BETTER TREE FOUND at iteration 60: -59027.303
Iteration 60 / LogL: -59027.303 / Time: 0h:5m:56s (0h:10m:4s left)
Estimate model parameters (epsilon = 0.100)
BETTER TREE FOUND at iteration 61: -59022.977
Iteration 70 / LogL: -59054.375 / Time: 0h:6m:42s (0h:8m:50s left)
Estimate model parameters (epsilon = 0.100)
BETTER TREE FOUND at iteration 76: -59022.072
Estimate model parameters (epsilon = 0.100)
BETTER TREE FOUND at iteration 79: -59019.516
Iteration 80 / LogL: -59036.273 / Time: 0h:7m:22s (0h:9m:15s left)
Estimate model parameters (epsilon = 0.100)
BETTER TREE FOUND at iteration 86: -59015.224
Iteration 90 / LogL: -59028.308 / Time: 0h:7m:49s (0h:8m:26s left)
Iteration 100 / LogL: -59034.800 / Time: 0h:8m:14s (0h:7m:9s left)
Log-likelihood cutoff on original alignment: -59202.060
NOTE: Bootstrap correlation coefficient of split occurrence frequencies: 0.976
NOTE: UFBoot does not converge, continue at least 100 more iterations
Estimate model parameters (epsilon = 0.100)
BETTER TREE FOUND at iteration 104: -59014.543
Estimate model parameters (epsilon = 0.100)
BETTER TREE FOUND at iteration 105: -59012.002
Estimate model parameters (epsilon = 0.100)
BETTER TREE FOUND at iteration 110: -59007.700
Iteration 110 / LogL: -59007.700 / Time: 0h:8m:46s (0h:8m:2s left)
Iteration 120 / LogL: -59008.525 / Time: 0h:9m:13s (0h:6m:58s left)
Estimate model parameters (epsilon = 0.100)
BETTER TREE FOUND at iteration 121: -59007.311
Estimate model parameters (epsilon = 0.100)
BETTER TREE FOUND at iteration 122: -59006.923
Estimate model parameters (epsilon = 0.100)
BETTER TREE FOUND at iteration 124: -59006.773
Iteration 130 / LogL: -59019.077 / Time: 0h:9m:43s (0h:7m:4s left)
Estimate model parameters (epsilon = 0.100)
BETTER TREE FOUND at iteration 139: -59006.283
Iteration 140 / LogL: -59025.233 / Time: 0h:10m:10s (0h:7m:14s left)
Iteration 150 / LogL: -59017.001 / Time: 0h:10m:36s (0h:6m:19s left)
Log-likelihood cutoff on original alignment: -59202.060
Iteration 160 / LogL: -59019.468 / Time: 0h:11m:2s (0h:5m:29s left)
Estimate model parameters (epsilon = 0.100)
BETTER TREE FOUND at iteration 169: -59005.438
Iteration 170 / LogL: -59006.833 / Time: 0h:11m:30s (0h:6m:44s left)
Iteration 180 / LogL: -59015.665 / Time: 0h:11m:56s (0h:5m:56s left)
Iteration 190 / LogL: -59022.591 / Time: 0h:12m:22s (0h:5m:10s left)
Iteration 200 / LogL: -59008.253 / Time: 0h:12m:48s (0h:4m:26s left)
Log-likelihood cutoff on original alignment: -59202.060
NOTE: Bootstrap correlation coefficient of split occurrence frequencies: 0.982
NOTE: UFBoot does not converge, continue at least 100 more iterations
Iteration 210 / LogL: -59011.065 / Time: 0h:13m:15s (0h:5m:42s left)
Iteration 220 / LogL: -59008.940 / Time: 0h:13m:40s (0h:4m:59s left)
Iteration 230 / LogL: -59020.147 / Time: 0h:14m:5s (0h:4m:18s left)
Estimate model parameters (epsilon = 0.100)
BETTER TREE FOUND at iteration 233: -59004.010
Iteration 240 / LogL: -59010.145 / Time: 0h:14m:33s (0h:5m:39s left)
Iteration 250 / LogL: -59012.121 / Time: 0h:15m:0s (0h:5m:0s left)
Log-likelihood cutoff on original alignment: -59192.300
Iteration 260 / LogL: -59007.842 / Time: 0h:15m:28s (0h:4m:21s left)
Iteration 270 / LogL: -59006.059 / Time: 0h:15m:54s (0h:3m:43s left)
Estimate model parameters (epsilon = 0.100)
BETTER TREE FOUND at iteration 277: -59001.256
Iteration 280 / LogL: -59003.638 / Time: 0h:16m:22s (0h:5m:41s left)
Iteration 290 / LogL: -59007.394 / Time: 0h:16m:49s (0h:5m:3s left)
Iteration 300 / LogL: -59009.608 / Time: 0h:17m:15s (0h:4m:26s left)
Log-likelihood cutoff on original alignment: -59192.300
NOTE: Bootstrap correlation coefficient of split occurrence frequencies: 0.994
Iteration 310 / LogL: -59008.278 / Time: 0h:17m:43s (0h:5m:9s left)
Iteration 320 / LogL: -59007.296 / Time: 0h:18m:10s (0h:4m:33s left)
Iteration 330 / LogL: -59004.531 / Time: 0h:18m:37s (0h:3m:57s left)
Iteration 340 / LogL: -59002.402 / Time: 0h:19m:3s (0h:3m:22s left)
Iteration 350 / LogL: -59002.972 / Time: 0h:19m:31s (0h:2m:47s left)
Log-likelihood cutoff on original alignment: -59192.300
Iteration 360 / LogL: -59009.058 / Time: 0h:19m:58s (0h:2m:13s left)
Iteration 370 / LogL: -59012.374 / Time: 0h:20m:25s (0h:1m:39s left)
TREE SEARCH COMPLETED AFTER 378 ITERATIONS / Time: 0h:20m:46s

--------------------------------------------------------------------
|                    FINALIZING TREE SEARCH                        |
--------------------------------------------------------------------
Performs final model parameters optimization
Estimate model parameters (epsilon = 0.010)
1. Initial log-likelihood: -59001.256
Optimal log-likelihood: -59001.254
Site proportion and rates:  (0.128,0.046) (0.100,0.225) (0.124,0.503) (0.242,0.858) (0.233,1.363) (0.113,1.959) (0.060,2.713)
Parameters optimization took 1 rounds (0.679 sec)
BEST SCORE FOUND : -59001.254
Creating bootstrap support values...
Split supports printed to NEXUS file K13293.blastp_ALL.outfmt6.parsed.filtered.uniq.faa.mafft.aln.trimal1.splits.nex
Total tree length: 93.560

Total number of iterations: 378
CPU time used for tree search: 2394.613 sec (0h:39m:54s)
Wall-clock time used for tree search: 1205.975 sec (0h:20m:5s)
Total CPU time used: 2474.681 sec (0h:41m:14s)
Total wall-clock time used: 1248.060 sec (0h:20m:48s)

Computing bootstrap consensus tree...
Reading input file K13293.blastp_ALL.outfmt6.parsed.filtered.uniq.faa.mafft.aln.trimal1.splits.nex...
220 taxa and 1739 splits.
Consensus tree written to K13293.blastp_ALL.outfmt6.parsed.filtered.uniq.faa.mafft.aln.trimal1.contree
Reading input trees file K13293.blastp_ALL.outfmt6.parsed.filtered.uniq.faa.mafft.aln.trimal1.contree
Log-likelihood of consensus tree: -59007.635

Analysis results written to: 
  IQ-TREE report:                K13293.blastp_ALL.outfmt6.parsed.filtered.uniq.faa.mafft.aln.trimal1.iqtree
  Maximum-likelihood tree:       K13293.blastp_ALL.outfmt6.parsed.filtered.uniq.faa.mafft.aln.trimal1.treefile
  Likelihood distances:          K13293.blastp_ALL.outfmt6.parsed.filtered.uniq.faa.mafft.aln.trimal1.mldist

Ultrafast bootstrap approximation results written to:
  Split support values:          K13293.blastp_ALL.outfmt6.parsed.filtered.uniq.faa.mafft.aln.trimal1.splits.nex
  Consensus tree:                K13293.blastp_ALL.outfmt6.parsed.filtered.uniq.faa.mafft.aln.trimal1.contree
  Screen log file:               K13293.blastp_ALL.outfmt6.parsed.filtered.uniq.faa.mafft.aln.trimal1.log

Date and Time: Thu Sep  9 01:17:07 2021
