IQ-TREE multicore version 1.6.12 for Linux 64-bit built Aug 15 2019
Developed by Bui Quang Minh, Nguyen Lam Tung, Olga Chernomor,
Heiko Schmidt, Dominik Schrempf, Michael Woodhams.

Host:    coral (AVX512, FMA3, 376 GB RAM)
Command: /home/timothy/programs/iqtree-1.6.12-Linux/bin/iqtree -s K13998.blastp_ALL.outfmt6.parsed.filtered.uniq.faa.mafft.aln.trimal1 -nt AUTO -ntmax 2 -m MFP -bb 2000 -quiet
Seed:    595470 (Using SPRNG - Scalable Parallel Random Number Generator)
Time:    Thu Sep  9 00:01:15 2021
Kernel:  AVX+FMA - auto-detect threads (96 CPU cores detected)

Reading alignment file K13998.blastp_ALL.outfmt6.parsed.filtered.uniq.faa.mafft.aln.trimal1 ... Fasta format detected
Alignment most likely contains protein sequences
Alignment has 215 sequences with 320 columns, 320 distinct patterns
276 parsimony-informative, 33 singleton sites, 11 constant sites
                                                                                                                        Gap/Ambiguity  Composition  p-value
   1  Archaea-Euryarchaeota-Halobacteria-Halobacteriales-Halobacteriaceae-Halodesulfurarchaeum_formicicum_WP_070364027.1       32.50%    failed      1.37%
   2  Archaea-Euryarchaeota-Halobacteria-Haloferacales-Haloferacaceae-Haloferacaceae_archaeon_N1521_WP_138004798.1             75.31%    passed     91.63%
   3  Archaea-Euryarchaeota-Halobacteria-Haloferacales-Haloferacaceae-Halopelagius_inordinatus_WP_092894084.1                  74.69%    passed      5.67%
   4  Archaea-Euryarchaeota-Halobacteria-Natrialbales-Natrialbaceae-Haloterrigena_sp._H1_WP_138779627.1                        31.87%    failed      3.68%
   5  Archaea-NA-NA-NA-NA-archaeon_AArcSl_WP_119819056.1                                                                       75.31%    passed      7.54%
   6  Archaea-NA-NA-NA-NA-archaeon_AArcSl_WP_119821932.1                                                                       31.87%    passed     14.20%
   7  Bacteria-Actinobacteria-Actinobacteria-Bifidobacteriales-Bifidobacteriaceae-Gardnerella_vaginalis_WP_018641219.1         30.63%    passed     90.96%
   8  Bacteria-Actinobacteria-Actinobacteria-Jiangellales-Jiangellaceae-Phytoactinopolyspora_endophytica_WP_129666212.1        33.44%    passed     72.10%
   9  Bacteria-Actinobacteria-Actinobacteria-Micrococcales-Micrococcaceae-Citricoccus_muralis_WP_115933338.1                   75.31%    passed     82.70%
  10  Bacteria-Actinobacteria-Actinobacteria-Micrococcales-Micrococcaceae-Nesterenkonia_populi_WP_147103129.1                  75.62%    passed     13.07%
  11  Bacteria-Bacteroidetes-Bacteroidia-Bacteroidales-Prevotellaceae-Prevotella_sp._MGM2_WP_104404164.1                       33.44%    passed     84.94%
  12  Bacteria-Bacteroidetes-Bacteroidia-Bacteroidales-Williamwhitmaniaceae-Williamwhitmania_taraxaci_WP_092439569.1           33.44%    passed     95.71%
  13  Bacteria-Bacteroidetes-Flavobacteriia-Flavobacteriales-Flavobacteriaceae-Empedobacter_haloabium_WP_147954736.1           76.56%    passed     18.55%
  14  Bacteria-Bacteroidetes-Sphingobacteriia-Sphingobacteriales-Sphingobacteriaceae-Pedobacter_sp._YR016_WP_108206140.1       76.56%    passed     73.79%
  15  Bacteria-CandidatusSaccharibacteria-NA-NA-NA-Candidatus_Saccharibacteria_bacterium_TM7_ANC_38.39_G1_1_WP_129693006.1     76.56%    passed     61.33%
  16  Bacteria-CandidatusSaccharibacteria-NA-NA-NA-TM7_phylum_sp._oral_taxon_346_WP_146427496.1                                76.56%    passed     70.93%
  17  Bacteria-Chloroflexi-Ktedonobacteria-Ktedonobacterales-NA-Ktedonobacterales_bacterium_SCAWSG2_WP_129887775.1             33.44%    passed     90.82%
  18  Bacteria-Cyanobacteria-NA-Nostocales-Aphanizomenonaceae-Cuspidothrix_issatschenkoi_WP_104386261.1                        73.75%    passed     85.23%
  19  Bacteria-DeinococcusThermus-Deinococci-Thermales-Thermaceae-Meiothermus_rufus_WP_027882426.1                             33.12%    passed     47.92%
  20  Bacteria-DeinococcusThermus-Deinococci-Thermales-Thermaceae-NA_WP_027887641.1                                            33.44%    passed     62.79%
  21  Bacteria-Firmicutes-Bacilli-Bacillales-Bacillaceae-Pueribacillus_theae_WP_116553225.1                                    33.44%    passed     90.90%
  22  Bacteria-Firmicutes-Bacilli-Bacillales-Planococcaceae-Viridibacillus_sp._OK051_WP_100796957.1                            76.56%    passed     58.58%
  23  Bacteria-Firmicutes-Bacilli-Bacillales-Sporolactobacillaceae-Sporolactobacillus_pectinivorans_WP_100487916.1             33.44%    passed     97.25%
  24  Bacteria-Firmicutes-Clostridia-Clostridiales-Clostridiaceae-Clostridium_perfringens_WP_128994147.1                       76.56%    passed     27.65%
  25  Bacteria-Lentisphaerae-Lentisphaeria-Lentisphaerales-Lentisphaeraceae-Lentisphaera_araneosa_WP_007277187.1               33.44%    passed     96.37%
  26  Bacteria-NA-NA-Haloplasmatales-Haloplasmataceae-Haloplasma_contractile_WP_008826324.1                                    33.12%    passed     72.10%
  27  Bacteria-NA-NA-NA-NA-NA_WP_004132547.1                                                                                   30.63%    passed     89.26%
  28  Bacteria-Planctomycetes-NA-NA-NA-Planctomycetes_bacterium_CA85_WP_146393443.1                                            32.19%    passed     75.91%
  29  Bacteria-Planctomycetes-NA-NA-NA-Planctomycetes_bacterium_Pla111_WP_146573033.1                                          76.56%    passed     45.57%
  30  Bacteria-Planctomycetes-Planctomycetia-Planctomycetales-Planctomycetaceae-Blastopirellula_marina_WP_105356265.1          33.44%    passed     78.94%
  31  Bacteria-Proteobacteria-Alphaproteobacteria-NA-NA-Thermopetrobacter_sp._TC1_WP_038037119.1                               33.44%    passed     59.04%
  32  Bacteria-Proteobacteria-Alphaproteobacteria-Rhizobiales-Hyphomicrobiaceae-Hyphomicrobium_sulfonivorans_WP_068460637.1    33.44%    passed     98.25%
  33  Bacteria-Proteobacteria-Betaproteobacteria-Burkholderiales-Comamonadaceae-Nocardioides_sp._SLBN35_WP_008903620.1         75.62%    passed     81.68%
  34  Bacteria-Proteobacteria-Gammaproteobacteria-Pseudomonadales-Pseudomonadaceae-Pseudomonas_monteilii_WP_144935510.1        76.56%    passed     48.24%
  35  Bacteria-Spirochaetes-Spirochaetia-Brachyspirales-Brachyspiraceae-Brachyspira_hampsonii_WP_008724800.1                   76.25%    passed     16.55%
  36  Bacteria-Spirochaetes-Spirochaetia-Spirochaetales-Spirochaetaceae-Treponema_porcinum_WP_078933128.1                      76.56%    passed     22.88%
  37  Bacteria-Tenericutes-Mollicutes-Acholeplasmatales-Acholeplasmataceae-Acholeplasma_equifetale_WP_051614274.1              32.50%    passed     59.50%
  38  Bacteria-Tenericutes-Mollicutes-Anaeroplasmatales-Anaeroplasmataceae-Anaeroplasma_bactoclasticum_WP_119016129.1          31.87%    passed     90.71%
  39  Bacteria-Verrucomicrobia-NA-NA-NA-Methylacidimicrobium_cyclopophantes_WP_142525865.1                                     33.44%    passed     61.33%
  40  Bacteria-Verrucomicrobia-NA-NA-NA-Verrucomicrobia_bacterium_LW23_WP_108038091.1                                          33.44%    passed     95.48%
  41  Eukaryota-Acytosteliales-Acytosteliales-Acytosteliales-Acytosteliaceae-Heterostelium_album_XP_020435687.1                76.56%    passed     37.00%
  42  Eukaryota-Alveolata-Dinophyceae-NA-Unranked-Alexandrium_tamarense_MMETSP0384_c8346_g1_i2.p1                               4.38%    passed     43.67%
  43  Eukaryota-Alveolata-Dinophyceae-NA-Unranked-Crypthecodinium_cohnii_MMETSP0325_c1145_g1_i1.p1                              4.38%    passed     86.51%
  44  Eukaryota-Alveolata-Dinophyceae-Peridiniales-Kryptoperidiniaceae-Kryptoperidinium_foliaceum_MMETSP0120_c93677_g1_i1.p1   56.56%    passed     85.29%
  45  Eukaryota-Amoebozoa-NA-NA-Paramoebidae-Mayorella_sp_MMETSP0417_c1008_g1_i1.p1                                             4.38%    passed     99.28%
  46  Eukaryota-Amoebozoa-NA-NA-Paramoebidae-Stygamoeba_regulata_MMETSP0447_c5970_g1_i2.p1                                      4.38%    passed     99.28%
  47  Eukaryota-Annelida-Clitellata-Hirudinida-Glossiphoniidae-Helobdella_robusta_jgi87612                                     28.75%    passed    100.00%
  48  Eukaryota-Annelida-Clitellata-Hirudinida-Glossiphoniidae-Helobdella_robusta_jgi98642                                     35.94%    passed     21.67%
  49  Eukaryota-Apicomplexa-Aconoidasida-Haemosporida-Plasmodiidae-Plasmodium_gallinaceum_XP_028526025.1                        4.38%    failed      0.04%
  50  Eukaryota-Apicomplexa-Aconoidasida-Piroplasmida-Babesiidae-Babesia_microti_XP_021338322.1                                 4.38%    passed     16.25%
  51  Eukaryota-Apicomplexa-Conoidasida-Eucoccidiorida-Cryptosporidiidae-Cryptosporidium_hominis_XP_665866.1                    4.69%    passed     47.92%
  52  Eukaryota-Apicomplexa-Conoidasida-Eucoccidiorida-Sarcocystidae-Neospora_caninum_XP_003886139.1                            4.38%    passed     97.96%
  53  Eukaryota-Apusomonadidae-NA-NA-NA-Thecamonas_trahens_XP_013760053.1                                                       4.38%    passed     51.04%
  54  Eukaryota-Arthropoda-Arachnida-Ixodida-Ixodidae-Ixodes_scapularis_XP_029823055.1                                         75.31%    passed     64.43%
  55  Eukaryota-Arthropoda-Insecta-Diptera-Calliphoridae-Lucilia_cuprina_XP_023302452.1                                        27.50%    passed     98.19%
  56  Eukaryota-Arthropoda-Insecta-Diptera-Culicidae-Aedes_aegypti_XP_001652716.2                                              75.62%    passed     60.33%
  57  Eukaryota-Arthropoda-Insecta-Diptera-Drosophilidae-Drosophila_biarmipes_XP_016954830.1                                   28.75%    passed     99.65%
  58  Eukaryota-Ascomycota-Dothideomycetes-Pleosporales-Pleosporaceae-Exserohilum_turcicum_XP_008029294.1                      75.62%    passed     87.82%
  59  Eukaryota-Ascomycota-Saccharomycetes-Saccharomycetales-Saccharomycetaceae-Kazachstania_naganishii_XP_022463986.1         27.81%    passed     84.73%
  60  Eukaryota-Ascomycota-Saccharomycetes-Saccharomycetales-Saccharomycetaceae-Lachancea_lanzarotensis_XP_022626979.1         27.81%    passed     78.72%
  61  Eukaryota-Ascomycota-Sordariomycetes-Hypocreales-Nectriaceae-Fusarium_graminearum_XP_011326937.1                         75.62%    passed     78.45%
  62  Eukaryota-Basidiomycota-Agaricomycetes-Boletales-Serpulaceae-Serpula_lacrymans_XP_007323696.1                            75.62%    passed     81.75%
  63  Eukaryota-Basidiomycota-Agaricomycetes-Corticiales-Punctulariaceae-Punctularia_strigosozonata_XP_007386321.1             28.44%    passed     99.01%
  64  Eukaryota-Basidiomycota-Tremellomycetes-Tremellales-Tremellaceae-Tremella_mesenterica_jgi67574                           75.62%    passed     67.85%
  65  Eukaryota-Basidiomycota-Wallemiomycetes-Wallemiales-Wallemiaceae-Wallemia_mellicola_XP_006960250.1                       28.44%    passed     95.75%
  66  Eukaryota-Brachiopoda-Lingulata-Lingulida-Lingulidae-Lingula_anatina_XP_013387146.1                                      75.62%    passed     59.69%
  67  Eukaryota-Brachiopoda-Lingulata-Lingulida-Lingulidae-Lingula_anatina_XP_013397041.1                                      27.50%    passed     93.80%
  68  Eukaryota-Cercozoa-Chlorarachniophyceae-NA-NA-Bigelowiella_natans_MMETSP1055_c1632_g1_i2.p1                               4.38%    passed     69.04%
  69  Eukaryota-Cercozoa-Chlorarachniophyceae-NA-NA-Gymnochlora_sp_MMETSP0110_c779_g1_i1.p1                                     6.25%    passed     78.99%
  70  Eukaryota-Cercozoa-NA-Euglyphida-Paulinellidae-Paulinella_chromatophora_scaffold4144-size2019_m.39974                     4.38%    passed     95.36%
  71  Eukaryota-Chlorophyta-Chlorophyceae-Chlamydomonadales-Dunaliellaceae-Dunaliella_tertiolecta_MMETSP1126_c186_g1_i1.p1      4.38%    passed     97.13%
  72  Eukaryota-Chlorophyta-Mamiellophyceae-Mamiellales-Bathycoccaceae-Ostreococcus_tauri_jgi8113                               4.38%    passed     97.77%
  73  Eukaryota-Chlorophyta-Mamiellophyceae-Mamiellales-Mamiellaceae-Micromonas_pusilla_MMETSP1403_c9183_g1_i1.p1               4.38%    passed     46.91%
  74  Eukaryota-Chlorophyta-NA-NA-NA-Prasinococcus_capsulatus_MMETSP0941_c9704_g1_i1.p1                                         4.38%    passed     99.99%
  75  Eukaryota-Chlorophyta-Trebouxiophyceae-Chlorellales-Unranked-Asterochloris_spp_jgi23117                                   4.38%    passed     25.41%
  76  Eukaryota-Choanoflagellata-Choanoflagellata-Choanoflagellata-NA-Acanthoeca_sp_MMETSP0105_c32493_g1_i1.p1                 24.69%    passed     86.23%
  77  Eukaryota-Choanoflagellata-Choanoflagellata-Choanoflagellata-NA-Acanthoeca_sp_MMETSP0106_c11085_g1_i1.p2                 75.62%    passed     27.06%
  78  Eukaryota-Choanoflagellata-Choanoflagellata-Choanoflagellata-Salpingoecidae-Salpingoeca_rosetta_XP_004990052.1           28.75%    passed     98.97%
  79  Eukaryota-Choanoflagellata-Choanoflagellata-Choanoflagellata-Salpingoecidae-Salpingoeca_rosetta_XP_004996767.1           74.69%    passed     31.09%
  80  Eukaryota-Chordata-Actinopteri-Cyprinodontiformes-Cyprinodontidae-Cyprinodon_variegatus_XP_015232929.1                   28.75%    passed     99.57%
  81  Eukaryota-Chordata-Amphibia-Anura-Dicroglossidae-Nanorana_parkeri_XP_018420712.1                                         75.62%    passed     41.82%
  82  Eukaryota-Chordata-Aves-Passeriformes-Estrildidae-Taeniopygia_guttata_XP_030121923.1                                     26.56%    passed     94.80%
  83  Eukaryota-Chordata-NA-NA-Branchiostomidae-Branchiostoma_belcheri_XP_019622510.1                                          75.62%    passed     27.95%
  84  Eukaryota-Chromeraceae-NA-NA-NA-Chromera_velia_MMETSP0290_c13002_g1_i1.p1                                                 4.38%    passed     70.26%
  85  Eukaryota-Chromeraceae-NA-NA-NA-Vitrella_brassicaformis_MMETSP1451_c2711_g1_i1.p1                                        50.00%    passed     39.72%
  86  Eukaryota-Chromeraceae-NA-NA-NA-Vitrella_brassicaformis_MMETSP1451_c38073_g1_i1.p1                                       71.56%    failed      0.07%
  87  Eukaryota-Chytridiomycota-Chytridiomycetes-Rhizophydiales-NA-Batrachochytrium_dendrobatidis_jgi10605                     26.56%    passed     76.80%
  88  Eukaryota-Chytridiomycota-Chytridiomycetes-Rhizophydiales-NA-Batrachochytrium_dendrobatidis_jgi91777                     75.31%    passed     57.50%
  89  Eukaryota-Chytridiomycota-Chytridiomycetes-Spizellomycetales-Spizellomycetaceae-Spizellomyces_punctatus_XP_016603916.1   74.06%    passed     66.31%
  90  Eukaryota-Chytridiomycota-Chytridiomycetes-Spizellomycetales-Spizellomycetaceae-Spizellomyces_punctatus_XP_016610471.1   24.06%    passed     95.97%
  91  Eukaryota-Ciliophora-NA-Unranked-NA-Mesodinium_pulex_MMETSP0467_c13039_g1_i1.p2                                           4.38%    passed     98.83%
  92  Eukaryota-Ciliophora-NA-Unranked-NA-Mesodinium_pulex_MMETSP0467_c13039_g1_i2.p2                                           4.38%    passed     97.13%
  93  Eukaryota-Ciliophora-NA-Unranked-NA-Protocruzia_adherens_MMETSP0216_c11012_g1_i1.p1                                       4.38%    passed     99.98%
  94  Eukaryota-Ciliophora-NA-Unranked-NA-Strombidinopsis_acuminatum_MMETSP0126_c11344_g1_i2.p1                                 7.50%    passed     99.62%
  95  Eukaryota-Cnidaria-Anthozoa-Scleractinia-Acroporidae-Acropora_millepora_XP_029190619.1                                   75.62%    passed     99.90%
  96  Eukaryota-Cnidaria-Anthozoa-Scleractinia-Merulinidae-Orbicella_faveolata_XP_020608530.1                                  75.62%    passed     97.35%
  97  Eukaryota-Cnidaria-Anthozoa-Scleractinia-Pocilloporidae-Pocillopora_damicornis_XP_027042326.1                            28.75%    passed     98.57%
  98  Eukaryota-Cnidaria-Anthozoa-Scleractinia-Pocilloporidae-Stylophora_pistillata_XP_022790862.1                             28.44%    passed     99.52%
  99  Eukaryota-Cryptophyta-NA-Cryptomonadales-Hemiselmidaceae-Hemiselmis_andersenii_MMETSP0043_c2246_g1_i1.p1                  4.38%    passed     99.97%
 100  Eukaryota-Cryptophyta-NA-Cryptomonadales-Hemiselmidaceae-Hemiselmis_rufescens_MMETSP1357_c28957_g1_i1.p1                  4.38%    passed     99.96%
 101  Eukaryota-Cryptophyta-NA-Pyrenomonadales-Geminigeraceae-Guillardia_theta_CCMP2712_jgi69716                                5.00%    passed     99.99%
 102  Eukaryota-Cryptophyta-NA-Pyrenomonadales-Pyrenomonadaceae-Rhodomonas_salina_MMETSP1047_c13016_g1_i1.p1                    4.38%    passed     98.32%
 103  Eukaryota-Echinodermata-Asteroidea-Valvatida-Acanthasteridae-Acanthaster_planci_XP_022083618.1                           26.56%    passed     99.53%
 104  Eukaryota-Echinodermata-Asteroidea-Valvatida-Acanthasteridae-Acanthaster_planci_XP_022106530.1                           75.00%    passed     82.42%
 105  Eukaryota-Echinodermata-Echinoidea-Echinoida-Strongylocentrotidae-Strongylocentrotus_purpuratus_XP_780421.1              75.62%    passed     91.68%
 106  Eukaryota-Echinodermata-Echinoidea-Echinoida-Strongylocentrotidae-Strongylocentrotus_purpuratus_XP_797720.1              27.81%    passed     99.49%
 107  Eukaryota-Euglenida-NA-Eutreptiales-NA-Eutreptiella_gymnastica_MMETSP0039_c4977_g1_i1.p1                                  4.38%    passed    100.00%
 108  Eukaryota-Euglenida-NA-NA-Unranked-Neobodo_designis_MMETSP1114_c8075_g1_i1.p2                                             4.38%    passed     80.84%
 109  Eukaryota-Fonticulida-Fonticulida-Fonticulida-Fonticulaceae-Fonticula_alba_XP_009493992.1                                26.25%    passed     83.05%
 110  Eukaryota-Fonticulida-Fonticulida-Fonticulida-Fonticulaceae-Fonticula_alba_XP_009495148.1                                63.12%    passed     53.33%
 111  Eukaryota-Glaucophyta-Glaucophyta-Gloeochaetales-Gloeochaetaceae-Gloeochaete_witrockiana_MMETSP0308_c26408_g1_i1.p1      80.31%    passed     92.32%
 112  Eukaryota-Glaucophyta-Glaucophyta-NA-NA-Cyanoptyche_gloeocystis_MMETSP1086_c11987_g1_i1.p2                               85.62%    passed     47.91%
 113  Eukaryota-Haptophyta-NA-Prymnesiales-NA-Chrysochromulina_rotalis_MMETSP0287_c5968_g1_i1.p1                                4.38%    passed     97.87%
 114  Eukaryota-Haptophyta-NA-Prymnesiales-NA-Pleurochrysis_carterae_MMETSP1136_c8117_g1_i1.p1                                  4.38%    passed     97.02%
 115  Eukaryota-Haptophyta-NA-Prymnesiales-NA-Pleurochrysis_carterae_MMETSP1137_c5925_g1_i1.p1                                 71.56%    passed     42.25%
 116  Eukaryota-Hemichordata-Enteropneusta-NA-Harrimaniidae-Saccoglossus_kowalevskii_XP_002734344.1                            76.56%    passed     60.73%
 117  Eukaryota-Hemichordata-Enteropneusta-NA-Harrimaniidae-Saccoglossus_kowalevskii_XP_006825428.1                            38.75%    passed     64.38%
 118  Eukaryota-Heterolobosea-NA-NA-NA-Percolomonas_cosmopolitus_MMETSP0758_c2034_g1_i1.p1                                      4.69%    passed     18.48%
 119  Eukaryota-Heterolobosea-NA-NA-Vahlkampfiidae-Naegleria_gruberi_jgi76251                                                   3.75%    passed     64.77%
 120  Eukaryota-Kinetoplastida-Kinetoplastida-Kinetoplastida-Trypanosomatidae-Leptomonas_pyrrhocoris_XP_015662135.1             4.38%    passed     82.13%
 121  Eukaryota-Kinetoplastida-Kinetoplastida-Kinetoplastida-Trypanosomatidae-Trypanosoma_conorhini_XP_029228904.1              4.38%    passed     91.99%
 122  Eukaryota-Kinetoplastida-Kinetoplastida-Kinetoplastida-Trypanosomatidae-Trypanosoma_theileri_XP_028879380.1               4.38%    passed     94.43%
 123  Eukaryota-Longamoebia-Longamoebia-Longamoebia-Acanthamoebidae-Acanthamoeba_castellanii_XP_004339082.1                    25.94%    failed      0.01%
 124  Eukaryota-Longamoebia-Longamoebia-Longamoebia-Acanthamoebidae-Acanthamoeba_castellanii_XP_004340223.1                    32.50%    passed     68.05%
 125  Eukaryota-Mesomycetozoea-Ichthyosporea-Ichthyophonida-NA-Sphaeroforma_arctica_XP_014154606.1                             17.50%    passed     94.28%
 126  Eukaryota-Mesomycetozoea-Ichthyosporea-Ichthyophonida-NA-Sphaeroforma_arctica_XP_014161309.1                             75.62%    passed     38.39%
 127  Eukaryota-Mesomycetozoea-Ichthyosporea-NA-NA-Capsaspora_owczarzaki_XP_004347795.2                                        75.62%    passed     47.31%
 128  Eukaryota-Mesomycetozoea-Ichthyosporea-NA-NA-Capsaspora_owczarzaki_XP_004365596.2                                        22.19%    passed     95.84%
 129  Eukaryota-Microsporidia-NA-NA-NA-Mitosporidium_daphniae_XP_013236567.1                                                   27.19%    passed     87.60%
 130  Eukaryota-Microsporidia-NA-NA-Pleistophoridae-Vavraia_culicis_XP_008074786.1                                             76.25%    passed     54.94%
 131  Eukaryota-Microsporidia-NA-NA-Unikaryonidae-Encephalitozoon_hellem_XP_003886610.1                                        75.94%    passed     85.94%
 132  Eukaryota-Microsporidia-NA-NA-Unikaryonidae-Encephalitozoon_romaleae_XP_009263968.1                                      28.75%    passed     96.54%
 133  Eukaryota-Mollusca-Gastropoda-Aplysiida-Aplysiidae-Aplysia_californica_XP_005109348.1                                    26.56%    passed     99.46%
 134  Eukaryota-Mollusca-Gastropoda-Architaenioglossa-Ampullariidae-Pomacea_canaliculata_XP_025104706.1                        75.62%    passed     82.17%
 135  Eukaryota-Mollusca-Gastropoda-NA-Lottiidae-Lottia_gigantea_jgi166678                                                     26.56%    passed     99.63%
 136  Eukaryota-Mollusca-Gastropoda-NA-Planorbidae-Biomphalaria_glabrata_XP_013063819.1                                        75.62%    passed     46.00%
 137  Eukaryota-Mucorales-Mucoraceae-Undefined-Undefined-Mucor_circinelloides_jgi78611                                         28.44%    passed     96.93%
 138  Eukaryota-Mucorales-Mucoraceae-Undefined-Undefined-Mucor_circinelloides_jgi85294                                         75.62%    passed     43.96%
 139  Eukaryota-Mucoromycota-Glomeromycetes-Glomerales-Glomeraceae-Rhizophagus_irregularis_XP_025174356.1                      27.50%    passed     72.33%
 140  Eukaryota-Mucoromycota-Mucoromycetes-Mucorales-Phycomycetaceae-Phycomyces_blakesleeanus_jgi18766                         75.62%    passed     36.12%
 141  Eukaryota-Mucoromycota-Mucoromycetes-Mucorales-Rhizopodaceae-Rhizopus_microsporus_XP_023467435.1                         75.62%    passed     27.27%
 142  Eukaryota-Mucoromycota-Mucoromycetes-Mucorales-Rhizopodaceae-Rhizopus_microsporus_XP_023469706.1                         28.44%    passed     96.25%
 143  Eukaryota-Nematoda-Chromadorea-Rhabditida-Onchocercidae-Brugia_malayi_XP_001902443.1                                     77.50%    passed     28.50%
 144  Eukaryota-Nematoda-Chromadorea-Rhabditida-Onchocercidae-Loa_loa_XP_003141327.1                                           28.44%    passed     97.61%
 145  Eukaryota-Nematoda-Chromadorea-Rhabditida-Onchocercidae-Loa_loa_XP_020303315.1                                           75.62%    passed     47.84%
 146  Eukaryota-Nematoda-Enoplea-Trichinellida-Trichinellidae-Trichinella_spiralis_XP_003379919.1                              28.12%    passed     99.86%
 147  Eukaryota-Palpitomonas-NA-NA-NA-Palpitomonas_bilix_MMETSP0780_c11988_g2_i1.p1                                            10.31%    passed     99.00%
 148  Eukaryota-Perkinsozoa-NA-Perkinsida-Perkinsidae-Perkinsus_marinus_XP_002768310.1                                          4.38%    passed     95.69%
 149  Eukaryota-Perkinsozoa-NA-Perkinsida-Perkinsidae-Perkinsus_marinus_XP_002778435.1                                         21.88%    passed     95.87%
 150  Eukaryota-Placozoa-NA-NA-Trichoplacidae-Trichoplax_adhaerens_XP_002108175.1                                              77.50%    passed     29.71%
 151  Eukaryota-Placozoa-NA-NA-Trichoplacidae-Trichoplax_adhaerens_XP_002108717.1                                              28.75%    passed     95.75%
 152  Eukaryota-Platyhelminthes-Cestoda-Cyclophyllidea-Taeniidae-Echinococcus_granulosus_XP_024346746.1                        74.38%    passed     86.82%
 153  Eukaryota-Platyhelminthes-Trematoda-Opisthorchiida-Opisthorchiidae-Opisthorchis_viverrini_XP_009172366.1                 24.69%    passed     98.15%
 154  Eukaryota-Platyhelminthes-Trematoda-Strigeidida-Schistosomatidae-Schistosoma_haematobium_XP_012798957.1                  75.00%    passed     47.69%
 155  Eukaryota-Platyhelminthes-Trematoda-Strigeidida-Schistosomatidae-Schistosoma_mansoni_XP_018648030.1                      25.62%    passed     98.74%
 156  Eukaryota-Porifera-Demospongiae-Haplosclerida-Niphatidae-Amphimedon_queenslandica_XP_003385652.2                         27.81%    passed     97.30%
 157  Eukaryota-Porifera-Demospongiae-Haplosclerida-Niphatidae-Amphimedon_queenslandica_XP_011403036.2                         76.56%    passed     86.86%
 158  Eukaryota-Priapulida-Priapulimorpha-Priapulimorphida-Priapulidae-Priapulus_caudatus_XP_014669527.1                       28.75%    passed     99.25%
 159  Eukaryota-Priapulida-Priapulimorpha-Priapulimorphida-Priapulidae-Priapulus_caudatus_XP_014671151.1                       75.62%    passed     29.52%
 160  Eukaryota-Retaria-NA-NA-NA-Ammonia_sp_MMETSP1384_c20245_g1_i1.p1                                                          4.38%    passed     94.99%
 161  Eukaryota-Retaria-NA-NA-NA-Elphidium_margaritaceum_MMETSP1385_c19056_g1_i1.p1                                             4.38%    passed     99.71%
 162  Eukaryota-Retaria-NA-NA-NA-Sorites_sp_MMETSP0191_c2484_g1_i1.p1                                                           4.38%    passed     97.59%
 163  Eukaryota-Rhodophyta-Bangiophyceae-Cyanidiales-Cyanidiaceae-Galdieria_sulphuraria_Gsulp002_G5468.1                       10.94%    passed     92.49%
 164  Eukaryota-Rhodophyta-Bangiophyceae-NA-NA-Rhodosorus_marinus_MMETSP0011_c22_g1_i1.p1                                       4.38%    passed     97.87%
 165  Eukaryota-Rhodophyta-Florideophyceae-Gigartinales-Gigartinaceae-Chondrus_crispus_XP_005713042.1                           4.38%    passed     89.73%
 166  Eukaryota-Stramenopiles-Chrysophyceae-Chromulinales-Chromulinaceae-Ochromonas_sp_MMETSP0004_c18156_g1_i1.p1               4.38%    passed     94.49%
 167  Eukaryota-Stramenopiles-NA-NA-NA-Chromulina_nebulosa_MMETSP1095_TR10071-c0_g1_i1.p1                                       6.56%    passed     66.57%
 168  Eukaryota-Stramenopiles-NA-NA-NA-Pinguiococcus_pyrenoidosus_MMETSP1160_c6360_g1_i1.p1                                     4.38%    passed     99.39%
 169  Eukaryota-Stramenopiles-Synurophyceae-Synurales-Mallomonadaceae-Mallomonas_sp_MMETSP1167_c4595_g1_i1.p1                   4.38%    passed     99.80%
 170  Eukaryota-Streptophyta-NA-Fabales-Fabaceae-Arachis_hypogaea_XP_025666012.1                                                4.38%    passed     99.99%
 171  Eukaryota-Streptophyta-NA-Fabales-Fabaceae-Medicago_truncatula_XP_003603963.1                                             4.38%    passed     99.96%
 172  Eukaryota-Streptophyta-NA-Lamiales-Pedaliaceae-Sesamum_indicum_XP_011074562.1                                             4.38%    passed     99.86%
 173  Eukaryota-Streptophyta-NA-Lamiales-Phrymaceae-Erythranthe_guttata_XP_012843023.1                                          4.38%    passed     99.81%
 174  MSTRG.21233.1.p1                                                                                                          4.38%    passed     99.38%
 175  MSTRG.27860.1.p1                                                                                                         75.62%    passed     26.32%
 176  Viruses-Ackermannviridae-NA-NA-NA-Ralstonia_phage_RSP15_YP_009277127.1                                                   30.94%    passed     84.00%
 177  Viruses-Alloherpesviridae-NA-NA-NA-Anguillid_herpesvirus_1_YP_003358214.1                                                28.44%    passed     98.50%
 178  Viruses-Herelleviridae-NA-NA-NA-Bacillus_virus_Agate_YP_007349230.1                                                      28.75%    passed     86.01%
 179  Viruses-Herelleviridae-NA-NA-NA-Bacillus_virus_Moonbeam_YP_009151580.1                                                   75.94%    passed     73.38%
 180  Viruses-Herelleviridae-NA-NA-NA-Enterococcus_virus_ECP3_YP_009147137.1                                                   33.44%    failed      4.20%
 181  Viruses-Herpesviridae-NA-NA-NA-Ateline_gammaherpesvirus_2_YP_009505422.1                                                 28.75%    passed     99.65%
 182  Viruses-Herpesviridae-NA-NA-NA-Macacine_gammaherpesvirus_5_NP_570754.1                                                   23.75%    passed     65.15%
 183  Viruses-Herpesviridae-NA-NA-NA-Myotis_gammaherpesvirus_8_YP_009229833.1                                                  75.62%    passed     11.72%
 184  Viruses-Herpesviridae-NA-NA-NA-Rhinolophus_gammaherpesvirus_1_YP_009551862.1                                             75.00%    passed     35.63%
 185  Viruses-Hytrosaviridae-NA-NA-NA-Musca_hytrovirus_YP_001883340.1                                                          27.19%    passed     48.22%
 186  Viruses-Iridoviridae-NA-NA-NA-Epizootic_haematopoietic_necrosis_virus_YP_009182086.1                                     75.62%    passed     93.09%
 187  Viruses-Iridoviridae-NA-NA-NA-European_catfish_virus_YP_006347622.1                                                      28.75%    passed     90.10%
 188  Viruses-Iridoviridae-NA-NA-NA-Shortfinned_eel_ranavirus_YP_009259384.1                                                   75.62%    passed     92.72%
 189  Viruses-Iridoviridae-NA-NA-NA-Shortfinned_eel_ranavirus_YP_009259458.1                                                   28.75%    passed     77.80%
 190  Viruses-Marseilleviridae-NA-NA-NA-Marseillevirus_marseillevirus_YP_003407153.1                                            4.69%    passed     24.58%
 191  Viruses-Marseilleviridae-NA-NA-NA-Melbournevirus_YP_009094883.1                                                           4.69%    passed     22.39%
 192  Viruses-Mimiviridae-NA-NA-NA-Cafeteria_roenbergensis_virus_YP_003970135.1                                                 4.69%    failed      0.03%
 193  Viruses-Mimiviridae-NA-NA-NA-Megavirus_chiliensis_YP_004894431.1                                                          5.31%    failed      0.11%
 194  Viruses-Mimiviridae-NA-NA-NA-Moumouvirus_YP_007354284.1                                                                   5.31%    failed      4.14%
 195  Viruses-Myoviridae-NA-NA-NA-Bacillus_virus_Shbh1_YP_009275258.1                                                          30.31%    passed     66.71%
 196  Viruses-Myoviridae-NA-NA-NA-Deepsea_thermophilic_phage_D6E_YP_007010969.1                                                33.44%    passed     92.83%
 197  Viruses-Myoviridae-NA-NA-NA-Pseudomonas_phage_PhiPA3_YP_009217085.1                                                      76.56%    passed     90.07%
 198  Viruses-Myoviridae-NA-NA-NA-Ralstonia_virus_RSL2_YP_009212922.1                                                          73.12%    passed     62.11%
 199  Viruses-NA-NA-NA-NA-Apis_mellifera_filamentous_virus_YP_009165778.1                                                       5.94%    passed     21.09%
 200  Viruses-NA-NA-NA-NA-Kaumoebavirus_YP_009352717.1                                                                         75.62%    passed     73.38%
 201  Viruses-NA-NA-NA-NA-Pacmanvirus_A23_YP_009361747.1                                                                        4.06%    passed     11.43%
 202  Viruses-NA-NA-NA-NA-Pandoravirus_salinus_YP_008437181.2                                                                  75.62%    passed     38.00%
 203  Viruses-Nimaviridae-NA-NA-NA-White_spot_syndrome_virus_YP_009220493.1                                                    28.75%    passed     99.74%
 204  Viruses-Nudiviridae-NA-NA-NA-Heliothis_zea_nudivirus_YP_004956783.1                                                      28.75%    passed     70.33%
 205  Viruses-Nudiviridae-NA-NA-NA-Heliothis_zea_nudivirus_YP_004956859.1                                                      75.62%    passed     21.59%
 206  Viruses-Nudiviridae-NA-NA-NA-Oryctes_rhinoceros_nudivirus_YP_002321317.1                                                 24.69%    passed     75.37%
 207  Viruses-Phycodnaviridae-NA-NA-NA-Chrysochromulina_ericina_virus_YP_009173602.1                                           76.25%    failed      3.92%
 208  Viruses-Phycodnaviridae-NA-NA-NA-Emiliania_huxleyi_virus_86_YP_293867.1                                                   5.31%    passed     87.72%
 209  Viruses-Phycodnaviridae-NA-NA-NA-Phaeocystis_globosa_virus_YP_008052655.1                                                25.00%    passed      8.39%
 210  Viruses-Podoviridae-NA-NA-NA-Acinetobacter_phage_Presley_YP_009007629.1                                                  28.75%    passed     38.49%
 211  Viruses-Podoviridae-NA-NA-NA-Delftia_phage_RG2014_YP_009351922.1                                                         32.81%    passed     24.11%
 212  Viruses-Poxviridae-NA-NA-NA-Melanoplus_sanguinipes_entomopoxvirus_NP_048309.1                                            28.44%    failed      0.70%
 213  Viruses-Siphoviridae-NA-NA-NA-Arthrobacter_virus_Circum_YP_009603175.1                                                   32.81%    passed     50.05%
 214  Viruses-Siphoviridae-NA-NA-NA-Bacteroides_phage_B408_YP_002221554.1                                                      33.44%    passed     72.17%
 215  Viruses-Siphoviridae-NA-NA-NA-Staphylococcus_phage_SPbetalike_YP_009226830.1                                             76.25%    passed     34.62%
WARNING: 71 sequences contain more than 50% gaps/ambiguity
****  TOTAL                                                                                                                    37.82%  11 sequences failed composition chi2 test (p-value<5%; df=19)
NOTE: Eukaryota-Amoebozoa-NA-NA-Paramoebidae-Stygamoeba_regulata_MMETSP0447_c5970_g1_i2.p1 is identical to Eukaryota-Amoebozoa-NA-NA-Paramoebidae-Mayorella_sp_MMETSP0417_c1008_g1_i1.p1 but kept for subsequent analysis


Create initial parsimony tree by phylogenetic likelihood library (PLL)... 0.184 seconds
NOTE: ModelFinder requires 115 MB RAM!
ModelFinder will test 546 protein models (sample size: 320) ...
 No. Model         -LnL         df  AIC          AICc         BIC
Measuring multi-threading efficiency up to 2 CPU cores
Increase to 10 rounds for branch lengths
3 trees examined
Threads: 1 / Time: 2.357 sec / Speedup: 1.000 / Efficiency: 100% / LogL: -58584
Threads: 2 / Time: 1.371 sec / Speedup: 1.719 / Efficiency: 86% / LogL: -58584
BEST NUMBER OF THREADS: 2

  1  Dayhoff       46935.962    427 94725.924    460237.924   96334.997
  2  Dayhoff+I     46915.228    428 94686.457    461910.457   96299.298
  3  Dayhoff+G4    43724.855    428 88305.710    455529.710   89918.552
  4  Dayhoff+I+G4  43724.753    429 88307.506    457247.506   89924.116
  5  Dayhoff+R2    44425.661    429 89709.323    458649.323   91325.932
  6  Dayhoff+R3    43866.327    431 88594.654    460978.654   90218.800
  7  Dayhoff+R4    43721.390    433 88308.780    464152.780   89940.462
  8  Dayhoff+R5    43661.462    435 88192.925    467512.925   89832.144
  9  Dayhoff+R6    43632.584    437 88139.168    470951.168   89785.925
 10  Dayhoff+R7    43626.099    439 88130.198    474450.198   89784.491
 11  Dayhoff+R8    43621.295    441 88124.590    477968.590   89786.419
 14  Dayhoff+F     46752.672    446 94397.344    493121.344   96078.015
 15  Dayhoff+F+I   46724.304    447 94342.608    494854.608   96027.047
 16  Dayhoff+F+G4  43616.846    447 88127.692    488639.692   89812.132
 17  Dayhoff+F+I+G4 43616.795    448 88129.591    490433.591   89817.799
 18  Dayhoff+F+R2  44300.454    448 89496.908    491800.908   91185.116
 19  Dayhoff+F+R3  43740.642    450 88381.284    494281.284   90077.028
 20  Dayhoff+F+R4  43608.742    452 88121.484    497633.484   89824.765
 21  Dayhoff+F+R5  43546.326    454 88000.652    501140.652   89711.469
 22  Dayhoff+F+R6  43530.084    456 87972.169    504756.169   89690.523
 23  Dayhoff+F+R7  43521.299    458 87958.598    508402.598   89684.489
 24  Dayhoff+F+R8  43516.496    460 87952.992    512072.992   89686.420
 27  mtMAM         52711.143    427 106276.287   471788.287   107885.360
 28  mtMAM+I       52649.795    428 106155.589   473379.589   107768.430
 29  mtMAM+G4      46428.613    428 93713.226    460937.226   95326.068
 30  mtMAM+I+G4    46428.582    429 93715.164    462655.164   95331.773
 31  mtMAM+R2      48005.855    429 96869.711    465809.711   98486.320
 32  mtMAM+R3      47004.252    431 94870.504    467254.504   96494.650
 33  mtMAM+R4      46711.760    433 94289.521    470133.521   95921.204
 34  mtMAM+R5      46533.392    435 93936.783    473256.783   95576.003
 35  mtMAM+R6      46378.890    437 93631.780    476443.780   95278.537
 36  mtMAM+R7      46316.149    439 93510.298    479830.298   95164.591
 37  mtMAM+R8      46272.677    441 93427.353    483271.353   95089.183
 38  mtMAM+R9      46225.041    443 93336.082    486720.082   95005.448
 39  mtMAM+R10     46204.124    445 93298.248    490238.248   94975.151
 40  mtMAM+F       50386.077    446 101664.154   500388.154   103344.825
 41  mtMAM+F+I     50329.540    447 101553.080   502065.080   103237.520
 42  mtMAM+F+G4    45201.188    447 91296.377    491808.377   92980.816
 43  mtMAM+F+I+G4  45201.008    448 91298.017    493602.017   92986.225
 44  mtMAM+F+R2    46397.394    448 93690.788    495994.788   95378.996
 45  mtMAM+F+R3    45592.670    450 92085.341    497985.341   93781.085
 46  mtMAM+F+R4    45362.304    452 91628.608    501140.608   93331.889
 47  mtMAM+F+R5    45216.602    454 91341.204    504481.204   93052.021
 48  mtMAM+F+R6    45109.684    456 91131.369    507915.369   92849.723
 49  mtMAM+F+R7    45065.086    458 91046.171    511490.171   92772.062
 50  mtMAM+F+R8    45042.057    460 91004.113    515124.113   92737.541
 51  mtMAM+F+R9    45028.006    462 90980.012    518792.012   92720.976
 52  mtMAM+F+R10   45015.643    464 90959.285    522479.285   92707.786
 53  JTT           46671.840    427 94197.679    459709.679   95806.752
 54  JTT+I         46632.101    428 94120.202    461344.202   95733.043
 55  JTT+G4        43421.269    428 87698.537    454922.537   89311.378
 56  JTT+I+G4      43421.205    429 87700.409    456640.409   89317.019
 57  JTT+R2        44155.347    429 89168.695    458108.695   90785.305
 58  JTT+R3        43561.358    431 87984.715    460368.715   89608.862
 59  JTT+R4        43416.439    433 87698.877    463542.877   89330.560
 60  JTT+R5        43357.083    435 87584.166    466904.166   89223.386
 61  JTT+R6        43338.945    437 87551.890    470363.890   89198.646
 62  JTT+R7        43328.711    439 87535.423    473855.423   89189.716
 63  JTT+R8        43320.588    441 87523.176    477367.176   89185.006
 64  JTT+R9        43314.663    443 87515.327    480899.327   89184.693
 65  JTT+R10       43310.427    445 87510.854    484450.854   89187.757
 66  JTT+F         46685.997    446 94263.995    492987.995   95944.666
 67  JTT+F+I       46641.676    447 94177.353    494689.353   95861.792
 68  JTT+F+G4      43464.059    447 87822.119    488334.119   89506.558
 69  JTT+F+I+G4    43463.721    448 87823.442    490127.442   89511.650
 70  JTT+F+R2      44190.134    448 89276.268    491580.268   90964.475
 71  JTT+F+R3      43599.191    450 88098.381    493998.381   89794.126
 72  JTT+F+R4      43461.608    452 87827.217    497339.217   89530.498
 73  JTT+F+R5      43398.651    454 87705.302    500845.302   89416.120
 74  JTT+F+R6      43383.961    456 87679.921    504463.921   89398.276
 75  JTT+F+R7      43376.393    458 87668.787    508112.787   89394.678
 76  JTT+F+R8      43369.650    460 87659.299    511779.299   89392.727
 77  JTT+F+R9      43364.841    462 87653.683    515465.683   89394.647
 79  WAG           45614.501    427 92083.002    457595.002   93692.075
 80  WAG+I         45572.848    428 92001.696    459225.696   93614.538
 81  WAG+G4        42788.026    428 86432.053    453656.053   88044.894
 82  WAG+I+G4      42787.920    429 86433.840    455373.840   88050.450
 83  WAG+R2        43418.737    429 87695.473    456635.473   89312.083
 84  WAG+R3        42875.284    431 86612.568    458996.568   88236.714
 85  WAG+R4        42765.266    433 86396.531    462240.531   88028.214
 86  WAG+R5        42730.085    435 86330.170    465650.170   87969.390
 87  WAG+R6        42707.141    437 86288.282    469100.282   87935.038
 88  WAG+R7        42697.256    439 86272.511    472592.511   87926.804
 89  WAG+R8        42693.648    441 86269.297    476113.297   87931.126
 92  WAG+F         45642.974    446 92177.949    490901.949   93858.620
 93  WAG+F+I       45595.140    447 92084.280    492596.280   93768.720
 94  WAG+F+G4      42792.857    447 86479.714    486991.714   88164.153
 95  WAG+F+I+G4    42791.638    448 86479.277    488783.277   88167.484
 96  WAG+F+R2      43426.886    448 87749.773    490053.773   89437.981
 97  WAG+F+R3      42877.261    450 86654.522    492554.522   88350.266
 98  WAG+F+R4      42770.107    452 86444.215    495956.215   88147.496
 99  WAG+F+R5      42733.878    454 86375.757    499515.757   88086.575
100  WAG+F+R6      42716.428    456 86344.857    503128.857   88063.211
101  WAG+F+R7      42705.637    458 86327.273    506771.273   88053.164
102  WAG+F+R8      42703.205    460 86326.410    510446.410   88059.838
105  cpREV         45890.219    427 92634.438    458146.438   94243.511
106  cpREV+I       45833.094    428 92522.188    459746.188   94135.030
107  cpREV+G4      43067.631    428 86991.261    454215.261   88604.103
108  cpREV+I+G4    43065.070    429 86988.140    455928.140   88604.749
109  cpREV+R2      43708.603    429 88275.206    457215.206   89891.815
110  cpREV+R3      43210.133    431 87282.267    459666.267   88906.413
111  cpREV+R4      43074.449    433 87014.898    462858.898   88646.581
112  cpREV+R5      43036.855    435 86943.710    466263.710   88582.929
113  cpREV+R6      43013.696    437 86901.392    469713.392   88548.149
114  cpREV+R7      43006.167    439 86890.333    473210.333   88544.626
115  cpREV+R8      42999.391    441 86880.783    476724.783   88542.612
116  cpREV+R9      42993.935    443 86873.870    480257.870   88543.236
118  cpREV+F       45751.544    446 92395.087    491119.087   94075.759
119  cpREV+F+I     45695.096    447 92284.193    492796.193   93968.632
120  cpREV+F+G4    42976.067    447 86846.135    487358.135   88530.574
121  cpREV+F+I+G4  42973.854    448 86843.708    489147.708   88531.916
122  cpREV+F+R2    43610.506    448 88117.011    490421.011   89805.219
123  cpREV+F+R3    43121.534    450 87143.067    493043.067   88838.812
124  cpREV+F+R4    42985.901    452 86875.802    496387.802   88579.083
125  cpREV+F+R5    42947.589    454 86803.178    499943.178   88513.996
126  cpREV+F+R6    42924.672    456 86761.344    503545.344   88479.698
127  cpREV+F+R7    42918.272    458 86752.545    507196.545   88478.436
128  cpREV+F+R8    42912.628    460 86745.256    510865.256   88478.684
131  mtREV         49680.163    427 100214.327   465726.327   101823.400
132  mtREV+I       49624.128    428 100104.255   467328.255   101717.097
133  mtREV+G4      45265.830    428 91387.660    458611.660   93000.501
134  mtREV+I+G4    45265.626    429 91389.252    460329.252   93005.862
135  mtREV+R2      46298.792    429 93455.583    462395.583   95072.193
136  mtREV+R3      45537.483    431 91936.966    464320.966   93561.113
137  mtREV+R4      45409.669    433 91685.337    467529.337   93317.020
138  mtREV+R5      45283.974    435 91437.947    470757.947   93077.167
139  mtREV+R6      45172.407    437 91218.814    474030.814   92865.570
140  mtREV+R7      45133.081    439 91144.162    477464.162   92798.455
141  mtREV+R8      45121.129    441 91124.257    480968.257   92786.087
142  mtREV+R9      45115.210    443 91116.419    484500.419   92785.786
143  mtREV+R10     45112.981    445 91115.961    488055.961   92792.864
144  mtREV+F       47607.273    446 96106.547    494830.547   97787.218
145  mtREV+F+I     47558.078    447 96010.155    496522.155   97694.595
146  mtREV+F+G4    43833.915    447 88561.830    489073.830   90246.269
147  mtREV+F+I+G4  43833.441    448 88562.882    490866.882   90251.090
148  mtREV+F+R2    44706.431    448 90308.862    492612.862   91997.070
149  mtREV+F+R3    44051.612    450 89003.224    494903.224   90698.968
150  mtREV+F+R4    43906.282    452 88716.563    498228.563   90419.844
151  mtREV+F+R5    43805.603    454 88519.207    501659.207   90230.025
152  mtREV+F+R6    43747.570    456 88407.140    505191.140   90125.495
153  mtREV+F+R7    43732.154    458 88380.308    508824.308   90106.199
154  mtREV+F+R8    43725.346    460 88370.691    512490.691   90104.119
155  mtREV+F+R9    43721.284    462 88366.568    516178.568   90107.532
157  rtREV         46043.509    427 92941.018    458453.018   94550.091
158  rtREV+I       45981.059    428 92818.118    460042.118   94430.959
159  rtREV+G4      42868.604    428 86593.207    453817.207   88206.049
160  rtREV+I+G4    42865.927    429 86589.853    455529.853   88206.463
161  rtREV+R2      43611.848    429 88081.695    457021.695   89698.305
162  rtREV+R3      42993.538    431 86849.077    459233.077   88473.223
163  rtREV+R4      42874.862    433 86615.724    462459.724   88247.407
164  rtREV+R5      42811.177    435 86492.354    465812.354   88131.574
165  rtREV+R6      42788.621    437 86451.242    469263.242   88097.999
166  rtREV+R7      42779.657    439 86437.314    472757.314   88091.607
167  rtREV+R8      42775.939    441 86433.878    476277.878   88095.708
170  rtREV+F       46068.050    446 93028.100    491752.100   94708.771
171  rtREV+F+I     45996.892    447 92887.783    493399.783   94572.223
172  rtREV+F+G4    42783.212    447 86460.424    486972.424   88144.864
173  rtREV+F+I+G4  42779.468    448 86454.937    488758.937   88143.144
174  rtREV+F+R2    43543.831    448 87983.661    490287.661   89671.869
175  rtREV+F+R3    42909.632    450 86719.264    492619.264   88415.009
176  rtREV+F+R4    42796.491    452 86496.981    496008.981   88200.262
177  rtREV+F+R5    42721.622    454 86351.245    499491.245   88062.062
178  rtREV+F+R6    42702.141    456 86316.281    503100.281   88034.636
179  rtREV+F+R7    42695.668    458 86307.337    506751.337   88033.228
180  rtREV+F+R8    42692.470    460 86304.941    510424.941   88038.368
183  mtART         51330.070    427 103514.139   469026.139   105123.212
184  mtART+I       51223.657    428 103303.315   470527.315   104916.156
185  mtART+G4      45494.920    428 91845.840    459069.840   93458.681
186  mtART+I+G4    45488.884    429 91835.769    460775.769   93452.379
187  mtART+R2      46813.924    429 94485.849    463425.849   96102.458
188  mtART+R3      45951.370    431 92764.740    465148.740   94388.886
189  mtART+R4      45753.335    433 92372.670    468216.670   94004.353
190  mtART+R5      45588.795    435 92047.589    471367.589   93686.809
191  mtART+R6      45455.324    437 91784.648    474596.648   93431.404
192  mtART+R7      45380.067    439 91638.135    477958.135   93292.428
193  mtART+R8      45366.911    441 91615.822    481459.822   93277.652
194  mtART+R9      45339.956    443 91565.912    484949.912   93235.279
195  mtART+R10     45292.374    445 91474.747    488414.747   93151.650
196  mtART+F       48965.176    446 98822.351    497546.351   100503.022
197  mtART+F+I     48882.303    447 98658.607    499170.607   100343.046
198  mtART+F+G4    44174.932    447 89243.865    489755.865   90928.304
199  mtART+F+I+G4  44170.078    448 89236.157    491540.157   90924.365
200  mtART+F+R2    45233.048    448 91362.096    493666.096   93050.304
201  mtART+F+R3    44517.327    450 89934.653    495834.653   91630.398
202  mtART+F+R4    44350.374    452 89604.749    499116.749   91308.030
203  mtART+F+R5    44237.572    454 89383.144    502523.144   91093.962
204  mtART+F+R6    44126.578    456 89165.157    505949.157   90883.511
205  mtART+F+R7    44065.320    458 89046.640    509490.640   90772.531
206  mtART+F+R8    44048.194    460 89016.387    513136.387   90749.815
207  mtART+F+R9    44023.578    462 88971.156    516783.156   90712.121
208  mtART+F+R10   43993.643    464 88915.287    520435.287   90663.788
209  mtZOA         49468.608    427 99791.216    465303.216   101400.289
210  mtZOA+I       49377.199    428 99610.398    466834.398   101223.240
211  mtZOA+G4      44392.662    428 89641.324    456865.324   91254.165
212  mtZOA+I+G4    44388.103    429 89634.205    458574.205   91250.815
213  mtZOA+R2      45493.497    429 91844.994    460784.994   93461.604
214  mtZOA+R3      44769.108    431 90400.216    462784.216   92024.362
215  mtZOA+R4      44596.682    433 90059.364    465903.364   91691.047
216  mtZOA+R5      44456.906    435 89783.813    469103.813   91423.032
217  mtZOA+R6      44347.641    437 89569.282    472381.282   91216.038
218  mtZOA+R7      44298.081    439 89474.162    475794.162   91128.454
219  mtZOA+R8      44281.359    441 89444.718    479288.718   91106.547
220  mtZOA+R9      44254.975    443 89395.951    482779.951   91065.317
221  mtZOA+R10     44228.651    445 89347.302    486287.302   91024.205
222  mtZOA+F       47646.568    446 96185.136    494909.136   97865.807
223  mtZOA+F+I     47573.174    447 96040.348    496552.348   97724.787
224  mtZOA+F+G4    43535.702    447 87965.404    488477.404   89649.843
225  mtZOA+F+I+G4  43531.421    448 87958.841    490262.841   89647.049
226  mtZOA+F+R2    44448.708    448 89793.415    492097.415   91481.623
227  mtZOA+F+R3    43808.540    450 88517.079    494417.079   90212.824
228  mtZOA+F+R4    43650.152    452 88204.304    497716.304   89907.585
229  mtZOA+F+R5    43535.878    454 87979.757    501119.757   89690.574
230  mtZOA+F+R6    43448.213    456 87808.425    504592.425   89526.779
231  mtZOA+F+R7    43410.711    458 87737.423    508181.423   89463.314
232  mtZOA+F+R8    43402.921    460 87725.842    511845.842   89459.270
233  mtZOA+F+R9    43393.292    462 87710.584    515522.584   89451.548
234  mtZOA+F+R10   43382.019    464 87692.038    519212.038   89440.539
235  VT            45725.289    427 92304.579    457816.579   93913.652
236  VT+I          45674.213    428 92204.425    459428.425   93817.267
237  VT+G4         42878.466    428 86612.933    453836.933   88225.774
238  VT+I+G4       42877.372    429 86612.745    455552.745   88229.355
239  VT+R2         43505.957    429 87869.914    456809.914   89486.524
240  VT+R3         42954.033    431 86770.066    459154.066   88394.212
241  VT+R4         42854.245    433 86574.490    462418.490   88206.173
242  VT+R5         42815.706    435 86501.411    465821.411   88140.631
243  VT+R6         42801.922    437 86477.845    469289.845   88124.601
244  VT+R7         42792.721    439 86463.441    472783.441   88117.734
245  VT+R8         42789.741    441 86461.481    476305.481   88123.311
248  VT+F          45798.159    446 92488.318    491212.318   94168.989
249  VT+F+I        45741.997    447 92377.994    492889.994   94062.433
250  VT+F+G4       42952.516    447 86799.033    487311.033   88483.472
251  VT+F+I+G4     42951.151    448 86798.302    489102.302   88486.510
252  VT+F+R2       43587.666    448 88071.333    490375.333   89759.541
253  VT+F+R3       43025.780    450 86951.559    492851.559   88647.304
254  VT+F+R4       42934.237    452 86772.475    496284.475   88475.756
255  VT+F+R5       42892.093    454 86692.186    499832.186   88403.004
256  VT+F+R6       42879.275    456 86670.551    503454.551   88388.905
257  VT+F+R7       42871.663    458 86659.327    507103.327   88385.218
258  VT+F+R8       42869.374    460 86658.748    510778.748   88392.175
261  LG            45712.346    427 92278.691    457790.691   93887.765
262  LG+I          45652.582    428 92161.165    459385.165   93774.006
263  LG+G4         42456.955    428 85769.911    452993.911   87382.752
264  LG+I+G4       42455.118    429 85768.235    454708.235   87384.845
265  LG+R2         43201.649    429 87261.297    456201.297   88877.907
266  LG+R3         42576.203    431 86014.407    458398.407   87638.553
267  LG+R4         42469.268    433 85804.535    461648.535   87436.218
268  LG+R5         42396.903    435 85663.806    464983.806   87303.026
269  LG+R6         42374.076    437 85622.151    468434.151   87268.908
270  LG+R7         42364.129    439 85606.258    471926.258   87260.551
271  LG+R8         42359.984    441 85601.967    475445.967   87263.797
274  LG+F          45896.139    446 92684.277    491408.277   94364.948
275  LG+F+I        45830.599    447 92555.199    493067.199   94239.638
276  LG+F+G4       42595.964    447 86085.929    486597.929   87770.368
277  LG+F+I+G4     42594.019    448 86084.038    488388.038   87772.245
278  LG+F+R2       43340.082    448 87576.164    489880.164   89264.372
279  LG+F+R3       42715.050    450 86330.099    492230.099   88025.844
280  LG+F+R4       42612.726    452 86129.451    495641.451   87832.732
281  LG+F+R5       42537.830    454 85983.661    499123.661   87694.479
282  LG+F+R6       42511.506    456 85935.012    502719.012   87653.367
283  LG+F+R7       42505.925    458 85927.850    506371.850   87653.741
287  DCMut         46931.942    427 94717.884    460229.884   96326.957
288  DCMut+I       46911.133    428 94678.266    461902.266   96291.108
289  DCMut+G4      43724.661    428 88305.322    455529.322   89918.164
290  DCMut+I+G4    43724.661    429 88307.323    457247.323   89923.933
291  DCMut+R2      44424.335    429 89706.669    458646.669   91323.279
292  DCMut+R3      43847.998    431 88557.996    460941.996   90182.143
293  DCMut+R4      43728.045    433 88322.091    464166.091   89953.774
294  DCMut+R5      43671.751    435 88213.503    467533.503   89852.722
295  DCMut+R6      43643.982    437 88161.965    470973.965   89808.721
296  DCMut+R7      43635.700    439 88149.401    474469.401   89803.694
297  DCMut+R8      43632.153    441 88146.306    477990.306   89808.136
300  DCMut+F       46749.272    446 94390.544    493114.544   96071.215
301  DCMut+F+I     46720.837    447 94335.675    494847.675   96020.114
302  DCMut+F+G4    43616.459    447 88126.917    488638.917   89811.357
303  DCMut+F+I+G4  43616.397    448 88128.794    490432.794   89817.002
304  DCMut+F+R2    44298.580    448 89493.159    491797.159   91181.367
305  DCMut+F+R3    43721.912    450 88343.824    494243.824   90039.568
306  DCMut+F+R4    43616.366    452 88136.732    497648.732   89840.013
307  DCMut+F+R5    43556.734    454 88021.467    501161.467   89732.285
308  DCMut+F+R6    43537.339    456 87986.677    504770.677   89705.032
309  DCMut+F+R7    43533.499    458 87982.997    508426.997   89708.888
313  PMB           45844.986    427 92543.973    458055.973   94153.046
314  PMB+I         45792.770    428 92441.540    459665.540   94054.381
315  PMB+G4        43021.443    428 86898.886    454122.886   88511.728
316  PMB+I+G4      43020.393    429 86898.786    455838.786   88515.395
317  PMB+R2        43645.368    429 88148.735    457088.735   89765.345
318  PMB+R3        43086.290    431 87034.580    459418.580   88658.726
319  PMB+R4        42992.161    433 86850.323    462694.323   88482.006
320  PMB+R5        42954.760    435 86779.520    466099.520   88418.740
321  PMB+R6        42941.695    437 86757.389    469569.389   88404.145
322  PMB+R7        42937.214    439 86752.427    473072.427   88406.720
326  PMB+F         46019.221    446 92930.442    491654.442   94611.113
327  PMB+F+I       45964.304    447 92822.607    493334.607   94507.047
328  PMB+F+G4      43178.742    447 87251.483    487763.483   88935.922
329  PMB+F+I+G4    43176.588    448 87249.177    489553.177   88937.385
330  PMB+F+R2      43806.780    448 88509.560    490813.560   90197.768
331  PMB+F+R3      43245.494    450 87390.987    493290.987   89086.732
332  PMB+F+R4      43151.577    452 87207.153    496719.153   88910.434
333  PMB+F+R5      43113.537    454 87135.075    500275.075   88845.893
334  PMB+F+R6      43099.863    456 87111.726    503895.726   88830.080
335  PMB+F+R7      43095.379    458 87106.758    507550.758   88832.649
339  HIVb          48511.410    427 97876.819    463388.819   99485.892
340  HIVb+I        48473.016    428 97802.033    465026.033   99414.874
341  HIVb+G4       44617.982    428 90091.965    457315.965   91704.806
342  HIVb+I+G4     44617.927    429 90093.854    459033.854   91710.464
343  HIVb+R2       45503.456    429 91864.911    460804.911   93481.521
344  HIVb+R3       44831.379    431 90524.758    462908.758   92148.905
345  HIVb+R4       44677.425    433 90220.849    466064.849   91852.532
346  HIVb+R5       44588.173    435 90046.346    469366.346   91685.566
347  HIVb+R6       44550.156    437 89974.312    472786.312   91621.068
348  HIVb+R7       44539.911    439 89957.823    476277.823   91612.115
349  HIVb+R8       44525.405    441 89932.809    479776.809   91594.639
350  HIVb+R9       44516.921    443 89919.842    483303.842   91589.208
351  HIVb+R10      44504.031    445 89898.062    486838.062   91574.965
352  HIVb+F        48636.576    446 98165.153    496889.153   99845.824
353  HIVb+F+I      48587.041    447 98068.081    498580.081   99752.521
354  HIVb+F+G4     44677.460    447 90248.920    490760.920   91933.359
355  HIVb+F+I+G4   44676.583    448 90249.167    492553.167   91937.375
356  HIVb+F+R2     45559.197    448 92014.393    494318.393   93702.601
357  HIVb+F+R3     44875.021    450 90650.042    496550.042   92345.787
358  HIVb+F+R4     44733.687    452 90371.375    499883.375   92074.656
359  HIVb+F+R5     44635.417    454 90178.834    503318.834   91889.652
360  HIVb+F+R6     44595.160    456 90102.319    506886.319   91820.674
361  HIVb+F+R7     44585.848    458 90087.696    510531.696   91813.587
362  HIVb+F+R8     44574.318    460 90068.635    514188.635   91802.063
363  HIVb+F+R9     44565.233    462 90054.465    517866.465   91795.429
364  HIVb+F+R10    44549.360    464 90026.719    521546.719   91775.220
365  HIVw          50538.428    427 101930.856   467442.856   103539.929
366  HIVw+I        50507.232    428 101870.463   469094.463   103483.305
367  HIVw+G4       46735.547    428 94327.094    461551.094   95939.935
368  HIVw+I+G4     46735.332    429 94328.665    463268.665   95945.274
369  HIVw+R2       47540.154    429 95938.308    464878.308   97554.917
370  HIVw+R3       46965.112    431 94792.224    467176.224   96416.371
371  HIVw+R4       46779.442    433 94424.883    470268.883   96056.566
372  HIVw+R5       46708.565    435 94287.130    473607.130   95926.350
373  HIVw+R6       46671.080    437 94216.160    477028.160   95862.916
374  HIVw+R7       46658.002    439 94194.005    480514.005   95848.298
375  HIVw+R8       46643.668    441 94169.337    484013.337   95831.166
376  HIVw+R9       46627.478    443 94140.956    487524.956   95810.322
377  HIVw+R10      46609.407    445 94108.814    491048.814   95785.716
378  HIVw+F        49980.256    446 100852.512   499576.512   102533.184
379  HIVw+F+I      49945.905    447 100785.809   501297.809   102470.249
380  HIVw+F+G4     46149.213    447 93192.425    493704.425   94876.865
381  HIVw+F+I+G4   46148.921    448 93193.841    495497.841   94882.049
382  HIVw+F+R2     46976.466    448 94848.933    497152.933   96537.140
383  HIVw+F+R3     46345.522    450 93591.044    499491.044   95286.789
384  HIVw+F+R4     46189.583    452 93283.165    502795.165   94986.446
385  HIVw+F+R5     46120.396    454 93148.793    506288.793   94859.611
386  HIVw+F+R6     46083.214    456 93078.427    509862.427   94796.782
387  HIVw+F+R7     46069.408    458 93054.817    513498.817   94780.708
388  HIVw+F+R8     46057.061    460 93034.122    517154.122   94767.549
389  HIVw+F+R9     46045.982    462 93015.963    520827.963   94756.928
390  HIVw+F+R10    46032.666    464 92993.333    524513.333   94741.834
391  JTTDCMut      46652.559    427 94159.118    459671.118   95768.191
392  JTTDCMut+I    46613.378    428 94082.757    461306.757   95695.598
393  JTTDCMut+G4   43419.944    428 87695.888    454919.888   89308.730
394  JTTDCMut+I+G4 43419.868    429 87697.736    456637.736   89314.346
395  JTTDCMut+R2   44148.069    429 89154.139    458094.139   90770.748
396  JTTDCMut+R3   43530.701    431 87923.402    460307.402   89547.549
397  JTTDCMut+R4   43420.140    433 87706.280    463550.280   89337.963
398  JTTDCMut+R5   43364.683    435 87599.366    466919.366   89238.586
399  JTTDCMut+R6   43344.420    437 87562.840    470374.840   89209.596
400  JTTDCMut+R7   43339.094    439 87556.189    473876.189   89210.481
404  JTTDCMut+F    46664.951    446 94221.902    492945.902   95902.573
405  JTTDCMut+F+I  46621.195    447 94136.390    494648.390   95820.830
406  JTTDCMut+F+G4 43458.365    447 87810.729    488322.729   89495.169
407  JTTDCMut+F+I+G4 43457.997    448 87811.994    490115.994   89500.202
408  JTTDCMut+F+R2 44181.169    448 89258.337    491562.337   90946.545
409  JTTDCMut+F+R3 43566.274    450 88032.548    493932.548   89728.293
410  JTTDCMut+F+R4 43463.677    452 87831.354    497343.354   89534.635
411  JTTDCMut+F+R5 43402.383    454 87712.766    500852.766   89423.583
412  JTTDCMut+F+R6 43383.202    456 87678.403    504462.403   89396.757
413  JTTDCMut+F+R7 43379.157    458 87674.313    508118.313   89400.205
417  FLU           47775.765    427 96405.529    461917.529   98014.602
418  FLU+I         47752.785    428 96361.570    463585.570   97974.412
419  FLU+G4        44286.596    428 89429.192    456653.192   91042.033
420  FLU+I+G4      44286.547    429 89431.094    458371.094   91047.704
421  FLU+R2        45045.618    429 90949.235    459889.235   92565.845
422  FLU+R3        44453.428    431 89768.856    462152.856   91393.002
423  FLU+R4        44324.721    433 89515.442    465359.442   91147.125
424  FLU+R5        44245.363    435 89360.727    468680.727   90999.947
425  FLU+R6        44221.562    437 89317.124    472129.124   90963.880
426  FLU+R7        44214.049    439 89306.099    475626.099   90960.391
427  FLU+R8        44205.147    441 89292.294    479136.294   90954.124
428  FLU+R9        44190.886    443 89267.772    482651.772   90937.138
429  FLU+R10       44180.427    445 89250.853    486190.853   90927.756
430  FLU+F         47838.634    446 96569.268    495293.268   98249.939
431  FLU+F+I       47808.617    447 96511.234    497023.234   98195.674
432  FLU+F+G4      44260.588    447 89415.177    489927.177   91099.616
433  FLU+F+I+G4    44260.545    448 89417.091    491721.091   91105.299
434  FLU+F+R2      45041.403    448 90978.807    493282.807   92667.015
435  FLU+F+R3      44437.902    450 89775.805    495675.805   91471.549
436  FLU+F+R4      44322.331    452 89548.663    499060.663   91251.944
437  FLU+F+R5      44239.884    454 89387.768    502527.768   91098.585
438  FLU+F+R6      44195.507    456 89303.014    506087.014   91021.369
439  FLU+F+R7      44184.992    458 89285.985    509729.985   91011.876
440  FLU+F+R8      44172.478    460 89264.957    513384.957   90998.385
441  FLU+F+R9      44162.746    462 89249.492    517061.492   90990.456
442  FLU+F+R10     44156.390    464 89240.780    520760.780   90989.280
443  Blosum62      45673.536    427 92201.072    457713.072   93810.146
444  Blosum62+I    45622.626    428 92101.252    459325.252   93714.094
445  Blosum62+G4   42858.710    428 86573.419    453797.419   88186.261
446  Blosum62+I+G4 42856.935    429 86571.871    455511.871   88188.481
447  Blosum62+R2   43486.190    429 87830.379    456770.379   89446.989
448  Blosum62+R3   42928.210    431 86718.420    459102.420   88342.566
449  Blosum62+R4   42824.930    433 86515.861    462359.861   88147.544
450  Blosum62+R5   42788.913    435 86447.827    465767.827   88087.046
451  Blosum62+R6   42778.953    437 86431.906    469243.906   88078.662
452  Blosum62+R7   42774.161    439 86426.323    472746.323   88080.616
456  Blosum62+F    45862.067    446 92616.134    491340.134   94296.805
457  Blosum62+F+I  45808.826    447 92511.653    493023.653   94196.092
458  Blosum62+F+G4 43047.028    447 86988.056    487500.056   88672.495
459  Blosum62+F+I+G4 43045.036    448 86986.072    489290.072   88674.280
460  Blosum62+F+R2 43675.077    448 88246.153    490550.153   89934.361
461  Blosum62+F+R3 43118.044    450 87136.087    493036.087   88831.832
462  Blosum62+F+R4 43012.194    452 86928.388    496440.388   88631.669
463  Blosum62+F+R5 42978.249    454 86864.497    500004.497   88575.315
464  Blosum62+F+R6 42969.138    456 86850.276    503634.276   88568.630
465  Blosum62+F+R7 42964.749    458 86845.498    507289.498   88571.389
469  mtMet         49714.266    427 100282.531   465794.531   101891.605
470  mtMet+I       49642.071    428 100140.142   467364.142   101752.983
471  mtMet+G4      45129.844    428 91115.688    458339.688   92728.529
472  mtMet+I+G4    45127.488    429 91112.976    460052.976   92729.586
473  mtMet+R2      46162.298    429 93182.597    462122.597   94799.206
474  mtMet+R3      45427.881    431 91717.762    464101.762   93341.908
475  mtMet+R4      45262.143    433 91390.285    467234.285   93021.968
476  mtMet+R5      45160.013    435 91190.026    470510.026   92829.246
477  mtMet+R6      45085.975    437 91045.950    473857.950   92692.706
478  mtMet+R7      45065.681    439 91009.362    477329.362   92663.655
479  mtMet+R8      45034.101    441 90950.203    480794.203   92612.032
480  mtMet+R9      45008.455    443 90902.909    484286.909   92572.275
481  mtMet+R10     44995.247    445 90880.495    487820.495   92557.398
482  mtMet+F       47815.429    446 96522.858    495246.858   98203.530
483  mtMet+F+I     47755.299    447 96404.597    496916.597   98089.037
484  mtMet+F+G4    43901.662    447 88697.324    489209.324   90381.763
485  mtMet+F+I+G4  43900.075    448 88696.149    491000.149   90384.357
486  mtMet+F+R2    44812.417    448 90520.834    492824.834   92209.042
487  mtMet+F+R3    44117.223    450 89134.445    495034.445   90830.190
488  mtMet+F+R4    43990.482    452 88884.963    498396.963   90588.244
489  mtMet+F+R5    43903.618    454 88715.237    501855.237   90426.054
490  mtMet+F+R6    43844.389    456 88600.778    505384.778   90319.133
491  mtMet+F+R7    43828.899    458 88573.797    509017.797   90299.688
492  mtMet+F+R8    43805.447    460 88530.893    512650.893   90264.321
493  mtMet+F+R9    43790.361    462 88504.722    516316.722   90245.686
494  mtMet+F+R10   43784.701    464 88497.402    520017.402   90245.903
495  mtVer         50894.480    427 102642.960   468154.960   104252.033
496  mtVer+I       50837.248    428 102530.495   469754.495   104143.337
497  mtVer+G4      45847.153    428 92550.307    459774.307   94163.148
498  mtVer+I+G4    45846.478    429 92550.955    461490.955   94167.565
499  mtVer+R2      47008.285    429 94874.570    463814.570   96491.180
500  mtVer+R3      46210.107    431 93282.214    465666.214   94906.360
501  mtVer+R4      46055.566    433 92977.131    468821.131   94608.814
502  mtVer+R5      45923.898    435 92717.795    472037.795   94357.015
503  mtVer+R6      45833.436    437 92540.872    475352.872   94187.628
504  mtVer+R7      45809.970    439 92497.940    478817.940   94152.233
505  mtVer+R8      45778.896    441 92439.792    482283.792   94101.622
506  mtVer+R9      45740.569    443 92367.138    485751.138   94036.504
507  mtVer+R10     45716.858    445 92323.715    489263.715   94000.618
508  mtVer+F       49023.481    446 98938.961    497662.961   100619.632
509  mtVer+F+I     48961.645    447 98817.289    499329.289   100501.729
510  mtVer+F+G4    44787.987    447 90469.973    490981.973   92154.413
511  mtVer+F+I+G4  44786.142    448 90468.284    492772.284   92156.492
512  mtVer+F+R2    45786.988    448 92469.976    494773.976   94158.184
513  mtVer+F+R3    45018.224    450 90936.449    496836.449   92632.193
514  mtVer+F+R4    44896.507    452 90697.015    500209.015   92400.296
515  mtVer+F+R5    44808.298    454 90524.595    503664.595   92235.413
516  mtVer+F+R6    44748.771    456 90409.543    507193.543   92127.897
517  mtVer+F+R7    44731.625    458 90379.249    510823.249   92105.140
518  mtVer+F+R8    44704.397    460 90328.793    514448.793   92062.221
519  mtVer+F+R9    44680.652    462 90285.303    518097.303   92026.267
520  mtVer+F+R10   44668.462    464 90264.924    521784.924   92013.425
521  mtInv         49322.455    427 99498.911    465010.911   101107.984
522  mtInv+I       49243.771    428 99343.543    466567.543   100956.384
523  mtInv+G4      45117.507    428 91091.015    458315.015   92703.856
524  mtInv+I+G4    45113.830    429 91085.660    460025.660   92702.269
525  mtInv+R2      46051.559    429 92961.117    461901.117   94577.727
526  mtInv+R3      45348.956    431 91559.912    463943.912   93184.058
527  mtInv+R4      45196.371    433 91258.743    467102.743   92890.426
528  mtInv+R5      45111.216    435 91092.432    470412.432   92731.652
529  mtInv+R6      45053.010    437 90980.021    473792.021   92626.777
530  mtInv+R7      45036.645    439 90951.290    477271.290   92605.583
531  mtInv+R8      45015.131    441 90912.261    480756.261   92574.091
532  mtInv+R9      44996.853    443 90879.706    484263.706   92549.072
533  mtInv+R10     44992.228    445 90874.455    487814.455   92551.358
534  mtInv+F       47047.174    446 94986.347    493710.347   96667.018
535  mtInv+F+I     46985.204    447 94864.408    495376.408   96548.847
536  mtInv+F+G4    43489.813    447 87873.626    488385.626   89558.065
537  mtInv+F+I+G4  43487.695    448 87871.390    490175.390   89559.598
538  mtInv+F+R2    44317.218    448 89530.436    491834.436   91218.644
539  mtInv+F+R3    43652.312    450 88204.625    494104.625   89900.369
540  mtInv+F+R4    43544.273    452 87992.545    497504.545   89695.826
541  mtInv+F+R5    43461.099    454 87830.197    500970.197   89541.015
542  mtInv+F+R6    43413.430    456 87738.861    504522.861   89457.215
543  mtInv+F+R7    43402.781    458 87721.562    508165.562   89447.453
544  mtInv+F+R8    43390.146    460 87700.292    511820.292   89433.720
545  mtInv+F+R9    43384.099    462 87692.198    515504.198   89433.162
546  mtInv+F+R10   43381.205    464 87690.410    519210.410   89438.911
Akaike Information Criterion:           LG+R8
Corrected Akaike Information Criterion: LG+G4
Bayesian Information Criterion:         LG+R7
Best-fit model: LG+R7 chosen according to BIC

All model information printed to K13998.blastp_ALL.outfmt6.parsed.filtered.uniq.faa.mafft.aln.trimal1.model.gz
CPU time for ModelFinder: 5426.503 seconds (1h:30m:26s)
Wall-clock time for ModelFinder: 2134.621 seconds (0h:35m:34s)
Generating 2000 samples for ultrafast bootstrap (seed: 595470)...

NOTE: 81 MB RAM (0 GB) is required!
Measuring multi-threading efficiency up to 2 CPU cores
8 trees examined
Threads: 1 / Time: 2.176 sec / Speedup: 1.000 / Efficiency: 100% / LogL: -51567
Threads: 2 / Time: 1.198 sec / Speedup: 1.817 / Efficiency: 91% / LogL: -51567
BEST NUMBER OF THREADS: 2

Estimate model parameters (epsilon = 0.100)
1. Initial log-likelihood: -42371.713
2. Current log-likelihood: -42354.699
3. Current log-likelihood: -42353.542
4. Current log-likelihood: -42353.316
Optimal log-likelihood: -42353.173
Site proportion and rates:  (0.207,0.082) (0.137,0.265) (0.167,0.530) (0.117,0.773) (0.104,1.124) (0.157,1.880) (0.110,3.221)
Parameters optimization took 4 rounds (8.350 sec)
Computing ML distances based on estimated model parameters... 19.848 sec
WARNING: Some pairwise ML distances are too long (saturated)
Computing BIONJ tree...
0.025 seconds
Log-likelihood of BIONJ tree: -42495.077
--------------------------------------------------------------------
|             INITIALIZING CANDIDATE TREE SET                      |
--------------------------------------------------------------------
Generating 98 parsimony trees... 8.271 second
Computing log-likelihood of 98 initial trees ... 24.735 seconds
Current best score: -42069.796

Do NNI search on 20 best initial trees
Estimate model parameters (epsilon = 0.100)
BETTER TREE FOUND at iteration 1: -41898.870
Estimate model parameters (epsilon = 0.100)
BETTER TREE FOUND at iteration 2: -41878.487
Iteration 10 / LogL: -41937.217 / Time: 0h:2m:13s
Iteration 20 / LogL: -41898.925 / Time: 0h:3m:19s
Finish initializing candidate tree set (20)
Current best tree score: -41878.487 / CPU time: 174.328
Number of iterations: 20
--------------------------------------------------------------------
|               OPTIMIZING CANDIDATE TREE SET                      |
--------------------------------------------------------------------
Estimate model parameters (epsilon = 0.100)
BETTER TREE FOUND at iteration 21: -41840.812
Estimate model parameters (epsilon = 0.100)
BETTER TREE FOUND at iteration 24: -41822.217
Iteration 30 / LogL: -41826.427 / Time: 0h:4m:16s (0h:13m:52s left)
Estimate model parameters (epsilon = 0.100)
BETTER TREE FOUND at iteration 31: -41821.212
Estimate model parameters (epsilon = 0.100)
BETTER TREE FOUND at iteration 32: -41814.349
Estimate model parameters (epsilon = 0.100)
BETTER TREE FOUND at iteration 35: -41812.100
Estimate model parameters (epsilon = 0.100)
BETTER TREE FOUND at iteration 38: -41808.783
Iteration 40 / LogL: -41815.728 / Time: 0h:5m:16s (0h:13m:15s left)
Estimate model parameters (epsilon = 0.100)
BETTER TREE FOUND at iteration 45: -41799.285
Estimate model parameters (epsilon = 0.100)
BETTER TREE FOUND at iteration 47: -41790.430
Iteration 50 / LogL: -41804.198 / Time: 0h:6m:6s (0h:12m:4s left)
Log-likelihood cutoff on original alignment: -42055.712
Estimate model parameters (epsilon = 0.100)
BETTER TREE FOUND at iteration 53: -41787.917
Estimate model parameters (epsilon = 0.100)
BETTER TREE FOUND at iteration 54: -41776.783
Estimate model parameters (epsilon = 0.100)
BETTER TREE FOUND at iteration 58: -41768.513
Iteration 60 / LogL: -41781.168 / Time: 0h:7m:0s (0h:11m:38s left)
Estimate model parameters (epsilon = 0.100)
BETTER TREE FOUND at iteration 61: -41763.280
Estimate model parameters (epsilon = 0.100)
BETTER TREE FOUND at iteration 67: -41754.743
Estimate model parameters (epsilon = 0.100)
BETTER TREE FOUND at iteration 69: -41738.651
Iteration 70 / LogL: -41762.481 / Time: 0h:7m:55s (0h:11m:22s left)
Estimate model parameters (epsilon = 0.100)
BETTER TREE FOUND at iteration 76: -41718.465
Iteration 80 / LogL: -41735.368 / Time: 0h:8m:39s (0h:10m:30s left)
Iteration 90 / LogL: -41731.118 / Time: 0h:9m:23s (0h:9m:4s left)
Estimate model parameters (epsilon = 0.100)
BETTER TREE FOUND at iteration 95: -41718.380
Estimate model parameters (epsilon = 0.100)
BETTER TREE FOUND at iteration 96: -41709.387
Iteration 100 / LogL: -41734.470 / Time: 0h:10m:10s (0h:9m:52s left)
Log-likelihood cutoff on original alignment: -41945.853
NOTE: Bootstrap correlation coefficient of split occurrence frequencies: 0.801
NOTE: UFBoot does not converge, continue at least 100 more iterations
Estimate model parameters (epsilon = 0.100)
BETTER TREE FOUND at iteration 103: -41699.431
Estimate model parameters (epsilon = 0.100)
BETTER TREE FOUND at iteration 104: -41696.498
Iteration 110 / LogL: -41729.249 / Time: 0h:10m:59s (0h:9m:28s left)
Estimate model parameters (epsilon = 0.100)
BETTER TREE FOUND at iteration 116: -41680.259
Iteration 120 / LogL: -41700.873 / Time: 0h:11m:46s (0h:9m:29s left)
Estimate model parameters (epsilon = 0.100)
BETTER TREE FOUND at iteration 125: -41674.345
Estimate model parameters (epsilon = 0.100)
BETTER TREE FOUND at iteration 129: -41672.017
Estimate model parameters (epsilon = 0.100)
BETTER TREE FOUND at iteration 130: -41666.531
Iteration 130 / LogL: -41666.531 / Time: 0h:12m:38s (0h:9m:48s left)
Iteration 140 / LogL: -41667.975 / Time: 0h:13m:19s (0h:8m:37s left)
Estimate model parameters (epsilon = 0.100)
BETTER TREE FOUND at iteration 143: -41661.972
Estimate model parameters (epsilon = 0.100)
BETTER TREE FOUND at iteration 149: -41649.820
Iteration 150 / LogL: -41668.204 / Time: 0h:14m:7s (0h:9m:23s left)
Log-likelihood cutoff on original alignment: -41938.870
Estimate model parameters (epsilon = 0.100)
BETTER TREE FOUND at iteration 159: -41644.145
Iteration 160 / LogL: -41644.657 / Time: 0h:14m:51s (0h:9m:15s left)
Estimate model parameters (epsilon = 0.100)
BETTER TREE FOUND at iteration 165: -41638.814
Estimate model parameters (epsilon = 0.100)
BETTER TREE FOUND at iteration 169: -41636.720
Iteration 170 / LogL: -41656.170 / Time: 0h:15m:33s (0h:9m:7s left)
Estimate model parameters (epsilon = 0.100)
BETTER TREE FOUND at iteration 177: -41634.648
Iteration 180 / LogL: -41636.896 / Time: 0h:16m:14s (0h:8m:47s left)
Estimate model parameters (epsilon = 0.100)
BETTER TREE FOUND at iteration 182: -41632.820
Estimate model parameters (epsilon = 0.100)
BETTER TREE FOUND at iteration 186: -41631.977
Estimate model parameters (epsilon = 0.100)
BETTER TREE FOUND at iteration 188: -41628.677
Iteration 190 / LogL: -41703.921 / Time: 0h:17m:0s (0h:8m:49s left)
Estimate model parameters (epsilon = 0.100)
BETTER TREE FOUND at iteration 191: -41627.553
Iteration 200 / LogL: -41631.220 / Time: 0h:17m:44s (0h:8m:6s left)
Log-likelihood cutoff on original alignment: -41938.870
NOTE: Bootstrap correlation coefficient of split occurrence frequencies: 0.761
NOTE: UFBoot does not converge, continue at least 100 more iterations
Estimate model parameters (epsilon = 0.100)
BETTER TREE FOUND at iteration 204: -41623.270
Estimate model parameters (epsilon = 0.100)
BETTER TREE FOUND at iteration 207: -41620.205
Iteration 210 / LogL: -41625.075 / Time: 0h:18m:34s (0h:8m:37s left)
Estimate model parameters (epsilon = 0.100)
BETTER TREE FOUND at iteration 214: -41619.694
Iteration 220 / LogL: -41651.778 / Time: 0h:19m:16s (0h:8m:16s left)
Iteration 230 / LogL: -41642.198 / Time: 0h:19m:56s (0h:7m:18s left)
Iteration 240 / LogL: -41626.105 / Time: 0h:20m:37s (0h:6m:23s left)
Iteration 250 / LogL: -41654.661 / Time: 0h:21m:17s (0h:5m:28s left)
Log-likelihood cutoff on original alignment: -41903.687
Iteration 260 / LogL: -41648.616 / Time: 0h:22m:2s (0h:4m:35s left)
Iteration 270 / LogL: -41634.069 / Time: 0h:22m:43s (0h:3m:43s left)
Iteration 280 / LogL: -41642.460 / Time: 0h:23m:24s (0h:2m:51s left)
Estimate model parameters (epsilon = 0.100)
BETTER TREE FOUND at iteration 284: -41619.222
Iteration 290 / LogL: -41645.696 / Time: 0h:24m:10s (0h:7m:51s left)
Iteration 300 / LogL: -41636.521 / Time: 0h:24m:52s (0h:6m:59s left)
Log-likelihood cutoff on original alignment: -41903.687
NOTE: Bootstrap correlation coefficient of split occurrence frequencies: 0.874
NOTE: UFBoot does not converge, continue at least 100 more iterations
Iteration 310 / LogL: -41676.468 / Time: 0h:25m:33s (0h:7m:26s left)
Iteration 320 / LogL: -41651.997 / Time: 0h:26m:14s (0h:6m:34s left)
Iteration 330 / LogL: -41621.855 / Time: 0h:26m:53s (0h:5m:43s left)
Iteration 340 / LogL: -41633.641 / Time: 0h:27m:32s (0h:4m:52s left)
Estimate model parameters (epsilon = 0.100)
BETTER TREE FOUND at iteration 342: -41616.831
Iteration 350 / LogL: -41627.522 / Time: 0h:28m:10s (0h:7m:25s left)
Log-likelihood cutoff on original alignment: -41903.687
Iteration 360 / LogL: -41647.323 / Time: 0h:28m:46s (0h:6m:34s left)
Estimate model parameters (epsilon = 0.100)
BETTER TREE FOUND at iteration 363: -41611.216
Iteration 370 / LogL: -41616.478 / Time: 0h:29m:26s (0h:7m:25s left)
Estimate model parameters (epsilon = 0.100)
BETTER TREE FOUND at iteration 378: -41610.181
Iteration 380 / LogL: -41623.260 / Time: 0h:30m:4s (0h:7m:46s left)
Iteration 390 / LogL: -41619.520 / Time: 0h:30m:44s (0h:6m:57s left)
Iteration 400 / LogL: -41614.227 / Time: 0h:31m:23s (0h:6m:8s left)
Log-likelihood cutoff on original alignment: -41782.580
NOTE: Bootstrap correlation coefficient of split occurrence frequencies: 0.950
NOTE: UFBoot does not converge, continue at least 100 more iterations
Iteration 410 / LogL: -41632.998 / Time: 0h:32m:2s (0h:7m:3s left)
Iteration 420 / LogL: -41635.081 / Time: 0h:32m:38s (0h:6m:13s left)
Iteration 430 / LogL: -41634.060 / Time: 0h:33m:17s (0h:5m:25s left)
Iteration 440 / LogL: -41825.045 / Time: 0h:33m:51s (0h:4m:37s left)
Iteration 450 / LogL: -41617.660 / Time: 0h:34m:26s (0h:3m:50s left)
Log-likelihood cutoff on original alignment: -41782.580
Estimate model parameters (epsilon = 0.100)
BETTER TREE FOUND at iteration 453: -41606.971
Iteration 460 / LogL: -41636.902 / Time: 0h:35m:6s (0h:7m:6s left)
Iteration 470 / LogL: -41619.307 / Time: 0h:35m:44s (0h:6m:19s left)
Estimate model parameters (epsilon = 0.100)
BETTER TREE FOUND at iteration 472: -41606.419
Iteration 480 / LogL: -41617.769 / Time: 0h:36m:21s (0h:6m:59s left)
Estimate model parameters (epsilon = 0.100)
BETTER TREE FOUND at iteration 485: -41606.045
Iteration 490 / LogL: -41635.663 / Time: 0h:36m:59s (0h:7m:11s left)
Iteration 500 / LogL: -41648.761 / Time: 0h:37m:34s (0h:6m:24s left)
Log-likelihood cutoff on original alignment: -41782.580
NOTE: Bootstrap correlation coefficient of split occurrence frequencies: 0.965
NOTE: UFBoot does not converge, continue at least 100 more iterations
Estimate model parameters (epsilon = 0.100)
BETTER TREE FOUND at iteration 508: -41603.455
Iteration 510 / LogL: -41606.431 / Time: 0h:38m:12s (0h:7m:21s left)
Iteration 520 / LogL: -41630.136 / Time: 0h:38m:43s (0h:6m:34s left)
Iteration 530 / LogL: -41627.310 / Time: 0h:39m:18s (0h:5m:47s left)
Iteration 540 / LogL: -41625.918 / Time: 0h:39m:53s (0h:5m:2s left)
Iteration 550 / LogL: -41612.198 / Time: 0h:40m:28s (0h:4m:16s left)
Log-likelihood cutoff on original alignment: -41782.580
Estimate model parameters (epsilon = 0.100)
BETTER TREE FOUND at iteration 551: -41602.381
Iteration 560 / LogL: -41630.592 / Time: 0h:41m:7s (0h:6m:41s left)
Iteration 570 / LogL: -41620.518 / Time: 0h:41m:41s (0h:5m:56s left)
Iteration 580 / LogL: -41610.850 / Time: 0h:42m:14s (0h:5m:10s left)
Estimate model parameters (epsilon = 0.100)
BETTER TREE FOUND at iteration 585: -41602.337
Iteration 590 / LogL: -41618.396 / Time: 0h:42m:49s (0h:6m:54s left)
Iteration 600 / LogL: -41617.759 / Time: 0h:43m:24s (0h:6m:9s left)
Log-likelihood cutoff on original alignment: -41757.311
NOTE: Bootstrap correlation coefficient of split occurrence frequencies: 0.964
NOTE: UFBoot does not converge, continue at least 100 more iterations
Iteration 610 / LogL: -41642.382 / Time: 0h:43m:57s (0h:6m:29s left)
Iteration 620 / LogL: -41604.634 / Time: 0h:44m:32s (0h:5m:45s left)
Iteration 630 / LogL: -41615.911 / Time: 0h:45m:5s (0h:5m:1s left)
Iteration 640 / LogL: -41607.208 / Time: 0h:45m:41s (0h:4m:17s left)
Iteration 650 / LogL: -41608.659 / Time: 0h:46m:17s (0h:3m:33s left)
Log-likelihood cutoff on original alignment: -41757.311
Iteration 660 / LogL: -41629.241 / Time: 0h:46m:50s (0h:2m:50s left)
Estimate model parameters (epsilon = 0.100)
BETTER TREE FOUND at iteration 661: -41597.252
Iteration 670 / LogL: -41612.478 / Time: 0h:47m:26s (0h:6m:27s left)
Iteration 680 / LogL: -41606.701 / Time: 0h:48m:3s (0h:5m:44s left)
Iteration 690 / LogL: -41607.602 / Time: 0h:48m:35s (0h:5m:0s left)
Iteration 700 / LogL: -41612.279 / Time: 0h:49m:7s (0h:4m:17s left)
Log-likelihood cutoff on original alignment: -41745.721
NOTE: Bootstrap correlation coefficient of split occurrence frequencies: 0.963
NOTE: UFBoot does not converge, continue at least 100 more iterations
Iteration 710 / LogL: -41615.687 / Time: 0h:49m:41s (0h:6m:18s left)
Estimate model parameters (epsilon = 0.100)
BETTER TREE FOUND at iteration 716: -41596.751
Estimate model parameters (epsilon = 0.100)
BETTER TREE FOUND at iteration 718: -41593.073
Iteration 720 / LogL: -41600.227 / Time: 0h:50m:17s (0h:6m:51s left)
Iteration 730 / LogL: -41609.359 / Time: 0h:50m:50s (0h:6m:8s left)
Iteration 740 / LogL: -41600.989 / Time: 0h:51m:23s (0h:5m:25s left)
Iteration 750 / LogL: -41670.889 / Time: 0h:51m:57s (0h:4m:43s left)
Log-likelihood cutoff on original alignment: -41745.242
Estimate model parameters (epsilon = 0.100)
BETTER TREE FOUND at iteration 759: -41593.040
Iteration 760 / LogL: -41600.470 / Time: 0h:52m:35s (0h:6m:51s left)
Iteration 770 / LogL: -41604.839 / Time: 0h:53m:8s (0h:6m:8s left)
Iteration 780 / LogL: -41605.561 / Time: 0h:53m:38s (0h:5m:26s left)
Iteration 790 / LogL: -41609.473 / Time: 0h:54m:9s (0h:4m:44s left)
Iteration 800 / LogL: -41597.084 / Time: 0h:54m:41s (0h:4m:2s left)
Log-likelihood cutoff on original alignment: -41745.242
NOTE: Bootstrap correlation coefficient of split occurrence frequencies: 0.954
NOTE: UFBoot does not converge, continue at least 100 more iterations
Iteration 810 / LogL: -41607.654 / Time: 0h:55m:17s (0h:6m:9s left)
Iteration 820 / LogL: -41630.761 / Time: 0h:55m:47s (0h:5m:27s left)
Iteration 830 / LogL: -41597.716 / Time: 0h:56m:23s (0h:4m:45s left)
Iteration 840 / LogL: -41593.463 / Time: 0h:56m:58s (0h:4m:4s left)
Iteration 850 / LogL: -41615.146 / Time: 0h:57m:35s (0h:3m:23s left)
Log-likelihood cutoff on original alignment: -41745.242
Estimate model parameters (epsilon = 0.100)
BETTER TREE FOUND at iteration 857: -41592.779
Iteration 860 / LogL: -41606.215 / Time: 0h:58m:9s (0h:6m:34s left)
Iteration 870 / LogL: -41599.549 / Time: 0h:58m:43s (0h:5m:52s left)
Iteration 880 / LogL: -41604.471 / Time: 0h:59m:18s (0h:5m:11s left)
Iteration 890 / LogL: -41602.420 / Time: 0h:59m:49s (0h:4m:30s left)
Iteration 900 / LogL: -41597.528 / Time: 1h:0m:22s (0h:3m:49s left)
Log-likelihood cutoff on original alignment: -41745.242
NOTE: Bootstrap correlation coefficient of split occurrence frequencies: 0.954
NOTE: UFBoot does not converge, continue at least 100 more iterations
Iteration 910 / LogL: -41603.679 / Time: 1h:0m:56s (0h:6m:2s left)
Iteration 920 / LogL: -41598.216 / Time: 1h:1m:33s (0h:5m:21s left)
Iteration 930 / LogL: -41602.598 / Time: 1h:2m:5s (0h:4m:40s left)
Iteration 940 / LogL: -41613.141 / Time: 1h:2m:40s (0h:4m:0s left)
Iteration 950 / LogL: -41615.004 / Time: 1h:3m:14s (0h:3m:19s left)
Log-likelihood cutoff on original alignment: -41745.242
Iteration 960 / LogL: -41619.993 / Time: 1h:3m:49s (0h:2m:39s left)
Iteration 970 / LogL: -41600.480 / Time: 1h:4m:21s (0h:1m:59s left)
Estimate model parameters (epsilon = 0.100)
BETTER TREE FOUND at iteration 976: -41591.848
Iteration 980 / LogL: -41597.855 / Time: 1h:5m:0s (0h:6m:22s left)
Iteration 990 / LogL: -41608.227 / Time: 1h:5m:33s (0h:5m:42s left)
Iteration 1000 / LogL: -41593.941 / Time: 1h:6m:6s (0h:5m:1s left)
Log-likelihood cutoff on original alignment: -41743.706
NOTE: Bootstrap correlation coefficient of split occurrence frequencies: 0.961
NOTE: UFBoot does not converge, continue at least 100 more iterations
WARNING: bootstrap analysis did not converge. You should rerun with higher number of iterations (-nm option)
TREE SEARCH COMPLETED AFTER 1001 ITERATIONS / Time: 1h:6m:10s

--------------------------------------------------------------------
|                    FINALIZING TREE SEARCH                        |
--------------------------------------------------------------------
Performs final model parameters optimization
Estimate model parameters (epsilon = 0.010)
1. Initial log-likelihood: -41591.848
Optimal log-likelihood: -41591.846
Site proportion and rates:  (0.219,0.088) (0.148,0.305) (0.188,0.589) (0.120,0.914) (0.091,1.369) (0.139,1.978) (0.095,3.341)
Parameters optimization took 1 rounds (0.972 sec)
BEST SCORE FOUND : -41591.846
Creating bootstrap support values...
Split supports printed to NEXUS file K13998.blastp_ALL.outfmt6.parsed.filtered.uniq.faa.mafft.aln.trimal1.splits.nex
Total tree length: 75.882

Total number of iterations: 1001
CPU time used for tree search: 7834.809 sec (2h:10m:34s)
Wall-clock time used for tree search: 3945.158 sec (1h:5m:45s)
Total CPU time used: 7886.546 sec (2h:11m:26s)
Total wall-clock time used: 3972.916 sec (1h:6m:12s)

Computing bootstrap consensus tree...
Reading input file K13998.blastp_ALL.outfmt6.parsed.filtered.uniq.faa.mafft.aln.trimal1.splits.nex...
215 taxa and 3001 splits.
Consensus tree written to K13998.blastp_ALL.outfmt6.parsed.filtered.uniq.faa.mafft.aln.trimal1.contree
Reading input trees file K13998.blastp_ALL.outfmt6.parsed.filtered.uniq.faa.mafft.aln.trimal1.contree
Log-likelihood of consensus tree: -41598.867

Analysis results written to: 
  IQ-TREE report:                K13998.blastp_ALL.outfmt6.parsed.filtered.uniq.faa.mafft.aln.trimal1.iqtree
  Maximum-likelihood tree:       K13998.blastp_ALL.outfmt6.parsed.filtered.uniq.faa.mafft.aln.trimal1.treefile
  Likelihood distances:          K13998.blastp_ALL.outfmt6.parsed.filtered.uniq.faa.mafft.aln.trimal1.mldist

Ultrafast bootstrap approximation results written to:
  Split support values:          K13998.blastp_ALL.outfmt6.parsed.filtered.uniq.faa.mafft.aln.trimal1.splits.nex
  Consensus tree:                K13998.blastp_ALL.outfmt6.parsed.filtered.uniq.faa.mafft.aln.trimal1.contree
  Screen log file:               K13998.blastp_ALL.outfmt6.parsed.filtered.uniq.faa.mafft.aln.trimal1.log

Date and Time: Thu Sep  9 01:43:05 2021
