IQ-TREE multicore version 1.6.12 for Linux 64-bit built Aug 15 2019
Developed by Bui Quang Minh, Nguyen Lam Tung, Olga Chernomor,
Heiko Schmidt, Dominik Schrempf, Michael Woodhams.

Host:    coral (AVX512, FMA3, 376 GB RAM)
Command: /home/timothy/programs/iqtree-1.6.12-Linux/bin/iqtree -s K15779.blastp_ALL.outfmt6.parsed.filtered.uniq.faa.mafft.aln.trimal1 -nt AUTO -ntmax 2 -m MFP -bb 2000 -quiet
Seed:    600721 (Using SPRNG - Scalable Parallel Random Number Generator)
Time:    Thu Sep  9 00:02:08 2021
Kernel:  AVX+FMA - auto-detect threads (96 CPU cores detected)

Reading alignment file K15779.blastp_ALL.outfmt6.parsed.filtered.uniq.faa.mafft.aln.trimal1 ... Fasta format detected
Alignment most likely contains protein sequences
Alignment has 128 sequences with 439 columns, 435 distinct patterns
384 parsimony-informative, 16 singleton sites, 39 constant sites
                                                                                                                            Gap/Ambiguity  Composition  p-value
   1  Archaea-Crenarchaeota-Thermoprotei-Sulfolobales-Sulfolobaceae-Sulfodiicoccus_acidiphilus_WP_126449795.1                      23.92%    passed      5.37%
   2  Archaea-Crenarchaeota-Thermoprotei-Thermoproteales-Thermoproteaceae-Vulcanisaeta_distributa_WP_013335236.1                   20.73%    failed      0.46%
   3  Archaea-Euryarchaeota-Halobacteria-Halobacteriales-Halobacteriaceae-Halobacterium_sp._CBA1132_WP_058984430.1                 20.50%    failed      0.00%
   4  Archaea-Euryarchaeota-Halobacteria-Halobacteriales-Halobacteriaceae-Salarchaeum_sp._JOR1_WP_145844717.1                      20.27%    failed      0.00%
   5  Archaea-Euryarchaeota-Halobacteria-Haloferacales-Halorubraceae-Halorubrum_sp._CBA1229_WP_123113516.1                         20.50%    failed      0.00%
   6  Archaea-NA-NA-NA-NA-archaeon_AArcSl_WP_119817814.1                                                                           19.36%    failed      0.00%
   7  Bacteria-Actinobacteria-Actinobacteria-Micrococcales-Microbacteriaceae-NA_WP_104327113.1                                      9.34%    failed      0.00%
   8  Bacteria-Actinobacteria-Actinobacteria-Micrococcales-Microbacteriaceae-Rathayibacter_sp._AY1D1_WP_104319054.1                 9.34%    failed      0.00%
   9  Bacteria-Actinobacteria-Actinobacteria-Micrococcales-Micrococcaceae-Pseudarthrobacter_chlorophenolicus_WP_045730902.1         8.66%    failed      0.02%
  10  Bacteria-Bacteroidetes-Sphingobacteriia-Sphingobacteriales-Sphingobacteriaceae-Nubsella_zeaxanthinifaciens_WP_113635077.1     6.83%    passed     17.23%
  11  Bacteria-Bacteroidetes-Sphingobacteriia-Sphingobacteriales-Sphingobacteriaceae-Parapedobacter_luteus_WP_079717185.1           6.83%    passed     52.89%
  12  Bacteria-Bacteroidetes-Sphingobacteriia-Sphingobacteriales-Sphingobacteriaceae-Pedobacter_nanyangensis_WP_113661332.1         6.83%    passed     10.62%
  13  Bacteria-Firmicutes-Bacilli-Bacillales-Bacillaceae-NA_WP_148948389.1                                                          5.24%    passed     21.84%
  14  Bacteria-Firmicutes-Clostridia-Thermoanaerobacterales-Thermoanaerobacteraceae-Caldanaerobacter_subterraneus_WP_009610298.1    7.52%    passed     13.84%
  15  Bacteria-Firmicutes-Clostridia-Thermoanaerobacterales-Thermoanaerobacteraceae-Thermoanaerobacter_uzonensis_WP_072969536.1     7.52%    passed     31.13%
  16  Bacteria-Fusobacteria-Fusobacteriia-Fusobacteriales-Fusobacteriaceae-Fusobacterium_necrophorum_WP_035917507.1                 7.52%    passed     50.60%
  17  Bacteria-Fusobacteria-Fusobacteriia-Fusobacteriales-Fusobacteriaceae-NA_WP_070579066.1                                        6.61%    passed      9.09%
  18  Bacteria-Proteobacteria-Gammaproteobacteria-Vibrionales-Vibrionaceae-Aliivibrio_wodanis_WP_045101794.1                        6.38%    passed     95.16%
  19  Bacteria-Proteobacteria-Gammaproteobacteria-Vibrionales-Vibrionaceae-Photobacterium_sp._CECT_9192_WP_087853447.1              6.61%    failed      2.72%
  20  Bacteria-Proteobacteria-Gammaproteobacteria-Vibrionales-Vibrionaceae-Vibrio_parahaemolyticus_WP_140287515.1                   6.61%    passed     98.07%
  21  Bacteria-Spirochaetes-Spirochaetia-Spirochaetales-Spirochaetaceae-Salinispira_pacifica_WP_024267589.1                         4.78%    passed     67.08%
  22  Bacteria-Spirochaetes-Spirochaetia-Spirochaetales-Spirochaetaceae-Sediminispirochaeta_bajacaliforniensis_WP_020613929.1       5.69%    passed     47.08%
  23  Bacteria-Spirochaetes-Spirochaetia-Spirochaetales-Spirochaetaceae-Treponema_succinifaciens_WP_013702188.1                     5.24%    passed     91.91%
  24  Bacteria-Thermotogae-Thermotogae-Mesoaciditogales-Mesoaciditogaceae-Mesoaciditoga_lauensis_WP_036221275.1                     7.29%    passed     40.84%
  25  Bacteria-Thermotogae-Thermotogae-Thermotogales-Fervidobacteriaceae-Fervidobacterium_pennivorans_WP_064012357.1                6.83%    failed      0.28%
  26  Bacteria-Thermotogae-Thermotogae-Thermotogales-Fervidobacteriaceae-Thermosipho_africanus_WP_012579942.1                       6.61%    failed      0.07%
  27  Eukaryota-Acytosteliales-Acytosteliales-Acytosteliales-Acytosteliaceae-Acytostelium_subglobosum_XP_012755230.1                2.73%    passed     99.30%
  28  Eukaryota-Acytosteliales-Acytosteliales-Acytosteliales-Acytosteliaceae-Heterostelium_album_XP_020432017.1                     2.96%    passed     99.02%
  29  Eukaryota-Acytosteliales-Acytosteliales-Acytosteliales-Cavenderiaceae-Cavenderia_fasciculata_XP_004366231.1                   2.96%    passed     86.86%
  30  Eukaryota-Alveolata-Dinophyceae-NA-Unranked-Ceratium_fusus_MMETSP1075_c11482_g1_i1.p1                                         6.38%    passed     91.72%
  31  Eukaryota-Alveolata-Dinophyceae-NA-Unranked-Oxyrrhis_marina_MMETSP0471_c49610_g1_i1.p1                                        2.96%    failed      2.05%
  32  Eukaryota-Alveolata-Dinophyceae-Peridiniales-Kryptoperidiniaceae-Durinskia_baltica_MMETSP0117_c4977_g1_i1.p1                 11.62%    passed     99.83%
  33  Eukaryota-Amoebozoa-NA-NA-Paramoebidae-Filamoeba_nolandi_MMETSP0413_c19097_g1_i1.p1                                           2.96%    passed     99.56%
  34  Eukaryota-Amoebozoa-NA-NA-Paramoebidae-Mayorella_sp_MMETSP0417_c4416_g1_i1.p1                                                 2.96%    passed     96.75%
  35  Eukaryota-Amoebozoa-NA-NA-Paramoebidae-Stygamoeba_regulata_MMETSP0447_c7035_g1_i1.p1                                          2.96%    passed     96.75%
  36  Eukaryota-Annelida-Clitellata-Hirudinida-Glossiphoniidae-Helobdella_robusta_jgi104891                                         2.51%    passed     72.62%
  37  Eukaryota-Apicomplexa-Aconoidasida-Haemosporida-Plasmodiidae-Plasmodium_chabaudi_XP_744456.1                                  3.19%    failed      1.10%
  38  Eukaryota-Apicomplexa-Conoidasida-Eucoccidiorida-Sarcocystidae-Besnoitia_besnoiti_XP_029220289.1                              3.64%    passed     77.26%
  39  Eukaryota-Apicomplexa-Conoidasida-Eucoccidiorida-Sarcocystidae-Toxoplasma_gondii_XP_002369797.1                               3.87%    passed     90.42%
  40  Eukaryota-Apusomonadidae-NA-NA-NA-Thecamonas_trahens_XP_013755787.1                                                           3.42%    failed      0.73%
  41  Eukaryota-Arthropoda-Insecta-Diptera-Tephritidae-Bactrocera_dorsalis_XP_011198066.1                                           2.96%    passed     69.57%
  42  Eukaryota-Arthropoda-Insecta-Hymenoptera-Tenthredinidae-Athalia_rosae_XP_012253603.1                                          2.96%    passed     84.60%
  43  Eukaryota-Arthropoda-Malacostraca-Amphipoda-Hyalellidae-Hyalella_azteca_XP_018014829.1                                        2.96%    passed     75.21%
  44  Eukaryota-Ascomycota-Dothideomycetes-Pleosporales-Pleosporaceae-Alternaria_arborescens_XP_028509919.1                         3.42%    passed     93.66%
  45  Eukaryota-Ascomycota-Dothideomycetes-Pleosporales-Pleosporaceae-Exserohilum_turcicum_XP_008027352.1                           3.42%    passed     91.50%
  46  Eukaryota-Ascomycota-Dothideomycetes-Pleosporales-Pleosporaceae-Pyrenophora_triticirepentis_XP_001932190.1                    3.42%    passed     94.68%
  47  Eukaryota-Basidiomycota-Agaricomycetes-Agaricales-Agaricaceae-Agaricus_bisporus_XP_006458320.1                                3.42%    passed     96.24%
  48  Eukaryota-Basidiomycota-Agaricomycetes-Hymenochaetales-Hymenochaetaceae-Fomitiporia_mediterranea_XP_007263819.1               2.96%    passed     99.84%
  49  Eukaryota-Basidiomycota-Agaricomycetes-Russulales-Stereaceae-Stereum_hirsutum_XP_007304806.1                                  3.64%    passed     98.82%
  50  Eukaryota-Brachiopoda-Lingulata-Lingulida-Lingulidae-Lingula_anatina_XP_013409913.1                                           2.96%    passed     50.53%
  51  Eukaryota-Cercozoa-Chlorarachniophyceae-NA-NA-Bigelowiella_natans_CCMP2755_jgi89414                                           3.87%    passed     99.59%
  52  Eukaryota-Cercozoa-Chlorarachniophyceae-NA-NA-Lotharella_amoebiformis_MMETSP0042_c9578_g1_i1.p1                               4.10%    passed     54.03%
  53  Eukaryota-Cercozoa-NA-Euglyphida-Paulinellidae-Paulinella_chromatophora_scaffold1237-size3206_m.17273                         2.96%    passed     50.21%
  54  Eukaryota-Chlorophyta-Chlorophyceae-Chlamydomonadales-Dunaliellaceae-Dunaliella_tertiolecta_MMETSP1127_c23121_g1_i1.p1        3.19%    passed     53.00%
  55  Eukaryota-Chlorophyta-NA-NA-NA-Prasinococcus_capsulatus_MMETSP0941_c5611_g1_i1.p1                                             5.47%    passed     24.65%
  56  Eukaryota-Chlorophyta-NA-NA-NA-Tetraselmis_sp_MMETSP0419_c17882_g1_i1.p1                                                      2.96%    failed      0.51%
  57  Eukaryota-Choanoflagellata-Choanoflagellata-Choanoflagellata-NA-Acanthoeca_sp_MMETSP0105_c22438_g1_i1.p1                      3.19%    passed     81.70%
  58  Eukaryota-Choanoflagellata-Choanoflagellata-Choanoflagellata-Salpingoecidae-Monosiga_brevicollis_XP_001745497.1               3.19%    passed     98.03%
  59  Eukaryota-Choanoflagellata-Choanoflagellata-Choanoflagellata-Salpingoecidae-Salpingoeca_rosetta_XP_004992540.1                3.19%    passed     97.87%
  60  Eukaryota-Chordata-NA-NA-Branchiostomidae-Branchiostoma_belcheri_XP_019647384.1                                               2.96%    passed     56.63%
  61  Eukaryota-Chordata-NA-Squamata-Elapidae-Notechis_scutatus_XP_026531094.1                                                      2.96%    passed     95.71%
  62  Eukaryota-Chordata-NA-Squamata-Elapidae-Pseudonaja_textilis_XP_026555645.1                                                    2.96%    passed     95.71%
  63  Eukaryota-Chromeraceae-NA-NA-NA-Chromera_velia_MMETSP0290_c2253_g1_i1.p1                                                     12.07%    passed     36.45%
  64  Eukaryota-Chromeraceae-NA-NA-NA-Vitrella_brassicaformis_MMETSP1451_c36577_g1_i1.p1                                           20.50%    passed     70.61%
  65  Eukaryota-Chytridiomycota-Chytridiomycetes-Rhizophydiales-NA-Batrachochytrium_dendrobatidis_jgi35697                          3.42%    passed     85.24%
  66  Eukaryota-Ciliophora-NA-Unranked-NA-Protocruzia_adherens_MMETSP0216_c8699_g1_i1.p1                                            2.73%    passed     47.67%
  67  Eukaryota-Ciliophora-NA-Unranked-NA-Pseudokeronopsis_sp_MMETSP1396_c13571_g1_i1.p1                                            3.19%    passed     84.58%
  68  Eukaryota-Ciliophora-NA-Unranked-NA-Tiarina_fusus_MMETSP0472_c93688_g1_i1.p1                                                  5.92%    passed     70.54%
  69  Eukaryota-Cnidaria-Anthozoa-Alcyonacea-Nephtheidae-Dendronephthya_gigantea_XP_028401689.1                                     2.96%    passed     84.82%
  70  Eukaryota-Cnidaria-Anthozoa-Scleractinia-Pocilloporidae-Pocillopora_damicornis_XP_027053232.1                                 2.96%    passed     82.90%
  71  Eukaryota-Cnidaria-Hydrozoa-Anthoathecata-Hydridae-Hydra_vulgaris_XP_012566428.1                                              2.51%    passed     98.93%
  72  Eukaryota-Cryptophyta-NA-Pyrenomonadales-Chroomonadaceae-Chroomonas_mesostigmaticacf_MMETSP0047_c27343_g1_i1.p1               2.96%    passed     63.53%
  73  Eukaryota-Cryptophyta-NA-Pyrenomonadales-Geminigeraceae-Guillardia_theta_CCMP2712_jgi166345                                   2.96%    passed     97.11%
  74  Eukaryota-Cryptophyta-NA-Pyrenomonadales-Pyrenomonadaceae-Rhodomonas_salina_MMETSP1047_c42471_g1_i1.p1                        2.96%    passed     45.88%
  75  Eukaryota-Dictyosteliales-Dictyosteliales-Dictyosteliales-Dictyosteliaceae-Dictyostelium_discoideum_XP_640969.1               2.51%    passed     33.18%
  76  Eukaryota-Diplomonadida-Diplomonadida-Diplomonadida-Hexamitidae-Giardia_intestinalis_XP_001708370.1                           5.47%    passed      7.10%
  77  Eukaryota-Echinodermata-Asteroidea-Valvatida-Acanthasteridae-Acanthaster_planci_XP_022091572.1                                2.96%    passed     86.68%
  78  Eukaryota-Echinodermata-Echinoidea-Echinoida-Strongylocentrotidae-Strongylocentrotus_purpuratus_XP_011669003.1               36.22%    passed     52.76%
  79  Eukaryota-Entamoebidae-NA-NA-NA-Entamoeba_histolytica_XP_648671.1                                                             2.96%    passed     83.47%
  80  Eukaryota-Euglenida-NA-Eutreptiales-NA-Eutreptiella_gymnastica_MMETSP0039_c26615_g1_i1.p1                                    12.30%    failed      3.31%
  81  Eukaryota-Euglenida-NA-NA-Unranked-Neobodo_designis_MMETSP1114_c4788_g1_i1.p1                                                 2.51%    passed     52.60%
  82  Eukaryota-Fonticulida-Fonticulida-Fonticulida-Fonticulaceae-Fonticula_alba_XP_009492482.1                                     4.33%    failed      3.65%
  83  Eukaryota-Glaucophyta-Glaucophyta-Gloeochaetales-Gloeochaetaceae-Gloeochaete_wittrockiana_MMETSP1089_c86_g1_i1.p1            23.92%    passed     93.10%
  84  Eukaryota-Haptophyta-NA-Phaeocystales-Phaeocystaceae-Phaeocystis_cordata_MMETSP1465_c13401_g1_i1.p1                          77.45%    passed     30.17%
  85  Eukaryota-Haptophyta-NA-Prymnesiales-NA-Chrysochromulina_polylepis_MMETSP0143_c64239_g1_i1.p1                                40.55%    passed     45.84%
  86  Eukaryota-Haptophyta-NA-Prymnesiales-NA-Imantonia_sp_MMETSP1474_c80_g1_i1.p1                                                 12.07%    passed     79.03%
  87  Eukaryota-Hemichordata-Enteropneusta-NA-Harrimaniidae-Saccoglossus_kowalevskii_XP_002735052.2                                55.58%    passed     66.77%
  88  Eukaryota-Heterolobosea-NA-NA-NA-Percolomonas_cosmopolitus_MMETSP0759_c7542_g1_i1.p1                                          2.96%    passed     35.01%
  89  Eukaryota-Heterolobosea-NA-NA-Vahlkampfiidae-Naegleria_gruberi_jgi39110                                                       2.96%    passed     99.45%
  90  Eukaryota-Kinetoplastida-Kinetoplastida-Kinetoplastida-Trypanosomatidae-Leishmania_mexicana_XP_003878937.1                    3.19%    passed     15.91%
  91  Eukaryota-Kinetoplastida-Kinetoplastida-Kinetoplastida-Trypanosomatidae-Leptomonas_pyrrhocoris_XP_015660922.1                 3.19%    passed     33.09%
  92  Eukaryota-Kinetoplastida-Kinetoplastida-Kinetoplastida-Trypanosomatidae-Trypanosoma_rangeli_XP_029240489.1                    2.96%    passed     69.52%
  93  Eukaryota-Longamoebia-Longamoebia-Longamoebia-Acanthamoebidae-Acanthamoeba_castellanii_XP_004335683.1                         2.73%    passed     68.83%
  94  Eukaryota-Mesomycetozoea-Ichthyosporea-Ichthyophonida-NA-Sphaeroforma_arctica_XP_014160677.1                                  7.06%    passed     93.24%
  95  Eukaryota-Mesomycetozoea-Ichthyosporea-NA-NA-Capsaspora_owczarzaki_XP_004365898.1                                             2.96%    passed     98.91%
  96  Eukaryota-Microsporidia-NA-NA-NA-Mitosporidium_daphniae_XP_013238634.1                                                       27.56%    passed     96.71%
  97  Eukaryota-Microsporidia-NA-NA-Unikaryonidae-Encephalitozoon_romaleae_XP_009264141.1                                          15.03%    failed      0.04%
  98  Eukaryota-Mollusca-Bivalvia-Ostreoida-Ostreidae-Crassostrea_virginica_XP_022325113.1                                          2.96%    passed     22.70%
  99  Eukaryota-Mollusca-Bivalvia-Pectinoida-Pectinidae-Mizuhopecten_yessoensis_XP_021367057.1                                      2.96%    passed     89.46%
 100  Eukaryota-Mollusca-Gastropoda-Architaenioglossa-Ampullariidae-Pomacea_canaliculata_XP_025085388.1                             2.96%    passed     98.99%
 101  Eukaryota-Mucorales-Mucoraceae-Undefined-Undefined-Mucor_circinelloides_jgi45798                                              2.96%    passed     87.71%
 102  Eukaryota-Mucoromycota-Glomeromycetes-Glomerales-Glomeraceae-Rhizophagus_irregularis_XP_025175865.1                           2.96%    passed     49.12%
 103  Eukaryota-Mucoromycota-Mortierellomycetes-Mortierellales-Mortierellaceae-Lobosporangium_transversale_XP_021882127.1           2.96%    passed     99.61%
 104  Eukaryota-Mucoromycota-Mucoromycetes-Mucorales-Phycomycetaceae-Phycomyces_blakesleeanus_XP_018293429.1                        2.96%    passed     66.58%
 105  Eukaryota-Nematoda-Chromadorea-Rhabditida-Onchocercidae-Loa_loa_XP_020303311.1                                                3.19%    passed     59.41%
 106  Eukaryota-Nematoda-Chromadorea-Rhabditida-Rhabditidae-Caenorhabditis_briggsae_XP_002647053.1                                  3.42%    passed     65.41%
 107  Eukaryota-Nematoda-Chromadorea-Rhabditida-Strongyloididae-Strongyloides_ratti_XP_024499742.1                                  3.19%    passed     10.48%
 108  Eukaryota-Palpitomonas-NA-NA-NA-Palpitomonas_bilix_MMETSP0780_c13607_g1_i1.p1                                                 2.96%    passed     90.15%
 109  Eukaryota-Perkinsozoa-NA-Perkinsida-Perkinsidae-Perkinsus_marinus_XP_002778256.1                                              3.42%    passed     41.89%
 110  Eukaryota-Placozoa-NA-NA-Trichoplacidae-Trichoplax_adhaerens_XP_002112753.1                                                   2.96%    passed     52.20%
 111  Eukaryota-Platyhelminthes-Cestoda-Cyclophyllidea-Taeniidae-Echinococcus_granulosus_XP_024347490.1                             6.61%    passed     98.84%
 112  Eukaryota-Platyhelminthes-Trematoda-Opisthorchiida-Opisthorchiidae-Opisthorchis_viverrini_XP_009162863.1                      2.96%    passed     66.26%
 113  Eukaryota-Platyhelminthes-Trematoda-Strigeidida-Schistosomatidae-Schistosoma_mansoni_XP_018648111.1                           7.06%    passed     49.92%
 114  Eukaryota-Porifera-Demospongiae-Haplosclerida-Niphatidae-Amphimedon_queenslandica_XP_019858103.1                             36.67%    passed     97.77%
 115  Eukaryota-Priapulida-Priapulimorpha-Priapulimorphida-Priapulidae-Priapulus_caudatus_XP_014675581.1                            2.96%    passed     51.55%
 116  Eukaryota-Retaria-NA-NA-NA-Ammonia_sp_MMETSP1384_c19353_g1_i1.p1                                                              4.78%    passed     26.39%
 117  Eukaryota-Retaria-NA-NA-NA-Elphidium_margaritaceum_MMETSP1385_c12242_g1_i1.p1                                                42.14%    passed     86.58%
 118  Eukaryota-Retaria-NA-NA-NA-Sorites_sp_MMETSP0191_c14869_g1_i1.p1                                                             39.18%    passed     24.68%
 119  Eukaryota-Rhodophyta-Bangiophyceae-NA-NA-Rhodosorus_marinus_MMETSP0011_c4299_g1_i1.p1                                         5.01%    passed     97.59%
 120  Eukaryota-Rhodophyta-Bangiophyceae-Porphyridiales-Porphyridiaceae-Porphyridium_purpureum_v2_POR0605..scf295_1                 3.42%    passed     66.60%
 121  Eukaryota-Rhodophyta-Compsopogonophyceae-Compsopogonales-Compsopogonaceae-Compsopogon_coeruleus_MMETSP0312_c3052_g1_i2.p1     2.96%    failed      0.04%
 122  Eukaryota-Stramenopiles-Oomycetes-Peronosporales-Peronosporaceae-Phytophthora_ramorum_jgi71625                                2.96%    passed     83.27%
 123  Eukaryota-Stramenopiles-Oomycetes-Peronosporales-Peronosporaceae-Plasmopara_halstedii_XP_024581740.1                          2.96%    passed     77.07%
 124  Eukaryota-Stramenopiles-Oomycetes-Saprolegniales-Saprolegniaceae-Saprolegnia_parasitica_XP_012195992.1                        2.96%    passed     93.01%
 125  Eukaryota-Streptophyta-NA-Fagales-Fagaceae-Quercus_suber_XP_023878807.1                                                       3.19%    passed     20.64%
 126  Eukaryota-Streptophyta-NA-Myrtales-Myrtaceae-Rhodamnia_argentea_XP_030540617.1                                               12.07%    passed     18.65%
 127  Eukaryota-Trichomonadida-Trichomonadida-Trichomonadida-Trichomonadidae-Trichomonas_vaginalis_XP_001327899.1                   2.96%    passed     87.80%
 128  MSTRG.24662.1.p1                                                                                                              3.19%    passed     58.11%
WARNING: 2 sequences contain more than 50% gaps/ambiguity
****  TOTAL                                                                                                                         8.05%  19 sequences failed composition chi2 test (p-value<5%; df=19)
NOTE: Bacteria-Actinobacteria-Actinobacteria-Micrococcales-Microbacteriaceae-Rathayibacter_sp._AY1D1_WP_104319054.1 is identical to Bacteria-Actinobacteria-Actinobacteria-Micrococcales-Microbacteriaceae-NA_WP_104327113.1 but kept for subsequent analysis
NOTE: Eukaryota-Amoebozoa-NA-NA-Paramoebidae-Stygamoeba_regulata_MMETSP0447_c7035_g1_i1.p1 is identical to Eukaryota-Amoebozoa-NA-NA-Paramoebidae-Mayorella_sp_MMETSP0417_c4416_g1_i1.p1 but kept for subsequent analysis


Create initial parsimony tree by phylogenetic likelihood library (PLL)... 0.159 seconds
NOTE: ModelFinder requires 93 MB RAM!
ModelFinder will test 546 protein models (sample size: 439) ...
 No. Model         -LnL         df  AIC          AICc         BIC
Measuring multi-threading efficiency up to 2 CPU cores
Increase to 10 rounds for branch lengths
8 trees examined
Threads: 1 / Time: 2.187 sec / Speedup: 1.000 / Efficiency: 100% / LogL: -87497
Threads: 2 / Time: 2.040 sec / Speedup: 1.072 / Efficiency: 54% / LogL: -87497
BEST NUMBER OF THREADS: 2

  1  Dayhoff       68362.496    253 137230.992   137925.717   138264.371
  2  Dayhoff+I     67217.788    254 134943.577   135647.599   135981.040
  3  Dayhoff+G4    63352.178    254 127212.356   127916.378   128249.819
  4  Dayhoff+I+G4  63239.126    255 126988.253   127701.695   128029.800
  5  Dayhoff+R2    64471.555    255 129453.110   130166.552   130494.657
  6  Dayhoff+R3    63516.257    257 127546.514   128279.177   128596.230
  7  Dayhoff+R4    63342.673    259 127203.346   127955.748   128261.231
  8  Dayhoff+R5    63235.129    261 126992.259   127764.937   128058.313
  9  Dayhoff+R6    63183.694    263 126893.387   127686.896   127967.610
 10  Dayhoff+R7    63153.825    265 126837.651   127652.564   127920.043
 11  Dayhoff+R8    63132.663    267 126799.327   127636.239   127889.888
 12  Dayhoff+R9    63117.732    269 126773.464   127632.991   127872.195
 13  Dayhoff+R10   63107.483    271 126756.966   127639.744   127863.865
 14  Dayhoff+F     68501.637    272 137547.275   138441.926   138658.259
 15  Dayhoff+F+I   67390.623    273 135327.246   136233.936   136442.314
 16  Dayhoff+F+G4  63360.856    273 127267.713   128174.404   128382.781
 17  Dayhoff+F+I+G4 63254.280    274 127056.559   127975.462   128175.712
 18  Dayhoff+F+R2  64600.415    274 129748.830   130667.733   130867.983
 19  Dayhoff+F+R3  63541.919    276 127635.838   128579.690   128763.160
 20  Dayhoff+F+R4  63383.321    278 127322.642   128292.167   128458.133
 21  Dayhoff+F+R5  63268.263    280 127096.527   128092.476   128240.186
 22  Dayhoff+F+R6  63216.202    282 126996.404   128019.558   128148.233
 23  Dayhoff+F+R7  63187.607    284 126943.215   127994.383   128103.212
 24  Dayhoff+F+R8  63165.977    286 126903.954   127983.980   128072.121
 25  Dayhoff+F+R9  63150.585    288 126877.170   127986.930   128053.506
 26  Dayhoff+F+R10 63139.881    290 126859.763   128000.168   128044.267
 27  mtMAM         76654.344    253 153814.688   154509.413   154848.067
 28  mtMAM+I       75750.817    254 152009.634   152713.656   153047.097
 29  mtMAM+G4      67440.873    254 135389.747   136093.769   136427.210
 30  mtMAM+I+G4    67357.699    255 135225.397   135938.840   136266.945
 31  mtMAM+R2      69730.175    255 139970.350   140683.793   141011.897
 32  mtMAM+R3      68177.413    257 136868.826   137601.489   137918.543
 33  mtMAM+R4      67961.730    259 136441.461   137193.863   137499.346
 34  mtMAM+R5      67550.819    261 135623.638   136396.316   136689.692
 35  mtMAM+R6      67413.606    263 135353.212   136146.721   136427.435
 36  mtMAM+R7      67310.646    265 135151.293   135966.206   136233.685
 37  mtMAM+R8      67257.175    267 135048.351   135885.263   136138.912
 38  mtMAM+R9      67231.053    269 135000.106   135859.633   136098.836
 39  mtMAM+R10     67214.567    271 134971.135   135853.913   136078.034
 40  mtMAM+F       73010.872    272 146565.744   147460.394   147676.727
 41  mtMAM+F+I     71944.398    273 144434.796   145341.487   145549.865
 42  mtMAM+F+G4    65161.897    273 130869.793   131776.484   131984.862
 43  mtMAM+F+I+G4  65063.712    274 130675.424   131594.327   131794.577
 44  mtMAM+F+R2    67092.820    274 134733.640   135652.542   135852.793
 45  mtMAM+F+R3    65736.798    276 132025.596   132969.448   133152.918
 46  mtMAM+F+R4    65514.623    278 131585.247   132554.772   132720.738
 47  mtMAM+F+R5    65236.814    280 131033.629   132029.578   132177.289
 48  mtMAM+F+R6    65132.318    282 130828.636   131851.790   131980.465
 49  mtMAM+F+R7    65057.229    284 130682.458   131733.627   131842.456
 50  mtMAM+F+R8    65004.701    286 130581.402   131661.428   131749.569
 51  mtMAM+F+R9    64977.442    288 130530.884   131640.644   131707.220
 52  mtMAM+F+R10   64962.538    290 130505.075   131645.481   131689.580
 53  JTT           67821.381    253 136148.763   136843.487   137182.141
 54  JTT+I         66724.015    254 133956.030   134660.052   134993.493
 55  JTT+G4        62879.846    254 126267.692   126971.714   127305.155
 56  JTT+I+G4      62775.669    255 126061.339   126774.781   127102.886
 57  JTT+R2        64094.178    255 128698.355   129411.798   129739.903
 58  JTT+R3        63078.372    257 126670.743   127403.406   127720.460
 59  JTT+R4        62904.621    259 126327.243   127079.645   127385.128
 60  JTT+R5        62797.363    261 126116.727   126889.405   127182.781
 61  JTT+R6        62746.080    263 126018.160   126811.669   127092.384
 62  JTT+R7        62717.243    265 125964.486   126779.399   127046.878
 63  JTT+R8        62700.244    267 125934.487   126771.400   127025.049
 64  JTT+R9        62686.396    269 125910.793   126770.319   127009.523
 65  JTT+R10       62676.552    271 125895.104   126777.883   127002.003
 66  JTT+F         67916.645    272 136377.291   137271.941   137488.274
 67  JTT+F+I       66829.212    273 134204.425   135111.116   135319.493
 68  JTT+F+G4      62874.464    273 126294.928   127201.619   127409.997
 69  JTT+F+I+G4    62769.630    274 126087.260   127006.163   127206.413
 70  JTT+F+R2      64124.764    274 128797.529   129716.431   129916.682
 71  JTT+F+R3      63078.439    276 126708.877   127652.729   127836.199
 72  JTT+F+R4      62908.362    278 126372.725   127342.250   127508.215
 73  JTT+F+R5      62797.992    280 126155.983   127151.933   127299.643
 74  JTT+F+R6      62746.018    282 126056.036   127079.190   127207.865
 75  JTT+F+R7      62715.258    284 125998.516   127049.684   127158.513
 76  JTT+F+R8      62696.757    286 125965.513   127045.539   127133.680
 77  JTT+F+R9      62683.851    288 125943.701   127053.461   127120.037
 78  JTT+F+R10     62674.066    290 125928.131   127068.537   127112.636
 79  WAG           66301.425    253 133108.850   133803.574   134142.228
 80  WAG+I         65305.073    254 131118.147   131822.169   132155.610
 81  WAG+G4        62070.087    254 124648.173   125352.195   125685.636
 82  WAG+I+G4      61996.040    255 124502.080   125215.523   125543.627
 83  WAG+R2        63064.697    255 126639.395   127352.838   127680.942
 84  WAG+R3        62178.015    257 124870.031   125602.694   125919.747
 85  WAG+R4        62054.705    259 124627.410   125379.812   125685.295
 86  WAG+R5        61975.741    261 124473.481   125246.159   125539.536
 87  WAG+R6        61946.410    263 124418.820   125212.328   125493.043
 88  WAG+R7        61929.280    265 124388.560   125203.473   125470.952
 89  WAG+R8        61913.981    267 124361.961   125198.874   125452.523
 90  WAG+R9        61903.358    269 124344.716   125204.243   125443.446
 91  WAG+R10       61896.241    271 124334.481   125217.260   125441.381
 92  WAG+F         66357.872    272 133259.744   134154.395   134370.728
 93  WAG+F+I       65386.690    273 131319.380   132226.071   132434.449
 94  WAG+F+G4      62076.260    273 124698.521   125605.211   125813.589
 95  WAG+F+I+G4    61999.926    274 124547.852   125466.755   125667.005
 96  WAG+F+R2      63105.671    274 126759.342   127678.245   127878.495
 97  WAG+F+R3      62201.024    276 124954.049   125897.901   126081.371
 98  WAG+F+R4      62056.309    278 124668.618   125638.143   125804.109
 99  WAG+F+R5      61979.332    280 124518.664   125514.613   125662.324
100  WAG+F+R6      61958.213    282 124480.427   125503.580   125632.255
101  WAG+F+R7      61940.204    284 124448.408   125499.577   125608.406
102  WAG+F+R8      61926.190    286 124424.380   125504.406   125592.547
103  WAG+F+R9      61915.255    288 124406.511   125516.271   125582.847
104  WAG+F+R10     61908.071    290 124396.143   125536.548   125580.648
105  cpREV         66775.550    253 134057.099   134751.824   135090.478
106  cpREV+I       65762.123    254 132032.247   132736.268   133069.709
107  cpREV+G4      62631.226    254 125770.451   126474.473   126807.914
108  cpREV+I+G4    62550.280    255 125610.561   126324.003   126652.108
109  cpREV+R2      63552.312    255 127614.623   128328.066   128656.171
110  cpREV+R3      62725.777    257 125965.554   126698.217   127015.271
111  cpREV+R4      62582.029    259 125682.057   126434.460   126739.943
112  cpREV+R5      62525.639    261 125573.278   126345.956   126639.332
113  cpREV+R6      62504.881    263 125535.761   126329.270   126609.984
114  cpREV+R7      62484.367    265 125498.733   126313.646   126581.126
115  cpREV+R8      62468.744    267 125471.489   126308.401   126562.050
116  cpREV+R9      62457.023    269 125452.046   126311.572   126550.776
117  cpREV+R10     62449.003    271 125440.005   126322.784   126546.905
118  cpREV+F       66597.087    272 133738.174   134632.824   134849.158
119  cpREV+F+I     65546.789    273 131639.578   132546.269   132754.646
120  cpREV+F+G4    62349.549    273 125245.099   126151.790   126360.167
121  cpREV+F+I+G4  62263.911    274 125075.823   125994.725   126194.975
122  cpREV+F+R2    63314.754    274 127177.508   128096.410   128296.660
123  cpREV+F+R3    62438.943    276 125429.886   126373.738   126557.207
124  cpREV+F+R4    62290.784    278 125137.569   126107.094   126273.060
125  cpREV+F+R5    62236.442    280 125032.884   126028.833   126176.544
126  cpREV+F+R6    62222.656    282 125009.313   126032.467   126161.142
127  cpREV+F+R7    62200.958    284 124969.915   126021.084   126129.913
128  cpREV+F+R8    62184.392    286 124940.784   126020.810   126108.951
129  cpREV+F+R9    62171.926    288 124919.852   126029.612   126096.188
130  cpREV+F+R10   62163.540    290 124907.080   126047.486   126091.585
131  mtREV         72434.033    253 145374.067   146068.791   146407.445
132  mtREV+I       71530.026    254 143568.051   144272.073   144605.514
133  mtREV+G4      65921.969    254 132351.937   133055.959   133389.400
134  mtREV+I+G4    65856.642    255 132223.285   132936.727   133264.832
135  mtREV+R2      67443.279    255 135396.557   136110.000   136438.104
136  mtREV+R3      66422.137    257 133358.275   134090.938   134407.991
137  mtREV+R4      66081.239    259 132680.477   133432.879   133738.362
138  mtREV+R5      65886.513    261 132295.026   133067.704   133361.081
139  mtREV+R6      65862.262    263 132250.524   133044.033   133324.748
140  mtREV+R7      65816.658    265 132163.315   132978.229   133245.708
141  mtREV+R8      65790.342    267 132114.684   132951.596   133205.245
142  mtREV+R9      65776.728    269 132091.455   132950.982   133190.186
143  mtREV+R10     65771.232    271 132084.465   132967.243   133191.364
144  mtREV+F       69321.815    272 139187.631   140082.281   140298.615
145  mtREV+F+I     68288.884    273 137123.767   138030.458   138238.836
146  mtREV+F+G4    63465.294    273 127476.588   128383.279   128591.656
147  mtREV+F+I+G4  63366.864    274 127281.727   128200.630   128400.880
148  mtREV+F+R2    64876.381    274 130300.762   131219.664   131419.914
149  mtREV+F+R3    63869.030    276 128290.059   129233.911   129417.381
150  mtREV+F+R4    63529.284    278 127614.569   128584.094   128750.060
151  mtREV+F+R5    63426.048    280 127412.095   128408.045   128555.755
152  mtREV+F+R6    63409.157    282 127382.313   128405.467   128534.142
153  mtREV+F+R7    63371.005    284 127310.009   128361.178   128470.007
154  mtREV+F+R8    63345.283    286 127262.566   128342.592   128430.733
155  mtREV+F+R9    63332.673    288 127241.346   128351.106   128417.682
156  mtREV+F+R10   63324.902    290 127229.805   128370.210   128414.309
157  rtREV         66941.029    253 134388.058   135082.783   135421.437
158  rtREV+I       65991.151    254 132490.302   133194.323   133527.764
159  rtREV+G4      62360.479    254 125228.958   125932.980   126266.421
160  rtREV+I+G4    62250.429    255 125010.859   125724.301   126052.406
161  rtREV+R2      63508.140    255 127526.279   128239.722   128567.826
162  rtREV+R3      62534.691    257 125583.382   126316.045   126633.098
163  rtREV+R4      62326.591    259 125171.181   125923.584   126229.067
164  rtREV+R5      62274.523    261 125071.046   125843.724   126137.100
165  rtREV+R6      62258.149    263 125042.299   125835.807   126116.522
166  rtREV+R7      62225.377    265 124980.754   125795.667   126063.146
167  rtREV+R8      62203.562    267 124941.123   125778.035   126031.685
168  rtREV+R9      62190.694    269 124919.388   125778.914   126018.118
169  rtREV+R10     62182.750    271 124907.500   125790.279   126014.400
170  rtREV+F       66764.902    272 134073.803   134968.454   135184.787
171  rtREV+F+I     65829.409    273 132204.818   133111.509   133319.886
172  rtREV+F+G4    62003.935    273 124553.870   125460.561   125668.938
173  rtREV+F+I+G4  61899.231    274 124346.463   125265.365   125465.616
174  rtREV+F+R2    63208.836    274 126965.673   127884.575   128084.826
175  rtREV+F+R3    62195.002    276 124942.003   125885.855   126069.325
176  rtREV+F+R4    61981.127    278 124518.255   125487.780   125653.746
177  rtREV+F+R5    61918.920    280 124397.839   125393.789   125541.499
178  rtREV+F+R6    61904.180    282 124372.360   125395.513   125524.188
179  rtREV+F+R7    61874.960    284 124317.919   125369.088   125477.917
180  rtREV+F+R8    61852.522    286 124277.044   125357.070   125445.211
181  rtREV+F+R9    61839.680    288 124255.361   125365.121   125431.696
182  rtREV+F+R10   61831.925    290 124243.851   125384.256   125428.355
183  mtART         74415.009    253 149336.018   150030.743   150369.397
184  mtART+I       73619.558    254 147747.116   148451.138   148784.579
185  mtART+G4      66294.156    254 133096.312   133800.334   134133.775
186  mtART+I+G4    66232.419    255 132974.839   133688.282   134016.386
187  mtART+R2      68209.766    255 136929.533   137642.975   137971.080
188  mtART+R3      66754.239    257 134022.477   134755.140   135072.193
189  mtART+R4      66561.484    259 133640.969   134393.371   134698.854
190  mtART+R5      66305.987    261 133133.974   133906.652   134200.028
191  mtART+R6      66264.531    263 133055.062   133848.570   134129.285
192  mtART+R7      66176.961    265 132883.921   133698.835   133966.314
193  mtART+R8      66124.213    267 132782.426   133619.339   133872.988
194  mtART+R9      66103.437    269 132744.875   133604.401   133843.605
195  mtART+R10     66097.156    271 132736.313   133619.091   133843.212
196  mtART+F       70943.944    272 142431.889   143326.539   143542.873
197  mtART+F+I     69986.103    273 140518.205   141424.896   141633.274
198  mtART+F+G4    63867.973    273 128281.947   129188.638   129397.015
199  mtART+F+I+G4  63777.615    274 128103.230   129022.133   129222.383
200  mtART+F+R2    65659.592    274 131867.184   132786.087   132986.337
201  mtART+F+R3    64369.389    276 129290.779   130234.630   130418.100
202  mtART+F+R4    64108.603    278 128773.206   129742.731   129908.697
203  mtART+F+R5    63886.520    280 128333.039   129328.989   129476.699
204  mtART+F+R6    63850.138    282 128264.276   129287.430   129416.105
205  mtART+F+R7    63775.627    284 128119.254   129170.423   129279.252
206  mtART+F+R8    63736.452    286 128044.904   129124.930   129213.071
207  mtART+F+R9    63717.443    288 128010.886   129120.646   129187.221
208  mtART+F+R10   63708.044    290 127996.088   129136.493   129180.593
209  mtZOA         71878.543    253 144263.086   144957.811   145296.465
210  mtZOA+I       71050.710    254 142609.421   143313.443   143646.884
211  mtZOA+G4      64597.425    254 129702.849   130406.871   130740.312
212  mtZOA+I+G4    64512.652    255 129535.304   130248.747   130576.851
213  mtZOA+R2      66327.115    255 133164.231   133877.673   134205.778
214  mtZOA+R3      65003.361    257 130520.721   131253.384   131570.438
215  mtZOA+R4      64792.442    259 130102.885   130855.287   131160.770
216  mtZOA+R5      64562.490    261 129646.980   130419.658   130713.034
217  mtZOA+R6      64533.987    263 129593.973   130387.482   130668.197
218  mtZOA+R7      64470.319    265 129470.639   130285.552   130553.031
219  mtZOA+R8      64439.484    267 129412.968   130249.880   130503.529
220  mtZOA+R9      64430.050    269 129398.100   130257.627   130496.831
221  mtZOA+R10     64426.405    271 129394.811   130277.589   130501.710
222  mtZOA+F       69462.268    272 139468.536   140363.186   140579.519
223  mtZOA+F+I     68461.376    273 137468.752   138375.443   138583.821
224  mtZOA+F+G4    63062.265    273 126670.529   127577.220   127785.598
225  mtZOA+F+I+G4  62963.709    274 126475.418   127394.320   127594.571
226  mtZOA+F+R2    64687.179    274 129922.358   130841.260   131041.511
227  mtZOA+F+R3    63457.397    276 127466.795   128410.646   128594.116
228  mtZOA+F+R4    63220.741    278 126997.481   127967.006   128132.972
229  mtZOA+F+R5    63043.193    280 126646.387   127642.336   127790.047
230  mtZOA+F+R6    63017.976    282 126599.953   127623.106   127751.781
231  mtZOA+F+R7    62970.081    284 126508.161   127559.330   127668.159
232  mtZOA+F+R8    62939.262    286 126450.523   127530.550   127618.690
233  mtZOA+F+R9    62924.956    288 126425.912   127535.672   127602.248
234  mtZOA+F+R10   62917.176    290 126414.352   127554.757   127598.857
235  VT            66542.005    253 133590.010   134284.735   134623.389
236  VT+I          65552.135    254 131612.270   132316.292   132649.733
237  VT+G4         62309.645    254 125127.290   125831.312   126164.753
238  VT+I+G4       62224.336    255 124958.673   125672.115   126000.220
239  VT+R2         63332.720    255 127175.440   127888.883   128216.987
240  VT+R3         62438.300    257 125390.601   126123.264   126440.317
241  VT+R4         62285.402    259 125088.804   125841.206   126146.689
242  VT+R5         62214.254    261 124950.508   125723.186   126016.562
243  VT+R6         62202.328    263 124930.655   125724.164   126004.878
244  VT+R7         62180.241    265 124890.482   125705.395   125972.874
245  VT+R8         62165.559    267 124865.118   125702.030   125955.679
246  VT+R9         62156.836    269 124851.672   125711.198   125950.402
247  VT+R10        62150.359    271 124842.719   125725.497   125949.618
248  VT+F          66576.661    272 133697.321   134591.972   134808.305
249  VT+F+I        65605.073    273 131756.146   132662.837   132871.214
250  VT+F+G4       62314.416    273 125174.833   126081.524   126289.901
251  VT+F+I+G4     62229.007    274 125006.014   125924.917   126125.167
252  VT+F+R2       63357.088    274 127262.175   128181.077   128381.328
253  VT+F+R3       62449.584    276 125451.167   126395.019   126578.489
254  VT+F+R4       62282.703    278 125121.406   126090.931   126256.897
255  VT+F+R5       62208.130    280 124976.260   125972.209   126119.920
256  VT+F+R6       62200.462    282 124964.924   125988.078   126116.753
257  VT+F+R7       62184.020    284 124936.039   125987.208   126096.037
258  VT+F+R8       62173.499    286 124918.998   125999.024   126087.165
259  VT+F+R9       62165.155    288 124906.310   126016.070   126082.646
260  VT+F+R10      62158.836    290 124897.673   126038.078   126082.177
261  LG            66441.483    253 133388.967   134083.691   134422.345
262  LG+I          65463.626    254 131435.251   132139.273   132472.714
263  LG+G4         61680.067    254 123868.135   124572.156   124905.597
264  LG+I+G4       61573.455    255 123656.909   124370.352   124698.456
265  LG+R2         62891.676    255 126293.352   127006.795   127334.900
266  LG+R3         61859.857    257 124233.713   124966.376   125283.430
267  LG+R4         61649.833    259 123817.666   124570.068   124875.552
268  LG+R5         61593.114    261 123708.228   124480.906   124774.282
269  LG+R6         61580.915    263 123687.831   124481.339   124762.054
270  LG+R7         61555.795    265 123641.590   124456.503   124723.982
271  LG+R8         61537.480    267 123608.960   124445.872   124699.521
272  LG+R9         61526.267    269 123590.535   124450.061   124689.265
273  LG+R10        61517.127    271 123576.255   124459.033   124683.154
274  LG+F          66562.139    272 133668.277   134562.928   134779.261
275  LG+F+I        65604.258    273 131754.515   132661.206   132869.584
276  LG+F+G4       61732.827    273 124011.655   124918.346   125126.723
277  LG+F+I+G4     61631.647    274 123811.293   124730.196   124930.446
278  LG+F+R2       62961.426    274 126470.852   127389.754   127590.005
279  LG+F+R3       61927.122    276 124406.244   125350.096   125533.566
280  LG+F+R4       61708.462    278 123972.924   124942.449   125108.415
281  LG+F+R5       61649.274    280 123858.548   124854.497   125002.208
282  LG+F+R6       61638.581    282 123841.161   124864.315   124992.990
283  LG+F+R7       61615.282    284 123798.563   124849.732   124958.561
284  LG+F+R8       61596.883    286 123765.766   124845.792   124933.933
285  LG+F+R9       61586.455    288 123748.909   124858.669   124925.245
286  LG+F+R10      61576.911    290 123733.822   124874.228   124918.327
287  DCMut         68355.976    253 137217.953   137912.677   138251.331
288  DCMut+I       67212.280    254 134932.560   135636.582   135970.023
289  DCMut+G4      63353.058    254 127214.116   127918.137   128251.579
290  DCMut+I+G4    63240.513    255 126991.027   127704.470   128032.574
291  DCMut+R2      64483.932    255 129477.864   130191.307   130519.411
292  DCMut+R3      63487.154    257 127488.307   128220.970   128538.023
293  DCMut+R4      63295.402    259 127108.803   127861.205   128166.688
294  DCMut+R5      63210.372    261 126942.744   127715.422   128008.798
295  DCMut+R6      63199.778    263 126925.557   127719.065   127999.780
296  DCMut+R7      63176.269    265 126882.537   127697.450   127964.929
297  DCMut+R8      63158.392    267 126850.784   127687.696   127941.345
298  DCMut+R9      63145.607    269 126829.214   127688.740   127927.944
299  DCMut+R10     63136.359    271 126814.719   127697.497   127921.618
300  DCMut+F       68494.424    272 137532.847   138427.498   138643.831
301  DCMut+F+I     67384.581    273 135315.161   136221.852   136430.230
302  DCMut+F+G4    63360.859    273 127267.717   128174.408   128382.785
303  DCMut+F+I+G4  63255.246    274 127058.492   127977.395   128177.645
304  DCMut+F+R2    64601.146    274 129750.293   130669.195   130869.446
305  DCMut+F+R3    63533.156    276 127618.313   128562.164   128745.634
306  DCMut+F+R4    63330.596    278 127217.193   128186.718   128352.683
307  DCMut+F+R5    63243.765    280 127047.530   128043.480   128191.190
308  DCMut+F+R6    63232.607    282 127029.215   128052.368   128181.043
309  DCMut+F+R7    63209.068    284 126986.136   128037.305   128146.134
310  DCMut+F+R8    63191.774    286 126955.547   128035.573   128123.714
311  DCMut+F+R9    63179.199    288 126934.399   128044.159   128110.735
312  DCMut+F+R10   63170.125    290 126920.249   128060.655   128104.754
313  PMB           66619.822    253 133745.644   134440.368   134779.022
314  PMB+I         65719.727    254 131947.454   132651.476   132984.917
315  PMB+G4        62518.725    254 125545.451   126249.472   126582.914
316  PMB+I+G4      62438.995    255 125387.990   126101.432   126429.537
317  PMB+R2        63512.202    255 127534.405   128247.847   128575.952
318  PMB+R3        62643.502    257 125801.004   126533.667   126850.720
319  PMB+R4        62483.800    259 125485.599   126238.002   126543.485
320  PMB+R5        62402.352    261 125326.704   126099.382   126392.758
321  PMB+R6        62394.264    263 125314.528   126108.037   126388.751
322  PMB+R7        62384.129    265 125298.259   126113.172   126380.651
323  PMB+R8        62377.192    267 125288.384   126125.296   126378.945
324  PMB+R9        62370.093    269 125278.186   126137.713   126376.917
325  PMB+R10       62365.111    271 125272.222   126155.000   126379.121
326  PMB+F         66779.113    272 134102.226   134996.876   135213.210
327  PMB+F+I       65869.336    273 132284.673   133191.363   133399.741
328  PMB+F+G4      62629.084    273 125804.168   126710.859   126919.237
329  PMB+F+I+G4    62550.225    274 125648.449   126567.352   126767.602
330  PMB+F+R2      63641.554    274 127831.109   128750.011   128950.261
331  PMB+F+R3      62760.582    276 126073.163   127017.015   127200.485
332  PMB+F+R4      62596.052    278 125748.104   126717.629   126883.595
333  PMB+F+R5      62508.530    280 125577.061   126573.010   126720.720
334  PMB+F+R6      62498.929    282 125561.858   126585.012   126713.687
335  PMB+F+R7      62490.786    284 125549.572   126600.741   126709.570
336  PMB+F+R8      62484.914    286 125541.829   126621.855   126709.996
339  HIVb          70579.745    253 141665.490   142360.214   142698.868
340  HIVb+I        69226.591    254 138961.181   139665.203   139998.644
341  HIVb+G4       64715.088    254 129938.177   130642.199   130975.640
342  HIVb+I+G4     64593.126    255 129696.252   130409.694   130737.799
343  HIVb+R2       66189.250    255 132888.499   133601.942   133930.046
344  HIVb+R3       64965.675    257 130445.350   131178.013   131495.067
345  HIVb+R4       64696.280    259 129910.560   130662.962   130968.445
346  HIVb+R5       64564.015    261 129650.030   130422.708   130716.084
347  HIVb+R6       64548.835    263 129623.671   130417.179   130697.894
348  HIVb+R7       64534.323    265 129598.647   130413.560   130681.039
349  HIVb+R8       64523.162    267 129580.324   130417.237   130670.886
350  HIVb+R9       64520.154    269 129578.308   130437.835   130677.039
352  HIVb+F        70564.315    272 141672.630   142567.281   142783.614
353  HIVb+F+I      69235.901    273 139017.802   139924.493   140132.870
354  HIVb+F+G4     64469.256    273 129484.512   130391.203   130599.581
355  HIVb+F+I+G4   64344.442    274 129236.885   130155.787   130356.037
356  HIVb+F+R2     65978.074    274 132504.148   133423.051   133623.301
357  HIVb+F+R3     64773.787    276 130099.575   131043.427   131226.897
358  HIVb+F+R4     64460.944    278 129477.889   130447.414   130613.380
359  HIVb+F+R5     64334.332    280 129228.664   130224.613   130372.324
360  HIVb+F+R6     64316.881    282 129197.763   130220.917   130349.592
361  HIVb+F+R7     64303.099    284 129174.198   130225.367   130334.196
362  HIVb+F+R8     64292.758    286 129157.516   130237.542   130325.683
363  HIVb+F+R9     64290.752    288 129157.504   130267.264   130333.840
365  HIVw          73749.147    253 148004.294   148699.018   149037.672
366  HIVw+I        72373.037    254 145254.075   145958.097   146291.538
367  HIVw+G4       68215.479    254 136938.957   137642.979   137976.420
368  HIVw+I+G4     68089.589    255 136689.179   137402.622   137730.726
369  HIVw+R2       69467.756    255 139445.512   140158.955   140487.059
370  HIVw+R3       68395.768    257 137305.536   138038.199   138355.253
371  HIVw+R4       68176.349    259 136870.697   137623.100   137928.583
372  HIVw+R5       68040.432    261 136602.865   137375.543   137668.919
373  HIVw+R6       68027.578    263 136581.156   137374.664   137655.379
374  HIVw+R7       68011.961    265 136553.923   137368.836   137636.315
375  HIVw+R8       68000.557    267 136535.115   137372.027   137625.676
376  HIVw+R9       67998.193    269 136534.387   137393.913   137633.117
378  HIVw+F        72742.966    272 146029.933   146924.584   147140.917
379  HIVw+F+I      71379.441    273 143304.881   144211.572   144419.949
380  HIVw+F+G4     66862.743    273 134271.486   135178.177   135386.554
381  HIVw+F+I+G4   66746.006    274 134040.012   134958.914   135159.165
382  HIVw+F+R2     68203.818    274 136955.635   137874.537   138074.788
383  HIVw+F+R3     67122.704    276 134797.409   135741.261   135924.731
384  HIVw+F+R4     66852.072    278 134260.144   135229.669   135395.635
385  HIVw+F+R5     66718.237    280 133996.475   134992.424   135140.134
386  HIVw+F+R6     66702.907    282 133969.814   134992.968   135121.643
387  HIVw+F+R7     66687.958    284 133943.916   134995.084   135103.913
388  HIVw+F+R8     66676.486    286 133924.972   135004.998   135093.139
389  HIVw+F+R9     66673.822    288 133923.644   135033.404   135099.979
391  JTTDCMut      67772.269    253 136050.537   136745.262   137083.916
392  JTTDCMut+I    66676.529    254 133861.059   134565.080   134898.521
393  JTTDCMut+G4   62855.290    254 126218.581   126922.603   127256.044
394  JTTDCMut+I+G4 62751.973    255 126013.945   126727.388   127055.492
395  JTTDCMut+R2   64061.188    255 128632.376   129345.819   129673.924
396  JTTDCMut+R3   63044.492    257 126602.983   127335.646   127652.700
397  JTTDCMut+R4   62817.484    259 126152.969   126905.371   127210.854
398  JTTDCMut+R5   62719.532    261 125961.065   126733.743   127027.119
399  JTTDCMut+R6   62704.245    263 125934.490   126727.999   127008.714
400  JTTDCMut+R7   62692.910    265 125915.820   126730.733   126998.212
401  JTTDCMut+R8   62684.620    267 125903.241   126740.153   126993.802
402  JTTDCMut+R9   62682.333    269 125902.667   126762.193   127001.397
404  JTTDCMut+F    67872.293    272 136288.587   137183.238   137399.571
405  JTTDCMut+F+I  66787.229    273 134120.459   135027.150   135235.527
406  JTTDCMut+F+G4 62850.024    273 126246.047   127152.738   127361.115
407  JTTDCMut+F+I+G4 62747.483    274 126042.966   126961.869   127162.119
408  JTTDCMut+F+R2 64096.873    274 128741.746   129660.648   129860.899
409  JTTDCMut+F+R3 63049.205    276 126650.411   127594.263   127777.733
410  JTTDCMut+F+R4 62818.054    278 126192.108   127161.633   127327.598
411  JTTDCMut+F+R5 62721.651    280 126003.301   126999.250   127146.961
412  JTTDCMut+F+R6 62705.375    282 125974.749   126997.903   127126.578
413  JTTDCMut+F+R7 62693.321    284 125954.643   127005.812   127114.641
414  JTTDCMut+F+R8 62684.468    286 125940.936   127020.963   127109.103
415  JTTDCMut+F+R9 62682.750    288 125941.500   127051.260   127117.836
417  FLU           69857.565    253 140221.129   140915.854   141254.508
418  FLU+I         68732.409    254 137972.819   138676.841   139010.282
419  FLU+G4        64686.427    254 129880.854   130584.875   130918.317
420  FLU+I+G4      64596.577    255 129703.153   130416.596   130744.701
421  FLU+R2        65941.477    255 132392.954   133106.397   133434.502
422  FLU+R3        64873.999    257 130261.997   130994.660   131311.713
423  FLU+R4        64678.185    259 129874.371   130626.773   130932.256
424  FLU+R5        64580.448    261 129682.897   130455.575   130748.951
425  FLU+R6        64560.645    263 129647.290   130440.799   130721.513
426  FLU+R7        64548.689    265 129627.378   130442.291   130709.770
427  FLU+R8        64539.132    267 129612.263   130449.176   130702.825
428  FLU+R9        64536.960    269 129611.921   130471.447   130710.651
430  FLU+F         69540.067    272 139624.134   140518.785   140735.118
431  FLU+F+I       68444.527    273 137435.053   138341.744   138550.122
432  FLU+F+G4      64211.254    273 128968.508   129875.199   130083.577
433  FLU+F+I+G4    64123.818    274 128795.637   129714.539   129914.790
434  FLU+F+R2      65488.906    274 131525.812   132444.714   132644.965
435  FLU+F+R3      64425.078    276 129402.156   130346.008   130529.478
436  FLU+F+R4      64219.438    278 128994.876   129964.401   130130.367
437  FLU+F+R5      64120.379    280 128800.758   129796.707   129944.418
438  FLU+F+R6      64100.496    282 128764.993   129788.146   129916.821
439  FLU+F+R7      64087.610    284 128743.220   129794.389   129903.218
440  FLU+F+R8      64078.153    286 128728.306   129808.332   129896.473
441  FLU+F+R9      64076.793    288 128729.587   129839.347   129905.923
443  Blosum62      66396.045    253 133298.091   133992.815   134331.469
444  Blosum62+I    65503.187    254 131514.373   132218.395   132551.836
445  Blosum62+G4   62370.577    254 125249.154   125953.176   126286.617
446  Blosum62+I+G4 62282.166    255 125074.332   125787.774   126115.879
447  Blosum62+R2   63325.344    255 127160.687   127874.130   128202.235
448  Blosum62+R3   62480.622    257 125475.243   126207.906   126524.960
449  Blosum62+R4   62329.363    259 125176.727   125929.129   126234.612
450  Blosum62+R5   62244.075    261 125010.150   125782.828   126076.204
451  Blosum62+R6   62233.658    263 124993.316   125786.824   126067.539
452  Blosum62+R7   62228.802    265 124987.605   125802.518   126069.997
456  Blosum62+F    66552.658    272 133649.315   134543.966   134760.299
457  Blosum62+F+I  65642.697    273 131831.395   132738.086   132946.463
458  Blosum62+F+G4 62478.557    273 125503.114   126409.805   126618.182
459  Blosum62+F+I+G4 62392.302    274 125332.603   126251.506   126451.756
460  Blosum62+F+R2 63459.574    274 127467.147   128386.050   128586.300
461  Blosum62+F+R3 62594.562    276 125741.124   126684.976   126868.446
462  Blosum62+F+R4 62439.882    278 125435.765   126405.290   126571.256
463  Blosum62+F+R5 62344.903    280 125249.806   126245.756   126393.466
464  Blosum62+F+R6 62335.397    282 125234.795   126257.948   126386.623
465  Blosum62+F+R7 62331.431    284 125230.863   126282.032   126390.861
469  mtMet         72764.690    253 146035.379   146730.104   147068.758
470  mtMet+I       71897.009    254 144302.019   145006.040   145339.481
471  mtMet+G4      65939.774    254 132387.549   133091.570   133425.011
472  mtMet+I+G4    65848.895    255 132207.790   132921.233   133249.338
473  mtMet+R2      67475.436    255 135460.873   136174.315   136502.420
474  mtMet+R3      66288.841    257 133091.682   133824.345   134141.399
475  mtMet+R4      66013.056    259 132544.112   133296.514   133601.998
476  mtMet+R5      65846.106    261 132214.212   132986.890   133280.267
477  mtMet+R6      65806.726    263 132139.452   132932.961   133213.675
478  mtMet+R7      65798.899    265 132127.799   132942.712   133210.191
479  mtMet+R8      65792.326    267 132118.651   132955.563   133209.212
480  mtMet+R9      65792.324    269 132122.649   132982.175   133221.379
482  mtMet+F       69946.333    272 140436.666   141331.317   141547.650
483  mtMet+F+I     68889.141    273 138324.281   139230.972   139439.350
484  mtMet+F+G4    63613.002    273 127772.004   128678.695   128887.072
485  mtMet+F+I+G4  63507.574    274 127563.149   128482.051   128682.302
486  mtMet+F+R2    65204.624    274 130957.249   131876.151   132076.402
487  mtMet+F+R3    63962.927    276 128477.854   129421.706   129605.176
488  mtMet+F+R4    63686.653    278 127929.306   128898.831   129064.797
489  mtMet+F+R5    63529.838    280 127619.675   128615.625   128763.335
490  mtMet+F+R6    63503.515    282 127571.030   128594.184   128722.859
491  mtMet+F+R7    63495.811    284 127559.622   128610.791   128719.620
492  mtMet+F+R8    63491.924    286 127555.848   128635.874   128724.015
495  mtVer         74403.199    253 149312.398   150007.123   150345.777
496  mtVer+I       73484.952    254 147477.904   148181.926   148515.367
497  mtVer+G4      66692.711    254 133893.421   134597.443   134930.884
498  mtVer+I+G4    66594.747    255 133699.493   134412.936   134741.041
499  mtVer+R2      68483.921    255 137477.842   138191.285   138519.390
500  mtVer+R3      67137.994    257 134789.987   135522.650   135839.704
501  mtVer+R4      66820.317    259 134158.634   134911.037   135216.520
502  mtVer+R5      66597.261    261 133716.522   134489.200   134782.576
503  mtVer+R6      66565.184    263 133656.369   134449.877   134730.592
504  mtVer+R7      66557.359    265 133644.718   134459.631   134727.110
505  mtVer+R8      66551.516    267 133637.032   134473.944   134727.593
508  mtVer+F       71521.670    272 143587.340   144481.990   144698.324
509  mtVer+F+I     70396.527    273 141339.053   142245.744   142454.122
510  mtVer+F+G4    64685.878    273 129917.756   130824.447   131032.825
511  mtVer+F+I+G4  64567.081    274 129682.161   130601.064   130801.314
512  mtVer+F+R2    66415.414    274 133378.828   134297.730   134497.981
513  mtVer+F+R3    65070.532    276 130693.064   131636.916   131820.386
514  mtVer+F+R4    64775.082    278 130106.164   131075.689   131241.655
515  mtVer+F+R5    64602.831    280 129765.662   130761.612   130909.322
516  mtVer+F+R6    64575.877    282 129715.755   130738.909   130867.584
517  mtVer+F+R7    64567.602    284 129703.204   130754.373   130863.202
518  mtVer+F+R8    64565.147    286 129702.294   130782.321   130870.461
521  mtInv         72265.606    253 145037.212   145731.936   146070.590
522  mtInv+I       71393.738    254 143295.475   143999.497   144332.938
523  mtInv+G4      66053.731    254 132615.463   133319.484   133652.926
524  mtInv+I+G4    65960.004    255 132430.007   133143.450   133471.555
525  mtInv+R2      67458.433    255 135426.866   136140.308   136468.413
526  mtInv+R3      66340.373    257 133194.745   133927.408   134244.462
527  mtInv+R4      66092.881    259 132703.763   133456.165   133761.648
528  mtInv+R5      65944.023    261 132410.047   133182.725   133476.101
529  mtInv+R6      65913.926    263 132353.851   133147.360   133428.075
530  mtInv+R7      65907.797    265 132345.595   133160.508   133427.987
531  mtInv+R8      65903.104    267 132340.207   133177.120   133430.769
534  mtInv+F       68769.258    272 138082.515   138977.166   139193.499
535  mtInv+F+I     67733.225    273 136012.450   136919.141   137127.518
536  mtInv+F+G4    63029.980    273 126605.961   127512.652   127721.029
537  mtInv+F+I+G4  62925.030    274 126398.059   127316.962   127517.212
538  mtInv+F+R2    64519.719    274 129587.439   130506.341   130706.591
539  mtInv+F+R3    63333.871    276 127219.741   128163.593   128347.063
540  mtInv+F+R4    63064.692    278 126685.384   127654.909   127820.875
541  mtInv+F+R5    62936.643    280 126433.287   127429.236   127576.947
542  mtInv+F+R6    62914.972    282 126393.943   127417.097   127545.772
543  mtInv+F+R7    62907.771    284 126383.543   127434.712   127543.541
544  mtInv+F+R8    62904.223    286 126380.446   127460.472   127548.613
Akaike Information Criterion:           LG+R10
Corrected Akaike Information Criterion: LG+I+G4
Bayesian Information Criterion:         LG+R10
Best-fit model: LG+R10 chosen according to BIC

All model information printed to K15779.blastp_ALL.outfmt6.parsed.filtered.uniq.faa.mafft.aln.trimal1.model.gz
CPU time for ModelFinder: 4811.288 seconds (1h:20m:11s)
Wall-clock time for ModelFinder: 2064.108 seconds (0h:34m:24s)
Generating 2000 samples for ultrafast bootstrap (seed: 600721)...

NOTE: 93 MB RAM (0 GB) is required!
Measuring multi-threading efficiency up to 2 CPU cores
7 trees examined
Threads: 1 / Time: 2.122 sec / Speedup: 1.000 / Efficiency: 100% / LogL: -77609
Threads: 2 / Time: 1.168 sec / Speedup: 1.818 / Efficiency: 91% / LogL: -77609
BEST NUMBER OF THREADS: 2

Estimate model parameters (epsilon = 0.100)
1. Initial log-likelihood: -61517.070
2. Current log-likelihood: -61492.422
3. Current log-likelihood: -61491.774
4. Current log-likelihood: -61491.601
5. Current log-likelihood: -61491.499
Optimal log-likelihood: -61491.416
Site proportion and rates:  (0.147,0.049) (0.091,0.165) (0.077,0.307) (0.054,0.543) (0.133,0.585) (0.089,0.782) (0.060,0.992) (0.109,1.258) (0.127,1.941) (0.113,2.969)
Parameters optimization took 5 rounds (15.539 sec)
Computing ML distances based on estimated model parameters... 11.398 sec
WARNING: Some pairwise ML distances are too long (saturated)
Computing BIONJ tree...
0.008 seconds
Log-likelihood of BIONJ tree: -61403.681
--------------------------------------------------------------------
|             INITIALIZING CANDIDATE TREE SET                      |
--------------------------------------------------------------------
Generating 98 parsimony trees... 5.193 second
Computing log-likelihood of 98 initial trees ... 26.948 seconds
Current best score: -61403.681

Do NNI search on 20 best initial trees
Estimate model parameters (epsilon = 0.100)
BETTER TREE FOUND at iteration 1: -61290.775
Estimate model parameters (epsilon = 0.100)
BETTER TREE FOUND at iteration 2: -61289.064
Estimate model parameters (epsilon = 0.100)
BETTER TREE FOUND at iteration 4: -61280.873
Iteration 10 / LogL: -61301.178 / Time: 0h:1m:49s
Iteration 20 / LogL: -61284.179 / Time: 0h:2m:25s
Finish initializing candidate tree set (20)
Current best tree score: -61280.873 / CPU time: 118.937
Number of iterations: 20
--------------------------------------------------------------------
|               OPTIMIZING CANDIDATE TREE SET                      |
--------------------------------------------------------------------
Estimate model parameters (epsilon = 0.100)
BETTER TREE FOUND at iteration 21: -61256.936
Estimate model parameters (epsilon = 0.100)
BETTER TREE FOUND at iteration 24: -61235.847
Iteration 30 / LogL: -61247.990 / Time: 0h:3m:6s (0h:10m:4s left)
Iteration 40 / LogL: -61245.739 / Time: 0h:3m:36s (0h:7m:46s left)
Estimate model parameters (epsilon = 0.100)
BETTER TREE FOUND at iteration 43: -61235.335
Estimate model parameters (epsilon = 0.100)
BETTER TREE FOUND at iteration 48: -61234.829
Iteration 50 / LogL: -61237.471 / Time: 0h:4m:17s (0h:8m:34s left)
Log-likelihood cutoff on original alignment: -61367.197
Iteration 60 / LogL: -61236.719 / Time: 0h:4m:48s (0h:7m:9s left)
Iteration 70 / LogL: -61246.233 / Time: 0h:5m:21s (0h:6m:3s left)
Iteration 80 / LogL: -61242.351 / Time: 0h:5m:53s (0h:5m:3s left)
Estimate model parameters (epsilon = 0.100)
BETTER TREE FOUND at iteration 87: -61234.454
Iteration 90 / LogL: -61234.800 / Time: 0h:6m:24s (0h:6m:59s left)
Iteration 100 / LogL: -61258.500 / Time: 0h:6m:57s (0h:6m:6s left)
Log-likelihood cutoff on original alignment: -61367.197
NOTE: Bootstrap correlation coefficient of split occurrence frequencies: 0.994
Estimate model parameters (epsilon = 0.100)
BETTER TREE FOUND at iteration 102: -61234.275
Iteration 110 / LogL: -61236.867 / Time: 0h:7m:28s (0h:6m:18s left)
Iteration 120 / LogL: -61235.911 / Time: 0h:7m:59s (0h:5m:30s left)
Estimate model parameters (epsilon = 0.100)
BETTER TREE FOUND at iteration 126: -61233.991
Iteration 130 / LogL: -61237.514 / Time: 0h:8m:33s (0h:6m:21s left)
Iteration 140 / LogL: -61244.962 / Time: 0h:9m:3s (0h:5m:36s left)
Estimate model parameters (epsilon = 0.100)
BETTER TREE FOUND at iteration 147: -61232.376
Iteration 150 / LogL: -61234.030 / Time: 0h:9m:36s (0h:6m:15s left)
Log-likelihood cutoff on original alignment: -61359.528
Iteration 160 / LogL: -61237.638 / Time: 0h:10m:5s (0h:5m:31s left)
Estimate model parameters (epsilon = 0.100)
BETTER TREE FOUND at iteration 169: -61231.755
Iteration 170 / LogL: -61232.119 / Time: 0h:10m:38s (0h:6m:14s left)
Estimate model parameters (epsilon = 0.100)
BETTER TREE FOUND at iteration 179: -61230.303
Iteration 180 / LogL: -61232.991 / Time: 0h:11m:12s (0h:6m:12s left)
Iteration 190 / LogL: -61237.618 / Time: 0h:11m:43s (0h:5m:31s left)
Estimate model parameters (epsilon = 0.100)
BETTER TREE FOUND at iteration 197: -61228.842
Iteration 200 / LogL: -61274.210 / Time: 0h:12m:18s (0h:5m:59s left)
Log-likelihood cutoff on original alignment: -61359.528
NOTE: Bootstrap correlation coefficient of split occurrence frequencies: 0.993
Iteration 210 / LogL: -61239.356 / Time: 0h:12m:50s (0h:5m:31s left)
Iteration 220 / LogL: -61237.918 / Time: 0h:13m:20s (0h:4m:52s left)
Iteration 230 / LogL: -61231.417 / Time: 0h:13m:51s (0h:4m:14s left)
Iteration 240 / LogL: -61247.178 / Time: 0h:14m:23s (0h:3m:36s left)
Estimate model parameters (epsilon = 0.100)
BETTER TREE FOUND at iteration 248: -61228.530
Iteration 250 / LogL: -61239.797 / Time: 0h:14m:55s (0h:5m:52s left)
Log-likelihood cutoff on original alignment: -61359.528
Iteration 260 / LogL: -61229.854 / Time: 0h:15m:28s (0h:5m:15s left)
Estimate model parameters (epsilon = 0.100)
BETTER TREE FOUND at iteration 269: -61228.437
Iteration 270 / LogL: -61248.993 / Time: 0h:16m:0s (0h:5m:53s left)
Iteration 280 / LogL: -61229.300 / Time: 0h:16m:30s (0h:5m:15s left)
Estimate model parameters (epsilon = 0.100)
BETTER TREE FOUND at iteration 287: -61227.961
Iteration 290 / LogL: -61239.702 / Time: 0h:17m:0s (0h:5m:42s left)
Iteration 300 / LogL: -61233.218 / Time: 0h:17m:30s (0h:5m:5s left)
Log-likelihood cutoff on original alignment: -61359.528
NOTE: Bootstrap correlation coefficient of split occurrence frequencies: 0.986
NOTE: UFBoot does not converge, continue at least 100 more iterations
Iteration 310 / LogL: -61237.674 / Time: 0h:18m:4s (0h:5m:15s left)
Iteration 320 / LogL: -61235.081 / Time: 0h:18m:40s (0h:4m:41s left)
Iteration 330 / LogL: -61231.044 / Time: 0h:19m:9s (0h:4m:4s left)
Iteration 340 / LogL: -61239.670 / Time: 0h:19m:36s (0h:3m:28s left)
Iteration 350 / LogL: -61231.089 / Time: 0h:20m:4s (0h:2m:52s left)
Log-likelihood cutoff on original alignment: -61359.528
Iteration 360 / LogL: -61242.007 / Time: 0h:20m:33s (0h:2m:17s left)
Iteration 370 / LogL: -61229.074 / Time: 0h:21m:2s (0h:1m:42s left)
Iteration 380 / LogL: -61241.758 / Time: 0h:21m:31s (0h:1m:8s left)
Iteration 390 / LogL: -61229.243 / Time: 0h:22m:0s (0h:0m:33s left)
Iteration 400 / LogL: -61244.822 / Time: 0h:22m:28s (0h:0m:0s left)
Log-likelihood cutoff on original alignment: -61359.528
NOTE: Bootstrap correlation coefficient of split occurrence frequencies: 0.988
NOTE: UFBoot does not converge, continue at least 100 more iterations
Iteration 410 / LogL: -61231.413 / Time: 0h:22m:59s (0h:5m:3s left)
Iteration 420 / LogL: -61229.891 / Time: 0h:23m:27s (0h:4m:28s left)
Iteration 430 / LogL: -61235.750 / Time: 0h:23m:55s (0h:3m:54s left)
Iteration 440 / LogL: -61264.926 / Time: 0h:24m:26s (0h:3m:20s left)
Iteration 450 / LogL: -61228.519 / Time: 0h:24m:55s (0h:2m:46s left)
Log-likelihood cutoff on original alignment: -61359.528
Iteration 460 / LogL: -61229.499 / Time: 0h:25m:26s (0h:2m:12s left)
Iteration 470 / LogL: -61233.032 / Time: 0h:25m:53s (0h:1m:39s left)
Iteration 480 / LogL: -61233.464 / Time: 0h:26m:21s (0h:1m:6s left)
Iteration 490 / LogL: -61237.831 / Time: 0h:26m:46s (0h:0m:32s left)
Iteration 500 / LogL: -61228.275 / Time: 0h:27m:13s (0h:0m:0s left)
Log-likelihood cutoff on original alignment: -61359.528
NOTE: Bootstrap correlation coefficient of split occurrence frequencies: 0.997
TREE SEARCH COMPLETED AFTER 500 ITERATIONS / Time: 0h:27m:14s

--------------------------------------------------------------------
|                    FINALIZING TREE SEARCH                        |
--------------------------------------------------------------------
Performs final model parameters optimization
Estimate model parameters (epsilon = 0.010)
1. Initial log-likelihood: -61227.961
Optimal log-likelihood: -61227.958
Site proportion and rates:  (0.147,0.049) (0.094,0.173) (0.072,0.316) (0.070,0.585) (0.156,0.593) (0.050,0.878) (0.042,0.901) (0.128,1.229) (0.126,1.948) (0.114,2.935)
Parameters optimization took 1 rounds (0.638 sec)
BEST SCORE FOUND : -61227.958
Creating bootstrap support values...
Split supports printed to NEXUS file K15779.blastp_ALL.outfmt6.parsed.filtered.uniq.faa.mafft.aln.trimal1.splits.nex
Total tree length: 59.471

Total number of iterations: 500
CPU time used for tree search: 3201.986 sec (0h:53m:21s)
Wall-clock time used for tree search: 1608.137 sec (0h:26m:48s)
Total CPU time used: 3253.771 sec (0h:54m:13s)
Total wall-clock time used: 1635.443 sec (0h:27m:15s)

Computing bootstrap consensus tree...
Reading input file K15779.blastp_ALL.outfmt6.parsed.filtered.uniq.faa.mafft.aln.trimal1.splits.nex...
128 taxa and 1072 splits.
Consensus tree written to K15779.blastp_ALL.outfmt6.parsed.filtered.uniq.faa.mafft.aln.trimal1.contree
Reading input trees file K15779.blastp_ALL.outfmt6.parsed.filtered.uniq.faa.mafft.aln.trimal1.contree
Log-likelihood of consensus tree: -61230.480

Analysis results written to: 
  IQ-TREE report:                K15779.blastp_ALL.outfmt6.parsed.filtered.uniq.faa.mafft.aln.trimal1.iqtree
  Maximum-likelihood tree:       K15779.blastp_ALL.outfmt6.parsed.filtered.uniq.faa.mafft.aln.trimal1.treefile
  Likelihood distances:          K15779.blastp_ALL.outfmt6.parsed.filtered.uniq.faa.mafft.aln.trimal1.mldist

Ultrafast bootstrap approximation results written to:
  Split support values:          K15779.blastp_ALL.outfmt6.parsed.filtered.uniq.faa.mafft.aln.trimal1.splits.nex
  Consensus tree:                K15779.blastp_ALL.outfmt6.parsed.filtered.uniq.faa.mafft.aln.trimal1.contree
  Screen log file:               K15779.blastp_ALL.outfmt6.parsed.filtered.uniq.faa.mafft.aln.trimal1.log

Date and Time: Thu Sep  9 01:03:49 2021
