IQ-TREE multicore version 1.6.12 for Linux 64-bit built Aug 15 2019
Developed by Bui Quang Minh, Nguyen Lam Tung, Olga Chernomor,
Heiko Schmidt, Dominik Schrempf, Michael Woodhams.

Host:    coral (AVX512, FMA3, 376 GB RAM)
Command: /home/timothy/programs/iqtree-1.6.12-Linux/bin/iqtree -s K18532.blastp_ALL.outfmt6.parsed.filtered.uniq.faa.mafft.aln.trimal1 -nt AUTO -ntmax 2 -m MFP -bb 2000 -quiet
Seed:    683663 (Using SPRNG - Scalable Parallel Random Number Generator)
Time:    Thu Sep  9 00:05:13 2021
Kernel:  AVX+FMA - auto-detect threads (96 CPU cores detected)

Reading alignment file K18532.blastp_ALL.outfmt6.parsed.filtered.uniq.faa.mafft.aln.trimal1 ... Fasta format detected
Alignment most likely contains protein sequences
Alignment has 114 sequences with 135 columns, 133 distinct patterns
119 parsimony-informative, 5 singleton sites, 11 constant sites
                                                                                                                                          Gap/Ambiguity  Composition  p-value
   1  Archaea-CandidatusBathyarchaeota-NA-NA-NA-Candidatus_Bathyarchaeota_archaeon_WP_116595101.1                                                 5.19%    passed     41.81%
   2  Archaea-CandidatusKorarchaeota-NA-NA-NA-Candidatus_Korarchaeum_cryptofilum_WP_012309644.1                                                   5.19%    passed     10.07%
   3  Archaea-Crenarchaeota-Thermoprotei-Desulfurococcales-Desulfurococcaceae-Staphylothermus_marinus_WP_011839083.1                              4.44%    failed      3.05%
   4  Archaea-Crenarchaeota-Thermoprotei-Desulfurococcales-Pyrodictiaceae-Pyrolobus_fumarii_WP_083818452.1                                        2.96%    passed     26.76%
   5  Archaea-Crenarchaeota-Thermoprotei-Thermoproteales-Thermofilaceae-Thermofilum_uzonense_WP_052884520.1                                       4.44%    failed      4.84%
   6  Archaea-Euryarchaeota-Methanococci-Methanococcales-Methanococcaceae-Methanococcus_maripaludis_WP_081422769.1                                7.41%    passed     38.77%
   7  Archaea-Euryarchaeota-Methanococci-Methanococcales-Methanococcaceae-Methanothermococcus_thermolithotrophicus_WP_026182917.1                 5.19%    passed     34.21%
   8  Archaea-Euryarchaeota-Methanomicrobia-Methanosarcinales-Methanosarcinaceae-Methanosarcina_barkeri_WP_048108999.1                            7.41%    passed     32.36%
   9  Archaea-NA-NA-NA-NA-archaeon_AArcSl_WP_119814570.1                                                                                          7.41%    failed      0.16%
  10  Bacteria-Aquificae-Aquificae-Desulfurobacteriales-Desulfurobacteriaceae-Thermovibrio_ammonificans_WP_013538312.1                            8.15%    failed      0.12%
  11  Eukaryota-Acytosteliales-Acytosteliales-Acytosteliales-Acytosteliaceae-Acytostelium_subglobosum_XP_012748328.1                              4.44%    passed     95.73%
  12  Eukaryota-Acytosteliales-Acytosteliales-Acytosteliales-Acytosteliaceae-Heterostelium_album_XP_020435931.1                                   4.44%    passed     76.34%
  13  Eukaryota-Acytosteliales-Acytosteliales-Acytosteliales-Cavenderiaceae-Cavenderia_fasciculata_XP_004358802.1                                 4.44%    passed     69.33%
  14  Eukaryota-Alveolata-Dinophyceae-NA-Unranked-Alexandrium_andersonii_MMETSP1436_c38716_g1_i1.p1                                               4.44%    passed     21.24%
  15  Eukaryota-Alveolata-Dinophyceae-NA-Unranked-Glenodinium_foliaceum_MMETSP0119_c27858_g1_i1.p1                                                4.44%    passed     65.10%
  16  Eukaryota-Alveolata-Dinophyceae-Peridiniales-Kryptoperidiniaceae-Durinskia_baltica_MMETSP0117_c5558_g1_i1.p1                                4.44%    passed     99.42%
  17  Eukaryota-Amoebozoa-NA-NA-Paramoebidae-Filamoeba_nolandi_MMETSP0413_c2583_g1_i1.p1                                                          4.44%    passed     98.18%
  18  Eukaryota-Amoebozoa-NA-NA-Paramoebidae-Neoparamoeba_aestuarina_MMETSP0161_c4781_g1_i1.p1                                                    4.44%    passed     75.12%
  19  Eukaryota-Amoebozoa-NA-NA-Paramoebidae-Vexillifera_sp_MMETSP0173_c389_g1_i1.p1                                                              4.44%    passed     91.57%
  20  Eukaryota-Annelida-Clitellata-Hirudinida-Glossiphoniidae-Helobdella_robusta_jgi68926                                                        5.19%    passed     77.17%
  21  Eukaryota-Apicomplexa-Conoidasida-Eucoccidiorida-Eimeriidae-Cyclospora_cayetanensis_XP_022591436.1                                          4.44%    passed     91.79%
  22  Eukaryota-Apicomplexa-Conoidasida-Eucoccidiorida-Eimeriidae-Eimeria_acervulina_XP_013247667.1                                               4.44%    passed     31.49%
  23  Eukaryota-Apicomplexa-Conoidasida-Eucoccidiorida-Sarcocystidae-Besnoitia_besnoiti_XP_029222500.1                                            4.44%    passed     92.18%
  24  Eukaryota-Apusomonadidae-NA-NA-NA-Thecamonas_trahens_XP_013757016.1                                                                         4.44%    passed     95.99%
  25  Eukaryota-Arthropoda-Insecta-Hemiptera-Aphididae-Acyrthosiphon_pisum_NP_001155598.1                                                         4.44%    passed     98.83%
  26  Eukaryota-Arthropoda-Insecta-Hemiptera-Aphididae-Aphis_gossypii_XP_027836315.1                                                              4.44%    passed     96.68%
  27  Eukaryota-Arthropoda-Insecta-Hemiptera-Aphididae-Diuraphis_noxia_XP_015379023.1                                                             4.44%    passed     98.38%
  28  Eukaryota-Ascomycota-NA-NA-NA-Saitoella_complicata_XP_019020816.1                                                                           4.44%    passed     86.22%
  29  Eukaryota-Ascomycota-Schizosaccharomycetes-Schizosaccharomycetales-Schizosaccharomycetaceae-Schizosaccharomyces_japonicus_XP_002174929.1    4.44%    passed     89.60%
  30  Eukaryota-Ascomycota-Sordariomycetes-Sordariales-Chaetomiaceae-Chaetomium_thermophilum_XP_006693263.1                                       4.44%    passed     81.95%
  31  Eukaryota-Basidiomycota-Agaricomycetes-Hymenochaetales-Hymenochaetaceae-Fomitiporia_mediterranea_XP_007265780.1                             4.44%    passed     76.83%
  32  Eukaryota-Basidiomycota-Agaricomycetes-Polyporales-Sparassidaceae-Sparassis_crispa_XP_027609245.1                                           4.44%    passed     46.67%
  33  Eukaryota-Basidiomycota-Agaricomycetes-Russulales-Bondarzewiaceae-Heterobasidion_annosum_jgi66277                                           4.44%    passed     82.28%
  34  Eukaryota-Brachiopoda-Lingulata-Lingulida-Lingulidae-Lingula_anatina_XP_013382134.1                                                         4.44%    passed     98.58%
  35  Eukaryota-Cercozoa-Chlorarachniophyceae-NA-NA-Lotharella_amoebiformis_MMETSP0042_c4286_g1_i1.p1                                             4.44%    passed     99.65%
  36  Eukaryota-Cercozoa-Chlorarachniophyceae-NA-NA-Partenskyella_glossopodia_MMETSP1318_c12784_g1_i1.p1                                          4.44%    passed     99.95%
  37  Eukaryota-Cercozoa-NA-Euglyphida-Paulinellidae-Paulinella_chromatophora_scaffold14480-size951_m.91398                                       4.44%    passed     94.78%
  38  Eukaryota-Chlorophyta-Chlorophyceae-Chlamydomonadales-Chlamydomonadaceae-Chlamydomonas_chlamydogama_MMETSP1392_c23180_g1_i1.p1              4.44%    passed     97.33%
  39  Eukaryota-Chlorophyta-NA-NA-NA-Pterosperma_sp_MMETSP1438_c34111_g1_i1.p1                                                                    4.44%    passed     97.45%
  40  Eukaryota-Chlorophyta-NA-Pyramimonadales-NA-Pyramimonas_amylifera_MMETSP1081_c31826_g1_i1.p1                                                4.44%    passed     77.95%
  41  Eukaryota-Choanoflagellata-Choanoflagellata-Choanoflagellata-NA-Acanthoeca_sp_MMETSP0105_c1289_g1_i1.p1                                     4.44%    passed     97.01%
  42  Eukaryota-Choanoflagellata-Choanoflagellata-Choanoflagellata-Salpingoecidae-Monosiga_brevicollis_XP_001749443.1                             4.44%    passed     89.35%
  43  Eukaryota-Chordata-Mammalia-Eulipotyphla-Erinaceidae-Erinaceus_europaeus_XP_007538094.1                                                     4.44%    passed     89.69%
  44  Eukaryota-Chordata-Mammalia-Macroscelidea-Macroscelididae-Elephantulus_edwardii_XP_006900106.1                                              4.44%    passed     98.52%
  45  Eukaryota-Chordata-Mammalia-NA-Chrysochloridae-Chrysochloris_asiatica_XP_006871028.1                                                        4.44%    passed     95.49%
  46  Eukaryota-Chromeraceae-NA-NA-NA-Chromera_velia_MMETSP0290_c29825_g1_i1.p1                                                                   4.44%    passed     86.64%
  47  Eukaryota-Chromeraceae-NA-NA-NA-Vitrella_brassicaformis_MMETSP1451_c5167_g1_i1.p3                                                           4.44%    passed     79.95%
  48  Eukaryota-Chytridiomycota-Chytridiomycetes-Rhizophydiales-NA-Batrachochytrium_dendrobatidis_jgi30752                                        4.44%    passed     98.62%
  49  Eukaryota-Chytridiomycota-Chytridiomycetes-Spizellomycetales-Spizellomycetaceae-Spizellomyces_punctatus_XP_016612715.1                      4.44%    passed     97.45%
  50  Eukaryota-Ciliophora-NA-Unranked-NA-Strombidinopsis_acuminatum_MMETSP0126_c72346_g1_i1.p2                                                   3.70%    passed     99.60%
  51  Eukaryota-Ciliophora-NA-Unranked-NA-Strombidium_inclinatum_MMETSP0208_c9356_g1_i1.p1                                                        4.44%    passed     72.40%
  52  Eukaryota-Ciliophora-NA-Unranked-NA-Tiarina_fusus_MMETSP0472_c51725_g1_i1.p1                                                                4.44%    passed     99.94%
  53  Eukaryota-Cnidaria-Anthozoa-Scleractinia-Merulinidae-Orbicella_faveolata_XP_020606623.1                                                     4.44%    passed     95.16%
  54  Eukaryota-Cnidaria-Anthozoa-Scleractinia-Pocilloporidae-Stylophora_pistillata_XP_022790028.1                                                4.44%    passed     96.39%
  55  Eukaryota-Cnidaria-Hydrozoa-Anthoathecata-Hydridae-Hydra_magnipapillata_jgiHma2231866                                                       4.44%    passed     96.36%
  56  Eukaryota-Cryptophyta-NA-Cryptomonadales-Cryptomonadaceae-Cryptomonas_paramecium_MMETSP0038_c11557_g1_i2.p1                                 4.44%    passed     99.83%
  57  Eukaryota-Cryptophyta-NA-Cryptomonadales-Hemiselmidaceae-Hemiselmis_andersenii_MMETSP1041_c32414_g1_i1.p1                                   4.44%    passed     95.37%
  58  Eukaryota-Cryptophyta-NA-Goniomondales-NA-Goniomonas_sp_MMETSP0114_c33804_g1_i1.p1                                                          4.44%    passed     95.33%
  59  Eukaryota-Dictyosteliales-Dictyosteliales-Dictyosteliales-Dictyosteliaceae-Dictyostelium_discoideum_XP_642399.1                             4.44%    passed     96.51%
  60  Eukaryota-Diplomonadida-Diplomonadida-Diplomonadida-Hexamitidae-Giardia_intestinalis_XP_001706409.1                                         5.19%    passed     70.74%
  61  Eukaryota-Echinodermata-Asteroidea-Valvatida-Acanthasteridae-Acanthaster_planci_XP_022094549.1                                              4.44%    passed     78.28%
  62  Eukaryota-Echinodermata-Echinoidea-Echinoida-Strongylocentrotidae-Strongylocentrotus_purpuratus_XP_799000.3                                 4.44%    passed     99.18%
  63  Eukaryota-Entamoebidae-NA-NA-NA-Entamoeba_dispar_XP_001735900.1                                                                             4.44%    passed     84.76%
  64  Eukaryota-Euglenida-NA-Eutreptiales-NA-Eutreptiella_gymnastica_MMETSP0039_c107437_g1_i1.p1                                                  4.44%    passed     67.67%
  65  Eukaryota-Euglenida-NA-NA-Unranked-Neobodo_designis_MMETSP1114_c14220_g1_i1.p2                                                              4.44%    passed     38.26%
  66  Eukaryota-Fonticulida-Fonticulida-Fonticulida-Fonticulaceae-Fonticula_alba_XP_009495259.1                                                   4.44%    passed     14.22%
  67  Eukaryota-Glaucophyta-Glaucophyta-Gloeochaetales-Gloeochaetaceae-Gloeochaete_witrockiana_MMETSP0308_c6285_g1_i1.p1                          4.44%    passed     99.38%
  68  Eukaryota-Glaucophyta-Glaucophyta-NA-NA-Cyanoptyche_gloeocystis_MMETSP1086_c23720_g1_i1.p1                                                  4.44%    passed     99.84%
  69  Eukaryota-Haptophyta-NA-Pavlovales-Pavlovaceae-Pavlova_lutheri_MMETSP1463_c4487_g1_i1.p1                                                    4.44%    failed      0.50%
  70  Eukaryota-Haptophyta-NA-Prymnesiales-NA-Chrysochromulina_polylepis_MMETSP0145_c29699_g1_i1.p1                                               4.44%    passed     77.12%
  71  Eukaryota-Haptophyta-NA-Prymnesiales-NA-Prymnesium_parvum_MMETSP0006_c5277_g1_i1.p1                                                         4.44%    passed     97.18%
  72  Eukaryota-Hemichordata-Enteropneusta-NA-Harrimaniidae-Saccoglossus_kowalevskii_XP_006812089.1                                              28.15%    passed     78.42%
  73  Eukaryota-Heterolobosea-NA-NA-NA-Percolomonas_cosmopolitus_MMETSP0758_c10957_g1_i1.p1                                                       4.44%    passed     53.50%
  74  Eukaryota-Heterolobosea-NA-NA-Vahlkampfiidae-Naegleria_gruberi_jgi44441                                                                     4.44%    passed     99.97%
  75  Eukaryota-Kinetoplastida-Kinetoplastida-Kinetoplastida-Trypanosomatidae-Leishmania_braziliensis_XP_001566813.1                              4.44%    passed     68.92%
  76  Eukaryota-Kinetoplastida-Kinetoplastida-Kinetoplastida-Trypanosomatidae-Leptomonas_pyrrhocoris_XP_015661662.1                               4.44%    passed     67.16%
  77  Eukaryota-Kinetoplastida-Kinetoplastida-Kinetoplastida-Trypanosomatidae-Trypanosoma_cruzi_XP_810584.1                                       4.44%    passed     85.39%
  78  Eukaryota-Longamoebia-Longamoebia-Longamoebia-Acanthamoebidae-Acanthamoeba_castellanii_XP_004344567.1                                       4.44%    passed     99.47%
  79  Eukaryota-Mesomycetozoea-Ichthyosporea-Ichthyophonida-NA-Sphaeroforma_arctica_XP_014148435.1                                               27.41%    passed     72.88%
  80  Eukaryota-Mesomycetozoea-Ichthyosporea-NA-NA-Capsaspora_owczarzaki_XP_004346816.2                                                           4.44%    passed     91.50%
  81  Eukaryota-Microsporidia-NA-NA-NA-Mitosporidium_daphniae_XP_013238037.1                                                                      3.70%    passed     76.42%
  82  Eukaryota-Microsporidia-NA-NA-Nosematidae-Nosema_ceranae_XP_024331797.1                                                                     5.19%    failed      3.97%
  83  Eukaryota-Microsporidia-NA-NA-Unikaryonidae-Encephalitozoon_hellem_XP_003888171.1                                                           4.44%    passed     15.58%
  84  Eukaryota-Mollusca-Bivalvia-Ostreoida-Ostreidae-Crassostrea_gigas_XP_011412033.1                                                            4.44%    passed     96.38%
  85  Eukaryota-Mollusca-Bivalvia-Pectinoida-Pectinidae-Mizuhopecten_yessoensis_XP_021346160.1                                                    4.44%    passed     99.93%
  86  Eukaryota-Mollusca-Cephalopoda-Octopoda-Octopodidae-Octopus_bimaculoides_XP_014781743.1                                                     4.44%    passed     97.42%
  87  Eukaryota-Mucorales-Mucoraceae-Undefined-Undefined-Mucor_circinelloides_jgi48976                                                            4.44%    passed     82.66%
  88  Eukaryota-Mucoromycota-Glomeromycetes-Glomerales-Glomeraceae-Rhizophagus_irregularis_XP_025169524.1                                         4.44%    passed     92.01%
  89  Eukaryota-Mucoromycota-Mortierellomycetes-Mortierellales-Mortierellaceae-Lobosporangium_transversale_XP_021885568.1                         4.44%    passed     91.28%
  90  Eukaryota-Mucoromycota-Mucoromycetes-Mucorales-Phycomycetaceae-Phycomyces_blakesleeanus_jgi20799                                            4.44%    passed     98.63%
  91  Eukaryota-Nematoda-Chromadorea-Rhabditida-Rhabditidae-Caenorhabditis_remanei_XP_003097281.1                                                 4.44%    passed     97.26%
  92  Eukaryota-Nematoda-Chromadorea-Rhabditida-Strongyloididae-Strongyloides_ratti_XP_024504212.1                                                4.44%    passed     13.54%
  93  Eukaryota-Nematoda-Chromadorea-Strongylida-Ancylostomatidae-Necator_americanus_XP_013291961.1                                               4.44%    passed     99.87%
  94  Eukaryota-Palpitomonas-NA-NA-NA-Palpitomonas_bilix_MMETSP0780_c9834_g1_i2.p1                                                                4.44%    passed     82.23%
  95  Eukaryota-Perkinsozoa-NA-Perkinsida-Perkinsidae-Perkinsus_marinus_XP_002782280.1                                                            4.44%    passed     73.43%
  96  Eukaryota-Placozoa-NA-NA-Trichoplacidae-Trichoplax_adhaerens_XP_002110890.1                                                                 4.44%    passed     76.71%
  97  Eukaryota-Platyhelminthes-Cestoda-Cyclophyllidea-Taeniidae-Echinococcus_granulosus_XP_024354691.1                                           4.44%    passed     98.39%
  98  Eukaryota-Platyhelminthes-Trematoda-Strigeidida-Schistosomatidae-Schistosoma_mansoni_XP_018651786.1                                        18.52%    passed     98.39%
  99  Eukaryota-Porifera-Demospongiae-Haplosclerida-Niphatidae-Amphimedon_queenslandica_jgiAqu1220536                                             4.44%    passed     99.65%
 100  Eukaryota-Priapulida-Priapulimorpha-Priapulimorphida-Priapulidae-Priapulus_caudatus_XP_014677688.1                                          4.44%    passed     35.11%
 101  Eukaryota-Retaria-NA-NA-NA-Ammonia_sp_MMETSP1384_c10655_g1_i1.p1                                                                            4.44%    passed     49.99%
 102  Eukaryota-Retaria-NA-NA-NA-Elphidium_margaritaceum_MMETSP1385_c6618_g1_i1.p1                                                                4.44%    passed     91.02%
 103  Eukaryota-Retaria-NA-NA-NA-Rosalina_sp_MMETSP0190_c1885_g1_i1.p1                                                                            4.44%    passed     27.28%
 104  Eukaryota-Rhodophyta-Bangiophyceae-Cyanidiales-Cyanidiaceae-Cyanidioschyzon_merolae_CmerSOOS_G2190.1                                        4.44%    passed     97.53%
 105  Eukaryota-Rhodophyta-Bangiophyceae-Porphyridiales-Porphyridiaceae-Porphyridium_purpureum_2502.16                                            4.44%    passed     19.99%
 106  Eukaryota-Rhodophyta-Florideophyceae-Gracilariales-Gracilariaceae-Gracilariopsis_chorda_PXF48671.1                                          4.44%    passed     76.99%
 107  Eukaryota-Stramenopiles-NA-Bicosoecida-NA-Bicosoecid_sp_MMETSP0115_c9753_g1_i1.p1                                                           4.44%    passed     95.22%
 108  Eukaryota-Stramenopiles-Oomycetes-Peronosporales-Peronosporaceae-Phytophthora_sojae_jgi109405                                               4.44%    passed     69.98%
 109  Eukaryota-Stramenopiles-Oomycetes-Peronosporales-Peronosporaceae-Plasmopara_halstedii_XP_024583645.1                                        4.44%    passed     83.03%
 110  Eukaryota-Streptophyta-Liliopsida-Arecales-Arecaceae-Elaeis_guineensis_XP_010935173.1                                                       4.44%    passed     99.33%
 111  Eukaryota-Streptophyta-NA-Brassicales-Brassicaceae-Raphanus_sativus_XP_018474569.1                                                          4.44%    passed     96.81%
 112  Eukaryota-Streptophyta-NA-Lamiales-Phrymaceae-Erythranthe_guttata_XP_012827778.1                                                            4.44%    passed     92.92%
 113  Eukaryota-Trichomonadida-Trichomonadida-Trichomonadida-Trichomonadidae-Trichomonas_vaginalis_XP_001326704.1                                 4.44%    passed     98.74%
 114  MSTRG.8083.1.p1                                                                                                                             4.44%    passed     45.76%
****  TOTAL                                                                                                                                       5.10%  6 sequences failed composition chi2 test (p-value<5%; df=19)


Create initial parsimony tree by phylogenetic likelihood library (PLL)... 0.035 seconds
NOTE: ModelFinder requires 28 MB RAM!
ModelFinder will test 546 protein models (sample size: 135) ...
 No. Model         -LnL         df  AIC          AICc         BIC
Measuring multi-threading efficiency up to 2 CPU cores
Increase to 10 rounds for branch lengths
14 trees examined
Threads: 1 / Time: 2.096 sec / Speedup: 1.000 / Efficiency: 100% / LogL: -22742
Threads: 2 / Time: 2.168 sec / Speedup: 0.967 / Efficiency: 48% / LogL: -22742
BEST NUMBER OF THREADS: 1

  1  Dayhoff       18405.457    225 37260.914    138960.914   37914.601
  2  Dayhoff+I     18283.860    226 37019.720    139623.720   37676.312
  3  Dayhoff+G4    17575.900    226 35603.801    138207.801   36260.393
  4  Dayhoff+I+G4  17564.513    227 35583.025    139095.025   36242.523
  5  Dayhoff+R2    17765.917    227 35985.834    139497.834   36645.331
  6  Dayhoff+R3    17623.121    229 35704.242    141044.242   36369.550
  7  Dayhoff+R4    17558.171    231 35578.341    142762.341   36249.460
  8  Dayhoff+R5    17537.463    233 35540.925    144584.925   36217.854
  9  Dayhoff+R6    17529.909    235 35529.818    146449.818   36212.557
 10  Dayhoff+R7    17527.496    237 35528.993    148340.993   36217.543
 14  Dayhoff+F     18436.307    244 37360.615    156920.615   38069.502
 15  Dayhoff+F+I   18317.217    245 37124.435    157664.435   37836.227
 16  Dayhoff+F+G4  17546.051    245 35582.101    156122.101   36293.893
 17  Dayhoff+F+I+G4 17533.843    246 35559.687    157083.687   36274.384
 18  Dayhoff+F+R2  17773.395    246 36038.790    157562.790   36753.488
 19  Dayhoff+F+R3  17585.314    248 35666.629    159170.629   36387.137
 20  Dayhoff+F+R4  17529.484    250 35558.968    161058.968   36285.287
 21  Dayhoff+F+R5  17511.329    252 35526.659    163038.659   36258.788
 22  Dayhoff+F+R6  17501.496    254 35510.993    165050.993   36248.932
 23  Dayhoff+F+R7  17501.228    256 35514.456    167098.456   36258.207
 27  mtMAM         20385.990    225 41221.980    142921.980   41875.667
 28  mtMAM+I       20318.810    226 41089.620    143693.620   41746.212
 29  mtMAM+G4      18531.011    226 37514.022    140118.022   38170.614
 30  mtMAM+I+G4    18529.711    227 37513.421    141025.421   38172.919
 31  mtMAM+R2      18936.568    227 38327.135    141839.135   38986.633
 32  mtMAM+R3      18674.237    229 37806.474    143146.474   38471.782
 33  mtMAM+R4      18558.957    231 37579.913    144763.913   38251.031
 34  mtMAM+R5      18500.688    233 37467.376    146511.376   38144.305
 35  mtMAM+R6      18488.854    235 37447.708    148367.708   38130.447
 36  mtMAM+R7      18485.795    237 37445.589    150257.589   38134.139
 40  mtMAM+F       19573.355    244 39634.711    159194.711   40343.598
 41  mtMAM+F+I     19479.916    245 39449.831    159989.831   40161.623
 42  mtMAM+F+G4    18200.429    245 36890.859    157430.859   37602.651
 43  mtMAM+F+I+G4  18198.534    246 36889.068    158413.068   37603.765
 44  mtMAM+F+R2    18571.601    246 37635.203    159159.203   38349.900
 45  mtMAM+F+R3    18278.810    248 37053.620    160557.620   37774.128
 46  mtMAM+F+R4    18220.993    250 36941.985    162441.985   37668.304
 47  mtMAM+F+R5    18158.637    252 36821.274    164333.274   37553.403
 48  mtMAM+F+R6    18146.532    254 36801.064    166341.064   37539.004
 49  mtMAM+F+R7    18144.542    256 36801.084    168385.084   37544.835
 53  JTT           18381.128    225 37212.256    138912.256   37865.943
 54  JTT+I         18239.636    226 36931.273    139535.273   37587.865
 55  JTT+G4        17519.912    226 35491.824    138095.824   36148.416
 56  JTT+I+G4      17506.916    227 35467.832    138979.832   36127.329
 57  JTT+R2        17742.333    227 35938.665    139450.665   36598.163
 58  JTT+R3        17570.105    229 35598.210    140938.210   36263.517
 59  JTT+R4        17502.223    231 35466.446    142650.446   36137.565
 60  JTT+R5        17485.644    233 35437.289    144481.289   36114.218
 61  JTT+R6        17474.911    235 35419.822    146339.822   36102.562
 62  JTT+R7        17474.446    237 35422.891    148234.891   36111.441
 66  JTT+F         18400.039    244 37288.078    156848.078   37996.965
 67  JTT+F+I       18256.881    245 37003.763    157543.763   37715.555
 68  JTT+F+G4      17511.805    245 35513.611    156053.611   36225.403
 69  JTT+F+I+G4    17498.449    246 35488.898    157012.898   36203.596
 70  JTT+F+R2      17756.734    246 36005.468    157529.468   36720.165
 71  JTT+F+R3      17552.740    248 35601.480    159105.480   36321.988
 72  JTT+F+R4      17496.610    250 35493.221    160993.221   36219.539
 73  JTT+F+R5      17482.492    252 35468.985    162980.985   36201.114
 74  JTT+F+R6      17475.514    254 35459.027    164999.027   36196.967
 75  JTT+F+R7      17474.698    256 35461.396    167045.396   36205.147
 79  WAG           18018.653    225 36487.306    138187.306   37140.993
 80  WAG+I         17892.148    226 36236.296    138840.296   36892.888
 81  WAG+G4        17302.731    226 35057.462    137661.462   35714.054
 82  WAG+I+G4      17287.134    227 35028.269    138540.269   35687.766
 83  WAG+R2        17449.032    227 35352.064    138864.064   36011.562
 84  WAG+R3        17330.133    229 35118.266    140458.266   35783.574
 85  WAG+R4        17266.875    231 34995.750    142179.750   35666.869
 86  WAG+R5        17249.279    233 34964.557    144008.557   35641.486
 87  WAG+R6        17246.445    235 34962.890    145882.890   35645.629
 92  WAG+F         18029.385    244 36546.770    156106.770   37255.657
 93  WAG+F+I       17898.355    245 36286.710    156826.710   36998.502
 94  WAG+F+G4      17280.191    245 35050.381    155590.381   35762.173
 95  WAG+F+I+G4    17265.431    246 35022.861    156546.861   35737.559
 96  WAG+F+R2      17456.944    246 35405.888    156929.888   36120.586
 97  WAG+F+R3      17319.220    248 35134.440    158638.440   35854.948
 98  WAG+F+R4      17250.790    250 35001.579    160501.579   35727.898
 99  WAG+F+R5      17237.840    252 34979.679    162491.679   35711.809
100  WAG+F+R6      17236.868    254 34981.736    164521.736   35719.676
105  cpREV         18187.866    225 36825.732    138525.732   37479.419
106  cpREV+I       18036.799    226 36525.599    139129.599   37182.191
107  cpREV+G4      17420.243    226 35292.487    137896.487   35949.079
108  cpREV+I+G4    17399.812    227 35253.624    138765.624   35913.121
109  cpREV+R2      17596.651    227 35647.302    139159.302   36306.799
110  cpREV+R3      17459.374    229 35376.748    140716.748   36042.056
111  cpREV+R4      17390.232    231 35242.464    142426.464   35913.583
112  cpREV+R5      17369.697    233 35205.394    144249.394   35882.323
113  cpREV+R6      17363.030    235 35196.061    146116.061   35878.800
114  cpREV+R7      17362.942    237 35199.885    148011.885   35888.435
118  cpREV+F       18289.180    244 37066.360    156626.360   37775.248
119  cpREV+F+I     18126.971    245 36743.942    157283.942   37455.734
120  cpREV+F+G4    17476.213    245 35442.426    155982.426   36154.218
121  cpREV+F+I+G4  17455.465    246 35402.930    156926.930   36117.627
122  cpREV+F+R2    17668.424    246 35828.847    157352.847   36543.545
123  cpREV+F+R3    17517.808    248 35531.617    159035.617   36252.125
124  cpREV+F+R4    17449.195    250 35398.389    160898.389   36124.708
125  cpREV+F+R5    17427.566    252 35359.133    162871.133   36091.262
126  cpREV+F+R6    17422.811    254 35353.622    164893.622   36091.561
131  mtREV         19323.456    225 39096.912    140796.912   39750.599
132  mtREV+I       19227.353    226 38906.706    141510.706   39563.298
133  mtREV+G4      18103.323    226 36658.645    139262.645   37315.237
134  mtREV+I+G4    18099.028    227 36652.056    140164.056   37311.554
135  mtREV+R2      18406.545    227 37267.090    140779.090   37926.587
136  mtREV+R3      18162.234    229 36782.467    142122.467   37447.775
137  mtREV+R4      18102.905    231 36667.810    143851.810   37338.929
138  mtREV+R5      18063.954    233 36593.908    145637.908   37270.837
139  mtREV+R6      18051.445    235 36572.890    147492.890   37255.629
140  mtREV+R7      18051.226    237 36576.451    149388.451   37265.001
144  mtREV+F       18724.551    244 37937.102    157497.102   38645.989
145  mtREV+F+I     18604.329    245 37698.658    158238.658   38410.451
146  mtREV+F+G4    17694.921    245 35879.843    156419.843   36591.635
147  mtREV+F+I+G4  17687.408    246 35866.815    157390.815   36581.513
148  mtREV+F+R2    17992.351    246 36476.701    158000.701   37191.399
149  mtREV+F+R3    17753.399    248 36002.798    159506.798   36723.306
150  mtREV+F+R4    17689.463    250 35878.926    161378.926   36605.244
151  mtREV+F+R5    17653.960    252 35811.920    163323.920   36544.049
152  mtREV+F+R6    17649.178    254 35806.355    165346.355   36544.295
157  rtREV         18064.588    225 36579.177    138279.177   37232.863
158  rtREV+I       17959.109    226 36370.217    138974.217   37026.809
159  rtREV+G4      17291.132    226 35034.264    137638.264   35690.856
160  rtREV+I+G4    17284.744    227 35023.487    138535.487   35682.984
161  rtREV+R2      17485.585    227 35425.170    138937.170   36084.667
162  rtREV+R3      17331.930    229 35121.860    140461.860   35787.168
163  rtREV+R4      17270.431    231 35002.863    142186.863   35673.981
164  rtREV+R5      17254.159    233 34974.318    144018.318   35651.247
165  rtREV+R6      17248.019    235 34966.038    145886.038   35648.778
166  rtREV+R7      17247.215    237 34968.429    147780.429   35656.979
170  rtREV+F       18036.823    244 36561.647    156121.647   37270.534
171  rtREV+F+I     17927.989    245 36345.977    156885.977   37057.769
172  rtREV+F+G4    17235.307    245 34960.613    155500.613   35672.406
173  rtREV+F+I+G4  17226.020    246 34944.041    156468.041   35658.738
174  rtREV+F+R2    17445.753    246 35383.505    156907.505   36098.203
175  rtREV+F+R3    17272.679    248 35041.359    158545.359   35761.867
176  rtREV+F+R4    17219.588    250 34939.175    160439.175   35665.494
177  rtREV+F+R5    17199.635    252 34903.269    162415.269   35635.398
178  rtREV+F+R6    17194.467    254 34896.934    164436.934   35634.874
179  rtREV+F+R7    17194.179    256 34900.359    166484.359   35644.109
183  mtART         19733.685    225 39917.370    141617.370   40571.056
184  mtART+I       19642.388    226 39736.776    142340.776   40393.368
185  mtART+G4      18071.843    226 36595.685    139199.685   37252.277
186  mtART+I+G4    18071.351    227 36596.703    140108.703   37256.200
187  mtART+R2      18399.796    227 37253.592    140765.592   37913.090
188  mtART+R3      18163.462    229 36784.923    142124.923   37450.231
189  mtART+R4      18101.230    231 36664.460    143848.460   37335.578
190  mtART+R5      18054.891    233 36575.781    145619.781   37252.710
191  mtART+R6      18035.604    235 36541.208    147461.208   37223.948
192  mtART+R7      18034.810    237 36543.620    149355.620   37232.170
196  mtART+F       19077.244    244 38642.488    158202.488   39351.375
197  mtART+F+I     18980.640    245 38451.279    158991.279   39163.072
198  mtART+F+G4    17802.327    245 36094.654    156634.654   36806.446
199  mtART+F+I+G4  17798.964    246 36089.928    157613.928   36804.626
200  mtART+F+R2    18107.475    246 36706.950    158230.950   37421.647
201  mtART+F+R3    17879.741    248 36255.482    159759.482   36975.990
202  mtART+F+R4    17820.504    250 36141.007    161641.007   36867.326
203  mtART+F+R5    17782.138    252 36068.277    163580.277   36800.406
204  mtART+F+R6    17766.390    254 36040.780    165580.780   36778.719
205  mtART+F+R7    17766.210    256 36044.420    167628.420   36788.170
209  mtZOA         19109.410    225 38668.819    140368.819   39322.506
210  mtZOA+I       19013.151    226 38478.303    141082.303   39134.895
211  mtZOA+G4      17712.873    226 35877.746    138481.746   36534.338
212  mtZOA+I+G4    17710.366    227 35874.732    139386.732   36534.229
213  mtZOA+R2      17996.211    227 36446.421    139958.421   37105.919
214  mtZOA+R3      17791.289    229 36040.579    141380.579   36705.887
215  mtZOA+R4      17722.135    231 35906.271    143090.271   36577.389
216  mtZOA+R5      17689.904    233 35845.808    144889.808   36522.737
217  mtZOA+R6      17677.161    235 35824.321    146744.321   36507.061
218  mtZOA+R7      17675.503    237 35825.007    148637.007   36513.557
222  mtZOA+F       18669.764    244 37827.527    157387.527   38536.414
223  mtZOA+F+I     18564.507    245 37619.013    158159.013   38330.806
224  mtZOA+F+G4    17575.554    245 35641.109    156181.109   36352.901
225  mtZOA+F+I+G4  17571.320    246 35634.641    157158.641   36349.338
226  mtZOA+F+R2    17843.890    246 36179.780    157703.780   36894.477
227  mtZOA+F+R3    17630.197    248 35756.395    159260.395   36476.903
228  mtZOA+F+R4    17579.855    250 35659.709    161159.709   36386.028
229  mtZOA+F+R5    17538.161    252 35580.321    163092.321   36312.451
230  mtZOA+F+R6    17527.931    254 35563.863    165103.863   36301.803
231  mtZOA+F+R7    17527.119    256 35566.239    167150.239   36309.989
235  VT            18043.841    225 36537.682    138237.682   37191.369
236  VT+I          17907.872    226 36267.743    138871.743   36924.336
237  VT+G4         17319.008    226 35090.016    137694.016   35746.608
238  VT+I+G4       17304.242    227 35062.485    138574.485   35721.982
239  VT+R2         17488.607    227 35431.213    138943.213   36090.711
240  VT+R3         17353.233    229 35164.466    140504.466   35829.774
241  VT+R4         17289.786    231 35041.572    142225.572   35712.690
242  VT+R5         17278.200    233 35022.400    144066.400   35699.329
243  VT+R6         17270.836    235 35011.673    145931.673   35694.412
244  VT+R7         17270.698    237 35015.396    147827.396   35703.946
248  VT+F          18063.428    244 36614.856    156174.856   37323.743
249  VT+F+I        17926.695    245 36343.389    156883.389   37055.182
250  VT+F+G4       17324.615    245 35139.231    155679.231   35851.023
251  VT+F+I+G4     17308.459    246 35108.918    156632.918   35823.615
252  VT+F+R2       17508.144    246 35508.287    157032.287   36222.985
253  VT+F+R3       17357.344    248 35210.688    158714.688   35931.196
254  VT+F+R4       17296.333    250 35092.666    160592.666   35818.985
255  VT+F+R5       17285.073    252 35074.146    162586.146   35806.275
256  VT+F+R6       17277.630    254 35063.261    164603.261   35801.200
257  VT+F+R7       17277.592    256 35067.184    166651.184   35810.934
261  LG            17959.105    225 36368.210    138068.210   37021.897
262  LG+I          17837.302    226 36126.603    138730.603   36783.195
263  LG+G4         17130.992    226 34713.983    137317.983   35370.575
264  LG+I+G4       17121.396    227 34696.791    138208.791   35356.289
265  LG+R2         17350.751    227 35155.501    138667.501   35814.999
266  LG+R3         17167.553    229 34793.105    140133.105   35458.413
267  LG+R4         17112.367    231 34686.734    141870.734   35357.852
268  LG+R5         17092.165    233 34650.330    143694.330   35327.259
269  LG+R6         17084.909    235 34639.819    145559.819   35322.558
270  LG+R7         17084.875    237 34643.749    147455.749   35332.300
274  LG+F          17980.949    244 36449.898    156009.898   37158.786
275  LG+F+I        17864.260    245 36218.520    156758.520   36930.313
276  LG+F+G4       17144.386    245 34778.773    155318.773   35490.565
277  LG+F+I+G4     17133.457    246 34758.915    156282.915   35473.612
278  LG+F+R2       17370.770    246 35233.540    156757.540   35948.238
279  LG+F+R3       17173.424    248 34842.848    158346.848   35563.356
280  LG+F+R4       17128.438    250 34756.877    160256.877   35483.196
281  LG+F+R5       17108.404    252 34720.809    162232.809   35452.938
282  LG+F+R6       17100.330    254 34708.659    164248.659   35446.599
283  LG+F+R7       17100.282    256 34712.563    166296.563   35456.313
287  DCMut         18404.173    225 37258.347    138958.347   37912.033
288  DCMut+I       18282.369    226 37016.739    139620.739   37673.331
289  DCMut+G4      17576.155    226 35604.311    138208.311   36260.903
290  DCMut+I+G4    17564.619    227 35583.239    139095.239   36242.736
291  DCMut+R2      17766.050    227 35986.100    139498.100   36645.598
292  DCMut+R3      17622.928    229 35703.856    141043.856   36369.164
293  DCMut+R4      17557.026    231 35576.052    142760.052   36247.171
294  DCMut+R5      17543.455    233 35552.909    144596.909   36229.838
295  DCMut+R6      17528.805    235 35527.610    146447.610   36210.350
296  DCMut+R7      17528.737    237 35531.475    148343.475   36220.025
300  DCMut+F       18433.907    244 37355.813    156915.813   38064.700
301  DCMut+F+I     18314.544    245 37119.088    157659.088   37830.880
302  DCMut+F+G4    17545.447    245 35580.894    156120.894   36292.686
303  DCMut+F+I+G4  17533.143    246 35558.286    157082.286   36272.984
304  DCMut+F+R2    17772.571    246 36037.142    157561.142   36751.839
305  DCMut+F+R3    17584.088    248 35664.175    159168.175   36384.683
306  DCMut+F+R4    17528.102    250 35556.204    161056.204   36282.523
307  DCMut+F+R5    17514.646    252 35533.292    163045.292   36265.421
308  DCMut+F+R6    17500.910    254 35509.821    165049.821   36247.761
309  DCMut+F+R7    17500.907    256 35513.813    167097.813   36257.564
313  PMB           18058.982    225 36567.965    138267.965   37221.652
314  PMB+I         17930.657    226 36313.315    138917.315   36969.907
315  PMB+G4        17362.694    226 35177.388    137781.388   35833.981
316  PMB+I+G4      17345.994    227 35145.987    138657.987   35805.485
317  PMB+R2        17525.460    227 35504.921    139016.921   36164.418
318  PMB+R3        17391.992    229 35241.984    140581.984   35907.292
319  PMB+R4        17330.917    231 35123.834    142307.834   35794.953
320  PMB+R5        17323.335    233 35112.670    144156.670   35789.599
321  PMB+R6        17311.965    235 35093.930    146013.930   35776.669
322  PMB+R7        17311.949    237 35097.898    147909.898   35786.448
326  PMB+F         18084.386    244 36656.773    156216.773   37365.660
327  PMB+F+I       17953.884    245 36397.768    156937.768   37109.560
328  PMB+F+G4      17373.730    245 35237.461    155777.461   35949.253
329  PMB+F+I+G4    17354.946    246 35201.893    156725.893   35916.591
330  PMB+F+R2      17541.304    246 35574.608    157098.608   36289.306
331  PMB+F+R3      17403.226    248 35302.452    158806.452   36022.961
332  PMB+F+R4      17341.405    250 35182.811    160682.811   35909.129
333  PMB+F+R5      17336.168    252 35176.335    162688.335   35908.464
334  PMB+F+R6      17322.809    254 35153.619    164693.619   35891.558
335  PMB+F+R7      17322.772    256 35157.543    166741.543   35901.294
339  HIVb          19251.556    225 38953.112    140653.112   39606.798
340  HIVb+I        19053.864    226 38559.729    141163.729   39216.321
341  HIVb+G4       18104.088    226 36660.176    139264.176   37316.768
342  HIVb+I+G4     18080.882    227 36615.765    140127.765   37275.262
343  HIVb+R2       18422.327    227 37298.655    140810.655   37958.152
344  HIVb+R3       18154.685    229 36767.370    142107.370   37432.678
345  HIVb+R4       18087.982    231 36637.964    143821.964   37309.082
346  HIVb+R5       18070.400    233 36606.800    145650.800   37283.729
347  HIVb+R6       18052.426    235 36574.851    147494.851   37257.591
348  HIVb+R7       18052.143    237 36578.285    149390.285   37266.835
352  HIVb+F        19258.206    244 39004.412    158564.412   39713.299
353  HIVb+F+I      19063.575    245 38617.150    159157.150   39328.943
354  HIVb+F+G4     18070.075    245 36630.151    157170.151   37341.943
355  HIVb+F+I+G4   18051.630    246 36595.259    158119.259   37309.957
356  HIVb+F+R2     18411.463    246 37314.927    158838.927   38029.625
357  HIVb+F+R3     18123.820    248 36743.641    160247.641   37464.149
358  HIVb+F+R4     18060.445    250 36620.890    162120.890   37347.208
359  HIVb+F+R5     18044.139    252 36592.278    164104.278   37324.407
360  HIVb+F+R6     18035.417    254 36578.834    166118.834   37316.773
361  HIVb+F+R7     18035.334    256 36582.667    168166.667   37326.418
365  HIVw          20340.443    225 41130.887    142830.887   41784.573
366  HIVw+I        20102.782    226 40657.564    143261.564   41314.156
367  HIVw+G4       19230.767    226 38913.534    141517.534   39570.126
368  HIVw+I+G4     19209.729    227 38873.459    142385.459   39532.956
369  HIVw+R2       19542.214    227 39538.429    143050.429   40197.926
370  HIVw+R3       19282.928    229 39023.857    144363.857   39689.165
371  HIVw+R4       19208.098    231 38878.197    146062.197   39549.315
372  HIVw+R5       19184.193    233 38834.386    147878.386   39511.315
373  HIVw+R6       19171.719    235 38813.438    149733.438   39496.178
374  HIVw+R7       19171.594    237 38817.187    151629.187   39505.737
378  HIVw+F        20011.779    244 40511.558    160071.558   41220.445
379  HIVw+F+I      19701.908    245 39893.816    160433.816   40605.608
380  HIVw+F+G4     18828.426    245 38146.853    158686.853   38858.645
381  HIVw+F+I+G4   18785.584    246 38063.168    159587.168   38777.866
382  HIVw+F+R2     19175.127    246 38842.253    160366.253   39556.951
383  HIVw+F+R3     18860.664    248 38217.328    161721.328   38937.836
384  HIVw+F+R4     18799.337    250 38098.673    163598.673   38824.992
385  HIVw+F+R5     18781.044    252 38066.087    165578.087   38798.216
386  HIVw+F+R6     18765.454    254 38038.908    167578.908   38776.848
387  HIVw+F+R7     18764.860    256 38041.721    169625.721   38785.471
391  JTTDCMut      18368.531    225 37187.063    138887.063   37840.749
392  JTTDCMut+I    18231.042    226 36914.084    139518.084   37570.676
393  JTTDCMut+G4   17511.657    226 35475.313    138079.313   36131.905
394  JTTDCMut+I+G4 17498.959    227 35451.919    138963.919   36111.416
395  JTTDCMut+R2   17730.734    227 35915.469    139427.469   36574.966
396  JTTDCMut+R3   17559.770    229 35577.540    140917.540   36242.848
397  JTTDCMut+R4   17491.927    231 35445.854    142629.854   36116.972
398  JTTDCMut+R5   17476.910    233 35419.821    144463.821   36096.750
399  JTTDCMut+R6   17465.534    235 35401.068    146321.068   36083.808
400  JTTDCMut+R7   17465.522    237 35405.045    148217.045   36093.595
404  JTTDCMut+F    18392.405    244 37272.811    156832.811   37981.698
405  JTTDCMut+F+I  18253.613    245 36997.225    157537.225   37709.018
406  JTTDCMut+F+G4 17505.259    245 35500.518    156040.518   36212.310
407  JTTDCMut+F+I+G4 17492.511    246 35477.023    157001.023   36191.720
408  JTTDCMut+F+R2 17748.115    246 35988.229    157512.229   36702.927
409  JTTDCMut+F+R3 17547.065    248 35590.131    159094.131   36310.639
410  JTTDCMut+F+R4 17488.841    250 35477.682    160977.682   36204.000
411  JTTDCMut+F+R5 17475.331    252 35454.661    162966.661   36186.790
412  JTTDCMut+F+R6 17469.559    254 35447.119    164987.119   36185.059
413  JTTDCMut+F+R7 17469.547    256 35451.094    167035.094   36194.845
417  FLU           19014.712    225 38479.423    140179.423   39133.110
418  FLU+I         18839.630    226 38131.260    140735.260   38787.852
419  FLU+G4        18042.066    226 36536.133    139140.133   37192.725
420  FLU+I+G4      18018.969    227 36491.939    140003.939   37151.436
421  FLU+R2        18287.393    227 37028.786    140540.786   37688.283
422  FLU+R3        18080.836    229 36619.673    141959.673   37284.981
423  FLU+R4        18021.214    231 36504.427    143688.427   37175.546
424  FLU+R5        17996.133    233 36458.265    145502.265   37135.194
425  FLU+R6        17992.794    235 36455.589    147375.589   37138.328
430  FLU+F         19011.748    244 38511.496    158071.496   39220.384
431  FLU+F+I       18817.287    245 38124.573    158664.573   38836.366
432  FLU+F+G4      17983.510    245 36457.020    156997.020   37168.813
433  FLU+F+I+G4    17958.970    246 36409.940    157933.940   37124.637
434  FLU+F+R2      18258.640    246 37009.279    158533.279   37723.977
435  FLU+F+R3      18022.848    248 36541.696    160045.696   37262.204
436  FLU+F+R4      17966.938    250 36433.876    161933.876   37160.194
437  FLU+F+R5      17942.713    252 36389.426    163901.426   37121.556
438  FLU+F+R6      17939.872    254 36387.743    165927.743   37125.683
443  Blosum62      18016.995    225 36483.989    138183.989   37137.676
444  Blosum62+I    17888.279    226 36228.558    138832.558   36885.150
445  Blosum62+G4   17334.062    226 35120.123    137724.123   35776.715
446  Blosum62+I+G4 17320.277    227 35094.554    138606.554   35754.052
447  Blosum62+R2   17493.210    227 35440.420    138952.420   36099.918
448  Blosum62+R3   17362.823    229 35183.646    140523.646   35848.954
449  Blosum62+R4   17297.656    231 35057.312    142241.312   35728.431
450  Blosum62+R5   17292.402    233 35050.803    144094.803   35727.732
451  Blosum62+R6   17283.203    235 35036.406    145956.406   35719.146
452  Blosum62+R7   17283.172    237 35040.343    147852.343   35728.893
456  Blosum62+F    18023.129    244 36534.258    156094.258   37243.145
457  Blosum62+F+I  17890.273    245 36270.547    156810.547   36982.339
458  Blosum62+F+G4 17329.731    245 35149.461    155689.461   35861.254
459  Blosum62+F+I+G4 17313.296    246 35118.591    156642.591   35833.289
460  Blosum62+F+R2 17490.958    246 35473.916    156997.916   36188.614
461  Blosum62+F+R3 17356.685    248 35209.369    158713.369   35929.877
462  Blosum62+F+R4 17292.894    250 35085.788    160585.788   35812.107
463  Blosum62+F+R5 17282.702    252 35069.403    162581.403   35801.532
464  Blosum62+F+R6 17278.596    254 35065.192    164605.192   35803.132
469  mtMet         19308.211    225 39066.422    140766.422   39720.109
470  mtMet+I       19211.117    226 38874.235    141478.235   39530.827
471  mtMet+G4      18082.754    226 36617.507    139221.507   37274.100
472  mtMet+I+G4    18074.093    227 36602.186    140114.186   37261.683
473  mtMet+R2      18375.470    227 37204.940    140716.940   37864.437
474  mtMet+R3      18143.088    229 36744.177    142084.177   37409.485
475  mtMet+R4      18074.263    231 36610.526    143794.526   37281.645
476  mtMet+R5      18035.445    233 36536.890    145580.890   37213.819
477  mtMet+R6      18026.255    235 36522.510    147442.510   37205.249
478  mtMet+R7      18026.248    237 36526.496    149338.496   37215.046
482  mtMet+F       18766.198    244 38020.396    157580.396   38729.283
483  mtMet+F+I     18649.133    245 37788.265    158328.265   38500.058
484  mtMet+F+G4    17729.981    245 35949.963    156489.963   36661.755
485  mtMet+F+I+G4  17724.163    246 35940.325    157464.325   36655.023
486  mtMet+F+R2    18031.817    246 36555.633    158079.633   37270.331
487  mtMet+F+R3    17778.844    248 36053.687    159557.687   36774.195
488  mtMet+F+R4    17727.979    250 35955.958    161455.958   36682.276
489  mtMet+F+R5    17688.571    252 35881.143    163393.143   36613.272
490  mtMet+F+R6    17683.654    254 35875.307    165415.307   36613.247
491  mtMet+F+R7    17683.640    256 35879.280    167463.280   36623.030
495  mtVer         19757.799    225 39965.599    141665.599   40619.286
496  mtVer+I       19674.767    226 39801.535    142405.535   40458.127
497  mtVer+G4      18387.216    226 37226.432    139830.432   37883.024
498  mtVer+I+G4    18379.365    227 37212.729    140724.729   37872.226
499  mtVer+R2      18717.097    227 37888.195    141400.195   38547.692
500  mtVer+R3      18468.670    229 37395.341    142735.341   38060.649
501  mtVer+R4      18389.481    231 37240.962    144424.962   37912.080
502  mtVer+R5      18347.239    233 37160.478    146204.478   37837.407
503  mtVer+R6      18339.347    235 37148.695    148068.695   37831.435
504  mtVer+R7      18339.311    237 37152.621    149964.621   37841.172
508  mtVer+F       19269.324    244 39026.648    158586.648   39735.535
509  mtVer+F+I     19142.224    245 38774.449    159314.449   39486.241
510  mtVer+F+G4    18093.338    245 36676.676    157216.676   37388.468
511  mtVer+F+I+G4  18087.524    246 36667.047    158191.047   37381.745
512  mtVer+F+R2    18443.927    246 37379.854    158903.854   38094.552
513  mtVer+F+R3    18158.258    248 36812.516    160316.516   37533.024
514  mtVer+F+R4    18104.101    250 36708.202    162208.202   37434.521
515  mtVer+F+R5    18045.525    252 36595.050    164107.050   37327.179
516  mtVer+F+R6    18041.896    254 36591.793    166131.793   37329.733
521  mtInv         19161.278    225 38772.557    140472.557   39426.244
522  mtInv+I       19052.971    226 38557.943    141161.943   39214.535
523  mtInv+G4      18052.850    226 36557.699    139161.699   37214.291
524  mtInv+I+G4    18047.979    227 36549.957    140061.957   37209.455
525  mtInv+R2      18333.644    227 37121.288    140633.288   37780.786
526  mtInv+R3      18100.964    229 36659.927    141999.927   37325.235
527  mtInv+R4      18045.157    231 36552.315    143736.315   37223.433
528  mtInv+R5      18005.616    233 36477.233    145521.233   37154.162
529  mtInv+R6      17996.904    235 36463.808    147383.808   37146.547
530  mtInv+R7      17996.856    237 36467.711    149279.711   37156.261
534  mtInv+F       18498.667    244 37485.333    157045.333   38194.220
535  mtInv+F+I     18379.930    245 37249.861    157789.861   37961.653
536  mtInv+F+G4    17555.097    245 35600.195    156140.195   36311.987
537  mtInv+F+I+G4  17546.953    246 35585.907    157109.907   36300.604
538  mtInv+F+R2    17843.158    246 36178.316    157702.316   36893.014
539  mtInv+F+R3    17605.878    248 35707.755    159211.755   36428.264
540  mtInv+F+R4    17557.623    250 35615.246    161115.246   36341.564
541  mtInv+F+R5    17515.495    252 35534.989    163046.989   36267.118
542  mtInv+F+R6    17513.572    254 35535.143    165075.143   36273.083
Akaike Information Criterion:           LG+R6
Corrected Akaike Information Criterion: LG+G4
Bayesian Information Criterion:         LG+R6
Best-fit model: LG+R6 chosen according to BIC

All model information printed to K18532.blastp_ALL.outfmt6.parsed.filtered.uniq.faa.mafft.aln.trimal1.model.gz
CPU time for ModelFinder: 1213.960 seconds (0h:20m:13s)
Wall-clock time for ModelFinder: 736.535 seconds (0h:12m:16s)
Generating 2000 samples for ultrafast bootstrap (seed: 683663)...

NOTE: 17 MB RAM (0 GB) is required!
Measuring multi-threading efficiency up to 2 CPU cores
Increase to 10 rounds for branch lengths
5 trees examined
Threads: 1 / Time: 2.318 sec / Speedup: 1.000 / Efficiency: 100% / LogL: -20585
Threads: 2 / Time: 2.314 sec / Speedup: 1.002 / Efficiency: 50% / LogL: -20585
BEST NUMBER OF THREADS: 1

Estimate model parameters (epsilon = 0.100)
1. Initial log-likelihood: -17101.514
2. Current log-likelihood: -17090.236
3. Current log-likelihood: -17089.457
4. Current log-likelihood: -17089.114
5. Current log-likelihood: -17088.811
6. Current log-likelihood: -17088.502
7. Current log-likelihood: -17088.355
8. Current log-likelihood: -17088.233
9. Current log-likelihood: -17088.107
10. Current log-likelihood: -17088.003
11. Current log-likelihood: -17087.900
Optimal log-likelihood: -17087.745
Site proportion and rates:  (0.140,0.085) (0.121,0.332) (0.208,0.607) (0.272,1.019) (0.182,1.755) (0.077,2.923)
Parameters optimization took 11 rounds (8.714 sec)
Computing ML distances based on estimated model parameters... 5.918 sec
Computing BIONJ tree...
0.007 seconds
Log-likelihood of BIONJ tree: -16895.892
--------------------------------------------------------------------
|             INITIALIZING CANDIDATE TREE SET                      |
--------------------------------------------------------------------
Generating 98 parsimony trees... 2.376 second
Computing log-likelihood of 98 initial trees ... 10.656 seconds
Current best score: -16895.892

Do NNI search on 20 best initial trees
Estimate model parameters (epsilon = 0.100)
BETTER TREE FOUND at iteration 1: -16847.255
Estimate model parameters (epsilon = 0.100)
BETTER TREE FOUND at iteration 2: -16838.661
Iteration 10 / LogL: -16875.741 / Time: 0h:1m:5s
Iteration 20 / LogL: -16879.205 / Time: 0h:1m:21s
Finish initializing candidate tree set (20)
Current best tree score: -16838.661 / CPU time: 62.099
Number of iterations: 20
--------------------------------------------------------------------
|               OPTIMIZING CANDIDATE TREE SET                      |
--------------------------------------------------------------------
Estimate model parameters (epsilon = 0.100)
BETTER TREE FOUND at iteration 29: -16834.521
Iteration 30 / LogL: -16840.428 / Time: 0h:1m:41s (0h:5m:47s left)
Estimate model parameters (epsilon = 0.100)
BETTER TREE FOUND at iteration 32: -16831.145
Estimate model parameters (epsilon = 0.100)
BETTER TREE FOUND at iteration 34: -16830.971
Estimate model parameters (epsilon = 0.100)
BETTER TREE FOUND at iteration 35: -16828.647
Estimate model parameters (epsilon = 0.100)
BETTER TREE FOUND at iteration 39: -16822.821
Iteration 40 / LogL: -16836.224 / Time: 0h:2m:1s (0h:5m:7s left)
Estimate model parameters (epsilon = 0.100)
BETTER TREE FOUND at iteration 41: -16819.507
Estimate model parameters (epsilon = 0.100)
UPDATE BEST LOG-LIKELIHOOD: -16819.449
Iteration 50 / LogL: -16820.093 / Time: 0h:2m:18s (0h:4m:16s left)
Log-likelihood cutoff on original alignment: -16930.251
Estimate model parameters (epsilon = 0.100)
BETTER TREE FOUND at iteration 51: -16811.892
Estimate model parameters (epsilon = 0.100)
BETTER TREE FOUND at iteration 53: -16811.444
Estimate model parameters (epsilon = 0.100)
BETTER TREE FOUND at iteration 59: -16810.289
Iteration 60 / LogL: -16815.431 / Time: 0h:2m:36s (0h:4m:22s left)
Estimate model parameters (epsilon = 0.100)
BETTER TREE FOUND at iteration 64: -16809.762
Estimate model parameters (epsilon = 0.100)
BETTER TREE FOUND at iteration 66: -16799.779
Estimate model parameters (epsilon = 0.100)
BETTER TREE FOUND at iteration 70: -16798.185
Iteration 70 / LogL: -16798.185 / Time: 0h:2m:53s (0h:4m:12s left)
Iteration 80 / LogL: -16799.956 / Time: 0h:3m:8s (0h:3m:34s left)
Iteration 90 / LogL: -16818.954 / Time: 0h:3m:22s (0h:3m:1s left)
Estimate model parameters (epsilon = 0.100)
BETTER TREE FOUND at iteration 91: -16797.739
Estimate model parameters (epsilon = 0.100)
BETTER TREE FOUND at iteration 92: -16794.876
Iteration 100 / LogL: -16799.269 / Time: 0h:3m:38s (0h:3m:22s left)
Log-likelihood cutoff on original alignment: -16930.251
NOTE: Bootstrap correlation coefficient of split occurrence frequencies: 0.932
NOTE: UFBoot does not converge, continue at least 100 more iterations
Estimate model parameters (epsilon = 0.100)
BETTER TREE FOUND at iteration 104: -16792.017
Iteration 110 / LogL: -16809.824 / Time: 0h:3m:53s (0h:3m:21s left)
Iteration 120 / LogL: -16800.134 / Time: 0h:4m:7s (0h:2m:54s left)
Iteration 130 / LogL: -16793.395 / Time: 0h:4m:22s (0h:2m:30s left)
Estimate model parameters (epsilon = 0.100)
BETTER TREE FOUND at iteration 140: -16791.373
Iteration 140 / LogL: -16791.373 / Time: 0h:4m:36s (0h:3m:19s left)
Iteration 150 / LogL: -16800.030 / Time: 0h:4m:50s (0h:2m:55s left)
Log-likelihood cutoff on original alignment: -16930.251
Iteration 160 / LogL: -16798.869 / Time: 0h:5m:4s (0h:2m:33s left)
Iteration 170 / LogL: -16823.231 / Time: 0h:5m:17s (0h:2m:11s left)
Estimate model parameters (epsilon = 0.100)
BETTER TREE FOUND at iteration 180: -16790.724
Iteration 180 / LogL: -16790.724 / Time: 0h:5m:32s (0h:3m:5s left)
Iteration 190 / LogL: -16792.615 / Time: 0h:5m:45s (0h:2m:44s left)
Iteration 200 / LogL: -16796.344 / Time: 0h:5m:59s (0h:2m:24s left)
Log-likelihood cutoff on original alignment: -16930.251
NOTE: Bootstrap correlation coefficient of split occurrence frequencies: 0.981
NOTE: UFBoot does not converge, continue at least 100 more iterations
Iteration 210 / LogL: -16809.829 / Time: 0h:6m:15s (0h:2m:41s left)
Estimate model parameters (epsilon = 0.100)
BETTER TREE FOUND at iteration 215: -16788.516
Iteration 220 / LogL: -16794.116 / Time: 0h:6m:29s (0h:2m:49s left)
Iteration 230 / LogL: -16794.297 / Time: 0h:6m:44s (0h:2m:30s left)
Estimate model parameters (epsilon = 0.100)
BETTER TREE FOUND at iteration 231: -16787.731
Estimate model parameters (epsilon = 0.100)
BETTER TREE FOUND at iteration 233: -16787.465
Iteration 240 / LogL: -16787.894 / Time: 0h:6m:57s (0h:2m:42s left)
Estimate model parameters (epsilon = 0.100)
BETTER TREE FOUND at iteration 248: -16786.954
Iteration 250 / LogL: -16791.987 / Time: 0h:7m:11s (0h:2m:49s left)
Log-likelihood cutoff on original alignment: -16930.251
Iteration 260 / LogL: -16799.090 / Time: 0h:7m:24s (0h:2m:30s left)
Iteration 270 / LogL: -16812.680 / Time: 0h:7m:36s (0h:2m:12s left)
Iteration 280 / LogL: -16793.916 / Time: 0h:7m:48s (0h:1m:54s left)
Iteration 290 / LogL: -16798.835 / Time: 0h:7m:59s (0h:1m:36s left)
Iteration 300 / LogL: -16827.292 / Time: 0h:8m:12s (0h:1m:18s left)
Log-likelihood cutoff on original alignment: -16930.251
NOTE: Bootstrap correlation coefficient of split occurrence frequencies: 0.987
NOTE: UFBoot does not converge, continue at least 100 more iterations
Estimate model parameters (epsilon = 0.100)
BETTER TREE FOUND at iteration 305: -16786.547
Iteration 310 / LogL: -16787.768 / Time: 0h:8m:25s (0h:2m:35s left)
Estimate model parameters (epsilon = 0.100)
BETTER TREE FOUND at iteration 316: -16786.242
Iteration 320 / LogL: -16789.427 / Time: 0h:8m:38s (0h:2m:36s left)
Iteration 330 / LogL: -16787.089 / Time: 0h:8m:51s (0h:2m:18s left)
Iteration 340 / LogL: -16791.502 / Time: 0h:9m:2s (0h:2m:1s left)
Iteration 350 / LogL: -16793.948 / Time: 0h:9m:15s (0h:1m:44s left)
Log-likelihood cutoff on original alignment: -16930.251
Iteration 360 / LogL: -16786.662 / Time: 0h:9m:27s (0h:1m:28s left)
Estimate model parameters (epsilon = 0.100)
BETTER TREE FOUND at iteration 364: -16785.947
Iteration 370 / LogL: -16786.655 / Time: 0h:9m:40s (0h:2m:27s left)
Iteration 380 / LogL: -16807.865 / Time: 0h:9m:52s (0h:2m:11s left)
Estimate model parameters (epsilon = 0.100)
BETTER TREE FOUND at iteration 385: -16785.799
Iteration 390 / LogL: -16802.257 / Time: 0h:10m:6s (0h:2m:28s left)
Iteration 400 / LogL: -16790.441 / Time: 0h:10m:18s (0h:2m:11s left)
Log-likelihood cutoff on original alignment: -16930.251
NOTE: Bootstrap correlation coefficient of split occurrence frequencies: 0.982
NOTE: UFBoot does not converge, continue at least 100 more iterations
Iteration 410 / LogL: -16790.004 / Time: 0h:10m:32s (0h:2m:19s left)
Iteration 420 / LogL: -16794.107 / Time: 0h:10m:44s (0h:2m:3s left)
Estimate model parameters (epsilon = 0.100)
BETTER TREE FOUND at iteration 423: -16785.706
Iteration 430 / LogL: -16861.383 / Time: 0h:10m:57s (0h:2m:22s left)
Iteration 440 / LogL: -16792.069 / Time: 0h:11m:9s (0h:2m:6s left)
Iteration 450 / LogL: -16801.291 / Time: 0h:11m:21s (0h:1m:50s left)
Log-likelihood cutoff on original alignment: -16930.251
Estimate model parameters (epsilon = 0.100)
BETTER TREE FOUND at iteration 455: -16784.656
Iteration 460 / LogL: -16789.084 / Time: 0h:11m:34s (0h:2m:23s left)
Iteration 470 / LogL: -16799.869 / Time: 0h:11m:46s (0h:2m:8s left)
Iteration 480 / LogL: -16786.794 / Time: 0h:11m:58s (0h:1m:52s left)
Estimate model parameters (epsilon = 0.100)
BETTER TREE FOUND at iteration 488: -16782.539
Iteration 490 / LogL: -16785.134 / Time: 0h:12m:11s (0h:2m:26s left)
Iteration 500 / LogL: -16786.089 / Time: 0h:12m:25s (0h:2m:11s left)
Log-likelihood cutoff on original alignment: -16930.251
NOTE: Bootstrap correlation coefficient of split occurrence frequencies: 0.984
NOTE: UFBoot does not converge, continue at least 100 more iterations
Iteration 510 / LogL: -16787.056 / Time: 0h:12m:38s (0h:2m:14s left)
Iteration 520 / LogL: -16782.561 / Time: 0h:12m:50s (0h:1m:58s left)
Estimate model parameters (epsilon = 0.100)
BETTER TREE FOUND at iteration 527: -16781.490
Iteration 530 / LogL: -16782.767 / Time: 0h:13m:3s (0h:2m:23s left)
Estimate model parameters (epsilon = 0.100)
BETTER TREE FOUND at iteration 536: -16780.265
Iteration 540 / LogL: -16781.222 / Time: 0h:13m:16s (0h:2m:21s left)
Iteration 550 / LogL: -16781.686 / Time: 0h:13m:28s (0h:2m:6s left)
Log-likelihood cutoff on original alignment: -16930.251
Iteration 560 / LogL: -16782.659 / Time: 0h:13m:42s (0h:1m:51s left)
Estimate model parameters (epsilon = 0.100)
BETTER TREE FOUND at iteration 567: -16779.851
Estimate model parameters (epsilon = 0.100)
BETTER TREE FOUND at iteration 569: -16777.999
Iteration 570 / LogL: -16782.345 / Time: 0h:13m:56s (0h:2m:25s left)
Iteration 580 / LogL: -16788.825 / Time: 0h:14m:9s (0h:2m:10s left)
Estimate model parameters (epsilon = 0.100)
BETTER TREE FOUND at iteration 590: -16777.909
Iteration 590 / LogL: -16777.909 / Time: 0h:14m:22s (0h:2m:26s left)
Estimate model parameters (epsilon = 0.100)
BETTER TREE FOUND at iteration 599: -16777.687
Iteration 600 / LogL: -16778.006 / Time: 0h:14m:35s (0h:2m:24s left)
Log-likelihood cutoff on original alignment: -16930.251
NOTE: Bootstrap correlation coefficient of split occurrence frequencies: 0.971
NOTE: UFBoot does not converge, continue at least 100 more iterations
Iteration 610 / LogL: -16778.204 / Time: 0h:14m:48s (0h:2m:11s left)
Estimate model parameters (epsilon = 0.100)
BETTER TREE FOUND at iteration 611: -16777.242
Iteration 620 / LogL: -16784.425 / Time: 0h:15m:2s (0h:2m:12s left)
Estimate model parameters (epsilon = 0.100)
BETTER TREE FOUND at iteration 623: -16777.090
Iteration 630 / LogL: -16781.837 / Time: 0h:15m:16s (0h:2m:15s left)
Iteration 640 / LogL: -16787.038 / Time: 0h:15m:28s (0h:2m:0s left)
Iteration 650 / LogL: -16777.692 / Time: 0h:15m:41s (0h:1m:45s left)
Log-likelihood cutoff on original alignment: -16916.817
Iteration 660 / LogL: -16810.089 / Time: 0h:15m:56s (0h:1m:31s left)
Iteration 670 / LogL: -16821.364 / Time: 0h:16m:9s (0h:1m:16s left)
Iteration 680 / LogL: -16781.054 / Time: 0h:16m:22s (0h:1m:2s left)
Iteration 690 / LogL: -16792.199 / Time: 0h:16m:35s (0h:0m:47s left)
Iteration 700 / LogL: -16809.813 / Time: 0h:16m:49s (0h:0m:33s left)
Log-likelihood cutoff on original alignment: -16916.817
NOTE: Bootstrap correlation coefficient of split occurrence frequencies: 0.969
NOTE: UFBoot does not converge, continue at least 100 more iterations
Iteration 710 / LogL: -16789.457 / Time: 0h:17m:3s (0h:2m:9s left)
Iteration 720 / LogL: -16782.785 / Time: 0h:17m:16s (0h:1m:55s left)
Iteration 730 / LogL: -16778.013 / Time: 0h:17m:30s (0h:1m:40s left)
Iteration 740 / LogL: -16779.103 / Time: 0h:17m:44s (0h:1m:26s left)
Iteration 750 / LogL: -16778.296 / Time: 0h:17m:57s (0h:1m:11s left)
Log-likelihood cutoff on original alignment: -16916.817
Iteration 760 / LogL: -16777.693 / Time: 0h:18m:11s (0h:0m:57s left)
Iteration 770 / LogL: -16784.502 / Time: 0h:18m:24s (0h:0m:43s left)
Iteration 780 / LogL: -16842.855 / Time: 0h:18m:38s (0h:0m:28s left)
Iteration 790 / LogL: -16783.419 / Time: 0h:18m:51s (0h:0m:14s left)
Iteration 800 / LogL: -16792.239 / Time: 0h:19m:5s (0h:0m:0s left)
Log-likelihood cutoff on original alignment: -16916.817
NOTE: Bootstrap correlation coefficient of split occurrence frequencies: 0.967
NOTE: UFBoot does not converge, continue at least 100 more iterations
Iteration 810 / LogL: -16778.083 / Time: 0h:19m:20s (0h:2m:9s left)
Iteration 820 / LogL: -16780.955 / Time: 0h:19m:33s (0h:1m:54s left)
Iteration 830 / LogL: -16791.631 / Time: 0h:19m:46s (0h:1m:40s left)
Iteration 840 / LogL: -16778.777 / Time: 0h:19m:59s (0h:1m:25s left)
Iteration 850 / LogL: -16781.389 / Time: 0h:20m:12s (0h:1m:11s left)
Log-likelihood cutoff on original alignment: -16916.817
Iteration 860 / LogL: -16790.200 / Time: 0h:20m:25s (0h:0m:57s left)
Iteration 870 / LogL: -16779.000 / Time: 0h:20m:39s (0h:0m:42s left)
Iteration 880 / LogL: -16782.647 / Time: 0h:20m:52s (0h:0m:28s left)
Iteration 890 / LogL: -16781.589 / Time: 0h:21m:6s (0h:0m:14s left)
Iteration 900 / LogL: -16779.318 / Time: 0h:21m:19s (0h:0m:0s left)
Log-likelihood cutoff on original alignment: -16916.817
NOTE: Bootstrap correlation coefficient of split occurrence frequencies: 0.969
NOTE: UFBoot does not converge, continue at least 100 more iterations
Iteration 910 / LogL: -16780.383 / Time: 0h:21m:32s (0h:2m:7s left)
Iteration 920 / LogL: -16778.620 / Time: 0h:21m:45s (0h:1m:53s left)
Iteration 930 / LogL: -16778.403 / Time: 0h:21m:58s (0h:1m:39s left)
Iteration 940 / LogL: -16780.549 / Time: 0h:22m:12s (0h:1m:25s left)
Iteration 950 / LogL: -16797.699 / Time: 0h:22m:25s (0h:1m:10s left)
Log-likelihood cutoff on original alignment: -16916.817
Iteration 960 / LogL: -16785.941 / Time: 0h:22m:40s (0h:0m:56s left)
Iteration 970 / LogL: -16777.250 / Time: 0h:22m:53s (0h:0m:42s left)
Iteration 980 / LogL: -16784.393 / Time: 0h:23m:6s (0h:0m:28s left)
Iteration 990 / LogL: -16785.209 / Time: 0h:23m:20s (0h:0m:14s left)
Iteration 1000 / LogL: -16790.902 / Time: 0h:23m:33s (0h:0m:0s left)
Log-likelihood cutoff on original alignment: -16916.817
NOTE: Bootstrap correlation coefficient of split occurrence frequencies: 0.973
NOTE: UFBoot does not converge, continue at least 100 more iterations
WARNING: bootstrap analysis did not converge. You should rerun with higher number of iterations (-nm option)
TREE SEARCH COMPLETED AFTER 1001 ITERATIONS / Time: 0h:23m:35s

--------------------------------------------------------------------
|                    FINALIZING TREE SEARCH                        |
--------------------------------------------------------------------
Performs final model parameters optimization
Estimate model parameters (epsilon = 0.010)
1. Initial log-likelihood: -16777.090
Optimal log-likelihood: -16777.090
Site proportion and rates:  (0.138,0.065) (0.200,0.392) (0.280,0.799) (0.179,1.284) (0.156,1.978) (0.047,3.197)
Parameters optimization took 1 rounds (0.168 sec)
BEST SCORE FOUND : -16777.090
Creating bootstrap support values...
Split supports printed to NEXUS file K18532.blastp_ALL.outfmt6.parsed.filtered.uniq.faa.mafft.aln.trimal1.splits.nex
Total tree length: 43.221

Total number of iterations: 1001
CPU time used for tree search: 1394.899 sec (0h:23m:14s)
Wall-clock time used for tree search: 1395.557 sec (0h:23m:15s)
Total CPU time used: 1417.854 sec (0h:23m:37s)
Total wall-clock time used: 1416.049 sec (0h:23m:36s)

Computing bootstrap consensus tree...
Reading input file K18532.blastp_ALL.outfmt6.parsed.filtered.uniq.faa.mafft.aln.trimal1.splits.nex...
114 taxa and 1983 splits.
Consensus tree written to K18532.blastp_ALL.outfmt6.parsed.filtered.uniq.faa.mafft.aln.trimal1.contree
Reading input trees file K18532.blastp_ALL.outfmt6.parsed.filtered.uniq.faa.mafft.aln.trimal1.contree
Log-likelihood of consensus tree: -16782.635

Analysis results written to: 
  IQ-TREE report:                K18532.blastp_ALL.outfmt6.parsed.filtered.uniq.faa.mafft.aln.trimal1.iqtree
  Maximum-likelihood tree:       K18532.blastp_ALL.outfmt6.parsed.filtered.uniq.faa.mafft.aln.trimal1.treefile
  Likelihood distances:          K18532.blastp_ALL.outfmt6.parsed.filtered.uniq.faa.mafft.aln.trimal1.mldist

Ultrafast bootstrap approximation results written to:
  Split support values:          K18532.blastp_ALL.outfmt6.parsed.filtered.uniq.faa.mafft.aln.trimal1.splits.nex
  Consensus tree:                K18532.blastp_ALL.outfmt6.parsed.filtered.uniq.faa.mafft.aln.trimal1.contree
  Screen log file:               K18532.blastp_ALL.outfmt6.parsed.filtered.uniq.faa.mafft.aln.trimal1.log

Date and Time: Thu Sep  9 00:41:07 2021
