IQ-TREE multicore version 1.6.12 for Linux 64-bit built Aug 15 2019
Developed by Bui Quang Minh, Nguyen Lam Tung, Olga Chernomor,
Heiko Schmidt, Dominik Schrempf, Michael Woodhams.

Host:    coral (AVX512, FMA3, 376 GB RAM)
Command: /home/timothy/programs/iqtree-1.6.12-Linux/bin/iqtree -s K24242.blastp_ALL.outfmt6.parsed.filtered.uniq.faa.mafft.aln.trimal1 -nt AUTO -ntmax 2 -m MFP -bb 2000 -quiet
Seed:    420190 (Using SPRNG - Scalable Parallel Random Number Generator)
Time:    Thu Sep  9 00:06:19 2021
Kernel:  AVX+FMA - auto-detect threads (96 CPU cores detected)

Reading alignment file K24242.blastp_ALL.outfmt6.parsed.filtered.uniq.faa.mafft.aln.trimal1 ... Fasta format detected
Alignment most likely contains protein sequences
Alignment has 130 sequences with 227 columns, 226 distinct patterns
203 parsimony-informative, 14 singleton sites, 10 constant sites
                                                                                                                        Gap/Ambiguity  Composition  p-value
   1  Eukaryota-Alveolata-Dinophyceae-NA-Unranked-Ceratium_fusus_MMETSP1074_c98593_g1_i1.p1                                     3.96%    passed     30.13%
   2  Eukaryota-Alveolata-Dinophyceae-NA-Unranked-Glenodinium_foliaceum_MMETSP0118_c78329_g1_i1.p1                             11.01%    passed     16.96%
   3  Eukaryota-Alveolata-Dinophyceae-NA-Unranked-Heterocapsa_triquestra_MMETSP0448_c56138_g1_i1.p1                             3.52%    passed     14.93%
   4  Eukaryota-Alveolata-Dinophyceae-NA-Unranked-Lingulodinium_polyedra_MMETSP1032_c47258_g1_i1.p1                             3.52%    passed     33.09%
   5  Eukaryota-Alveolata-Dinophyceae-NA-Unranked-Oxyrrhis_marina_MMETSP0468_c9904_g1_i1.p1                                     4.41%    passed     91.92%
   6  Eukaryota-Alveolata-Dinophyceae-NA-Unranked-Symbiodinium_sp_MMETSP1110_c114622_g1_i1.p1                                   5.73%    passed     44.34%
   7  Eukaryota-Alveolata-Dinophyceae-Peridiniales-Kryptoperidiniaceae-Durinskia_baltica_MMETSP0116_c53488_g1_i1.p1             3.52%    passed     35.26%
   8  Eukaryota-Alveolata-Dinophyceae-Peridiniales-Kryptoperidiniaceae-Kryptoperidinium_foliaceum_MMETSP0120_c87535_g1_i1.p1    3.52%    failed      3.09%
   9  Eukaryota-Amoebozoa-NA-NA-Paramoebidae-Sexangularia_sp_MMETSP0437_c4770_g1_i1.p1                                          4.41%    passed     18.47%
  10  Eukaryota-Amoebozoa-NA-NA-Paramoebidae-Trichosphaerium_sp_MMETSP0405_c8543_g1_i1.p1                                       4.41%    passed     47.33%
  11  Eukaryota-Annelida-Clitellata-Hirudinida-Glossiphoniidae-Helobdella_robusta_jgi106717                                     4.41%    passed     69.58%
  12  Eukaryota-Apicomplexa-NA-Unranked-NA-Alveolata_sp_MMETSP0288_c1997_g1_i1.p1                                               4.41%    passed     95.18%
  13  Eukaryota-Arthropoda-Arachnida-Araneae-Theridiidae-Parasteatoda_tepidariorum_XP_015919444.1                               4.41%    passed     53.86%
  14  Eukaryota-Arthropoda-Collembola-Entomobryomorpha-Isotomidae-Folsomia_candida_XP_021960734.1                               4.41%    passed     92.01%
  15  Eukaryota-Arthropoda-Collembola-Entomobryomorpha-Isotomidae-Folsomia_candida_XP_021962943.1                               4.41%    passed     82.14%
  16  Eukaryota-Arthropoda-Insecta-Coleoptera-Chrysomelidae-Leptinotarsa_decemlineata_XP_023030478.1                            4.41%    passed     98.61%
  17  Eukaryota-Arthropoda-Insecta-Coleoptera-Nitidulidae-Aethina_tumida_XP_019877355.1                                         4.41%    passed     33.97%
  18  Eukaryota-Arthropoda-Insecta-Hemiptera-Delphacidae-Nilaparvata_lugens_XP_022190994.1                                      4.41%    passed     81.85%
  19  Eukaryota-Arthropoda-Insecta-Siphonaptera-Pulicidae-Ctenocephalides_felis_XP_026480331.1                                  5.29%    passed      5.60%
  20  Eukaryota-Arthropoda-Malacostraca-Amphipoda-Hyalellidae-Hyalella_azteca_XP_018016500.1                                    4.41%    passed     96.88%
  21  Eukaryota-Arthropoda-Malacostraca-Decapoda-Penaeidae-Penaeus_vannamei_XP_027206552.1                                      4.41%    passed     79.30%
  22  Eukaryota-Ascomycota-NA-NA-NA-Saitoella_complicata_XP_019021346.1                                                         3.96%    passed     36.79%
  23  Eukaryota-Brachiopoda-Lingulata-Lingulida-Lingulidae-Lingula_anatina_XP_023932652.1                                       4.41%    passed     38.75%
  24  Eukaryota-Cercozoa-NA-Euglyphida-Paulinellidae-Paulinella_chromatophora_scaffold1851-size2791_m.22838                     3.96%    passed     36.79%
  25  Eukaryota-Cercozoa-NA-Euglyphida-Paulinellidae-Paulinella_chromatophora_scaffold8111-size1469_m.63166                     7.49%    passed     42.27%
  26  Eukaryota-Chlorophyta-NA-NA-NA-Pterosperma_sp_MMETSP1438_c36981_g1_i1.p1                                                  4.41%    passed     99.23%
  27  Eukaryota-Chlorophyta-NA-Pyramimonadales-NA-Pyramimonas_obovata_MMETSP1169_c15792_g1_i1.p1                                4.41%    passed     99.96%
  28  Eukaryota-Choanoflagellata-Choanoflagellata-Choanoflagellata-NA-Acanthoeca_sp_MMETSP0105_c10223_g1_i1.p1                  4.41%    failed      0.63%
  29  Eukaryota-Choanoflagellata-Choanoflagellata-Choanoflagellata-Salpingoecidae-Monosiga_brevicollis_XP_001744572.1           5.73%    passed     82.90%
  30  Eukaryota-Choanoflagellata-Choanoflagellata-Choanoflagellata-Salpingoecidae-Salpingoeca_rosetta_XP_004988150.1            5.29%    passed     92.16%
  31  Eukaryota-Chordata-Actinopteri-Beloniformes-Adrianichthyidae-Oryzias_latipes_XP_004078377.1                               4.41%    passed     92.57%
  32  Eukaryota-Chordata-Actinopteri-Cichliformes-Cichlidae-Astatotilapia_calliptera_XP_026040750.1                             4.41%    passed     94.03%
  33  Eukaryota-Chordata-Actinopteri-Cichliformes-Cichlidae-Haplochromis_burtoni_XP_005929556.1                                 4.41%    passed     92.74%
  34  Eukaryota-Chordata-Actinopteri-Cichliformes-Cichlidae-Maylandia_zebra_XP_004560191.1                                      4.41%    passed     94.03%
  35  Eukaryota-Chordata-Actinopteri-Cichliformes-Cichlidae-Oreochromis_niloticus_XP_003450325.1                                4.41%    passed     91.89%
  36  Eukaryota-Chordata-Mammalia-Carnivora-Herpestidae-Suricata_suricatta_XP_029784181.1                                       4.41%    passed     87.78%
  37  Eukaryota-Chordata-Mammalia-Carnivora-Mustelidae-Mustela_putorius_XP_004772788.1                                          4.41%    passed     71.90%
  38  Eukaryota-Chordata-Mammalia-Chiroptera-Hipposideridae-Hipposideros_armiger_XP_019522663.1                                 4.41%    passed     97.96%
  39  Eukaryota-Chordata-Mammalia-Chiroptera-Vespertilionidae-Miniopterus_natalensis_XP_016070526.1                             4.41%    passed     83.94%
  40  Eukaryota-Chordata-Mammalia-NA-Bovidae-Bos_mutus_XP_005899290.2                                                           4.41%    passed     93.07%
  41  Eukaryota-Chordata-NA-NA-Branchiostomidae-Branchiostoma_belcheri_XP_019618252.1                                           4.41%    passed     93.14%
  42  Eukaryota-Chromeraceae-NA-NA-NA-Chromera_velia_MMETSP0290_c934_g1_i1.p1                                                   4.41%    passed     98.45%
  43  Eukaryota-Chromeraceae-NA-NA-NA-Vitrella_brassicaformis_MMETSP1451_c5784_g1_i1.p1                                         4.41%    passed     95.18%
  44  Eukaryota-Chytridiomycota-Chytridiomycetes-Rhizophydiales-NA-Batrachochytrium_dendrobatidis_jgi27644                      4.41%    passed     84.64%
  45  Eukaryota-Chytridiomycota-Chytridiomycetes-Spizellomycetales-Spizellomycetaceae-Spizellomyces_punctatus_XP_016609918.1    4.41%    passed     54.82%
  46  Eukaryota-Ciliophora-NA-Unranked-NA-Climacostomum_virens_MMETSP1397_c4890_g1_i3.p1                                        4.41%    passed     19.45%
  47  Eukaryota-Ciliophora-NA-Unranked-NA-Climacostomum_virens_MMETSP1397_c6487_g1_i2.p1                                        4.41%    passed     78.45%
  48  Eukaryota-Ciliophora-NA-Unranked-NA-Euplotes_focardii_MMETSP0205_c10938_g1_i1.p1                                          3.96%    passed     19.93%
  49  Eukaryota-Ciliophora-NA-Unranked-NA-Euplotes_harpa_MMETSP0213_c7906_g1_i1.p1                                             18.06%    passed     83.65%
  50  Eukaryota-Ciliophora-NA-Unranked-NA-Fabrea_salina_MMETSP1345_c1375_g1_i1.p1                                               4.41%    passed     27.57%
  51  Eukaryota-Ciliophora-NA-Unranked-NA-Fabrea_salina_MMETSP1345_c6681_g1_i1.p1                                               4.41%    passed     59.92%
  52  Eukaryota-Ciliophora-NA-Unranked-NA-Mesodinium_pulex_MMETSP0467_c34460_g1_i1.p2                                          46.70%    passed     46.75%
  53  Eukaryota-Ciliophora-NA-Unranked-NA-Mesodinium_pulex_MMETSP0467_c5251_g1_i1.p1                                            6.61%    failed      0.04%
  54  Eukaryota-Ciliophora-NA-Unranked-NA-Strombidinopsis_acuminatum_MMETSP0126_c19306_g1_i1.p1                                42.73%    passed     41.44%
  55  Eukaryota-Ciliophora-Oligohymenophorea-Hymenostomatida-Tetrahymenidae-Tetrahymena_thermophila_XP_001011136.1              4.85%    failed      0.80%
  56  Eukaryota-Cnidaria-Anthozoa-Actiniaria-Aiptasiidae-Exaiptasia_pallida_XP_020910449.1                                      4.85%    passed     97.82%
  57  Eukaryota-Cnidaria-Anthozoa-Alcyonacea-Nephtheidae-Dendronephthya_gigantea_XP_028402847.1                                 4.41%    passed     74.32%
  58  Eukaryota-Cnidaria-Anthozoa-Scleractinia-Merulinidae-Orbicella_faveolata_XP_020614947.1                                   4.85%    passed     13.23%
  59  Eukaryota-Cnidaria-Anthozoa-Scleractinia-Pocilloporidae-Pocillopora_damicornis_XP_027049961.1                             4.85%    passed     15.55%
  60  Eukaryota-Cnidaria-Anthozoa-Scleractinia-Pocilloporidae-Stylophora_pistillata_XP_022795814.1                              4.41%    passed     39.65%
  61  Eukaryota-Cnidaria-Anthozoa-Scleractinia-Pocilloporidae-Stylophora_pistillata_XP_022795815.1                              4.41%    passed     26.19%
  62  Eukaryota-Cnidaria-Hydrozoa-Anthoathecata-Hydridae-Hydra_vulgaris_XP_002160327.1                                          4.41%    passed     90.84%
  63  Eukaryota-Cryptophyta-NA-Cryptomonadales-Cryptomonadaceae-Cryptomonas_paramecium_MMETSP0038_c9703_g1_i2.p1                4.41%    failed      2.11%
  64  Eukaryota-Cryptophyta-NA-Cryptomonadales-Hemiselmidaceae-Hemiselmis_andersenii_MMETSP1042_c38960_g1_i1.p1                50.66%    failed      2.98%
  65  Eukaryota-Cryptophyta-NA-Goniomondales-NA-Goniomonas_pacifica_MMETSP0108_c741_g1_i1.p1                                   15.86%    passed     90.17%
  66  Eukaryota-Cryptophyta-NA-Pyrenomonadales-Chroomonadaceae-Chroomonas_mesostigmaticacf_MMETSP0047_c3563_g1_i1.p1            4.85%    passed     80.81%
  67  Eukaryota-Cryptophyta-NA-Pyrenomonadales-Geminigeraceae-Guillardia_theta_MMETSP0046_c5357_g1_i2.p1                        4.41%    passed     75.31%
  68  Eukaryota-Cryptophyta-NA-Pyrenomonadales-Pyrenomonadaceae-Rhodomonas_sp_MMETSP1389_c15442_g1_i1.p2                       42.29%    passed     71.40%
  69  Eukaryota-Echinodermata-Asteroidea-Valvatida-Acanthasteridae-Acanthaster_planci_XP_022110905.1                            4.41%    passed     70.17%
  70  Eukaryota-Echinodermata-Echinoidea-Echinoida-Strongylocentrotidae-Strongylocentrotus_purpuratus_XP_781890.2               4.41%    passed     99.31%
  71  Eukaryota-Euglenida-NA-Eutreptiales-NA-Eutreptiella_gymnastica_MMETSP0039_c61914_g1_i1.p1                                27.31%    passed     16.52%
  72  Eukaryota-Haptophyta-NA-Phaeocystales-Phaeocystaceae-Phaeocystis_antarctica_MMETSP1100_c45418_g1_i1.p1                    9.25%    passed      6.59%
  73  Eukaryota-Haptophyta-NA-Prymnesiales-NA-Chrysochromulina_ericina_MMETSP1096_c1312_g1_i1.p2                                4.85%    failed      0.16%
  74  Eukaryota-Haptophyta-NA-Prymnesiales-NA-Chrysochromulina_rotalis_MMETSP0287_c13767_g1_i1.p1                               4.85%    passed     33.44%
  75  Eukaryota-Haptophyta-NA-Prymnesiales-NA-Imantonia_sp_MMETSP1474_c11235_g1_i1.p1                                           3.96%    failed      0.82%
  76  Eukaryota-Haptophyta-NA-Prymnesiales-NA-Isochrysis_galbana_MMETSP0595_c13497_g1_i1.p1                                    12.78%    passed     22.05%
  77  Eukaryota-Haptophyta-NA-Prymnesiales-NA-Prymnesium_parvum_MMETSP0814_c2835_g1_i1.p1                                      22.91%    passed      6.03%
  78  Eukaryota-Haptophyta-NA-Unranked-NA-Scyphosphaera_apsteinii_MMETSP1333_c41833_g1_i1.p1                                    4.41%    passed     19.15%
  79  Eukaryota-Hemichordata-Enteropneusta-NA-Harrimaniidae-Saccoglossus_kowalevskii_XP_006823781.1                             4.41%    passed     55.03%
  80  Eukaryota-Mesomycetozoea-Ichthyosporea-Ichthyophonida-NA-Sphaeroforma_arctica_XP_014159662.1                              4.85%    passed     96.06%
  81  Eukaryota-Mesomycetozoea-Ichthyosporea-NA-NA-Capsaspora_owczarzaki_XP_004363785.1                                         4.41%    passed     93.07%
  82  Eukaryota-Mollusca-Bivalvia-Ostreoida-Ostreidae-Crassostrea_gigas_XP_011429889.1                                          4.41%    passed     90.51%
  83  Eukaryota-Mollusca-Bivalvia-Ostreoida-Ostreidae-Crassostrea_virginica_XP_022327156.1                                      4.41%    passed     93.96%
  84  Eukaryota-Mollusca-Bivalvia-Pectinoida-Pectinidae-Mizuhopecten_yessoensis_XP_021367853.1                                  4.41%    passed     97.58%
  85  Eukaryota-Mollusca-Cephalopoda-Octopoda-Octopodidae-Octopus_vulgaris_XP_029655970.1                                       5.29%    passed     99.24%
  86  Eukaryota-Mollusca-Gastropoda-Aplysiida-Aplysiidae-Aplysia_californica_XP_005093181.1                                     4.41%    passed     43.35%
  87  Eukaryota-Mollusca-Gastropoda-NA-Lottiidae-Lottia_gigantea_jgi225142                                                      4.41%    passed     56.71%
  88  Eukaryota-Mollusca-Gastropoda-NA-Planorbidae-Biomphalaria_glabrata_XP_013073589.1                                         7.49%    passed     37.91%
  89  Eukaryota-Mucorales-Mucoraceae-Undefined-Undefined-Mucor_circinelloides_jgi84383                                          8.81%    passed     72.57%
  90  Eukaryota-Mucoromycota-Glomeromycetes-Glomerales-Glomeraceae-Rhizophagus_irregularis_XP_025183402.1                      23.79%    passed     37.80%
  91  Eukaryota-Mucoromycota-Mucoromycetes-Mucorales-Phycomycetaceae-Phycomyces_blakesleeanus_jgi71346                          4.41%    passed     35.68%
  92  Eukaryota-Mucoromycota-Mucoromycetes-Mucorales-Rhizopodaceae-Rhizopus_microsporus_XP_023463836.1                          4.41%    passed     40.88%
  93  Eukaryota-Nematoda-Chromadorea-Rhabditida-Onchocercidae-Brugia_malayi_XP_001902677.1                                      4.41%    passed     99.43%
  94  Eukaryota-Nematoda-Chromadorea-Rhabditida-Onchocercidae-Loa_loa_XP_003148478.1                                            4.41%    passed     18.92%
  95  Eukaryota-Nematoda-Chromadorea-Rhabditida-Onchocercidae-Loa_loa_XP_020301703.1                                           33.92%    passed     92.67%
  96  Eukaryota-Nematoda-Chromadorea-Rhabditida-Rhabditidae-Caenorhabditis_briggsae_XP_002641174.1                              4.41%    passed     76.37%
  97  Eukaryota-Nematoda-Chromadorea-Rhabditida-Rhabditidae-Caenorhabditis_remanei_XP_003096953.1                               4.41%    passed     20.25%
  98  Eukaryota-Nematoda-Chromadorea-Rhabditida-Strongyloididae-Strongyloides_ratti_XP_024506688.1                              3.96%    failed      0.03%
  99  Eukaryota-Nematoda-Chromadorea-Strongylida-Ancylostomatidae-Necator_americanus_XP_013295803.1                             4.41%    passed     87.68%
 100  Eukaryota-Palpitomonas-NA-NA-NA-Palpitomonas_bilix_MMETSP0780_c13886_g2_i1.p1                                             4.41%    passed     92.21%
 101  Eukaryota-Perkinsozoa-NA-Perkinsida-Perkinsidae-Perkinsus_marinus_XP_002764541.1                                          4.41%    passed     89.31%
 102  Eukaryota-Placozoa-NA-NA-Trichoplacidae-Trichoplax_adhaerens_XP_002117934.1                                              41.85%    passed     64.02%
 103  Eukaryota-Platyhelminthes-Trematoda-Opisthorchiida-Opisthorchiidae-Opisthorchis_viverrini_XP_009177337.1                 11.01%    passed     53.32%
 104  Eukaryota-Platyhelminthes-Trematoda-Strigeidida-Schistosomatidae-Schistosoma_mansoni_XP_018650396.1                       4.41%    passed     90.41%
 105  Eukaryota-Porifera-Demospongiae-Haplosclerida-Niphatidae-Amphimedon_queenslandica_jgiAqu1214489                           4.41%    passed     99.47%
 106  Eukaryota-Priapulida-Priapulimorpha-Priapulimorphida-Priapulidae-Priapulus_caudatus_XP_014661677.1                        4.41%    passed     34.95%
 107  Eukaryota-Retaria-NA-NA-NA-Elphidium_margaritaceum_MMETSP1385_c19774_g1_i1.p1                                            25.55%    passed     24.11%
 108  Eukaryota-Rhodophyta-Bangiophyceae-NA-NA-Rhodella_maculata_MMETSP0167_c9396_g1_i1.p2                                      4.41%    passed     66.36%
 109  Eukaryota-Rhodophyta-Compsopogonophyceae-NA-NA-Madagascaria_erythrocladiodes_MMETSP1450_c8675_g1_i1.p1                    7.93%    failed      0.98%
 110  Eukaryota-Stramenopiles-Dictyochophyceae-Dictyochales-NA-Dictyocha_speculum_MMETSP1174_c9466_g1_i1.p1                     4.41%    failed      3.88%
 111  Eukaryota-Stramenopiles-Dictyochophyceae-Florenciellales-NA-Florenciella_parvula_MMETSP1344_c14277_g1_i2.p1               4.41%    passed     97.79%
 112  Eukaryota-Stramenopiles-NA-Bicosoecida-Cafeteriaceae-Cafeteria_roenbergensis_MMETSP0942_c3298_g1_i1.p1                    3.52%    failed      0.09%
 113  Eukaryota-Stramenopiles-NA-NA-NA-Fibrocapsa_japonica_MMETSP1339_c4379_g1_i1.p1                                            4.41%    passed     72.36%
 114  Eukaryota-Stramenopiles-Oomycetes-Peronosporales-Peronosporaceae-Phytophthora_parasitica_XP_008901076.1                   4.41%    passed     95.11%
 115  Eukaryota-Stramenopiles-Oomycetes-Peronosporales-Peronosporaceae-Phytophthora_sojae_jgi140778                             4.41%    passed     98.57%
 116  Eukaryota-Stramenopiles-Oomycetes-Saprolegniales-Saprolegniaceae-Aphanomyces_astaci_XP_009834052.1                        4.41%    passed     67.51%
 117  Eukaryota-Stramenopiles-Raphidophyceae-Chattonellales-Chattonellaceae-Heterosigma_akashiwo_MMETSP0409_c4871_g1_i1.p1      6.61%    passed      9.07%
 118  Eukaryota-Streptophyta-Liliopsida-Arecales-Arecaceae-Phoenix_dactylifera_XP_008806210.1                                   5.29%    passed     92.70%
 119  Eukaryota-Streptophyta-Liliopsida-Asparagales-Asparagaceae-Asparagus_officinalis_XP_020273882.1                           5.29%    passed     95.99%
 120  Eukaryota-Streptophyta-Liliopsida-Zingiberales-Musaceae-Musa_acuminata_XP_009398348.1                                     5.29%    passed     99.46%
 121  Eukaryota-Streptophyta-NA-Brassicales-Brassicaceae-Arabidopsis_thaliana_NP_001318374.1                                    5.29%    passed     99.29%
 122  Eukaryota-Streptophyta-NA-Brassicales-Brassicaceae-Capsella_rubella_XP_023639462.1                                        5.29%    passed     99.37%
 123  Eukaryota-Streptophyta-NA-Cucurbitales-Cucurbitaceae-Cucurbita_moschata_XP_022957072.1                                    5.29%    passed     92.06%
 124  Eukaryota-Streptophyta-NA-Cucurbitales-Cucurbitaceae-Momordica_charantia_XP_022150560.1                                   5.29%    passed     97.25%
 125  Eukaryota-Streptophyta-NA-Gentianales-Rubiaceae-Coffea_arabica_XP_027111233.1                                             5.29%    passed     94.61%
 126  Eukaryota-Streptophyta-NA-Lamiales-Oleaceae-Olea_europaea_XP_022853731.1                                                  5.29%    passed     97.52%
 127  MSTRG.16505.1.p1                                                                                                          3.52%    passed     39.48%
 128  MSTRG.21922.1.p1                                                                                                          3.52%    passed     23.21%
 129  NA-NA-NA-NA-NA-NA_XP_003279490.1                                                                                          4.41%    passed     92.04%
 130  NA-NA-NA-NA-NA-NA_XP_004091021.1                                                                                          4.41%    passed     65.83%
WARNING: 1 sequences contain more than 50% gaps/ambiguity
****  TOTAL                                                                                                                     7.42%  12 sequences failed composition chi2 test (p-value<5%; df=19)
NOTE: Eukaryota-Chromeraceae-NA-NA-NA-Vitrella_brassicaformis_MMETSP1451_c5784_g1_i1.p1 is identical to Eukaryota-Apicomplexa-NA-Unranked-NA-Alveolata_sp_MMETSP0288_c1997_g1_i1.p1 but kept for subsequent analysis
NOTE: Eukaryota-Chordata-Actinopteri-Cichliformes-Cichlidae-Maylandia_zebra_XP_004560191.1 is identical to Eukaryota-Chordata-Actinopteri-Cichliformes-Cichlidae-Astatotilapia_calliptera_XP_026040750.1 but kept for subsequent analysis


Create initial parsimony tree by phylogenetic likelihood library (PLL)... 0.080 seconds
NOTE: ModelFinder requires 51 MB RAM!
ModelFinder will test 546 protein models (sample size: 227) ...
 No. Model         -LnL         df  AIC          AICc         BIC
Measuring multi-threading efficiency up to 2 CPU cores
Increase to 10 rounds for branch lengths
13 trees examined
Threads: 1 / Time: 2.060 sec / Speedup: 1.000 / Efficiency: 100% / LogL: -51575
Threads: 2 / Time: 1.970 sec / Speedup: 1.046 / Efficiency: 52% / LogL: -51575
BEST NUMBER OF THREADS: 1

  1  Dayhoff       39769.215    257 80052.429    212664.429   80932.641
  2  Dayhoff+I     39344.407    258 79204.813    212848.813   80088.450
  3  Dayhoff+G4    37758.906    258 76033.813    209677.813   76917.450
  4  Dayhoff+I+G4  37711.619    259 75941.237    210621.237   76828.300
  5  Dayhoff+R2    38243.608    259 77005.216    211685.216   77892.278
  6  Dayhoff+R3    37808.454    261 76138.909    212902.909   77032.821
  7  Dayhoff+R4    37702.449    263 75930.897    214794.897   76831.659
  8  Dayhoff+R5    37657.650    265 75845.300    216825.300   76752.912
  9  Dayhoff+R6    37636.987    267 75807.974    218919.974   76722.435
 10  Dayhoff+R7    37630.182    269 75798.364    221058.364   76719.676
 11  Dayhoff+R8    37623.990    271 75789.980    223213.980   76718.141
 12  Dayhoff+R9    37618.470    273 75782.939    225386.939   76717.951
 13  Dayhoff+R10   37614.519    275 75779.038    227579.038   76720.900
 14  Dayhoff+F     39985.554    276 80523.107    233427.107   81468.393
 15  Dayhoff+F+I   39555.662    277 79665.323    233677.323   80614.034
 16  Dayhoff+F+G4  37910.870    277 76375.739    230387.739   77324.450
 17  Dayhoff+F+I+G4 37849.738    278 76255.476    231379.476   77207.612
 18  Dayhoff+F+R2  38417.480    278 77390.961    232514.961   78343.097
 19  Dayhoff+F+R3  37988.365    280 76536.730    233896.730   77495.716
 20  Dayhoff+F+R4  37851.542    282 76267.084    235879.084   77232.920
 21  Dayhoff+F+R5  37811.827    284 76191.655    238071.655   77164.340
 22  Dayhoff+F+R6  37795.334    286 76162.668    240326.668   77142.204
 23  Dayhoff+F+R7  37788.887    288 76153.773    242617.773   77140.159
 24  Dayhoff+F+R8  37783.680    290 76147.360    244927.360   77140.596
 27  mtMAM         44319.998    257 89153.997    221765.997   90034.209
 28  mtMAM+I       44053.190    258 88622.380    222266.380   89506.017
 29  mtMAM+G4      39905.144    258 80326.289    213970.289   81209.926
 30  mtMAM+I+G4    39883.556    259 80285.112    214965.112   81172.174
 31  mtMAM+R2      40807.355    259 82132.710    216812.710   83019.772
 32  mtMAM+R3      40192.577    261 80907.155    217671.155   81801.067
 33  mtMAM+R4      39949.650    263 80425.299    219289.299   81326.061
 34  mtMAM+R5      39863.723    265 80257.447    221237.447   81165.059
 35  mtMAM+R6      39812.803    267 80159.605    223271.605   81074.067
 36  mtMAM+R7      39808.302    269 80154.605    225414.605   81075.916
 40  mtMAM+F       42483.258    276 85518.516    238422.516   86463.803
 41  mtMAM+F+I     42107.498    277 84768.996    238780.996   85717.707
 42  mtMAM+F+G4    39053.588    277 78661.175    232673.175   79609.886
 43  mtMAM+F+I+G4  39021.035    278 78598.069    233722.069   79550.205
 44  mtMAM+F+R2    39849.178    278 80254.357    235378.357   81206.493
 45  mtMAM+F+R3    39299.949    280 79159.897    236519.897   80118.883
 46  mtMAM+F+R4    39098.242    282 78760.483    238372.483   79726.319
 47  mtMAM+F+R5    39038.106    284 78644.212    240524.212   79616.898
 48  mtMAM+F+R6    38993.738    286 78559.477    242723.477   79539.013
 49  mtMAM+F+R7    38986.714    288 78549.428    245013.428   79535.814
 50  mtMAM+F+R8    38959.610    290 78499.219    247279.219   79492.455
 51  mtMAM+F+R9    38947.312    292 78478.624    249590.624   79478.710
 52  mtMAM+F+R10   38939.186    294 78466.373    251926.373   79473.308
 53  JTT           39565.820    257 79645.640    212257.640   80525.852
 54  JTT+I         39219.211    258 78954.422    212598.422   79838.059
 55  JTT+G4        37562.500    258 75641.000    209285.000   76524.637
 56  JTT+I+G4      37516.692    259 75551.383    210231.383   76438.445
 57  JTT+R2        38080.570    259 76679.141    211359.141   77566.203
 58  JTT+R3        37670.761    261 75863.523    212627.523   76757.435
 59  JTT+R4        37513.065    263 75552.129    214416.129   76452.891
 60  JTT+R5        37469.399    265 75468.798    216448.798   76376.410
 61  JTT+R6        37464.138    267 75462.275    218574.275   76376.737
 66  JTT+F         39686.890    276 79925.780    232829.780   80871.066
 67  JTT+F+I       39344.989    277 79243.978    233255.978   80192.689
 68  JTT+F+G4      37638.576    277 75831.151    229843.151   76779.863
 69  JTT+F+I+G4    37593.953    278 75743.906    230867.906   76696.042
 70  JTT+F+R2      38161.714    278 76879.428    232003.428   77831.564
 71  JTT+F+R3      37767.819    280 76095.638    233455.638   77054.624
 72  JTT+F+R4      37598.671    282 75761.341    235373.341   76727.177
 73  JTT+F+R5      37554.630    284 75677.261    237557.261   76649.947
 74  JTT+F+R6      37551.183    286 75674.366    239838.366   76653.902
 79  WAG           38909.024    257 78332.048    210944.048   79212.260
 80  WAG+I         38582.050    258 77680.100    211324.100   78563.737
 81  WAG+G4        37213.669    258 74943.338    208587.338   75826.975
 82  WAG+I+G4      37166.494    259 74850.989    209530.989   75738.051
 83  WAG+R2        37611.037    259 75740.073    210420.073   76627.135
 84  WAG+R3        37259.848    261 75041.696    211805.696   75935.608
 85  WAG+R4        37133.284    263 74792.568    213656.568   75693.330
 86  WAG+R5        37098.223    265 74726.445    215706.445   75634.057
 87  WAG+R6        37097.925    267 74729.851    217841.851   75644.312
 92  WAG+F         39091.980    276 78735.961    231639.961   79681.247
 93  WAG+F+I       38770.059    277 78094.117    232106.117   79042.829
 94  WAG+F+G4      37314.634    277 75183.269    229195.269   76131.980
 95  WAG+F+I+G4    37271.614    278 75099.229    230223.229   76051.365
 96  WAG+F+R2      37733.353    278 76022.705    231146.705   76974.841
 97  WAG+F+R3      37401.284    280 75362.568    232722.568   76321.554
 98  WAG+F+R4      37250.316    282 75064.631    234676.631   76030.467
 99  WAG+F+R5      37217.072    284 75002.144    236882.144   75974.830
100  WAG+F+R6      37216.844    286 75005.689    239169.689   75985.224
105  cpREV         39356.256    257 79226.511    211838.511   80106.723
106  cpREV+I       38984.996    258 78485.993    212129.993   79369.630
107  cpREV+G4      37575.287    258 75666.574    209310.574   76550.211
108  cpREV+I+G4    37527.832    259 75573.665    210253.665   76460.727
109  cpREV+R2      37994.609    259 76507.219    211187.219   77394.281
110  cpREV+R3      37663.721    261 75849.441    212613.441   76743.353
111  cpREV+R4      37509.503    263 75545.006    214409.006   76445.767
112  cpREV+R5      37465.315    265 75460.631    216440.631   76368.242
113  cpREV+R6      37465.225    267 75464.450    218576.450   76378.912
118  cpREV+F       39505.610    276 79563.221    232467.221   80508.507
119  cpREV+F+I     39115.185    277 78784.371    232796.371   79733.082
120  cpREV+F+G4    37640.852    277 75835.705    229847.705   76784.416
121  cpREV+F+I+G4  37592.580    278 75741.160    230865.160   76693.296
122  cpREV+F+R2    38076.200    278 76708.400    231832.400   77660.536
123  cpREV+F+R3    37744.375    280 76048.749    233408.749   77007.735
124  cpREV+F+R4    37580.246    282 75724.492    235336.492   76690.327
125  cpREV+F+R5    37532.446    284 75632.893    237512.893   76605.579
126  cpREV+F+R6    37532.342    286 75636.684    239800.684   76616.219
131  mtREV         42137.341    257 84788.681    217400.681   85668.893
132  mtREV+I       41867.177    258 84250.353    217894.353   85133.991
133  mtREV+G4      39124.973    258 78765.947    212409.947   79649.584
134  mtREV+I+G4    39110.903    259 78739.805    213419.805   79626.867
135  mtREV+R2      39823.913    259 80165.827    214845.827   81052.889
136  mtREV+R3      39305.406    261 79132.811    215896.811   80026.723
137  mtREV+R4      39138.161    263 78802.322    217666.322   79703.084
138  mtREV+R5      39058.972    265 78647.944    219627.944   79555.556
139  mtREV+R6      39058.967    267 78651.933    221763.933   79566.395
144  mtREV+F       40747.625    276 82047.250    234951.250   82992.537
145  mtREV+F+I     40388.705    277 81331.410    235343.410   82280.121
146  mtREV+F+G4    38200.876    277 76955.752    230967.752   77904.463
147  mtREV+F+I+G4  38166.753    278 76889.506    232013.506   77841.642
148  mtREV+F+R2    38812.661    278 78181.322    233305.322   79133.458
149  mtREV+F+R3    38383.028    280 77326.057    234686.057   78285.043
150  mtREV+F+R4    38185.532    282 76935.064    236547.064   77900.900
151  mtREV+F+R5    38146.386    284 76860.773    238740.773   77833.458
152  mtREV+F+R6    38146.305    286 76864.611    241028.611   77844.146
157  rtREV         39298.778    257 79111.557    211723.557   79991.769
158  rtREV+I       39023.690    258 78563.381    212207.381   79447.018
159  rtREV+G4      37337.431    258 75190.863    208834.863   76074.500
160  rtREV+I+G4    37304.933    259 75127.866    209807.866   76014.928
161  rtREV+R2      37812.845    259 76143.690    210823.690   77030.752
162  rtREV+R3      37444.973    261 75411.947    212175.947   76305.859
163  rtREV+R4      37287.834    263 75101.668    213965.668   76002.430
164  rtREV+R5      37250.399    265 75030.798    216010.798   75938.410
165  rtREV+R6      37250.389    267 75034.777    218146.777   75949.239
170  rtREV+F       39281.606    276 79115.213    232019.213   80060.499
171  rtREV+F+I     39009.542    277 78573.084    232585.084   79521.795
172  rtREV+F+G4    37243.824    277 75041.649    229053.649   75990.360
173  rtREV+F+I+G4  37214.864    278 74985.728    230109.728   75937.864
174  rtREV+F+R2    37736.800    278 76029.601    231153.601   76981.737
175  rtREV+F+R3    37370.260    280 75300.520    232660.520   76259.506
176  rtREV+F+R4    37207.607    282 74979.214    234591.214   75945.050
177  rtREV+F+R5    37173.275    284 74914.550    236794.550   75887.236
178  rtREV+F+R6    37173.183    286 74918.366    239082.366   75897.901
183  mtART         43722.685    257 87959.370    220571.370   88839.582
184  mtART+I       43482.033    258 87480.067    221124.067   88363.704
185  mtART+G4      39669.990    258 79855.981    213499.981   80739.618
186  mtART+I+G4    39651.167    259 79820.335    214500.335   80707.397
187  mtART+R2      40455.734    259 81429.468    216109.468   82316.530
188  mtART+R3      39875.841    261 80273.682    217037.682   81167.594
189  mtART+R4      39691.645    263 79909.291    218773.291   80810.053
190  mtART+R5      39606.708    265 79743.417    220723.417   80651.029
191  mtART+R6      39605.922    267 79745.844    222857.844   80660.306
196  mtART+F       42013.803    276 84579.605    237483.605   85524.891
197  mtART+F+I     41674.427    277 83902.854    237914.854   84851.565
198  mtART+F+G4    38600.231    277 77754.463    231766.463   78703.174
199  mtART+F+I+G4  38586.639    278 77729.278    232853.278   78681.414
200  mtART+F+R2    39403.709    278 79363.418    234487.418   80315.555
201  mtART+F+R3    38828.554    280 78217.107    235577.107   79176.093
202  mtART+F+R4    38672.993    282 77909.985    237521.985   78875.821
203  mtART+F+R5    38605.137    284 77778.275    239658.275   78750.961
204  mtART+F+R6    38604.080    286 77780.160    241944.160   78759.696
209  mtZOA         42147.470    257 84808.940    217420.940   85689.152
210  mtZOA+I       41909.259    258 84334.518    217978.518   85218.155
211  mtZOA+G4      38662.529    258 77841.059    211485.059   78724.696
212  mtZOA+I+G4    38658.873    259 77835.747    212515.747   78722.809
213  mtZOA+R2      39330.817    259 79179.634    213859.634   80066.696
214  mtZOA+R3      38826.547    261 78175.094    214939.094   79069.006
215  mtZOA+R4      38689.876    263 77905.753    216769.753   78806.515
216  mtZOA+R5      38612.565    265 77755.129    218735.129   78662.741
217  mtZOA+R6      38612.027    267 77758.055    220870.055   78672.517
222  mtZOA+F       40974.910    276 82501.820    235405.820   83447.106
223  mtZOA+F+I     40623.922    277 81801.844    235813.844   82750.555
224  mtZOA+F+G4    38080.299    277 76714.598    230726.598   77663.309
225  mtZOA+F+I+G4  38055.930    278 76667.861    231791.861   77619.997
226  mtZOA+F+R2    38774.938    278 78105.877    233229.877   79058.013
227  mtZOA+F+R3    38272.980    280 77105.960    234465.960   78064.946
228  mtZOA+F+R4    38128.936    282 76821.872    236433.872   77787.708
229  mtZOA+F+R5    38061.670    284 76691.339    238571.339   77664.025
230  mtZOA+F+R6    38060.988    286 76693.977    240857.977   77673.512
235  VT            39004.323    257 78522.646    211134.646   79402.858
236  VT+I          38699.764    258 77915.529    211559.529   78799.166
237  VT+G4         37321.166    258 75158.332    208802.332   76041.969
238  VT+I+G4       37277.453    259 75072.906    209752.906   75959.968
239  VT+R2         37745.730    259 76009.460    210689.460   76896.522
240  VT+R3         37386.828    261 75295.656    212059.656   76189.568
241  VT+R4         37253.754    263 75033.508    213897.508   75934.270
242  VT+R5         37220.167    265 74970.334    215950.334   75877.946
243  VT+R6         37220.124    267 74974.247    218086.247   75888.709
248  VT+F          39099.739    276 78751.478    231655.478   79696.764
249  VT+F+I        38807.101    277 78168.203    232180.203   79116.914
250  VT+F+G4       37384.127    277 75322.254    229334.254   76270.965
251  VT+F+I+G4     37343.236    278 75242.471    230366.471   76194.607
252  VT+F+R2       37812.057    278 76180.113    231304.113   77132.249
253  VT+F+R3       37461.017    280 75482.035    232842.035   76441.021
254  VT+F+R4       37325.478    282 75214.955    234826.955   76180.791
255  VT+F+R5       37290.454    284 75148.909    237028.909   76121.594
256  VT+F+R6       37290.426    286 75152.851    239316.851   76132.387
261  LG            39003.863    257 78521.726    211133.726   79401.938
262  LG+I          38700.341    258 77916.682    211560.682   78800.319
263  LG+G4         36963.281    258 74442.563    208086.563   75326.200
264  LG+I+G4       36927.511    259 74373.021    209053.021   75260.083
265  LG+R2         37460.363    259 75438.727    210118.727   76325.789
266  LG+R3         37085.391    261 74692.783    211456.783   75586.695
267  LG+R4         36918.007    263 74362.013    213226.013   75262.775
268  LG+R5         36879.452    265 74288.905    215268.905   75196.516
269  LG+R6         36879.324    267 74292.649    217404.649   75207.110
274  LG+F          39180.813    276 78913.627    231817.627   79858.913
275  LG+F+I        38889.654    277 78333.307    232345.307   79282.019
276  LG+F+G4       37096.627    277 74747.254    228759.254   75695.965
277  LG+F+I+G4     37062.413    278 74680.827    229804.827   75632.963
278  LG+F+R2       37585.565    278 75727.131    230851.131   76679.267
279  LG+F+R3       37223.635    280 75007.270    232367.270   75966.256
280  LG+F+R4       37057.855    282 74679.709    234291.709   75645.545
281  LG+F+R5       37019.733    284 74607.465    236487.465   75580.151
282  LG+F+R6       37019.678    286 74611.357    238775.357   75590.892
287  DCMut         39766.592    257 80047.184    212659.184   80927.396
288  DCMut+I       39342.665    258 79201.330    212845.330   80084.967
289  DCMut+G4      37760.390    258 76036.780    209680.780   76920.417
290  DCMut+I+G4    37712.535    259 75943.069    210623.069   76830.131
291  DCMut+R2      38244.507    259 77007.014    211687.014   77894.076
292  DCMut+R3      37803.431    261 76128.862    212892.862   77022.773
293  DCMut+R4      37690.662    263 75907.324    214771.324   76808.085
294  DCMut+R5      37632.728    265 75795.455    216775.455   76703.067
295  DCMut+R6      37632.619    267 75799.238    218911.238   76713.700
300  DCMut+F       39982.134    276 80516.269    233420.269   81461.555
301  DCMut+F+I     39553.437    277 79660.873    233672.873   80609.584
302  DCMut+F+G4    37910.972    277 76375.944    230387.944   77324.655
303  DCMut+F+I+G4  37850.046    278 76256.092    231380.092   77208.228
304  DCMut+F+R2    38417.645    278 77391.290    232515.290   78343.426
305  DCMut+F+R3    37984.361    280 76528.722    233888.722   77487.708
306  DCMut+F+R4    37846.018    282 76256.037    235868.037   77221.873
307  DCMut+F+R5    37788.813    284 76145.625    238025.625   77118.311
308  DCMut+F+R6    37788.754    286 76149.509    240313.509   77129.045
313  PMB           39212.757    257 78939.514    211551.514   79819.726
314  PMB+I         38932.154    258 78380.307    212024.307   79263.944
315  PMB+G4        37496.766    258 75509.532    209153.532   76393.169
316  PMB+I+G4      37460.245    259 75438.489    210118.489   76325.551
317  PMB+R2        37939.769    259 76397.538    211077.538   77284.600
318  PMB+R3        37579.502    261 75681.004    212445.004   76574.916
319  PMB+R4        37440.744    263 75407.489    214271.489   76308.251
320  PMB+R5        37402.955    265 75335.911    216315.911   76243.522
321  PMB+R6        37402.914    267 75339.828    218451.828   76254.290
326  PMB+F         39386.687    276 79325.374    232229.374   80270.660
327  PMB+F+I       39108.072    277 78770.143    232782.143   79718.855
328  PMB+F+G4      37638.710    277 75831.419    229843.419   76780.130
329  PMB+F+I+G4    37604.471    278 75764.941    230888.941   76717.077
330  PMB+F+R2      38084.226    278 76724.452    231848.452   77676.588
331  PMB+F+R3      37725.682    280 76011.363    233371.363   76970.349
332  PMB+F+R4      37586.037    282 75736.074    235348.074   76701.910
333  PMB+F+R5      37551.922    284 75671.844    237551.844   76644.530
334  PMB+F+R6      37551.888    286 75675.776    239839.776   76655.312
339  HIVb          40799.711    257 82113.421    214725.421   82993.633
340  HIVb+I        40374.772    258 81265.543    214909.543   82149.180
341  HIVb+G4       38270.970    258 77057.940    210701.940   77941.577
342  HIVb+I+G4     38224.300    259 76966.601    211646.601   77853.663
343  HIVb+R2       38921.884    259 78361.769    213041.769   79248.831
344  HIVb+R3       38436.672    261 77395.345    214159.345   78289.257
345  HIVb+R4       38232.873    263 76991.746    215855.746   77892.508
346  HIVb+R5       38165.793    265 76861.586    217841.586   77769.198
347  HIVb+R6       38165.737    267 76865.473    219977.473   77779.935
352  HIVb+F        40872.863    276 82297.725    235201.725   83243.011
353  HIVb+F+I      40469.892    277 81493.784    235505.784   82442.495
354  HIVb+F+G4     38245.882    277 77045.764    231057.764   77994.475
355  HIVb+F+I+G4   38200.411    278 76956.822    232080.822   77908.958
356  HIVb+F+R2     38910.336    278 78376.672    233500.672   79328.808
357  HIVb+F+R3     38452.626    280 77465.252    234825.252   78424.238
358  HIVb+F+R4     38220.342    282 77004.683    236616.683   77970.519
359  HIVb+F+R5     38156.473    284 76880.946    238760.946   77853.632
360  HIVb+F+R6     38156.463    286 76884.927    241048.927   77864.463
365  HIVw          42553.138    257 85620.276    218232.276   86500.488
366  HIVw+I        42050.354    258 84616.708    218260.708   85500.345
367  HIVw+G4       40245.752    258 81007.504    214651.504   81891.141
368  HIVw+I+G4     40183.395    259 80884.790    215564.790   81771.852
369  HIVw+R2       40870.530    259 82259.061    216939.061   83146.123
370  HIVw+R3       40358.116    261 81238.232    218002.232   82132.144
371  HIVw+R4       40174.365    263 80874.730    219738.730   81775.491
372  HIVw+R5       40112.634    265 80755.269    221735.269   81662.880
373  HIVw+R6       40112.549    267 80759.099    223871.099   81673.561
378  HIVw+F        41941.716    276 84435.431    237339.431   85380.717
379  HIVw+F+I      41518.965    277 83591.929    237603.929   84540.641
380  HIVw+F+G4     39520.850    277 79595.700    233607.700   80544.411
381  HIVw+F+I+G4   39471.130    278 79498.261    234622.261   80450.397
382  HIVw+F+R2     40156.466    278 80868.932    235992.932   81821.068
383  HIVw+F+R3     39682.016    280 79924.033    237284.033   80883.019
384  HIVw+F+R4     39487.708    282 79539.416    239151.416   80505.252
385  HIVw+F+R5     39422.923    284 79413.845    241293.845   80386.531
386  HIVw+F+R6     39422.900    286 79417.800    243581.800   80397.335
391  JTTDCMut      39555.776    257 79625.553    212237.553   80505.765
392  JTTDCMut+I    39205.539    258 78927.077    212571.077   79810.714
393  JTTDCMut+G4   37559.823    258 75635.647    209279.647   76519.284
394  JTTDCMut+I+G4 37513.886    259 75545.772    210225.772   76432.834
395  JTTDCMut+R2   38076.079    259 76670.157    211350.157   77557.219
396  JTTDCMut+R3   37665.140    261 75852.281    212616.281   76746.193
397  JTTDCMut+R4   37506.386    263 75538.772    214402.772   76439.534
398  JTTDCMut+R5   37448.489    265 75426.979    216406.979   76334.591
399  JTTDCMut+R6   37448.469    267 75430.938    218542.938   76345.400
404  JTTDCMut+F    39685.313    276 79922.625    232826.625   80867.912
405  JTTDCMut+F+I  39339.986    277 79233.972    233245.972   80182.683
406  JTTDCMut+F+G4 37638.888    277 75831.775    229843.775   76780.487
407  JTTDCMut+F+I+G4 37594.010    278 75744.020    230868.020   76696.156
408  JTTDCMut+F+R2 38161.521    278 76879.043    232003.043   77831.179
409  JTTDCMut+F+R3 37769.514    280 76099.027    233459.027   77058.013
410  JTTDCMut+F+R4 37595.124    282 75754.249    235366.249   76720.085
411  JTTDCMut+F+R5 37543.385    284 75654.770    237534.770   76627.456
412  JTTDCMut+F+R6 37543.277    286 75658.553    239822.553   76638.089
417  FLU           40560.219    257 81634.439    214246.439   82514.651
418  FLU+I         40139.247    258 80794.495    214438.495   81678.132
419  FLU+G4        38325.911    258 77167.821    210811.821   78051.458
420  FLU+I+G4      38274.952    259 77067.905    211747.905   77954.967
421  FLU+R2        38889.128    259 78296.257    212976.257   79183.319
422  FLU+R3        38442.123    261 77406.247    214170.247   78300.159
423  FLU+R4        38276.860    263 77079.719    215943.719   77980.481
424  FLU+R5        38203.920    265 76937.840    217917.840   77845.452
425  FLU+R6        38203.809    267 76941.618    220053.618   77856.079
430  FLU+F         40656.425    276 81864.850    234768.850   82810.136
431  FLU+F+I       40295.606    277 81145.211    235157.211   82093.923
432  FLU+F+G4      38247.168    277 77048.335    231060.335   77997.046
433  FLU+F+I+G4    38204.844    278 76965.689    232089.689   77917.825
434  FLU+F+R2      38837.150    278 78230.299    233354.299   79182.435
435  FLU+F+R3      38404.906    280 77369.812    234729.812   78328.798
436  FLU+F+R4      38225.416    282 77014.832    236626.832   77980.668
437  FLU+F+R5      38147.555    284 76863.109    238743.109   77835.795
438  FLU+F+R6      38147.445    286 76866.890    241030.890   77846.426
443  Blosum62      39053.352    257 78620.704    211232.704   79500.916
444  Blosum62+I    38799.097    258 78114.194    211758.194   78997.831
445  Blosum62+G4   37411.795    258 75339.590    208983.590   76223.227
446  Blosum62+I+G4 37377.327    259 75272.654    209952.654   76159.716
447  Blosum62+R2   37825.848    259 76169.697    210849.697   77056.759
448  Blosum62+R3   37479.044    261 75480.088    212244.088   76374.000
449  Blosum62+R4   37347.342    263 75220.685    214084.685   76121.447
450  Blosum62+R5   37311.919    265 75153.838    216133.838   76061.449
451  Blosum62+R6   37311.897    267 75157.794    218269.794   76072.255
456  Blosum62+F    39177.145    276 78906.289    231810.289   79851.575
457  Blosum62+F+I  38922.158    277 78398.316    232410.316   79347.027
458  Blosum62+F+G4 37511.034    277 75576.068    229588.068   76524.779
459  Blosum62+F+I+G4 37477.271    278 75510.543    230634.543   76462.679
460  Blosum62+F+R2 37925.721    278 76407.441    231531.441   77359.578
461  Blosum62+F+R3 37582.288    280 75724.576    233084.576   76683.562
462  Blosum62+F+R4 37451.700    282 75467.401    235079.401   76433.237
463  Blosum62+F+R5 37415.809    284 75399.618    237279.618   76372.304
464  Blosum62+F+R6 37415.806    286 75403.613    239567.613   76383.148
469  mtMet         42416.955    257 85347.911    217959.911   86228.123
470  mtMet+I       42147.496    258 84810.992    218454.992   85694.629
471  mtMet+G4      39259.517    258 79035.035    212679.035   79918.672
472  mtMet+I+G4    39246.796    259 79011.593    213691.593   79898.655
473  mtMet+R2      39934.292    259 80386.584    215066.584   81273.646
474  mtMet+R3      39405.095    261 79332.190    216096.190   80226.102
475  mtMet+R4      39297.556    263 79121.112    217985.112   80021.874
476  mtMet+R5      39182.286    265 78894.573    219874.573   79802.185
477  mtMet+R6      39182.283    267 78898.567    222010.567   79813.028
482  mtMet+F       40934.597    276 82421.194    235325.194   83366.481
483  mtMet+F+I     40580.153    277 81714.305    235726.305   82663.017
484  mtMet+F+G4    38217.356    277 76988.712    231000.712   77937.423
485  mtMet+F+I+G4  38186.917    278 76929.835    232053.835   77881.971
486  mtMet+F+R2    38897.095    278 78350.190    233474.190   79302.326
487  mtMet+F+R3    38420.709    280 77401.418    234761.418   78360.404
488  mtMet+F+R4    38277.043    282 77118.087    236730.087   78083.923
489  mtMet+F+R5    38161.903    284 76891.807    238771.807   77864.493
490  mtMet+F+R6    38161.903    286 76895.806    241059.806   77875.342
495  mtVer         43107.035    257 86728.070    219340.070   87608.282
496  mtVer+I       42785.309    258 86086.617    219730.617   86970.254
497  mtVer+G4      39508.074    258 79532.149    213176.149   80415.786
498  mtVer+I+G4    39479.822    259 79477.645    214157.645   80364.707
499  mtVer+R2      40271.836    259 81061.671    215741.671   81948.733
500  mtVer+R3      39687.310    261 79896.619    216660.619   80790.531
501  mtVer+R4      39554.723    263 79635.445    218499.445   80536.207
502  mtVer+R5      39442.715    265 79415.430    220395.430   80323.042
503  mtVer+R6      39442.704    267 79419.409    222531.409   80333.870
508  mtVer+F       41793.887    276 84139.773    237043.773   85085.059
509  mtVer+F+I     41351.193    277 83256.386    237268.386   84205.097
510  mtVer+F+G4    38774.219    277 78102.437    232114.437   79051.148
511  mtVer+F+I+G4  38736.742    278 78029.483    233153.483   78981.619
512  mtVer+F+R2    39515.023    278 79586.047    234710.047   80538.183
513  mtVer+F+R3    38998.082    280 78556.164    235916.164   79515.150
514  mtVer+F+R4    38850.894    282 78265.788    237877.788   79231.624
515  mtVer+F+R5    38727.717    284 78023.434    239903.434   78996.120
516  mtVer+F+R6    38727.714    286 78027.427    242191.427   79006.963
521  mtInv         42328.537    257 85171.074    217783.074   86051.287
522  mtInv+I       42066.268    258 84648.536    218292.536   85532.173
523  mtInv+G4      39470.753    258 79457.506    213101.506   80341.143
524  mtInv+I+G4    39456.006    259 79430.011    214110.011   80317.073
525  mtInv+R2      40097.922    259 80713.845    215393.845   81600.907
526  mtInv+R3      39614.068    261 79750.137    216514.137   80644.049
527  mtInv+R4      39504.739    263 79535.479    218399.479   80436.241
528  mtInv+R5      39389.894    265 79309.788    220289.788   80217.400
529  mtInv+R6      39389.861    267 79313.722    222425.722   80228.184
534  mtInv+F       40424.544    276 81401.089    234305.089   82346.375
535  mtInv+F+I     40078.189    277 80710.378    234722.378   81659.090
536  mtInv+F+G4    37944.690    277 76443.379    230455.379   77392.090
537  mtInv+F+I+G4  37910.115    278 76376.230    231500.230   77328.366
538  mtInv+F+R2    38585.120    278 77726.240    232850.240   78678.376
539  mtInv+F+R3    38142.153    280 76844.305    234204.305   77803.291
540  mtInv+F+R4    37978.350    282 76520.699    236132.699   77486.535
541  mtInv+F+R5    37885.910    284 76339.820    238219.820   77312.506
542  mtInv+F+R6    37885.803    286 76343.605    240507.605   77323.141
Akaike Information Criterion:           LG+R5
Corrected Akaike Information Criterion: LG+G4
Bayesian Information Criterion:         LG+R5
Best-fit model: LG+R5 chosen according to BIC

All model information printed to K24242.blastp_ALL.outfmt6.parsed.filtered.uniq.faa.mafft.aln.trimal1.model.gz
CPU time for ModelFinder: 2307.909 seconds (0h:38m:27s)
Wall-clock time for ModelFinder: 1533.685 seconds (0h:25m:33s)
Generating 2000 samples for ultrafast bootstrap (seed: 420190)...

NOTE: 26 MB RAM (0 GB) is required!
Measuring multi-threading efficiency up to 2 CPU cores
Increase to 10 rounds for branch lengths
4 trees examined
Threads: 1 / Time: 2.495 sec / Speedup: 1.000 / Efficiency: 100% / LogL: -46756
Threads: 2 / Time: 1.529 sec / Speedup: 1.632 / Efficiency: 82% / LogL: -46756
BEST NUMBER OF THREADS: 2

Estimate model parameters (epsilon = 0.100)
1. Initial log-likelihood: -36931.352
2. Current log-likelihood: -36906.723
3. Current log-likelihood: -36902.198
4. Current log-likelihood: -36900.454
5. Current log-likelihood: -36899.120
6. Current log-likelihood: -36898.470
7. Current log-likelihood: -36898.169
8. Current log-likelihood: -36898.029
9. Current log-likelihood: -36897.849
Optimal log-likelihood: -36897.752
Site proportion and rates:  (0.126,0.088) (0.121,0.318) (0.215,0.580) (0.313,1.105) (0.224,2.137)
Parameters optimization took 9 rounds (4.577 sec)
Computing ML distances based on estimated model parameters... 5.847 sec
Computing BIONJ tree...
0.008 seconds
Log-likelihood of BIONJ tree: -36763.692
--------------------------------------------------------------------
|             INITIALIZING CANDIDATE TREE SET                      |
--------------------------------------------------------------------
Generating 98 parsimony trees... 3.599 second
Computing log-likelihood of 98 initial trees ... 8.528 seconds
Current best score: -36763.692

Do NNI search on 20 best initial trees
Estimate model parameters (epsilon = 0.100)
BETTER TREE FOUND at iteration 1: -36624.729
Estimate model parameters (epsilon = 0.100)
BETTER TREE FOUND at iteration 2: -36612.583
Iteration 10 / LogL: -36691.239 / Time: 0h:0m:57s
Iteration 20 / LogL: -36740.569 / Time: 0h:1m:10s
Finish initializing candidate tree set (20)
Current best tree score: -36612.583 / CPU time: 58.870
Number of iterations: 20
--------------------------------------------------------------------
|               OPTIMIZING CANDIDATE TREE SET                      |
--------------------------------------------------------------------
Estimate model parameters (epsilon = 0.100)
BETTER TREE FOUND at iteration 28: -36603.201
Iteration 30 / LogL: -36618.472 / Time: 0h:1m:29s (0h:5m:1s left)
Estimate model parameters (epsilon = 0.100)
BETTER TREE FOUND at iteration 33: -36602.259
Estimate model parameters (epsilon = 0.100)
BETTER TREE FOUND at iteration 34: -36592.926
Iteration 40 / LogL: -36595.874 / Time: 0h:1m:45s (0h:4m:14s left)
Estimate model parameters (epsilon = 0.100)
BETTER TREE FOUND at iteration 45: -36587.614
Estimate model parameters (epsilon = 0.100)
BETTER TREE FOUND at iteration 48: -36587.249
Iteration 50 / LogL: -36593.593 / Time: 0h:1m:57s (0h:3m:55s left)
Log-likelihood cutoff on original alignment: -36726.410
Estimate model parameters (epsilon = 0.100)
BETTER TREE FOUND at iteration 54: -36584.764
Iteration 60 / LogL: -36590.132 / Time: 0h:2m:13s (0h:3m:32s left)
Estimate model parameters (epsilon = 0.100)
BETTER TREE FOUND at iteration 65: -36583.969
UPDATE BEST LOG-LIKELIHOOD: -36583.962
Iteration 70 / LogL: -36595.537 / Time: 0h:2m:24s (0h:3m:19s left)
Iteration 80 / LogL: -36589.463 / Time: 0h:2m:35s (0h:2m:47s left)
Iteration 90 / LogL: -36585.280 / Time: 0h:2m:46s (0h:2m:20s left)
Estimate model parameters (epsilon = 0.100)
BETTER TREE FOUND at iteration 96: -36583.316
Iteration 100 / LogL: -36587.298 / Time: 0h:2m:59s (0h:2m:53s left)
Log-likelihood cutoff on original alignment: -36726.410
NOTE: Bootstrap correlation coefficient of split occurrence frequencies: 0.983
NOTE: UFBoot does not converge, continue at least 100 more iterations
Iteration 110 / LogL: -36594.159 / Time: 0h:3m:11s (0h:2m:38s left)
Iteration 120 / LogL: -36584.826 / Time: 0h:3m:22s (0h:2m:16s left)
Iteration 130 / LogL: -36604.827 / Time: 0h:3m:34s (0h:1m:56s left)
UPDATE BEST LOG-LIKELIHOOD: -36583.310
Iteration 140 / LogL: -36589.143 / Time: 0h:3m:46s (0h:1m:37s left)
Iteration 150 / LogL: -36591.722 / Time: 0h:3m:57s (0h:1m:19s left)
Log-likelihood cutoff on original alignment: -36726.410
Iteration 160 / LogL: -36588.738 / Time: 0h:4m:9s (0h:1m:2s left)
Iteration 170 / LogL: -36589.934 / Time: 0h:4m:20s (0h:0m:46s left)
Iteration 180 / LogL: -36583.334 / Time: 0h:4m:31s (0h:0m:30s left)
Iteration 190 / LogL: -36584.196 / Time: 0h:4m:42s (0h:0m:14s left)
UPDATE BEST LOG-LIKELIHOOD: -36583.310
Iteration 200 / LogL: -36586.855 / Time: 0h:4m:53s (0h:0m:0s left)
Log-likelihood cutoff on original alignment: -36726.410
NOTE: Bootstrap correlation coefficient of split occurrence frequencies: 0.998
TREE SEARCH COMPLETED AFTER 200 ITERATIONS / Time: 0h:4m:54s

--------------------------------------------------------------------
|                    FINALIZING TREE SEARCH                        |
--------------------------------------------------------------------
Performs final model parameters optimization
Estimate model parameters (epsilon = 0.010)
1. Initial log-likelihood: -36583.310
2. Current log-likelihood: -36583.265
3. Current log-likelihood: -36583.189
4. Current log-likelihood: -36583.114
5. Current log-likelihood: -36583.039
6. Current log-likelihood: -36582.964
7. Current log-likelihood: -36582.891
8. Current log-likelihood: -36582.818
9. Current log-likelihood: -36582.747
10. Current log-likelihood: -36582.676
11. Current log-likelihood: -36582.607
12. Current log-likelihood: -36582.538
13. Current log-likelihood: -36582.470
14. Current log-likelihood: -36582.403
15. Current log-likelihood: -36582.341
16. Current log-likelihood: -36582.278
17. Current log-likelihood: -36582.218
18. Current log-likelihood: -36582.156
19. Current log-likelihood: -36582.099
20. Current log-likelihood: -36582.042
21. Current log-likelihood: -36581.983
22. Current log-likelihood: -36581.927
23. Current log-likelihood: -36581.870
24. Current log-likelihood: -36581.816
25. Current log-likelihood: -36581.759
26. Current log-likelihood: -36581.708
27. Current log-likelihood: -36581.657
28. Current log-likelihood: -36581.602
29. Current log-likelihood: -36581.552
30. Current log-likelihood: -36581.502
31. Current log-likelihood: -36581.454
32. Current log-likelihood: -36581.404
33. Current log-likelihood: -36581.357
34. Current log-likelihood: -36581.309
35. Current log-likelihood: -36581.263
36. Current log-likelihood: -36581.216
37. Current log-likelihood: -36581.165
38. Current log-likelihood: -36581.115
39. Current log-likelihood: -36581.070
40. Current log-likelihood: -36581.025
41. Current log-likelihood: -36580.981
42. Current log-likelihood: -36580.936
43. Current log-likelihood: -36580.893
44. Current log-likelihood: -36580.850
45. Current log-likelihood: -36580.808
46. Current log-likelihood: -36580.764
47. Current log-likelihood: -36580.722
48. Current log-likelihood: -36580.681
49. Current log-likelihood: -36580.638
50. Current log-likelihood: -36580.597
51. Current log-likelihood: -36580.556
52. Current log-likelihood: -36580.515
53. Current log-likelihood: -36580.473
54. Current log-likelihood: -36580.433
55. Current log-likelihood: -36580.393
56. Current log-likelihood: -36580.353
57. Current log-likelihood: -36580.313
58. Current log-likelihood: -36580.273
59. Current log-likelihood: -36580.233
60. Current log-likelihood: -36580.194
61. Current log-likelihood: -36580.155
62. Current log-likelihood: -36580.117
63. Current log-likelihood: -36580.078
64. Current log-likelihood: -36580.039
65. Current log-likelihood: -36580.000
66. Current log-likelihood: -36579.962
67. Current log-likelihood: -36579.924
68. Current log-likelihood: -36579.887
69. Current log-likelihood: -36579.849
70. Current log-likelihood: -36579.812
71. Current log-likelihood: -36579.775
72. Current log-likelihood: -36579.739
73. Current log-likelihood: -36579.701
74. Current log-likelihood: -36579.663
75. Current log-likelihood: -36579.626
76. Current log-likelihood: -36579.589
77. Current log-likelihood: -36579.553
78. Current log-likelihood: -36579.517
79. Current log-likelihood: -36579.481
80. Current log-likelihood: -36579.445
81. Current log-likelihood: -36579.410
82. Current log-likelihood: -36579.374
83. Current log-likelihood: -36579.336
84. Current log-likelihood: -36579.300
85. Current log-likelihood: -36579.264
86. Current log-likelihood: -36579.229
87. Current log-likelihood: -36579.197
88. Current log-likelihood: -36579.164
89. Current log-likelihood: -36579.132
90. Current log-likelihood: -36579.100
91. Current log-likelihood: -36579.069
92. Current log-likelihood: -36579.033
93. Current log-likelihood: -36578.998
94. Current log-likelihood: -36578.963
95. Current log-likelihood: -36578.929
96. Current log-likelihood: -36578.895
97. Current log-likelihood: -36578.862
98. Current log-likelihood: -36578.829
99. Current log-likelihood: -36578.811
Optimal log-likelihood: -36578.811
Site proportion and rates:  (0.086,0.032) (0.092,0.193) (0.256,0.501) (0.342,1.067) (0.223,2.175)
Parameters optimization took 99 rounds (43.275 sec)
BEST SCORE FOUND : -36578.811
Creating bootstrap support values...
Split supports printed to NEXUS file K24242.blastp_ALL.outfmt6.parsed.filtered.uniq.faa.mafft.aln.trimal1.splits.nex
Total tree length: 69.392

Total number of iterations: 200
CPU time used for tree search: 558.501 sec (0h:9m:18s)
Wall-clock time used for tree search: 282.605 sec (0h:4m:42s)
Total CPU time used: 666.914 sec (0h:11m:6s)
Total wall-clock time used: 338.364 sec (0h:5m:38s)

Computing bootstrap consensus tree...
Reading input file K24242.blastp_ALL.outfmt6.parsed.filtered.uniq.faa.mafft.aln.trimal1.splits.nex...
130 taxa and 1198 splits.
Consensus tree written to K24242.blastp_ALL.outfmt6.parsed.filtered.uniq.faa.mafft.aln.trimal1.contree
Reading input trees file K24242.blastp_ALL.outfmt6.parsed.filtered.uniq.faa.mafft.aln.trimal1.contree
Log-likelihood of consensus tree: -36578.786

Analysis results written to: 
  IQ-TREE report:                K24242.blastp_ALL.outfmt6.parsed.filtered.uniq.faa.mafft.aln.trimal1.iqtree
  Maximum-likelihood tree:       K24242.blastp_ALL.outfmt6.parsed.filtered.uniq.faa.mafft.aln.trimal1.treefile
  Likelihood distances:          K24242.blastp_ALL.outfmt6.parsed.filtered.uniq.faa.mafft.aln.trimal1.mldist

Ultrafast bootstrap approximation results written to:
  Split support values:          K24242.blastp_ALL.outfmt6.parsed.filtered.uniq.faa.mafft.aln.trimal1.splits.nex
  Consensus tree:                K24242.blastp_ALL.outfmt6.parsed.filtered.uniq.faa.mafft.aln.trimal1.contree
  Screen log file:               K24242.blastp_ALL.outfmt6.parsed.filtered.uniq.faa.mafft.aln.trimal1.log

Date and Time: Thu Sep  9 00:37:31 2021
