IQ-TREE multicore version 1.6.12 for Linux 64-bit built Aug 15 2019
Developed by Bui Quang Minh, Nguyen Lam Tung, Olga Chernomor,
Heiko Schmidt, Dominik Schrempf, Michael Woodhams.

Host:    coral (AVX512, FMA3, 376 GB RAM)
Command: /home/timothy/programs/iqtree-1.6.12-Linux/bin/iqtree -s MSTRG.9371.1.p1.pep.faa.blastp_ALL.outfmt6.parsed.filtered.faa.mafft.aln -nt AUTO -ntmax 2 -m MFP -bb 2000 -quiet
Seed:    828077 (Using SPRNG - Scalable Parallel Random Number Generator)
Time:    Tue May 25 09:30:40 2021
Kernel:  AVX+FMA - auto-detect threads (96 CPU cores detected)

Reading alignment file MSTRG.9371.1.p1.pep.faa.blastp_ALL.outfmt6.parsed.filtered.faa.mafft.aln ... Fasta format detected
Alignment most likely contains protein sequences
Alignment has 108 sequences with 3684 columns, 3047 distinct patterns
1581 parsimony-informative, 1078 singleton sites, 1025 constant sites
                                                                                                                          Gap/Ambiguity  Composition  p-value
   1  Bacteria-Acidobacteria-Acidobacteriia-NA-NA-Acidobacteriia_bacterium_SbA2_WP_105313914.1                                   90.74%    failed      0.00%
   2  Bacteria-Actinobacteria-Actinobacteria-Geodermatophilales-Geodermatophilaceae-Cumulibacter_sp._G1_WP_134325155.1           90.69%    failed      0.00%
   3  Bacteria-Actinobacteria-Actinobacteria-Propionibacteriales-Nocardioidaceae-Aeromicrobium_sp._M2KJ4_WP_119703146.1          90.66%    failed      0.00%
   4  Bacteria-Actinobacteria-Actinobacteria-Propionibacteriales-Nocardioidaceae-Nocardioides_sp._URHA0032_WP_028637301.1        90.45%    failed      0.00%
   5  Bacteria-Planctomycetes-NA-NA-NA-NA_WP_145112404.1                                                                         90.99%    failed      0.66%
   6  Bacteria-Planctomycetes-NA-NA-NA-Planctomycetes_bacterium_MalM14_WP_145442106.1                                            90.99%    passed      9.10%
   7  Bacteria-Proteobacteria-Betaproteobacteria-Rhodocyclales-Zoogloeaceae-Thauera_sp._K11_WP_096451665.1                       90.93%    failed      0.00%
   8  Bacteria-Proteobacteria-Gammaproteobacteria-Cellvibrionales-Microbulbiferaceae-Microbulbifer_sp._HB161719_WP_138237119.1   86.67%    passed     19.70%
   9  Bacteria-Proteobacteria-Gammaproteobacteria-Enterobacterales-Erwiniaceae-Pantoea_vagans_WP_147790162.1                     92.02%    passed     97.83%
  10  Eukaryota-Acytosteliales-Acytosteliales-Acytosteliales-Acytosteliaceae-Acytostelium_subglobosum_XP_012756304.1             79.91%    failed      0.25%
  11  Eukaryota-Acytosteliales-Acytosteliales-Acytosteliales-Acytosteliaceae-Heterostelium_album_XP_020428242.1                  80.43%    failed      0.20%
  12  Eukaryota-Acytosteliales-Acytosteliales-Acytosteliales-Cavenderiaceae-Cavenderia_fasciculata_XP_004359294.1                79.86%    failed      0.00%
  13  Eukaryota-Alveolata-Dinophyceae-NA-Unranked-Amoebophrya_sp_MMETSP0795_c2738_g1_i1.p1                                       68.81%    failed      0.00%
  14  Eukaryota-Alveolata-Dinophyceae-NA-Unranked-Gymnodinium_catenatum_MMETSP0784_c52356_g1_i1.p1                               76.14%    passed      7.73%
  15  Eukaryota-Alveolata-Dinophyceae-NA-Unranked-Prorocentrum_minimum_MMETSP0053_c95725_g1_i1.p1                                80.94%    passed     75.51%
  16  Eukaryota-Amoebozoa-NA-NA-Paramoebidae-Filamoeba_nolandi_MMETSP0413_c11963_g1_i1.p1                                        80.29%    passed      8.64%
  17  Eukaryota-Amoebozoa-NA-NA-Paramoebidae-Mayorella_sp_MMETSP0417_c3250_g1_i1.p1                                              65.28%    passed     14.76%
  18  Eukaryota-Amoebozoa-NA-NA-Paramoebidae-Stygamoeba_regulata_MMETSP0447_c36045_g1_i1.p1                                      65.28%    passed     15.69%
  19  Eukaryota-Annelida-Clitellata-Hirudinida-Glossiphoniidae-Helobdella_robusta_jgi104268                                      82.25%    passed     81.10%
  20  Eukaryota-Apicomplexa-Aconoidasida-Piroplasmida-Theileriidae-Theileria_orientalis_XP_009691426.1                           78.88%    passed      8.85%
  21  Eukaryota-Apicomplexa-Conoidasida-Eucoccidiorida-Eimeriidae-Cyclospora_cayetanensis_XP_026192261.1                         80.75%    passed      7.41%
  22  Eukaryota-Apicomplexa-Conoidasida-Eucoccidiorida-Sarcocystidae-Toxoplasma_gondii_XP_018635861.1                            68.43%    failed      0.00%
  23  Eukaryota-Apusomonadidae-NA-NA-NA-Thecamonas_trahens_XP_013758574.1                                                        77.69%    failed      0.00%
  24  Eukaryota-Arthropoda-Hexanauplia-Calanoida-Temoridae-Eurytemora_affinis_XP_023322405.1                                     77.09%    passed     22.69%
  25  Eukaryota-Arthropoda-Insecta-Hemiptera-Cimicidae-Cimex_lectularius_XP_014246157.1                                          79.29%    passed     64.65%
  26  Eukaryota-Arthropoda-Insecta-Hymenoptera-Apidae-Ceratina_calcarata_XP_017887421.1                                          78.83%    passed     68.78%
  27  Eukaryota-Ascomycota-Eurotiomycetes-Eurotiales-Aspergillaceae-Penicillium_expansum_XP_016597699.1                          73.86%    failed      0.81%
  28  Eukaryota-Ascomycota-Saccharomycetes-Saccharomycetales-Pichiaceae-Ogataea_parapolymorpha_XP_013936969.1                    79.45%    failed      1.99%
  29  Eukaryota-Ascomycota-Saccharomycetes-Saccharomycetales-Pichiaceae-Pichia_kudriavzevii_XP_029321309.1                       76.76%    failed      0.20%
  30  Eukaryota-Basidiomycota-Exobasidiomycetes-Microstromatales-NA-Pseudomicrostroma_glucosiphilum_XP_025348945.1               73.34%    failed      0.88%
  31  Eukaryota-Basidiomycota-Malasseziomycetes-Malasseziales-Malasseziaceae-Malassezia_sympodialis_XP_018741424.1               79.26%    failed      1.26%
  32  Eukaryota-Basidiomycota-Ustilaginomycetes-Ustilaginales-Ustilaginaceae-Moesziomyces_antarcticus_XP_014655292.1             74.10%    failed      0.02%
  33  Eukaryota-Cercozoa-Chlorarachniophyceae-NA-NA-Chlorarachnion_reptans_MMETSP0109_c9079_g1_i1.p1                             77.23%    failed      3.92%
  34  Eukaryota-Cercozoa-Chlorarachniophyceae-NA-NA-Lotharella_globosa_MMETSP0111_c15135_g2_i1.p1                                82.65%    passed     50.46%
  35  Eukaryota-Cercozoa-NA-Euglyphida-Paulinellidae-Paulinella_chromatophora_scaffold2383-size2508_m.27282                      78.20%    failed      1.64%
  36  Eukaryota-Chlorophyta-NA-NA-NA-Tetraselmis_chuii_MMETSP0491_c33743_g1_i1.p1                                                73.86%    passed     10.71%
  37  Eukaryota-Chlorophyta-NA-NA-NA-Unidentifiedeukaryote_sp_MMETSP1326_c15735_g1_i1.p1                                         84.85%    passed     58.27%
  38  Eukaryota-Chlorophyta-NA-Pyramimonadales-NA-Pyramimonas_sp_MMETSP1445_c11083_g1_i1.p1                                      73.81%    passed     39.01%
  39  Eukaryota-Choanoflagellata-Choanoflagellata-Choanoflagellata-NA-Acanthoeca_sp_MMETSP0105_c762_g1_i1.p1                     76.74%    passed     68.25%
  40  Eukaryota-Choanoflagellata-Choanoflagellata-Choanoflagellata-Salpingoecidae-Monosiga_brevicollis_XP_001749767.1            77.20%    passed      6.40%
  41  Eukaryota-Choanoflagellata-Choanoflagellata-Choanoflagellata-Salpingoecidae-Salpingoeca_rosetta_XP_004992756.1             78.26%    passed     22.88%
  42  Eukaryota-Chordata-Actinopteri-Tetraodontiformes-Tetraodontidae-Takifugu_rubripes_XP_011608547.2                           78.91%    passed     31.36%
  43  Eukaryota-Chordata-Chondrichthyes-Chimaeriformes-Callorhinchidae-Callorhinchus_milii_XP_007897682.1                        78.26%    passed      8.80%
  44  Eukaryota-Chordata-Mammalia-Primates-Tarsiidae-Carlito_syrichta_XP_021569633.1                                             83.09%    passed     30.93%
  45  Eukaryota-Chromeraceae-NA-NA-NA-Chromera_velia_MMETSP0290_c4161_g1_i1.p1                                                   70.11%    failed      0.01%
  46  Eukaryota-Chromeraceae-NA-NA-NA-Vitrella_brassicaformis_MMETSP1451_c14462_g1_i1.p1                                         92.81%    passed     39.49%
  47  Eukaryota-Chytridiomycota-Chytridiomycetes-Rhizophydiales-NA-Batrachochytrium_dendrobatidis_jgi599                         82.76%    passed     56.89%
  48  Eukaryota-Chytridiomycota-Chytridiomycetes-Spizellomycetales-Spizellomycetaceae-Spizellomyces_punctatus_XP_016605090.1     74.10%    passed     21.78%
  49  Eukaryota-Ciliophora-NA-Unranked-NA-Blepharisma_japonicum_MMETSP1395_c12445_g1_i1.p1                                       80.70%    failed      0.04%
  50  Eukaryota-Ciliophora-NA-Unranked-NA-Climacostomum_virens_MMETSP1397_c7720_g1_i1.p1                                         81.54%    passed     19.14%
  51  Eukaryota-Ciliophora-NA-Unranked-NA-Fabrea_salina_MMETSP1345_c2598_g1_i1.p1                                                80.08%    failed      0.93%
  52  Eukaryota-Cnidaria-Anthozoa-Scleractinia-Acroporidae-Acropora_millepora_XP_029206091.1                                     78.04%    passed     62.53%
  53  Eukaryota-Cnidaria-Anthozoa-Scleractinia-Pocilloporidae-Pocillopora_damicornis_XP_027051415.1                              78.61%    passed     74.00%
  54  Eukaryota-Cnidaria-Anthozoa-Scleractinia-Pocilloporidae-Stylophora_pistillata_XP_022788959.1                               78.56%    passed     54.96%
  55  Eukaryota-Cryptophyta-NA-Goniomondales-NA-Goniomonas_pacifica_MMETSP0108_c10285_g1_i1.p1                                   79.51%    passed      7.14%
  56  Eukaryota-Cryptophyta-NA-Pyrenomonadales-NA-Geminigera_cryophila_MMETSP0799_c10393_g1_i1.p1                                80.62%    passed     96.37%
  57  Eukaryota-Cryptophyta-NA-Pyrenomonadales-Pyrenomonadaceae-Rhodomonas_lens_MMETSP0484_c52539_g1_i1.p1                       75.87%    passed     10.80%
  58  Eukaryota-Dictyosteliales-Dictyosteliales-Dictyosteliales-Dictyosteliaceae-Dictyostelium_discoideum_XP_629711.1            78.56%    failed      0.00%
  59  Eukaryota-Echinodermata-Asteroidea-Valvatida-Acanthasteridae-Acanthaster_planci_XP_022107454.1                             77.14%    passed     22.69%
  60  Eukaryota-Entamoebidae-NA-NA-NA-Entamoeba_invadens_XP_004261648.1                                                          66.07%    failed      0.14%
  61  Eukaryota-Euglenida-NA-Eutreptiales-NA-Eutreptiella_gymnastica_MMETSP0039_c21372_g1_i1.p1                                  64.52%    failed      0.00%
  62  Eukaryota-Euglenida-NA-NA-Unranked-Neobodo_designis_MMETSP1114_c6109_g1_i1.p1                                              57.33%    failed      0.00%
  63  Eukaryota-Fonticulida-Fonticulida-Fonticulida-Fonticulaceae-Fonticula_alba_XP_009497770.1                                  67.73%    failed      0.00%
  64  Eukaryota-Glaucophyta-Glaucophyta-Gloeochaetales-Gloeochaetaceae-Gloeochaete_witrockiana_MMETSP0308_c37940_g1_i1.p1        76.87%    failed      2.24%
  65  Eukaryota-Glaucophyta-Glaucophyta-NA-Cyanophoraceae-Cyanophora_paradoxa_tig00001694_g9567.t1                               76.71%    failed      0.00%
  66  Eukaryota-Haptophyta-NA-Isochrysidales-Noelaerhabdaceae-Emiliania_huxleyi_MMETSP0995_c9359_g1_i1.p1                        77.77%    failed      0.00%
  67  Eukaryota-Haptophyta-NA-Prymnesiales-NA-Gephyrocapsa_oceanica_MMETSP1364_c5275_g1_i1.p1                                    77.20%    failed      0.00%
  68  Eukaryota-Haptophyta-NA-Prymnesiales-NA-Isochrysis_sp_MMETSP1388_c1788_g1_i1.p1                                            82.57%    passed      8.83%
  69  Eukaryota-Hemichordata-Enteropneusta-NA-Harrimaniidae-Saccoglossus_kowalevskii_XP_002735956.1                              77.31%    passed     31.47%
  70  Eukaryota-Heterolobosea-NA-NA-NA-Percolomonas_cosmopolitus_MMETSP0759_c7490_g1_i1.p1                                       74.95%    failed      1.01%
  71  Eukaryota-Heterolobosea-NA-NA-Vahlkampfiidae-Naegleria_gruberi_jgi473                                                      86.51%    failed      4.17%
  72  Eukaryota-Kinetoplastida-Kinetoplastida-Kinetoplastida-Trypanosomatidae-Leishmania_braziliensis_XP_001568574.2             60.21%    failed      3.33%
  73  Eukaryota-Kinetoplastida-Kinetoplastida-Kinetoplastida-Trypanosomatidae-Leptomonas_pyrrhocoris_XP_015665035.1              60.10%    failed      0.03%
  74  Eukaryota-Kinetoplastida-Kinetoplastida-Kinetoplastida-Trypanosomatidae-Trypanosoma_theileri_XP_028880163.1                55.62%    failed      0.00%
  75  Eukaryota-Longamoebia-Longamoebia-Longamoebia-Acanthamoebidae-Acanthamoeba_castellanii_XP_004339845.1                      63.84%    passed     56.46%
  76  Eukaryota-Mesomycetozoea-Ichthyosporea-Ichthyophonida-NA-Sphaeroforma_arctica_XP_014161517.1                               81.57%    passed     94.46%
  77  Eukaryota-Mesomycetozoea-Ichthyosporea-NA-NA-Capsaspora_owczarzaki_XP_004342384.2                                          70.09%    failed      0.00%
  78  Eukaryota-Microsporidia-NA-NA-NA-Mitosporidium_daphniae_XP_013236442.1                                                     82.98%    failed      0.06%
  79  Eukaryota-Microsporidia-NA-NA-NA-Nematocida_parisii_XP_013058166.1                                                         83.96%    failed      0.00%
  80  Eukaryota-Microsporidia-NA-NA-Pleistophoridae-Vavraia_culicis_XP_008075518.1                                               76.44%    failed      0.00%
  81  Eukaryota-Mollusca-Bivalvia-Ostreoida-Ostreidae-Crassostrea_virginica_XP_022320813.1                                       79.21%    failed      0.97%
  82  Eukaryota-Mollusca-Gastropoda-Aplysiida-Aplysiidae-Aplysia_californica_XP_012935114.1                                      77.36%    passed     76.39%
  83  Eukaryota-Mollusca-Gastropoda-NA-Lottiidae-Lottia_gigantea_jgi137775                                                       79.40%    passed     15.25%
  84  Eukaryota-Mucorales-Mucoraceae-Undefined-Undefined-Mucor_circinelloides_jgi92434                                           78.31%    passed     16.95%
  85  Eukaryota-Mucoromycota-Glomeromycetes-Glomerales-Glomeraceae-Rhizophagus_irregularis_XP_025183713.1                        81.11%    failed      0.07%
  86  Eukaryota-Mucoromycota-Mortierellomycetes-Mortierellales-Mortierellaceae-Lobosporangium_transversale_XP_021883326.1        78.94%    passed     71.52%
  87  Eukaryota-Mucoromycota-Mucoromycetes-Mucorales-Rhizopodaceae-Rhizopus_microsporus_XP_023467186.1                           81.24%    passed     86.05%
  88  Eukaryota-Nematoda-Chromadorea-Rhabditida-Onchocercidae-Loa_loa_XP_020307504.1                                             76.52%    passed     42.70%
  89  Eukaryota-Nematoda-Chromadorea-Rhabditida-Rhabditidae-Caenorhabditis_remanei_XP_003108843.1                                76.95%    passed     42.88%
  90  Eukaryota-Nematoda-Chromadorea-Strongylida-Ancylostomatidae-Necator_americanus_XP_013305661.1                              79.94%    passed     81.82%
  91  Eukaryota-Palpitomonas-NA-NA-NA-Palpitomonas_bilix_MMETSP0780_c13795_g1_i1.p1                                              82.46%    passed     97.45%
  92  Eukaryota-Perkinsozoa-NA-Perkinsida-Perkinsidae-Perkinsus_marinus_XP_002767159.1                                           82.55%    passed     94.80%
  93  Eukaryota-Placozoa-NA-NA-Trichoplacidae-Trichoplax_adhaerens_XP_002117951.1                                                82.14%    failed      3.40%
  94  Eukaryota-Porifera-Demospongiae-Haplosclerida-Niphatidae-Amphimedon_queenslandica_XP_003387106.1                           76.68%    passed     62.64%
  95  Eukaryota-Priapulida-Priapulimorpha-Priapulimorphida-Priapulidae-Priapulus_caudatus_XP_014673024.1                         83.44%    failed      0.00%
  96  Eukaryota-Retaria-NA-NA-NA-Ammonia_sp_MMETSP1384_c20023_g1_i1.p1                                                           69.76%    failed      1.05%
  97  Eukaryota-Retaria-NA-NA-NA-Elphidium_margaritaceum_MMETSP1385_c18364_g1_i1.p1                                              73.89%    failed      2.74%
  98  Eukaryota-Retaria-NA-NA-NA-Sorites_sp_MMETSP0191_c27907_g1_i1.p1                                                           79.72%    failed      0.00%
  99  Eukaryota-Rhodophyta-Bangiophyceae-Porphyridiales-Porphyridiaceae-Porphyridium_purpureum_4456.17                           81.00%    passed     73.45%
 100  Eukaryota-Rhodophyta-Compsopogonophyceae-NA-NA-Madagascaria_erythrocladiodes_MMETSP1450_c12253_g1_i1.p1                    83.74%    passed     33.12%
 101  Eukaryota-Rhodophyta-Florideophyceae-Gracilariales-Gracilariaceae-Gracilariopsis_chorda_PXF48326.1                         79.59%    passed     12.75%
 102  Eukaryota-Stramenopiles-NA-NA-NA-Pelagomonas_calceolata_MMETSP0889_c390_g1_i1.p1                                           70.87%    failed      0.00%
 103  Eukaryota-Stramenopiles-Raphidophyceae-Chattonellales-Chattonellaceae-Chattonella_subsalsa_MMETSP0947_c26690_g1_i1.p1      78.69%    passed      5.22%
 104  Eukaryota-Stramenopiles-Raphidophyceae-Chattonellales-Chattonellaceae-Heterosigma_akashiwo_MMETSP0294_c5736_g1_i1.p1       75.79%    failed      1.06%
 105  Eukaryota-Streptophyta-Liliopsida-Asparagales-Orchidaceae-Phalaenopsis_equestris_XP_020578908.1                            76.06%    passed     82.62%
 106  Eukaryota-Streptophyta-NA-Caryophyllales-Chenopodiaceae-Beta_vulgaris_XP_010683284.1                                       75.92%    passed     37.22%
 107  Eukaryota-Streptophyta-NA-Rosales-Rosaceae-Malus_domestica_XP_008350928.1                                                  75.98%    passed     29.91%
 108  MSTRG.9371.1.p1                                                                                                            79.53%    passed     35.20%
WARNING: 108 sequences contain more than 50% gaps/ambiguity
****  TOTAL                                                                                                                      77.97%  50 sequences failed composition chi2 test (p-value<5%; df=19)


Create initial parsimony tree by phylogenetic likelihood library (PLL)... 0.249 seconds
NOTE: ModelFinder requires 535 MB RAM!
ModelFinder will test 546 protein models (sample size: 3684) ...
 No. Model         -LnL         df  AIC          AICc         BIC
Measuring multi-threading efficiency up to 2 CPU cores
7 trees examined
Threads: 1 / Time: 2.226 sec / Speedup: 1.000 / Efficiency: 100% / LogL: -183279
Threads: 2 / Time: 1.267 sec / Speedup: 1.756 / Efficiency: 88% / LogL: -183279
BEST NUMBER OF THREADS: 2

  1  Dayhoff       153686.767   213 307799.534   307825.806   309122.638
  2  Dayhoff+I     153091.559   214 306611.118   306637.645   307940.434
  3  Dayhoff+G4    145082.687   214 290593.374   290619.900   291922.689
  4  Dayhoff+I+G4  144995.164   215 290420.328   290447.110   291755.855
  5  Dayhoff+R2    146584.480   215 293598.960   293625.742   294934.487
  6  Dayhoff+R3    145257.774   217 290949.547   290976.844   292297.498
  7  Dayhoff+R4    144875.986   219 290189.973   290217.790   291550.347
  8  Dayhoff+R5    144696.000   221 289834.001   289862.344   291206.799
  9  Dayhoff+R6    144602.101   223 289650.202   289679.076   291035.424
 10  Dayhoff+R7    144546.394   225 289542.788   289572.198   290940.433
 11  Dayhoff+R8    144517.445   227 289488.890   289518.842   290898.959
 12  Dayhoff+R9    144502.007   229 289462.014   289492.512   290884.506
 13  Dayhoff+R10   144491.806   231 289445.611   289476.661   290880.527
 14  Dayhoff+F     153135.752   232 306735.504   306766.832   308176.631
 15  Dayhoff+F+I   152541.764   233 305549.529   305581.136   306996.867
 16  Dayhoff+F+G4  144466.394   233 289398.789   289430.396   290846.128
 17  Dayhoff+F+I+G4 144374.664   234 289217.329   289249.216   290670.879
 18  Dayhoff+F+R2  145899.370   234 292266.740   292298.627   293720.290
 19  Dayhoff+F+R3  144549.238   236 289570.476   289602.928   291036.450
 20  Dayhoff+F+R4  144234.231   238 288944.462   288977.485   290422.860
 21  Dayhoff+F+R5  144047.144   240 288574.288   288607.886   290065.109
 22  Dayhoff+F+R6  143949.894   242 288383.788   288417.967   289887.032
 23  Dayhoff+F+R7  143900.129   244 288288.258   288323.024   289803.926
 24  Dayhoff+F+R8  143875.144   246 288242.288   288277.646   289770.380
 25  Dayhoff+F+R9  143861.139   248 288218.279   288254.233   289758.794
 26  Dayhoff+F+R10 143851.727   250 288203.455   288240.012   289756.393
 27  mtMAM         169494.301   213 339414.602   339440.874   340737.705
 28  mtMAM+I       169091.680   214 338611.359   338637.886   339940.675
 29  mtMAM+G4      153863.078   214 308154.155   308180.682   309483.471
 30  mtMAM+I+G4    153834.219   215 308098.438   308125.220   309433.966
 31  mtMAM+R2      157090.332   215 314610.664   314637.446   315946.191
 32  mtMAM+R3      154790.854   217 310015.708   310043.005   311363.659
 33  mtMAM+R4      154163.588   219 308765.176   308792.994   310125.550
 34  mtMAM+R5      153742.000   221 307926.000   307954.343   309298.798
 35  mtMAM+R6      153518.857   223 307483.715   307512.589   308868.936
 36  mtMAM+R7      153391.864   225 307233.727   307263.137   308631.372
 37  mtMAM+R8      153305.765   227 307065.529   307095.481   308475.598
 38  mtMAM+R9      153260.127   229 306978.254   307008.752   308400.746
 39  mtMAM+R10     153226.069   231 306914.137   306945.187   308349.053
 40  mtMAM+F       161283.665   232 323031.330   323062.658   324472.457
 41  mtMAM+F+I     160801.221   233 322068.442   322100.049   323515.781
 42  mtMAM+F+G4    148355.165   233 297176.331   297207.938   298623.670
 43  mtMAM+F+I+G4  148301.921   234 297071.842   297103.730   298525.393
 44  mtMAM+F+R2    150967.590   234 302403.179   302435.067   303856.730
 45  mtMAM+F+R3    149085.667   236 298643.333   298675.786   300109.307
 46  mtMAM+F+R4    148545.014   238 297566.028   297599.051   299044.426
 47  mtMAM+F+R5    148246.239   240 296972.478   297006.077   298463.299
 48  mtMAM+F+R6    148067.777   242 296619.554   296653.734   298122.799
 49  mtMAM+F+R7    147971.628   244 296431.256   296466.022   297946.924
 50  mtMAM+F+R8    147909.017   246 296310.034   296345.392   297838.126
 51  mtMAM+F+R9    147872.426   248 296240.853   296276.807   297781.368
 52  mtMAM+F+R10   147839.715   250 296179.430   296215.987   297732.369
 53  JTT           152763.658   213 305953.317   305979.589   307276.420
 54  JTT+I         152221.356   214 304870.712   304897.238   306200.027
 55  JTT+G4        144283.728   214 288995.456   289021.983   290324.772
 56  JTT+I+G4      144203.759   215 288837.518   288864.300   290173.045
 57  JTT+R2        145614.155   215 291658.309   291685.091   292993.837
 58  JTT+R3        144336.268   217 289106.535   289133.832   290454.486
 59  JTT+R4        144025.281   219 288488.562   288516.380   289848.936
 60  JTT+R5        143864.395   221 288170.790   288199.133   289543.587
 61  JTT+R6        143779.984   223 288005.969   288034.843   289391.190
 62  JTT+R7        143745.241   225 287940.482   287969.892   289338.127
 63  JTT+R8        143726.267   227 287906.534   287936.486   289316.602
 64  JTT+R9        143715.131   229 287888.261   287918.759   289310.753
 65  JTT+R10       143706.400   231 287874.800   287905.850   289309.715
 66  JTT+F         152708.305   232 305880.609   305911.937   307321.736
 67  JTT+F+I       152160.071   233 304786.142   304817.749   306233.481
 68  JTT+F+G4      144230.449   233 288926.898   288958.505   290374.237
 69  JTT+F+I+G4    144155.805   234 288779.609   288811.497   290233.160
 70  JTT+F+R2      145537.939   234 291543.878   291575.766   292997.429
 71  JTT+F+R3      144258.796   236 288989.592   289022.044   290455.566
 72  JTT+F+R4      143943.517   238 288363.033   288396.056   289841.431
 73  JTT+F+R5      143787.093   240 288054.185   288087.784   289545.006
 74  JTT+F+R6      143708.180   242 287900.360   287934.540   289403.605
 75  JTT+F+R7      143678.577   244 287845.153   287879.919   289360.821
 76  JTT+F+R8      143662.898   246 287817.795   287853.153   289345.887
 77  JTT+F+R9      143653.347   248 287802.695   287838.649   289343.210
 78  JTT+F+R10     143645.713   250 287791.426   287827.983   289344.364
 79  WAG           151222.835   213 302871.671   302897.943   304194.774
 80  WAG+I         150708.619   214 301845.237   301871.764   303174.553
 81  WAG+G4        143465.884   214 287359.769   287386.295   288689.084
 82  WAG+I+G4      143376.885   215 287183.771   287210.553   288519.298
 83  WAG+R2        144681.136   215 289792.272   289819.054   291127.800
 84  WAG+R3        143486.871   217 287407.741   287435.039   288755.692
 85  WAG+R4        143160.906   219 286759.811   286787.629   288120.186
 86  WAG+R5        143041.903   221 286525.805   286554.148   287898.603
 87  WAG+R6        142962.934   223 286371.869   286400.743   287757.090
 88  WAG+R7        142937.416   225 286324.831   286354.241   287722.476
 89  WAG+R8        142921.893   227 286297.786   286327.738   287707.855
 90  WAG+R9        142913.847   229 286285.694   286316.191   287708.185
 92  WAG+F         151261.679   232 302987.358   303018.686   304428.485
 93  WAG+F+I       150750.519   233 301967.039   301998.646   303414.378
 94  WAG+F+G4      143434.043   233 287334.086   287365.693   288781.424
 95  WAG+F+I+G4    143349.642   234 287167.285   287199.172   288620.835
 96  WAG+F+R2      144633.275   234 289734.551   289766.438   291188.101
 97  WAG+F+R3      143434.287   236 287340.573   287373.026   288806.547
 98  WAG+F+R4      143087.159   238 286650.318   286683.341   288128.715
 99  WAG+F+R5      142986.281   240 286452.563   286486.161   287943.384
100  WAG+F+R6      142914.839   242 286313.677   286347.857   287816.922
101  WAG+F+R7      142892.233   244 286272.465   286307.231   287788.133
102  WAG+F+R8      142877.867   246 286247.734   286283.092   287775.826
103  WAG+F+R9      142870.307   248 286236.613   286272.568   287777.128
105  cpREV         152975.347   213 306376.693   306402.966   307699.797
106  cpREV+I       152434.016   214 305296.032   305322.558   306625.347
107  cpREV+G4      144868.290   214 290164.581   290191.107   291493.896
108  cpREV+I+G4    144779.779   215 289989.558   290016.340   291325.086
109  cpREV+R2      146149.273   215 292728.545   292755.327   294064.073
110  cpREV+R3      144965.894   217 290365.787   290393.084   291713.738
111  cpREV+R4      144577.933   219 289593.865   289621.683   290954.240
112  cpREV+R5      144455.886   221 289353.772   289382.115   290726.570
113  cpREV+R6      144371.984   223 289189.969   289218.843   290575.190
114  cpREV+R7      144342.769   225 289135.538   289164.948   290533.183
115  cpREV+R8      144324.411   227 289102.822   289132.773   290512.890
116  cpREV+R9      144314.662   229 289087.324   289117.822   290509.816
117  cpREV+R10     144307.265   231 289076.531   289107.581   290511.446
118  cpREV+F       152732.522   232 305929.043   305960.371   307370.170
119  cpREV+F+I     152153.069   233 304772.138   304803.745   306219.477
120  cpREV+F+G4    144355.821   233 289177.642   289209.249   290624.981
121  cpREV+F+I+G4  144264.379   234 288996.758   289028.646   290450.309
122  cpREV+F+R2    145743.993   234 291955.986   291987.874   293409.537
123  cpREV+F+R3    144459.722   236 289391.443   289423.896   290857.417
124  cpREV+F+R4    144075.451   238 288626.902   288659.925   290105.299
125  cpREV+F+R5    143951.734   240 288383.469   288417.067   289874.290
126  cpREV+F+R6    143862.957   242 288209.914   288244.094   289713.159
127  cpREV+F+R7    143828.851   244 288145.702   288180.468   289661.370
128  cpREV+F+R8    143804.682   246 288101.363   288136.721   289629.455
129  cpREV+F+R9    143792.210   248 288080.420   288116.375   289620.935
130  cpREV+F+R10   143781.894   250 288063.788   288100.344   289616.726
131  mtREV         162543.948   213 325513.896   325540.168   326837.000
132  mtREV+I       162156.784   214 324741.567   324768.093   326070.883
133  mtREV+G4      151259.523   214 302947.046   302973.573   304276.362
134  mtREV+I+G4    151217.729   215 302865.459   302892.241   304200.986
135  mtREV+R2      153004.537   215 306439.075   306465.857   307774.602
136  mtREV+R3      151503.270   217 303440.540   303467.837   304788.490
137  mtREV+R4      151060.324   219 302558.649   302586.466   303919.023
138  mtREV+R5      150935.819   221 302313.639   302341.982   303686.437
139  mtREV+R6      150847.205   223 302140.411   302169.285   303525.632
140  mtREV+R7      150803.329   225 302056.659   302086.069   303454.303
141  mtREV+R8      150764.423   227 301982.847   302012.798   303392.915
142  mtREV+R9      150741.414   229 301940.828   301971.326   303363.320
143  mtREV+R10     150720.497   231 301902.994   301934.044   303337.910
144  mtREV+F       155843.470   232 312150.940   312182.267   313592.067
145  mtREV+F+I     155369.904   233 311205.807   311237.414   312653.146
146  mtREV+F+G4    145874.634   233 292215.268   292246.875   293662.607
147  mtREV+F+I+G4  145806.688   234 292081.375   292113.263   293534.926
148  mtREV+F+R2    147712.270   234 295892.540   295924.427   297346.090
149  mtREV+F+R3    146078.396   236 292628.792   292661.244   294094.766
150  mtREV+F+R4    145745.177   238 291966.354   291999.377   293444.751
151  mtREV+F+R5    145614.546   240 291709.093   291742.691   293199.914
152  mtREV+F+R6    145489.168   242 291462.335   291496.515   292965.580
153  mtREV+F+R7    145437.299   244 291362.599   291397.365   292878.267
154  mtREV+F+R8    145398.865   246 291289.730   291325.087   292817.821
155  mtREV+F+R9    145377.335   248 291250.670   291286.624   292791.185
156  mtREV+F+R10   145359.558   250 291219.116   291255.673   292772.054
157  rtREV         152718.711   213 305863.422   305889.694   307186.525
158  rtREV+I       152254.839   214 304937.678   304964.204   306266.993
159  rtREV+G4      144545.061   214 289518.122   289544.648   290847.437
160  rtREV+I+G4    144470.697   215 289371.394   289398.176   290706.921
161  rtREV+R2      145841.167   215 292112.333   292139.115   293447.861
162  rtREV+R3      144608.132   217 289650.264   289677.561   290998.214
163  rtREV+R4      144271.990   219 288981.980   289009.798   290342.354
164  rtREV+R5      144151.915   221 288745.830   288774.173   290118.628
165  rtREV+R6      144071.303   223 288588.607   288617.481   289973.828
166  rtREV+R7      144040.661   225 288531.322   288560.733   289928.967
167  rtREV+R8      144019.950   227 288493.899   288523.850   289903.967
168  rtREV+R9      144009.870   229 288477.739   288508.237   289900.231
169  rtREV+R10     144002.454   231 288466.908   288497.958   289901.824
170  rtREV+F       151700.636   232 303865.273   303896.601   305306.400
171  rtREV+F+I     151234.678   233 302935.357   302966.964   304382.696
172  rtREV+F+G4    143289.154   233 287044.309   287075.916   288491.648
173  rtREV+F+I+G4  143214.812   234 286897.624   286929.511   288351.175
174  rtREV+F+R2    144659.688   234 289787.376   289819.263   291240.926
175  rtREV+F+R3    143357.821   236 287187.642   287220.095   288653.616
176  rtREV+F+R4    143025.870   238 286527.739   286560.762   288006.137
177  rtREV+F+R5    142903.136   240 286286.271   286319.870   287777.092
178  rtREV+F+R6    142819.139   242 286122.277   286156.457   287625.522
179  rtREV+F+R7    142789.796   244 286067.592   286102.358   287583.260
180  rtREV+F+R8    142770.947   246 286033.893   286069.251   287561.985
181  rtREV+F+R9    142762.319   248 286020.638   286056.593   287561.153
182  rtREV+F+R10   142756.340   250 286012.680   286049.237   287565.619
183  mtART         167190.082   213 334806.165   334832.437   336129.268
184  mtART+I       166727.416   214 333882.831   333909.357   335212.147
185  mtART+G4      152608.897   214 305645.794   305672.321   306975.110
186  mtART+I+G4    152565.142   215 305560.284   305587.066   306895.811
187  mtART+R2      155144.063   215 310718.126   310744.908   312053.653
188  mtART+R3      153094.185   217 306622.370   306649.667   307970.321
189  mtART+R4      152472.708   219 305383.415   305411.233   306743.789
190  mtART+R5      152336.153   221 305114.307   305142.650   306487.105
191  mtART+R6      152154.961   223 304755.922   304784.796   306141.144
192  mtART+R7      152067.936   225 304585.872   304615.282   305983.517
193  mtART+R8      152012.436   227 304478.872   304508.823   305888.940
194  mtART+R9      151985.503   229 304429.005   304459.503   305851.497
195  mtART+R10     151965.699   231 304393.398   304424.448   305828.314
196  mtART+F       158509.470   232 317482.939   317514.267   318924.066
197  mtART+F+I     157972.772   233 316411.543   316443.150   317858.882
198  mtART+F+G4    146300.722   233 293067.443   293099.050   294514.782
199  mtART+F+I+G4  146231.202   234 292930.403   292962.291   294383.954
200  mtART+F+R2    148536.770   234 297541.540   297573.428   298995.091
201  mtART+F+R3    146839.823   236 294151.646   294184.099   295617.620
202  mtART+F+R4    146258.644   238 292993.289   293026.312   294471.687
203  mtART+F+R5    146138.373   240 292756.746   292790.345   294247.567
204  mtART+F+R6    145996.825   242 292477.650   292511.830   293980.895
205  mtART+F+R7    145930.722   244 292349.444   292384.209   293865.112
206  mtART+F+R8    145883.081   246 292258.161   292293.519   293786.253
207  mtART+F+R9    145857.364   248 292210.728   292246.683   293751.244
208  mtART+F+R10   145834.191   250 292168.382   292204.939   293721.321
209  mtZOA         161994.742   213 324415.484   324441.756   325738.588
210  mtZOA+I       161531.031   214 323490.062   323516.589   324819.378
211  mtZOA+G4      149247.801   214 298923.603   298950.129   300252.918
212  mtZOA+I+G4    149204.603   215 298839.205   298865.987   300174.732
213  mtZOA+R2      151109.493   215 302648.987   302675.769   303984.514
214  mtZOA+R3      149536.309   217 299506.617   299533.915   300854.568
215  mtZOA+R4      149021.390   219 298480.780   298508.598   299841.154
216  mtZOA+R5      148889.408   221 298220.815   298249.158   299593.613
217  mtZOA+R6      148772.320   223 297990.640   298019.514   299375.861
218  mtZOA+R7      148725.964   225 297901.929   297931.339   299299.574
219  mtZOA+R8      148697.189   227 297848.378   297878.329   299258.446
220  mtZOA+R9      148684.447   229 297826.894   297857.392   299249.386
221  mtZOA+R10     148670.838   231 297803.676   297834.725   299238.591
222  mtZOA+F       155727.865   232 311919.730   311951.058   313360.857
223  mtZOA+F+I     155171.054   233 310808.108   310839.715   312255.447
224  mtZOA+F+G4    144920.611   233 290307.223   290338.830   291754.562
225  mtZOA+F+I+G4  144839.543   234 290147.086   290178.974   291600.637
226  mtZOA+F+R2    146811.812   234 294091.624   294123.512   295545.175
227  mtZOA+F+R3    145265.309   236 291002.618   291035.070   292468.592
228  mtZOA+F+R4    144806.961   238 290089.923   290122.946   291568.320
229  mtZOA+F+R5    144700.925   240 289881.851   289915.449   291372.672
230  mtZOA+F+R6    144585.698   242 289655.396   289689.575   291158.640
231  mtZOA+F+R7    144529.056   244 289546.112   289580.878   291061.781
232  mtZOA+F+R8    144480.065   246 289452.130   289487.488   290980.222
233  mtZOA+F+R9    144457.539   248 289411.079   289447.034   290951.594
234  mtZOA+F+R10   144435.335   250 289370.670   289407.227   290923.609
235  VT            150800.486   213 302026.973   302053.245   303350.077
236  VT+I          150317.832   214 301063.664   301090.191   302392.980
237  VT+G4         143514.413   214 287456.826   287483.352   288786.141
238  VT+I+G4       143434.337   215 287298.674   287325.456   288634.201
239  VT+R2         144554.815   215 289539.631   289566.413   290875.158
240  VT+R3         143486.139   217 287406.279   287433.576   288754.230
241  VT+R4         143143.979   219 286725.959   286753.776   288086.333
242  VT+R5         143054.019   221 286550.038   286578.382   287922.836
243  VT+R6         143005.953   223 286457.907   286486.781   287843.128
244  VT+R7         142990.624   225 286431.248   286460.658   287828.893
245  VT+R8         142980.250   227 286414.501   286444.452   287824.569
246  VT+R9         142977.462   229 286412.925   286443.423   287835.417
248  VT+F          150746.363   232 301956.725   301988.053   303397.852
249  VT+F+I        150259.686   233 300985.372   301016.979   302432.711
250  VT+F+G4       143499.349   233 287464.697   287496.304   288912.036
251  VT+F+I+G4     143423.197   234 287314.394   287346.282   288767.945
252  VT+F+R2       144518.992   234 289505.985   289537.872   290959.535
253  VT+F+R3       143454.518   236 287381.037   287413.489   288847.011
254  VT+F+R4       143104.828   238 286685.656   286718.679   288164.054
255  VT+F+R5       143021.772   240 286523.544   286557.142   288014.365
256  VT+F+R6       142980.529   242 286445.059   286479.239   287948.304
257  VT+F+R7       142966.824   244 286421.647   286456.413   287937.315
258  VT+F+R8       142957.472   246 286406.944   286442.301   287935.035
259  VT+F+R9       142954.860   248 286405.720   286441.675   287946.235
261  LG            151770.192   213 303966.384   303992.656   305289.487
262  LG+I          151281.073   214 302990.145   303016.672   304319.461
263  LG+G4         143052.468   214 286532.936   286559.463   287862.252
264  LG+I+G4       142976.142   215 286382.285   286409.067   287717.812
265  LG+R2         144490.358   215 289410.716   289437.498   290746.243
266  LG+R3         143164.121   217 286762.241   286789.539   288110.192
267  LG+R4         142805.544   219 286049.089   286076.906   287409.463
268  LG+R5         142679.258   221 285800.516   285828.859   287173.314
269  LG+R6         142613.716   223 285673.431   285702.305   287058.652
270  LG+R7         142580.822   225 285611.645   285641.055   287009.289
271  LG+R8         142554.842   227 285563.685   285593.636   286973.753
272  LG+R9         142545.578   229 285549.155   285579.653   286971.647
273  LG+R10        142524.655   231 285511.310   285542.360   286946.225
274  LG+F          151664.230   232 303792.459   303823.787   305233.586
275  LG+F+I        151169.541   233 302805.081   302836.688   304252.420
276  LG+F+G4       142984.582   233 286435.163   286466.770   287882.502
277  LG+F+I+G4     142905.970   234 286279.941   286311.828   287733.491
278  LG+F+R2       144396.384   234 289260.767   289292.655   290714.318
279  LG+F+R3       143066.805   236 286605.609   286638.062   288071.583
280  LG+F+R4       142694.896   238 285865.792   285898.815   287344.189
281  LG+F+R5       142577.687   240 285635.373   285668.972   287126.194
282  LG+F+R6       142515.297   242 285514.594   285548.773   287017.838
283  LG+F+R7       142485.854   244 285459.708   285494.474   286975.376
284  LG+F+R8       142462.923   246 285417.845   285453.203   286945.937
285  LG+F+R9       142455.237   248 285406.474   285442.429   286946.989
287  DCMut         153666.453   213 307758.905   307785.177   309082.009
288  DCMut+I       153072.258   214 306572.516   306599.042   307901.831
289  DCMut+G4      145082.803   214 290593.607   290620.133   291922.922
290  DCMut+I+G4    144995.188   215 290420.375   290447.157   291755.902
291  DCMut+R2      146548.217   215 293526.434   293553.216   294861.961
292  DCMut+R3      145192.024   217 290818.047   290845.344   292165.998
293  DCMut+R4      144790.557   219 290019.113   290046.931   291379.488
294  DCMut+R5      144681.035   221 289804.069   289832.412   291176.867
295  DCMut+R6      144616.213   223 289678.426   289707.300   291063.647
296  DCMut+R7      144579.029   225 289608.059   289637.469   291005.703
297  DCMut+R8      144546.380   227 289546.760   289576.711   290956.828
298  DCMut+R9      144534.774   229 289527.549   289558.047   290950.040
299  DCMut+R10     144512.004   231 289486.008   289517.057   290920.923
300  DCMut+F       153115.061   232 306694.123   306725.450   308135.250
301  DCMut+F+I     152522.118   233 305510.235   305541.842   306957.574
302  DCMut+F+G4    144465.456   233 289396.912   289428.519   290844.251
303  DCMut+F+I+G4  144373.591   234 289215.183   289247.070   290668.733
304  DCMut+F+R2    145876.732   234 292221.464   292253.351   293675.014
305  DCMut+F+R3    144517.643   236 289507.286   289539.738   290973.260
306  DCMut+F+R4    144139.563   238 288755.126   288788.149   290233.524
307  DCMut+F+R5    144028.736   240 288537.472   288571.070   290028.293
308  DCMut+F+R6    143961.079   242 288406.158   288440.338   289909.403
309  DCMut+F+R7    143925.087   244 288338.174   288372.940   289853.842
310  DCMut+F+R8    143896.291   246 288284.583   288319.940   289812.674
311  DCMut+F+R9    143886.585   248 288269.170   288305.125   289809.685
312  DCMut+F+R10   143868.833   250 288237.667   288274.224   289790.605
313  PMB           151230.940   213 302887.880   302914.152   304210.983
314  PMB+I         150781.311   214 301990.621   302017.148   303319.937
315  PMB+G4        144073.600   214 288575.200   288601.727   289904.516
316  PMB+I+G4      144000.735   215 288431.470   288458.252   289766.997
317  PMB+R2        145035.025   215 290500.050   290526.832   291835.577
318  PMB+R3        144003.163   217 288440.325   288467.623   289788.276
319  PMB+R4        143688.774   219 287815.549   287843.366   289175.923
320  PMB+R5        143586.349   221 287614.698   287643.041   288987.496
321  PMB+R6        143561.526   223 287569.053   287597.927   288954.274
322  PMB+R7        143556.491   225 287562.983   287592.393   288960.628
326  PMB+F         151130.333   232 302724.665   302755.993   304165.792
327  PMB+F+I       150659.559   233 301785.119   301816.726   303232.457
328  PMB+F+G4      143966.279   233 288398.558   288430.165   289845.897
329  PMB+F+I+G4    143890.186   234 288248.371   288280.259   289701.922
330  PMB+F+R2      144948.037   234 290364.075   290395.962   291817.625
331  PMB+F+R3      143906.659   236 288285.317   288317.770   289751.291
332  PMB+F+R4      143575.912   238 287627.823   287660.846   289106.221
333  PMB+F+R5      143476.441   240 287432.883   287466.481   288923.704
334  PMB+F+R6      143450.982   242 287385.963   287420.143   288889.208
335  PMB+F+R7      143445.295   244 287378.590   287413.356   288894.259
339  HIVb          157807.267   213 316040.533   316066.806   317363.637
340  HIVb+I        157168.622   214 314765.245   314791.771   316094.560
341  HIVb+G4       147387.770   214 295203.539   295230.066   296532.855
342  HIVb+I+G4     147303.335   215 295036.670   295063.452   296372.197
343  HIVb+R2       149005.620   215 298441.240   298468.022   299776.767
344  HIVb+R3       147605.729   217 295645.458   295672.756   296993.409
345  HIVb+R4       147067.611   219 294573.221   294601.039   295933.596
346  HIVb+R5       146887.888   221 294217.776   294246.120   295590.574
347  HIVb+R6       146850.455   223 294146.910   294175.784   295532.131
348  HIVb+R7       146827.589   225 294105.178   294134.588   295502.823
349  HIVb+R8       146796.113   227 294046.226   294076.177   295456.294
350  HIVb+R9       146786.278   229 294030.556   294061.054   295453.047
351  HIVb+R10      146761.598   231 293985.196   294016.246   295420.111
352  HIVb+F        157374.679   232 315213.358   315244.686   316654.485
353  HIVb+F+I      156719.607   233 313905.213   313936.820   315352.552
354  HIVb+F+G4     146468.075   233 293402.151   293433.758   294849.489
355  HIVb+F+I+G4   146389.644   234 293247.288   293279.176   294700.839
356  HIVb+F+R2     148194.754   234 296857.509   296889.396   298311.059
357  HIVb+F+R3     146728.457   236 293928.915   293961.367   295394.889
358  HIVb+F+R4     146151.281   238 292778.562   292811.585   294256.960
359  HIVb+F+R5     145969.657   240 292419.314   292452.912   293910.135
360  HIVb+F+R6     145929.907   242 292343.813   292377.993   293847.058
361  HIVb+F+R7     145904.595   244 292297.190   292331.956   293812.858
362  HIVb+F+R8     145871.249   246 292234.497   292269.855   293762.589
363  HIVb+F+R9     145860.732   248 292217.463   292253.418   293757.978
364  HIVb+F+R10    145834.526   250 292169.052   292205.609   293721.990
365  HIVw          164182.200   213 328790.400   328816.672   330113.504
366  HIVw+I        163424.687   214 327277.373   327303.900   328606.689
367  HIVw+G4       153716.831   214 307861.662   307888.188   309190.977
368  HIVw+I+G4     153605.815   215 307641.630   307668.412   308977.158
369  HIVw+R2       155481.317   215 311392.634   311419.416   312728.161
370  HIVw+R3       154064.882   217 308563.764   308591.061   309911.715
371  HIVw+R4       153506.909   219 307451.818   307479.636   308812.192
372  HIVw+R5       153309.221   221 307060.443   307088.786   308433.240
373  HIVw+R6       153250.549   223 306947.098   306975.972   308332.319
374  HIVw+R7       153211.543   225 306873.085   306902.495   308270.730
375  HIVw+R8       153154.783   227 306763.565   306793.516   308173.633
376  HIVw+R9       153137.937   229 306733.874   306764.371   308156.365
377  HIVw+R10      153103.745   231 306669.491   306700.541   308104.406
378  HIVw+F        160578.675   232 321621.350   321652.678   323062.477
379  HIVw+F+I      159807.724   233 320081.449   320113.056   321528.788
380  HIVw+F+G4     149890.106   233 300246.212   300277.819   301693.551
381  HIVw+F+I+G4   149771.627   234 300011.254   300043.142   301464.805
382  HIVw+F+R2     151560.827   234 303589.654   303621.541   305043.204
383  HIVw+F+R3     150155.696   236 300783.393   300815.845   302249.367
384  HIVw+F+R4     149580.345   238 299636.691   299669.714   301115.088
385  HIVw+F+R5     149408.281   240 299296.562   299330.161   300787.383
386  HIVw+F+R6     149360.195   242 299204.389   299238.569   300707.634
387  HIVw+F+R7     149329.051   244 299146.102   299180.867   300661.770
388  HIVw+F+R8     149286.845   246 299065.689   299101.047   300593.781
389  HIVw+F+R9     149274.375   248 299044.751   299080.705   300585.266
390  HIVw+F+R10    149248.841   250 298997.681   299034.238   300550.620
391  JTTDCMut      152738.683   213 305903.367   305929.639   307226.471
392  JTTDCMut+I    152199.157   214 304826.315   304852.841   306155.630
393  JTTDCMut+G4   144277.558   214 288983.117   289009.643   290312.432
394  JTTDCMut+I+G4 144197.102   215 288824.205   288850.987   290159.732
395  JTTDCMut+R2   145606.818   215 291643.636   291670.418   292979.164
396  JTTDCMut+R3   144329.850   217 289093.701   289120.998   290441.651
397  JTTDCMut+R4   143952.146   219 288342.292   288370.109   289702.666
398  JTTDCMut+R5   143813.071   221 288068.142   288096.485   289440.940
399  JTTDCMut+R6   143776.666   223 287999.332   288028.206   289384.553
400  JTTDCMut+R7   143757.448   225 287964.896   287994.306   289362.541
401  JTTDCMut+R8   143730.083   227 287914.166   287944.118   289324.235
402  JTTDCMut+R9   143722.976   229 287903.952   287934.450   289326.444
404  JTTDCMut+F    152703.942   232 305871.884   305903.212   307313.011
405  JTTDCMut+F+I  152159.227   233 304784.453   304816.060   306231.792
406  JTTDCMut+F+G4 144223.535   233 288913.070   288944.677   290360.409
407  JTTDCMut+F+I+G4 144148.074   234 288764.148   288796.036   290217.699
408  JTTDCMut+F+R2 145534.073   234 291536.146   291568.034   292989.697
409  JTTDCMut+F+R3 144251.346   236 288974.692   289007.144   290440.666
410  JTTDCMut+F+R4 143869.086   238 288214.171   288247.194   289692.569
411  JTTDCMut+F+R5 143739.581   240 287959.162   287992.761   289449.983
412  JTTDCMut+F+R6 143703.960   242 287891.920   287926.099   289395.164
413  JTTDCMut+F+R7 143686.464   244 287860.928   287895.694   289376.596
414  JTTDCMut+F+R8 143662.631   246 287817.262   287852.620   289345.354
415  JTTDCMut+F+R9 143656.887   248 287809.774   287845.729   289350.290
417  FLU           157072.580   213 314571.160   314597.432   315894.264
418  FLU+I         156462.510   214 313353.020   313379.546   314682.335
419  FLU+G4        147169.552   214 294767.104   294793.630   296096.419
420  FLU+I+G4      147078.520   215 294587.041   294613.823   295922.568
421  FLU+R2        148672.601   215 297775.201   297801.983   299110.728
422  FLU+R3        147383.912   217 295201.824   295229.121   296549.775
423  FLU+R4        146896.196   219 294230.393   294258.210   295590.767
424  FLU+R5        146734.411   221 293910.821   293939.165   295283.619
425  FLU+R6        146687.514   223 293821.028   293849.902   295206.250
426  FLU+R7        146658.358   225 293766.716   293796.126   295164.361
427  FLU+R8        146615.343   227 293684.686   293714.638   295094.755
428  FLU+R9        146602.395   229 293662.790   293693.288   295085.282
429  FLU+R10       146570.699   231 293603.398   293634.448   295038.313
430  FLU+F         155787.504   232 312039.008   312070.336   313480.135
431  FLU+F+I       155173.057   233 310812.114   310843.721   312259.453
432  FLU+F+G4      145846.473   233 292158.947   292190.554   293606.286
433  FLU+F+I+G4    145759.843   234 291987.686   292019.574   293441.237
434  FLU+F+R2      147245.746   234 294959.492   294991.379   296413.042
435  FLU+F+R3      145993.732   236 292459.463   292491.916   293925.437
436  FLU+F+R4      145512.327   238 291500.653   291533.676   292979.051
437  FLU+F+R5      145357.960   240 291195.920   291229.518   292686.741
438  FLU+F+R6      145316.576   242 291117.152   291151.332   292620.397
439  FLU+F+R7      145292.307   244 291072.615   291107.380   292588.283
440  FLU+F+R8      145256.959   246 291005.918   291041.276   292534.010
441  FLU+F+R9      145247.065   248 290990.130   291026.084   292530.645
442  FLU+F+R10     145226.845   250 290953.691   290990.248   292506.629
443  Blosum62      151075.819   213 302577.638   302603.910   303900.742
444  Blosum62+I    150622.764   214 301673.528   301700.054   303002.843
445  Blosum62+G4   144023.395   214 288474.789   288501.316   289804.105
446  Blosum62+I+G4 143945.629   215 288321.258   288348.040   289656.786
447  Blosum62+R2   144972.031   215 290374.062   290400.844   291709.589
448  Blosum62+R3   143977.997   217 288389.994   288417.291   289737.945
449  Blosum62+R4   143668.599   219 287775.198   287803.015   289135.572
450  Blosum62+R5   143556.367   221 287554.734   287583.077   288927.532
451  Blosum62+R6   143528.838   223 287503.676   287532.550   288888.898
452  Blosum62+R7   143523.069   225 287496.139   287525.549   288893.783
456  Blosum62+F    150817.754   232 302099.507   302130.835   303540.634
457  Blosum62+F+I  150345.190   233 301156.380   301187.987   302603.719
458  Blosum62+F+G4 143749.537   233 287965.075   287996.682   289412.414
459  Blosum62+F+I+G4 143669.134   234 287806.267   287838.155   289259.818
460  Blosum62+F+R2 144717.623   234 289903.245   289935.133   291356.796
461  Blosum62+F+R3 143709.562   236 287891.125   287923.577   289357.099
462  Blosum62+F+R4 143379.647   238 287235.295   287268.318   288713.692
463  Blosum62+F+R5 143280.170   240 287040.339   287073.938   288531.160
464  Blosum62+F+R6 143248.804   242 286981.607   287015.787   288484.852
465  Blosum62+F+R7 143242.624   244 286973.248   287008.013   288488.916
469  mtMet         163765.798   213 327957.596   327983.868   329280.699
470  mtMet+I       163329.798   214 327087.596   327114.122   328416.911
471  mtMet+G4      152062.381   214 304552.763   304579.289   305882.078
472  mtMet+I+G4    152020.386   215 304470.773   304497.555   305806.300
473  mtMet+R2      153837.927   215 308105.854   308132.636   309441.381
474  mtMet+R3      152358.271   217 305150.543   305177.840   306498.493
475  mtMet+R4      151772.466   219 303982.932   304010.750   305343.306
476  mtMet+R5      151611.219   221 303664.438   303692.781   305037.236
477  mtMet+R6      151592.060   223 303630.121   303658.995   305015.342
478  mtMet+R7      151581.036   225 303612.071   303641.481   305009.716
479  mtMet+R8      151542.244   227 303538.487   303568.439   304948.555
480  mtMet+R9      151531.166   229 303520.331   303550.829   304942.823
481  mtMet+R10     151500.233   231 303462.467   303493.516   304897.382
482  mtMet+F       155715.863   232 311895.726   311927.054   313336.853
483  mtMet+F+I     155174.535   233 310815.070   310846.677   312262.408
484  mtMet+F+G4    145621.144   233 291708.289   291739.896   293155.627
485  mtMet+F+I+G4  145543.153   234 291554.305   291586.193   293007.856
486  mtMet+F+R2    147319.141   234 295106.282   295138.169   296559.832
487  mtMet+F+R3    145899.862   236 292271.724   292304.176   293737.698
488  mtMet+F+R4    145407.566   238 291291.133   291324.156   292769.530
489  mtMet+F+R5    145233.966   240 290947.933   290981.531   292438.754
490  mtMet+F+R6    145202.684   242 290889.367   290923.547   292392.612
491  mtMet+F+R7    145178.817   244 290845.633   290880.399   292361.301
492  mtMet+F+R8    145127.292   246 290746.585   290781.942   292274.676
493  mtMet+F+R9    145114.149   248 290724.297   290760.252   292264.812
494  mtMet+F+R10   145077.926   250 290655.853   290692.410   292208.791
495  mtVer         165974.421   213 332374.842   332401.114   333697.945
496  mtVer+I       165522.272   214 331472.544   331499.070   332801.859
497  mtVer+G4      152794.910   214 306017.820   306044.346   307347.135
498  mtVer+I+G4    152760.643   215 305951.287   305978.069   307286.814
499  mtVer+R2      154848.771   215 310127.541   310154.323   311463.068
500  mtVer+R3      153309.446   217 307052.892   307080.189   308400.843
501  mtVer+R4      152543.930   219 305525.859   305553.677   306886.234
502  mtVer+R5      152376.040   221 305194.079   305222.423   306566.877
503  mtVer+R6      152349.882   223 305145.764   305174.638   306530.985
504  mtVer+R7      152326.505   225 305103.009   305132.419   306500.654
505  mtVer+R8      152278.037   227 305010.073   305040.024   306420.141
506  mtVer+R9      152264.829   229 304987.657   305018.155   306410.149
507  mtVer+R10     152224.420   231 304910.840   304941.890   306345.755
508  mtVer+F       159126.903   232 318717.806   318749.134   320158.933
509  mtVer+F+I     158540.684   233 317547.368   317578.975   318994.707
510  mtVer+F+G4    147532.705   233 295531.410   295563.017   296978.749
511  mtVer+F+I+G4  147451.119   234 295370.239   295402.126   296823.789
512  mtVer+F+R2    149546.307   234 299560.613   299592.501   301014.164
513  mtVer+F+R3    148007.533   236 296487.067   296519.519   297953.041
514  mtVer+F+R4    147360.105   238 295196.211   295229.234   296674.609
515  mtVer+F+R5    147170.044   240 294820.089   294853.687   296310.910
516  mtVer+F+R6    147137.553   242 294759.105   294793.285   296262.350
517  mtVer+F+R7    147102.887   244 294693.774   294728.539   296209.442
518  mtVer+F+R8    147032.062   246 294556.124   294591.482   296084.216
519  mtVer+F+R9    147012.643   248 294521.286   294557.240   296061.801
520  mtVer+F+R10   146955.298   250 294410.597   294447.154   295963.535
521  mtInv         163765.712   213 327957.424   327983.696   329280.527
522  mtInv+I       163319.354   214 327066.708   327093.234   328396.023
523  mtInv+G4      153112.406   214 306652.812   306679.339   307982.128
524  mtInv+I+G4    153070.061   215 306570.122   306596.904   307905.649
525  mtInv+R2      154511.638   215 309453.276   309480.058   310788.803
526  mtInv+R3      153302.989   217 307039.979   307067.276   308387.929
527  mtInv+R4      152799.869   219 306037.739   306065.556   307398.113
528  mtInv+R5      152662.593   221 305767.186   305795.529   307139.984
529  mtInv+R6      152639.611   223 305725.222   305754.096   307110.443
530  mtInv+R7      152629.268   225 305708.535   305737.945   307106.180
531  mtInv+R8      152592.387   227 305638.774   305668.725   307048.842
532  mtInv+R9      152581.949   229 305621.897   305652.395   307044.389
533  mtInv+R10     152556.129   231 305574.258   305605.308   307009.173
534  mtInv+F       153959.616   232 308383.233   308414.560   309824.360
535  mtInv+F+I     153408.137   233 307282.275   307313.882   308729.614
536  mtInv+F+G4    144704.837   233 289875.674   289907.281   291323.013
537  mtInv+F+I+G4  144619.500   234 289707.001   289738.888   291160.551
538  mtInv+F+R2    146257.256   234 292982.512   293014.399   294436.062
539  mtInv+F+R3    144911.974   236 290295.949   290328.402   291761.923
540  mtInv+F+R4    144485.487   238 289446.973   289479.996   290925.371
541  mtInv+F+R5    144306.403   240 289092.806   289126.405   290583.627
542  mtInv+F+R6    144274.586   242 289033.171   289067.351   290536.416
543  mtInv+F+R7    144254.731   244 288997.463   289032.229   290513.131
544  mtInv+F+R8    144211.303   246 288914.606   288949.963   290442.697
545  mtInv+F+R9    144201.188   248 288898.376   288934.331   290438.891
546  mtInv+F+R10   144173.690   250 288847.380   288883.937   290400.319
Akaike Information Criterion:           LG+F+R9
Corrected Akaike Information Criterion: LG+F+R9
Bayesian Information Criterion:         LG+F+R8
Best-fit model: LG+F+R8 chosen according to BIC

All model information printed to MSTRG.9371.1.p1.pep.faa.blastp_ALL.outfmt6.parsed.filtered.faa.mafft.aln.model.gz
CPU time for ModelFinder: 29918.795 seconds (8h:18m:38s)
Wall-clock time for ModelFinder: 14645.085 seconds (4h:4m:5s)
Generating 2000 samples for ultrafast bootstrap (seed: 828077)...

NOTE: 432 MB RAM (0 GB) is required!
Measuring multi-threading efficiency up to 2 CPU cores
2 trees examined
Threads: 1 / Time: 3.438 sec / Speedup: 1.000 / Efficiency: 100% / LogL: -167651
Threads: 2 / Time: 1.658 sec / Speedup: 2.074 / Efficiency: 104% / LogL: -167651
BEST NUMBER OF THREADS: 2

Estimate model parameters (epsilon = 0.100)
1. Initial log-likelihood: -142569.346
2. Current log-likelihood: -142492.846
3. Current log-likelihood: -142469.927
4. Current log-likelihood: -142458.752
5. Current log-likelihood: -142452.602
6. Current log-likelihood: -142448.893
7. Current log-likelihood: -142446.590
8. Current log-likelihood: -142445.167
9. Current log-likelihood: -142444.224
10. Current log-likelihood: -142443.578
11. Current log-likelihood: -142443.217
12. Current log-likelihood: -142442.927
13. Current log-likelihood: -142442.792
14. Current log-likelihood: -142442.644
15. Current log-likelihood: -142442.537
16. Current log-likelihood: -142442.422
Optimal log-likelihood: -142442.302
Site proportion and rates:  (0.068,0.047) (0.084,0.149) (0.070,0.287) (0.109,0.462) (0.113,0.696) (0.104,1.041) (0.186,1.139) (0.265,1.942)
Parameters optimization took 16 rounds (183.685 sec)
Computing ML distances based on estimated model parameters... 6.635 sec
WARNING: Some pairwise ML distances are too long (saturated)
Computing BIONJ tree...
0.005 seconds
Log-likelihood of BIONJ tree: -142669.289
--------------------------------------------------------------------
|             INITIALIZING CANDIDATE TREE SET                      |
--------------------------------------------------------------------
Generating 98 parsimony trees... 16.441 second
Computing log-likelihood of 98 initial trees ... 142.164 seconds
Current best score: -142442.302

Do NNI search on 20 best initial trees
Estimate model parameters (epsilon = 0.100)
BETTER TREE FOUND at iteration 1: -142184.787
Estimate model parameters (epsilon = 0.100)
BETTER TREE FOUND at iteration 2: -142157.795
Estimate model parameters (epsilon = 0.100)
BETTER TREE FOUND at iteration 4: -142152.768
Estimate model parameters (epsilon = 0.100)
BETTER TREE FOUND at iteration 6: -142116.293
Iteration 10 / LogL: -142139.905 / Time: 0h:12m:4s
Iteration 20 / LogL: -142221.795 / Time: 0h:15m:5s
Finish initializing candidate tree set (20)
Current best tree score: -142116.293 / CPU time: 699.536
Number of iterations: 20
--------------------------------------------------------------------
|               OPTIMIZING CANDIDATE TREE SET                      |
--------------------------------------------------------------------
Estimate model parameters (epsilon = 0.100)
BETTER TREE FOUND at iteration 23: -142113.972
Estimate model parameters (epsilon = 0.100)
BETTER TREE FOUND at iteration 28: -142111.720
Estimate model parameters (epsilon = 0.100)
BETTER TREE FOUND at iteration 30: -142105.319
Iteration 30 / LogL: -142105.319 / Time: 0h:18m:39s (1h:4m:21s left)
Estimate model parameters (epsilon = 0.100)
BETTER TREE FOUND at iteration 31: -142096.824
Iteration 40 / LogL: -142103.700 / Time: 0h:21m:31s (0h:50m:12s left)
Estimate model parameters (epsilon = 0.100)
BETTER TREE FOUND at iteration 43: -142090.186
Estimate model parameters (epsilon = 0.100)
BETTER TREE FOUND at iteration 49: -142088.540
Iteration 50 / LogL: -142092.468 / Time: 0h:24m:36s (0h:49m:43s left)
Log-likelihood cutoff on original alignment: -142206.286
Estimate model parameters (epsilon = 0.100)
BETTER TREE FOUND at iteration 51: -142086.604
Iteration 60 / LogL: -142090.224 / Time: 0h:27m:33s (0h:42m:30s left)
Iteration 70 / LogL: -142086.936 / Time: 0h:30m:10s (0h:35m:25s left)
Iteration 80 / LogL: -142095.532 / Time: 0h:32m:59s (0h:29m:38s left)
Estimate model parameters (epsilon = 0.100)
BETTER TREE FOUND at iteration 88: -142081.581
Iteration 90 / LogL: -142091.129 / Time: 0h:35m:54s (0h:39m:32s left)
UPDATE BEST LOG-LIKELIHOOD: -142081.577
Estimate model parameters (epsilon = 0.100)
BETTER TREE FOUND at iteration 98: -142080.802
Iteration 100 / LogL: -142086.746 / Time: 0h:39m:1s (0h:38m:37s left)
Log-likelihood cutoff on original alignment: -142205.910
NOTE: Bootstrap correlation coefficient of split occurrence frequencies: 0.980
NOTE: UFBoot does not converge, continue at least 100 more iterations
Iteration 110 / LogL: -142083.772 / Time: 0h:41m:49s (0h:34m:32s left)
Iteration 120 / LogL: -142110.590 / Time: 0h:44m:21s (0h:29m:49s left)
Iteration 130 / LogL: -142122.753 / Time: 0h:46m:48s (0h:25m:24s left)
Iteration 140 / LogL: -142081.366 / Time: 0h:49m:18s (0h:21m:17s left)
Iteration 150 / LogL: -142087.360 / Time: 0h:51m:54s (0h:17m:25s left)
Log-likelihood cutoff on original alignment: -142205.910
Iteration 160 / LogL: -142094.406 / Time: 0h:54m:34s (0h:13m:43s left)
Iteration 170 / LogL: -142080.885 / Time: 0h:57m:4s (0h:10m:7s left)
Iteration 180 / LogL: -142081.603 / Time: 0h:59m:34s (0h:6m:39s left)
Iteration 190 / LogL: -142082.186 / Time: 1h:2m:3s (0h:3m:16s left)
Iteration 200 / LogL: -142081.220 / Time: 1h:4m:26s (0h:0m:0s left)
Log-likelihood cutoff on original alignment: -142205.910
NOTE: Bootstrap correlation coefficient of split occurrence frequencies: 0.997
TREE SEARCH COMPLETED AFTER 200 ITERATIONS / Time: 1h:4m:27s

--------------------------------------------------------------------
|                    FINALIZING TREE SEARCH                        |
--------------------------------------------------------------------
Performs final model parameters optimization
Estimate model parameters (epsilon = 0.010)
1. Initial log-likelihood: -142080.802
Optimal log-likelihood: -142080.789
Site proportion and rates:  (0.067,0.045) (0.082,0.146) (0.069,0.279) (0.107,0.449) (0.071,0.651) (0.115,0.863) (0.224,1.212) (0.265,1.885)
Parameters optimization took 1 rounds (8.915 sec)
BEST SCORE FOUND : -142080.789
Creating bootstrap support values...
Split supports printed to NEXUS file MSTRG.9371.1.p1.pep.faa.blastp_ALL.outfmt6.parsed.filtered.faa.mafft.aln.splits.nex
Total tree length: 138.503

Total number of iterations: 200
CPU time used for tree search: 7291.318 sec (2h:1m:31s)
Wall-clock time used for tree search: 3661.106 sec (1h:1m:1s)
Total CPU time used: 7716.533 sec (2h:8m:36s)
Total wall-clock time used: 3876.521 sec (1h:4m:36s)

Computing bootstrap consensus tree...
Reading input file MSTRG.9371.1.p1.pep.faa.blastp_ALL.outfmt6.parsed.filtered.faa.mafft.aln.splits.nex...
108 taxa and 728 splits.
Consensus tree written to MSTRG.9371.1.p1.pep.faa.blastp_ALL.outfmt6.parsed.filtered.faa.mafft.aln.contree
Reading input trees file MSTRG.9371.1.p1.pep.faa.blastp_ALL.outfmt6.parsed.filtered.faa.mafft.aln.contree
Log-likelihood of consensus tree: -142085.543

Analysis results written to: 
  IQ-TREE report:                MSTRG.9371.1.p1.pep.faa.blastp_ALL.outfmt6.parsed.filtered.faa.mafft.aln.iqtree
  Maximum-likelihood tree:       MSTRG.9371.1.p1.pep.faa.blastp_ALL.outfmt6.parsed.filtered.faa.mafft.aln.treefile
  Likelihood distances:          MSTRG.9371.1.p1.pep.faa.blastp_ALL.outfmt6.parsed.filtered.faa.mafft.aln.mldist

Ultrafast bootstrap approximation results written to:
  Split support values:          MSTRG.9371.1.p1.pep.faa.blastp_ALL.outfmt6.parsed.filtered.faa.mafft.aln.splits.nex
  Consensus tree:                MSTRG.9371.1.p1.pep.faa.blastp_ALL.outfmt6.parsed.filtered.faa.mafft.aln.contree
  Screen log file:               MSTRG.9371.1.p1.pep.faa.blastp_ALL.outfmt6.parsed.filtered.faa.mafft.aln.log

Date and Time: Tue May 25 14:39:30 2021
