IQ-TREE multicore version 1.6.12 for Linux 64-bit built Aug 15 2019
Developed by Bui Quang Minh, Nguyen Lam Tung, Olga Chernomor,
Heiko Schmidt, Dominik Schrempf, Michael Woodhams.

Host:    coral (AVX512, FMA3, 376 GB RAM)
Command: /home/timothy/programs/iqtree-1.6.12-Linux/bin/iqtree -s MSTRG.16814.2.p1.pep.faa.blastp_ALL.outfmt6.parsed.filtered.faa.mafft.aln -nt AUTO -ntmax 2 -m MFP -bb 2000 -quiet
Seed:    274129 (Using SPRNG - Scalable Parallel Random Number Generator)
Time:    Mon May 24 19:45:29 2021
Kernel:  AVX+FMA - auto-detect threads (96 CPU cores detected)

Reading alignment file MSTRG.16814.2.p1.pep.faa.blastp_ALL.outfmt6.parsed.filtered.faa.mafft.aln ... Fasta format detected
Alignment most likely contains protein sequences
Alignment has 104 sequences with 3393 columns, 2920 distinct patterns
1512 parsimony-informative, 1083 singleton sites, 798 constant sites
                                                                                                                        Gap/Ambiguity  Composition  p-value
   1  Bacteria-Acidobacteria-Acidobacteriia-NA-NA-Acidobacteriia_bacterium_SbA2_WP_105313914.1                                 89.95%    failed      0.00%
   2  Bacteria-Actinobacteria-Actinobacteria-Streptosporangiales-Streptosporangiaceae-Nonomuraea_sp._KC333_WP_111183230.1      89.98%    failed      0.00%
   3  Bacteria-Actinobacteria-Actinobacteria-Streptosporangiales-Streptosporangiaceae-Planobispora_rosea_WP_141704104.1        90.10%    failed      0.00%
   4  Bacteria-Actinobacteria-Actinobacteria-Streptosporangiales-Thermomonosporaceae-Actinomadura_latina_WP_067639469.1        89.63%    failed      0.00%
   5  Bacteria-Firmicutes-Bacilli-Bacillales-Bacillaceae-Bacillus_sp._FJAT44921_WP_078552510.1                                 89.92%    failed      0.23%
   6  Bacteria-Proteobacteria-Gammaproteobacteria-Enterobacterales-Erwiniaceae-Pantoea_vagans_WP_147790162.1                   91.34%    passed     98.40%
   7  Bacteria-Proteobacteria-Gammaproteobacteria-Xanthomonadales-Rhodanobacteraceae-Rudaea_sp._3F27F6_WP_137912574.1          90.16%    failed      0.00%
   8  Eukaryota-Acytosteliales-Acytosteliales-Acytosteliales-Acytosteliaceae-Acytostelium_subglobosum_XP_012759553.1           78.31%    failed      0.19%
   9  Eukaryota-Acytosteliales-Acytosteliales-Acytosteliales-Acytosteliaceae-Heterostelium_album_XP_020428242.1                78.75%    failed      0.52%
  10  Eukaryota-Acytosteliales-Acytosteliales-Acytosteliales-Cavenderiaceae-Cavenderia_fasciculata_XP_004359294.1              78.13%    failed      0.00%
  11  Eukaryota-Alveolata-Dinophyceae-NA-Unranked-Oxyrrhis_marina_MMETSP0471_c6063_g1_i1.p1                                    78.37%    passed     40.50%
  12  Eukaryota-Alveolata-Dinophyceae-NA-Unranked-Protoceratium_reticulatum_MMETSP0228_c93862_g1_i1.p1                         81.76%    passed     31.39%
  13  Eukaryota-Alveolata-Dinophyceae-Peridiniales-Kryptoperidiniaceae-Durinskia_baltica_MMETSP0117_c8286_g1_i1.p1             77.75%    passed     82.34%
  14  Eukaryota-Amoebozoa-NA-NA-Paramoebidae-Filamoeba_nolandi_MMETSP0413_c11963_g1_i1.p1                                      78.60%    passed     14.83%
  15  Eukaryota-Amoebozoa-NA-NA-Paramoebidae-Pessonella_sp_MMETSP0420_c7118_g1_i1.p1                                           77.34%    passed     34.18%
  16  Eukaryota-Amoebozoa-NA-NA-Paramoebidae-Trichosphaerium_sp_MMETSP0405_c9057_g1_i1.p1                                      62.78%    failed      4.31%
  17  Eukaryota-Annelida-Clitellata-Hirudinida-Glossiphoniidae-Helobdella_robusta_XP_009030901.1                               80.73%    passed     82.41%
  18  Eukaryota-Apicomplexa-Aconoidasida-Piroplasmida-Theileriidae-Theileria_orientalis_XP_009691426.1                         77.07%    passed      9.80%
  19  Eukaryota-Apicomplexa-Conoidasida-Eucoccidiorida-Sarcocystidae-Besnoitia_besnoiti_XP_029219836.1                         62.01%    failed      0.00%
  20  Eukaryota-Apicomplexa-Conoidasida-Eucoccidiorida-Sarcocystidae-Neospora_caninum_XP_003884547.1                           63.48%    failed      0.00%
  21  Eukaryota-Apusomonadidae-NA-NA-NA-Thecamonas_trahens_XP_013758574.1                                                      75.77%    failed      0.00%
  22  Eukaryota-Arthropoda-Insecta-Coleoptera-Buprestidae-Agrilus_planipennis_XP_018333886.1                                   76.39%    passed     20.42%
  23  Eukaryota-Arthropoda-Insecta-Diptera-Drosophilidae-Drosophila_arizonae_XP_017871207.1                                    76.19%    passed      8.82%
  24  Eukaryota-Arthropoda-Insecta-Hemiptera-Cimicidae-Cimex_lectularius_XP_014246157.1                                        77.51%    passed     73.43%
  25  Eukaryota-Ascomycota-Dothideomycetes-Pleosporales-Pleosporaceae-Bipolaris_maydis_XP_014081437.1                          68.17%    failed      1.58%
  26  Eukaryota-Ascomycota-Dothideomycetes-Undefined-Undefined-Cochliobolus_heterostrophus_C5_jgi81933                         70.67%    passed     20.23%
  27  Eukaryota-Ascomycota-Orbiliomycetes-Orbiliales-Orbiliaceae-Arthrobotrys_oligospora_XP_011127844.1                        68.20%    failed      2.47%
  28  Eukaryota-Basidiomycota-Exobasidiomycetes-Exobasidiales-Brachybasidiaceae-Meira_miltonrushii_XP_025353640.1              73.27%    passed     23.20%
  29  Eukaryota-Basidiomycota-Exobasidiomycetes-Exobasidiales-Cryptobasidiaceae-Acaromyces_ingoldii_XP_025380823.1             73.15%    passed     20.88%
  30  Eukaryota-Basidiomycota-Wallemiomycetes-Wallemiales-Wallemiaceae-Wallemia_mellicola_XP_006958315.1                       75.30%    failed      2.80%
  31  Eukaryota-Cercozoa-Chlorarachniophyceae-NA-NA-Chlorarachnion_reptans_MMETSP0109_c9079_g1_i1.p1                           75.27%    passed      8.54%
  32  Eukaryota-Cercozoa-Chlorarachniophyceae-NA-NA-Lotharella_globosa_MMETSP0111_c15135_g2_i1.p1                              81.17%    passed     61.54%
  33  Eukaryota-Cercozoa-Chlorarachniophyceae-NA-NA-Partenskyella_glossopodia_MMETSP1318_c4066_g1_i1.p1                        76.66%    passed     19.45%
  34  Eukaryota-Chlorophyta-NA-NA-NA-Picocystis_salinarum_MMETSP0807_c2583_g1_i1.p1                                            75.33%    passed     12.03%
  35  Eukaryota-Chlorophyta-NA-NA-NA-Tetraselmis_chuii_MMETSP0491_c33743_g1_i1.p1                                              71.62%    passed      8.56%
  36  Eukaryota-Chlorophyta-NA-Pyramimonadales-NA-Pyramimonas_sp_MMETSP1445_c11083_g1_i1.p1                                    71.56%    passed     45.64%
  37  Eukaryota-Choanoflagellata-Choanoflagellata-Choanoflagellata-NA-Acanthoeca_sp_MMETSP0105_c762_g1_i1.p1                   74.74%    passed     72.55%
  38  Eukaryota-Choanoflagellata-Choanoflagellata-Choanoflagellata-Salpingoecidae-Monosiga_brevicollis_XP_001749767.1          75.24%    failed      3.47%
  39  Eukaryota-Choanoflagellata-Choanoflagellata-Choanoflagellata-Salpingoecidae-Salpingoeca_rosetta_XP_004992756.1           76.39%    passed     29.43%
  40  Eukaryota-Chordata-Chondrichthyes-Chimaeriformes-Callorhinchidae-Callorhinchus_milii_XP_007897682.1                      76.39%    passed     11.90%
  41  Eukaryota-Chordata-Mammalia-Perissodactyla-Equidae-Equus_asinus_XP_014690625.1                                           75.69%    failed      2.61%
  42  Eukaryota-Chordata-Mammalia-Proboscidea-Elephantidae-Loxodonta_africana_XP_010587847.1                                   75.42%    failed      2.35%
  43  Eukaryota-Chromeraceae-NA-NA-NA-Chromera_velia_MMETSP0290_c4161_g1_i1.p1                                                 67.55%    failed      0.01%
  44  Eukaryota-Chromeraceae-NA-NA-NA-Vitrella_brassicaformis_MMETSP1451_c14462_g1_i1.p1                                       92.19%    passed     35.91%
  45  Eukaryota-Chytridiomycota-Chytridiomycetes-Rhizophydiales-NA-Batrachochytrium_dendrobatidis_jgi599                       81.28%    passed     67.25%
  46  Eukaryota-Chytridiomycota-Chytridiomycetes-Spizellomycetales-Spizellomycetaceae-Spizellomyces_punctatus_XP_016605090.1   71.88%    passed     35.55%
  47  Eukaryota-Ciliophora-NA-Unranked-NA-Climacostomum_virens_MMETSP1397_c7339_g1_i1.p1                                       79.87%    passed     27.77%
  48  Eukaryota-Ciliophora-NA-Unranked-NA-Fabrea_salina_MMETSP1345_c2598_g1_i1.p1                                              78.37%    failed      1.93%
  49  Eukaryota-Ciliophora-NA-Unranked-NA-Tiarina_fusus_MMETSP0472_c12663_g1_i1.p1                                             79.52%    failed      1.26%
  50  Eukaryota-Cnidaria-Anthozoa-Alcyonacea-Nephtheidae-Dendronephthya_gigantea_XP_028401670.1                                77.57%    passed     24.05%
  51  Eukaryota-Cnidaria-Anthozoa-Scleractinia-Acroporidae-Acropora_millepora_XP_029206093.1                                   76.75%    passed     58.27%
  52  Eukaryota-Cnidaria-Hydrozoa-Anthoathecata-Hydridae-Hydra_magnipapillata_jgiHma2213804                                    84.59%    failed      1.06%
  53  Eukaryota-Cryptophyta-NA-Cryptomonadales-Cryptomonadaceae-Cryptomonas_paramecium_MMETSP0038_c41415_g1_i1.p1              83.29%    passed     71.78%
  54  Eukaryota-Cryptophyta-NA-Cryptomonadales-Hemiselmidaceae-Hemiselmis_andersenii_MMETSP1042_c12532_g1_i1.p1                78.81%    passed     94.07%
  55  Eukaryota-Cryptophyta-NA-Pyrenomonadales-NA-Geminigera_cryophila_MMETSP0799_c10393_g1_i1.p1                              78.96%    passed     98.22%
  56  Eukaryota-Dictyosteliales-Dictyosteliales-Dictyosteliales-Dictyosteliaceae-Dictyostelium_discoideum_XP_629711.1          76.72%    failed      0.00%
  57  Eukaryota-Echinodermata-Asteroidea-Valvatida-Acanthasteridae-Acanthaster_planci_XP_022107454.1                           75.18%    passed     25.86%
  58  Eukaryota-Entamoebidae-NA-NA-NA-Entamoeba_nuttalli_XP_008860217.1                                                        62.84%    failed      0.00%
  59  Eukaryota-Euglenida-NA-Eutreptiales-NA-Eutreptiella_gymnastica_MMETSP0039_c21372_g1_i1.p1                                61.48%    failed      0.00%
  60  Eukaryota-Euglenida-NA-NA-Unranked-Neobodo_designis_MMETSP1114_c6109_g1_i1.p1                                            53.67%    failed      0.00%
  61  Eukaryota-Fonticulida-Fonticulida-Fonticulida-Fonticulaceae-Fonticula_alba_XP_009497770.1                                64.96%    failed      0.00%
  62  Eukaryota-Glaucophyta-Glaucophyta-Gloeochaetales-Gloeochaetaceae-Gloeochaete_witrockiana_MMETSP0308_c37940_g1_i1.p1      74.89%    failed      3.06%
  63  Eukaryota-Glaucophyta-Glaucophyta-NA-Cyanophoraceae-Cyanophora_paradoxa_tig00001694_g9567.t1                             74.71%    failed      0.00%
  64  Eukaryota-Haptophyta-NA-Phaeocystales-Phaeocystaceae-Phaeocystis_cordata_MMETSP1465_c6077_g1_i1.p2                       84.38%    passed     31.33%
  65  Eukaryota-Haptophyta-NA-Prymnesiales-NA-Chrysochromulina_polylepis_MMETSP0143_c42361_g1_i1.p1                            79.34%    passed      6.89%
  66  Eukaryota-Haptophyta-NA-Prymnesiales-NA-Imantonia_sp_MMETSP1474_c32704_g1_i1.p1                                          79.61%    failed      2.25%
  67  Eukaryota-Heterolobosea-NA-NA-NA-Percolomonas_cosmopolitus_MMETSP0759_c7490_g1_i1.p1                                     72.80%    failed      1.44%
  68  Eukaryota-Heterolobosea-NA-NA-Vahlkampfiidae-Naegleria_gruberi_jgi473                                                    85.35%    passed      6.60%
  69  Eukaryota-Kinetoplastida-Kinetoplastida-Kinetoplastida-Trypanosomatidae-Leishmania_panamensis_XP_010702884.1             56.65%    failed      1.76%
  70  Eukaryota-Kinetoplastida-Kinetoplastida-Kinetoplastida-Trypanosomatidae-Leptomonas_pyrrhocoris_XP_015665035.1            56.68%    failed      0.02%
  71  Eukaryota-Kinetoplastida-Kinetoplastida-Kinetoplastida-Trypanosomatidae-Trypanosoma_conorhini_XP_029229877.1             54.94%    failed      0.00%
  72  Eukaryota-Longamoebia-Longamoebia-Longamoebia-Acanthamoebidae-Acanthamoeba_castellanii_XP_004339845.1                    60.74%    passed     65.93%
  73  Eukaryota-Mesomycetozoea-Ichthyosporea-Ichthyophonida-NA-Sphaeroforma_arctica_XP_014161517.1                             79.99%    passed     96.11%
  74  Eukaryota-Mesomycetozoea-Ichthyosporea-NA-NA-Capsaspora_owczarzaki_XP_004342384.2                                        67.52%    failed      0.00%
  75  Eukaryota-Microsporidia-NA-NA-NA-Mitosporidium_daphniae_XP_013236442.1                                                   81.52%    failed      0.09%
  76  Eukaryota-Microsporidia-NA-NA-NA-Nematocida_parisii_XP_013058166.1                                                       82.58%    failed      0.01%
  77  Eukaryota-Microsporidia-NA-NA-Pleistophoridae-Vavraia_culicis_XP_008075518.1                                             74.42%    failed      0.00%
  78  Eukaryota-Mollusca-Bivalvia-Ostreoida-Ostreidae-Crassostrea_virginica_XP_022320813.1                                     77.42%    failed      1.79%
  79  Eukaryota-Mollusca-Bivalvia-Pectinoida-Pectinidae-Mizuhopecten_yessoensis_XP_021362568.1                                 75.51%    passed     26.84%
  80  Eukaryota-Mollusca-Gastropoda-NA-Lottiidae-Lottia_gigantea_jgi137775                                                     77.63%    passed     23.45%
  81  Eukaryota-Mucorales-Mucoraceae-Undefined-Undefined-Mucor_circinelloides_jgi92434                                         76.45%    passed     27.72%
  82  Eukaryota-Mucoromycota-Mortierellomycetes-Mortierellales-Mortierellaceae-Lobosporangium_transversale_XP_021883326.1      77.13%    passed     81.57%
  83  Eukaryota-Mucoromycota-Mucoromycetes-Mucorales-Phycomycetaceae-Phycomyces_blakesleeanus_jgi10512                         81.40%    passed     29.71%
  84  Eukaryota-Mucoromycota-Mucoromycetes-Mucorales-Rhizopodaceae-Rhizopus_microsporus_XP_023471158.1                         76.89%    passed     39.21%
  85  Eukaryota-Nematoda-Chromadorea-Rhabditida-Onchocercidae-Loa_loa_XP_020307504.1                                           74.51%    passed     52.53%
  86  Eukaryota-Nematoda-Chromadorea-Rhabditida-Rhabditidae-Caenorhabditis_elegans_NP_001040752.2                              75.04%    passed     25.21%
  87  Eukaryota-Nematoda-Chromadorea-Strongylida-Ancylostomatidae-Necator_americanus_XP_013305661.1                            78.22%    passed     90.27%
  88  Eukaryota-Palpitomonas-NA-NA-NA-Palpitomonas_bilix_MMETSP0780_c13795_g1_i1.p1                                            80.96%    passed     98.58%
  89  Eukaryota-Perkinsozoa-NA-Perkinsida-Perkinsidae-Perkinsus_marinus_XP_002767159.1                                         81.05%    passed     96.10%
  90  Eukaryota-Placozoa-NA-NA-Trichoplacidae-Trichoplax_adhaerens_XP_002117951.1                                              80.61%    failed      3.85%
  91  Eukaryota-Priapulida-Priapulimorpha-Priapulimorphida-Priapulidae-Priapulus_caudatus_XP_014673024.1                       82.02%    failed      0.00%
  92  Eukaryota-Retaria-NA-NA-NA-Ammonia_sp_MMETSP1384_c19984_g2_i1.p1                                                         71.38%    passed     10.59%
  93  Eukaryota-Retaria-NA-NA-NA-Elphidium_margaritaceum_MMETSP1385_c18364_g1_i1.p1                                            71.65%    failed      4.70%
  94  Eukaryota-Retaria-NA-NA-NA-Sorites_sp_MMETSP0191_c27907_g1_i1.p1                                                         77.98%    failed      0.00%
  95  Eukaryota-Rhodophyta-Bangiophyceae-Cyanidiales-Cyanidiaceae-Cyanidioschyzon_merolae_CmerSOOS_G2020.1                     77.25%    passed      7.70%
  96  Eukaryota-Rhodophyta-Bangiophyceae-Cyanidiales-Cyanidiaceae-Galdieria_sulphuraria_GsulpAzora_G1468.1                     78.63%    passed     33.44%
  97  Eukaryota-Rhodophyta-Bangiophyceae-NA-NA-Rhodosorus_marinus_MMETSP0011_c5863_g1_i3.p1                                    78.28%    passed     96.78%
  98  Eukaryota-Stramenopiles-NA-Bicosoecida-Cafeteriaceae-Cafeteria_sp_MMETSP1104_c5828_g1_i1.p1                              75.83%    failed      0.42%
  99  Eukaryota-Stramenopiles-NA-NA-NA-Pelagomonas_calceolata_MMETSP0889_c390_g1_i1.p1                                         68.38%    failed      0.00%
 100  Eukaryota-Stramenopiles-Oomycetes-Saprolegniales-Saprolegniaceae-Saprolegnia_parasitica_XP_012196959.1                   79.46%    passed     51.11%
 101  Eukaryota-Streptophyta-Liliopsida-Arecales-Arecaceae-Elaeis_guineensis_XP_010937877.2                                    74.09%    passed     65.53%
 102  Eukaryota-Streptophyta-Liliopsida-Poales-Poaceae-Brachypodium_distachyon_XP_024316097.1                                  75.01%    passed     44.79%
 103  Eukaryota-Streptophyta-NA-Malpighiales-Euphorbiaceae-Hevea_brasiliensis_XP_021691049.1                                   74.83%    passed     81.67%
 104  MSTRG.16814.2.p1                                                                                                         84.88%    passed     28.12%
WARNING: 104 sequences contain more than 50% gaps/ambiguity
****  TOTAL                                                                                                                    76.16%  46 sequences failed composition chi2 test (p-value<5%; df=19)


Create initial parsimony tree by phylogenetic likelihood library (PLL)... 0.246 seconds
NOTE: ModelFinder requires 494 MB RAM!
ModelFinder will test 546 protein models (sample size: 3393) ...
 No. Model         -LnL         df  AIC          AICc         BIC
Measuring multi-threading efficiency up to 2 CPU cores
8 trees examined
Threads: 1 / Time: 2.366 sec / Speedup: 1.000 / Efficiency: 100% / LogL: -172287
Threads: 2 / Time: 1.799 sec / Speedup: 1.315 / Efficiency: 66% / LogL: -172287
BEST NUMBER OF THREADS: 2

  1  Dayhoff       145726.748   205 291863.495   291889.997   293120.037
  2  Dayhoff+I     145032.535   206 290477.070   290503.839   291739.741
  3  Dayhoff+G4    136656.457   206 273724.914   273751.683   274987.585
  4  Dayhoff+I+G4  136580.053   207 273574.105   273601.142   274842.906
  5  Dayhoff+R2    138371.945   207 277157.889   277184.926   278426.690
  6  Dayhoff+R3    136965.836   209 274349.672   274377.249   275630.731
  7  Dayhoff+R4    136513.192   211 273448.384   273476.509   274741.702
  8  Dayhoff+R5    136332.364   213 273090.728   273119.405   274396.305
  9  Dayhoff+R6    136261.168   215 272952.336   272981.571   274270.172
 10  Dayhoff+R7    136204.167   217 272842.335   272872.134   274172.430
 11  Dayhoff+R8    136168.377   219 272774.754   272805.123   274117.108
 12  Dayhoff+R9    136143.193   221 272728.385   272759.329   274082.998
 13  Dayhoff+R10   136128.181   223 272702.362   272733.888   274069.234
 14  Dayhoff+F     145239.283   224 290926.566   290958.384   292299.567
 15  Dayhoff+F+I   144551.648   225 289553.296   289585.408   290932.426
 16  Dayhoff+F+G4  136054.982   225 272559.964   272592.076   273939.095
 17  Dayhoff+F+I+G4 135979.968   226 272411.936   272444.344   273797.196
 18  Dayhoff+F+R2  137716.202   226 275884.403   275916.811   277269.663
 19  Dayhoff+F+R3  136332.785   228 273121.570   273154.574   274519.089
 20  Dayhoff+F+R4  135885.911   230 272231.821   272265.426   273641.599
 21  Dayhoff+F+R5  135711.279   232 271886.559   271920.771   273308.596
 22  Dayhoff+F+R6  135636.931   234 271741.862   271776.688   273176.158
 23  Dayhoff+F+R7  135591.235   236 271654.469   271689.914   273101.024
 24  Dayhoff+F+R8  135557.029   238 271590.058   271626.128   273048.872
 25  Dayhoff+F+R9  135530.924   240 271541.849   271578.549   273012.921
 26  Dayhoff+F+R10 135514.232   242 271512.463   271549.801   272995.795
 27  mtMAM         160986.130   205 322382.260   322408.762   323638.801
 28  mtMAM+I       160559.037   206 321530.073   321556.842   322792.744
 29  mtMAM+G4      145018.770   206 290449.539   290476.308   291712.210
 30  mtMAM+I+G4    145002.515   207 290419.031   290446.068   291687.831
 31  mtMAM+R2      148445.188   207 297304.375   297331.412   298573.176
 32  mtMAM+R3      146190.332   209 292798.664   292826.241   294079.723
 33  mtMAM+R4      145358.169   211 291138.338   291166.462   292431.656
 34  mtMAM+R5      144914.041   213 290254.082   290282.759   291559.659
 35  mtMAM+R6      144684.520   215 289799.041   289828.276   291116.877
 36  mtMAM+R7      144536.397   217 289506.794   289536.593   290836.889
 37  mtMAM+R8      144445.351   219 289328.703   289359.072   290671.057
 38  mtMAM+R9      144372.242   221 289186.483   289217.427   290541.096
 39  mtMAM+R10     144319.629   223 289085.258   289116.783   290452.130
 40  mtMAM+F       153194.386   224 306836.772   306868.590   308209.773
 41  mtMAM+F+I     152651.510   225 305753.021   305785.133   307132.151
 42  mtMAM+F+G4    139841.217   225 280132.434   280164.547   281511.565
 43  mtMAM+F+I+G4  139794.217   226 280040.434   280072.842   281425.694
 44  mtMAM+F+R2    142793.337   226 286038.675   286071.083   287423.935
 45  mtMAM+F+R3    140841.431   228 282138.861   282171.865   283536.380
 46  mtMAM+F+R4    140141.110   230 280742.220   280775.825   282151.998
 47  mtMAM+F+R5    139786.216   232 280036.432   280070.645   281458.469
 48  mtMAM+F+R6    139607.675   234 279683.349   279718.175   281117.645
 49  mtMAM+F+R7    139499.261   236 279470.522   279505.967   280917.077
 50  mtMAM+F+R8    139424.108   238 279324.216   279360.285   280783.029
 51  mtMAM+F+R9    139357.516   240 279195.032   279231.733   280666.105
 52  mtMAM+F+R10   139313.249   242 279110.499   279147.836   280593.830
 53  JTT           144930.953   205 290271.905   290298.406   291528.446
 54  JTT+I         144308.880   206 289029.759   289056.528   290292.430
 55  JTT+G4        135955.300   206 272322.601   272349.369   273585.271
 56  JTT+I+G4      135887.018   207 272188.035   272215.072   273456.835
 57  JTT+R2        137478.599   207 275371.198   275398.235   276639.998
 58  JTT+R3        136176.735   209 272771.469   272799.047   274052.529
 59  JTT+R4        135759.875   211 271941.750   271969.875   273235.069
 60  JTT+R5        135610.585   213 271647.170   271675.847   272952.747
 61  JTT+R6        135530.216   215 271490.432   271519.667   272808.268
 62  JTT+R7        135490.738   217 271415.476   271445.276   272745.571
 63  JTT+R8        135470.431   219 271378.862   271409.230   272721.216
 64  JTT+R9        135453.280   221 271348.561   271379.505   272703.174
 65  JTT+R10       135445.012   223 271336.024   271367.549   272702.896
 66  JTT+F         144863.089   224 290174.178   290205.996   291547.179
 67  JTT+F+I       144234.093   225 288918.186   288950.299   290297.317
 68  JTT+F+G4      135881.906   225 272213.812   272245.924   273592.943
 69  JTT+F+I+G4    135816.418   226 272084.836   272117.244   273470.096
 70  JTT+F+R2      137383.786   226 275219.572   275251.980   276604.832
 71  JTT+F+R3      136091.900   228 272639.799   272672.803   274037.318
 72  JTT+F+R4      135663.184   230 271786.369   271819.974   273196.147
 73  JTT+F+R5      135519.311   232 271502.623   271536.836   272924.660
 74  JTT+F+R6      135447.368   234 271362.737   271397.563   272797.033
 75  JTT+F+R7      135412.596   236 271297.192   271332.637   272743.747
 76  JTT+F+R8      135393.735   238 271263.471   271299.540   272722.285
 77  JTT+F+R9      135377.405   240 271234.810   271271.510   272705.882
 78  JTT+F+R10     135368.696   242 271221.391   271258.728   272704.723
 79  WAG           143458.669   205 287327.338   287353.839   288583.879
 80  WAG+I         142877.851   206 286167.703   286194.471   287430.373
 81  WAG+G4        135225.582   206 270863.163   270889.932   272125.834
 82  WAG+I+G4      135160.787   207 270735.573   270762.610   272004.374
 83  WAG+R2        136632.681   207 273679.362   273706.398   274948.162
 84  WAG+R3        135382.537   209 271183.073   271210.651   272464.133
 85  WAG+R4        135004.380   211 270430.760   270458.885   271724.079
 86  WAG+R5        134869.711   213 270165.422   270194.099   271470.999
 87  WAG+R6        134794.352   215 270018.704   270047.940   271336.540
 88  WAG+R7        134764.767   217 269963.533   269993.332   271293.628
 89  WAG+R8        134749.409   219 269936.817   269967.186   271279.171
 90  WAG+R9        134737.292   221 269916.585   269947.529   271271.198
 91  WAG+R10       134729.207   223 269904.414   269935.939   271271.285
 92  WAG+F         143494.181   224 287436.362   287468.180   288809.363
 93  WAG+F+I       142916.999   225 286283.998   286316.110   287663.128
 94  WAG+F+G4      135173.903   225 270797.806   270829.918   272176.936
 95  WAG+F+I+G4    135114.063   226 270680.126   270712.534   272065.386
 96  WAG+F+R2      136585.727   226 273623.453   273655.861   275008.713
 97  WAG+F+R3      135323.308   228 271102.616   271135.620   272500.136
 98  WAG+F+R4      134935.532   230 270331.065   270364.670   271740.843
 99  WAG+F+R5      134804.244   232 270072.488   270106.700   271494.525
100  WAG+F+R6      134734.239   234 269936.479   269971.305   271370.775
101  WAG+F+R7      134708.247   236 269888.493   269923.938   271335.048
102  WAG+F+R8      134693.847   238 269863.693   269899.763   271322.507
103  WAG+F+R9      134679.678   240 269839.356   269876.057   271310.429
104  WAG+F+R10     134670.014   242 269824.027   269861.364   271307.359
105  cpREV         145130.477   205 290670.955   290697.456   291927.496
106  cpREV+I       144534.239   206 289480.477   289507.246   290743.148
107  cpREV+G4      136579.248   206 273570.495   273597.263   274833.166
108  cpREV+I+G4    136512.042   207 273438.085   273465.121   274706.885
109  cpREV+R2      138047.802   207 276509.604   276536.641   277778.405
110  cpREV+R3      136816.237   209 274050.473   274078.051   275331.532
111  cpREV+R4      136383.625   211 273189.250   273217.375   274482.568
112  cpREV+R5      136223.372   213 272872.745   272901.422   274178.322
113  cpREV+R6      136149.493   215 272728.985   272758.221   274046.821
114  cpREV+R7      136110.378   217 272654.757   272684.556   273984.852
115  cpREV+R8      136089.255   219 272616.510   272646.879   273958.864
116  cpREV+R9      136071.784   221 272585.568   272616.512   273940.180
117  cpREV+R10     136063.014   223 272572.027   272603.553   273938.899
118  cpREV+F       144925.169   224 290298.339   290330.157   291671.340
119  cpREV+F+I     144274.309   225 288998.618   289030.730   290377.749
120  cpREV+F+G4    136086.659   225 272623.318   272655.430   274002.449
121  cpREV+F+I+G4  136015.989   226 272483.979   272516.387   273869.239
122  cpREV+F+R2    137688.321   226 275828.641   275861.049   277213.901
123  cpREV+F+R3    136384.821   228 273225.641   273258.645   274623.161
124  cpREV+F+R4    135926.201   230 272312.402   272346.007   273722.180
125  cpREV+F+R5    135763.255   232 271990.511   272024.724   273412.548
126  cpREV+F+R6    135684.538   234 271837.076   271871.902   273271.372
127  cpREV+F+R7    135639.582   236 271751.165   271786.610   273197.720
128  cpREV+F+R8    135613.685   238 271703.371   271739.440   273162.184
129  cpREV+F+R9    135590.945   240 271661.891   271698.591   273132.963
130  cpREV+F+R10   135578.343   242 271640.686   271678.024   273124.018
131  mtREV         154287.198   205 308984.396   309010.898   310240.938
132  mtREV+I       153868.866   206 308149.732   308176.500   309412.403
133  mtREV+G4      142538.910   206 285489.820   285516.588   286752.490
134  mtREV+I+G4    142510.258   207 285434.516   285461.552   286703.316
135  mtREV+R2      144447.556   207 289309.112   289336.149   290577.912
136  mtREV+R3      143057.713   209 286533.426   286561.003   287814.485
137  mtREV+R4      142487.963   211 285397.926   285426.050   286691.244
138  mtREV+R5      142240.861   213 284907.722   284936.399   286213.299
139  mtREV+R6      142116.195   215 284662.390   284691.625   285980.226
140  mtREV+R7      142058.426   217 284550.852   284580.651   285880.947
141  mtREV+R8      142028.168   219 284494.335   284524.704   285836.689
142  mtREV+R9      142005.039   221 284452.077   284483.021   285806.690
143  mtREV+R10     141993.327   223 284432.655   284464.180   285799.527
144  mtREV+F       147974.034   224 296396.067   296427.885   297769.068
145  mtREV+F+I     147433.930   225 295317.860   295349.972   296696.990
146  mtREV+F+G4    137520.361   225 275490.722   275522.834   276869.852
147  mtREV+F+I+G4  137466.176   226 275384.352   275416.760   276769.612
148  mtREV+F+R2    139540.989   226 279533.979   279566.387   280919.239
149  mtREV+F+R3    138032.403   228 276520.806   276553.810   277918.326
150  mtREV+F+R4    137522.711   230 275505.421   275539.027   276915.200
151  mtREV+F+R5    137276.732   232 275017.464   275051.677   276439.501
152  mtREV+F+R6    137158.252   234 274784.505   274819.330   276218.801
153  mtREV+F+R7    137097.730   236 274667.459   274702.904   276114.014
154  mtREV+F+R8    137064.014   238 274604.027   274640.097   276062.841
155  mtREV+F+R9    137035.919   240 274551.837   274588.538   276022.910
156  mtREV+F+R10   137018.706   242 274521.413   274558.750   276004.744
157  rtREV         144932.693   205 290275.386   290301.887   291531.927
158  rtREV+I       144421.917   206 289255.834   289282.602   290518.505
159  rtREV+G4      136256.980   206 272925.961   272952.729   274188.631
160  rtREV+I+G4    136198.528   207 272811.057   272838.094   274079.857
161  rtREV+R2      137738.180   207 275890.360   275917.397   277159.160
162  rtREV+R3      136444.717   209 273307.434   273335.012   274588.493
163  rtREV+R4      136081.181   211 272584.362   272612.487   273877.681
164  rtREV+R5      135911.886   213 272249.773   272278.450   273555.350
165  rtREV+R6      135846.177   215 272122.355   272151.590   273440.191
166  rtREV+R7      135812.503   217 272059.006   272088.805   273389.101
167  rtREV+R8      135793.051   219 272024.102   272054.471   273366.456
168  rtREV+R9      135776.296   221 271994.592   272025.536   273349.205
169  rtREV+R10     135767.415   223 271980.830   272012.356   273347.702
170  rtREV+F       144028.609   224 288505.218   288537.036   289878.219
171  rtREV+F+I     143517.204   225 287484.407   287516.520   288863.538
172  rtREV+F+G4    135137.930   225 270725.859   270757.971   272104.990
173  rtREV+F+I+G4  135082.017   226 270616.033   270648.441   272001.293
174  rtREV+F+R2    136675.994   226 273803.989   273836.397   275189.249
175  rtREV+F+R3    135337.733   228 271131.466   271164.470   272528.985
176  rtREV+F+R4    134962.854   230 270385.707   270419.313   271795.485
177  rtREV+F+R5    134788.938   232 270041.877   270076.089   271463.914
178  rtREV+F+R6    134716.887   234 269901.775   269936.600   271336.070
179  rtREV+F+R7    134685.666   236 269843.333   269878.778   271289.888
180  rtREV+F+R8    134670.568   238 269817.135   269853.205   271275.949
181  rtREV+F+R9    134657.116   240 269794.232   269830.933   271265.305
182  rtREV+F+R10   134649.376   242 269782.751   269820.089   271266.083
183  mtART         158956.922   205 318323.843   318350.345   319580.385
184  mtART+I       158517.153   206 317446.307   317473.075   318708.977
185  mtART+G4      144008.196   206 288428.392   288455.160   289691.063
186  mtART+I+G4    143980.857   207 288375.714   288402.751   289644.514
187  mtART+R2      146601.041   207 293616.081   293643.118   294884.881
188  mtART+R3      144923.436   209 290264.872   290292.450   291545.932
189  mtART+R4      144148.127   211 288718.255   288746.379   290011.573
190  mtART+R5      143785.774   213 287997.547   288026.224   289303.124
191  mtART+R6      143615.648   215 287661.296   287690.531   288979.132
192  mtART+R7      143508.756   217 287451.512   287481.312   288781.607
193  mtART+R8      143445.648   219 287329.296   287359.665   288671.650
194  mtART+R9      143391.169   221 287224.338   287255.282   288578.951
195  mtART+R10     143360.622   223 287167.244   287198.770   288534.116
196  mtART+F       150629.538   224 301707.077   301738.895   303080.078
197  mtART+F+I     150059.361   225 300568.722   300600.835   301947.853
198  mtART+F+G4    138044.761   225 276539.522   276571.635   277918.653
199  mtART+F+I+G4  137991.257   226 276434.513   276466.921   277819.773
200  mtART+F+R2    140471.856   226 281395.712   281428.120   282780.972
201  mtART+F+R3    138914.164   228 278284.327   278317.331   279681.846
202  mtART+F+R4    138220.035   230 276900.071   276933.676   278309.849
203  mtART+F+R5    137916.894   232 276297.788   276332.000   277719.825
204  mtART+F+R6    137756.467   234 275980.933   276015.759   277415.229
205  mtART+F+R7    137662.682   236 275797.363   275832.808   277243.918
206  mtART+F+R8    137607.370   238 275690.740   275726.810   277149.554
207  mtART+F+R9    137558.846   240 275597.691   275634.392   277068.764
208  mtART+F+R10   137529.994   242 275543.987   275581.324   277027.319
209  mtZOA         153964.469   205 308338.938   308365.440   309595.480
210  mtZOA+I       153508.679   206 307429.358   307456.127   308692.029
211  mtZOA+G4      140827.726   206 282067.452   282094.220   283330.122
212  mtZOA+I+G4    140799.360   207 282012.720   282039.757   283281.520
213  mtZOA+R2      142945.956   207 286305.912   286332.949   287574.713
214  mtZOA+R3      141447.706   209 283313.412   283340.989   284594.471
215  mtZOA+R4      140813.803   211 282049.606   282077.730   283342.924
216  mtZOA+R5      140524.773   213 281475.546   281504.223   282781.123
217  mtZOA+R6      140388.432   215 281206.863   281236.098   282524.699
218  mtZOA+R7      140321.860   217 281077.721   281107.520   282407.816
219  mtZOA+R8      140288.536   219 281015.072   281045.441   282357.426
220  mtZOA+R9      140260.411   221 280962.822   280993.766   282317.435
221  mtZOA+R10     140243.757   223 280933.514   280965.039   282300.386
222  mtZOA+F       147975.742   224 296399.485   296431.303   297772.486
223  mtZOA+F+I     147375.361   225 295200.722   295232.834   296579.852
224  mtZOA+F+G4    136725.571   225 273901.142   273933.255   275280.273
225  mtZOA+F+I+G4  136661.640   226 273775.279   273807.687   275160.539
226  mtZOA+F+R2    138816.468   226 278084.937   278117.345   279470.197
227  mtZOA+F+R3    137382.263   228 275220.526   275253.529   276618.045
228  mtZOA+F+R4    136770.276   230 274000.553   274034.158   275410.331
229  mtZOA+F+R5    136518.269   232 273500.538   273534.751   274922.575
230  mtZOA+F+R6    136401.421   234 273270.842   273305.668   274705.138
231  mtZOA+F+R7    136338.455   236 273148.909   273184.354   274595.464
232  mtZOA+F+R8    136295.908   238 273067.817   273103.887   274526.631
233  mtZOA+F+R9    136252.893   240 272985.786   273022.486   274456.859
234  mtZOA+F+R10   136228.723   242 272941.445   272978.782   274424.777
235  VT            143092.414   205 286594.828   286621.329   287851.369
236  VT+I          142551.864   206 285515.729   285542.497   286778.399
237  VT+G4         135309.717   206 271031.435   271058.203   272294.105
238  VT+I+G4       135250.528   207 270915.055   270942.092   272183.855
239  VT+R2         136563.049   207 273540.098   273567.135   274808.898
240  VT+R3         135385.668   209 271189.335   271216.913   272470.394
241  VT+R4         135045.908   211 270513.817   270541.941   271807.135
242  VT+R5         134934.916   213 270295.832   270324.509   271601.409
243  VT+R6         134877.899   215 270185.798   270215.033   271503.634
244  VT+R7         134855.280   217 270144.559   270174.358   271474.654
245  VT+R8         134843.596   219 270125.193   270155.561   271467.546
246  VT+R9         134833.640   221 270109.279   270140.224   271463.892
247  VT+R10        134829.183   223 270104.365   270135.891   271471.237
248  VT+F          143028.917   224 286505.835   286537.653   287878.836
249  VT+F+I        142482.631   225 285415.263   285447.375   286794.393
250  VT+F+G4       135280.580   225 271011.161   271043.273   272390.291
251  VT+F+I+G4     135221.970   226 270895.940   270928.348   272281.200
252  VT+F+R2       136516.508   226 273485.017   273517.425   274870.277
253  VT+F+R3       135336.933   228 271129.866   271162.870   272527.385
254  VT+F+R4       134997.209   230 270454.419   270488.024   271864.197
255  VT+F+R5       134896.155   232 270256.309   270290.522   271678.346
256  VT+F+R6       134845.146   234 270158.292   270193.117   271592.588
257  VT+F+R7       134823.592   236 270119.183   270154.628   271565.738
258  VT+F+R8       134812.087   238 270100.175   270136.244   271558.988
259  VT+F+R9       134802.427   240 270084.853   270121.554   271555.926
260  VT+F+R10      134798.055   242 270080.111   270117.448   271563.442
261  LG            144108.881   205 288627.763   288654.264   289884.304
262  LG+I          143570.630   206 287553.261   287580.029   288815.932
263  LG+G4         134882.735   206 270177.469   270204.238   271440.140
264  LG+I+G4       134822.680   207 270059.360   270086.396   271328.160
265  LG+R2         136490.730   207 273395.461   273422.497   274664.261
266  LG+R3         135130.903   209 270679.805   270707.383   271960.864
267  LG+R4         134747.728   211 269917.456   269945.581   271210.774
268  LG+R5         134564.560   213 269555.120   269583.797   270860.697
269  LG+R6         134486.006   215 269402.012   269431.247   270719.848
270  LG+R7         134452.618   217 269339.237   269369.036   270669.331
271  LG+R8         134433.767   219 269305.533   269335.902   270647.887
272  LG+R9         134414.415   221 269270.830   269301.774   270625.443
273  LG+R10        134402.962   223 269251.923   269283.448   270618.795
274  LG+F          143975.545   224 288399.090   288430.909   289772.092
275  LG+F+I        143426.294   225 287302.587   287334.699   288681.718
276  LG+F+G4       134807.046   225 270064.093   270096.205   271443.223
277  LG+F+I+G4     134747.215   226 269946.429   269978.838   271331.690
278  LG+F+R2       136401.552   226 273255.104   273287.512   274640.364
279  LG+F+R3       135026.402   228 270508.805   270541.809   271906.324
280  LG+F+R4       134635.346   230 269730.693   269764.298   271140.471
281  LG+F+R5       134458.814   232 269381.627   269415.840   270803.664
282  LG+F+R6       134385.246   234 269238.492   269273.318   270672.788
283  LG+F+R7       134353.113   236 269178.226   269213.671   270624.781
284  LG+F+R8       134336.443   238 269148.885   269184.955   270607.699
285  LG+F+R9       134322.119   240 269124.237   269160.938   270595.310
286  LG+F+R10      134313.787   242 269111.573   269148.910   270594.905
287  DCMut         145706.256   205 291822.511   291849.013   293079.052
288  DCMut+I       145013.316   206 290438.632   290465.400   291701.303
289  DCMut+G4      136655.086   206 273722.172   273748.941   274984.843
290  DCMut+I+G4    136578.849   207 273571.698   273598.735   274840.498
291  DCMut+R2      138305.700   207 277025.401   277052.438   278294.201
292  DCMut+R3      136949.605   209 274317.211   274344.789   275598.270
293  DCMut+R4      136510.929   211 273443.857   273471.982   274737.175
294  DCMut+R5      136343.665   213 273113.330   273142.007   274418.908
295  DCMut+R6      136263.469   215 272956.937   272986.173   274274.773
296  DCMut+R7      136221.677   217 272877.353   272907.152   274207.448
297  DCMut+R8      136195.125   219 272828.250   272858.619   274170.604
298  DCMut+R9      136170.318   221 272782.635   272813.580   274137.248
299  DCMut+R10     136156.217   223 272758.433   272789.958   274125.305
300  DCMut+F       145218.284   224 290884.569   290916.387   292257.570
301  DCMut+F+I     144532.058   225 289514.116   289546.229   290893.247
302  DCMut+F+G4    136053.119   225 272556.238   272588.350   273935.369
303  DCMut+F+I+G4  135978.183   226 272408.367   272440.775   273793.627
304  DCMut+F+R2    137670.418   226 275792.835   275825.244   277178.096
305  DCMut+F+R3    136317.020   228 273090.040   273123.043   274487.559
306  DCMut+F+R4    135883.492   230 272226.983   272260.589   273636.761
307  DCMut+F+R5    135721.907   232 271907.814   271942.027   273329.851
308  DCMut+F+R6    135644.123   234 271756.246   271791.072   273190.542
309  DCMut+F+R7    135604.602   236 271681.203   271716.648   273127.758
310  DCMut+F+R8    135580.155   238 271636.311   271672.380   273095.124
311  DCMut+F+R9    135554.511   240 271589.021   271625.722   273060.094
312  DCMut+F+R10   135538.944   242 271561.888   271599.225   273045.220
313  PMB           143549.962   205 287509.923   287536.425   288766.465
314  PMB+I         143053.183   206 286518.366   286545.134   287781.037
315  PMB+G4        135937.103   206 272286.206   272312.974   273548.877
316  PMB+I+G4      135881.195   207 272176.391   272203.427   273445.191
317  PMB+R2        137088.982   207 274591.965   274619.001   275860.765
318  PMB+R3        135942.163   209 272302.327   272329.904   273583.386
319  PMB+R4        135639.519   211 271701.038   271729.162   272994.356
320  PMB+R5        135515.925   213 271457.850   271486.527   272763.427
321  PMB+R6        135477.380   215 271384.760   271413.996   272702.596
322  PMB+R7        135464.758   217 271363.517   271393.316   272693.612
323  PMB+R8        135459.215   219 271356.430   271386.799   272698.784
326  PMB+F         143415.574   224 287279.148   287310.966   288652.149
327  PMB+F+I       142891.601   225 286233.202   286265.314   287612.333
328  PMB+F+G4      135780.733   225 272011.467   272043.579   273390.597
329  PMB+F+I+G4    135724.711   226 271901.422   271933.830   273286.682
330  PMB+F+R2      136975.972   226 274403.943   274436.351   275789.203
331  PMB+F+R3      135812.250   228 272080.501   272113.505   273478.020
332  PMB+F+R4      135492.936   230 271445.872   271479.478   272855.650
333  PMB+F+R5      135379.621   232 271223.242   271257.454   272645.279
334  PMB+F+R6      135337.090   234 271142.180   271177.006   272576.476
335  PMB+F+R7      135322.851   236 271117.701   271153.146   272564.256
336  PMB+F+R8      135315.917   238 271107.834   271143.904   272566.648
339  HIVb          149905.130   205 300220.261   300246.762   301476.802
340  HIVb+I        149167.793   206 298747.586   298774.354   300010.257
341  HIVb+G4       138925.826   206 278263.652   278290.420   279526.323
342  HIVb+I+G4     138846.518   207 278107.036   278134.072   279375.836
343  HIVb+R2       140752.123   207 281918.247   281945.284   283187.047
344  HIVb+R3       139262.670   209 278943.340   278970.918   280224.400
345  HIVb+R4       138796.397   211 278014.795   278042.919   279308.113
346  HIVb+R5       138578.879   213 277583.758   277612.435   278889.336
347  HIVb+R6       138479.111   215 277388.221   277417.456   278706.057
348  HIVb+R7       138433.931   217 277301.863   277331.662   278631.958
349  HIVb+R8       138411.449   219 277260.897   277291.266   278603.251
350  HIVb+R9       138382.662   221 277207.325   277238.269   278561.938
351  HIVb+R10      138370.112   223 277186.223   277217.749   278553.095
352  HIVb+F        149504.868   224 299457.736   299489.554   300830.737
353  HIVb+F+I      148741.878   225 297933.757   297965.869   299312.888
354  HIVb+F+G4     138083.336   225 276616.672   276648.785   277995.803
355  HIVb+F+I+G4   138015.629   226 276483.259   276515.667   277868.519
356  HIVb+F+R2     140055.196   226 280562.392   280594.800   281947.652
357  HIVb+F+R3     138469.933   228 277395.866   277428.870   278793.385
358  HIVb+F+R4     137995.108   230 276450.217   276483.822   277859.995
359  HIVb+F+R5     137743.972   232 275951.943   275986.156   277373.980
360  HIVb+F+R6     137635.907   234 275739.814   275774.640   277174.110
361  HIVb+F+R7     137588.872   236 275649.745   275685.190   277096.300
362  HIVb+F+R8     137565.072   238 275606.144   275642.213   277064.958
363  HIVb+F+R9     137536.010   240 275552.019   275588.720   277023.092
364  HIVb+F+R10    137522.927   242 275529.853   275567.190   277013.185
365  HIVw          155926.663   205 312263.327   312289.828   313519.868
366  HIVw+I        155077.543   206 310567.086   310593.854   311829.757
367  HIVw+G4       144813.525   206 290039.050   290065.819   291301.721
368  HIVw+I+G4     144726.543   207 289867.086   289894.123   291135.887
369  HIVw+R2       146931.801   207 294277.602   294304.639   295546.402
370  HIVw+R3       145355.549   209 291129.098   291156.676   292410.157
371  HIVw+R4       144852.695   211 290127.390   290155.514   291420.708
372  HIVw+R5       144603.351   213 289632.701   289661.378   290938.278
373  HIVw+R6       144473.910   215 289377.820   289407.055   290695.656
374  HIVw+R7       144410.639   217 289255.278   289285.077   290585.373
375  HIVw+R8       144374.051   219 289186.101   289216.470   290528.455
376  HIVw+R9       144320.334   221 289082.667   289113.612   290437.280
377  HIVw+R10      144293.599   223 289033.198   289064.723   290400.070
378  HIVw+F        152531.034   224 305510.068   305541.886   306883.069
379  HIVw+F+I      151663.850   225 303777.699   303809.811   305156.830
380  HIVw+F+G4     141210.895   225 282871.789   282903.901   284250.920
381  HIVw+F+I+G4   141120.634   226 282693.269   282725.677   284078.529
382  HIVw+F+R2     143221.767   226 286895.534   286927.942   288280.795
383  HIVw+F+R3     141716.781   228 283889.561   283922.565   285287.080
384  HIVw+F+R4     141202.135   230 282864.270   282897.875   284274.048
385  HIVw+F+R5     140957.975   232 282379.951   282414.163   283801.988
386  HIVw+F+R6     140844.006   234 282156.012   282190.838   283590.308
387  HIVw+F+R7     140786.306   236 282044.613   282080.058   283491.168
388  HIVw+F+R8     140752.441   238 281980.881   282016.951   283439.695
389  HIVw+F+R9     140706.927   240 281893.854   281930.554   283364.926
390  HIVw+F+R10    140685.115   242 281854.230   281891.567   283337.562
391  JTTDCMut      144905.834   205 290221.667   290248.169   291478.209
392  JTTDCMut+I    144285.320   206 288982.640   289009.408   290245.311
393  JTTDCMut+G4   135945.304   206 272302.609   272329.377   273565.279
394  JTTDCMut+I+G4 135876.589   207 272167.179   272194.216   273435.979
395  JTTDCMut+R2   137452.503   207 275319.006   275346.042   276587.806
396  JTTDCMut+R3   136129.177   209 272676.355   272703.932   273957.414
397  JTTDCMut+R4   135752.959   211 271927.918   271956.043   273221.236
398  JTTDCMut+R5   135604.267   213 271634.535   271663.212   272940.112
399  JTTDCMut+R6   135533.561   215 271497.122   271526.357   272814.958
400  JTTDCMut+R7   135497.784   217 271429.568   271459.367   272759.663
401  JTTDCMut+R8   135480.448   219 271398.896   271429.265   272741.250
402  JTTDCMut+R9   135459.866   221 271361.732   271392.676   272716.345
403  JTTDCMut+R10  135449.650   223 271345.299   271376.825   272712.171
404  JTTDCMut+F    144860.811   224 290169.622   290201.440   291542.623
405  JTTDCMut+F+I  144234.452   225 288918.904   288951.016   290298.035
406  JTTDCMut+F+G4 135873.479   225 272196.957   272229.070   273576.088
407  JTTDCMut+F+I+G4 135807.953   226 272067.906   272100.314   273453.166
408  JTTDCMut+F+R2 137371.827   226 275195.653   275228.061   276580.913
409  JTTDCMut+F+R3 136045.192   228 272546.384   272579.387   273943.903
410  JTTDCMut+F+R4 135659.359   230 271778.718   271812.324   273188.496
411  JTTDCMut+F+R5 135511.583   232 271487.165   271521.378   272909.202
412  JTTDCMut+F+R6 135449.489   234 271366.978   271401.803   272801.273
413  JTTDCMut+F+R7 135419.260   236 271310.520   271345.965   272757.075
414  JTTDCMut+F+R8 135404.311   238 271284.622   271320.692   272743.436
415  JTTDCMut+F+R9 135384.869   240 271249.738   271286.438   272720.811
416  JTTDCMut+F+R10 135374.587   242 271233.174   271270.511   272716.505
417  FLU           149241.231   205 298892.463   298918.964   300149.004
418  FLU+I         148545.950   206 297503.901   297530.669   298766.572
419  FLU+G4        138744.708   206 277901.416   277928.185   279164.087
420  FLU+I+G4      138666.979   207 277747.958   277774.995   279016.759
421  FLU+R2        140534.185   207 281482.370   281509.406   282751.170
422  FLU+R3        139126.765   209 278671.529   278699.107   279952.588
423  FLU+R4        138689.223   211 277800.446   277828.571   279093.765
424  FLU+R5        138475.432   213 277376.863   277405.540   278682.440
425  FLU+R6        138377.737   215 277185.474   277214.709   278503.310
426  FLU+R7        138327.280   217 277088.559   277118.358   278418.654
427  FLU+R8        138295.599   219 277029.197   277059.566   278371.551
428  FLU+R9        138250.477   221 276942.954   276973.898   278297.567
429  FLU+R10       138229.308   223 276904.616   276936.141   278271.487
430  FLU+F         148009.132   224 296466.264   296498.082   297839.265
431  FLU+F+I       147321.286   225 295092.573   295124.685   296471.703
432  FLU+F+G4      137496.088   225 275442.176   275474.289   276821.307
433  FLU+F+I+G4    137418.601   226 275289.203   275321.611   276674.463
434  FLU+F+R2      139206.161   226 278864.322   278896.730   280249.583
435  FLU+F+R3      137821.845   228 276099.689   276132.693   277497.208
436  FLU+F+R4      137391.210   230 275242.421   275276.026   276652.199
437  FLU+F+R5      137188.916   232 274841.833   274876.045   276263.870
438  FLU+F+R6      137094.484   234 274656.967   274691.793   276091.263
439  FLU+F+R7      137046.537   236 274565.074   274600.519   276011.629
440  FLU+F+R8      137019.089   238 274514.177   274550.247   275972.991
441  FLU+F+R9      136982.042   240 274444.084   274480.784   275915.156
442  FLU+F+R10     136965.206   242 274414.411   274451.748   275897.743
443  Blosum62      143419.830   205 287249.660   287276.162   288506.202
444  Blosum62+I    142934.027   206 286280.054   286306.822   287542.724
445  Blosum62+G4   135920.382   206 272252.765   272279.533   273515.436
446  Blosum62+I+G4 135858.969   207 272131.939   272158.976   273400.739
447  Blosum62+R2   137064.038   207 274542.075   274569.112   275810.875
448  Blosum62+R3   135912.003   209 272242.006   272269.584   273523.065
449  Blosum62+R4   135632.682   211 271687.365   271715.489   272980.683
450  Blosum62+R5   135508.749   213 271443.498   271472.175   272749.076
451  Blosum62+R6   135463.302   215 271356.604   271385.839   272674.440
452  Blosum62+R7   135448.680   217 271331.360   271361.159   272661.455
453  Blosum62+R8   135442.216   219 271322.431   271352.800   272664.785
456  Blosum62+F    143138.413   224 286724.825   286756.643   288097.826
457  Blosum62+F+I  142625.893   225 285701.787   285733.899   287080.917
458  Blosum62+F+G4 135601.532   225 271653.064   271685.176   273032.194
459  Blosum62+F+I+G4 135544.171   226 271540.343   271572.751   272925.603
460  Blosum62+F+R2 136798.403   226 274048.806   274081.214   275434.067
461  Blosum62+F+R3 135624.075   228 271704.150   271737.154   273101.669
462  Blosum62+F+R4 135326.140   230 271112.280   271145.885   272522.058
463  Blosum62+F+R5 135209.764   232 270883.529   270917.742   272305.566
464  Blosum62+F+R6 135161.454   234 270790.909   270825.735   272225.205
465  Blosum62+F+R7 135145.714   236 270763.427   270798.872   272209.982
466  Blosum62+F+R8 135138.449   238 270752.898   270788.968   272211.712
469  mtMet         155497.949   205 311405.897   311432.399   312662.439
470  mtMet+I       155042.985   206 310497.969   310524.737   311760.640
471  mtMet+G4      143344.877   206 287101.754   287128.523   288364.425
472  mtMet+I+G4    143318.227   207 287050.454   287077.491   288319.254
473  mtMet+R2      145231.161   207 290876.322   290903.359   292145.122
474  mtMet+R3      143721.872   209 287861.745   287889.322   289142.804
475  mtMet+R4      143230.570   211 286883.140   286911.265   288176.458
476  mtMet+R5      142997.227   213 286420.455   286449.132   287726.032
477  mtMet+R6      142894.962   215 286219.923   286249.158   287537.759
478  mtMet+R7      142856.458   217 286146.916   286176.715   287477.011
479  mtMet+R8      142839.586   219 286117.173   286147.541   287459.527
480  mtMet+R9      142807.392   221 286056.785   286087.729   287411.397
481  mtMet+R10     142792.714   223 286031.428   286062.954   287398.300
482  mtMet+F       147829.346   224 296106.692   296138.510   297479.693
483  mtMet+F+I     147235.875   225 294921.750   294953.862   296300.881
484  mtMet+F+G4    137249.921   225 274949.842   274981.954   276328.973
485  mtMet+F+I+G4  137186.523   226 274825.045   274857.453   276210.305
486  mtMet+F+R2    139179.254   226 278810.508   278842.916   280195.768
487  mtMet+F+R3    137668.244   228 275792.489   275825.493   277190.008
488  mtMet+F+R4    137204.004   230 274868.009   274901.614   276277.787
489  mtMet+F+R5    136996.990   232 274457.979   274492.192   275880.016
490  mtMet+F+R6    136906.647   234 274281.295   274316.121   275715.591
491  mtMet+F+R7    136861.077   236 274194.153   274229.598   275640.708
492  mtMet+F+R8    136834.104   238 274144.207   274180.277   275603.021
493  mtMet+F+R9    136785.098   240 274050.197   274086.897   275521.269
494  mtMet+F+R10   136767.770   242 274019.540   274056.877   275502.871
495  mtVer         157599.342   205 315608.684   315635.185   316865.225
496  mtVer+I       157096.626   206 314605.252   314632.020   315867.923
497  mtVer+G4      143991.471   206 288394.942   288421.710   289657.612
498  mtVer+I+G4    143966.223   207 288346.447   288373.484   289615.247
499  mtVer+R2      146257.798   207 292929.595   292956.632   294198.395
500  mtVer+R3      144564.292   209 289546.583   289574.161   290827.643
501  mtVer+R4      143998.792   211 288419.584   288447.709   289712.902
502  mtVer+R5      143699.013   213 287824.027   287852.704   289129.604
503  mtVer+R6      143562.318   215 287554.636   287583.871   288872.472
504  mtVer+R7      143504.769   217 287443.538   287473.338   288773.633
505  mtVer+R8      143475.920   219 287389.839   287420.208   288732.193
506  mtVer+R9      143434.121   221 287310.242   287341.186   288664.855
507  mtVer+R10     143420.286   223 287286.571   287318.097   288653.443
508  mtVer+F       151142.218   224 302732.436   302764.254   304105.437
509  mtVer+F+I     150477.555   225 301405.109   301437.221   302784.240
510  mtVer+F+G4    139068.084   225 278586.168   278618.280   279965.299
511  mtVer+F+I+G4  138997.482   226 278446.964   278479.372   279832.224
512  mtVer+F+R2    141394.723   226 283241.446   283273.854   284626.706
513  mtVer+F+R3    139670.813   228 279797.626   279830.630   281195.146
514  mtVer+F+R4    139147.411   230 278754.822   278788.428   280164.600
515  mtVer+F+R5    138887.427   232 278238.855   278273.067   279660.892
516  mtVer+F+R6    138751.160   234 277970.319   278005.145   279404.615
517  mtVer+F+R7    138679.617   236 277831.234   277866.678   279277.788
518  mtVer+F+R8    138638.692   238 277753.385   277789.454   279212.199
519  mtVer+F+R9    138570.845   240 277621.689   277658.390   279092.762
520  mtVer+F+R10   138545.341   242 277574.683   277612.020   279058.014
521  mtInv         155506.124   205 311422.248   311448.750   312678.790
522  mtInv+I       155051.155   206 310514.311   310541.079   311776.981
523  mtInv+G4      144419.244   206 289250.488   289277.257   290513.159
524  mtInv+I+G4    144388.495   207 289190.991   289218.027   290459.791
525  mtInv+R2      145990.680   207 292395.361   292422.397   293664.161
526  mtInv+R3      144665.940   209 289749.879   289777.457   291030.939
527  mtInv+R4      144233.119   211 288888.238   288916.363   290181.556
528  mtInv+R5      144050.402   213 288526.804   288555.481   289832.381
529  mtInv+R6      143971.190   215 288372.379   288401.615   289690.215
530  mtInv+R7      143936.591   217 288307.183   288336.982   289637.278
531  mtInv+R8      143918.307   219 288274.614   288304.982   289616.968
532  mtInv+R9      143889.892   221 288221.784   288252.728   289576.397
533  mtInv+R10     143884.556   223 288215.111   288246.637   289581.983
534  mtInv+F       146163.678   224 292775.355   292807.174   294148.357
535  mtInv+F+I     145564.905   225 291579.811   291611.923   292958.942
536  mtInv+F+G4    136424.522   225 273299.044   273331.157   274678.175
537  mtInv+F+I+G4  136358.435   226 273168.870   273201.278   274554.130
538  mtInv+F+R2    138171.576   226 276795.152   276827.560   278180.412
539  mtInv+F+R3    136757.841   228 273971.682   274004.686   275369.201
540  mtInv+F+R4    136330.602   230 273121.203   273154.808   274530.981
541  mtInv+F+R5    136146.635   232 272757.271   272791.484   274179.308
542  mtInv+F+R6    136071.141   234 272610.283   272645.109   274044.579
543  mtInv+F+R7    136031.010   236 272534.019   272569.464   273980.574
544  mtInv+F+R8    136009.048   238 272494.097   272530.167   273952.911
545  mtInv+F+R9    135968.507   240 272417.014   272453.714   273888.087
546  mtInv+F+R10   135958.091   242 272400.182   272437.520   273883.514
Akaike Information Criterion:           LG+F+R10
Corrected Akaike Information Criterion: LG+F+R10
Bayesian Information Criterion:         LG+F+R10
Best-fit model: LG+F+R10 chosen according to BIC

All model information printed to MSTRG.16814.2.p1.pep.faa.blastp_ALL.outfmt6.parsed.filtered.faa.mafft.aln.model.gz
CPU time for ModelFinder: 33139.351 seconds (9h:12m:19s)
Wall-clock time for ModelFinder: 16318.639 seconds (4h:31m:58s)
Generating 2000 samples for ultrafast bootstrap (seed: 274129)...

NOTE: 494 MB RAM (0 GB) is required!
Measuring multi-threading efficiency up to 2 CPU cores
2 trees examined
Threads: 1 / Time: 5.650 sec / Speedup: 1.000 / Efficiency: 100% / LogL: -157746
Threads: 2 / Time: 2.778 sec / Speedup: 2.034 / Efficiency: 102% / LogL: -157746
BEST NUMBER OF THREADS: 2

Estimate model parameters (epsilon = 0.100)
1. Initial log-likelihood: -134371.248
2. Current log-likelihood: -134320.798
3. Current log-likelihood: -134312.797
4. Current log-likelihood: -134308.891
5. Current log-likelihood: -134305.924
6. Current log-likelihood: -134303.458
7. Current log-likelihood: -134301.349
8. Current log-likelihood: -134299.544
9. Current log-likelihood: -134297.990
10. Current log-likelihood: -134296.694
11. Current log-likelihood: -134295.640
12. Current log-likelihood: -134294.796
13. Current log-likelihood: -134294.120
14. Current log-likelihood: -134293.680
15. Current log-likelihood: -134293.289
16. Current log-likelihood: -134292.959
17. Current log-likelihood: -134292.781
18. Current log-likelihood: -134292.516
19. Current log-likelihood: -134292.384
20. Current log-likelihood: -134292.262
21. Current log-likelihood: -134292.155
Optimal log-likelihood: -134292.009
Site proportion and rates:  (0.076,0.038) (0.061,0.120) (0.066,0.220) (0.066,0.342) (0.111,0.503) (0.031,0.743) (0.043,0.766) (0.148,1.014) (0.169,1.274) (0.229,2.079)
Parameters optimization took 21 rounds (452.980 sec)
Computing ML distances based on estimated model parameters... 10.385 sec
WARNING: Some pairwise ML distances are too long (saturated)
Computing BIONJ tree...
0.006 seconds
Log-likelihood of BIONJ tree: -134667.599
--------------------------------------------------------------------
|             INITIALIZING CANDIDATE TREE SET                      |
--------------------------------------------------------------------
Generating 98 parsimony trees... 19.460 second
Computing log-likelihood of 98 initial trees ... 234.979 seconds
Current best score: -134292.009

Do NNI search on 20 best initial trees
Estimate model parameters (epsilon = 0.100)
BETTER TREE FOUND at iteration 1: -134131.538
Estimate model parameters (epsilon = 0.100)
BETTER TREE FOUND at iteration 2: -134020.622
Iteration 10 / LogL: -134053.827 / Time: 0h:19m:40s
Iteration 20 / LogL: -134094.646 / Time: 0h:25m:5s
Finish initializing candidate tree set (20)
Current best tree score: -134020.622 / CPU time: 1021.432
Number of iterations: 20
--------------------------------------------------------------------
|               OPTIMIZING CANDIDATE TREE SET                      |
--------------------------------------------------------------------
Estimate model parameters (epsilon = 0.100)
BETTER TREE FOUND at iteration 29: -134016.008
Iteration 30 / LogL: -134060.875 / Time: 0h:30m:54s (1h:45m:32s left)
UPDATE BEST LOG-LIKELIHOOD: -134016.001
Estimate model parameters (epsilon = 0.100)
BETTER TREE FOUND at iteration 34: -134014.506
Estimate model parameters (epsilon = 0.100)
BETTER TREE FOUND at iteration 36: -134014.311
Iteration 40 / LogL: -134015.927 / Time: 0h:36m:29s (1h:29m:49s left)
UPDATE BEST LOG-LIKELIHOOD: -134014.307
Iteration 50 / LogL: -134025.273 / Time: 0h:41m:50s (1h:13m:25s left)
Log-likelihood cutoff on original alignment: -134098.187
Iteration 60 / LogL: -134017.685 / Time: 0h:46m:20s (0h:59m:41s left)
Iteration 70 / LogL: -134015.972 / Time: 0h:51m:2s (0h:48m:49s left)
Estimate model parameters (epsilon = 0.100)
BETTER TREE FOUND at iteration 72: -134012.238
Iteration 80 / LogL: -134044.439 / Time: 0h:56m:1s (1h:5m:14s left)
Iteration 90 / LogL: -134019.688 / Time: 1h:1m:4s (0h:56m:16s left)
Iteration 100 / LogL: -134030.566 / Time: 1h:5m:53s (0h:47m:54s left)
Log-likelihood cutoff on original alignment: -134095.207
NOTE: Bootstrap correlation coefficient of split occurrence frequencies: 0.996
Estimate model parameters (epsilon = 0.100)
BETTER TREE FOUND at iteration 105: -134011.775
Iteration 110 / LogL: -134012.537 / Time: 1h:11m:15s (1h:2m:6s left)
Iteration 120 / LogL: -134012.555 / Time: 1h:15m:53s (0h:54m:12s left)
Iteration 130 / LogL: -134016.813 / Time: 1h:20m:41s (0h:46m:55s left)
Iteration 140 / LogL: -134012.206 / Time: 1h:25m:46s (0h:40m:6s left)
Iteration 150 / LogL: -134025.889 / Time: 1h:30m:53s (0h:33m:32s left)
Log-likelihood cutoff on original alignment: -134088.024
Iteration 160 / LogL: -134023.923 / Time: 1h:35m:36s (0h:27m:3s left)
Iteration 170 / LogL: -134020.701 / Time: 1h:40m:8s (0h:20m:44s left)
Iteration 180 / LogL: -134015.216 / Time: 1h:45m:14s (0h:14m:41s left)
Iteration 190 / LogL: -134043.786 / Time: 1h:49m:50s (0h:8m:43s left)
Iteration 200 / LogL: -134016.419 / Time: 1h:54m:31s (0h:2m:52s left)
Log-likelihood cutoff on original alignment: -134088.024
NOTE: Bootstrap correlation coefficient of split occurrence frequencies: 0.997
TREE SEARCH COMPLETED AFTER 206 ITERATIONS / Time: 1h:57m:10s

--------------------------------------------------------------------
|                    FINALIZING TREE SEARCH                        |
--------------------------------------------------------------------
Performs final model parameters optimization
Estimate model parameters (epsilon = 0.010)
1. Initial log-likelihood: -134011.775
2. Current log-likelihood: -134011.742
3. Current log-likelihood: -134011.713
4. Current log-likelihood: -134011.699
5. Current log-likelihood: -134011.688
6. Current log-likelihood: -134011.678
Optimal log-likelihood: -134011.667
Site proportion and rates:  (0.071,0.037) (0.064,0.115) (0.073,0.230) (0.049,0.328) (0.122,0.498) (0.026,0.733) (0.037,0.737) (0.119,0.992) (0.177,1.189) (0.262,1.991)
Parameters optimization took 6 rounds (130.992 sec)
BEST SCORE FOUND : -134011.667
Creating bootstrap support values...
Split supports printed to NEXUS file MSTRG.16814.2.p1.pep.faa.blastp_ALL.outfmt6.parsed.filtered.faa.mafft.aln.splits.nex
Total tree length: 141.900

Total number of iterations: 206
CPU time used for tree search: 13018.687 sec (3h:36m:58s)
Wall-clock time used for tree search: 6546.058 sec (1h:49m:6s)
Total CPU time used: 14238.265 sec (3h:57m:18s)
Total wall-clock time used: 7161.864 sec (1h:59m:21s)

Computing bootstrap consensus tree...
Reading input file MSTRG.16814.2.p1.pep.faa.blastp_ALL.outfmt6.parsed.filtered.faa.mafft.aln.splits.nex...
104 taxa and 669 splits.
Consensus tree written to MSTRG.16814.2.p1.pep.faa.blastp_ALL.outfmt6.parsed.filtered.faa.mafft.aln.contree
Reading input trees file MSTRG.16814.2.p1.pep.faa.blastp_ALL.outfmt6.parsed.filtered.faa.mafft.aln.contree
Log-likelihood of consensus tree: -134012.214

Analysis results written to: 
  IQ-TREE report:                MSTRG.16814.2.p1.pep.faa.blastp_ALL.outfmt6.parsed.filtered.faa.mafft.aln.iqtree
  Maximum-likelihood tree:       MSTRG.16814.2.p1.pep.faa.blastp_ALL.outfmt6.parsed.filtered.faa.mafft.aln.treefile
  Likelihood distances:          MSTRG.16814.2.p1.pep.faa.blastp_ALL.outfmt6.parsed.filtered.faa.mafft.aln.mldist

Ultrafast bootstrap approximation results written to:
  Split support values:          MSTRG.16814.2.p1.pep.faa.blastp_ALL.outfmt6.parsed.filtered.faa.mafft.aln.splits.nex
  Consensus tree:                MSTRG.16814.2.p1.pep.faa.blastp_ALL.outfmt6.parsed.filtered.faa.mafft.aln.contree
  Screen log file:               MSTRG.16814.2.p1.pep.faa.blastp_ALL.outfmt6.parsed.filtered.faa.mafft.aln.log

Date and Time: Tue May 25 02:17:08 2021
