IQ-TREE multicore version 1.6.12 for Linux 64-bit built Aug 15 2019
Developed by Bui Quang Minh, Nguyen Lam Tung, Olga Chernomor,
Heiko Schmidt, Dominik Schrempf, Michael Woodhams.

Host:    coral (AVX512, FMA3, 376 GB RAM)
Command: /home/timothy/programs/iqtree-1.6.12-Linux/bin/iqtree -s MSTRG.9541.1.p1.pep.faa.blastp_ALL.outfmt6.parsed.filtered.faa.mafft.aln -nt AUTO -ntmax 2 -m MFP -bb 2000 -quiet
Seed:    242893 (Using SPRNG - Scalable Parallel Random Number Generator)
Time:    Tue May 25 09:42:54 2021
Kernel:  AVX+FMA - auto-detect threads (96 CPU cores detected)

Reading alignment file MSTRG.9541.1.p1.pep.faa.blastp_ALL.outfmt6.parsed.filtered.faa.mafft.aln ... Fasta format detected
Alignment most likely contains protein sequences
Alignment has 105 sequences with 2714 columns, 2007 distinct patterns
916 parsimony-informative, 855 singleton sites, 943 constant sites
WARNING: Some sequence names are changed as follows:
Bacteria-NA-NA-NA-NA-bacterium_336/3_WP_054037174.1 -> Bacteria-NA-NA-NA-NA-bacterium_336_3_WP_054037174.1

                                                                                                                                Gap/Ambiguity  Composition  p-value
   1  Archaea-CandidatusBathyarchaeota-NA-NA-NA-Candidatus_Bathyarchaeota_archaeon_WP_116595601.1                                      86.81%    failed      2.50%
   2  Archaea-Crenarchaeota-Thermoprotei-Sulfolobales-Sulfolobaceae-Acidianus_sulfidivorans_WP_110380444.1                             88.14%    failed      0.00%
   3  Archaea-Crenarchaeota-Thermoprotei-Sulfolobales-Sulfolobaceae-Metallosphaera_cuprina_WP_013736907.1                              88.10%    passed     18.34%
   4  Archaea-Crenarchaeota-Thermoprotei-Sulfolobales-Sulfolobaceae-Sulfolobus_islandicus_WP_012711494.1                               88.14%    failed      0.00%
   5  Archaea-Crenarchaeota-Thermoprotei-Thermoproteales-Thermoproteaceae-Vulcanisaeta_distributa_WP_013335703.1                       87.73%    failed      0.09%
   6  Archaea-Euryarchaeota-Methanococci-Methanococcales-Methanocaldococcaceae-Methanocaldococcus_bathoardescens_WP_048202515.1        87.10%    failed      0.05%
   7  Archaea-Euryarchaeota-Methanococci-Methanococcales-Methanocaldococcaceae-Methanotorris_formicicus_WP_007045147.1                 87.44%    failed      0.00%
   8  Archaea-Euryarchaeota-Methanococci-Methanococcales-Methanococcaceae-Methanococcus_aeolicus_WP_011973525.1                        87.07%    failed      0.00%
   9  Archaea-Euryarchaeota-Methanococci-Methanococcales-Methanococcaceae-Methanothermococcus_thermolithotrophicus_WP_018153234.1      87.14%    failed      0.01%
  10  Archaea-NA-NA-NA-NA-anaerobic_archaeon_MKD1_WP_147662619.1                                                                       85.45%    failed      0.01%
  11  Archaea-NA-NA-NA-NA-archaeon_AArcSl_WP_119820127.1                                                                               87.44%    failed      0.00%
  12  Archaea-Thaumarchaeota-NA-Nitrosopumilales-Nitrosopumilaceae-NA_WP_014962890.1                                                   87.47%    failed      0.00%
  13  Archaea-Thaumarchaeota-NA-Nitrosopumilales-Nitrosopumilaceae-Nitrosarchaeum_koreense_WP_007550052.1                              87.47%    failed      0.00%
  14  Archaea-Thaumarchaeota-NA-Nitrosopumilales-Nitrosopumilaceae-Nitrosopumilus_piranensis_WP_148703659.1                            87.47%    failed      0.00%
  15  Archaea-Thaumarchaeota-Nitrososphaeria-CandidatusNitrosocaldales-CandidatusNitrosocaldaceae-NA_WP_103286932.1                    85.96%    failed      0.00%
  16  Bacteria-Bacteroidetes-Chitinophagia-Chitinophagales-Chitinophagaceae-Chitinophaga_pinensis_WP_142678801.1                       85.56%    passed     96.90%
  17  Bacteria-Bacteroidetes-Cytophagia-Cytophagales-Cytophagaceae-Rudanella_lutea_WP_019989276.1                                      85.67%    passed     57.83%
  18  Bacteria-Bacteroidetes-Cytophagia-Cytophagales-Cytophagaceae-Spirosoma_luteum_WP_018617867.1                                     85.56%    passed     62.78%
  19  Bacteria-Bacteroidetes-Cytophagia-Cytophagales-Hymenobacteraceae-Pontibacter_indicus_WP_076668594.1                              85.67%    passed     52.62%
  20  Bacteria-Bacteroidetes-Flavobacteriia-NA-NA-Flavobacteria_bacterium_BBFL7_WP_006797140.1                                         85.56%    passed     41.27%
  21  Bacteria-Firmicutes-Clostridia-Clostridiales-Lachnospiraceae-Butyrivibrio_sp._AE2032_WP_034442762.1                              85.59%    passed     11.60%
  22  Bacteria-Firmicutes-Clostridia-Clostridiales-Ruminococcaceae-NA_WP_109642629.1                                                   85.59%    passed     23.00%
  23  Bacteria-Firmicutes-Clostridia-Clostridiales-Ruminococcaceae-Ruminococcaceae_bacterium_AB4001_WP_028506887.1                     85.59%    passed      8.43%
  24  Bacteria-Lentisphaerae-Lentisphaeria-Lentisphaerales-Lentisphaeraceae-Lentisphaera_araneosa_WP_007279743.1                       85.48%    passed     36.97%
  25  Bacteria-NA-NA-NA-NA-bacterium_336_3_WP_054037174.1                                                                              85.70%    passed     19.29%
  26  Bacteria-NA-NA-NA-NA-NA_WP_121698931.1                                                                                           85.70%    passed     60.88%
  27  Bacteria-Planctomycetes-NA-NA-NA-Planctomycetes_bacterium_Pan216_WP_145261875.1                                                  85.63%    failed      1.78%
  28  Bacteria-Proteobacteria-Alphaproteobacteria-Rhodospirillales-Rhodospirillaceae-Inquilinus_sp._KBS0705_WP_138805050.1             85.56%    passed     19.41%
  29  Bacteria-Proteobacteria-Gammaproteobacteria-Alteromonadales-Alteromonadaceae-Glaciecola_sp._THG3.7_WP_124746897.1                85.63%    passed     85.49%
  30  Bacteria-Verrucomicrobia-Opitutae-Puniceicoccales-Puniceicoccaceae-Coraliomargarita_akajimensis_WP_013044022.1                   85.34%    passed     47.22%
  31  Eukaryota-Acytosteliales-Acytosteliales-Acytosteliales-Acytosteliaceae-Acytostelium_subglobosum_XP_012757938.1                   68.13%    passed      7.97%
  32  Eukaryota-Acytosteliales-Acytosteliales-Acytosteliales-Cavenderiaceae-Cavenderia_fasciculata_XP_004360785.1                      60.02%    failed      1.65%
  33  Eukaryota-Alveolata-Dinophyceae-NA-Unranked-Amphidinium_carterae_MMETSP0259_c23350_g1_i1.p1                                      50.77%    failed      0.00%
  34  Eukaryota-Alveolata-Dinophyceae-NA-Unranked-Karenia_brevis_MMETSP0527_c3730_g1_i1.p1                                             63.45%    failed      0.12%
  35  Eukaryota-Alveolata-Dinophyceae-NA-Unranked-Oxyrrhis_marina_MMETSP1425_c41401_g1_i1.p1                                           84.71%    passed     85.17%
  36  Eukaryota-Alveolata-Dinophyceae-NA-Unranked-Pyrodinium_bahamense_MMETSP0796_c4292_g1_i1.p1                                       83.79%    passed     83.46%
  37  Eukaryota-Amoebozoa-NA-NA-Paramoebidae-Neoparamoeba_aestuarina_MMETSP0161_c5423_g1_i1.p1                                         75.50%    failed      0.81%
  38  Eukaryota-Annelida-Clitellata-Hirudinida-Glossiphoniidae-Helobdella_robusta_XP_009026490.1                                       61.79%    failed      0.26%
  39  Eukaryota-Apicomplexa-NA-Unranked-NA-Alveolata_sp_MMETSP0288_c29818_g1_i1.p1                                                     83.79%    passed     60.36%
  40  Eukaryota-Arthropoda-Insecta-Lepidoptera-Bombycidae-Bombyx_mandarina_XP_028032708.1                                              49.74%    failed      0.05%
  41  Eukaryota-Arthropoda-Insecta-Lepidoptera-Noctuidae-Spodoptera_litura_XP_022835926.1                                              85.74%    passed     89.27%
  42  Eukaryota-Arthropoda-Insecta-Siphonaptera-Pulicidae-Ctenocephalides_felis_XP_026470186.1                                         49.56%    failed      0.01%
  43  Eukaryota-Arthropoda-Malacostraca-Amphipoda-Hyalellidae-Hyalella_azteca_XP_018006132.1                                           86.18%    failed      0.06%
  44  Eukaryota-Ascomycota-Eurotiomycetes-Eurotiales-Trichocomaceae-Rasamsonia_emersonii_XP_013331145.1                                70.12%    passed      6.22%
  45  Eukaryota-Ascomycota-Leotiomycetes-Helotiales-Sclerotiniaceae-Botrytis_cinerea_XP_001560814.1                                    71.08%    passed     20.95%
  46  Eukaryota-Ascomycota-Sordariomycetes-Magnaporthales-Pyriculariaceae-Pyricularia_pennisetigena_XP_029751518.1                     70.67%    failed      0.02%
  47  Eukaryota-Ascomycota-Sordariomycetes-Ophiostomatales-Ophiostomataceae-Sporothrix_schenckii_XP_016589036.1                        70.01%    failed      0.00%
  48  Eukaryota-Basidiomycota-Agaricomycetes-Agaricales-Psathyrellaceae-Coprinopsis_cinerea_XP_001829102.2                             71.08%    failed      0.82%
  49  Eukaryota-Basidiomycota-Agaricomycetes-Hymenochaetales-Hymenochaetaceae-Fomitiporia_mediterranea_XP_007265274.1                  70.23%    failed      0.05%
  50  Eukaryota-Basidiomycota-Malasseziomycetes-Malasseziales-Malasseziaceae-Malassezia_restricta_XP_027484381.1                       70.78%    failed      0.00%
  51  Eukaryota-Basidiomycota-Microbotryomycetes-Undefined-Undefined-Sporobolomyces_roseus_jgi33381                                    71.08%    failed      0.50%
  52  Eukaryota-Brachiopoda-Lingulata-Lingulida-Lingulidae-Lingula_anatina_XP_013393591.1                                              62.86%    failed      4.01%
  53  Eukaryota-Cercozoa-Chlorarachniophyceae-NA-NA-Bigelowiella_longifila_MMETSP1359_c4210_g1_i1.p1                                   84.45%    passed     23.82%
  54  Eukaryota-Cercozoa-Chlorarachniophyceae-NA-NA-Norrisiella_sphaerica_MMETSP0113_c24431_g1_i1.p1                                   85.26%    failed      4.10%
  55  Eukaryota-Cercozoa-Chlorarachniophyceae-NA-NA-Partenskyella_glossopodia_MMETSP1318_c26703_g1_i1.p1                               85.30%    passed     18.89%
  56  Eukaryota-Cercozoa-NA-Euglyphida-Paulinellidae-Paulinella_chromatophora_scaffold4215-size2008_m.40437                            82.79%    passed     57.69%
  57  Eukaryota-Chlorophyta-Mamiellophyceae-Mamiellales-Mamiellaceae-Micromonas_sp_MMETSP1387_c6057_g1_i1.p1                           83.68%    passed     10.40%
  58  Eukaryota-Chlorophyta-NA-NA-NA-Unidentifiedeukaryote_sp_MMETSP1326_c30240_g1_i1.p2                                               85.30%    passed     32.49%
  59  Eukaryota-Chlorophyta-NA-Pyramimonadales-NA-Pyramimonas_obovata_MMETSP1169_c11516_g1_i1.p1                                       83.71%    passed     95.42%
  60  Eukaryota-Chlorophyta-Nephroselmidophyceae-NA-NA-Nephroselmis_pyriformis_MMETSP0034_c7927_g1_i2.p2                               84.52%    passed     87.37%
  61  Eukaryota-Chordata-Mammalia-Cetacea-Delphinidae-Lagenorhynchus_obliquidens_XP_026956891.1                                        62.79%    failed      0.13%
  62  Eukaryota-Chordata-Mammalia-Monotremata-Ornithorhynchidae-Ornithorhynchus_anatinus_XP_028937723.1                                62.86%    failed      0.00%
  63  Eukaryota-Chordata-Mammalia-NA-Camelidae-Vicugna_pacos_XP_015104813.1                                                            66.36%    failed      0.28%
  64  Eukaryota-Chordata-Mammalia-NA-Cervidae-Odocoileus_virginianus_XP_020748282.1                                                    62.79%    failed      0.11%
  65  Eukaryota-Chromeraceae-NA-NA-NA-Chromera_velia_MMETSP0290_c31555_g1_i1.p1                                                        85.45%    passed     95.07%
  66  Eukaryota-Chromeraceae-NA-NA-NA-Vitrella_brassicaformis_MMETSP1451_c20675_g2_i1.p1                                               83.90%    passed     60.30%
  67  Eukaryota-Chytridiomycota-Chytridiomycetes-Rhizophydiales-NA-Batrachochytrium_dendrobatidis_jgi17938                             70.85%    passed     10.58%
  68  Eukaryota-Ciliophora-NA-Unranked-NA-Favella_taraikaensis_MMETSP0434_c31124_g1_i1.p1                                              94.07%    passed     39.47%
  69  Eukaryota-Ciliophora-NA-Unranked-NA-Mesodinium_pulex_MMETSP0467_c11372_g1_i2.p1                                                  45.03%    failed      0.00%
  70  Eukaryota-Ciliophora-NA-Unranked-NA-Myrionecta_rubra_MMETSP0798_c17970_g1_i1.p1                                                  85.56%    passed     57.76%
  71  Eukaryota-Ciliophora-NA-Unranked-NA-Strombidinopsis_sp_MMETSP0463_c6143_g1_i1.p1                                                 85.45%    passed     43.20%
  72  Eukaryota-Cnidaria-Anthozoa-Alcyonacea-Nephtheidae-Dendronephthya_gigantea_XP_028409892.1                                        62.97%    passed      8.28%
  73  Eukaryota-Cnidaria-Anthozoa-Scleractinia-Pocilloporidae-Stylophora_pistillata_XP_022803875.1                                     85.59%    failed      2.24%
  74  Eukaryota-Cryptophyta-NA-Cryptomonadales-Cryptomonadaceae-Cryptomonas_curvata_MMETSP1050_c557_g1_i1.p1                           84.93%    passed     84.72%
  75  Eukaryota-Cryptophyta-NA-Cryptomonadales-NA-Hanusia_phi_MMETSP1048_c13276_g1_i1.p1                                               85.48%    passed     82.24%
  76  Eukaryota-Cryptophyta-NA-Pyrenomonadales-Geminigeraceae-Guillardia_theta_CCMP2712_jgi158636                                      85.92%    passed     81.42%
  77  Eukaryota-Cryptophyta-NA-Pyrenomonadales-NA-Geminigera_cryophila_MMETSP0799_c7718_g1_i1.p1                                       85.00%    passed     49.41%
  78  Eukaryota-Dictyosteliales-Dictyosteliales-Dictyosteliales-Dictyosteliaceae-Dictyostelium_discoideum_XP_635881.1                  69.97%    failed      0.00%
  79  Eukaryota-Euglenida-NA-Eutreptiales-NA-Eutreptiella_gymnastica-like_MMETSP0811_c97344_g1_i1.p1                                   85.08%    passed     97.81%
  80  Eukaryota-Glaucophyta-Glaucophyta-Gloeochaetales-Gloeochaetaceae-Gloeochaete_witrockiana_MMETSP0308_c2562_g1_i1.p1               83.31%    failed      0.32%
  81  Eukaryota-Glaucophyta-Glaucophyta-NA-Cyanophoraceae-Cyanophora_paradoxa_tig00020961_g16656.t1                                    83.05%    failed      0.00%
  82  Eukaryota-Glaucophyta-Glaucophyta-NA-NA-Cyanoptyche_gloeocystis_MMETSP1086_c3390_g1_i1.p1                                        94.36%    passed     59.18%
  83  Eukaryota-Haptophyta-NA-Pavlovales-Pavlovaceae-Pavlova_lutheri_MMETSP1463_c2080_g1_i1.p1                                         85.34%    passed     42.50%
  84  Eukaryota-Haptophyta-NA-Phaeocystales-Phaeocystaceae-Phaeocystis_antarctica_MMETSP1100_c7357_g1_i1.p2                            84.89%    passed     78.51%
  85  Eukaryota-Haptophyta-NA-Prymnesiales-NA-Chrysochromulina_rotalis_MMETSP0287_c1549_g1_i1.p1                                       84.82%    passed     91.95%
  86  Eukaryota-Haptophyta-NA-Prymnesiales-NA-Unidentifiedeukaryote_sp_MMETSP1178_c1587_g1_i1.p1                                       85.34%    passed     87.72%
  87  Eukaryota-Mesomycetozoea-Ichthyosporea-Ichthyophonida-NA-Sphaeroforma_arctica_XP_014152869.1                                     69.20%    failed      3.75%
  88  Eukaryota-Mesomycetozoea-Ichthyosporea-NA-NA-Capsaspora_owczarzaki_XP_004365205.2                                                69.86%    failed      0.00%
  89  Eukaryota-Mucoromycota-Glomeromycetes-Glomerales-Glomeraceae-Rhizophagus_irregularis_XP_025180109.1                              70.85%    failed      0.53%
  90  Eukaryota-Mucoromycota-Mortierellomycetes-Mortierellales-Mortierellaceae-Lobosporangium_transversale_XP_021877827.1              70.82%    failed      1.83%
  91  Eukaryota-Rhodophyta-Bangiophyceae-NA-NA-Erythrolobus_australicus_MMETSP1353_c9138_g1_i1.p1                                      84.05%    failed      0.27%
  92  Eukaryota-Rhodophyta-Bangiophyceae-NA-NA-Rhodosorus_marinus_MMETSP0011_c6474_g1_i5.p1                                            84.52%    passed     62.93%
  93  Eukaryota-Rhodophyta-Bangiophyceae-Porphyridiales-Porphyridiaceae-Porphyridium_purpureum_v2_POR2056..scf244_11                   83.16%    passed     30.36%
  94  Eukaryota-Rhodophyta-Porphyridiophyceae-NA-NA-Timspurckia_oligopyrenoides_MMETSP1172_c5897_g1_i1.p1                              83.97%    failed      3.94%
  95  Eukaryota-Stramenopiles-Coscinodiscophyceae-Chaetocerotales-Chaetocerotaceae-Chaetoceros_neogracile_MMETSP0754_c14523_g1_i1.p1   85.56%    passed     16.66%
  96  Eukaryota-Stramenopiles-NA-NA-NA-Pseudo_fraudulenta_MMETSP0851_c65443_g1_i1.p1                                                   72.62%    failed      0.81%
  97  Eukaryota-Stramenopiles-Oomycetes-Saprolegniales-Saprolegniaceae-Aphanomyces_invadans_XP_008868210.1                             85.63%    passed     89.09%
  98  Eukaryota-Stramenopiles-Oomycetes-Saprolegniales-Saprolegniaceae-Saprolegnia_parasitica_XP_012200652.1                           85.67%    passed     92.55%
  99  Eukaryota-Streptophyta-Bryopsida-Funariales-Funariaceae-Physcomitrella_patens_XP_024375760.1                                     85.78%    passed     10.36%
 100  Eukaryota-Streptophyta-Liliopsida-Poales-Poaceae-Brachypodium_distachyon_XP_003563204.1                                          85.96%    passed     12.98%
 101  Eukaryota-Streptophyta-NA-Cucurbitales-Cucurbitaceae-Cucurbita_maxima_XP_022976224.1                                             85.19%    passed     13.04%
 102  Eukaryota-Streptophyta-NA-Rosales-Rosaceae-Malus_domestica_XP_008378560.1                                                        85.15%    passed      8.44%
 103  Viruses-Myoviridae-NA-NA-NA-Prochlorococcus_phage_Syn33_YP_004323825.1                                                           88.61%    passed     33.31%
 104  Viruses-Myoviridae-NA-NA-NA-Synechococcus_phage_SSKS1_YP_007674380.1                                                             88.50%    passed     54.72%
 105  MSTRG.9541.1.p1                                                                                                                  84.05%    passed     93.94%
WARNING: 102 sequences contain more than 50% gaps/ambiguity
****  TOTAL                                                                                                                            79.99%  47 sequences failed composition chi2 test (p-value<5%; df=19)


Create initial parsimony tree by phylogenetic likelihood library (PLL)... 0.094 seconds
NOTE: ModelFinder requires 344 MB RAM!
ModelFinder will test 546 protein models (sample size: 2714) ...
 No. Model         -LnL         df  AIC          AICc         BIC
Measuring multi-threading efficiency up to 2 CPU cores
12 trees examined
Threads: 1 / Time: 2.054 sec / Speedup: 1.000 / Efficiency: 100% / LogL: -107718
Threads: 2 / Time: 1.971 sec / Speedup: 1.042 / Efficiency: 52% / LogL: -107718
BEST NUMBER OF THREADS: 1

  1  Dayhoff       77069.769    207 154553.537   154587.900   155776.116
  2  Dayhoff+I     76394.606    208 153205.212   153239.921   154433.698
  3  Dayhoff+G4    73465.047    208 147346.094   147380.802   148574.579
  4  Dayhoff+I+G4  73395.267    209 147208.534   147243.590   148442.925
  5  Dayhoff+R2    74247.359    209 148912.719   148947.775   150147.110
  6  Dayhoff+R3    73607.372    211 147636.744   147672.501   148882.948
  7  Dayhoff+R4    73450.741    213 147327.481   147363.947   148585.498
  8  Dayhoff+R5    73382.038    215 147194.076   147231.258   148463.904
  9  Dayhoff+R6    73351.137    217 147136.275   147174.180   148417.916
 10  Dayhoff+R7    73332.482    219 147102.965   147141.602   148396.418
 11  Dayhoff+R8    73322.191    221 147086.382   147125.758   148391.648
 12  Dayhoff+R9    73314.450    223 147074.900   147115.022   148391.978
 14  Dayhoff+F     77218.009    226 154888.017   154929.273   156222.813
 15  Dayhoff+F+I   76558.549    227 153571.097   153612.735   154911.800
 16  Dayhoff+F+G4  73554.477    227 147562.953   147604.591   148903.656
 17  Dayhoff+F+I+G4 73487.014    228 147430.028   147472.050   148776.637
 18  Dayhoff+F+R2  74315.294    228 149086.588   149128.609   150433.196
 19  Dayhoff+F+R3  73678.254    230 147816.509   147859.304   149174.930
 20  Dayhoff+F+R4  73541.306    232 147546.611   147590.187   148916.845
 21  Dayhoff+F+R5  73468.709    234 147405.417   147449.782   148787.463
 22  Dayhoff+F+R6  73437.891    236 147347.781   147392.942   148741.639
 23  Dayhoff+F+R7  73419.618    238 147315.237   147361.202   148720.907
 24  Dayhoff+F+R8  73409.235    240 147298.471   147345.248   148715.954
 25  Dayhoff+F+R9  73401.772    242 147287.543   147335.140   148716.838
 27  mtMAM         87398.192    207 175210.385   175244.747   176432.964
 28  mtMAM+I       86883.220    208 174182.440   174217.148   175410.925
 29  mtMAM+G4      79533.688    208 159483.377   159518.085   160711.862
 30  mtMAM+I+G4    79489.437    209 159396.874   159431.930   160631.266
 31  mtMAM+R2      81223.709    209 162865.417   162900.473   164099.809
 32  mtMAM+R3      79802.572    211 160027.144   160062.901   161273.348
 33  mtMAM+R4      79616.106    213 159658.213   159694.678   160916.229
 34  mtMAM+R5      79478.250    215 159386.499   159423.681   160656.328
 35  mtMAM+R6      79404.445    217 159242.890   159280.795   160524.531
 36  mtMAM+R7      79355.585    219 159149.170   159187.807   160442.624
 37  mtMAM+R8      79324.438    221 159090.875   159130.251   160396.141
 38  mtMAM+R9      79311.569    223 159069.138   159109.260   160386.216
 39  mtMAM+R10     79260.490    225 158970.980   159011.857   160299.871
 40  mtMAM+F       82545.619    226 165543.237   165584.494   166878.034
 41  mtMAM+F+I     81933.506    227 164321.012   164362.650   165661.715
 42  mtMAM+F+G4    76198.010    227 152850.019   152891.657   154190.722
 43  mtMAM+F+I+G4  76153.984    228 152763.969   152805.991   154110.578
 44  mtMAM+F+R2    77536.621    228 155529.243   155571.265   156875.852
 45  mtMAM+F+R3    76449.123    230 153358.246   153401.041   154716.668
 46  mtMAM+F+R4    76291.678    232 153047.357   153090.933   154417.590
 47  mtMAM+F+R5    76181.145    234 152830.290   152874.654   154212.335
 48  mtMAM+F+R6    76108.255    236 152688.510   152733.671   154082.369
 49  mtMAM+F+R7    76052.992    238 152581.985   152627.950   153987.655
 50  mtMAM+F+R8    76021.358    240 152522.715   152569.492   153940.198
 51  mtMAM+F+R9    76006.381    242 152496.762   152544.359   153926.057
 52  mtMAM+F+R10   75969.708    244 152427.417   152475.841   153868.525
 53  JTT           76997.906    207 154409.812   154444.175   155632.391
 54  JTT+I         76398.449    208 153212.898   153247.606   154441.383
 55  JTT+G4        73287.045    208 146990.089   147024.797   148218.574
 56  JTT+I+G4      73234.429    209 146886.859   146921.915   148121.250
 57  JTT+R2        74006.798    209 148431.596   148466.652   149665.987
 58  JTT+R3        73429.169    211 147280.338   147316.095   148526.542
 59  JTT+R4        73273.932    213 146973.865   147010.330   148231.881
 60  JTT+R5        73199.737    215 146829.473   146866.655   148099.302
 61  JTT+R6        73166.489    217 146766.978   146804.884   148048.619
 62  JTT+R7        73150.063    219 146738.126   146776.762   148031.579
 63  JTT+R8        73140.500    221 146722.999   146762.375   148028.265
 64  JTT+R9        73135.522    223 146717.043   146757.166   148034.121
 66  JTT+F         77171.366    226 154794.731   154835.987   156129.528
 67  JTT+F+I       76579.649    227 153613.297   153654.935   154954.000
 68  JTT+F+G4      73419.294    227 147292.588   147334.226   148633.291
 69  JTT+F+I+G4    73367.084    228 147190.167   147232.189   148536.776
 70  JTT+F+R2      74133.129    228 148722.258   148764.279   150068.866
 71  JTT+F+R3      73555.873    230 147571.746   147614.541   148930.167
 72  JTT+F+R4      73404.024    232 147272.048   147315.624   148642.282
 73  JTT+F+R5      73334.024    234 147136.048   147180.413   148518.094
 74  JTT+F+R6      73299.643    236 147071.287   147116.448   148465.145
 75  JTT+F+R7      73283.309    238 147042.618   147088.583   148448.289
 76  JTT+F+R8      73274.416    240 147028.833   147075.610   148446.316
 77  JTT+F+R9      73269.383    242 147022.766   147070.363   148452.061
 79  WAG           75506.206    207 151426.411   151460.774   152648.990
 80  WAG+I         74951.637    208 150319.273   150353.982   151547.759
 81  WAG+G4        72428.737    208 145273.474   145308.182   146501.959
 82  WAG+I+G4      72367.248    209 145152.495   145187.551   146386.887
 83  WAG+R2        73043.329    209 146504.658   146539.714   147739.050
 84  WAG+R3        72517.811    211 145457.622   145493.379   146703.825
 85  WAG+R4        72377.852    213 145181.703   145218.169   146439.719
 86  WAG+R5        72331.923    215 145093.846   145131.027   146363.674
 87  WAG+R6        72307.911    217 145049.822   145087.727   146331.463
 88  WAG+R7        72295.214    219 145028.428   145067.065   146321.882
 89  WAG+R8        72289.229    221 145020.459   145059.835   146325.724
 92  WAG+F         75565.907    226 151583.814   151625.071   152918.611
 93  WAG+F+I       75028.762    227 150511.524   150553.162   151852.226
 94  WAG+F+G4      72467.920    227 145389.840   145431.478   146730.543
 95  WAG+F+I+G4    72408.898    228 145273.795   145315.817   146620.404
 96  WAG+F+R2      73065.343    228 146586.686   146628.708   147933.295
 97  WAG+F+R3      72552.588    230 145565.175   145607.970   146923.596
 98  WAG+F+R4      72415.266    232 145294.532   145338.108   146664.766
 99  WAG+F+R5      72370.278    234 145208.555   145252.920   146590.601
100  WAG+F+R6      72346.578    236 145165.155   145210.317   146559.014
101  WAG+F+R7      72335.065    238 145146.130   145192.095   146551.801
102  WAG+F+R8      72329.459    240 145138.918   145185.696   146556.401
105  cpREV         76299.203    207 153012.405   153046.768   154234.984
106  cpREV+I       75742.084    208 151900.167   151934.876   153128.653
107  cpREV+G4      73153.486    208 146722.972   146757.680   147951.457
108  cpREV+I+G4    73087.529    209 146593.057   146628.113   147827.449
109  cpREV+R2      73802.892    209 148023.784   148058.839   149258.175
110  cpREV+R3      73246.198    211 146914.397   146950.154   148160.600
111  cpREV+R4      73114.374    213 146654.748   146691.213   147912.764
112  cpREV+R5      73065.957    215 146561.913   146599.095   147831.742
113  cpREV+R6      73040.562    217 146515.124   146553.030   147796.765
114  cpREV+R7      73026.200    219 146490.400   146529.036   147783.853
115  cpREV+R8      73018.794    221 146479.587   146518.963   147784.853
118  cpREV+F       75926.999    226 152305.998   152347.255   153640.795
119  cpREV+F+I     75340.121    227 151134.243   151175.881   152474.946
120  cpREV+F+G4    72770.657    227 145995.315   146036.953   147336.017
121  cpREV+F+I+G4  72699.218    228 145854.436   145896.457   147201.044
122  cpREV+F+R2    73452.285    228 147360.569   147402.591   148707.178
123  cpREV+F+R3    72855.701    230 146171.402   146214.197   147529.823
124  cpREV+F+R4    72731.603    232 145927.206   145970.782   147297.440
125  cpREV+F+R5    72683.867    234 145835.734   145880.098   147217.780
126  cpREV+F+R6    72657.465    236 145786.929   145832.090   147180.787
127  cpREV+F+R7    72643.246    238 145762.492   145808.458   147168.163
128  cpREV+F+R8    72635.304    240 145750.608   145797.385   147168.091
129  cpREV+F+R9    72630.488    242 145744.975   145792.572   147174.270
131  mtREV         82690.514    207 165795.029   165829.391   167017.608
132  mtREV+I       82229.432    208 164874.864   164909.572   166103.349
133  mtREV+G4      77556.686    208 155529.371   155564.080   156757.857
134  mtREV+I+G4    77523.337    209 155464.675   155499.730   156699.066
135  mtREV+R2      78398.913    209 157215.827   157250.883   158450.218
136  mtREV+R3      77717.979    211 155857.958   155893.715   157104.162
137  mtREV+R4      77571.224    213 155568.448   155604.913   156826.464
138  mtREV+R5      77496.594    215 155423.187   155460.369   156693.016
139  mtREV+R6      77437.757    217 155309.515   155347.420   156591.156
140  mtREV+R7      77407.407    219 155252.814   155291.450   156546.267
141  mtREV+R8      77391.475    221 155224.951   155264.326   156530.216
142  mtREV+R9      77380.433    223 155206.866   155246.988   156523.944
143  mtREV+R10     77356.693    225 155163.387   155204.263   156492.277
144  mtREV+F       78571.272    226 157594.545   157635.801   158929.341
145  mtREV+F+I     78017.182    227 156488.363   156530.001   157829.066
146  mtREV+F+G4    74194.019    227 148842.038   148883.676   150182.740
147  mtREV+F+I+G4  74158.164    228 148772.328   148814.349   150118.936
148  mtREV+F+R2    75029.822    228 150515.643   150557.665   151862.252
149  mtREV+F+R3    74377.663    230 149215.326   149258.121   150573.747
150  mtREV+F+R4    74210.785    232 148885.571   148929.147   150255.804
151  mtREV+F+R5    74130.475    234 148728.949   148773.314   150110.995
152  mtREV+F+R6    74089.207    236 148650.415   148695.576   150044.273
153  mtREV+F+R7    74066.533    238 148609.066   148655.031   150014.736
154  mtREV+F+R8    74053.427    240 148586.854   148633.631   150004.337
155  mtREV+F+R9    74045.031    242 148574.063   148621.660   150003.358
156  mtREV+F+R10   74023.905    244 148535.809   148584.234   149976.917
157  rtREV         76576.412    207 153566.824   153601.187   154789.403
158  rtREV+I       76094.370    208 152604.739   152639.447   153833.224
159  rtREV+G4      73009.791    208 146435.582   146470.290   147664.067
160  rtREV+I+G4    72970.006    209 146358.012   146393.068   147592.403
161  rtREV+R2      73695.565    209 147809.130   147844.186   149043.521
162  rtREV+R3      73140.387    211 146702.774   146738.531   147948.978
163  rtREV+R4      72984.153    213 146394.307   146430.773   147652.323
164  rtREV+R5      72930.116    215 146290.232   146327.414   147560.061
165  rtREV+R6      72900.140    217 146234.280   146272.186   147515.921
166  rtREV+R7      72884.247    219 146206.493   146245.130   147499.946
167  rtREV+R8      72876.142    221 146194.283   146233.659   147499.549
168  rtREV+R9      72871.915    223 146189.831   146229.953   147506.909
170  rtREV+F       76324.317    226 153100.633   153141.890   154435.430
171  rtREV+F+I     75831.440    227 152116.880   152158.518   153457.582
172  rtREV+F+G4    72628.805    227 145711.609   145753.247   147052.312
173  rtREV+F+I+G4  72588.130    228 145632.260   145674.282   146978.869
174  rtREV+F+R2    73313.491    228 147082.981   147125.003   148429.590
175  rtREV+F+R3    72753.458    230 145966.915   146009.710   147325.336
176  rtREV+F+R4    72606.034    232 145676.067   145719.643   147046.301
177  rtREV+F+R5    72553.655    234 145575.310   145619.675   146957.356
178  rtREV+F+R6    72522.165    236 145516.329   145561.490   146910.187
179  rtREV+F+R7    72504.993    238 145485.986   145531.951   146891.656
180  rtREV+F+R8    72496.133    240 145472.265   145519.042   146889.748
181  rtREV+F+R9    72491.564    242 145467.129   145514.725   146896.424
183  mtART         85369.205    207 171152.410   171186.772   172374.989
184  mtART+I       84822.648    208 170061.295   170096.004   171289.781
185  mtART+G4      78115.941    208 156647.883   156682.591   157876.368
186  mtART+I+G4    78068.354    209 156554.707   156589.763   157789.098
187  mtART+R2      79387.369    209 159192.738   159227.794   160427.129
188  mtART+R3      78378.249    211 157178.498   157214.255   158424.702
189  mtART+R4      78169.707    213 156765.415   156801.880   158023.431
190  mtART+R5      78073.312    215 156576.624   156613.806   157846.453
191  mtART+R6      78026.793    217 156487.586   156525.491   157769.227
192  mtART+R7      77993.578    219 156425.157   156463.794   157718.610
193  mtART+R8      77974.016    221 156390.033   156429.408   157695.298
194  mtART+R9      77960.587    223 156367.173   156407.295   157684.251
195  mtART+R10     77886.115    225 156222.230   156263.107   157551.121
196  mtART+F       81016.903    226 162485.807   162527.063   163820.603
197  mtART+F+I     80404.037    227 161262.075   161303.713   162602.777
198  mtART+F+G4    75015.512    227 150485.023   150526.661   151825.726
199  mtART+F+I+G4  74964.347    228 150384.694   150426.716   151731.303
200  mtART+F+R2    76168.546    228 152793.092   152835.114   154139.701
201  mtART+F+R3    75306.962    230 151073.923   151116.718   152432.344
202  mtART+F+R4    75104.440    232 150672.879   150716.455   152043.113
203  mtART+F+R5    75019.869    234 150507.737   150552.102   151889.783
204  mtART+F+R6    74968.392    236 150408.785   150453.946   151802.643
205  mtART+F+R7    74930.837    238 150337.673   150383.638   151743.344
206  mtART+F+R8    74904.949    240 150289.898   150336.675   151707.381
207  mtART+F+R9    74884.993    242 150253.986   150301.583   151683.281
208  mtART+F+R10   74807.856    244 150103.712   150152.136   151544.819
209  mtZOA         82606.343    207 165626.685   165661.048   166849.264
210  mtZOA+I       82072.801    208 164561.602   164596.311   165790.088
211  mtZOA+G4      76294.058    208 153004.116   153038.824   154232.601
212  mtZOA+I+G4    76247.578    209 152913.155   152948.211   154147.547
213  mtZOA+R2      77245.588    209 154909.177   154944.233   156143.568
214  mtZOA+R3      76486.292    211 153394.585   153430.342   154640.789
215  mtZOA+R4      76310.688    213 153047.377   153083.843   154305.393
216  mtZOA+R5      76247.289    215 152924.577   152961.759   154194.406
217  mtZOA+R6      76204.343    217 152842.686   152880.592   154124.327
218  mtZOA+R7      76172.653    219 152783.307   152821.944   154076.760
219  mtZOA+R8      76151.779    221 152745.559   152784.934   154050.824
220  mtZOA+R9      76137.647    223 152721.294   152761.416   154038.372
221  mtZOA+R10     76087.958    225 152625.916   152666.793   153954.807
222  mtZOA+F       79338.121    226 159128.242   159169.498   160463.039
223  mtZOA+F+I     78723.168    227 157900.337   157941.975   159241.040
224  mtZOA+F+G4    74126.000    227 148706.001   148747.639   150046.703
225  mtZOA+F+I+G4  74069.200    228 148594.399   148636.421   149941.008
226  mtZOA+F+R2    75085.951    228 150627.902   150669.924   151974.511
227  mtZOA+F+R3    74344.924    230 149149.847   149192.642   150508.268
228  mtZOA+F+R4    74179.584    232 148823.168   148866.744   150193.401
229  mtZOA+F+R5    74113.683    234 148695.365   148739.730   150077.411
230  mtZOA+F+R6    74063.870    236 148599.739   148644.900   149993.597
231  mtZOA+F+R7    74028.335    238 148532.670   148578.635   149938.341
232  mtZOA+F+R8    74008.895    240 148497.790   148544.567   149915.273
233  mtZOA+F+R9    73994.179    242 148472.358   148519.955   149901.653
234  mtZOA+F+R10   73940.707    244 148369.415   148417.839   149810.523
235  VT            75796.012    207 152006.024   152040.386   153228.603
236  VT+I          75260.143    208 150936.286   150970.994   152164.772
237  VT+G4         72697.312    208 145810.625   145845.333   147039.110
238  VT+I+G4       72639.276    209 145696.552   145731.608   146930.943
239  VT+R2         73274.668    209 146967.336   147002.392   148201.728
240  VT+R3         72790.859    211 146003.718   146039.475   147249.921
241  VT+R4         72640.240    213 145706.479   145742.945   146964.495
242  VT+R5         72598.138    215 145626.276   145663.457   146896.104
243  VT+R6         72585.812    217 145605.625   145643.530   146887.266
244  VT+R7         72576.979    219 145591.959   145630.595   146885.412
245  VT+R8         72571.638    221 145585.276   145624.652   146890.542
248  VT+F          75841.624    226 152135.249   152176.505   153470.045
249  VT+F+I        75315.807    227 151085.614   151127.252   152426.316
250  VT+F+G4       72748.254    227 145950.507   145992.145   147291.210
251  VT+F+I+G4     72690.601    228 145837.203   145879.225   147183.812
252  VT+F+R2       73315.176    228 147086.352   147128.374   148432.961
253  VT+F+R3       72836.404    230 146132.807   146175.602   147491.228
254  VT+F+R4       72683.329    232 145830.658   145874.234   147200.891
255  VT+F+R5       72641.799    234 145751.598   145795.963   147133.644
256  VT+F+R6       72634.170    236 145740.341   145785.502   147134.199
261  LG            75984.132    207 152382.264   152416.626   153604.843
262  LG+I          75458.438    208 151332.876   151367.585   152561.362
263  LG+G4         72294.574    208 145005.148   145039.856   146233.633
264  LG+I+G4       72249.209    209 144916.417   144951.473   146150.809
265  LG+R2         73003.746    209 146425.492   146460.548   147659.884
266  LG+R3         72427.658    211 145277.315   145313.072   146523.519
267  LG+R4         72261.232    213 144948.465   144984.930   146206.481
268  LG+R5         72210.206    215 144850.412   144887.594   146120.241
269  LG+R6         72200.194    217 144834.388   144872.293   146116.028
270  LG+R7         72190.753    219 144819.506   144858.142   146112.959
271  LG+R8         72181.872    221 144805.745   144845.120   146111.010
272  LG+R9         72165.657    223 144777.313   144817.435   146094.391
273  LG+R10        72143.222    225 144736.443   144777.320   146065.334
274  LG+F          76108.327    226 152668.653   152709.909   154003.450
275  LG+F+I        75586.239    227 151626.477   151668.115   152967.180
276  LG+F+G4       72390.713    227 145235.425   145277.063   146576.128
277  LG+F+I+G4     72343.243    228 145142.486   145184.508   146489.095
278  LG+F+R2       73084.564    228 146625.129   146667.150   147971.737
279  LG+F+R3       72517.955    230 145495.910   145538.705   146854.331
280  LG+F+R4       72359.412    232 145182.824   145226.400   146553.058
281  LG+F+R5       72304.677    234 145077.354   145121.719   146459.400
282  LG+F+R6       72294.885    236 145061.770   145106.931   146455.628
283  LG+F+R7       72285.376    238 145046.753   145092.718   146452.423
284  LG+F+R8       72276.578    240 145033.157   145079.934   146450.640
285  LG+F+R9       72260.739    242 145005.478   145053.075   146434.773
286  LG+F+R10      72239.345    244 144966.691   145015.115   146407.798
287  DCMut         77063.471    207 154540.942   154575.304   155763.521
288  DCMut+I       76389.111    208 153194.222   153228.930   154422.707
289  DCMut+G4      73465.608    208 147347.215   147381.924   148575.701
290  DCMut+I+G4    73395.721    209 147209.442   147244.498   148443.833
291  DCMut+R2      74245.750    209 148909.501   148944.557   150143.892
292  DCMut+R3      73601.573    211 147625.145   147660.902   148871.349
293  DCMut+R4      73416.100    213 147258.200   147294.666   148516.216
294  DCMut+R5      73376.312    215 147182.624   147219.806   148452.453
295  DCMut+R6      73369.141    217 147172.282   147210.187   148453.923
300  DCMut+F       77210.261    226 154872.522   154913.778   156207.318
301  DCMut+F+I     76551.635    227 153557.271   153598.909   154897.973
302  DCMut+F+G4    73553.713    227 147561.425   147603.063   148902.128
303  DCMut+F+I+G4  73486.199    228 147428.398   147470.420   148775.007
304  DCMut+F+R2    74312.468    228 149080.936   149122.958   150427.545
305  DCMut+F+R3    73676.303    230 147812.607   147855.402   149171.028
306  DCMut+F+R4    73508.864    232 147481.727   147525.303   148851.961
307  DCMut+F+R5    73462.674    234 147393.348   147437.712   148775.393
308  DCMut+F+R6    73455.495    236 147382.990   147428.151   148776.848
313  PMB           76036.358    207 152486.716   152521.079   153709.295
314  PMB+I         75539.245    208 151494.490   151529.198   152722.975
315  PMB+G4        73038.796    208 146493.592   146528.300   147722.077
316  PMB+I+G4      72986.664    209 146391.328   146426.384   147625.719
317  PMB+R2        73584.680    209 147587.360   147622.416   148821.751
318  PMB+R3        73126.458    211 146674.917   146710.674   147921.120
319  PMB+R4        72969.185    213 146364.369   146400.835   147622.385
320  PMB+R5        72929.831    215 146289.662   146326.844   147559.491
321  PMB+R6        72925.446    217 146284.893   146322.798   147566.533
326  PMB+F         75967.312    226 152386.624   152427.880   153721.420
327  PMB+F+I       75465.395    227 151384.791   151426.429   152725.494
328  PMB+F+G4      72969.744    227 146393.489   146435.127   147734.191
329  PMB+F+I+G4    72915.957    228 146287.915   146329.936   147634.523
330  PMB+F+R2      73516.581    228 147489.163   147531.185   148835.772
331  PMB+F+R3      73056.323    230 146572.645   146615.440   147931.066
332  PMB+F+R4      72900.739    232 146265.479   146309.055   147635.712
333  PMB+F+R5      72856.673    234 146181.345   146225.710   147563.391
334  PMB+F+R6      72854.211    236 146180.421   146225.582   147574.279
339  HIVb          80071.738    207 160557.476   160591.838   161780.055
340  HIVb+I        79361.230    208 159138.459   159173.168   160366.945
341  HIVb+G4       75438.826    208 151293.653   151328.361   152522.138
342  HIVb+I+G4     75388.528    209 151195.056   151230.112   152429.448
343  HIVb+R2       76334.667    209 153087.333   153122.389   154321.725
344  HIVb+R3       75634.892    211 151691.784   151727.541   152937.988
345  HIVb+R4       75410.251    213 151246.503   151282.968   152504.519
346  HIVb+R5       75328.956    215 151087.913   151125.094   152357.741
347  HIVb+R6       75328.725    217 151091.450   151129.356   152373.091
352  HIVb+F        79933.267    226 160318.534   160359.790   161653.330
353  HIVb+F+I      79218.054    227 158890.108   158931.746   160230.811
354  HIVb+F+G4     75146.034    227 150746.069   150787.707   152086.771
355  HIVb+F+I+G4   75099.712    228 150655.423   150697.445   152002.032
356  HIVb+F+R2     76070.894    228 152597.788   152639.810   153944.397
357  HIVb+F+R3     75356.399    230 151172.797   151215.592   152531.218
358  HIVb+F+R4     75126.558    232 150717.117   150760.693   152087.350
359  HIVb+F+R5     75040.609    234 150549.218   150593.583   151931.264
360  HIVb+F+R6     75040.605    236 150553.211   150598.372   151947.069
365  HIVw          83315.469    207 167044.939   167079.301   168267.518
366  HIVw+I        82523.273    208 165462.546   165497.254   166691.031
367  HIVw+G4       78675.218    208 157766.437   157801.145   158994.922
368  HIVw+I+G4     78618.637    209 157655.274   157690.330   158889.666
369  HIVw+R2       79638.540    209 159695.079   159730.135   160929.470
370  HIVw+R3       78959.701    211 158341.402   158377.159   159587.606
371  HIVw+R4       78676.368    213 157778.737   157815.202   159036.753
372  HIVw+R5       78592.765    215 157615.530   157652.711   158885.358
373  HIVw+R6       78592.705    217 157619.410   157657.316   158901.051
378  HIVw+F        82090.440    226 164632.879   164674.135   165967.676
379  HIVw+F+I      81271.637    227 162997.273   163038.911   164337.976
380  HIVw+F+G4     77310.979    227 155075.958   155117.596   156416.661
381  HIVw+F+I+G4   77251.934    228 154959.868   155001.889   156306.476
382  HIVw+F+R2     78268.665    228 156993.330   157035.352   158339.939
383  HIVw+F+R3     77558.281    230 155576.563   155619.358   156934.984
384  HIVw+F+R4     77311.112    232 155086.223   155129.799   156456.457
385  HIVw+F+R5     77222.386    234 154912.772   154957.137   156294.818
386  HIVw+F+R6     77222.371    236 154916.741   154961.902   156310.600
391  JTTDCMut      76936.455    207 154286.909   154321.272   155509.488
392  JTTDCMut+I    76342.275    208 153100.550   153135.258   154329.035
393  JTTDCMut+G4   73252.678    208 146921.356   146956.064   148149.841
394  JTTDCMut+I+G4 73199.801    209 146817.602   146852.658   148051.994
395  JTTDCMut+R2   73970.735    209 148359.471   148394.527   149593.862
396  JTTDCMut+R3   73392.345    211 147206.690   147242.447   148452.894
397  JTTDCMut+R4   73203.154    213 146832.309   146868.774   148090.325
398  JTTDCMut+R5   73140.297    215 146710.594   146747.776   147980.423
399  JTTDCMut+R6   73140.086    217 146714.172   146752.078   147995.813
404  JTTDCMut+F    77110.840    226 154673.681   154714.937   156008.477
405  JTTDCMut+F+I  76524.016    227 153502.031   153543.669   154842.734
406  JTTDCMut+F+G4 73379.816    227 147213.631   147255.269   148554.334
407  JTTDCMut+F+I+G4 73327.775    228 147111.550   147153.572   148458.159
408  JTTDCMut+F+R2 74092.125    228 148640.251   148682.272   149986.859
409  JTTDCMut+F+R3 73515.140    230 147490.281   147533.076   148848.702
410  JTTDCMut+F+R4 73334.086    232 147132.173   147175.749   148502.406
411  JTTDCMut+F+R5 73269.200    234 147006.400   147050.765   148388.446
412  JTTDCMut+F+R6 73268.995    236 147009.990   147055.151   148403.848
417  FLU           79117.147    207 158648.294   158682.656   159870.873
418  FLU+I         78513.987    208 157443.975   157478.683   158672.460
419  FLU+G4        74921.952    208 150259.904   150294.612   151488.389
420  FLU+I+G4      74870.101    209 150158.201   150193.257   151392.593
421  FLU+R2        75710.219    209 151838.437   151873.493   153072.829
422  FLU+R3        75101.820    211 150625.640   150661.397   151871.844
423  FLU+R4        74911.635    213 150249.270   150285.735   151507.286
424  FLU+R5        74820.058    215 150070.116   150107.298   151339.945
425  FLU+R6        74819.781    217 150073.562   150111.468   151355.203
430  FLU+F         78805.443    226 158062.887   158104.143   159397.683
431  FLU+F+I       78205.820    227 156865.640   156907.278   158206.342
432  FLU+F+G4      74499.927    227 149453.854   149495.492   150794.557
433  FLU+F+I+G4    74440.282    228 149336.564   149378.586   150683.173
434  FLU+F+R2      75274.440    228 151004.881   151046.903   152351.490
435  FLU+F+R3      74654.164    230 149768.328   149811.123   151126.749
436  FLU+F+R4      74482.550    232 149429.100   149472.676   150799.333
437  FLU+F+R5      74394.622    234 149257.244   149301.609   150639.290
438  FLU+F+R6      74394.418    236 149260.837   149305.998   150654.695
443  Blosum62      75892.839    207 152199.679   152234.041   153422.258
444  Blosum62+I    75400.711    208 151217.423   151252.131   152445.908
445  Blosum62+G4   72901.575    208 146219.150   146253.858   147447.635
446  Blosum62+I+G4 72851.589    209 146121.179   146156.235   147355.570
447  Blosum62+R2   73451.736    209 147321.473   147356.529   148555.864
448  Blosum62+R3   72987.114    211 146396.228   146431.985   147642.431
449  Blosum62+R4   72829.293    213 146084.587   146121.052   147342.603
450  Blosum62+R5   72788.413    215 146006.826   146044.007   147276.654
451  Blosum62+R6   72786.582    217 146007.164   146045.069   147288.805
456  Blosum62+F    75840.061    226 152132.123   152173.379   153466.919
457  Blosum62+F+I  75340.409    227 151134.818   151176.456   152475.520
458  Blosum62+F+G4 72855.299    227 146164.597   146206.235   147505.300
459  Blosum62+F+I+G4 72802.259    228 146060.519   146102.540   147407.127
460  Blosum62+F+R2 73402.722    228 147261.444   147303.466   148608.053
461  Blosum62+F+R3 72935.800    230 146331.600   146374.395   147690.021
462  Blosum62+F+R4 72782.945    232 146029.890   146073.466   147400.123
463  Blosum62+F+R5 72737.988    234 145943.975   145988.340   147326.021
464  Blosum62+F+R6 72736.957    236 145945.915   145991.076   147339.773
469  mtMet         83428.093    207 167270.186   167304.549   168492.766
470  mtMet+I       82915.502    208 166247.005   166281.713   167475.490
471  mtMet+G4      77715.850    208 155847.700   155882.409   157076.186
472  mtMet+I+G4    77669.892    209 155757.785   155792.841   156992.176
473  mtMet+R2      78607.640    209 157633.279   157668.335   158867.671
474  mtMet+R3      77880.782    211 156183.564   156219.321   157429.768
475  mtMet+R4      77701.228    213 155828.456   155864.921   157086.472
476  mtMet+R5      77621.892    215 155673.785   155710.967   156943.613
477  mtMet+R6      77620.075    217 155674.151   155712.056   156955.791
482  mtMet+F       79542.039    226 159536.078   159577.334   160870.875
483  mtMet+F+I     78918.598    227 158291.196   158332.834   159631.899
484  mtMet+F+G4    74566.783    227 149587.566   149629.204   150928.268
485  mtMet+F+I+G4  74515.626    228 149487.252   149529.274   150833.861
486  mtMet+F+R2    75466.574    228 151389.149   151431.171   152735.758
487  mtMet+F+R3    74779.707    230 150019.414   150062.209   151377.835
488  mtMet+F+R4    74595.348    232 149654.696   149698.272   151024.930
489  mtMet+F+R5    74503.927    234 149475.853   149520.218   150857.899
490  mtMet+F+R6    74501.005    236 149474.009   149519.170   150867.867
495  mtVer         84988.553    207 170391.106   170425.468   171613.685
496  mtVer+I       84464.575    208 169345.150   169379.858   170573.635
497  mtVer+G4      78553.111    208 157522.222   157556.930   158750.707
498  mtVer+I+G4    78474.532    209 157367.064   157402.120   158601.455
499  mtVer+R2      79491.229    209 159400.457   159435.513   160634.849
500  mtVer+R3      78728.206    211 157878.413   157914.170   159124.617
501  mtVer+R4      78515.453    213 157456.905   157493.371   158714.922
502  mtVer+R5      78429.758    215 157289.516   157326.698   158559.345
503  mtVer+R6      78428.410    217 157290.820   157328.725   158572.461
508  mtVer+F       81074.825    226 162601.651   162642.907   163936.447
509  mtVer+F+I     80380.370    227 161214.741   161256.379   162555.444
510  mtVer+F+G4    75643.423    227 151740.847   151782.485   153081.549
511  mtVer+F+I+G4  75588.660    228 151633.319   151675.341   152979.928
512  mtVer+F+R2    76647.809    228 153751.619   153793.641   155098.228
513  mtVer+F+R3    75909.680    230 152279.360   152322.155   153637.781
514  mtVer+F+R4    75697.652    232 151859.304   151902.880   153229.537
515  mtVer+F+R5    75601.685    234 151671.370   151715.735   153053.416
516  mtVer+F+R6    75599.588    236 151671.176   151716.337   153065.035
521  mtInv         82988.649    207 166391.298   166425.660   167613.877
522  mtInv+I       82461.017    208 165338.034   165372.742   166566.519
523  mtInv+G4      77875.339    208 156166.678   156201.387   157395.164
524  mtInv+I+G4    77839.096    209 156096.192   156131.248   157330.583
525  mtInv+R2      78664.920    209 157747.840   157782.896   158982.231
526  mtInv+R3      78040.929    211 156503.857   156539.614   157750.061
527  mtInv+R4      77870.239    213 156166.478   156202.944   157424.494
528  mtInv+R5      77784.760    215 155999.520   156036.702   157269.348
529  mtInv+R6      77783.222    217 156000.444   156038.350   157282.085
534  mtInv+F       78368.165    226 157188.330   157229.586   158523.127
535  mtInv+F+I     77744.917    227 155943.834   155985.472   157284.536
536  mtInv+F+G4    73936.734    227 148327.469   148369.107   149668.172
537  mtInv+F+I+G4  73881.357    228 148218.713   148260.735   149565.322
538  mtInv+F+R2    74775.244    228 150006.489   150048.510   151353.097
539  mtInv+F+R3    74124.884    230 148709.768   148752.563   150068.189
540  mtInv+F+R4    73945.877    232 148355.753   148399.329   149725.987
541  mtInv+F+R5    73868.406    234 148204.812   148249.177   149586.858
542  mtInv+F+R6    73867.059    236 148206.119   148251.280   149599.977
Akaike Information Criterion:           LG+R10
Corrected Akaike Information Criterion: LG+R10
Bayesian Information Criterion:         LG+R10
Best-fit model: LG+R10 chosen according to BIC

All model information printed to MSTRG.9541.1.p1.pep.faa.blastp_ALL.outfmt6.parsed.filtered.faa.mafft.aln.model.gz
CPU time for ModelFinder: 10817.886 seconds (3h:0m:17s)
Wall-clock time for ModelFinder: 10169.210 seconds (2h:49m:29s)
Generating 2000 samples for ultrafast bootstrap (seed: 242893)...

NOTE: 344 MB RAM (0 GB) is required!
Measuring multi-threading efficiency up to 2 CPU cores
2 trees examined
Threads: 1 / Time: 2.700 sec / Speedup: 1.000 / Efficiency: 100% / LogL: -99422
Threads: 2 / Time: 1.354 sec / Speedup: 1.995 / Efficiency: 100% / LogL: -99422
BEST NUMBER OF THREADS: 2

Estimate model parameters (epsilon = 0.100)
1. Initial log-likelihood: -72154.694
2. Current log-likelihood: -72145.305
3. Current log-likelihood: -72144.680
4. Current log-likelihood: -72144.381
5. Current log-likelihood: -72144.122
6. Current log-likelihood: -72143.981
7. Current log-likelihood: -72143.848
8. Current log-likelihood: -72143.724
9. Current log-likelihood: -72143.610
10. Current log-likelihood: -72143.508
Optimal log-likelihood: -72143.358
Site proportion and rates:  (0.088,0.049) (0.093,0.189) (0.103,0.295) (0.083,0.409) (0.108,0.571) (0.089,0.722) (0.106,1.011) (0.105,1.429) (0.109,1.810) (0.116,2.874)
Parameters optimization took 10 rounds (106.576 sec)
Computing ML distances based on estimated model parameters... 8.132 sec
Computing BIONJ tree...
0.005 seconds
Log-likelihood of BIONJ tree: -72373.677
--------------------------------------------------------------------
|             INITIALIZING CANDIDATE TREE SET                      |
--------------------------------------------------------------------
Generating 98 parsimony trees... 7.095 second
Computing log-likelihood of 98 initial trees ... 110.106 seconds
Current best score: -72143.358

Do NNI search on 20 best initial trees
Estimate model parameters (epsilon = 0.100)
BETTER TREE FOUND at iteration 1: -72000.841
Estimate model parameters (epsilon = 0.100)
BETTER TREE FOUND at iteration 2: -71951.772
Iteration 10 / LogL: -71998.381 / Time: 0h:6m:53s
Estimate model parameters (epsilon = 0.100)
BETTER TREE FOUND at iteration 13: -71949.530
Estimate model parameters (epsilon = 0.100)
BETTER TREE FOUND at iteration 16: -71944.099
Iteration 20 / LogL: -71978.274 / Time: 0h:10m:9s
Finish initializing candidate tree set (20)
Current best tree score: -71944.099 / CPU time: 488.238
Number of iterations: 20
--------------------------------------------------------------------
|               OPTIMIZING CANDIDATE TREE SET                      |
--------------------------------------------------------------------
Estimate model parameters (epsilon = 0.100)
BETTER TREE FOUND at iteration 22: -71936.338
Iteration 30 / LogL: -72020.675 / Time: 0h:12m:40s (0h:40m:13s left)
Estimate model parameters (epsilon = 0.100)
BETTER TREE FOUND at iteration 34: -71935.880
Estimate model parameters (epsilon = 0.100)
BETTER TREE FOUND at iteration 38: -71934.553
Iteration 40 / LogL: -71939.763 / Time: 0h:15m:15s (0h:38m:21s left)
Iteration 50 / LogL: -71934.650 / Time: 0h:17m:24s (0h:31m:15s left)
Log-likelihood cutoff on original alignment: -72033.618
Estimate model parameters (epsilon = 0.100)
BETTER TREE FOUND at iteration 60: -71934.135
Iteration 60 / LogL: -71934.135 / Time: 0h:19m:36s (0h:33m:13s left)
Iteration 70 / LogL: -71934.736 / Time: 0h:21m:40s (0h:28m:15s left)
Iteration 80 / LogL: -71943.545 / Time: 0h:23m:38s (0h:23m:56s left)
Iteration 90 / LogL: -72008.252 / Time: 0h:25m:43s (0h:20m:14s left)
Iteration 100 / LogL: -71935.982 / Time: 0h:27m:51s (0h:16m:52s left)
Log-likelihood cutoff on original alignment: -72033.618
NOTE: Bootstrap correlation coefficient of split occurrence frequencies: 0.996
Iteration 110 / LogL: -71940.970 / Time: 0h:30m:0s (0h:24m:46s left)
Iteration 120 / LogL: -71935.335 / Time: 0h:32m:6s (0h:21m:35s left)
Iteration 130 / LogL: -71983.126 / Time: 0h:34m:11s (0h:18m:33s left)
Iteration 140 / LogL: -71936.390 / Time: 0h:36m:14s (0h:15m:38s left)
Iteration 150 / LogL: -71935.531 / Time: 0h:38m:23s (0h:12m:52s left)
Log-likelihood cutoff on original alignment: -72033.618
Iteration 160 / LogL: -71934.143 / Time: 0h:40m:21s (0h:10m:9s left)
TREE SEARCH COMPLETED AFTER 161 ITERATIONS / Time: 0h:40m:34s

--------------------------------------------------------------------
|                    FINALIZING TREE SEARCH                        |
--------------------------------------------------------------------
Performs final model parameters optimization
Estimate model parameters (epsilon = 0.010)
1. Initial log-likelihood: -71934.135
Optimal log-likelihood: -71934.131
Site proportion and rates:  (0.085,0.047) (0.102,0.188) (0.103,0.316) (0.071,0.399) (0.103,0.569) (0.065,0.643) (0.153,0.992) (0.089,1.599) (0.100,1.644) (0.128,2.777)
Parameters optimization took 1 rounds (3.103 sec)
BEST SCORE FOUND : -71934.131
Creating bootstrap support values...
Split supports printed to NEXUS file MSTRG.9541.1.p1.pep.faa.blastp_ALL.outfmt6.parsed.filtered.faa.mafft.aln.splits.nex
Total tree length: 58.978

Total number of iterations: 161
CPU time used for tree search: 4606.940 sec (1h:16m:46s)
Wall-clock time used for tree search: 2312.482 sec (0h:38m:32s)
Total CPU time used: 4853.536 sec (1h:20m:53s)
Total wall-clock time used: 2437.814 sec (0h:40m:37s)

Computing bootstrap consensus tree...
Reading input file MSTRG.9541.1.p1.pep.faa.blastp_ALL.outfmt6.parsed.filtered.faa.mafft.aln.splits.nex...
105 taxa and 683 splits.
Consensus tree written to MSTRG.9541.1.p1.pep.faa.blastp_ALL.outfmt6.parsed.filtered.faa.mafft.aln.contree
Reading input trees file MSTRG.9541.1.p1.pep.faa.blastp_ALL.outfmt6.parsed.filtered.faa.mafft.aln.contree
Log-likelihood of consensus tree: -71936.318

Analysis results written to: 
  IQ-TREE report:                MSTRG.9541.1.p1.pep.faa.blastp_ALL.outfmt6.parsed.filtered.faa.mafft.aln.iqtree
  Maximum-likelihood tree:       MSTRG.9541.1.p1.pep.faa.blastp_ALL.outfmt6.parsed.filtered.faa.mafft.aln.treefile
  Likelihood distances:          MSTRG.9541.1.p1.pep.faa.blastp_ALL.outfmt6.parsed.filtered.faa.mafft.aln.mldist

Ultrafast bootstrap approximation results written to:
  Split support values:          MSTRG.9541.1.p1.pep.faa.blastp_ALL.outfmt6.parsed.filtered.faa.mafft.aln.splits.nex
  Consensus tree:                MSTRG.9541.1.p1.pep.faa.blastp_ALL.outfmt6.parsed.filtered.faa.mafft.aln.contree
  Screen log file:               MSTRG.9541.1.p1.pep.faa.blastp_ALL.outfmt6.parsed.filtered.faa.mafft.aln.log

Date and Time: Tue May 25 13:13:08 2021
