IQ-TREE multicore version 1.6.12 for Linux 64-bit built Aug 15 2019
Developed by Bui Quang Minh, Nguyen Lam Tung, Olga Chernomor,
Heiko Schmidt, Dominik Schrempf, Michael Woodhams.

Host:    coral (AVX512, FMA3, 376 GB RAM)
Command: /home/timothy/programs/iqtree-1.6.12-Linux/bin/iqtree -s MSTRG.23343.1.p1.pep.faa.blastp_ALL.outfmt6.parsed.filtered.faa.mafft.aln -nt AUTO -ntmax 2 -m MFP -bb 2000 -quiet
Seed:    833991 (Using SPRNG - Scalable Parallel Random Number Generator)
Time:    Mon May 24 23:25:32 2021
Kernel:  AVX+FMA - auto-detect threads (96 CPU cores detected)

Reading alignment file MSTRG.23343.1.p1.pep.faa.blastp_ALL.outfmt6.parsed.filtered.faa.mafft.aln ... Fasta format detected
Alignment most likely contains protein sequences
Alignment has 98 sequences with 4628 columns, 3616 distinct patterns
1697 parsimony-informative, 1512 singleton sites, 1419 constant sites
                                                                                                                            Gap/Ambiguity  Composition  p-value
   1  Bacteria-Chlamydiae-Chlamydiia-Chlamydiales-NA-Chlamydiales_bacterium_SCGC_AG110M15_WP_088244702.1                           84.53%    failed      0.00%
   2  Eukaryota-Acytosteliales-Acytosteliales-Acytosteliales-Acytosteliaceae-Acytostelium_subglobosum_XP_012753966.1               81.46%    failed      0.00%
   3  Eukaryota-Acytosteliales-Acytosteliales-Acytosteliales-Acytosteliaceae-Heterostelium_album_XP_020435988.1                    85.63%    failed      0.00%
   4  Eukaryota-Acytosteliales-Acytosteliales-Acytosteliales-Cavenderiaceae-Cavenderia_fasciculata_XP_004355730.1                  81.81%    failed      0.00%
   5  Eukaryota-Alveolata-Dinophyceae-NA-Unranked-Brandtodinium_nutriculum_MMETSP1462_c10919_g1_i1.p1                              88.61%    failed      0.16%
   6  Eukaryota-Alveolata-Dinophyceae-NA-Unranked-Oxyrrhis_marina_MMETSP0469_c58718_g1_i1.p1                                       85.50%    passed     13.07%
   7  Eukaryota-Alveolata-Dinophyceae-NA-Unranked-Togula_jolla_MMETSP0224_c39897_g1_i1.p1                                          85.48%    passed      7.37%
   8  Eukaryota-Amoebozoa-NA-NA-Paramoebidae-Filamoeba_nolandi_MMETSP0413_c21_g1_i1.p1                                             88.61%    failed      0.86%
   9  Eukaryota-Amoebozoa-NA-NA-Paramoebidae-Mayorella_sp_MMETSP0417_c15850_g1_i1.p1                                               78.67%    failed      0.00%
  10  Eukaryota-Amoebozoa-NA-NA-Paramoebidae-Sexangularia_sp_MMETSP0437_c8039_g1_i1.p1                                             83.92%    failed      0.00%
  11  Eukaryota-Annelida-Clitellata-Hirudinida-Glossiphoniidae-Helobdella_robusta_jgi107672                                        89.74%    failed      0.93%
  12  Eukaryota-Apicomplexa-Aconoidasida-Haemosporida-Plasmodiidae-Plasmodium_chabaudi_XP_016654891.1                              75.02%    failed      0.00%
  13  Eukaryota-Apicomplexa-Aconoidasida-Piroplasmida-Theileriidae-Theileria_equi_XP_004833829.1                                   88.85%    failed      0.33%
  14  Eukaryota-Apicomplexa-NA-Unranked-NA-Alveolata_sp_MMETSP0288_c24762_g1_i1.p1                                                 91.55%    passed     20.83%
  15  Eukaryota-Apusomonadidae-NA-NA-NA-Thecamonas_trahens_XP_013763009.1                                                          77.03%    failed      0.00%
  16  Eukaryota-Arthropoda-Insecta-Diptera-Tephritidae-Ceratitis_capitata_XP_012159093.1                                           77.31%    failed      0.00%
  17  Eukaryota-Arthropoda-Insecta-Hemiptera-Aphididae-Myzus_persicae_XP_022175747.1                                               84.79%    failed      0.94%
  18  Eukaryota-Arthropoda-Insecta-Hemiptera-Pentatomidae-Halyomorpha_halys_XP_024216759.1                                         87.04%    failed      1.76%
  19  Eukaryota-Ascomycota-Orbiliomycetes-Orbiliales-Orbiliaceae-Arthrobotrys_oligospora_XP_011123641.1                            83.45%    passed     42.54%
  20  Eukaryota-Ascomycota-Sordariomycetes-Hypocreales-Nectriaceae-Fusarium_oxysporum_XP_018235015.1                               81.01%    failed      0.09%
  21  Eukaryota-Ascomycota-Sordariomycetes-Magnaporthales-Magnaporthaceae-Gaeumannomyces_tritici_XP_009217386.1                    80.08%    failed      0.00%
  22  Eukaryota-Basidiomycota-Tremellomycetes-Tremellales-Cryptococcaceae-Cryptococcus_gattii_VGI_XP_003192341.1                   73.60%    failed      0.00%
  23  Eukaryota-Basidiomycota-Tremellomycetes-Tremellales-Cryptococcaceae-Kwoniella_mangrovensis_XP_019002336.1                    74.31%    failed      0.00%
  24  Eukaryota-Basidiomycota-Tremellomycetes-Tremellales-Cuniculitremaceae-Kockovaella_imperatae_XP_021873423.1                   73.27%    failed      0.00%
  25  Eukaryota-Cercozoa-Chlorarachniophyceae-NA-NA-Bigelowiella_natans_MMETSP1054_c3180_g1_i3.p1                                  81.63%    failed      0.00%
  26  Eukaryota-Cercozoa-Chlorarachniophyceae-NA-NA-Lotharella_globosa_MMETSP0112_c15066_g1_i1.p1                                  87.92%    passed      5.42%
  27  Eukaryota-Cercozoa-NA-Euglyphida-Paulinellidae-Paulinella_chromatophora_scaffold2232-size2579_m.26050                        87.68%    passed     30.70%
  28  Eukaryota-Chlorophyta-NA-NA-NA-Dolichomastix_tenuilepis_MMETSP0033_c1508_g1_i1.p1                                            81.18%    failed      0.00%
  29  Eukaryota-Chlorophyta-NA-NA-NA-Tetraselmis_astigmatica_MMETSP0804_c4296_g1_i3.p1                                             80.55%    failed      0.21%
  30  Eukaryota-Chlorophyta-NA-Pyramimonadales-NA-Pyramimonas_parkeae_MMETSP0058_c1717_g1_i1.p1                                    85.72%    passed      5.07%
  31  Eukaryota-Choanoflagellata-Choanoflagellata-Choanoflagellata-NA-Acanthoeca_sp_MMETSP0105_c25001_g1_i1.p1                     81.87%    failed      0.00%
  32  Eukaryota-Choanoflagellata-Choanoflagellata-Choanoflagellata-Salpingoecidae-Monosiga_brevicollis_XP_001750186.1              71.13%    failed      0.00%
  33  Eukaryota-Choanoflagellata-Choanoflagellata-Choanoflagellata-Salpingoecidae-Salpingoeca_rosetta_XP_004998265.1               79.34%    failed      0.00%
  34  Eukaryota-Chordata-Actinopteri-Gadiformes-Gadidae-Gadus_morhua_XP_030207178.1                                                78.69%    failed      0.00%
  35  Eukaryota-Chordata-Actinopteri-Perciformes-Bovichtidae-Cottoperca_gobio_XP_029285594.1                                       80.32%    failed      0.00%
  36  Eukaryota-Chordata-Actinopteri-Tetraodontiformes-Tetraodontidae-Takifugu_rubripes_XP_029706401.1                             80.19%    failed      0.00%
  37  Eukaryota-Chromeraceae-NA-NA-NA-Chromera_velia_MMETSP0290_c825_g1_i1.p1                                                      73.90%    failed      0.00%
  38  Eukaryota-Chromeraceae-NA-NA-NA-Vitrella_brassicaformis_MMETSP1451_c267_g1_i1.p1                                             82.39%    failed      0.19%
  39  Eukaryota-Chytridiomycota-Chytridiomycetes-Rhizophydiales-NA-Batrachochytrium_dendrobatidis_jgi86647                         87.34%    failed      0.47%
  40  Eukaryota-Chytridiomycota-Chytridiomycetes-Spizellomycetales-Spizellomycetaceae-Spizellomyces_punctatus_XP_016607217.1       50.09%    failed      0.00%
  41  Eukaryota-Ciliophora-NA-Unranked-NA-Platyophrya_macrostoma_MMETSP0127_c16058_g1_i1.p1                                        88.44%    passed     59.49%
  42  Eukaryota-Ciliophora-NA-Unranked-NA-Protocruzia_adherens_MMETSP0216_c15381_g2_i1.p1                                          82.52%    failed      0.03%
  43  Eukaryota-Ciliophora-Oligohymenophorea-Hymenostomatida-Tetrahymenidae-Tetrahymena_thermophila_XP_001019765.3                 84.18%    failed      0.00%
  44  Eukaryota-Cnidaria-Anthozoa-Actiniaria-Aiptasiidae-Exaiptasia_pallida_XP_020917337.1                                         87.68%    passed      7.65%
  45  Eukaryota-Cnidaria-Anthozoa-Scleractinia-Pocilloporidae-Pocillopora_damicornis_XP_027042372.1                                82.15%    failed      0.07%
  46  Eukaryota-Cnidaria-Anthozoa-Scleractinia-Pocilloporidae-Stylophora_pistillata_XP_022797042.1                                 82.99%    failed      0.05%
  47  Eukaryota-Cryptophyta-NA-Goniomondales-NA-Goniomonas_sp_MMETSP0114_c22035_g1_i1.p1                                           90.54%    passed      5.05%
  48  Eukaryota-Cryptophyta-NA-Pyrenomonadales-Chroomonadaceae-Chroomonas_mesostigmaticacf_MMETSP0047_c16812_g1_i1.p1              88.81%    passed     47.96%
  49  Eukaryota-Cryptophyta-NA-Pyrenomonadales-Geminigeraceae-Proteomonas_sulcata_MMETSP1049_c32202_g1_i1.p1                       91.40%    passed      8.59%
  50  Eukaryota-Dictyosteliales-Dictyosteliales-Dictyosteliales-Dictyosteliaceae-Dictyostelium_purpureum_jgi150656                 81.68%    failed      0.00%
  51  Eukaryota-Diplomonadida-Diplomonadida-Diplomonadida-Hexamitidae-Giardia_intestinalis_XP_001706344.1                          70.38%    failed      0.00%
  52  Eukaryota-Echinodermata-Echinoidea-Echinoida-Strongylocentrotidae-Strongylocentrotus_purpuratus_NP_001091918.1               85.31%    passed      5.71%
  53  Eukaryota-Euglenida-NA-Eutreptiales-NA-Eutreptiella_gymnastica-like_MMETSP0809_c2789_g1_i1.p1                                86.28%    failed      1.08%
  54  Eukaryota-Euglenida-NA-NA-Unranked-Neobodo_designis_MMETSP1114_c9629_g1_i1.p1                                                84.85%    failed      0.09%
  55  Eukaryota-Fonticulida-Fonticulida-Fonticulida-Fonticulaceae-Fonticula_alba_XP_009497122.1                                    77.90%    failed      0.00%
  56  Eukaryota-Glaucophyta-Glaucophyta-Gloeochaetales-Gloeochaetaceae-Gloeochaete_witrockiana_MMETSP0308_c19541_g1_i1.p1          86.86%    passed     11.18%
  57  Eukaryota-Glaucophyta-Glaucophyta-NA-Cyanophoraceae-Cyanophora_paradoxa_tig00001094_g6997.t1                                 83.08%    failed      0.00%
  58  Eukaryota-Haptophyta-NA-Pavlovales-Pavlovaceae-Pavlova_sp_MMETSP1139_c7294_g1_i1.p1                                          88.27%    passed     61.11%
  59  Eukaryota-Haptophyta-NA-Prymnesiales-NA-Imantonia_sp_MMETSP1474_c4455_g1_i1.p1                                               84.81%    failed      0.29%
  60  Eukaryota-Haptophyta-NA-Prymnesiales-NA-Pleurochrysis_carterae_MMETSP1136_c470_g1_i1.p1                                      89.97%    passed      9.41%
  61  Eukaryota-Heterolobosea-NA-NA-NA-Percolomonas_cosmopolitus_MMETSP0759_c760_g1_i1.p1                                          82.15%    failed      0.60%
  62  Eukaryota-Heterolobosea-NA-NA-Vahlkampfiidae-Naegleria_gruberi_jgi1662                                                       94.14%    passed      7.62%
  63  Eukaryota-Kinetoplastida-Kinetoplastida-Kinetoplastida-Trypanosomatidae-Leishmania_braziliensis_XP_001564041.1               86.37%    passed     53.28%
  64  Eukaryota-Kinetoplastida-Kinetoplastida-Kinetoplastida-Trypanosomatidae-Leptomonas_pyrrhocoris_XP_015659092.1                84.75%    failed      0.04%
  65  Eukaryota-Kinetoplastida-Kinetoplastida-Kinetoplastida-Trypanosomatidae-Trypanosoma_conorhini_XP_029231004.1                 86.54%    passed     68.68%
  66  Eukaryota-Longamoebia-Longamoebia-Longamoebia-Acanthamoebidae-Acanthamoeba_castellanii_XP_004336120.1                        86.93%    failed      0.00%
  67  Eukaryota-Mesomycetozoea-Ichthyosporea-Ichthyophonida-NA-Sphaeroforma_arctica_XP_014151570.1                                 91.90%    passed     32.81%
  68  Eukaryota-Mesomycetozoea-Ichthyosporea-NA-NA-Capsaspora_owczarzaki_XP_004349912.2                                            81.89%    failed      0.00%
  69  Eukaryota-Mollusca-Bivalvia-Pectinoida-Pectinidae-Mizuhopecten_yessoensis_XP_021345875.1                                     88.63%    passed     42.25%
  70  Eukaryota-Mollusca-Cephalopoda-Octopoda-Octopodidae-Octopus_bimaculoides_XP_014768217.1                                      84.51%    failed      0.42%
  71  Eukaryota-Mollusca-Gastropoda-NA-Lottiidae-Lottia_gigantea_jgi138753                                                         90.04%    failed      1.16%
  72  Eukaryota-Mucorales-Mucoraceae-Undefined-Undefined-Mucor_circinelloides_jgi32396                                             93.80%    passed     40.06%
  73  Eukaryota-Mucoromycota-Glomeromycetes-Glomerales-Glomeraceae-Rhizophagus_irregularis_XP_025182850.1                          83.75%    failed      0.01%
  74  Eukaryota-Mucoromycota-Mucoromycetes-Mucorales-Phycomycetaceae-Phycomyces_blakesleeanus_XP_018294250.1                       83.62%    failed      3.58%
  75  Eukaryota-Mucoromycota-Mucoromycetes-Mucorales-Rhizopodaceae-Rhizopus_microsporus_XP_023464160.1                             89.39%    passed     10.23%
  76  Eukaryota-Nematoda-Chromadorea-Rhabditida-Onchocercidae-Loa_loa_XP_020302235.1                                               89.09%    failed      0.35%
  77  Eukaryota-Nematoda-Chromadorea-Rhabditida-Rhabditidae-Caenorhabditis_elegans_NP_871945.1                                     85.44%    passed      7.55%
  78  Eukaryota-Nematoda-Enoplea-Trichinellida-Trichinellidae-Trichinella_spiralis_XP_003379188.1                                  84.12%    failed      3.31%
  79  Eukaryota-Palpitomonas-NA-NA-NA-Palpitomonas_bilix_MMETSP0780_c12382_g1_i1.p1                                                88.92%    failed      0.41%
  80  Eukaryota-Perkinsozoa-NA-Perkinsida-Perkinsidae-Perkinsus_marinus_XP_002771626.1                                             84.12%    failed      0.18%
  81  Eukaryota-Placozoa-NA-NA-Trichoplacidae-Trichoplax_adhaerens_XP_002113928.1                                                  93.04%    passed     44.04%
  82  Eukaryota-Platyhelminthes-Cestoda-Cyclophyllidea-Taeniidae-Echinococcus_granulosus_XP_024354381.1                            82.91%    failed      1.04%
  83  Eukaryota-Platyhelminthes-Trematoda-Opisthorchiida-Opisthorchiidae-Opisthorchis_viverrini_XP_009174069.1                     88.83%    passed     13.22%
  84  Eukaryota-Platyhelminthes-Trematoda-Strigeidida-Schistosomatidae-Schistosoma_haematobium_XP_012797136.1                      81.33%    failed      0.00%
  85  Eukaryota-Porifera-Demospongiae-Haplosclerida-Niphatidae-Amphimedon_queenslandica_jgiAqu1216206                              80.79%    failed      0.09%
  86  Eukaryota-Priapulida-Priapulimorpha-Priapulimorphida-Priapulidae-Priapulus_caudatus_XP_014662411.1                           87.27%    passed     25.61%
  87  Eukaryota-Retaria-NA-NA-NA-Ammonia_sp_MMETSP1384_c19095_g1_i1.p1                                                             80.75%    failed      0.00%
  88  Eukaryota-Retaria-NA-NA-NA-Elphidium_margaritaceum_MMETSP1385_c14330_g1_i1.p1                                                84.62%    failed      0.00%
  89  Eukaryota-Retaria-NA-NA-NA-Rosalina_sp_MMETSP0190_c1877_g1_i1.p1                                                             93.28%    failed      0.06%
  90  Eukaryota-Rhodophyta-Compsopogonophyceae-NA-NA-Madagascaria_erythrocladiodes_MMETSP1450_c2742_g1_i1.p1                       91.64%    failed      0.00%
  91  Eukaryota-Stramenopiles-Bacillariophyceae-Bacillariales-Bacillariaceae-Cylindrotheca_closterium_MMETSP0017_c10998_g2_i1.p1   81.53%    failed      0.00%
  92  Eukaryota-Stramenopiles-Labyrinthista-NA-NA-Thraustochytrium_sp_MMETSP0198_c484_g1_i1.p1                                     89.13%    passed     38.71%
  93  Eukaryota-Stramenopiles-Labyrinthulomycetes-Unranked-Unranked-Schizochytrium_aggregatum_jgi98248                             92.70%    passed     14.62%
  94  Eukaryota-Streptophyta-Bryopsida-Funariales-Funariaceae-Physcomitrella_patens_XP_024382802.1                                 72.36%    failed      0.28%
  95  Eukaryota-Streptophyta-NA-Fagales-Fagaceae-Quercus_suber_XP_023888888.1                                                      82.09%    failed      0.00%
  96  Eukaryota-Streptophyta-NA-Malpighiales-Salicaceae-Populus_euphratica_XP_011015101.1                                          88.29%    failed      0.97%
  97  Eukaryota-Trichomonadida-Trichomonadida-Trichomonadida-Trichomonadidae-Trichomonas_vaginalis_XP_001301520.1                  75.45%    failed      0.00%
  98  MSTRG.23343.1.p1                                                                                                             87.62%    failed      0.57%
WARNING: 98 sequences contain more than 50% gaps/ambiguity
****  TOTAL                                                                                                                        83.91%  69 sequences failed composition chi2 test (p-value<5%; df=19)


Create initial parsimony tree by phylogenetic likelihood library (PLL)... 0.543 seconds
NOTE: ModelFinder requires 578 MB RAM!
ModelFinder will test 546 protein models (sample size: 4628) ...
 No. Model         -LnL         df  AIC          AICc         BIC
Measuring multi-threading efficiency up to 2 CPU cores
7 trees examined
Threads: 1 / Time: 2.296 sec / Speedup: 1.000 / Efficiency: 100% / LogL: -183096
Threads: 2 / Time: 1.049 sec / Speedup: 2.189 / Efficiency: 109% / LogL: -183096
BEST NUMBER OF THREADS: 2

  1  Dayhoff       163827.833   193 328041.667   328058.555   329284.563
  2  Dayhoff+I     163044.294   194 326476.588   326493.656   327725.925
  3  Dayhoff+G4    159067.055   194 318522.110   318539.177   319771.446
  4  Dayhoff+I+G4  158942.926   195 318275.852   318293.100   319531.629
  5  Dayhoff+R2    159980.593   195 320351.186   320368.433   321606.963
  6  Dayhoff+R3    158944.646   197 318283.292   318300.902   319551.948
  7  Dayhoff+R4    158691.312   199 317780.623   317798.600   319062.160
  8  Dayhoff+R5    158599.737   201 317601.475   317619.822   318895.891
  9  Dayhoff+R6    158537.439   203 317480.877   317499.599   318788.173
 10  Dayhoff+R7    158500.423   205 317410.846   317429.946   318731.021
 11  Dayhoff+R8    158472.673   207 317359.346   317378.828   318692.401
 12  Dayhoff+R9    158459.336   209 317336.672   317356.540   318682.607
 13  Dayhoff+R10   158452.310   211 317326.620   317346.879   318685.435
 14  Dayhoff+F     162925.011   212 326274.022   326294.478   327639.276
 15  Dayhoff+F+I   162083.517   213 324593.033   324613.687   325964.728
 16  Dayhoff+F+G4  158122.139   213 316670.278   316690.931   318041.972
 17  Dayhoff+F+I+G4 157991.573   214 316411.146   316431.998   317789.280
 18  Dayhoff+F+R2  158988.258   214 318404.517   318425.369   319782.651
 19  Dayhoff+F+R3  157911.338   216 316254.675   316275.927   317645.689
 20  Dayhoff+F+R4  157676.529   218 315789.059   315810.715   317192.952
 21  Dayhoff+F+R5  157576.625   220 315593.249   315615.314   317010.023
 22  Dayhoff+F+R6  157525.614   222 315495.229   315517.706   316924.882
 23  Dayhoff+F+R7  157500.721   224 315449.441   315472.335   316891.974
 24  Dayhoff+F+R8  157487.511   226 315427.022   315450.336   316882.435
 25  Dayhoff+F+R9  157476.382   228 315408.764   315432.502   316877.057
 26  Dayhoff+F+R10 157469.587   230 315399.175   315423.341   316880.347
 27  mtMAM         176709.166   193 353804.333   353821.221   355047.230
 28  mtMAM+I       175678.414   194 351744.828   351761.896   352994.165
 29  mtMAM+G4      167458.067   194 335304.134   335321.202   336553.471
 30  mtMAM+I+G4    167330.738   195 335051.476   335068.724   336307.253
 31  mtMAM+R2      169069.915   195 338529.830   338547.077   339785.606
 32  mtMAM+R3      167642.710   197 335679.421   335697.030   336948.077
 33  mtMAM+R4      167123.576   199 334645.152   334663.128   335926.688
 34  mtMAM+R5      166800.957   201 334003.914   334022.261   335298.330
 35  mtMAM+R6      166709.668   203 333825.335   333844.057   335132.631
 36  mtMAM+R7      166662.334   205 333734.668   333753.768   335054.843
 37  mtMAM+R8      166628.983   207 333671.966   333691.449   335005.022
 38  mtMAM+R9      166592.322   209 333602.644   333622.512   334948.579
 39  mtMAM+R10     166568.011   211 333558.022   333578.281   334916.837
 40  mtMAM+F       168928.502   212 338281.004   338301.460   339646.259
 41  mtMAM+F+I     167829.623   213 336085.246   336105.899   337456.941
 42  mtMAM+F+G4    161218.675   213 322863.351   322884.004   324235.045
 43  mtMAM+F+I+G4  161087.213   214 322602.427   322623.279   323980.561
 44  mtMAM+F+R2    162865.234   214 326158.467   326179.319   327536.602
 45  mtMAM+F+R3    161458.164   216 323348.329   323369.581   324739.343
 46  mtMAM+F+R4    161028.991   218 322493.981   322515.638   323897.875
 47  mtMAM+F+R5    160768.578   220 321977.156   321999.221   323393.929
 48  mtMAM+F+R6    160699.273   222 321842.545   321865.022   323272.199
 49  mtMAM+F+R7    160641.829   224 321731.658   321754.552   323174.191
 50  mtMAM+F+R8    160601.728   226 321655.456   321678.770   323110.869
 51  mtMAM+F+R9    160565.801   228 321587.602   321611.340   323055.894
 52  mtMAM+F+R10   160542.042   230 321544.084   321568.250   323025.256
 53  JTT           162562.022   193 325510.045   325526.933   326752.941
 54  JTT+I         161742.647   194 323873.295   323890.362   325122.632
 55  JTT+G4        157985.449   194 316358.899   316375.966   317608.235
 56  JTT+I+G4      157848.788   195 316087.576   316104.824   317343.353
 57  JTT+R2        158720.412   195 317830.824   317848.071   319086.600
 58  JTT+R3        157713.161   197 315820.323   315837.933   317088.979
 59  JTT+R4        157531.113   199 315460.227   315478.203   316741.763
 60  JTT+R5        157430.501   201 315263.002   315281.349   316557.418
 61  JTT+R6        157379.841   203 315165.682   315184.403   316472.977
 62  JTT+R7        157373.171   205 315156.342   315175.442   316476.517
 66  JTT+F         162453.007   212 325330.014   325350.470   326695.269
 67  JTT+F+I       161618.843   213 323663.686   323684.339   325035.381
 68  JTT+F+G4      157870.566   213 316167.132   316187.785   317538.826
 69  JTT+F+I+G4    157736.030   214 315900.060   315920.912   317278.194
 70  JTT+F+R2      158583.516   214 317595.033   317615.885   318973.167
 71  JTT+F+R3      157563.401   216 315558.803   315580.055   316949.817
 72  JTT+F+R4      157384.294   218 315204.589   315226.245   316608.483
 73  JTT+F+R5      157276.133   220 314992.266   315014.331   316409.039
 74  JTT+F+R6      157229.173   222 314902.346   314924.824   316332.000
 75  JTT+F+R7      157226.912   224 314901.824   314924.718   316344.358
 79  WAG           161348.818   193 323083.637   323100.525   324326.533
 80  WAG+I         160639.073   194 321666.147   321683.214   322915.484
 81  WAG+G4        157447.337   194 315282.675   315299.742   316532.012
 82  WAG+I+G4      157315.392   195 315020.784   315038.031   316276.560
 83  WAG+R2        158041.974   195 316473.947   316491.195   317729.724
 84  WAG+R3        157155.308   197 314704.615   314722.225   315973.271
 85  WAG+R4        156976.870   199 314351.739   314369.716   315633.275
 86  WAG+R5        156861.176   201 314124.351   314142.698   315418.767
 87  WAG+R6        156820.063   203 314046.125   314064.847   315353.421
 88  WAG+R7        156813.888   205 314037.776   314056.876   315357.951
 92  WAG+F         161233.301   212 322890.602   322911.058   324255.857
 93  WAG+F+I       160495.479   213 321416.957   321437.610   322788.652
 94  WAG+F+G4      157252.704   213 314931.408   314952.061   316303.102
 95  WAG+F+I+G4    157121.076   214 314670.152   314691.004   316048.286
 96  WAG+F+R2      157862.809   214 316153.618   316174.470   317531.752
 97  WAG+F+R3      156957.458   216 314346.915   314368.168   315737.930
 98  WAG+F+R4      156765.863   218 313967.727   313989.383   315371.621
 99  WAG+F+R5      156650.572   220 313741.144   313763.209   315157.918
100  WAG+F+R6      156611.399   222 313666.798   313689.275   315096.451
101  WAG+F+R7      156605.153   224 313658.307   313681.200   315100.840
105  cpREV         162169.490   193 324724.981   324741.869   325967.877
106  cpREV+I       161580.944   194 323549.887   323566.955   324799.224
107  cpREV+G4      158353.665   194 317095.330   317112.398   318344.667
108  cpREV+I+G4    158252.233   195 316894.467   316911.714   318150.243
109  cpREV+R2      159008.301   195 318406.603   318423.850   319662.379
110  cpREV+R3      158129.696   197 316653.391   316671.001   317922.048
111  cpREV+R4      157909.865   199 316217.729   316235.706   317499.265
112  cpREV+R5      157806.434   201 316014.868   316033.215   317309.284
113  cpREV+R6      157768.109   203 315942.219   315960.940   317249.515
114  cpREV+R7      157762.517   205 315935.035   315954.135   317255.210
118  cpREV+F       161907.536   212 324239.071   324259.527   325604.326
119  cpREV+F+I     161264.228   213 322954.457   322975.110   324326.151
120  cpREV+F+G4    157778.450   213 315982.901   316003.554   317354.595
121  cpREV+F+I+G4  157674.049   214 315776.099   315796.951   317154.233
122  cpREV+F+R2    158561.048   214 317550.095   317570.947   318928.229
123  cpREV+F+R3    157555.952   216 315543.905   315565.157   316934.919
124  cpREV+F+R4    157328.305   218 315092.610   315114.266   316496.503
125  cpREV+F+R5    157214.139   220 314868.278   314890.343   316285.052
126  cpREV+F+R6    157174.255   222 314792.509   314814.986   316222.163
127  cpREV+F+R7    157174.190   224 314796.380   314819.273   316238.913
131  mtREV         171660.491   193 343706.983   343723.871   344949.880
132  mtREV+I       170912.327   194 342212.654   342229.721   343461.991
133  mtREV+G4      165189.567   194 330767.133   330784.201   332016.470
134  mtREV+I+G4    165069.812   195 330529.625   330546.872   331785.401
135  mtREV+R2      166102.286   195 332594.572   332611.820   333850.349
136  mtREV+R3      165087.535   197 330569.070   330586.680   331837.727
137  mtREV+R4      164766.136   199 329930.273   329948.249   331211.809
138  mtREV+R5      164572.269   201 329546.538   329564.885   330840.954
139  mtREV+R6      164510.161   203 329426.321   329445.043   330733.617
140  mtREV+R7      164510.086   205 329430.172   329449.272   330750.347
144  mtREV+F       165078.232   212 330580.464   330600.919   331945.718
145  mtREV+F+I     164171.400   213 328768.801   328789.454   330140.495
146  mtREV+F+G4    159326.411   213 319078.822   319099.475   320450.516
147  mtREV+F+I+G4  159202.545   214 318833.089   318853.941   320211.224
148  mtREV+F+R2    160538.837   214 321505.674   321526.526   322883.809
149  mtREV+F+R3    159244.445   216 318920.890   318942.142   320311.904
150  mtREV+F+R4    158933.079   218 318302.159   318323.815   319706.053
151  mtREV+F+R5    158779.875   220 317999.750   318021.815   319416.523
152  mtREV+F+R6    158719.519   222 317883.038   317905.516   319312.692
153  mtREV+F+R7    158719.388   224 317886.775   317909.669   319329.309
157  rtREV         162875.904   193 326137.809   326154.698   327380.706
158  rtREV+I       162150.663   194 324689.326   324706.393   325938.663
159  rtREV+G4      158559.526   194 317507.053   317524.120   318756.390
160  rtREV+I+G4    158424.223   195 317238.445   317255.692   318494.222
161  rtREV+R2      159292.159   195 318974.317   318991.565   320230.094
162  rtREV+R3      158370.621   197 317135.241   317152.851   318403.898
163  rtREV+R4      158119.765   199 316637.530   316655.507   317919.066
164  rtREV+R5      158011.010   201 316424.020   316442.367   317718.436
165  rtREV+R6      157974.991   203 316355.982   316374.703   317663.277
166  rtREV+R7      157974.947   205 316359.894   316378.994   317680.069
170  rtREV+F       161781.395   212 323986.790   324007.245   325352.044
171  rtREV+F+I     161010.530   213 322447.059   322467.713   323818.754
172  rtREV+F+G4    157235.851   213 314897.701   314918.354   316269.396
173  rtREV+F+I+G4  157092.476   214 314612.953   314633.805   315991.087
174  rtREV+F+R2    157989.573   214 316407.145   316427.997   317785.279
175  rtREV+F+R3    157044.800   216 314521.601   314542.853   315912.615
176  rtREV+F+R4    156777.861   218 313991.722   314013.379   315395.616
177  rtREV+F+R5    156666.624   220 313773.248   313795.313   315190.022
178  rtREV+F+R6    156619.375   222 313682.750   313705.227   315112.403
179  rtREV+F+R7    156619.316   224 313686.633   313709.526   315129.166
183  mtART         174486.388   193 349358.776   349375.665   350601.673
184  mtART+I       173896.219   194 348180.439   348197.506   349429.775
185  mtART+G4      166304.750   194 332997.500   333014.567   334246.836
186  mtART+I+G4    166244.285   195 332878.570   332895.817   334134.346
187  mtART+R2      167452.396   195 335294.792   335312.040   336550.569
188  mtART+R3      166347.947   197 333089.894   333107.504   334358.550
189  mtART+R4      165984.149   199 332366.298   332384.274   333647.834
190  mtART+R5      165731.093   201 331864.186   331882.533   333158.602
191  mtART+R6      165646.103   203 331698.205   331716.927   333005.501
192  mtART+R7      165646.012   205 331702.024   331721.124   333022.199
196  mtART+F       166946.089   212 334316.178   334336.633   335681.432
197  mtART+F+I     166296.293   213 333018.586   333039.239   334390.280
198  mtART+F+G4    159715.747   213 319857.494   319878.148   321229.189
199  mtART+F+I+G4  159658.156   214 319744.311   319765.163   321122.446
200  mtART+F+R2    161097.693   214 322623.386   322644.238   324001.520
201  mtART+F+R3    159899.482   216 320230.963   320252.215   321621.977
202  mtART+F+R4    159500.887   218 319437.774   319459.431   320841.668
203  mtART+F+R5    159267.882   220 318975.764   318997.829   320392.537
204  mtART+F+R6    159167.643   222 318779.286   318801.763   320208.940
205  mtART+F+R7    159167.563   224 318783.125   318806.018   320225.658
209  mtZOA         170532.288   193 341450.577   341467.465   342693.474
210  mtZOA+I       169921.089   194 340230.177   340247.245   341479.514
211  mtZOA+G4      163308.919   194 327005.838   327022.906   328255.175
212  mtZOA+I+G4    163239.987   195 326869.973   326887.221   328125.750
213  mtZOA+R2      164109.717   195 328609.433   328626.681   329865.210
214  mtZOA+R3      163175.415   197 326744.829   326762.439   328013.486
215  mtZOA+R4      162903.146   199 326204.292   326222.268   327485.828
216  mtZOA+R5      162717.192   201 325836.383   325854.730   327130.799
217  mtZOA+R6      162653.366   203 325712.731   325731.453   327020.027
218  mtZOA+R7      162653.260   205 325716.520   325735.620   327036.696
222  mtZOA+F       165020.294   212 330464.589   330485.045   331829.843
223  mtZOA+F+I     164292.433   213 329010.865   329031.519   330382.560
224  mtZOA+F+G4    158661.704   213 317749.408   317770.062   319121.103
225  mtZOA+F+I+G4  158576.713   214 317581.426   317602.278   318959.560
226  mtZOA+F+R2    159867.472   214 320162.944   320183.796   321541.079
227  mtZOA+F+R3    158688.862   216 317809.725   317830.977   319200.739
228  mtZOA+F+R4    158335.035   218 317106.071   317127.727   318509.964
229  mtZOA+F+R5    158217.895   220 316875.790   316897.855   318292.563
230  mtZOA+F+R6    158115.045   222 316674.091   316696.568   318103.744
231  mtZOA+F+R7    158114.070   224 316676.140   316699.033   318118.673
235  VT            160842.915   193 322071.830   322088.718   323314.726
236  VT+I          160124.700   194 320637.400   320654.467   321886.736
237  VT+G4         157221.125   194 314830.250   314847.317   316079.586
238  VT+I+G4       157073.268   195 314536.535   314553.783   315792.312
239  VT+R2         157667.480   195 315724.961   315742.208   316980.737
240  VT+R3         156881.828   197 314157.657   314175.267   315426.313
241  VT+R4         156706.588   199 313811.176   313829.153   315092.712
242  VT+R5         156628.040   201 313658.080   313676.427   314952.496
243  VT+R6         156589.449   203 313584.898   313603.619   314892.193
244  VT+R7         156589.351   205 313588.702   313607.802   314908.877
248  VT+F          160926.448   212 322276.896   322297.352   323642.151
249  VT+F+I        160201.123   213 320828.247   320848.900   322199.941
250  VT+F+G4       157300.974   213 315027.948   315048.601   316399.642
251  VT+F+I+G4     157154.726   214 314737.452   314758.305   316115.587
252  VT+F+R2       157752.861   214 315933.722   315954.574   317311.856
253  VT+F+R3       156949.727   216 314331.455   314352.707   315722.469
254  VT+F+R4       156778.102   218 313992.204   314013.861   315396.098
255  VT+F+R5       156692.841   220 313825.681   313847.746   315242.455
256  VT+F+R6       156658.184   222 313760.368   313782.845   315190.021
257  VT+F+R7       156658.155   224 313764.309   313787.203   315206.842
261  LG            161757.133   193 323900.266   323917.155   325143.163
262  LG+I          160977.008   194 322342.017   322359.084   323591.353
263  LG+G4         157042.596   194 314473.193   314490.260   315722.529
264  LG+I+G4       156908.214   195 314206.428   314223.675   315462.204
265  LG+R2         157855.873   195 316101.745   316118.993   317357.522
266  LG+R3         156876.043   197 314146.085   314163.695   315414.742
267  LG+R4         156615.839   199 313629.677   313647.654   314911.213
268  LG+R5         156493.668   201 313389.336   313407.683   314683.752
269  LG+R6         156449.571   203 313305.143   313323.864   314612.439
270  LG+R7         156444.211   205 313298.423   313317.523   314618.598
274  LG+F          161784.101   212 323992.202   324012.657   325357.456
275  LG+F+I        160984.433   213 322394.867   322415.520   323766.561
276  LG+F+G4       157023.601   213 314473.202   314493.855   315844.897
277  LG+F+I+G4     156885.760   214 314199.519   314220.371   315577.653
278  LG+F+R2       157830.444   214 316088.889   316109.741   317467.023
279  LG+F+R3       156833.766   216 314099.532   314120.784   315490.546
280  LG+F+R4       156582.688   218 313601.376   313623.032   315005.270
281  LG+F+R5       156457.553   220 313355.107   313377.172   314771.880
282  LG+F+R6       156405.186   222 313254.372   313276.849   314684.025
283  LG+F+R7       156403.655   224 313255.310   313278.204   314697.843
287  DCMut         163812.443   193 328010.886   328027.774   329253.783
288  DCMut+I       163029.738   194 326447.475   326464.542   327696.812
289  DCMut+G4      159065.214   194 318518.428   318535.496   319767.765
290  DCMut+I+G4    158940.921   195 318271.841   318289.089   319527.618
291  DCMut+R2      159925.660   195 320241.320   320258.568   321497.097
292  DCMut+R3      158846.869   197 318087.737   318105.347   319356.393
293  DCMut+R4      158664.368   199 317726.737   317744.713   319008.273
294  DCMut+R5      158505.308   201 317412.617   317430.964   318707.032
295  DCMut+R6      158455.435   203 317316.870   317335.591   318624.165
296  DCMut+R7      158455.118   205 317320.235   317339.335   318640.411
300  DCMut+F       162909.986   212 326243.971   326264.427   327609.226
301  DCMut+F+I     162069.705   213 324565.410   324586.064   325937.105
302  DCMut+F+G4    158119.921   213 316665.841   316686.495   318037.536
303  DCMut+F+I+G4  157989.172   214 316406.344   316427.196   317784.478
304  DCMut+F+R2    158935.114   214 318298.228   318319.080   319676.362
305  DCMut+F+R3    157850.022   216 316132.044   316153.296   317523.058
306  DCMut+F+R4    157661.423   218 315758.846   315780.502   317162.739
307  DCMut+F+R5    157514.919   220 315469.837   315491.902   316886.611
308  DCMut+F+R6    157467.121   222 315378.242   315400.719   316807.896
309  DCMut+F+R7    157466.830   224 315381.660   315404.554   316824.193
313  PMB           161263.212   193 322912.424   322929.313   324155.321
314  PMB+I         160715.823   194 321819.645   321836.713   323068.982
315  PMB+G4        157896.227   194 316180.454   316197.522   317429.791
316  PMB+I+G4      157785.830   195 315961.661   315978.908   317217.437
317  PMB+R2        158215.830   195 316821.661   316838.908   318077.437
318  PMB+R3        157529.168   197 315452.336   315469.946   316720.993
319  PMB+R4        157352.996   199 315103.992   315121.968   316385.528
320  PMB+R5        157283.415   201 314968.830   314987.177   316263.246
321  PMB+R6        157260.194   203 314926.388   314945.110   316233.684
322  PMB+R7        157260.190   205 314930.379   314949.479   316250.555
326  PMB+F         161057.313   212 322538.626   322559.081   323903.880
327  PMB+F+I       160476.354   213 321378.708   321399.361   322750.402
328  PMB+F+G4      157605.672   213 315637.345   315657.998   317009.039
329  PMB+F+I+G4    157491.331   214 315410.662   315431.514   316788.796
330  PMB+F+R2      158008.021   214 316444.043   316464.895   317822.177
331  PMB+F+R3      157269.683   216 314971.366   314992.619   316362.380
332  PMB+F+R4      157091.674   218 314619.348   314641.005   316023.242
333  PMB+F+R5      157016.735   220 314473.469   314495.534   315890.243
334  PMB+F+R6      156984.942   222 314413.885   314436.362   315843.538
335  PMB+F+R7      156984.893   224 314417.786   314440.679   315860.319
339  HIVb          165813.075   193 332012.150   332029.039   333255.047
340  HIVb+I        164853.858   194 330095.716   330112.783   331345.052
341  HIVb+G4       160589.644   194 321567.289   321584.356   322816.625
342  HIVb+I+G4     160421.973   195 321233.945   321251.192   322489.722
343  HIVb+R2       161437.427   195 323264.855   323282.102   324520.632
344  HIVb+R3       160368.032   197 321130.064   321147.674   322398.721
345  HIVb+R4       160067.708   199 320533.416   320551.393   321814.953
346  HIVb+R5       159957.996   201 320317.992   320336.339   321612.408
347  HIVb+R6       159896.921   203 320199.842   320218.563   321507.137
348  HIVb+R7       159894.219   205 320198.439   320217.538   321518.614
352  HIVb+F        164917.013   212 330258.025   330278.481   331623.280
353  HIVb+F+I      163978.595   213 328383.190   328403.843   329754.884
354  HIVb+F+G4     159394.605   213 319215.210   319235.864   320586.905
355  HIVb+F+I+G4   159246.291   214 318920.582   318941.434   320298.716
356  HIVb+F+R2     160338.671   214 321105.342   321126.194   322483.477
357  HIVb+F+R3     159159.714   216 318751.428   318772.680   320142.442
358  HIVb+F+R4     158866.281   218 318168.563   318190.220   319572.457
359  HIVb+F+R5     158776.978   220 317993.956   318016.021   319410.730
360  HIVb+F+R6     158699.983   222 317843.966   317866.443   319273.619
361  HIVb+F+R7     158696.715   224 317841.431   317864.324   319283.964
365  HIVw          171719.310   193 343824.620   343841.509   345067.517
366  HIVw+I        170705.324   194 341798.648   341815.715   343047.985
367  HIVw+G4       166071.303   194 332530.606   332547.674   333779.943
368  HIVw+I+G4     165910.444   195 332210.888   332228.135   333466.665
369  HIVw+R2       167345.931   195 335081.861   335099.109   336337.638
370  HIVw+R3       165969.309   197 332332.617   332350.227   333601.274
371  HIVw+R4       165613.201   199 331624.403   331642.379   332905.939
372  HIVw+R5       165506.534   201 331415.067   331433.414   332709.483
373  HIVw+R6       165440.423   203 331286.845   331305.567   332594.141
374  HIVw+R7       165437.010   205 331284.020   331303.120   332604.195
378  HIVw+F        167288.292   212 335000.584   335021.040   336365.839
379  HIVw+F+I      166325.403   213 333076.806   333097.459   334448.500
380  HIVw+F+G4     161797.779   213 324021.559   324042.212   325393.253
381  HIVw+F+I+G4   161664.382   214 323756.764   323777.616   325134.899
382  HIVw+F+R2     162849.737   214 326127.474   326148.326   327505.609
383  HIVw+F+R3     161629.626   216 323691.251   323712.503   325082.265
384  HIVw+F+R4     161321.826   218 323079.652   323101.309   324483.546
385  HIVw+F+R5     161220.933   220 322881.866   322903.931   324298.640
386  HIVw+F+R6     161155.582   222 322755.163   322777.641   324184.817
387  HIVw+F+R7     161152.357   224 322752.714   322775.608   324195.247
391  JTTDCMut      162568.337   193 325522.675   325539.563   326765.572
392  JTTDCMut+I    161749.816   194 323887.632   323904.700   325136.969
393  JTTDCMut+G4   158011.530   194 316411.061   316428.128   317660.398
394  JTTDCMut+I+G4 157874.687   195 316139.373   316156.621   317395.150
395  JTTDCMut+R2   158744.315   195 317878.630   317895.877   319134.406
396  JTTDCMut+R3   157731.988   197 315857.976   315875.586   317126.632
397  JTTDCMut+R4   157546.752   199 315491.504   315509.480   316773.040
398  JTTDCMut+R5   157441.632   201 315285.264   315303.611   316579.680
399  JTTDCMut+R6   157389.731   203 315185.463   315204.184   316492.759
400  JTTDCMut+R7   157387.307   205 315184.613   315203.713   316504.789
404  JTTDCMut+F    162449.703   212 325323.407   325343.862   326688.661
405  JTTDCMut+F+I  161615.705   213 323657.409   323678.063   325029.104
406  JTTDCMut+F+G4 157872.043   213 316170.086   316190.739   317541.780
407  JTTDCMut+F+I+G4 157737.284   214 315902.568   315923.420   317280.703
408  JTTDCMut+F+R2 158587.270   214 317602.540   317623.392   318980.674
409  JTTDCMut+F+R3 157561.378   216 315554.757   315576.009   316945.771
410  JTTDCMut+F+R4 157376.190   218 315188.380   315210.037   316592.274
411  JTTDCMut+F+R5 157271.378   220 314982.756   315004.821   316399.529
412  JTTDCMut+F+R6 157222.385   222 314888.769   314911.247   316318.423
413  JTTDCMut+F+R7 157217.030   224 314882.060   314904.953   316324.593
417  FLU           165526.837   193 331439.675   331456.563   332682.572
418  FLU+I         164698.428   194 329784.856   329801.923   331034.193
419  FLU+G4        160172.624   194 320733.248   320750.316   321982.585
420  FLU+I+G4      160051.259   195 320492.517   320509.764   321748.294
421  FLU+R2        161159.551   195 322709.102   322726.349   323964.878
422  FLU+R3        160052.661   197 320499.322   320516.932   321767.979
423  FLU+R4        159763.486   199 319924.973   319942.949   321206.509
424  FLU+R5        159609.945   201 319621.889   319640.236   320916.305
425  FLU+R6        159552.173   203 319510.346   319529.068   320817.642
426  FLU+R7        159544.555   205 319499.110   319518.210   320819.285
430  FLU+F         164042.840   212 328509.679   328530.135   329874.934
431  FLU+F+I       163238.407   213 326902.814   326923.468   328274.509
432  FLU+F+G4      158859.098   213 318144.196   318164.849   319515.890
433  FLU+F+I+G4    158734.692   214 317897.383   317918.235   319275.517
434  FLU+F+R2      159726.933   214 319881.865   319902.717   321260.000
435  FLU+F+R3      158685.025   216 317802.050   317823.302   319193.064
436  FLU+F+R4      158385.870   218 317207.740   317229.397   318611.634
437  FLU+F+R5      158261.711   220 316963.422   316985.487   318380.196
438  FLU+F+R6      158220.935   222 316885.869   316908.346   318315.523
439  FLU+F+R7      158212.091   224 316872.183   316895.076   318314.716
440  FLU+F+R8      158211.841   226 316875.682   316898.995   318331.095
443  Blosum62      161185.164   193 322756.328   322773.217   323999.225
444  Blosum62+I    160606.360   194 321600.720   321617.787   322850.056
445  Blosum62+G4   157925.869   194 316239.738   316256.805   317489.074
446  Blosum62+I+G4 157803.289   195 315996.577   316013.825   317252.354
447  Blosum62+R2   158274.706   195 316939.411   316956.659   318195.188
448  Blosum62+R3   157575.680   197 315545.360   315562.970   316814.016
449  Blosum62+R4   157407.695   199 315213.391   315231.367   316494.927
450  Blosum62+R5   157334.335   201 315070.670   315089.017   316365.086
451  Blosum62+R6   157303.285   203 315012.570   315031.292   316319.866
452  Blosum62+R7   157293.004   205 314996.008   315015.108   316316.184
453  Blosum62+R8   157292.909   207 314999.818   315019.300   316332.873
456  Blosum62+F    160851.536   212 322127.073   322147.528   323492.327
457  Blosum62+F+I  160234.850   213 320895.700   320916.353   322267.394
458  Blosum62+F+G4 157475.202   213 315376.403   315397.056   316748.098
459  Blosum62+F+I+G4 157346.855   214 315121.711   315142.563   316499.845
460  Blosum62+F+R2 157898.058   214 316224.116   316244.968   317602.250
461  Blosum62+F+R3 157152.402   216 314736.804   314758.056   316127.818
462  Blosum62+F+R4 156973.231   218 314382.461   314404.118   315786.355
463  Blosum62+F+R5 156894.237   220 314228.475   314250.539   315645.248
464  Blosum62+F+R6 156858.423   222 314160.847   314183.324   315590.500
465  Blosum62+F+R7 156846.349   224 314140.699   314163.592   315583.232
466  Blosum62+F+R8 156846.310   226 314144.620   314167.934   315600.033
469  mtMet         172607.364   193 345600.728   345617.616   346843.625
470  mtMet+I       171842.639   194 344073.279   344090.346   345322.616
471  mtMet+G4      165755.228   194 331898.456   331915.524   333147.793
472  mtMet+I+G4    165632.033   195 331654.066   331671.313   332909.843
473  mtMet+R2      166446.426   195 333282.853   333300.100   334538.630
474  mtMet+R3      165518.064   197 331430.128   331447.738   332698.785
475  mtMet+R4      165152.400   199 330702.800   330720.777   331984.336
476  mtMet+R5      165060.824   201 330523.648   330541.995   331818.064
477  mtMet+R6      164988.361   203 330382.722   330401.443   331690.018
478  mtMet+R7      164970.659   205 330351.317   330370.417   331671.493
479  mtMet+R8      164970.544   207 330355.088   330374.570   331688.143
482  mtMet+F       164972.973   212 330369.947   330390.403   331735.201
483  mtMet+F+I     164101.639   213 328629.279   328649.932   330000.973
484  mtMet+F+G4    159026.726   213 318479.453   318500.106   319851.147
485  mtMet+F+I+G4  158891.957   214 318211.914   318232.766   319590.048
486  mtMet+F+R2    160119.422   214 320666.844   320687.696   322044.978
487  mtMet+F+R3    158966.003   216 318364.006   318385.258   319755.020
488  mtMet+F+R4    158644.610   218 317725.219   317746.876   319129.113
489  mtMet+F+R5    158498.489   220 317436.979   317459.044   318853.752
490  mtMet+F+R6    158419.816   222 317283.633   317306.110   318713.286
491  mtMet+F+R7    158405.858   224 317259.716   317282.609   318702.249
492  mtMet+F+R8    158405.836   226 317263.672   317286.986   318719.085
495  mtVer         174123.736   193 348633.473   348650.361   349876.370
496  mtVer+I       173170.155   194 346728.310   346745.378   347977.647
497  mtVer+G4      166339.517   194 333067.034   333084.101   334316.370
498  mtVer+I+G4    166188.562   195 332767.125   332784.372   334022.901
499  mtVer+R2      167211.254   195 334812.508   334829.756   336068.285
500  mtVer+R3      166019.822   197 332433.644   332451.254   333702.300
501  mtVer+R4      165652.332   199 331702.664   331720.641   332984.200
502  mtVer+R5      165543.270   201 331488.539   331506.886   332782.955
503  mtVer+R6      165467.824   203 331341.647   331360.369   332648.943
504  mtVer+R7      165447.575   205 331305.149   331324.249   332625.325
505  mtVer+R8      165447.482   207 331308.963   331328.445   332642.018
508  mtVer+F       167324.112   212 335072.225   335092.681   336437.479
509  mtVer+F+I     166213.442   213 332852.884   332873.537   334224.578
510  mtVer+F+G4    160422.168   213 321270.335   321290.989   322642.030
511  mtVer+F+I+G4  160288.408   214 321004.815   321025.667   322382.950
512  mtVer+F+R2    161775.785   214 323979.569   324000.421   325357.704
513  mtVer+F+R3    160382.530   216 321197.060   321218.312   322588.074
514  mtVer+F+R4    160011.527   218 320459.054   320480.711   321862.948
515  mtVer+F+R5    159885.155   220 320210.310   320232.375   321627.083
516  mtVer+F+R6    159799.353   222 320042.705   320065.182   321472.358
517  mtVer+F+R7    159769.959   224 319987.918   320010.811   321430.451
518  mtVer+F+R8    159769.849   226 319991.698   320015.011   321447.111
521  mtInv         173161.902   193 346709.804   346726.693   347952.701
522  mtInv+I       172481.177   194 345350.355   345367.422   346599.692
523  mtInv+G4      167154.189   194 334696.378   334713.445   335945.714
524  mtInv+I+G4    167025.879   195 334441.758   334459.005   335697.535
525  mtInv+R2      167697.278   195 335784.556   335801.804   337040.333
526  mtInv+R3      166855.180   197 334104.360   334121.970   335373.017
527  mtInv+R4      166534.909   199 333467.819   333485.796   334749.355
528  mtInv+R5      166454.193   201 333310.387   333328.734   334604.803
529  mtInv+R6      166414.146   203 333234.292   333253.014   334541.588
530  mtInv+R7      166400.069   205 333210.137   333229.237   334530.313
531  mtInv+R8      166399.987   207 333213.975   333233.457   334547.030
534  mtInv+F       163653.484   212 327730.968   327751.424   329096.223
535  mtInv+F+I     162861.749   213 326149.497   326170.150   327521.191
536  mtInv+F+G4    158338.102   213 317102.204   317122.857   318473.899
537  mtInv+F+I+G4  158206.362   214 316840.724   316861.576   318218.859
538  mtInv+F+R2    159316.347   214 319060.694   319081.546   320438.829
539  mtInv+F+R3    158211.117   216 316854.234   316875.487   318245.248
540  mtInv+F+R4    157943.706   218 316323.413   316345.069   317727.306
541  mtInv+F+R5    157791.546   220 316023.092   316045.157   317439.866
542  mtInv+F+R6    157765.107   222 315974.214   315996.691   317403.867
543  mtInv+F+R7    157749.775   224 315947.551   315970.444   317390.084
544  mtInv+F+R8    157749.711   226 315951.422   315974.736   317406.835
Akaike Information Criterion:           LG+F+R6
Corrected Akaike Information Criterion: LG+F+R6
Bayesian Information Criterion:         LG+R6
Best-fit model: LG+R6 chosen according to BIC

All model information printed to MSTRG.23343.1.p1.pep.faa.blastp_ALL.outfmt6.parsed.filtered.faa.mafft.aln.model.gz
CPU time for ModelFinder: 40806.319 seconds (11h:20m:6s)
Wall-clock time for ModelFinder: 20459.152 seconds (5h:40m:59s)
Generating 2000 samples for ultrafast bootstrap (seed: 833991)...

NOTE: 358 MB RAM (0 GB) is required!
Measuring multi-threading efficiency up to 2 CPU cores
2 trees examined
Threads: 1 / Time: 3.654 sec / Speedup: 1.000 / Efficiency: 100% / LogL: -173496
Threads: 2 / Time: 1.799 sec / Speedup: 2.031 / Efficiency: 102% / LogL: -173496
BEST NUMBER OF THREADS: 2

Estimate model parameters (epsilon = 0.100)
1. Initial log-likelihood: -156806.350
2. Current log-likelihood: -156608.387
3. Current log-likelihood: -156571.875
4. Current log-likelihood: -156552.116
5. Current log-likelihood: -156540.717
6. Current log-likelihood: -156533.207
7. Current log-likelihood: -156527.884
8. Current log-likelihood: -156524.078
9. Current log-likelihood: -156521.377
10. Current log-likelihood: -156519.447
11. Current log-likelihood: -156518.029
12. Current log-likelihood: -156516.966
13. Current log-likelihood: -156516.141
14. Current log-likelihood: -156515.561
15. Current log-likelihood: -156515.041
16. Current log-likelihood: -156514.601
17. Current log-likelihood: -156514.322
18. Current log-likelihood: -156513.975
19. Current log-likelihood: -156513.772
20. Current log-likelihood: -156513.597
21. Current log-likelihood: -156513.453
22. Current log-likelihood: -156513.327
23. Current log-likelihood: -156513.226
Optimal log-likelihood: -156513.108
Site proportion and rates:  (0.047,0.058) (0.047,0.207) (0.099,0.405) (0.162,0.601) (0.268,0.921) (0.377,1.599)
Parameters optimization took 23 rounds (211.109 sec)
Computing ML distances based on estimated model parameters... 5.647 sec
Computing BIONJ tree...
0.006 seconds
Log-likelihood of BIONJ tree: -156616.097
--------------------------------------------------------------------
|             INITIALIZING CANDIDATE TREE SET                      |
--------------------------------------------------------------------
Generating 98 parsimony trees... 20.437 second
Computing log-likelihood of 98 initial trees ... 155.433 seconds
Current best score: -156513.108

Do NNI search on 20 best initial trees
Estimate model parameters (epsilon = 0.100)
BETTER TREE FOUND at iteration 1: -156221.254
Estimate model parameters (epsilon = 0.100)
BETTER TREE FOUND at iteration 2: -156182.653
Estimate model parameters (epsilon = 0.100)
BETTER TREE FOUND at iteration 7: -156164.002
Estimate model parameters (epsilon = 0.100)
BETTER TREE FOUND at iteration 10: -156144.381
Iteration 10 / LogL: -156144.381 / Time: 0h:22m:10s
Iteration 20 / LogL: -156180.455 / Time: 0h:26m:51s
Finish initializing candidate tree set (20)
Current best tree score: -156144.381 / CPU time: 1383.896
Number of iterations: 20
--------------------------------------------------------------------
|               OPTIMIZING CANDIDATE TREE SET                      |
--------------------------------------------------------------------
Estimate model parameters (epsilon = 0.100)
BETTER TREE FOUND at iteration 23: -156132.725
Estimate model parameters (epsilon = 0.100)
BETTER TREE FOUND at iteration 24: -156124.641
Iteration 30 / LogL: -156124.948 / Time: 0h:32m:2s (1h:43m:51s left)
Estimate model parameters (epsilon = 0.100)
BETTER TREE FOUND at iteration 36: -156118.633
Estimate model parameters (epsilon = 0.100)
BETTER TREE FOUND at iteration 37: -156112.532
Estimate model parameters (epsilon = 0.100)
BETTER TREE FOUND at iteration 40: -156104.992
Iteration 40 / LogL: -156104.992 / Time: 0h:38m:28s (1h:38m:39s left)
Iteration 50 / LogL: -156112.173 / Time: 0h:41m:27s (1h:16m:8s left)
Log-likelihood cutoff on original alignment: -156249.110
Estimate model parameters (epsilon = 0.100)
BETTER TREE FOUND at iteration 52: -156102.644
Iteration 60 / LogL: -156106.398 / Time: 0h:45m:57s (1h:11m:39s left)
Estimate model parameters (epsilon = 0.100)
BETTER TREE FOUND at iteration 64: -156100.344
Iteration 70 / LogL: -156101.083 / Time: 0h:49m:55s (1h:8m:0s left)
Estimate model parameters (epsilon = 0.100)
BETTER TREE FOUND at iteration 79: -156097.778
Iteration 80 / LogL: -156100.571 / Time: 0h:53m:38s (1h:7m:13s left)
Iteration 90 / LogL: -156111.229 / Time: 0h:56m:47s (0h:56m:47s left)
Estimate model parameters (epsilon = 0.100)
BETTER TREE FOUND at iteration 91: -156096.683
Estimate model parameters (epsilon = 0.100)
BETTER TREE FOUND at iteration 93: -156096.257
Iteration 100 / LogL: -156104.032 / Time: 1h:0m:28s (0h:56m:48s left)
Log-likelihood cutoff on original alignment: -156230.611
NOTE: Bootstrap correlation coefficient of split occurrence frequencies: 0.988
NOTE: UFBoot does not converge, continue at least 100 more iterations
Estimate model parameters (epsilon = 0.100)
UPDATE BEST LOG-LIKELIHOOD: -156096.018
Estimate model parameters (epsilon = 0.100)
BETTER TREE FOUND at iteration 105: -156095.391
Iteration 110 / LogL: -156098.069 / Time: 1h:4m:22s (0h:56m:6s left)
Estimate model parameters (epsilon = 0.100)
UPDATE BEST LOG-LIKELIHOOD: -156095.207
Iteration 120 / LogL: -156095.738 / Time: 1h:7m:52s (0h:48m:28s left)
Iteration 130 / LogL: -156103.848 / Time: 1h:10m:59s (0h:41m:16s left)
Iteration 140 / LogL: -156097.347 / Time: 1h:13m:58s (0h:34m:35s left)
Iteration 150 / LogL: -156098.194 / Time: 1h:16m:58s (0h:28m:24s left)
Log-likelihood cutoff on original alignment: -156209.599
Iteration 160 / LogL: -156095.488 / Time: 1h:20m:2s (0h:22m:39s left)
Iteration 170 / LogL: -156095.268 / Time: 1h:23m:4s (0h:17m:12s left)
Iteration 180 / LogL: -156096.463 / Time: 1h:26m:0s (0h:12m:0s left)
Iteration 190 / LogL: -156098.682 / Time: 1h:28m:56s (0h:7m:3s left)
Iteration 200 / LogL: -156097.316 / Time: 1h:31m:50s (0h:2m:18s left)
Log-likelihood cutoff on original alignment: -156189.748
NOTE: Bootstrap correlation coefficient of split occurrence frequencies: 0.986
NOTE: UFBoot does not converge, continue at least 100 more iterations
Iteration 210 / LogL: -156096.365 / Time: 1h:34m:48s (0h:40m:49s left)
Iteration 220 / LogL: -156095.753 / Time: 1h:37m:45s (0h:35m:42s left)
Iteration 230 / LogL: -156096.659 / Time: 1h:40m:51s (0h:30m:49s left)
Iteration 240 / LogL: -156095.471 / Time: 1h:44m:20s (0h:26m:11s left)
Iteration 250 / LogL: -156098.547 / Time: 1h:47m:30s (0h:21m:35s left)
Log-likelihood cutoff on original alignment: -156189.748
Iteration 260 / LogL: -156096.691 / Time: 1h:50m:44s (0h:17m:6s left)
Iteration 270 / LogL: -156096.500 / Time: 1h:53m:58s (0h:12m:42s left)
Iteration 280 / LogL: -156096.545 / Time: 1h:56m:53s (0h:8m:22s left)
Iteration 290 / LogL: -156097.552 / Time: 1h:59m:58s (0h:4m:9s left)
Iteration 300 / LogL: -156097.994 / Time: 2h:2m:56s (0h:0m:0s left)
Log-likelihood cutoff on original alignment: -156189.748
NOTE: Bootstrap correlation coefficient of split occurrence frequencies: 0.999
TREE SEARCH COMPLETED AFTER 300 ITERATIONS / Time: 2h:2m:56s

--------------------------------------------------------------------
|                    FINALIZING TREE SEARCH                        |
--------------------------------------------------------------------
Performs final model parameters optimization
Estimate model parameters (epsilon = 0.010)
1. Initial log-likelihood: -156095.207
2. Current log-likelihood: -156095.105
3. Current log-likelihood: -156095.003
4. Current log-likelihood: -156094.934
5. Current log-likelihood: -156094.864
6. Current log-likelihood: -156094.820
7. Current log-likelihood: -156094.753
8. Current log-likelihood: -156094.718
9. Current log-likelihood: -156094.684
10. Current log-likelihood: -156094.642
11. Current log-likelihood: -156094.626
12. Current log-likelihood: -156094.597
13. Current log-likelihood: -156094.581
14. Current log-likelihood: -156094.551
15. Current log-likelihood: -156094.538
16. Current log-likelihood: -156094.509
Optimal log-likelihood: -156094.495
Site proportion and rates:  (0.029,0.026) (0.036,0.124) (0.074,0.292) (0.190,0.506) (0.354,0.891) (0.317,1.773)
Parameters optimization took 16 rounds (118.431 sec)
BEST SCORE FOUND : -156094.495
Creating bootstrap support values...
Split supports printed to NEXUS file MSTRG.23343.1.p1.pep.faa.blastp_ALL.outfmt6.parsed.filtered.faa.mafft.aln.splits.nex
Total tree length: 145.312

Total number of iterations: 300
CPU time used for tree search: 14109.093 sec (3h:55m:9s)
Wall-clock time used for tree search: 7149.141 sec (1h:59m:9s)
Total CPU time used: 14795.156 sec (4h:6m:35s)
Total wall-clock time used: 7495.915 sec (2h:4m:55s)

Computing bootstrap consensus tree...
Reading input file MSTRG.23343.1.p1.pep.faa.blastp_ALL.outfmt6.parsed.filtered.faa.mafft.aln.splits.nex...
98 taxa and 846 splits.
Consensus tree written to MSTRG.23343.1.p1.pep.faa.blastp_ALL.outfmt6.parsed.filtered.faa.mafft.aln.contree
Reading input trees file MSTRG.23343.1.p1.pep.faa.blastp_ALL.outfmt6.parsed.filtered.faa.mafft.aln.contree
Log-likelihood of consensus tree: -156095.725

Analysis results written to: 
  IQ-TREE report:                MSTRG.23343.1.p1.pep.faa.blastp_ALL.outfmt6.parsed.filtered.faa.mafft.aln.iqtree
  Maximum-likelihood tree:       MSTRG.23343.1.p1.pep.faa.blastp_ALL.outfmt6.parsed.filtered.faa.mafft.aln.treefile
  Likelihood distances:          MSTRG.23343.1.p1.pep.faa.blastp_ALL.outfmt6.parsed.filtered.faa.mafft.aln.mldist

Ultrafast bootstrap approximation results written to:
  Split support values:          MSTRG.23343.1.p1.pep.faa.blastp_ALL.outfmt6.parsed.filtered.faa.mafft.aln.splits.nex
  Consensus tree:                MSTRG.23343.1.p1.pep.faa.blastp_ALL.outfmt6.parsed.filtered.faa.mafft.aln.contree
  Screen log file:               MSTRG.23343.1.p1.pep.faa.blastp_ALL.outfmt6.parsed.filtered.faa.mafft.aln.log

Date and Time: Tue May 25 07:11:36 2021
