IQ-TREE multicore version 1.6.12 for Linux 64-bit built Aug 15 2019
Developed by Bui Quang Minh, Nguyen Lam Tung, Olga Chernomor,
Heiko Schmidt, Dominik Schrempf, Michael Woodhams.

Host:    coral (AVX512, FMA3, 376 GB RAM)
Command: /home/timothy/programs/iqtree-1.6.12-Linux/bin/iqtree -s MSTRG.24583.1.p1.pep.faa.blastp_ALL.outfmt6.parsed.filtered.faa.mafft.aln -nt AUTO -ntmax 2 -m MFP -bb 2000 -quiet
Seed:    717744 (Using SPRNG - Scalable Parallel Random Number Generator)
Time:    Tue May 25 00:07:29 2021
Kernel:  AVX+FMA - auto-detect threads (96 CPU cores detected)

Reading alignment file MSTRG.24583.1.p1.pep.faa.blastp_ALL.outfmt6.parsed.filtered.faa.mafft.aln ... Fasta format detected
Alignment most likely contains protein sequences
Alignment has 138 sequences with 2721 columns, 805 distinct patterns
296 parsimony-informative, 458 singleton sites, 1967 constant sites
                                                                                                                                      Gap/Ambiguity  Composition  p-value
   1  Archaea-CandidatusBathyarchaeota-NA-NA-NA-Candidatus_Bathyarchaeota_archaeon_WP_116595988.1                                            92.94%    passed     13.55%
   2  Archaea-CandidatusKorarchaeota-NA-NA-NA-Candidatus_Korarchaeum_cryptofilum_WP_125741714.1                                              93.24%    failed      0.08%
   3  Archaea-CandidatusMicrarchaeota-NA-NA-NA-Candidatus_Mancarchaeum_acidiphilum_WP_088820075.1                                            93.16%    failed      2.91%
   4  Archaea-Crenarchaeota-Thermoprotei-Desulfurococcales-Pyrodictiaceae-Pyrodictium_delaneyi_WP_055407328.1                                92.94%    failed      2.54%
   5  Archaea-Crenarchaeota-Thermoprotei-Sulfolobales-Sulfolobaceae-Sulfolobus_acidocaldarius_WP_011277718.1                                 92.98%    failed      0.15%
   6  Archaea-Euryarchaeota-Methanomicrobia-Methanosarcinales-Methanosarcinaceae-Methanococcoides_sp._NM1_WP_135605030.1                     93.35%    failed      2.49%
   7  Archaea-Euryarchaeota-Methanopyri-Methanopyrales-Methanopyraceae-Methanopyrus_sp._SNP6_WP_148688233.1                                  93.09%    failed      0.00%
   8  Archaea-NA-NA-NA-NA-anaerobic_archaeon_MKD1_WP_147663824.1                                                                             92.91%    failed      0.29%
   9  Archaea-NA-NA-NA-NA-archaeon_AArcSl_WP_119817192.1                                                                                     91.51%    failed      0.00%
  10  Archaea-Thaumarchaeota-Nitrososphaeria-CandidatusNitrosocaldales-CandidatusNitrosocaldaceae-NA_WP_103287205.1                          93.09%    failed      1.44%
  11  Archaea-Thaumarchaeota-Nitrososphaeria-Nitrososphaerales-Nitrososphaeraceae-Nitrososphaera_viennensis_WP_075054568.1                   93.05%    failed      1.15%
  12  Bacteria-Acidobacteria-Holophagae-NA-NA-Holophagae_bacterium_WP_116785502.1                                                            93.16%    failed      0.00%
  13  Bacteria-Acidobacteria-Thermoanaerobaculia-Thermoanaerobaculales-Thermoanaerobaculaceae-Thermoanaerobaculum_aquaticum_WP_053335146.1   93.09%    failed      0.00%
  14  Bacteria-Actinobacteria-Actinobacteria-Frankiales-Frankiaceae-Frankia_sp._R43_WP_054571492.1                                           93.24%    failed      0.00%
  15  Bacteria-Actinobacteria-Actinobacteria-Pseudonocardiales-Pseudonocardiaceae-Actinoalloteichus_sp._AHMU_CJ021_WP_103055918.1            93.16%    failed      0.00%
  16  Bacteria-Bacteroidetes-Cytophagia-Cytophagales-Amoebophilaceae-Candidatus_Cardinium_hertigii_WP_123663082.1                            92.72%    passed     36.87%
  17  Bacteria-Bacteroidetes-Cytophagia-Cytophagales-Amoebophilaceae-Cardinium_endosymbiont_of_Dermatophagoides_farinae_WP_144086300.1       92.94%    failed      2.99%
  18  Bacteria-Balneolaeota-Balneolia-Balneolales-Balneolaceae-Balneola_vulgaris_WP_018127192.1                                              92.76%    failed      0.07%
  19  Bacteria-Balneolaeota-Balneolia-Balneolales-Balneolaceae-Gracilimonas_mengyeensis_WP_142454827.1                                       92.80%    failed      0.06%
  20  Bacteria-Caldiserica-Caldisericia-Caldisericales-Caldisericaceae-Caldisericum_exile_WP_014453845.1                                     90.81%    failed      0.00%
  21  Bacteria-CandidatusSaccharibacteria-NA-NA-NA-Candidatus_Saccharimonas_aalborgensis_WP_015641361.1                                      93.02%    passed     25.96%
  22  Bacteria-CandidatusSaccharibacteria-NA-NA-NA-TM7_phylum_sp._oral_taxon_488_WP_138077279.1                                              93.35%    passed     15.50%
  23  Bacteria-CandidatusTectomicrobia-NA-NA-NA-Candidatus_Entotheonella_palauensis_WP_089936028.1                                           93.09%    failed      1.10%
  24  Bacteria-Chlamydiae-Chlamydiia-Parachlamydiales-Parachlamydiaceae-Candidatus_Protochlamydia_amoebophila_WP_011174635.1                 92.69%    failed      3.87%
  25  Bacteria-Chlamydiae-Chlamydiia-Parachlamydiales-Waddliaceae-Waddlia_chondrophila_WP_013181184.1                                        92.65%    failed      1.30%
  26  Bacteria-Chloroflexi-Ktedonobacteria-Ktedonobacterales-Dictyobacteraceae-Dictyobacter_aurantiacus_WP_126601866.1                       93.16%    passed      7.89%
  27  Bacteria-Chloroflexi-Ktedonobacteria-Ktedonobacterales-Thermosporotrichaceae-Thermosporothrix_hazakensis_WP_111325688.1                93.35%    passed     16.15%
  28  Bacteria-Chrysiogenetes-Chrysiogenetes-Chrysiogenales-Chrysiogenaceae-Chrysiogenes_arsenatis_WP_027389567.1                            92.83%    failed      0.03%
  29  Bacteria-Chrysiogenetes-Chrysiogenetes-Chrysiogenales-Chrysiogenaceae-Desulfurispirillum_indicum_WP_013505182.1                        92.76%    passed      6.67%
  30  Bacteria-Cyanobacteria-NA-Oscillatoriales-NA-Oscillatoriales_cyanobacterium_MTP1_WP_082695494.1                                        91.66%    failed      0.89%
  31  Bacteria-Cyanobacteria-NA-Synechococcales-Synechococcaceae-Synechococcus_sp._NIES970_WP_096418915.1                                    92.98%    failed      1.46%
  32  Bacteria-Deferribacteres-Deferribacteres-Deferribacterales-Deferribacteraceae-Denitrovibrio_acetiphilus_WP_013009411.1                 92.80%    failed      0.94%
  33  Bacteria-Fibrobacteres-Fibrobacteria-Fibrobacterales-Fibrobacteraceae-Fibrobacter_sp._UWOS_WP_073305070.1                              92.17%    failed      1.05%
  34  Bacteria-Firmicutes-Tissierellia-Tissierellales-Peptoniphilaceae-Peptoniphilus_harei_WP_005955842.1                                    92.87%    failed      0.00%
  35  Bacteria-Firmicutes-Tissierellia-Tissierellales-Tissierellaceae-Tissierella_creatinini_WP_136712640.1                                  92.65%    failed      0.05%
  36  Bacteria-Fusobacteria-Fusobacteriia-Fusobacteriales-Fusobacteriaceae-Fusobacterium_russii_WP_026339017.1                               92.87%    failed      0.00%
  37  Bacteria-Fusobacteria-Fusobacteriia-Fusobacteriales-Fusobacteriaceae-NA_WP_114642054.1                                                 92.94%    failed      0.02%
  38  Bacteria-Kiritimatiellaeota-Kiritimatiellae-Kiritimatiellales-NA-Kiritimatiellales_bacterium_WP_136080555.1                            92.83%    failed      2.28%
  39  Bacteria-NA-NA-NA-NA-bacterium_J102018_WP_121697948.1                                                                                  92.94%    failed      1.13%
  40  Bacteria-NA-NA-NA-NA-NA_WP_135892872.1                                                                                                 92.10%    failed      0.00%
  41  Bacteria-Nitrospinae-Nitrospinia-Nitrospinales-Nitrospinaceae-Nitrospina_gracilis_WP_005010603.1                                       93.20%    passed     11.06%
  42  Bacteria-Nitrospirae-Nitrospira-Nitrospirales-Nitrospiraceae-Thermodesulfovibrio_thiophilus_WP_028844955.1                             92.50%    failed      2.27%
  43  Bacteria-Planctomycetes-NA-NA-NA-Planctomycetes_bacterium_SV_7m_r_WP_145276040.1                                                       92.65%    failed      0.25%
  44  Bacteria-Planctomycetes-Planctomycetia-Planctomycetales-Planctomycetaceae-NA_WP_105332549.1                                            92.25%    failed      2.51%
  45  Bacteria-Proteobacteria-Deltaproteobacteria-Myxococcales-Archangiaceae-Melittangium_boletus_WP_095978407.1                             92.94%    failed      0.00%
  46  Bacteria-Proteobacteria-Gammaproteobacteria-Xanthomonadales-Rhodanobacteraceae-Oleiagrimonas_sp._MCCC_1A03011_WP_113063852.1           92.72%    failed      0.00%
  47  Bacteria-Rhodothermaeota-Rhodothermia-Rhodothermales-Salinibacteraceae-Salinivenus_lutea_WP_103005986.1                                92.72%    failed      0.00%
  48  Bacteria-Spirochaetes-Spirochaetia-Brachyspirales-Brachyspiraceae-Brachyspira_aalborgi_WP_147558892.1                                  92.87%    failed      0.00%
  49  Bacteria-Spirochaetes-Spirochaetia-Spirochaetales-Spirochaetaceae-Treponema_denticola_NP_970881.1                                      93.35%    failed      0.06%
  50  Bacteria-Synergistetes-Synergistia-Synergistales-Synergistaceae-Cloacibacillus_sp._An23_WP_087364790.1                                 92.87%    failed      0.01%
  51  Bacteria-Tenericutes-Mollicutes-Entomoplasmatales-Spiroplasmataceae-Spiroplasma_gladiatoris_WP_134297418.1                             92.65%    failed      0.00%
  52  Bacteria-Thermotogae-Thermotogae-Petrotogales-Petrotogaceae-Geotoga_petraea_WP_091402639.1                                             92.91%    failed      0.93%
  53  Bacteria-Thermotogae-Thermotogae-Thermotogales-Fervidobacteriaceae-Thermosipho_africanus_WP_012579562.1                                92.94%    failed      0.83%
  54  Bacteria-Verrucomicrobia-NA-NA-NA-NA_WP_019113811.1                                                                                    92.76%    failed      0.01%
  55  Bacteria-Verrucomicrobia-Opitutae-Opitutales-Opitutaceae-Opitutus_terrae_WP_012376459.1                                                92.54%    failed      0.00%
  56  Eukaryota-Acytosteliales-Acytosteliales-Acytosteliales-Acytosteliaceae-Acytostelium_subglobosum_XP_012756894.1                         92.94%    passed     61.39%
  57  Eukaryota-Acytosteliales-Acytosteliales-Acytosteliales-Acytosteliaceae-Heterostelium_album_XP_020432479.1                              93.02%    passed     39.99%
  58  Eukaryota-Alveolata-Dinophyceae-NA-Unranked-Crypthecodinium_cohnii_MMETSP0323_c6357_g1_i1.p1                                           92.02%    passed     15.59%
  59  Eukaryota-Alveolata-Dinophyceae-NA-Unranked-Lingulodinium_polyedra_MMETSP1032_c5337_g1_i1.p1                                           90.81%    failed      0.02%
  60  Eukaryota-Amoebozoa-NA-NA-Paramoebidae-Mayorella_sp_MMETSP0417_c6939_g1_i1.p1                                                          92.02%    passed     37.80%
  61  Eukaryota-Amoebozoa-NA-NA-Paramoebidae-Stygamoeba_regulata_MMETSP0447_c36343_g1_i1.p1                                                  92.02%    passed     37.80%
  62  Eukaryota-Annelida-Clitellata-Hirudinida-Glossiphoniidae-Helobdella_robusta_jgi185734                                                  92.94%    passed     47.17%
  63  Eukaryota-Apicomplexa-Conoidasida-Eucoccidiorida-Sarcocystidae-Toxoplasma_gondii_XP_018637407.1                                        91.84%    passed     15.08%
  64  Eukaryota-Apicomplexa-NA-Unranked-NA-Alveolata_sp_MMETSP0288_c25723_g1_i1.p1                                                           88.64%    failed      4.23%
  65  Eukaryota-Arthropoda-Insecta-Hymenoptera-Braconidae-Fopius_arisanus_XP_011308101.1                                                     93.09%    passed     58.32%
  66  Eukaryota-Arthropoda-Insecta-Hymenoptera-Braconidae-Microplitis_demolitor_XP_008543211.1                                               91.91%    passed     23.39%
  67  Eukaryota-Ascomycota-Sordariomycetes-Hypocreales-Hypocreaceae-Trichoderma_atroviride_jgi53180                                          93.09%    passed     31.39%
  68  Eukaryota-Ascomycota-Sordariomycetes-Hypocreales-Ophiocordycipitaceae-Purpureocillium_lilacinum_XP_018176173.1                         93.16%    passed     28.25%
  69  Eukaryota-Basidiomycota-Agaricomycetes-Russulales-Stereaceae-Stereum_hirsutum_XP_007302715.1                                           93.05%    passed      7.56%
  70  Eukaryota-Basidiomycota-Malasseziomycetes-Malasseziales-Malasseziaceae-Malassezia_pachydermatis_XP_017991423.1                         93.09%    passed     15.86%
  71  Eukaryota-Brachiopoda-Lingulata-Lingulida-Lingulidae-Lingula_anatina_XP_013390070.1                                                    92.98%    passed     62.91%
  72  Eukaryota-Cercozoa-Chlorarachniophyceae-NA-NA-Lotharella_globosa_MMETSP0041_c23075_g1_i1.p1                                            92.54%    passed     15.35%
  73  Eukaryota-Cercozoa-NA-Euglyphida-Paulinellidae-Paulinella_chromatophora_scaffold18007-size776_m.104136                                 92.28%    passed      7.19%
  74  Eukaryota-Chlorophyta-Chlorophyceae-Chlamydomonadales-Chlamydomonadaceae-Chlamydomonas_chlamydogama_MMETSP1392_c5715_g1_i1.p1          91.25%    failed      1.77%
  75  Eukaryota-Chlorophyta-Chlorophyceae-Chlamydomonadales-Volvocaceae-Volvox_carteri_XP_002956779.1                                        92.83%    passed     34.25%
  76  Eukaryota-Choanoflagellata-Choanoflagellata-Choanoflagellata-NA-Acanthoeca_sp_MMETSP0105_c19902_g1_i1.p1                               92.02%    passed     10.64%
  77  Eukaryota-Choanoflagellata-Choanoflagellata-Choanoflagellata-Salpingoecidae-Monosiga_brevicollis_XP_001750992.1                        92.69%    passed     29.20%
  78  Eukaryota-Chordata-Aves-Charadriiformes-Scolopacidae-Calidris_pugnax_XP_014798839.1                                                    92.65%    passed     23.00%
  79  Eukaryota-Chordata-Mammalia-Primates-Cheirogaleidae-Microcebus_murinus_XP_012610275.1                                                  92.32%    passed      7.48%
  80  Eukaryota-Chromeraceae-NA-NA-NA-Chromera_velia_MMETSP0290_c48453_g1_i1.p1                                                              90.74%    passed     64.02%
  81  Eukaryota-Chromeraceae-NA-NA-NA-Vitrella_brassicaformis_MMETSP1451_c4663_g5_i1.p1                                                      88.97%    failed      4.43%
  82  Eukaryota-Chytridiomycota-Chytridiomycetes-Rhizophydiales-NA-Batrachochytrium_dendrobatidis_jgi13412                                   93.02%    passed     41.96%
  83  Eukaryota-Chytridiomycota-Chytridiomycetes-Spizellomycetales-Spizellomycetaceae-Spizellomyces_punctatus_XP_016608417.1                 92.21%    passed     19.92%
  84  Eukaryota-Ciliophora-NA-Unranked-NA-Mesodinium_pulex_MMETSP0467_c54519_g1_i1.p3                                                        90.30%    failed      0.00%
  85  Eukaryota-Ciliophora-NA-Unranked-NA-Tiarina_fusus_MMETSP0472_c42838_g1_i1.p1                                                           92.91%    passed     38.86%
  86  Eukaryota-Cnidaria-Anthozoa-Scleractinia-Acroporidae-Acropora_millepora_XP_029205288.1                                                 91.99%    failed      3.94%
  87  Eukaryota-Cnidaria-Anthozoa-Scleractinia-Pocilloporidae-Stylophora_pistillata_XP_022787851.1                                           92.50%    failed      4.48%
  88  Eukaryota-Cryptophyta-NA-Cryptomonadales-Cryptomonadaceae-Cryptomonas_paramecium_MMETSP0038_c12395_g1_i1.p1                            91.73%    passed     31.34%
  89  Eukaryota-Cryptophyta-NA-Pyrenomonadales-Geminigeraceae-Proteomonas_sulcata_MMETSP1049_c5440_g1_i1.p1                                  92.10%    failed      3.90%
  90  Eukaryota-Dictyosteliales-Dictyosteliales-Dictyosteliales-Dictyosteliaceae-Dictyostelium_discoideum_XP_637700.1                        92.87%    passed      7.45%
  91  Eukaryota-Diplomonadida-Diplomonadida-Diplomonadida-Hexamitidae-Giardia_intestinalis_XP_001706386.1                                    92.17%    passed     11.73%
  92  Eukaryota-Echinodermata-Asteroidea-Valvatida-Acanthasteridae-Acanthaster_planci_XP_022084351.1                                         92.17%    passed     30.61%
  93  Eukaryota-Echinodermata-Echinoidea-Echinoida-Strongylocentrotidae-Strongylocentrotus_purpuratus_XP_011662507.1                         93.02%    passed     49.97%
  94  Eukaryota-Entamoebidae-NA-NA-NA-Entamoeba_dispar_XP_001737335.1                                                                        93.09%    failed      2.50%
  95  Eukaryota-Euglenida-NA-Eutreptiales-NA-Eutreptiella_gymnastica-like_MMETSP0811_c41645_g1_i1.p1                                         90.48%    passed      9.43%
  96  Eukaryota-Euglenida-NA-NA-Unranked-Neobodo_designis_MMETSP1114_c4980_g1_i1.p1                                                          92.50%    failed      1.09%
  97  Eukaryota-Fonticulida-Fonticulida-Fonticulida-Fonticulaceae-Fonticula_alba_XP_009498404.1                                              92.21%    failed      1.08%
  98  Eukaryota-Glaucophyta-Glaucophyta-Gloeochaetales-Gloeochaetaceae-Gloeochaete_witrockiana_MMETSP0308_c26022_g1_i1.p1                    92.17%    passed     26.77%
  99  Eukaryota-Glaucophyta-Glaucophyta-NA-NA-Cyanoptyche_gloeocystis_MMETSP1086_c14317_g1_i1.p2                                             92.36%    passed     28.10%
 100  Eukaryota-Haptophyta-NA-Phaeocystales-Phaeocystaceae-Phaeocystis_antarctica_MMETSP1100_c13075_g1_i1.p1                                 91.69%    failed      0.53%
 101  Eukaryota-Haptophyta-NA-Prymnesiales-NA-Unidentifiedeukaryote_sp_MMETSP1178_c12498_g1_i1.p1                                            91.18%    failed      1.34%
 102  Eukaryota-Hemichordata-Enteropneusta-NA-Harrimaniidae-Saccoglossus_kowalevskii_XP_006821640.1                                          94.12%    passed     16.68%
 103  Eukaryota-Heterolobosea-NA-NA-NA-Percolomonas_cosmopolitus_MMETSP0759_c8889_g1_i1.p1                                                   92.91%    passed     29.17%
 104  Eukaryota-Heterolobosea-NA-NA-Vahlkampfiidae-Naegleria_gruberi_jgi34772                                                                92.25%    passed     28.00%
 105  Eukaryota-Kinetoplastida-Kinetoplastida-Kinetoplastida-Trypanosomatidae-Leishmania_donovani_XP_003865600.1                             91.55%    failed      0.71%
 106  Eukaryota-Kinetoplastida-Kinetoplastida-Kinetoplastida-Trypanosomatidae-Trypanosoma_grayi_XP_009310683.1                               92.87%    passed     38.05%
 107  Eukaryota-Longamoebia-Longamoebia-Longamoebia-Acanthamoebidae-Acanthamoeba_castellanii_XP_004338375.1                                  91.88%    passed      9.90%
 108  Eukaryota-Mesomycetozoea-Ichthyosporea-Ichthyophonida-NA-Sphaeroforma_arctica_XP_014154974.1                                           95.26%    passed     61.10%
 109  Eukaryota-Mesomycetozoea-Ichthyosporea-NA-NA-Capsaspora_owczarzaki_XP_004343850.1                                                      93.05%    passed     46.61%
 110  Eukaryota-Microsporidia-NA-NA-Pleistophoridae-Vavraia_culicis_XP_008074334.1                                                           93.16%    passed     21.11%
 111  Eukaryota-Microsporidia-NA-NA-Unikaryonidae-Encephalitozoon_intestinalis_XP_003072765.1                                                92.87%    failed      0.71%
 112  Eukaryota-Mollusca-Gastropoda-Aplysiida-Aplysiidae-Aplysia_californica_XP_005104894.1                                                  92.98%    passed     86.37%
 113  Eukaryota-Mollusca-Gastropoda-Architaenioglossa-Ampullariidae-Pomacea_canaliculata_XP_025110628.1                                      93.13%    passed     15.44%
 114  Eukaryota-Mucorales-Mucoraceae-Undefined-Undefined-Mucor_circinelloides_jgi90110                                                       92.83%    passed     11.70%
 115  Eukaryota-Mucoromycota-Glomeromycetes-Glomerales-Glomeraceae-Rhizophagus_irregularis_XP_025179230.1                                    93.13%    passed     49.83%
 116  Eukaryota-Mucoromycota-Mucoromycetes-Mucorales-Rhizopodaceae-Rhizopus_microsporus_XP_023462250.1                                       93.02%    passed     22.41%
 117  Eukaryota-Nematoda-Chromadorea-Rhabditida-Rhabditidae-Caenorhabditis_briggsae_XP_002642784.1                                           93.24%    passed     20.68%
 118  Eukaryota-Nematoda-Chromadorea-Rhabditida-Strongyloididae-Strongyloides_ratti_XP_024503728.1                                           77.40%    failed      0.00%
 119  Eukaryota-Perkinsozoa-NA-Perkinsida-Perkinsidae-Perkinsus_chesapeaki_MMETSP0925_c14239_g1_i1.p1                                        93.05%    passed     18.46%
 120  Eukaryota-Placozoa-NA-NA-Trichoplacidae-Trichoplax_adhaerens_XP_002109329.1                                                            93.05%    passed     92.37%
 121  Eukaryota-Platyhelminthes-Trematoda-Opisthorchiida-Opisthorchiidae-Opisthorchis_viverrini_XP_009172846.1                               92.98%    passed     33.56%
 122  Eukaryota-Platyhelminthes-Trematoda-Strigeidida-Schistosomatidae-Schistosoma_mansoni_XP_018653280.1                                    93.05%    passed     51.24%
 123  Eukaryota-Porifera-Demospongiae-Haplosclerida-Niphatidae-Amphimedon_queenslandica_jgiAqu1229869                                        91.40%    passed     68.71%
 124  Eukaryota-Priapulida-Priapulimorpha-Priapulimorphida-Priapulidae-Priapulus_caudatus_XP_014661472.1                                     92.69%    passed     32.24%
 125  Eukaryota-Retaria-NA-NA-NA-Ammonia_sp_MMETSP1384_c15175_g1_i1.p1                                                                       89.08%    failed      0.00%
 126  Eukaryota-Retaria-NA-NA-NA-Sorites_sp_MMETSP0191_c63843_g1_i1.p1                                                                       90.81%    passed      8.89%
 127  Eukaryota-Rhodophyta-Bangiophyceae-NA-NA-Rhodosorus_marinus_MMETSP0011_c2537_g1_i1.p1                                                  91.77%    passed     30.61%
 128  Eukaryota-Rhodophyta-Compsopogonophyceae-Compsopogonales-Compsopogonaceae-Compsopogon_coeruleus_MMETSP0312_c2677_g1_i2.p1              89.60%    failed      0.01%
 129  Eukaryota-Stramenopiles-NA-NA-NA-Paraphysomonas_vestita_MMETSP1107_c22200_g1_i1.p1                                                     92.36%    failed      3.13%
 130  Eukaryota-Stramenopiles-NA-NA-NA-Spumella_elongata_MMETSP1098_c25227_g1_i1.p1                                                          91.25%    passed     12.27%
 131  Eukaryota-Streptophyta-Liliopsida-Poales-Poaceae-Panicum_hallii_XP_025797514.1                                                         92.61%    passed      7.83%
 132  Eukaryota-Streptophyta-Liliopsida-Poales-Poaceae-Setaria_italica_XP_004982962.1                                                        92.61%    passed      9.59%
 133  Eukaryota-Trichomonadida-Trichomonadida-Trichomonadida-Trichomonadidae-Trichomonas_vaginalis_XP_001311809.1                            93.13%    passed     28.36%
 134  Viruses-NA-NA-NA-NA-Beihai_sea_slater_virus_2_YP_009333571.1                                                                            6.80%    failed      0.00%
 135  Viruses-NA-NA-NA-NA-Pandoravirus_neocaledonia_YP_009481660.1                                                                           84.12%    failed      0.00%
 136  Viruses-Potyviridae-NA-NA-NA-Cassava_brown_streak_virus_YP_007032446.1                                                                 91.69%    passed      7.90%
 137  Viruses-Potyviridae-NA-NA-NA-Ugandan_cassava_brown_streak_virus_YP_004063983.1                                                         92.54%    failed      3.67%
 138  MSTRG.24583.1.p1                                                                                                                       92.36%    passed     17.24%
WARNING: 137 sequences contain more than 50% gaps/ambiguity
****  TOTAL                                                                                                                                  91.70%  69 sequences failed composition chi2 test (p-value<5%; df=19)
NOTE: Eukaryota-Amoebozoa-NA-NA-Paramoebidae-Stygamoeba_regulata_MMETSP0447_c36343_g1_i1.p1 is identical to Eukaryota-Amoebozoa-NA-NA-Paramoebidae-Mayorella_sp_MMETSP0417_c6939_g1_i1.p1 but kept for subsequent analysis


Create initial parsimony tree by phylogenetic likelihood library (PLL)... 0.074 seconds
NOTE: ModelFinder requires 182 MB RAM!
ModelFinder will test 546 protein models (sample size: 2721) ...
 No. Model         -LnL         df  AIC          AICc         BIC
Measuring multi-threading efficiency up to 2 CPU cores
Increase to 10 rounds for branch lengths
4 trees examined
Threads: 1 / Time: 2.437 sec / Speedup: 1.000 / Efficiency: 100% / LogL: -64157
Threads: 2 / Time: 1.390 sec / Speedup: 1.754 / Efficiency: 88% / LogL: -64157
BEST NUMBER OF THREADS: 2

  1  Dayhoff       54780.028    273 110106.055   110167.193   111719.145
  2  Dayhoff+I     54608.751    274 109765.502   109827.113   111384.501
  3  Dayhoff+G4    52150.807    274 104849.614   104911.225   106468.613
  4  Dayhoff+I+G4  52133.830    275 104817.660   104879.746   106442.568
  5  Dayhoff+R2    52705.094    275 105960.187   106022.273   107585.095
  6  Dayhoff+R3    52297.320    277 105148.640   105211.682   106785.365
  7  Dayhoff+R4    52153.094    279 104864.187   104928.194   106512.730
  8  Dayhoff+R5    52083.822    281 104729.644   104794.623   106390.004
  9  Dayhoff+R6    52062.425    283 104690.850   104756.810   106363.027
 10  Dayhoff+R7    52047.664    285 104665.328   104732.277   106349.323
 11  Dayhoff+R8    52039.577    287 104653.153   104721.099   106348.966
 12  Dayhoff+R9    52029.992    289 104637.983   104706.934   106345.613
 13  Dayhoff+R10   52024.233    291 104630.465   104700.430   106349.913
 14  Dayhoff+F     54696.476    292 109976.951   110047.426   111702.307
 15  Dayhoff+F+I   54537.295    293 109660.591   109731.577   111391.856
 16  Dayhoff+F+G4  52069.373    293 104724.745   104795.732   106456.010
 17  Dayhoff+F+I+G4 52052.388    294 104692.776   104764.276   106429.950
 18  Dayhoff+F+R2  52615.896    294 105819.793   105891.293   107556.967
 19  Dayhoff+F+R3  52210.905    296 105013.811   105086.346   106762.802
 20  Dayhoff+F+R4  52067.016    298 104730.032   104803.610   106490.841
 21  Dayhoff+F+R5  52007.362    300 104614.725   104689.353   106387.351
 22  Dayhoff+F+R6  51983.671    302 104571.343   104647.030   106355.787
 23  Dayhoff+F+R7  51968.465    304 104544.930   104621.685   106341.192
 24  Dayhoff+F+R8  51955.705    306 104523.411   104601.242   106331.490
 25  Dayhoff+F+R9  51948.148    308 104512.296   104591.212   106332.193
 27  mtMAM         60880.920    273 122307.839   122368.977   123920.929
 28  mtMAM+I       60787.780    274 122123.561   122185.172   123742.560
 29  mtMAM+G4      55774.678    274 112097.356   112158.966   113716.355
 30  mtMAM+I+G4    55771.749    275 112093.497   112155.583   113718.405
 31  mtMAM+R2      56849.333    275 114248.667   114310.753   115873.574
 32  mtMAM+R3      55991.983    277 112537.966   112601.008   114174.691
 33  mtMAM+R4      55817.459    279 112192.919   112256.925   113841.461
 34  mtMAM+R5      55686.776    281 111935.552   112000.531   113595.912
 35  mtMAM+R6      55635.990    283 111837.980   111903.940   113510.158
 36  mtMAM+R7      55601.758    285 111773.516   111840.464   113457.511
 37  mtMAM+R8      55585.347    287 111744.695   111812.641   113440.508
 38  mtMAM+R9      55578.230    289 111734.460   111803.411   113442.090
 40  mtMAM+F       57817.712    292 116219.425   116289.899   117944.781
 41  mtMAM+F+I     57707.288    293 116000.577   116071.563   117731.842
 42  mtMAM+F+G4    53807.422    293 108200.843   108271.830   109932.108
 43  mtMAM+F+I+G4  53797.483    294 108182.965   108254.466   109920.139
 44  mtMAM+F+R2    54629.057    294 109846.114   109917.615   111583.288
 45  mtMAM+F+R3    54001.115    296 108594.230   108666.765   110343.222
 46  mtMAM+F+R4    53836.135    298 108268.270   108341.847   110029.079
 47  mtMAM+F+R5    53742.169    300 108084.337   108158.965   109856.964
 48  mtMAM+F+R6    53711.561    302 108027.122   108102.809   109811.566
 49  mtMAM+F+R7    53688.141    304 107984.283   108061.038   109780.544
 50  mtMAM+F+R8    53670.645    306 107953.290   108031.121   109761.369
 51  mtMAM+F+R9    53659.047    308 107934.094   108013.010   109753.991
 52  mtMAM+F+R10   53641.832    310 107903.664   107983.673   109735.378
 53  JTT           54655.050    273 109856.100   109917.237   111469.190
 54  JTT+I         54507.875    274 109563.750   109625.361   111182.749
 55  JTT+G4        51976.444    274 104500.887   104562.498   106119.886
 56  JTT+I+G4      51963.447    275 104476.894   104538.980   106101.802
 57  JTT+R2        52472.158    275 105494.316   105556.402   107119.224
 58  JTT+R3        52138.326    277 104830.653   104893.695   106467.378
 59  JTT+R4        51977.235    279 104512.469   104576.476   106161.012
 60  JTT+R5        51918.060    281 104398.120   104463.099   106058.480
 61  JTT+R6        51893.876    283 104353.751   104419.711   106025.929
 62  JTT+R7        51881.924    285 104333.847   104400.796   106017.842
 63  JTT+R8        51872.840    287 104319.681   104387.626   106015.493
 64  JTT+R9        51867.266    289 104312.532   104381.483   106020.162
 66  JTT+F         54700.335    292 109984.670   110055.145   111710.026
 67  JTT+F+I       54559.062    293 109704.124   109775.110   111435.389
 68  JTT+F+G4      52094.747    293 104775.494   104846.480   106506.759
 69  JTT+F+I+G4    52079.939    294 104747.879   104819.379   106485.053
 70  JTT+F+R2      52581.665    294 105751.330   105822.831   107488.504
 71  JTT+F+R3      52262.528    296 105117.056   105189.590   106866.047
 72  JTT+F+R4      52090.549    298 104777.097   104850.675   106537.906
 73  JTT+F+R5      52034.763    300 104669.527   104744.155   106442.153
 74  JTT+F+R6      52015.260    302 104634.519   104710.206   106418.963
 75  JTT+F+R7      52000.554    304 104609.108   104685.863   106405.369
 76  JTT+F+R8      51991.305    306 104594.610   104672.441   106402.689
 77  JTT+F+R9      51986.677    308 104589.353   104668.268   106409.249
 79  WAG           53771.880    273 108089.760   108150.897   109702.850
 80  WAG+I         53635.574    274 107819.147   107880.758   109438.146
 81  WAG+G4        51471.965    274 103491.930   103553.541   105110.929
 82  WAG+I+G4      51458.263    275 103466.526   103528.612   105091.434
 83  WAG+R2        51923.427    275 104396.854   104458.940   106021.762
 84  WAG+R3        51615.777    277 103785.554   103848.596   105422.279
 85  WAG+R4        51460.176    279 103478.352   103542.358   105126.894
 86  WAG+R5        51412.430    281 103386.861   103451.840   105047.221
 87  WAG+R6        51389.352    283 103344.703   103410.663   105016.881
 88  WAG+R7        51377.241    285 103324.482   103391.430   105008.477
 89  WAG+R8        51368.383    287 103310.765   103378.711   105006.578
 90  WAG+R9        51363.014    289 103304.027   103372.978   105011.657
 92  WAG+F         53894.922    292 108373.844   108444.319   110099.201
 93  WAG+F+I       53767.000    293 108120.001   108190.987   109851.266
 94  WAG+F+G4      51606.725    293 103799.451   103870.437   105530.716
 95  WAG+F+I+G4    51593.505    294 103775.010   103846.510   105512.183
 96  WAG+F+R2      52046.845    294 104681.691   104753.191   106418.865
 97  WAG+F+R3      51763.798    296 104119.596   104192.130   105868.587
 98  WAG+F+R4      51592.953    298 103781.907   103855.484   105542.716
 99  WAG+F+R5      51546.765    300 103693.529   103768.157   105466.156
100  WAG+F+R6      51522.970    302 103649.940   103725.627   105434.384
101  WAG+F+R7      51510.065    304 103628.129   103704.884   105424.390
102  WAG+F+R8      51501.097    306 103614.194   103692.025   105422.273
103  WAG+F+R9      51496.871    308 103609.742   103688.657   105429.638
105  cpREV         54410.679    273 109367.358   109428.496   110980.448
106  cpREV+I       54290.141    274 109128.281   109189.892   110747.280
107  cpREV+G4      51965.504    274 104479.008   104540.619   106098.007
108  cpREV+I+G4    51956.787    275 104463.575   104525.660   106088.482
109  cpREV+R2      52497.916    275 105545.831   105607.917   107170.739
110  cpREV+R3      52128.542    277 104811.083   104874.125   106447.808
111  cpREV+R4      51969.500    279 104496.999   104561.006   106145.542
112  cpREV+R5      51904.137    281 104370.274   104435.253   106030.634
113  cpREV+R6      51882.346    283 104330.693   104396.653   106002.870
114  cpREV+R7      51859.761    285 104289.523   104356.472   105973.518
115  cpREV+R8      51849.512    287 104273.025   104340.970   105968.837
116  cpREV+R9      51844.739    289 104267.478   104336.429   105975.108
118  cpREV+F       54360.476    292 109304.953   109375.427   111030.309
119  cpREV+F+I     54231.253    293 109048.506   109119.492   110779.771
120  cpREV+F+G4    51905.650    293 104397.300   104468.286   106128.565
121  cpREV+F+I+G4  51895.203    294 104378.406   104449.906   106115.580
122  cpREV+F+R2    52485.890    294 105559.780   105631.281   107296.954
123  cpREV+F+R3    52083.826    296 104759.653   104832.187   106508.644
124  cpREV+F+R4    51918.024    298 104432.047   104505.625   106192.856
125  cpREV+F+R5    51851.918    300 104303.835   104378.463   106076.462
126  cpREV+F+R6    51828.340    302 104260.681   104336.368   106045.125
127  cpREV+F+R7    51807.203    304 104222.406   104299.161   106018.667
128  cpREV+F+R8    51796.597    306 104205.194   104283.025   106013.273
129  cpREV+F+R9    51790.297    308 104196.594   104275.509   106016.490
131  mtREV         58310.799    273 117167.598   117228.736   118780.688
132  mtREV+I       58227.841    274 117003.682   117065.293   118622.681
133  mtREV+G4      54742.960    274 110033.919   110095.530   111652.918
134  mtREV+I+G4    54737.570    275 110025.140   110087.225   111650.047
135  mtREV+R2      55269.275    275 111088.549   111150.635   112713.457
136  mtREV+R3      54886.988    277 110327.976   110391.018   111964.701
137  mtREV+R4      54706.341    279 109970.682   110034.689   111619.225
138  mtREV+R5      54656.308    281 109874.616   109939.596   111534.977
139  mtREV+R6      54625.292    283 109816.583   109882.543   111488.761
140  mtREV+R7      54604.878    285 109779.756   109846.705   111463.751
141  mtREV+R8      54585.984    287 109745.968   109813.914   111441.781
142  mtREV+R9      54580.650    289 109739.301   109808.252   111446.931
144  mtREV+F       55748.098    292 112080.197   112150.671   113805.553
145  mtREV+F+I     55640.892    293 111867.783   111938.770   113599.048
146  mtREV+F+G4    52791.119    293 106168.238   106239.225   107899.503
147  mtREV+F+I+G4  52783.576    294 106155.152   106226.652   107892.326
148  mtREV+F+R2    53339.903    294 107267.806   107339.306   109004.980
149  mtREV+F+R3    52956.604    296 106505.209   106577.743   108254.200
150  mtREV+F+R4    52779.683    298 106155.366   106228.944   107916.175
151  mtREV+F+R5    52725.411    300 106050.821   106125.449   107823.448
152  mtREV+F+R6    52697.760    302 105999.521   106075.208   107783.965
153  mtREV+F+R7    52666.313    304 105940.626   106017.381   107736.887
154  mtREV+F+R8    52653.412    306 105918.823   105996.654   107726.902
155  mtREV+F+R9    52646.321    308 105908.643   105987.558   107728.539
157  rtREV         54325.741    273 109197.481   109258.619   110810.571
158  rtREV+I       54213.717    274 108975.433   109037.044   110594.432
159  rtREV+G4      51785.859    274 104119.719   104181.330   105738.718
160  rtREV+I+G4    51775.372    275 104100.743   104162.829   105725.651
161  rtREV+R2      52230.574    275 105011.148   105073.233   106636.055
162  rtREV+R3      51941.085    277 104436.169   104499.211   106072.894
163  rtREV+R4      51783.692    279 104125.385   104189.391   105773.927
164  rtREV+R5      51739.195    281 104040.390   104105.369   105700.750
165  rtREV+R6      51703.251    283 103972.503   104038.463   105644.680
166  rtREV+R7      51695.601    285 103961.202   104028.151   105645.197
170  rtREV+F       54346.228    292 109276.456   109346.931   111001.813
171  rtREV+F+I     54239.286    293 109064.571   109135.558   110795.837
172  rtREV+F+G4    51749.357    293 104084.714   104155.701   105815.980
173  rtREV+F+I+G4  51738.139    294 104064.277   104135.778   105801.451
174  rtREV+F+R2    52206.440    294 105000.880   105072.381   106738.054
175  rtREV+F+R3    51896.518    296 104385.035   104457.570   106134.026
176  rtREV+F+R4    51738.013    298 104072.025   104145.603   105832.834
177  rtREV+F+R5    51687.109    300 103974.218   104048.846   105746.844
178  rtREV+F+R6    51663.714    302 103931.427   104007.115   105715.871
179  rtREV+F+R7    51651.964    304 103911.927   103988.682   105708.189
180  rtREV+F+R8    51641.505    306 103895.009   103972.840   105703.088
181  rtREV+F+R9    51636.255    308 103888.509   103967.425   105708.406
183  mtART         60061.822    273 120669.643   120730.781   122282.733
184  mtART+I       59966.409    274 120480.817   120542.428   122099.816
185  mtART+G4      55150.635    274 110849.271   110910.881   112468.269
186  mtART+I+G4    55143.704    275 110837.408   110899.493   112462.315
187  mtART+R2      56080.727    275 112711.453   112773.539   114336.361
188  mtART+R3      55369.152    277 111292.304   111355.346   112929.029
189  mtART+R4      55155.784    279 110869.568   110933.575   112518.111
190  mtART+R5      55072.485    281 110706.969   110771.948   112367.329
191  mtART+R6      55028.406    283 110622.812   110688.772   112294.990
192  mtART+R7      54998.683    285 110567.367   110634.315   112251.362
193  mtART+R8      54985.233    287 110544.465   110612.411   112240.278
194  mtART+R9      54979.714    289 110537.429   110606.380   112245.059
196  mtART+F       57023.437    292 114630.875   114701.349   116356.231
197  mtART+F+I     56916.382    293 114418.764   114489.750   116150.029
198  mtART+F+G4    53091.582    293 106769.164   106840.150   108500.429
199  mtART+F+I+G4  53074.328    294 106736.655   106808.156   108473.829
200  mtART+F+R2    53831.268    294 108250.535   108322.036   109987.709
201  mtART+F+R3    53339.145    296 107270.290   107342.824   109019.281
202  mtART+F+R4    53110.276    298 106816.551   106890.129   108577.360
203  mtART+F+R5    53047.908    300 106695.815   106770.443   108468.441
204  mtART+F+R6    53003.202    302 106610.403   106686.091   108394.847
205  mtART+F+R7    52974.332    304 106556.663   106633.418   108352.925
206  mtART+F+R8    52960.215    306 106532.429   106610.260   108340.508
207  mtART+F+R9    52949.355    308 106514.709   106593.625   108334.606
208  mtART+F+R10   52932.254    310 106484.508   106564.516   108316.221
209  mtZOA         58428.135    273 117402.269   117463.407   119015.359
210  mtZOA+I       58332.431    274 117212.863   117274.474   118831.862
211  mtZOA+G4      54040.891    274 108629.782   108691.392   110248.780
212  mtZOA+I+G4    54032.238    275 108614.476   108676.562   110239.383
213  mtZOA+R2      54712.827    275 109975.654   110037.740   111600.561
214  mtZOA+R3      54236.157    277 109026.314   109089.356   110663.039
215  mtZOA+R4      54031.659    279 108621.317   108685.324   110269.860
216  mtZOA+R5      53970.292    281 108502.585   108567.564   110162.945
217  mtZOA+R6      53941.162    283 108448.323   108514.283   110120.501
218  mtZOA+R7      53924.001    285 108418.003   108484.951   110101.998
219  mtZOA+R8      53912.957    287 108399.914   108467.860   110095.727
220  mtZOA+R9      53904.897    289 108387.795   108456.746   110095.425
221  mtZOA+R10     53896.148    291 108374.295   108444.260   110093.743
222  mtZOA+F       56142.062    292 112868.124   112938.598   114593.480
223  mtZOA+F+I     56027.250    293 112640.499   112711.486   114371.764
224  mtZOA+F+G4    52633.480    293 105852.960   105923.947   107584.225
225  mtZOA+F+I+G4  52623.481    294 105834.962   105906.462   107572.136
226  mtZOA+F+R2    53290.053    294 107168.106   107239.607   108905.280
227  mtZOA+F+R3    52862.221    296 106316.443   106388.978   108065.434
228  mtZOA+F+R4    52663.617    298 105923.234   105996.812   107684.043
229  mtZOA+F+R5    52594.678    300 105789.356   105863.984   107561.982
230  mtZOA+F+R6    52559.489    302 105722.977   105798.665   107507.421
231  mtZOA+F+R7    52536.458    304 105680.917   105757.672   107477.178
232  mtZOA+F+R8    52525.136    306 105662.272   105740.103   107470.351
233  mtZOA+F+R9    52514.377    308 105644.755   105723.670   107464.651
234  mtZOA+F+R10   52508.156    310 105636.312   105716.321   107468.026
235  VT            53708.462    273 107962.924   108024.062   109576.014
236  VT+I          53579.547    274 107707.094   107768.705   109326.093
237  VT+G4         51456.288    274 103460.576   103522.187   105079.575
238  VT+I+G4       51440.188    275 103430.376   103492.462   105055.284
239  VT+R2         51856.352    275 104262.704   104324.790   105887.612
240  VT+R3         51579.647    277 103713.294   103776.337   105350.019
241  VT+R4         51434.873    279 103427.745   103491.752   105076.288
242  VT+R5         51392.611    281 103347.222   103412.201   105007.582
243  VT+R6         51374.315    283 103314.629   103380.589   104986.807
244  VT+R7         51364.079    285 103298.157   103365.106   104982.152
245  VT+R8         51358.171    287 103290.341   103358.287   104986.154
248  VT+F          53861.146    292 108306.292   108376.766   110031.648
249  VT+F+I        53736.705    293 108059.410   108130.396   109790.675
250  VT+F+G4       51652.100    293 103890.199   103961.186   105621.464
251  VT+F+I+G4     51635.897    294 103859.795   103931.295   105596.969
252  VT+F+R2       52041.246    294 104670.492   104741.992   106407.666
253  VT+F+R3       51777.805    296 104147.611   104220.146   105896.602
254  VT+F+R4       51629.039    298 103854.077   103927.654   105614.886
255  VT+F+R5       51589.812    300 103779.625   103854.253   105552.251
256  VT+F+R6       51575.072    302 103754.143   103829.831   105538.587
257  VT+F+R7       51563.221    304 103734.441   103811.196   105530.703
258  VT+F+R8       51556.204    306 103724.408   103802.239   105532.487
261  LG            54052.429    273 108650.857   108711.995   110263.947
262  LG+I          53939.562    274 108427.124   108488.735   110046.123
263  LG+G4         51325.806    274 103199.613   103261.224   104818.612
264  LG+I+G4       51315.084    275 103180.168   103242.253   104805.075
265  LG+R2         51835.404    275 104220.808   104282.894   105845.716
266  LG+R3         51515.601    277 103585.202   103648.244   105221.927
267  LG+R4         51325.015    279 103208.029   103272.036   104856.572
268  LG+R5         51290.945    281 103143.889   103208.868   104804.249
269  LG+R6         51254.230    283 103074.461   103140.420   104746.638
270  LG+R7         51238.517    285 103047.034   103113.982   104731.029
271  LG+R8         51230.688    287 103035.377   103103.323   104731.190
274  LG+F          54270.639    292 109125.278   109195.753   110850.634
275  LG+F+I        54162.630    293 108911.259   108982.246   110642.524
276  LG+F+G4       51605.856    293 103797.712   103868.698   105528.977
277  LG+F+I+G4     51596.167    294 103780.333   103851.834   105517.507
278  LG+F+R2       52087.174    294 104762.348   104833.848   106499.522
279  LG+F+R3       51789.494    296 104170.988   104243.522   105919.979
280  LG+F+R4       51596.800    298 103789.599   103863.176   105550.408
281  LG+F+R5       51555.732    300 103711.465   103786.093   105484.091
282  LG+F+R6       51529.285    302 103662.570   103738.258   105447.014
283  LG+F+R7       51518.504    304 103645.008   103721.763   105441.270
284  LG+F+R8       51512.093    306 103636.186   103714.017   105444.265
287  DCMut         54773.299    273 110092.597   110153.735   111705.687
288  DCMut+I       54602.164    274 109752.329   109813.940   111371.328
289  DCMut+G4      52149.026    274 104846.053   104907.663   106465.051
290  DCMut+I+G4    52131.692    275 104813.384   104875.470   106438.292
291  DCMut+R2      52701.399    275 105952.797   106014.883   107577.705
292  DCMut+R3      52283.876    277 105121.751   105184.793   106758.476
293  DCMut+R4      52144.388    279 104846.776   104910.783   106495.319
294  DCMut+R5      52088.859    281 104739.719   104804.698   106400.079
295  DCMut+R6      52071.038    283 104708.075   104774.035   106380.253
296  DCMut+R7      52054.831    285 104679.662   104746.610   106363.657
297  DCMut+R8      52049.726    287 104673.451   104741.397   106369.264
300  DCMut+F       54689.811    292 109963.621   110034.096   111688.978
301  DCMut+F+I     54530.778    293 109647.557   109718.543   111378.822
302  DCMut+F+G4    52067.554    293 104721.107   104792.093   106452.372
303  DCMut+F+I+G4  52050.408    294 104688.816   104760.316   106425.990
304  DCMut+F+R2    52612.480    294 105812.961   105884.461   107550.134
305  DCMut+F+R3    52207.831    296 105007.661   105080.196   106756.653
306  DCMut+F+R4    52059.754    298 104715.507   104789.085   106476.316
307  DCMut+F+R5    52014.512    300 104629.023   104703.651   106401.650
308  DCMut+F+R6    51993.069    302 104590.138   104665.825   106374.582
309  DCMut+F+R7    51975.778    304 104559.556   104636.311   106355.817
310  DCMut+F+R8    51969.845    306 104551.690   104629.521   106359.769
313  PMB           53782.422    273 108110.843   108171.981   109723.933
314  PMB+I         53666.742    274 107881.484   107943.095   109500.483
315  PMB+G4        51611.875    274 103771.749   103833.360   105390.748
316  PMB+I+G4      51595.760    275 103741.520   103803.605   105366.427
317  PMB+R2        51940.723    275 104431.447   104493.533   106056.354
318  PMB+R3        51721.823    277 103997.645   104060.687   105634.370
319  PMB+R4        51572.916    279 103703.832   103767.838   105352.374
320  PMB+R5        51531.561    281 103625.122   103690.101   105285.482
321  PMB+R6        51519.111    283 103604.221   103670.181   105276.399
322  PMB+R7        51508.225    285 103586.450   103653.398   105270.445
323  PMB+R8        51504.795    287 103583.590   103651.536   105279.403
326  PMB+F         53879.844    292 108343.688   108414.163   110069.045
327  PMB+F+I       53761.614    293 108109.227   108180.214   109840.492
328  PMB+F+G4      51725.883    293 104037.767   104108.753   105769.032
329  PMB+F+I+G4    51711.483    294 104010.967   104082.467   105748.141
330  PMB+F+R2      52070.730    294 104729.459   104800.960   106466.633
331  PMB+F+R3      51849.464    296 104290.928   104363.462   106039.919
332  PMB+F+R4      51687.982    298 103971.963   104045.541   105732.772
333  PMB+F+R5      51649.254    300 103898.508   103973.136   105671.134
334  PMB+F+R6      51635.704    302 103875.409   103951.096   105659.853
335  PMB+F+R7      51625.878    304 103859.756   103936.511   105656.018
336  PMB+F+R8      51622.703    306 103857.406   103935.237   105665.485
339  HIVb          56500.420    273 113546.841   113607.978   115159.931
340  HIVb+I        56351.473    274 113250.946   113312.557   114869.945
341  HIVb+G4       53214.082    274 106976.164   107037.775   108595.163
342  HIVb+I+G4     53202.131    275 106954.262   107016.348   108579.170
343  HIVb+R2       53833.161    275 108216.322   108278.408   109841.230
344  HIVb+R3       53422.489    277 107398.978   107462.020   109035.703
345  HIVb+R4       53212.778    279 106983.557   107047.563   108632.099
346  HIVb+R5       53150.506    281 106863.013   106927.992   108523.373
347  HIVb+R6       53120.117    283 106806.234   106872.194   108478.411
348  HIVb+R7       53101.030    285 106772.061   106839.009   108456.056
349  HIVb+R8       53090.421    287 106754.841   106822.787   108450.654
350  HIVb+R9       53073.059    289 106724.119   106793.070   108431.749
351  HIVb+R10      53067.056    291 106716.113   106786.078   108435.561
352  HIVb+F        56373.709    292 113331.417   113401.892   115056.774
353  HIVb+F+I      56226.425    293 113038.851   113109.837   114770.116
354  HIVb+F+G4     53088.277    293 106762.554   106833.541   108493.820
355  HIVb+F+I+G4   53076.159    294 106740.318   106811.819   108477.492
356  HIVb+F+R2     53702.170    294 107992.339   108063.840   109729.513
357  HIVb+F+R3     53289.285    296 107170.570   107243.105   108919.562
358  HIVb+F+R4     53076.953    298 106749.906   106823.483   108510.715
359  HIVb+F+R5     53024.740    300 106649.479   106724.107   108422.106
360  HIVb+F+R6     52999.697    302 106603.394   106679.081   108387.837
361  HIVb+F+R7     52978.888    304 106565.776   106642.531   108362.037
362  HIVb+F+R8     52969.123    306 106550.246   106628.077   108358.325
363  HIVb+F+R9     52949.242    308 106514.484   106593.399   108334.380
364  HIVb+F+R10    52942.412    310 106504.825   106584.833   108336.539
365  HIVw          58716.754    273 117979.509   118040.646   119592.599
366  HIVw+I        58516.967    274 117581.934   117643.545   119200.933
367  HIVw+G4       55429.810    274 111407.620   111469.231   113026.619
368  HIVw+I+G4     55411.952    275 111373.904   111435.989   112998.811
369  HIVw+R2       56187.216    275 112924.432   112986.518   114549.339
370  HIVw+R3       55655.578    277 111865.156   111928.198   113501.881
371  HIVw+R4       55445.169    279 111448.339   111512.345   113096.881
372  HIVw+R5       55372.135    281 111306.269   111371.249   112966.630
373  HIVw+R6       55339.879    283 111245.759   111311.719   112917.937
374  HIVw+R7       55312.462    285 111194.925   111261.873   112878.920
375  HIVw+R8       55299.106    287 111172.211   111240.157   112868.024
376  HIVw+R9       55279.427    289 111136.853   111205.804   112844.483
377  HIVw+R10      55271.662    291 111125.323   111195.288   112844.771
378  HIVw+F        57616.796    292 115817.593   115888.067   117542.949
379  HIVw+F+I      57404.863    293 115395.726   115466.713   117126.991
380  HIVw+F+G4     54369.673    293 109325.345   109396.332   111056.610
381  HIVw+F+I+G4   54349.112    294 109286.225   109357.725   111023.398
382  HIVw+F+R2     55097.505    294 110783.010   110854.510   112520.184
383  HIVw+F+R3     54603.314    296 109798.629   109871.163   111547.620
384  HIVw+F+R4     54378.757    298 109353.514   109427.091   111114.323
385  HIVw+F+R5     54318.312    300 109236.624   109311.252   111009.250
386  HIVw+F+R6     54286.345    302 109176.690   109252.377   110961.133
387  HIVw+F+R7     54260.216    304 109128.431   109205.186   110924.693
388  HIVw+F+R8     54247.575    306 109107.149   109184.980   110915.228
389  HIVw+F+R9     54231.123    308 109078.245   109157.161   110898.142
390  HIVw+F+R10    54223.293    310 109066.586   109146.594   110898.300
391  JTTDCMut      54634.052    273 109814.105   109875.243   111427.195
392  JTTDCMut+I    54487.889    274 109523.778   109585.389   111142.777
393  JTTDCMut+G4   51966.135    274 104480.270   104541.881   106099.269
394  JTTDCMut+I+G4 51953.333    275 104456.667   104518.753   106081.574
395  JTTDCMut+R2   52460.586    275 105471.172   105533.258   107096.080
396  JTTDCMut+R3   52128.049    277 104810.097   104873.140   106446.822
397  JTTDCMut+R4   51956.645    279 104471.291   104535.297   106119.833
398  JTTDCMut+R5   51912.613    281 104387.227   104452.206   106047.587
399  JTTDCMut+R6   51890.778    283 104347.557   104413.517   106019.734
400  JTTDCMut+R7   51880.167    285 104330.334   104397.283   106014.329
401  JTTDCMut+R8   51874.990    287 104323.981   104391.926   106019.793
404  JTTDCMut+F    54682.182    292 109948.363   110018.837   111673.719
405  JTTDCMut+F+I  54541.966    293 109669.932   109740.918   111401.197
406  JTTDCMut+F+G4 52081.413    293 104748.827   104819.813   106480.092
407  JTTDCMut+F+I+G4 52066.558    294 104721.116   104792.617   106458.290
408  JTTDCMut+F+R2 52567.845    294 105723.690   105795.190   107460.864
409  JTTDCMut+F+R3 52249.337    296 105090.674   105163.208   106839.665
410  JTTDCMut+F+R4 52068.226    298 104732.452   104806.030   106493.261
411  JTTDCMut+F+R5 52026.802    300 104653.604   104728.232   106426.230
412  JTTDCMut+F+R6 52007.198    302 104618.396   104694.084   106402.840
413  JTTDCMut+F+R7 51998.262    304 104604.524   104681.279   106400.786
414  JTTDCMut+F+R8 51993.248    306 104598.496   104676.327   106406.575
417  FLU           56159.365    273 112864.731   112925.868   114477.821
418  FLU+I         56027.834    274 112603.669   112665.279   114222.667
419  FLU+G4        53081.145    274 106710.289   106771.900   108329.288
420  FLU+I+G4      53068.396    275 106686.791   106748.877   108311.699
421  FLU+R2        53705.512    275 107961.023   108023.109   109585.931
422  FLU+R3        53285.562    277 107125.123   107188.166   108761.848
423  FLU+R4        53085.717    279 106729.434   106793.440   108377.976
424  FLU+R5        53040.747    281 106643.494   106708.473   108303.854
425  FLU+R6        53013.293    283 106592.586   106658.546   108264.764
426  FLU+R7        52991.315    285 106552.630   106619.579   108236.625
427  FLU+R8        52980.491    287 106534.982   106602.927   108230.794
428  FLU+R9        52961.303    289 106500.606   106569.557   108208.236
429  FLU+R10       52952.699    291 106487.398   106557.362   108206.845
430  FLU+F         55715.178    292 112014.357   112084.831   113739.713
431  FLU+F+I       55582.158    293 111750.316   111821.303   113481.581
432  FLU+F+G4      52680.041    293 105946.082   106017.068   107677.347
433  FLU+F+I+G4    52665.177    294 105918.355   105989.855   107655.529
434  FLU+F+R2      53279.938    294 107147.875   107219.376   108885.049
435  FLU+F+R3      52892.165    296 106376.331   106448.866   108125.322
436  FLU+F+R4      52678.793    298 105953.587   106027.164   107714.395
437  FLU+F+R5      52641.664    300 105883.327   105957.955   107655.954
438  FLU+F+R6      52610.615    302 105825.230   105900.917   107609.674
439  FLU+F+R7      52587.468    304 105782.935   105859.690   107579.197
440  FLU+F+R8      52576.574    306 105765.148   105842.979   107573.227
441  FLU+F+R9      52558.920    308 105733.840   105812.756   107553.737
442  FLU+F+R10     52549.736    310 105719.471   105799.480   107551.185
443  Blosum62      53665.686    273 107877.371   107938.509   109490.461
444  Blosum62+I    53547.911    274 107643.822   107705.432   109262.820
445  Blosum62+G4   51504.597    274 103557.195   103618.806   105176.194
446  Blosum62+I+G4 51488.450    275 103526.899   103588.985   105151.807
447  Blosum62+R2   51857.966    275 104265.932   104328.018   105890.840
448  Blosum62+R3   51623.396    277 103800.791   103863.833   105437.516
449  Blosum62+R4   51468.099    279 103494.198   103558.205   105142.741
450  Blosum62+R5   51431.402    281 103424.803   103489.782   105085.163
451  Blosum62+R6   51419.058    283 103404.117   103470.077   105076.294
452  Blosum62+R7   51409.220    285 103388.440   103455.389   105072.435
453  Blosum62+R8   51405.670    287 103385.339   103453.285   105081.152
456  Blosum62+F    53796.337    292 108176.673   108247.148   109902.030
457  Blosum62+F+I  53676.612    293 107939.223   108010.210   109670.488
458  Blosum62+F+G4 51661.313    293 103908.625   103979.612   105639.891
459  Blosum62+F+I+G4 51647.687    294 103883.375   103954.875   105620.549
460  Blosum62+F+R2 52025.299    294 104638.598   104710.098   106375.772
461  Blosum62+F+R3 51783.387    296 104158.775   104231.310   105907.766
462  Blosum62+F+R4 51621.688    298 103839.377   103912.954   105600.186
463  Blosum62+F+R5 51587.897    300 103775.794   103850.422   105548.420
464  Blosum62+F+R6 51577.971    302 103759.943   103835.630   105544.387
465  Blosum62+F+R7 51566.961    304 103741.921   103818.676   105538.183
466  Blosum62+F+R8 51563.656    306 103739.312   103817.143   105547.391
469  mtMet         58835.685    273 118217.371   118278.508   119830.461
470  mtMet+I       58731.369    274 118010.737   118072.348   119629.736
471  mtMet+G4      54816.395    274 110180.790   110242.401   111799.789
472  mtMet+I+G4    54804.402    275 110158.803   110220.889   111783.711
473  mtMet+R2      55495.916    275 111541.832   111603.918   113166.740
474  mtMet+R3      55039.527    277 110633.054   110696.096   112269.779
475  mtMet+R4      54796.119    279 110150.238   110214.245   111798.781
476  mtMet+R5      54750.268    281 110062.536   110127.515   111722.896
477  mtMet+R6      54720.926    283 110007.851   110073.811   111680.029
478  mtMet+R7      54707.418    285 109984.835   110051.784   111668.830
479  mtMet+R8      54700.413    287 109974.827   110042.772   111670.639
482  mtMet+F       56133.357    292 112850.714   112921.189   114576.070
483  mtMet+F+I     56002.497    293 112590.993   112661.979   114322.258
484  mtMet+F+G4    52842.010    293 106270.019   106341.006   108001.285
485  mtMet+F+I+G4  52829.814    294 106247.627   106319.128   107984.801
486  mtMet+F+R2    53467.492    294 107522.984   107594.484   109260.158
487  mtMet+F+R3    53085.826    296 106763.653   106836.188   108512.644
488  mtMet+F+R4    52854.996    298 106305.991   106379.569   108066.800
489  mtMet+F+R5    52811.960    300 106223.920   106298.548   107996.547
490  mtMet+F+R6    52777.310    302 106158.621   106234.308   107943.065
491  mtMet+F+R7    52762.693    304 106133.387   106210.142   107929.648
492  mtMet+F+R8    52756.979    306 106125.959   106203.790   107934.038
495  mtVer         59822.680    273 120191.360   120252.497   121804.450
496  mtVer+I       59706.199    274 119960.398   120022.009   121579.397
497  mtVer+G4      55349.988    274 111247.975   111309.586   112866.974
498  mtVer+I+G4    55339.197    275 111228.393   111290.479   112853.301
499  mtVer+R2      56090.616    275 112731.232   112793.318   114356.139
500  mtVer+R3      55640.454    277 111834.908   111897.950   113471.633
501  mtVer+R4      55355.521    279 111269.042   111333.048   112917.584
502  mtVer+R5      55297.806    281 111157.612   111222.591   112817.972
503  mtVer+R6      55261.548    283 111089.095   111155.055   112761.273
504  mtVer+R7      55240.102    285 111050.205   111117.153   112734.200
505  mtVer+R8      55232.317    287 111038.634   111106.579   112734.446
508  mtVer+F       57229.863    292 115043.727   115114.201   116769.083
509  mtVer+F+I     57078.902    293 114743.804   114814.790   116475.069
510  mtVer+F+G4    53547.266    293 107680.533   107751.519   109411.798
511  mtVer+F+I+G4  53534.288    294 107656.576   107728.077   109393.750
512  mtVer+F+R2    54275.102    294 109138.204   109209.704   110875.378
513  mtVer+F+R3    53856.209    296 108304.418   108376.953   110053.409
514  mtVer+F+R4    53584.307    298 107764.613   107838.190   109525.422
515  mtVer+F+R5    53534.641    300 107669.281   107743.909   109441.907
516  mtVer+F+R6    53489.096    302 107582.192   107657.880   109366.636
517  mtVer+F+R7    53467.492    304 107542.984   107619.739   109339.246
518  mtVer+F+R8    53459.611    306 107531.223   107609.054   109339.302
521  mtInv         58676.488    273 117898.976   117960.114   119512.066
522  mtInv+I       58568.985    274 117685.970   117747.581   119304.969
523  mtInv+G4      55011.832    274 110571.663   110633.274   112190.662
524  mtInv+I+G4    54996.508    275 110543.016   110605.102   112167.924
525  mtInv+R2      55570.627    275 111691.255   111753.341   113316.162
526  mtInv+R3      55178.611    277 110911.221   110974.263   112547.946
527  mtInv+R4      54990.697    279 110539.393   110603.400   112187.936
528  mtInv+R5      54931.280    281 110424.559   110489.538   112084.919
529  mtInv+R6      54903.340    283 110372.680   110438.640   112044.858
530  mtInv+R7      54891.276    285 110352.552   110419.500   112036.547
531  mtInv+R8      54888.297    287 110350.595   110418.540   112046.407
534  mtInv+F       55420.430    292 111424.861   111495.335   113150.217
535  mtInv+F+I     55287.194    293 111160.388   111231.374   112891.653
536  mtInv+F+G4    52428.329    293 105442.658   105513.645   107173.923
537  mtInv+F+I+G4  52415.195    294 105418.390   105489.890   107155.564
538  mtInv+F+R2    52999.246    294 106586.493   106657.993   108323.667
539  mtInv+F+R3    52641.702    296 105875.404   105947.938   107624.395
540  mtInv+F+R4    52441.498    298 105478.995   105552.573   107239.804
541  mtInv+F+R5    52390.610    300 105381.219   105455.847   107153.846
542  mtInv+F+R6    52369.440    302 105342.881   105418.568   107127.325
543  mtInv+F+R7    52355.985    304 105319.969   105396.724   107116.231
544  mtInv+F+R8    52350.821    306 105313.642   105391.473   107121.721
Akaike Information Criterion:           LG+R8
Corrected Akaike Information Criterion: LG+R8
Bayesian Information Criterion:         LG+R7
Best-fit model: LG+R7 chosen according to BIC

All model information printed to MSTRG.24583.1.p1.pep.faa.blastp_ALL.outfmt6.parsed.filtered.faa.mafft.aln.model.gz
CPU time for ModelFinder: 11208.301 seconds (3h:6m:48s)
Wall-clock time for ModelFinder: 5233.127 seconds (1h:27m:13s)
Generating 2000 samples for ultrafast bootstrap (seed: 717744)...

NOTE: 129 MB RAM (0 GB) is required!
Measuring multi-threading efficiency up to 2 CPU cores
4 trees examined
Threads: 1 / Time: 2.290 sec / Speedup: 1.000 / Efficiency: 100% / LogL: -60207
Threads: 2 / Time: 1.165 sec / Speedup: 1.966 / Efficiency: 98% / LogL: -60207
BEST NUMBER OF THREADS: 2

Estimate model parameters (epsilon = 0.100)
1. Initial log-likelihood: -51242.185
2. Current log-likelihood: -51234.514
3. Current log-likelihood: -51233.540
4. Current log-likelihood: -51233.121
5. Current log-likelihood: -51232.904
6. Current log-likelihood: -51232.776
Optimal log-likelihood: -51232.673
Site proportion and rates:  (0.162,0.071) (0.165,0.228) (0.104,0.433) (0.139,0.741) (0.140,0.999) (0.106,1.464) (0.183,2.766)
Parameters optimization took 6 rounds (21.704 sec)
Computing ML distances based on estimated model parameters... 14.026 sec
WARNING: Some pairwise ML distances are too long (saturated)
Computing BIONJ tree...
0.012 seconds
Log-likelihood of BIONJ tree: -51171.424
--------------------------------------------------------------------
|             INITIALIZING CANDIDATE TREE SET                      |
--------------------------------------------------------------------
Generating 98 parsimony trees... 7.260 second
Computing log-likelihood of 98 initial trees ... 50.137 seconds
Current best score: -51171.424

Do NNI search on 20 best initial trees
Estimate model parameters (epsilon = 0.100)
BETTER TREE FOUND at iteration 1: -51050.421
Estimate model parameters (epsilon = 0.100)
BETTER TREE FOUND at iteration 3: -51043.164
Estimate model parameters (epsilon = 0.100)
BETTER TREE FOUND at iteration 4: -51023.816
Iteration 10 / LogL: -51125.561 / Time: 0h:3m:37s
Iteration 20 / LogL: -51150.504 / Time: 0h:5m:17s
Finish initializing candidate tree set (20)
Current best tree score: -51023.816 / CPU time: 280.843
Number of iterations: 20
--------------------------------------------------------------------
|               OPTIMIZING CANDIDATE TREE SET                      |
--------------------------------------------------------------------
Estimate model parameters (epsilon = 0.100)
BETTER TREE FOUND at iteration 22: -51021.808
Estimate model parameters (epsilon = 0.100)
BETTER TREE FOUND at iteration 26: -51020.981
Iteration 30 / LogL: -51048.903 / Time: 0h:6m:47s (0h:22m:29s left)
Estimate model parameters (epsilon = 0.100)
BETTER TREE FOUND at iteration 34: -51019.668
Estimate model parameters (epsilon = 0.100)
BETTER TREE FOUND at iteration 35: -51010.555
Estimate model parameters (epsilon = 0.100)
BETTER TREE FOUND at iteration 36: -51006.000
Iteration 40 / LogL: -51032.986 / Time: 0h:8m:19s (0h:20m:29s left)
Estimate model parameters (epsilon = 0.100)
BETTER TREE FOUND at iteration 42: -51005.576
Estimate model parameters (epsilon = 0.100)
BETTER TREE FOUND at iteration 44: -50996.750
Iteration 50 / LogL: -51012.427 / Time: 0h:9m:37s (0h:18m:27s left)
Log-likelihood cutoff on original alignment: -51173.628
Estimate model parameters (epsilon = 0.100)
BETTER TREE FOUND at iteration 52: -50994.624
Estimate model parameters (epsilon = 0.100)
BETTER TREE FOUND at iteration 54: -50991.443
Estimate model parameters (epsilon = 0.100)
BETTER TREE FOUND at iteration 56: -50988.539
Estimate model parameters (epsilon = 0.100)
BETTER TREE FOUND at iteration 60: -50984.437
Iteration 60 / LogL: -50984.437 / Time: 0h:11m:10s (0h:18m:56s left)
Estimate model parameters (epsilon = 0.100)
BETTER TREE FOUND at iteration 67: -50982.467
Estimate model parameters (epsilon = 0.100)
BETTER TREE FOUND at iteration 69: -50977.428
Iteration 70 / LogL: -50997.544 / Time: 0h:12m:33s (0h:18m:1s left)
Iteration 80 / LogL: -50987.657 / Time: 0h:13m:47s (0h:15m:32s left)
Estimate model parameters (epsilon = 0.100)
BETTER TREE FOUND at iteration 82: -50974.537
Iteration 90 / LogL: -50977.788 / Time: 0h:14m:59s (0h:15m:30s left)
Iteration 100 / LogL: -50974.655 / Time: 0h:16m:8s (0h:13m:22s left)
Log-likelihood cutoff on original alignment: -51150.245
NOTE: Bootstrap correlation coefficient of split occurrence frequencies: 0.939
NOTE: UFBoot does not converge, continue at least 100 more iterations
Estimate model parameters (epsilon = 0.100)
BETTER TREE FOUND at iteration 105: -50973.257
Iteration 110 / LogL: -50980.589 / Time: 0h:17m:18s (0h:15m:5s left)
Iteration 120 / LogL: -50974.001 / Time: 0h:18m:30s (0h:13m:13s left)
Iteration 130 / LogL: -50974.779 / Time: 0h:19m:39s (0h:11m:25s left)
Estimate model parameters (epsilon = 0.100)
BETTER TREE FOUND at iteration 136: -50972.583
Iteration 140 / LogL: -50986.340 / Time: 0h:20m:50s (0h:14m:23s left)
Iteration 150 / LogL: -50987.166 / Time: 0h:22m:2s (0h:12m:43s left)
Log-likelihood cutoff on original alignment: -51150.245
Iteration 160 / LogL: -50984.135 / Time: 0h:23m:10s (0h:11m:4s left)
Iteration 170 / LogL: -50977.448 / Time: 0h:24m:14s (0h:9m:28s left)
Iteration 180 / LogL: -50974.133 / Time: 0h:25m:22s (0h:7m:56s left)
Iteration 190 / LogL: -50986.561 / Time: 0h:26m:29s (0h:6m:26s left)
Iteration 200 / LogL: -50974.824 / Time: 0h:27m:34s (0h:4m:59s left)
Log-likelihood cutoff on original alignment: -51150.245
NOTE: Bootstrap correlation coefficient of split occurrence frequencies: 0.994
Iteration 210 / LogL: -50977.382 / Time: 0h:28m:46s (0h:12m:23s left)
Estimate model parameters (epsilon = 0.100)
BETTER TREE FOUND at iteration 218: -50971.920
Iteration 220 / LogL: -50981.296 / Time: 0h:30m:3s (0h:13m:27s left)
Estimate model parameters (epsilon = 0.100)
BETTER TREE FOUND at iteration 223: -50970.345
Iteration 230 / LogL: -50983.252 / Time: 0h:31m:16s (0h:12m:42s left)
Iteration 240 / LogL: -50976.269 / Time: 0h:32m:23s (0h:11m:14s left)
Estimate model parameters (epsilon = 0.100)
BETTER TREE FOUND at iteration 243: -50969.747
Estimate model parameters (epsilon = 0.100)
BETTER TREE FOUND at iteration 249: -50969.064
Iteration 250 / LogL: -50996.735 / Time: 0h:33m:38s (0h:13m:22s left)
Log-likelihood cutoff on original alignment: -51150.245
Estimate model parameters (epsilon = 0.100)
BETTER TREE FOUND at iteration 260: -50966.349
Iteration 260 / LogL: -50966.349 / Time: 0h:34m:50s (0h:13m:27s left)
Iteration 270 / LogL: -50978.391 / Time: 0h:35m:57s (0h:12m:1s left)
Iteration 280 / LogL: -50976.903 / Time: 0h:37m:5s (0h:10m:38s left)
Estimate model parameters (epsilon = 0.100)
BETTER TREE FOUND at iteration 282: -50965.868
Iteration 290 / LogL: -50968.878 / Time: 0h:38m:12s (0h:12m:9s left)
Iteration 300 / LogL: -51084.015 / Time: 0h:39m:17s (0h:10m:46s left)
Log-likelihood cutoff on original alignment: -51150.245
NOTE: Bootstrap correlation coefficient of split occurrence frequencies: 0.989
NOTE: UFBoot does not converge, continue at least 100 more iterations
Iteration 310 / LogL: -50998.613 / Time: 0h:40m:24s (0h:11m:46s left)
Estimate model parameters (epsilon = 0.100)
BETTER TREE FOUND at iteration 312: -50965.697
Iteration 320 / LogL: -50966.723 / Time: 0h:41m:40s (0h:12m:1s left)
Iteration 330 / LogL: -50969.714 / Time: 0h:42m:44s (0h:10m:39s left)
Estimate model parameters (epsilon = 0.100)
BETTER TREE FOUND at iteration 335: -50965.509
Iteration 340 / LogL: -50967.859 / Time: 0h:43m:54s (0h:12m:18s left)
Iteration 350 / LogL: -50986.271 / Time: 0h:45m:3s (0h:10m:58s left)
Log-likelihood cutoff on original alignment: -51150.245
Iteration 360 / LogL: -50981.324 / Time: 0h:46m:6s (0h:9m:38s left)
Iteration 370 / LogL: -50972.785 / Time: 0h:47m:11s (0h:8m:18s left)
Iteration 380 / LogL: -50968.429 / Time: 0h:48m:16s (0h:7m:0s left)
Iteration 390 / LogL: -50974.738 / Time: 0h:49m:22s (0h:5m:42s left)
Iteration 400 / LogL: -50971.682 / Time: 0h:50m:22s (0h:4m:25s left)
Log-likelihood cutoff on original alignment: -51150.245
NOTE: Bootstrap correlation coefficient of split occurrence frequencies: 0.985
NOTE: UFBoot does not converge, continue at least 100 more iterations
Iteration 410 / LogL: -50977.125 / Time: 0h:51m:28s (0h:11m:19s left)
Iteration 420 / LogL: -50976.599 / Time: 0h:52m:29s (0h:10m:1s left)
Iteration 430 / LogL: -50981.313 / Time: 0h:53m:33s (0h:8m:44s left)
Iteration 440 / LogL: -50970.806 / Time: 0h:54m:38s (0h:7m:28s left)
Estimate model parameters (epsilon = 0.100)
BETTER TREE FOUND at iteration 446: -50965.308
Iteration 450 / LogL: -50966.842 / Time: 0h:55m:48s (0h:11m:56s left)
Log-likelihood cutoff on original alignment: -51150.245
Iteration 460 / LogL: -51000.612 / Time: 0h:56m:54s (0h:10m:39s left)
Estimate model parameters (epsilon = 0.100)
BETTER TREE FOUND at iteration 461: -50963.505
Iteration 470 / LogL: -50976.301 / Time: 0h:58m:4s (0h:11m:16s left)
Iteration 480 / LogL: -50965.643 / Time: 0h:59m:3s (0h:9m:59s left)
Iteration 490 / LogL: -50980.619 / Time: 1h:0m:7s (0h:8m:43s left)
Iteration 500 / LogL: -50969.166 / Time: 1h:1m:12s (0h:7m:28s left)
Log-likelihood cutoff on original alignment: -51150.245
NOTE: Bootstrap correlation coefficient of split occurrence frequencies: 0.990
NOTE: UFBoot does not converge, continue at least 100 more iterations
Estimate model parameters (epsilon = 0.100)
BETTER TREE FOUND at iteration 502: -50961.547
Iteration 510 / LogL: -50966.932 / Time: 1h:2m:27s (0h:11m:17s left)
Iteration 520 / LogL: -50966.855 / Time: 1h:3m:32s (0h:10m:2s left)
Iteration 530 / LogL: -50969.853 / Time: 1h:4m:33s (0h:8m:47s left)
Iteration 540 / LogL: -50976.359 / Time: 1h:5m:40s (0h:7m:33s left)
Iteration 550 / LogL: -50987.379 / Time: 1h:6m:47s (0h:6m:19s left)
Log-likelihood cutoff on original alignment: -51150.245
Estimate model parameters (epsilon = 0.100)
BETTER TREE FOUND at iteration 556: -50961.312
Iteration 560 / LogL: -50964.665 / Time: 1h:7m:55s (0h:11m:39s left)
Iteration 570 / LogL: -50972.183 / Time: 1h:9m:5s (0h:10m:26s left)
Iteration 580 / LogL: -50966.068 / Time: 1h:10m:17s (0h:9m:13s left)
Iteration 590 / LogL: -50976.607 / Time: 1h:11m:22s (0h:7m:59s left)
Iteration 600 / LogL: -50972.190 / Time: 1h:12m:31s (0h:6m:46s left)
Log-likelihood cutoff on original alignment: -51150.245
NOTE: Bootstrap correlation coefficient of split occurrence frequencies: 0.989
NOTE: UFBoot does not converge, continue at least 100 more iterations
Iteration 610 / LogL: -50975.614 / Time: 1h:13m:40s (0h:10m:53s left)
Iteration 620 / LogL: -50965.663 / Time: 1h:14m:46s (0h:9m:39s left)
Iteration 630 / LogL: -51005.568 / Time: 1h:15m:52s (0h:8m:26s left)
Iteration 640 / LogL: -50969.952 / Time: 1h:16m:59s (0h:7m:13s left)
Iteration 650 / LogL: -50968.795 / Time: 1h:18m:4s (0h:6m:0s left)
Log-likelihood cutoff on original alignment: -51095.002
Estimate model parameters (epsilon = 0.100)
BETTER TREE FOUND at iteration 652: -50961.167
Iteration 660 / LogL: -50961.510 / Time: 1h:19m:11s (0h:11m:3s left)
Estimate model parameters (epsilon = 0.100)
BETTER TREE FOUND at iteration 665: -50960.530
Iteration 670 / LogL: -50966.233 / Time: 1h:20m:19s (0h:11m:24s left)
Estimate model parameters (epsilon = 0.100)
BETTER TREE FOUND at iteration 674: -50959.490
Iteration 680 / LogL: -50967.154 / Time: 1h:21m:34s (0h:11m:17s left)
Iteration 690 / LogL: -50998.528 / Time: 1h:22m:35s (0h:10m:4s left)
Iteration 700 / LogL: -50962.093 / Time: 1h:23m:43s (0h:8m:51s left)
Log-likelihood cutoff on original alignment: -51095.002
NOTE: Bootstrap correlation coefficient of split occurrence frequencies: 0.990
NOTE: UFBoot does not converge, continue at least 100 more iterations
Iteration 710 / LogL: -50960.882 / Time: 1h:24m:45s (0h:10m:45s left)
Iteration 720 / LogL: -50965.853 / Time: 1h:25m:47s (0h:9m:32s left)
Iteration 730 / LogL: -50962.268 / Time: 1h:26m:49s (0h:8m:20s left)
Iteration 740 / LogL: -50968.054 / Time: 1h:27m:50s (0h:7m:7s left)
Iteration 750 / LogL: -50959.673 / Time: 1h:28m:52s (0h:5m:55s left)
Log-likelihood cutoff on original alignment: -51095.002
Iteration 760 / LogL: -50974.700 / Time: 1h:29m:58s (0h:4m:44s left)
Estimate model parameters (epsilon = 0.100)
BETTER TREE FOUND at iteration 764: -50958.809
Iteration 770 / LogL: -50962.119 / Time: 1h:31m:4s (0h:11m:7s left)
Iteration 780 / LogL: -50968.099 / Time: 1h:32m:6s (0h:9m:55s left)
Iteration 790 / LogL: -50965.705 / Time: 1h:33m:10s (0h:8m:44s left)
Iteration 800 / LogL: -50961.001 / Time: 1h:34m:8s (0h:7m:32s left)
Log-likelihood cutoff on original alignment: -51089.692
NOTE: Bootstrap correlation coefficient of split occurrence frequencies: 0.987
NOTE: UFBoot does not converge, continue at least 100 more iterations
Estimate model parameters (epsilon = 0.100)
BETTER TREE FOUND at iteration 809: -50958.558
Iteration 810 / LogL: -50960.606 / Time: 1h:35m:16s (0h:11m:39s left)
Iteration 820 / LogL: -50958.781 / Time: 1h:36m:18s (0h:10m:27s left)
Iteration 830 / LogL: -50967.023 / Time: 1h:37m:21s (0h:9m:16s left)
Iteration 840 / LogL: -50960.060 / Time: 1h:38m:28s (0h:8m:5s left)
Iteration 850 / LogL: -51018.828 / Time: 1h:39m:29s (0h:6m:54s left)
Log-likelihood cutoff on original alignment: -51089.692
Estimate model parameters (epsilon = 0.100)
BETTER TREE FOUND at iteration 853: -50957.910
Iteration 860 / LogL: -50968.568 / Time: 1h:40m:35s (0h:10m:53s left)
Iteration 870 / LogL: -50966.702 / Time: 1h:41m:37s (0h:9m:42s left)
Iteration 880 / LogL: -50979.475 / Time: 1h:42m:40s (0h:8m:31s left)
Iteration 890 / LogL: -50960.061 / Time: 1h:43m:41s (0h:7m:20s left)
Iteration 900 / LogL: -50961.607 / Time: 1h:44m:44s (0h:6m:10s left)
Log-likelihood cutoff on original alignment: -51089.692
NOTE: Bootstrap correlation coefficient of split occurrence frequencies: 0.986
NOTE: UFBoot does not converge, continue at least 100 more iterations
Iteration 910 / LogL: -50958.241 / Time: 1h:45m:49s (0h:10m:28s left)
Iteration 920 / LogL: -50961.232 / Time: 1h:46m:58s (0h:9m:18s left)
Iteration 930 / LogL: -50972.742 / Time: 1h:48m:5s (0h:8m:8s left)
Iteration 940 / LogL: -50961.792 / Time: 1h:49m:12s (0h:6m:58s left)
Iteration 950 / LogL: -50960.162 / Time: 1h:50m:17s (0h:5m:48s left)
Log-likelihood cutoff on original alignment: -51089.692
Iteration 960 / LogL: -50975.420 / Time: 1h:51m:23s (0h:4m:38s left)
Iteration 970 / LogL: -50958.510 / Time: 1h:52m:26s (0h:3m:28s left)
Iteration 980 / LogL: -50960.311 / Time: 1h:53m:31s (0h:2m:19s left)
Iteration 990 / LogL: -50965.590 / Time: 1h:54m:34s (0h:1m:9s left)
Iteration 1000 / LogL: -50964.890 / Time: 1h:55m:40s (0h:0m:0s left)
Log-likelihood cutoff on original alignment: -51089.692
NOTE: Bootstrap correlation coefficient of split occurrence frequencies: 0.987
NOTE: UFBoot does not converge, continue at least 100 more iterations
WARNING: bootstrap analysis did not converge. You should rerun with higher number of iterations (-nm option)
TREE SEARCH COMPLETED AFTER 1001 ITERATIONS / Time: 1h:55m:48s

--------------------------------------------------------------------
|                    FINALIZING TREE SEARCH                        |
--------------------------------------------------------------------
Performs final model parameters optimization
Estimate model parameters (epsilon = 0.010)
1. Initial log-likelihood: -50957.910
Optimal log-likelihood: -50957.910
Site proportion and rates:  (0.132,0.064) (0.170,0.208) (0.120,0.436) (0.124,0.751) (0.152,0.987) (0.094,1.428) (0.208,2.528)
Parameters optimization took 1 rounds (0.995 sec)
BEST SCORE FOUND : -50957.910
Creating bootstrap support values...
Split supports printed to NEXUS file MSTRG.24583.1.p1.pep.faa.blastp_ALL.outfmt6.parsed.filtered.faa.mafft.aln.splits.nex
Total tree length: 138.789

Total number of iterations: 1001
CPU time used for tree search: 13732.064 sec (3h:48m:52s)
Wall-clock time used for tree search: 6911.252 sec (1h:55m:11s)
Total CPU time used: 13806.832 sec (3h:50m:6s)
Total wall-clock time used: 6950.568 sec (1h:55m:50s)

Computing bootstrap consensus tree...
Reading input file MSTRG.24583.1.p1.pep.faa.blastp_ALL.outfmt6.parsed.filtered.faa.mafft.aln.splits.nex...
138 taxa and 1909 splits.
Consensus tree written to MSTRG.24583.1.p1.pep.faa.blastp_ALL.outfmt6.parsed.filtered.faa.mafft.aln.contree
Reading input trees file MSTRG.24583.1.p1.pep.faa.blastp_ALL.outfmt6.parsed.filtered.faa.mafft.aln.contree
Log-likelihood of consensus tree: -50962.961

Analysis results written to: 
  IQ-TREE report:                MSTRG.24583.1.p1.pep.faa.blastp_ALL.outfmt6.parsed.filtered.faa.mafft.aln.iqtree
  Maximum-likelihood tree:       MSTRG.24583.1.p1.pep.faa.blastp_ALL.outfmt6.parsed.filtered.faa.mafft.aln.treefile
  Likelihood distances:          MSTRG.24583.1.p1.pep.faa.blastp_ALL.outfmt6.parsed.filtered.faa.mafft.aln.mldist

Ultrafast bootstrap approximation results written to:
  Split support values:          MSTRG.24583.1.p1.pep.faa.blastp_ALL.outfmt6.parsed.filtered.faa.mafft.aln.splits.nex
  Consensus tree:                MSTRG.24583.1.p1.pep.faa.blastp_ALL.outfmt6.parsed.filtered.faa.mafft.aln.contree
  Screen log file:               MSTRG.24583.1.p1.pep.faa.blastp_ALL.outfmt6.parsed.filtered.faa.mafft.aln.log

Date and Time: Tue May 25 03:30:37 2021
