IQ-TREE multicore version 1.6.12 for Linux 64-bit built Aug 15 2019
Developed by Bui Quang Minh, Nguyen Lam Tung, Olga Chernomor,
Heiko Schmidt, Dominik Schrempf, Michael Woodhams.

Host:    coral (AVX512, FMA3, 376 GB RAM)
Command: /home/timothy/programs/iqtree-1.6.12-Linux/bin/iqtree -s MSTRG.5217.1.p1.pep.faa.blastp_ALL.outfmt6.parsed.filtered.faa.mafft.aln -nt AUTO -ntmax 2 -m MFP -bb 2000 -quiet
Seed:    651727 (Using SPRNG - Scalable Parallel Random Number Generator)
Time:    Tue May 25 04:24:50 2021
Kernel:  AVX+FMA - auto-detect threads (96 CPU cores detected)

Reading alignment file MSTRG.5217.1.p1.pep.faa.blastp_ALL.outfmt6.parsed.filtered.faa.mafft.aln ... Fasta format detected
Alignment most likely contains protein sequences
Alignment has 120 sequences with 2560 columns, 874 distinct patterns
566 parsimony-informative, 162 singleton sites, 1832 constant sites
                                                                                                                                               Gap/Ambiguity  Composition  p-value
   1  Archaea-CandidatusKorarchaeota-NA-NA-NA-Candidatus_Methanodesulfokores_washburnensis_WP_125672077.1                                             81.45%    failed      0.00%
   2  Archaea-Crenarchaeota-Thermoprotei-Acidilobales-Acidilobaceae-Acidilobus_sp._7A_WP_117354628.1                                                  81.72%    failed      0.00%
   3  Archaea-Crenarchaeota-Thermoprotei-Desulfurococcales-Desulfurococcaceae-Desulfurococcaceae_archaeon_AG1_WP_109159965.1                          81.99%    failed      0.03%
   4  Archaea-Euryarchaeota-NA-NA-NA-Aciduliprofundum_sp._MAR08339_WP_015283233.1                                                                     81.17%    failed      0.01%
   5  Archaea-Euryarchaeota-Thermoplasmata-Thermoplasmatales-Cuniculiplasmataceae-Cuniculiplasma_divulgatum_WP_077075975.1                            81.09%    passed      5.65%
   6  Archaea-NA-NA-NA-NA-anaerobic_archaeon_MKD1_WP_147664708.1                                                                                      80.55%    failed      0.52%
   7  Archaea-NA-NA-NA-NA-archaeon_AArcSl_WP_119821314.1                                                                                              80.55%    failed      0.00%
   8  Archaea-Thaumarchaeota-NA-NA-NA-Thaumarchaeota_archaeon_N4_WP_048194473.1                                                                       81.41%    passed     41.70%
   9  Archaea-Thaumarchaeota-Nitrososphaeria-Nitrososphaerales-Nitrososphaeraceae-Candidatus_Nitrososphaera_gargensis_WP_015020539.1                  81.37%    passed     12.32%
  10  Bacteria-Acidobacteria-Acidobacteriia-Acidobacteriales-Acidobacteriaceae-Acidipila_dinghuensis_WP_129209849.1                                   80.27%    passed     10.27%
  11  Bacteria-Acidobacteria-Acidobacteriia-Acidobacteriales-Acidobacteriaceae-Occallatibacter_savannae_WP_109489154.1                                80.23%    failed      3.58%
  12  Bacteria-Actinobacteria-Actinobacteria-Actinomycetales-Actinomycetaceae-Varibaculum_timonense_WP_080913587.1                                    81.13%    failed      2.06%
  13  Bacteria-Actinobacteria-Actinobacteria-Micrococcales-Microbacteriaceae-Microbacterium_arborescens_WP_114598516.1                                80.66%    passed     77.14%
  14  Bacteria-Aquificae-Aquificae-Aquificales-Aquificaceae-Hydrogenobacter_thermophilus_WP_012962969.1                                               80.94%    failed      3.48%
  15  Bacteria-Aquificae-Aquificae-Aquificales-Aquificaceae-Thermocrinis_minervae_WP_079653449.1                                                      81.09%    failed      0.20%
  16  Bacteria-Bacteroidetes-Bacteroidia-Bacteroidales-Porphyromonadaceae-Fermentimonas_caenicola_WP_045090640.1                                      80.78%    passed      7.02%
  17  Bacteria-Bacteroidetes-Bacteroidia-Bacteroidales-Porphyromonadaceae-Lascolabacillus_massiliensis_WP_053826985.1                                 80.78%    passed      6.38%
  18  Bacteria-CandidatusKryptonia-NA-NA-NA-Candidatus_Chrysopegis_kryptomonas_WP_092347517.1                                                         80.62%    failed      0.12%
  19  Bacteria-CandidatusMelainabacteria-NA-NA-NA-Candidatus_Melainabacteria_bacterium_WP_144104886.1                                                 80.12%    passed     65.33%
  20  Bacteria-Chlamydiae-Chlamydiia-Parachlamydiales-Waddliaceae-Waddlia_chondrophila_WP_013182705.1                                                 79.61%    passed     13.45%
  21  Bacteria-Chloroflexi-Ardenticatenia-Ardenticatenales-Ardenticatenaceae-Ardenticatena_maritima_WP_054491546.1                                    80.55%    failed      0.01%
  22  Bacteria-Coprothermobacterota-Coprothermobacteria-Coprothermobacterales-Coprothermobacteraceae-Coprothermobacter_proteolyticus_WP_107763666.1   81.05%    passed      6.32%
  23  Bacteria-Dictyoglomi-Dictyoglomia-Dictyoglomales-Dictyoglomaceae-Dictyoglomus_sp._ob14_WP_148807743.1                                           80.74%    failed      1.55%
  24  Bacteria-Elusimicrobia-Endomicrobia-Endomicrobiales-Endomicrobiaceae-Candidatus_Endomicrobium_trichonymphae_WP_096525900.1                      80.98%    failed      0.33%
  25  Bacteria-Firmicutes-Clostridia-Clostridiales-Syntrophomonadaceae-Thermosyntropha_lipolytica_WP_073089529.1                                      81.13%    failed      1.89%
  26  Bacteria-Firmicutes-Clostridia-Thermoanaerobacterales-Thermoanaerobacteraceae-Moorella_mulderi_WP_062285500.1                                   81.17%    failed      0.05%
  27  Bacteria-NA-NA-NA-NA-bacterium_1xD4267_WP_120396535.1                                                                                           80.82%    passed     12.32%
  28  Bacteria-NA-NA-NA-NA-NA_WP_016291787.1                                                                                                          81.09%    passed     15.89%
  29  Bacteria-Planctomycetes-CandidatusBrocadiae-CandidatusBrocadiales-CandidatusBrocadiaceae-Candiadtus_Scalindua_japonica_WP_096894517.1           80.16%    passed      6.05%
  30  Bacteria-Planctomycetes-CandidatusBrocadiae-CandidatusBrocadiales-CandidatusBrocadiaceae-Candidatus_Brocadia_sinica_WP_052564009.1              80.31%    passed     22.66%
  31  Bacteria-Proteobacteria-Betaproteobacteria-Burkholderiales-Burkholderiaceae-Burkholderia_sp._DHOD12_WP_137332171.1                              81.02%    failed      1.14%
  32  Bacteria-Proteobacteria-Betaproteobacteria-Neisseriales-Chromobacteriaceae-NA_WP_054285701.1                                                    81.02%    failed      0.90%
  33  Bacteria-Spirochaetes-Spirochaetia-Leptospirales-Leptospiraceae-Leptospira_bourretii_WP_135748571.1                                             80.16%    passed     51.92%
  34  Bacteria-Spirochaetes-Spirochaetia-Leptospirales-Leptospiraceae-NA_WP_100718146.1                                                               80.16%    passed     69.00%
  35  Bacteria-Synergistetes-Synergistia-Synergistales-Synergistaceae-Aminivibrio_pyruvatiphilus_WP_133957529.1                                       80.82%    failed      4.04%
  36  Bacteria-Synergistetes-Synergistia-Synergistales-Synergistaceae-Cloacibacillus_sp._An23_WP_087363237.1                                          80.78%    failed      2.58%
  37  Bacteria-Tenericutes-Mollicutes-Entomoplasmatales-Spiroplasmataceae-Spiroplasma_sabaudiense_WP_025250780.1                                      80.94%    failed      0.00%
  38  Bacteria-Thermotogae-Thermotogae-Thermotogales-Fervidobacteriaceae-Fervidobacterium_thailandense_WP_069293131.1                                 80.90%    failed      1.07%
  39  Bacteria-Thermotogae-Thermotogae-Thermotogales-Fervidobacteriaceae-Thermosipho_globiformans_WP_126993569.1                                      81.13%    failed      0.37%
  40  Eukaryota-Acytosteliales-Acytosteliales-Acytosteliales-Acytosteliaceae-Acytostelium_subglobosum_XP_012752937.1                                  78.87%    passed     84.23%
  41  Eukaryota-Acytosteliales-Acytosteliales-Acytosteliales-Cavenderiaceae-Cavenderia_fasciculata_XP_004359521.1                                     14.69%    failed      0.00%
  42  Eukaryota-Alveolata-Dinophyceae-NA-Unranked-Glenodinium_foliaceum_MMETSP0119_c5980_g1_i1.p2                                                     80.43%    passed     55.59%
  43  Eukaryota-Alveolata-Dinophyceae-Peridiniales-Kryptoperidiniaceae-Kryptoperidinium_foliaceum_MMETSP0120_c69875_g1_i1.p1                          79.02%    passed     94.62%
  44  Eukaryota-Amoebozoa-NA-NA-Paramoebidae-Stygamoeba_regulata_MMETSP0447_c9683_g1_i1.p1                                                            79.61%    passed     85.51%
  45  Eukaryota-Amoebozoa-NA-NA-Paramoebidae-Vexillifera_sp_MMETSP0173_c1130_g1_i1.p1                                                                 79.53%    failed      2.16%
  46  Eukaryota-Annelida-Clitellata-Hirudinida-Glossiphoniidae-Helobdella_robusta_jgi186209                                                           79.92%    passed     25.77%
  47  Eukaryota-Apicomplexa-Conoidasida-Eucoccidiorida-Sarcocystidae-Besnoitia_besnoiti_XP_029222528.1                                                79.69%    passed     80.08%
  48  Eukaryota-Apicomplexa-NA-Unranked-NA-Alveolata_sp_MMETSP0288_c31130_g1_i1.p1                                                                    80.16%    passed     81.32%
  49  Eukaryota-Apusomonadidae-NA-NA-NA-Thecamonas_trahens_XP_013760733.1                                                                             79.34%    passed     10.94%
  50  Eukaryota-Arthropoda-Insecta-Hymenoptera-Braconidae-Diachasma_alloeum_XP_015123628.1                                                            79.57%    passed     72.27%
  51  Eukaryota-Arthropoda-Insecta-Hymenoptera-Braconidae-Fopius_arisanus_XP_011302503.1                                                              79.57%    passed     76.36%
  52  Eukaryota-Ascomycota-Pneumocystidomycetes-Pneumocystidales-Pneumocystidaceae-Pneumocystis_jirovecii_XP_018230640.1                              79.14%    passed     16.88%
  53  Eukaryota-Ascomycota-Saccharomycetes-Saccharomycetales-Saccharomycetaceae-Eremothecium_sinecaudum_XP_017989130.1                                79.61%    passed     78.63%
  54  Eukaryota-Basidiomycota-Microbotryomycetes-Undefined-Undefined-Sporobolomyces_roseus_jgi28117                                                   79.26%    passed     14.03%
  55  Eukaryota-Basidiomycota-Pucciniomycetes-Pucciniales-Melampsoraceae-Melampsora_laricipopulina_XP_007410271.1                                     79.30%    passed     21.26%
  56  Eukaryota-Brachiopoda-Lingulata-Lingulida-Lingulidae-Lingula_anatina_XP_013422152.1                                                             76.17%    passed     64.02%
  57  Eukaryota-Cercozoa-Chlorarachniophyceae-NA-NA-Lotharella_amoebiformis_MMETSP0042_c9803_g1_i2.p1                                                 77.50%    passed     50.58%
  58  Eukaryota-Cercozoa-NA-Euglyphida-Paulinellidae-Paulinella_chromatophora_scaffold3858-size2081_m.38036                                           77.97%    passed     54.21%
  59  Eukaryota-Chlorophyta-Mamiellophyceae-Mamiellales-Mamiellaceae-Micromonas_commoda_XP_002504960.1                                                79.69%    failed      1.92%
  60  Eukaryota-Chlorophyta-NA-Pyramimonadales-NA-Pyramimonas_amylifera_MMETSP1081_c16122_g1_i1.p1                                                    80.16%    passed     10.99%
  61  Eukaryota-Choanoflagellata-Choanoflagellata-Choanoflagellata-NA-Acanthoeca_sp_MMETSP0105_c14750_g1_i1.p1                                        77.85%    passed     15.48%
  62  Eukaryota-Choanoflagellata-Choanoflagellata-Choanoflagellata-Salpingoecidae-Monosiga_brevicollis_XP_001749943.1                                 79.30%    passed     45.83%
  63  Eukaryota-Chordata-Actinopteri-Beloniformes-Adrianichthyidae-Oryzias_latipes_XP_023807934.1                                                     77.07%    passed     63.16%
  64  Eukaryota-Chordata-Actinopteri-Cyprinodontiformes-Cyprinodontidae-Cyprinodon_variegatus_XP_015255456.1                                          77.11%    passed     70.90%
  65  Eukaryota-Chromeraceae-NA-NA-NA-Chromera_velia_MMETSP0290_c29293_g1_i1.p1                                                                       80.04%    passed     56.55%
  66  Eukaryota-Chromeraceae-NA-NA-NA-Vitrella_brassicaformis_MMETSP1451_c36946_g1_i1.p1                                                              80.16%    passed     81.32%
  67  Eukaryota-Chytridiomycota-Chytridiomycetes-Rhizophydiales-NA-Batrachochytrium_dendrobatidis_jgi12346                                            79.10%    passed     38.28%
  68  Eukaryota-Chytridiomycota-Chytridiomycetes-Spizellomycetales-Spizellomycetaceae-Spizellomyces_punctatus_XP_016608989.1                          78.32%    passed     45.19%
  69  Eukaryota-Ciliophora-NA-Unranked-NA-Protocruzia_adherens_MMETSP0216_c16332_g1_i1.p2                                                             80.35%    passed     80.01%
  70  Eukaryota-Ciliophora-NA-Unranked-NA-Tiarina_fusus_MMETSP0472_c10871_g1_i1.p1                                                                    80.23%    passed     97.62%
  71  Eukaryota-Cnidaria-Anthozoa-Scleractinia-Merulinidae-Orbicella_faveolata_XP_020629487.1                                                         79.96%    passed     52.58%
  72  Eukaryota-Cnidaria-Anthozoa-Scleractinia-Pocilloporidae-Pocillopora_damicornis_XP_027058205.1                                                   79.96%    passed     67.20%
  73  Eukaryota-Cryptophyta-NA-Cryptomonadales-Cryptomonadaceae-Cryptomonas_paramecium_MMETSP0038_c22813_g1_i1.p1                                     77.81%    passed     55.10%
  74  Eukaryota-Cryptophyta-NA-Cryptomonadales-Hemiselmidaceae-Hemiselmis_andersenii_MMETSP1043_c1685_g2_i1.p1                                        76.56%    passed     43.02%
  75  Eukaryota-Dictyosteliales-Dictyosteliales-Dictyosteliales-Dictyosteliaceae-Dictyostelium_discoideum_XP_638973.1                                 79.88%    passed     58.01%
  76  Eukaryota-Echinodermata-Asteroidea-Valvatida-Acanthasteridae-Acanthaster_planci_XP_022108472.1                                                  77.58%    passed     57.27%
  77  Eukaryota-Echinodermata-Echinoidea-Echinoida-Strongylocentrotidae-Strongylocentrotus_purpuratus_XP_011667956.1                                  79.84%    passed     35.13%
  78  Eukaryota-Euglenida-NA-Eutreptiales-NA-Eutreptiella_gymnastica_MMETSP0039_c19372_g2_i1.p2                                                       79.14%    passed     47.29%
  79  Eukaryota-Euglenida-NA-NA-Unranked-Neobodo_designis_MMETSP1114_c41854_g1_i1.p1                                                                  80.08%    failed      3.49%
  80  Eukaryota-Fonticulida-Fonticulida-Fonticulida-Fonticulaceae-Fonticula_alba_XP_009493835.1                                                       77.81%    failed      0.00%
  81  Eukaryota-Glaucophyta-Glaucophyta-Gloeochaetales-Gloeochaetaceae-Gloeochaete_witrockiana_MMETSP0308_c18896_g1_i1.p1                             77.97%    passed     40.46%
  82  Eukaryota-Glaucophyta-Glaucophyta-NA-NA-Cyanoptyche_gloeocystis_MMETSP1086_c20109_g1_i1.p1                                                      78.67%    passed     82.56%
  83  Eukaryota-Haptophyta-NA-Prymnesiales-NA-Chrysoculter_rhomboideus_MMETSP1335_c10343_g1_i1.p1                                                     79.65%    passed     33.17%
  84  Eukaryota-Haptophyta-NA-Prymnesiales-NA-Prymnesium_parvum_MMETSP0815_c7250_g1_i1.p1                                                             79.53%    passed     97.96%
  85  Eukaryota-Hemichordata-Enteropneusta-NA-Harrimaniidae-Saccoglossus_kowalevskii_XP_006825706.1                                                   82.66%    passed     81.02%
  86  Eukaryota-Heterolobosea-NA-NA-NA-Percolomonas_cosmopolitus_MMETSP0758_c1579_g1_i1.p1                                                            85.59%    passed     67.07%
  87  Eukaryota-Heterolobosea-NA-NA-Vahlkampfiidae-Naegleria_gruberi_jgi34674                                                                         86.48%    passed     78.33%
  88  Eukaryota-Kinetoplastida-Kinetoplastida-Kinetoplastida-Trypanosomatidae-Leishmania_mexicana_XP_003874334.1                                      79.92%    passed     83.60%
  89  Eukaryota-Kinetoplastida-Kinetoplastida-Kinetoplastida-Trypanosomatidae-Trypanosoma_grayi_XP_009312907.1                                        80.00%    passed     94.86%
  90  Eukaryota-Longamoebia-Longamoebia-Longamoebia-Acanthamoebidae-Acanthamoeba_castellanii_XP_004353733.1                                           78.79%    passed     92.35%
  91  Eukaryota-Mesomycetozoea-Ichthyosporea-Ichthyophonida-NA-Sphaeroforma_arctica_XP_014150102.1                                                    79.34%    passed     92.47%
  92  Eukaryota-Mesomycetozoea-Ichthyosporea-NA-NA-Capsaspora_owczarzaki_XP_004345327.1                                                               79.53%    passed     24.31%
  93  Eukaryota-Mollusca-Bivalvia-Ostreoida-Ostreidae-Crassostrea_virginica_XP_022297425.1                                                            78.91%    passed     83.48%
  94  Eukaryota-Mollusca-Gastropoda-NA-Planorbidae-Biomphalaria_glabrata_XP_013065314.1                                                               78.48%    passed     75.85%
  95  Eukaryota-Mucorales-Mucoraceae-Undefined-Undefined-Mucor_circinelloides_jgi43749                                                                79.45%    passed     77.18%
  96  Eukaryota-Mucoromycota-Mortierellomycetes-Mortierellales-Mortierellaceae-Lobosporangium_transversale_XP_021876151.1                             79.34%    passed     63.85%
  97  Eukaryota-Mucoromycota-Mucoromycetes-Mucorales-Rhizopodaceae-Rhizopus_microsporus_XP_023461305.1                                                79.38%    passed     69.69%
  98  Eukaryota-Nematoda-Chromadorea-Rhabditida-Onchocercidae-Loa_loa_XP_003136355.2                                                                  80.00%    passed     77.93%
  99  Eukaryota-Nematoda-Enoplea-Trichinellida-Trichinellidae-Trichinella_spiralis_XP_003375010.1                                                     80.23%    passed     91.03%
 100  Eukaryota-Palpitomonas-NA-NA-NA-Palpitomonas_bilix_MMETSP0780_c12271_g1_i1.p1                                                                   79.22%    passed     53.45%
 101  Eukaryota-Perkinsozoa-NA-Perkinsida-Perkinsidae-Perkinsus_marinus_XP_002771644.1                                                                79.38%    passed     54.15%
 102  Eukaryota-Placozoa-NA-NA-Trichoplacidae-Trichoplax_adhaerens_XP_002112400.1                                                                     80.00%    passed     60.32%
 103  Eukaryota-Platyhelminthes-Cestoda-Cyclophyllidea-Taeniidae-Echinococcus_granulosus_XP_024352251.1                                               80.20%    passed     46.51%
 104  Eukaryota-Platyhelminthes-Trematoda-Strigeidida-Schistosomatidae-Schistosoma_mansoni_XP_018648174.1                                             80.12%    passed     24.73%
 105  Eukaryota-Porifera-Demospongiae-Haplosclerida-Niphatidae-Amphimedon_queenslandica_jgiAqu1217776                                                 79.92%    passed     62.32%
 106  Eukaryota-Priapulida-Priapulimorpha-Priapulimorphida-Priapulidae-Priapulus_caudatus_XP_014667896.1                                              79.92%    passed     37.70%
 107  Eukaryota-Retaria-NA-NA-NA-Ammonia_sp_MMETSP1384_c18998_g1_i1.p1                                                                                78.52%    passed     69.63%
 108  Eukaryota-Retaria-NA-NA-NA-Rosalina_sp_MMETSP0190_c14017_g1_i1.p1                                                                               78.20%    failed      1.00%
 109  Eukaryota-Rhodophyta-Bangiophyceae-Cyanidiales-Cyanidiaceae-Cyanidioschyzon_merolae_CmerSOOS_G3248.1                                            78.98%    passed     70.86%
 110  Eukaryota-Rhodophyta-Bangiophyceae-Porphyridiales-Porphyridiaceae-Porphyridium_aerugineum_MMETSP0313_c5769_g1_i1.p1                             79.41%    passed     69.96%
 111  Eukaryota-Stramenopiles-Labyrinthista-NA-NA-Aplanochytrium_stocchinoi_MMETSP1346_c7934_g1_i1.p1                                                 79.80%    passed     59.80%
 112  Eukaryota-Stramenopiles-Labyrinthulomycetes-Unranked-Unranked-Aplanochytrium_kerguelense_jgi47591                                               80.82%    passed     71.03%
 113  Eukaryota-Streptophyta-NA-Fagales-Fagaceae-Quercus_suber_XP_023927037.1                                                                         77.50%    failed      2.89%
 114  Eukaryota-Streptophyta-NA-Myrtales-Myrtaceae-Rhodamnia_argentea_XP_030529773.1                                                                  79.80%    passed     58.24%
 115  Viruses-Myoviridae-NA-NA-NA-Bacillus_virus_G_YP_009015423.1                                                                                     87.23%    passed     31.87%
 116  Viruses-Myoviridae-NA-NA-NA-Caulobacter_phage_Cr30_YP_009098783.1                                                                               86.41%    passed     73.78%
 117  Viruses-Phycodnaviridae-NA-NA-NA-Chrysochromulina_ericina_virus_YP_009173395.1                                                                  86.76%    passed     18.15%
 118  Viruses-Phycodnaviridae-NA-NA-NA-Phaeocystis_globosa_virus_YP_008052403.1                                                                       86.33%    failed      0.01%
 119  Viruses-Siphoviridae-NA-NA-NA-Staphylococcus_virus_42e_YP_239889.1                                                                              87.30%    passed     20.05%
 120  MSTRG.5217.1.p1                                                                                                                                 78.95%    passed     54.32%
WARNING: 119 sequences contain more than 50% gaps/ambiguity
****  TOTAL                                                                                                                                           79.65%  31 sequences failed composition chi2 test (p-value<5%; df=19)
NOTE: Eukaryota-Chromeraceae-NA-NA-NA-Vitrella_brassicaformis_MMETSP1451_c36946_g1_i1.p1 is identical to Eukaryota-Apicomplexa-NA-Unranked-NA-Alveolata_sp_MMETSP0288_c31130_g1_i1.p1 but kept for subsequent analysis


Create initial parsimony tree by phylogenetic likelihood library (PLL)... 0.093 seconds
NOTE: ModelFinder requires 172 MB RAM!
ModelFinder will test 546 protein models (sample size: 2560) ...
 No. Model         -LnL         df  AIC          AICc         BIC
Measuring multi-threading efficiency up to 2 CPU cores
Increase to 10 rounds for branch lengths
4 trees examined
Threads: 1 / Time: 2.071 sec / Speedup: 1.000 / Efficiency: 100% / LogL: -109419
Threads: 2 / Time: 1.343 sec / Speedup: 1.542 / Efficiency: 77% / LogL: -109419
BEST NUMBER OF THREADS: 2

  1  Dayhoff       82558.737    237 165591.474   165640.058   166977.394
  2  Dayhoff+I     82090.113    238 164656.227   164705.242   166047.994
  3  Dayhoff+G4    77666.683    238 155809.366   155858.381   157201.133
  4  Dayhoff+I+G4  77629.575    239 155737.149   155786.597   157134.764
  5  Dayhoff+R2    78811.093    239 158100.186   158149.634   159497.801
  6  Dayhoff+R3    77987.220    241 156456.440   156506.761   157865.751
  7  Dayhoff+R4    77660.558    243 155807.117   155858.319   157228.123
  8  Dayhoff+R5    77579.121    245 155648.243   155700.334   157080.945
  9  Dayhoff+R6    77521.881    247 155537.762   155590.751   156982.159
 10  Dayhoff+R7    77499.785    249 155497.569   155551.465   156953.662
 11  Dayhoff+R8    77486.601    251 155475.203   155530.014   156942.991
 12  Dayhoff+R9    77474.074    253 155454.149   155509.883   156933.633
 13  Dayhoff+R10   77467.176    255 155444.352   155501.019   156935.532
 14  Dayhoff+F     82628.736    256 165769.472   165826.608   167266.499
 15  Dayhoff+F+I   82181.135    257 164876.270   164933.877   166379.145
 16  Dayhoff+F+G4  77696.856    257 155907.712   155965.319   157410.587
 17  Dayhoff+F+I+G4 77661.682    258 155839.364   155897.445   157348.087
 18  Dayhoff+F+R2  78840.758    258 158197.516   158255.597   159706.239
 19  Dayhoff+F+R3  78008.093    260 156536.185   156595.220   158056.603
 20  Dayhoff+F+R4  77685.175    262 155894.349   155954.346   157426.463
 21  Dayhoff+F+R5  77614.581    264 155757.161   155818.129   157300.970
 22  Dayhoff+F+R6  77553.394    266 155638.788   155700.734   157194.292
 23  Dayhoff+F+R7  77526.286    268 155588.572   155651.507   157155.773
 24  Dayhoff+F+R8  77512.204    270 155564.408   155628.340   157143.304
 25  Dayhoff+F+R9  77500.516    272 155545.032   155609.969   157135.623
 26  Dayhoff+F+R10 77493.339    274 155534.678   155600.630   157136.965
 27  mtMAM         93060.126    237 186594.251   186642.835   187980.171
 28  mtMAM+I       92682.682    238 185841.364   185890.379   187233.131
 29  mtMAM+G4      83313.298    238 167102.595   167151.610   168494.363
 30  mtMAM+I+G4    83289.028    239 167056.057   167105.505   168453.672
 31  mtMAM+R2      85298.963    239 171075.926   171125.374   172473.541
 32  mtMAM+R3      83928.736    241 168339.473   168389.794   169748.784
 33  mtMAM+R4      83467.524    243 167421.049   167472.251   168842.055
 34  mtMAM+R5      83302.007    245 167094.013   167146.105   168526.715
 35  mtMAM+R6      83121.856    247 166737.711   166790.701   168182.109
 36  mtMAM+R7      83042.786    249 166583.572   166637.468   168039.665
 37  mtMAM+R8      82986.332    251 166474.664   166529.476   167942.453
 38  mtMAM+R9      82948.834    253 166403.667   166459.402   167883.151
 39  mtMAM+R10     82928.429    255 166366.858   166423.525   167858.037
 40  mtMAM+F       88406.039    256 177324.078   177381.214   178821.106
 41  mtMAM+F+I     87961.853    257 176437.706   176495.313   177940.581
 42  mtMAM+F+G4    80506.410    257 161526.821   161584.428   163029.696
 43  mtMAM+F+I+G4  80476.589    258 161469.177   161527.258   162977.900
 44  mtMAM+F+R2    82129.834    258 164775.668   164833.749   166284.391
 45  mtMAM+F+R3    81026.732    260 162573.465   162632.499   164093.883
 46  mtMAM+F+R4    80617.309    262 161758.618   161818.615   163290.732
 47  mtMAM+F+R5    80483.663    264 161495.326   161556.293   163039.135
 48  mtMAM+F+R6    80360.074    266 161252.148   161314.094   162807.653
 49  mtMAM+F+R7    80296.158    268 161128.315   161191.250   162695.516
 50  mtMAM+F+R8    80250.620    270 161041.240   161105.172   162620.136
 51  mtMAM+F+R9    80219.854    272 160983.708   161048.645   162574.299
 52  mtMAM+F+R10   80202.160    274 160952.321   161018.272   162554.607
 53  JTT           82327.527    237 165129.054   165177.638   166514.973
 54  JTT+I         81870.875    238 164217.750   164266.765   165609.518
 55  JTT+G4        77279.415    238 155034.829   155083.844   156426.597
 56  JTT+I+G4      77246.248    239 154970.496   155019.944   156368.111
 57  JTT+R2        78433.882    239 157345.765   157395.213   158743.380
 58  JTT+R3        77616.804    241 155715.609   155765.930   157124.919
 59  JTT+R4        77261.635    243 155009.271   155060.473   156430.277
 60  JTT+R5        77190.164    245 154870.328   154922.420   156303.030
 61  JTT+R6        77149.122    247 154792.244   154845.233   156236.641
 62  JTT+R7        77132.067    249 154762.134   154816.030   156218.226
 63  JTT+R8        77118.294    251 154738.587   154793.399   156206.376
 64  JTT+R9        77107.102    253 154720.203   154775.938   156199.687
 65  JTT+R10       77099.757    255 154709.513   154766.180   156200.693
 66  JTT+F         82499.167    256 165510.334   165567.470   167007.361
 67  JTT+F+I       82054.428    257 164622.857   164680.464   166125.732
 68  JTT+F+G4      77435.031    257 155384.061   155441.669   156886.936
 69  JTT+F+I+G4    77402.341    258 155320.682   155378.762   156829.404
 70  JTT+F+R2      78574.438    258 157664.876   157722.957   159173.599
 71  JTT+F+R3      77762.196    260 156044.391   156103.426   157564.810
 72  JTT+F+R4      77419.723    262 155363.446   155423.442   156895.559
 73  JTT+F+R5      77345.124    264 155218.247   155279.215   156762.057
 74  JTT+F+R6      77306.280    266 155144.560   155206.507   156700.065
 75  JTT+F+R7      77287.791    268 155111.583   155174.518   156678.783
 76  JTT+F+R8      77272.168    270 155084.335   155148.267   156663.231
 77  JTT+F+R9      77261.444    272 155066.887   155131.825   156657.478
 78  JTT+F+R10     77254.540    274 155057.081   155123.033   156659.368
 79  WAG           80939.068    237 162352.135   162400.719   163738.055
 80  WAG+I         80560.083    238 161596.165   161645.180   162987.933
 81  WAG+G4        76657.798    238 153791.595   153840.610   155183.363
 82  WAG+I+G4      76628.639    239 153735.279   153784.727   155132.894
 83  WAG+R2        77649.886    239 155777.771   155827.219   157175.386
 84  WAG+R3        76949.024    241 154380.048   154430.369   155789.359
 85  WAG+R4        76622.407    243 153730.813   153782.015   155151.820
 86  WAG+R5        76564.743    245 153619.486   153671.578   155052.188
 87  WAG+R6        76541.010    247 153576.021   153629.010   155020.418
 88  WAG+R7        76522.246    249 153542.491   153596.387   154998.584
 89  WAG+R8        76510.357    251 153522.715   153577.526   154990.503
 90  WAG+R9        76499.835    253 153505.670   153561.405   154985.154
 91  WAG+R10       76493.992    255 153497.984   153554.650   154989.163
 92  WAG+F         80983.523    256 162479.046   162536.182   163976.074
 93  WAG+F+I       80618.536    257 161751.071   161808.679   163253.946
 94  WAG+F+G4      76669.922    257 153853.844   153911.452   155356.719
 95  WAG+F+I+G4    76640.991    258 153797.982   153856.063   155306.705
 96  WAG+F+R2      77657.308    258 155830.616   155888.696   157339.338
 97  WAG+F+R3      76956.189    260 154432.379   154491.413   155952.797
 98  WAG+F+R4      76636.598    262 153797.196   153857.193   155329.310
 99  WAG+F+R5      76570.503    264 153669.006   153729.974   155212.816
100  WAG+F+R6      76552.470    266 153636.940   153698.887   155192.445
101  WAG+F+R7      76532.815    268 153601.630   153664.565   155168.831
102  WAG+F+R8      76520.217    270 153580.433   153644.365   155159.329
103  WAG+F+R9      76510.518    272 153565.037   153629.974   155155.628
104  WAG+F+R10     76505.211    274 153558.421   153624.373   155160.708
105  cpREV         81538.042    237 163550.084   163598.668   164936.004
106  cpREV+I       81199.302    238 162874.603   162923.618   164266.371
107  cpREV+G4      77359.952    238 155195.903   155244.918   156587.671
108  cpREV+I+G4    77330.806    239 155139.613   155189.061   156537.228
109  cpREV+R2      78324.484    239 157126.967   157176.415   158524.582
110  cpREV+R3      77648.234    241 155778.468   155828.789   157187.778
111  cpREV+R4      77339.787    243 155165.573   155216.775   156586.579
112  cpREV+R5      77244.950    245 154979.899   155031.991   156412.601
113  cpREV+R6      77221.404    247 154936.809   154989.798   156381.206
114  cpREV+R7      77200.425    249 154898.850   154952.746   156354.942
115  cpREV+R8      77184.851    251 154871.702   154926.513   156339.490
116  cpREV+R9      77177.849    253 154861.698   154917.433   156341.182
118  cpREV+F       81335.330    256 163182.660   163239.796   164679.687
119  cpREV+F+I     80985.138    257 162484.276   162541.883   163987.151
120  cpREV+F+G4    77159.885    257 154833.770   154891.377   156336.644
121  cpREV+F+I+G4  77137.499    258 154790.998   154849.079   156299.721
122  cpREV+F+R2    78144.271    258 156804.542   156862.623   158313.265
123  cpREV+F+R3    77477.755    260 155475.509   155534.544   156995.928
124  cpREV+F+R4    77139.069    262 154802.138   154862.135   156334.252
125  cpREV+F+R5    77059.440    264 154646.881   154707.848   156190.690
126  cpREV+F+R6    77031.038    266 154594.075   154656.022   156149.580
127  cpREV+F+R7    77008.016    268 154552.032   154614.967   156119.233
128  cpREV+F+R8    76992.634    270 154525.268   154589.200   156104.164
129  cpREV+F+R9    76985.995    272 154515.989   154580.927   156106.581
131  mtREV         88125.908    237 176725.817   176774.401   178111.736
132  mtREV+I       87765.193    238 176006.386   176055.401   177398.153
133  mtREV+G4      81410.028    238 163296.056   163345.071   164687.823
134  mtREV+I+G4    81379.018    239 163236.035   163285.484   164633.651
135  mtREV+R2      82731.513    239 165941.027   165990.475   167338.642
136  mtREV+R3      81776.318    241 164034.636   164084.957   165443.947
137  mtREV+R4      81399.615    243 163285.231   163336.433   164706.237
138  mtREV+R5      81281.553    245 163053.106   163105.198   164485.808
139  mtREV+R6      81255.825    247 163005.651   163058.640   164450.048
140  mtREV+R7      81220.131    249 162938.262   162992.158   164394.355
141  mtREV+R8      81191.492    251 162884.984   162939.795   164352.772
142  mtREV+R9      81173.977    253 162853.954   162909.688   164333.438
143  mtREV+R10     81155.993    255 162821.986   162878.652   164313.165
144  mtREV+F       84162.772    256 168837.543   168894.679   170334.571
145  mtREV+F+I     83758.956    257 168031.913   168089.520   169534.788
146  mtREV+F+G4    78487.391    257 157488.783   157546.390   158991.658
147  mtREV+F+I+G4  78455.436    258 157426.872   157484.953   158935.595
148  mtREV+F+R2    79741.856    258 159999.711   160057.792   161508.434
149  mtREV+F+R3    78860.208    260 158240.415   158299.450   159760.834
150  mtREV+F+R4    78484.769    262 157493.538   157553.535   159025.652
151  mtREV+F+R5    78368.463    264 157264.927   157325.894   158808.736
152  mtREV+F+R6    78343.950    266 157219.900   157281.846   158775.404
153  mtREV+F+R7    78311.265    268 157158.530   157221.465   158725.731
154  mtREV+F+R8    78276.918    270 157093.836   157157.767   158672.731
155  mtREV+F+R9    78259.716    272 157063.432   157128.369   158654.023
156  mtREV+F+R10   78246.024    274 157040.047   157105.999   158642.334
157  rtREV         81808.129    237 164090.259   164138.843   165476.178
158  rtREV+I       81425.591    238 163327.183   163376.198   164718.950
159  rtREV+G4      76948.631    238 154373.262   154422.277   155765.029
160  rtREV+I+G4    76918.443    239 154314.885   154364.334   155712.500
161  rtREV+R2      78009.229    239 156496.458   156545.907   157894.074
162  rtREV+R3      77241.512    241 154965.024   155015.345   156374.335
163  rtREV+R4      76923.675    243 154333.350   154384.552   155754.356
164  rtREV+R5      76831.432    245 154152.864   154204.955   155585.566
165  rtREV+R6      76808.302    247 154110.605   154163.595   155555.002
166  rtREV+R7      76787.603    249 154073.207   154127.103   155529.299
167  rtREV+R8      76767.792    251 154037.585   154092.396   155505.373
168  rtREV+R9      76757.844    253 154021.687   154077.422   155501.171
169  rtREV+R10     76749.526    255 154009.053   154065.719   155500.232
170  rtREV+F       81533.241    256 163578.481   163635.617   165075.509
171  rtREV+F+I     81142.632    257 162799.265   162856.872   164302.140
172  rtREV+F+G4    76542.240    257 153598.481   153656.088   155101.356
173  rtREV+F+I+G4  76512.333    258 153540.666   153598.747   155049.389
174  rtREV+F+R2    77630.249    258 155776.499   155834.579   157285.221
175  rtREV+F+R3    76842.250    260 154204.500   154263.534   155724.918
176  rtREV+F+R4    76517.797    262 153559.594   153619.590   155091.708
177  rtREV+F+R5    76422.367    264 153372.733   153433.700   154916.542
178  rtREV+F+R6    76398.931    266 153329.862   153391.809   154885.367
179  rtREV+F+R7    76379.029    268 153294.059   153356.994   154861.259
180  rtREV+F+R8    76359.357    270 153258.714   153322.646   154837.610
181  rtREV+F+R9    76350.037    272 153244.075   153309.012   154834.666
182  rtREV+F+R10   76342.425    274 153232.849   153298.801   154835.136
183  mtART         90355.621    237 181185.241   181233.825   182571.161
184  mtART+I       89914.938    238 180305.876   180354.891   181697.643
185  mtART+G4      81471.930    238 163419.860   163468.876   164811.628
186  mtART+I+G4    81435.257    239 163348.515   163397.963   164746.130
187  mtART+R2      83133.288    239 166744.576   166794.025   168142.191
188  mtART+R3      81901.938    241 164285.876   164336.197   165695.187
189  mtART+R4      81475.305    243 163436.610   163487.812   164857.616
190  mtART+R5      81312.784    245 163115.568   163167.660   164548.270
191  mtART+R6      81252.595    247 162999.190   163052.179   164443.587
192  mtART+R7      81197.522    249 162893.045   162946.941   164349.138
193  mtART+R8      81148.144    251 162798.289   162853.100   164266.077
194  mtART+R9      81125.473    253 162756.947   162812.681   164236.431
195  mtART+R10     81099.745    255 162709.490   162766.157   164200.669
196  mtART+F       86050.840    256 172613.680   172670.816   174110.707
197  mtART+F+I     85607.016    257 171728.032   171785.640   173230.907
198  mtART+F+G4    78746.301    257 158006.603   158064.210   159509.478
199  mtART+F+I+G4  78719.609    258 157955.218   158013.299   159463.941
200  mtART+F+R2    80239.207    258 160994.415   161052.496   162503.137
201  mtART+F+R3    79175.189    260 158870.379   158929.413   160390.797
202  mtART+F+R4    78807.299    262 158138.599   158198.595   159670.712
203  mtART+F+R5    78632.055    264 157792.111   157853.078   159335.920
204  mtART+F+R6    78584.188    266 157700.377   157762.324   159255.882
205  mtART+F+R7    78529.800    268 157595.600   157658.534   159162.800
206  mtART+F+R8    78477.496    270 157494.992   157558.924   159073.888
207  mtART+F+R9    78453.373    272 157450.746   157515.683   159041.337
208  mtART+F+R10   78432.833    274 157413.665   157479.617   159015.952
209  mtZOA         87742.572    237 175959.143   176007.727   177345.063
210  mtZOA+I       87294.440    238 175064.880   175113.895   176456.647
211  mtZOA+G4      79757.553    238 159991.107   160040.122   161382.874
212  mtZOA+I+G4    79734.482    239 159946.965   159996.413   161344.580
213  mtZOA+R2      81143.812    239 162765.625   162815.073   164163.240
214  mtZOA+R3      80156.967    241 160795.933   160846.254   162205.244
215  mtZOA+R4      79785.457    243 160056.915   160108.117   161477.921
216  mtZOA+R5      79621.079    245 159732.157   159784.249   161164.859
217  mtZOA+R6      79575.506    247 159645.011   159698.001   161089.409
218  mtZOA+R7      79535.066    249 159568.132   159622.028   161024.225
219  mtZOA+R8      79496.795    251 159495.590   159550.401   160963.378
220  mtZOA+R9      79481.318    253 159468.637   159524.371   160948.121
221  mtZOA+R10     79469.004    255 159448.009   159504.675   160939.188
222  mtZOA+F       84490.143    256 169492.287   169549.423   170989.314
223  mtZOA+F+I     84029.981    257 168573.963   168631.570   170076.837
224  mtZOA+F+G4    77952.385    257 156418.770   156476.378   157921.645
225  mtZOA+F+I+G4  77925.373    258 156366.745   156424.826   157875.468
226  mtZOA+F+R2    79337.883    258 159191.766   159249.847   160700.489
227  mtZOA+F+R3    78347.208    260 157214.415   157273.449   158734.833
228  mtZOA+F+R4    77980.666    262 156485.332   156545.329   158017.446
229  mtZOA+F+R5    77829.212    264 156186.423   156247.390   157730.232
230  mtZOA+F+R6    77790.894    266 156113.787   156175.734   157669.292
231  mtZOA+F+R7    77749.381    268 156034.761   156097.696   157601.962
232  mtZOA+F+R8    77711.596    270 155963.193   156027.124   157542.088
233  mtZOA+F+R9    77693.118    272 155930.237   155995.174   157520.828
234  mtZOA+F+R10   77679.820    274 155907.641   155973.593   157509.928
235  VT            81149.241    237 162772.482   162821.066   164158.401
236  VT+I          80738.033    238 161952.066   162001.081   163343.833
237  VT+G4         76811.558    238 154099.116   154148.131   155490.884
238  VT+I+G4       76775.273    239 154028.545   154077.994   155426.161
239  VT+R2         77800.880    239 156079.760   156129.208   157477.375
240  VT+R3         77056.102    241 154594.205   154644.525   156003.515
241  VT+R4         76771.336    243 154028.671   154079.873   155449.677
242  VT+R5         76698.015    245 153886.031   153938.122   155318.732
243  VT+R6         76684.005    247 153862.010   153915.000   155306.407
244  VT+R7         76675.161    249 153848.322   153902.218   155304.415
245  VT+R8         76663.938    251 153829.876   153884.687   155297.664
246  VT+R9         76656.604    253 153819.208   153874.943   155298.692
248  VT+F          81189.494    256 162890.988   162948.124   164388.015
249  VT+F+I        80792.209    257 162098.417   162156.024   163601.292
250  VT+F+G4       76867.617    257 154249.234   154306.842   155752.109
251  VT+F+I+G4     76832.340    258 154180.680   154238.761   155689.403
252  VT+F+R2       77840.500    258 156197.000   156255.081   157705.722
253  VT+F+R3       77106.829    260 154733.658   154792.692   156254.076
254  VT+F+R4       76826.249    262 154176.497   154236.494   155708.611
255  VT+F+R5       76751.326    264 154030.651   154091.618   155574.460
256  VT+F+R6       76737.360    266 154006.720   154068.667   155562.225
257  VT+F+R7       76730.513    268 153997.026   154059.961   155564.227
261  LG            81238.284    237 162950.569   162999.153   164336.489
262  LG+I          80822.154    238 162120.307   162169.322   163512.075
263  LG+G4         76187.744    238 152851.488   152900.503   154243.256
264  LG+I+G4       76156.499    239 152790.997   152840.445   154188.612
265  LG+R2         77321.406    239 155120.811   155170.259   156518.426
266  LG+R3         76519.524    241 153521.049   153571.370   154930.359
267  LG+R4         76175.451    243 152836.902   152888.104   154257.909
268  LG+R5         76085.040    245 152660.081   152712.172   154092.783
269  LG+R6         76055.983    247 152605.966   152658.956   154050.364
270  LG+R7         76046.595    249 152591.190   152645.086   154047.283
271  LG+R8         76023.060    251 152548.119   152602.930   154015.907
272  LG+R9         76011.116    253 152528.233   152583.967   154007.717
273  LG+R10        75997.168    255 152504.336   152561.002   153995.515
274  LG+F          81345.432    256 163202.864   163260.000   164699.891
275  LG+F+I        80940.876    257 162395.751   162453.359   163898.626
276  LG+F+G4       76303.648    257 153121.297   153178.904   154624.172
277  LG+F+I+G4     76273.610    258 153063.221   153121.302   154571.944
278  LG+F+R2       77409.613    258 155335.226   155393.307   156843.949
279  LG+F+R3       76619.749    260 153759.497   153818.531   155279.915
280  LG+F+R4       76284.412    262 153092.825   153152.821   154624.939
281  LG+F+R5       76187.879    264 152903.759   152964.726   154447.568
282  LG+F+R6       76161.117    266 152854.234   152916.180   154409.739
283  LG+F+R7       76152.350    268 152840.700   152903.635   154407.900
284  LG+F+R8       76129.743    270 152799.485   152863.417   154378.381
285  LG+F+R9       76118.349    272 152780.698   152845.636   154371.290
286  LG+F+R10      76105.427    274 152758.853   152824.805   154361.140
287  DCMut         82553.922    237 165581.845   165630.429   166967.764
288  DCMut+I       82085.325    238 164646.649   164695.664   166038.417
289  DCMut+G4      77668.048    238 155812.096   155861.111   157203.864
290  DCMut+I+G4    77630.759    239 155739.517   155788.966   157137.133
291  DCMut+R2      78810.422    239 158098.845   158148.293   159496.460
292  DCMut+R3      77986.951    241 156455.903   156506.224   157865.213
293  DCMut+R4      77636.149    243 155758.297   155809.499   157179.303
294  DCMut+R5      77548.738    245 155587.476   155639.567   157020.177
295  DCMut+R6      77518.383    247 155530.766   155583.756   156975.164
296  DCMut+R7      77508.894    249 155515.789   155569.685   156971.882
297  DCMut+R8      77492.672    251 155487.343   155542.154   156955.131
298  DCMut+R9      77486.076    253 155478.153   155533.888   156957.637
300  DCMut+F       82621.710    256 165755.419   165812.555   167252.446
301  DCMut+F+I     82174.190    257 164862.381   164919.988   166365.256
302  DCMut+F+G4    77696.356    257 155906.711   155964.318   157409.586
303  DCMut+F+I+G4  77661.049    258 155838.097   155896.178   157346.820
304  DCMut+F+R2    78838.343    258 158192.686   158250.766   159701.408
305  DCMut+F+R3    78006.339    260 156532.678   156591.712   158053.096
306  DCMut+F+R4    77669.515    262 155863.030   155923.027   157395.144
307  DCMut+F+R5    77581.636    264 155691.272   155752.239   157235.081
308  DCMut+F+R6    77550.398    266 155632.795   155694.742   157188.300
309  DCMut+F+R7    77539.317    268 155614.635   155677.570   157181.835
310  DCMut+F+R8    77516.663    270 155573.327   155637.259   157152.223
311  DCMut+F+R9    77507.469    272 155558.938   155623.875   157149.529
312  DCMut+F+R10   77500.215    274 155548.429   155614.381   157150.716
313  PMB           81348.721    237 163171.441   163220.025   164557.361
314  PMB+I         80986.052    238 162448.105   162497.120   163839.872
315  PMB+G4        77130.664    238 154737.328   154786.343   156129.095
316  PMB+I+G4      77097.701    239 154673.401   154722.850   156071.017
317  PMB+R2        78059.927    239 156597.855   156647.303   157995.470
318  PMB+R3        77355.372    241 155192.743   155243.064   156602.054
319  PMB+R4        77092.839    243 154671.679   154722.881   156092.685
320  PMB+R5        77012.576    245 154515.152   154567.244   155947.854
321  PMB+R6        76992.190    247 154478.380   154531.370   155922.777
322  PMB+R7        76987.745    249 154473.490   154527.386   155929.583
326  PMB+F         81330.128    256 163172.256   163229.392   164669.284
327  PMB+F+I       80970.189    257 162454.379   162511.986   163957.254
328  PMB+F+G4      77110.574    257 154735.147   154792.755   156238.022
329  PMB+F+I+G4    77079.345    258 154674.690   154732.771   156183.413
330  PMB+F+R2      78047.531    258 156611.063   156669.143   158119.785
331  PMB+F+R3      77352.939    260 155225.878   155284.913   156746.296
332  PMB+F+R4      77074.475    262 154672.951   154732.947   156205.064
333  PMB+F+R5      76997.320    264 154522.641   154583.608   156066.450
334  PMB+F+R6      76980.096    266 154492.193   154554.139   156047.697
335  PMB+F+R7      76974.558    268 154485.115   154548.050   156052.316
339  HIVb          85396.049    237 171266.099   171314.683   172652.018
340  HIVb+I        84866.382    238 170208.764   170257.779   171600.532
341  HIVb+G4       79480.844    238 159437.688   159486.703   160829.456
342  HIVb+I+G4     79440.222    239 159358.445   159407.893   160756.060
343  HIVb+R2       80840.457    239 162158.915   162208.363   163556.530
344  HIVb+R3       79897.851    241 160277.701   160328.022   161687.012
345  HIVb+R4       79507.059    243 159500.119   159551.321   160921.125
346  HIVb+R5       79367.569    245 159225.137   159277.229   160657.839
347  HIVb+R6       79329.703    247 159153.407   159206.397   160597.804
348  HIVb+R7       79314.135    249 159126.271   159180.167   160582.363
349  HIVb+R8       79298.203    251 159098.406   159153.217   160566.194
350  HIVb+R9       79282.133    253 159070.266   159126.001   160549.750
351  HIVb+R10      79261.691    255 159033.382   159090.048   160524.561
352  HIVb+F        85255.225    256 171022.451   171079.586   172519.478
353  HIVb+F+I      84731.224    257 169976.447   170034.055   171479.322
354  HIVb+F+G4     79308.373    257 159130.745   159188.352   160633.620
355  HIVb+F+I+G4   79261.648    258 159039.295   159097.376   160548.018
356  HIVb+F+R2     80654.773    258 161825.547   161883.628   163334.270
357  HIVb+F+R3     79701.120    260 159922.240   159981.274   161442.658
358  HIVb+F+R4     79329.899    262 159183.798   159243.794   160715.911
359  HIVb+F+R5     79171.640    264 158871.279   158932.246   160415.088
360  HIVb+F+R6     79131.907    266 158795.815   158857.761   160351.320
361  HIVb+F+R7     79121.655    268 158779.310   158842.245   160346.510
362  HIVb+F+R8     79105.741    270 158751.483   158815.415   160330.379
363  HIVb+F+R9     79089.304    272 158722.607   158787.545   160313.199
364  HIVb+F+R10    79068.189    274 158684.378   158750.330   160286.665
365  HIVw          89186.505    237 178847.010   178895.594   180232.930
366  HIVw+I        88640.811    238 177757.622   177806.637   179149.389
367  HIVw+G4       83299.500    238 167075.001   167124.016   168466.768
368  HIVw+I+G4     83259.204    239 166996.407   167045.855   168394.022
369  HIVw+R2       84681.767    239 169841.535   169890.983   171239.150
370  HIVw+R3       83708.757    241 167899.514   167949.835   169308.825
371  HIVw+R4       83321.392    243 167128.785   167179.987   168549.791
372  HIVw+R5       83162.665    245 166815.329   166867.421   168248.031
373  HIVw+R6       83120.414    247 166734.829   166787.818   168179.226
374  HIVw+R7       83111.565    249 166721.129   166775.025   168177.222
375  HIVw+R8       83099.749    251 166701.499   166756.310   168169.287
376  HIVw+R9       83086.974    253 166679.948   166735.682   168159.432
377  HIVw+R10      83071.007    255 166652.014   166708.681   168143.194
378  HIVw+F        88114.579    256 176741.158   176798.294   178238.185
379  HIVw+F+I      87556.852    257 175627.703   175685.311   177130.578
380  HIVw+F+G4     82100.266    257 164714.531   164772.139   166217.406
381  HIVw+F+I+G4   82054.369    258 164624.739   164682.820   166133.461
382  HIVw+F+R2     83482.073    258 167480.146   167538.227   168988.869
383  HIVw+F+R3     82509.213    260 165538.427   165597.461   167058.845
384  HIVw+F+R4     82124.718    262 164773.435   164833.432   166305.549
385  HIVw+F+R5     81966.997    264 164461.994   164522.961   166005.803
386  HIVw+F+R6     81931.237    266 164394.473   164456.420   165949.978
387  HIVw+F+R7     81921.648    268 164379.296   164442.231   165946.496
388  HIVw+F+R8     81908.922    270 164357.844   164421.776   165936.740
389  HIVw+F+R9     81896.336    272 164336.672   164401.609   165927.263
390  HIVw+F+R10    81880.435    274 164308.871   164374.823   165911.158
391  JTTDCMut      82264.830    237 165003.659   165052.243   166389.579
392  JTTDCMut+I    81816.834    238 164109.667   164158.682   165501.435
393  JTTDCMut+G4   77258.946    238 154993.892   155042.907   156385.660
394  JTTDCMut+I+G4 77227.107    239 154932.214   154981.662   156329.829
395  JTTDCMut+R2   78407.952    239 157293.903   157343.352   158691.519
396  JTTDCMut+R3   77594.817    241 155671.634   155721.954   157080.944
397  JTTDCMut+R4   77237.586    243 154961.173   155012.375   156382.179
398  JTTDCMut+R5   77148.682    245 154787.364   154839.455   156220.065
399  JTTDCMut+R6   77118.615    247 154731.230   154784.220   156175.628
400  JTTDCMut+R7   77111.932    249 154721.865   154775.761   156177.957
404  JTTDCMut+F    82434.780    256 165381.560   165438.696   166878.588
405  JTTDCMut+F+I  81997.620    257 164509.240   164566.848   166012.115
406  JTTDCMut+F+G4 77403.933    257 155321.867   155379.474   156824.742
407  JTTDCMut+F+I+G4 77372.325    258 155260.650   155318.731   156769.373
408  JTTDCMut+F+R2 78539.242    258 157594.484   157652.565   159103.207
409  JTTDCMut+F+R3 77727.558    260 155975.116   156034.150   157495.534
410  JTTDCMut+F+R4 77385.615    262 155295.231   155355.227   156827.345
411  JTTDCMut+F+R5 77292.540    264 155113.081   155174.048   156656.890
412  JTTDCMut+F+R6 77263.777    266 155059.555   155121.502   156615.060
413  JTTDCMut+F+R7 77258.605    268 155053.210   155116.145   156620.410
417  FLU           84627.608    237 169729.216   169777.800   171115.136
418  FLU+I         84200.518    238 168877.035   168926.050   170268.803
419  FLU+G4        79062.988    238 158601.976   158650.992   159993.744
420  FLU+I+G4      79030.036    239 158538.073   158587.521   159935.688
421  FLU+R2        80300.455    239 161078.910   161128.359   162476.526
422  FLU+R3        79465.831    241 159413.663   159463.984   160822.973
423  FLU+R4        79072.993    243 158631.986   158683.188   160052.992
424  FLU+R5        78948.250    245 158386.501   158438.592   159819.202
425  FLU+R6        78912.024    247 158318.049   158371.038   159762.446
426  FLU+R7        78900.587    249 158299.175   158353.071   159755.267
427  FLU+R8        78887.665    251 158277.330   158332.141   159745.118
428  FLU+R9        78874.359    253 158254.719   158310.453   159734.203
429  FLU+R10       78854.413    255 158218.826   158275.492   159710.005
430  FLU+F         84584.518    256 169681.037   169738.173   171178.064
431  FLU+F+I       84173.500    257 168861.000   168918.608   170363.875
432  FLU+F+G4      78891.162    257 158296.324   158353.931   159799.199
433  FLU+F+I+G4    78856.765    258 158229.531   158287.612   159738.254
434  FLU+F+R2      80141.438    258 160798.876   160856.957   162307.599
435  FLU+F+R3      79288.243    260 159096.486   159155.520   160616.904
436  FLU+F+R4      78897.026    262 158318.052   158378.049   159850.166
437  FLU+F+R5      78791.591    264 158111.182   158172.149   159654.991
438  FLU+F+R6      78751.561    266 158035.123   158097.070   159590.628
439  FLU+F+R7      78741.306    268 158018.612   158081.547   159585.812
440  FLU+F+R8      78725.536    270 157991.072   158055.004   159569.968
441  FLU+F+R9      78710.873    272 157965.746   158030.683   159556.337
442  FLU+F+R10     78689.940    274 157927.881   157993.833   159530.168
443  Blosum62      81236.707    237 162947.414   162995.998   164333.334
444  Blosum62+I    80879.856    238 162235.713   162284.728   163627.480
445  Blosum62+G4   77010.077    238 154496.153   154545.168   155887.921
446  Blosum62+I+G4 76978.567    239 154435.133   154484.582   155832.749
447  Blosum62+R2   77938.937    239 156355.874   156405.322   157753.489
448  Blosum62+R3   77224.965    241 154931.930   154982.251   156341.241
449  Blosum62+R4   76969.757    243 154425.513   154476.715   155846.520
450  Blosum62+R5   76890.894    245 154271.788   154323.880   155704.490
451  Blosum62+R6   76865.952    247 154225.903   154278.893   155670.301
452  Blosum62+R7   76860.460    249 154218.920   154272.816   155675.013
456  Blosum62+F    81282.529    256 163077.058   163134.194   164574.085
457  Blosum62+F+I  80925.321    257 162364.642   162422.249   163867.517
458  Blosum62+F+G4 77056.570    257 154627.140   154684.747   156130.015
459  Blosum62+F+I+G4 77026.253    258 154568.506   154626.586   156077.228
460  Blosum62+F+R2 77998.626    258 156513.252   156571.332   158021.974
461  Blosum62+F+R3 77284.844    260 155089.689   155148.723   156610.107
462  Blosum62+F+R4 77015.450    262 154554.901   154614.897   156087.015
463  Blosum62+F+R5 76941.564    264 154411.128   154472.095   155954.937
464  Blosum62+F+R6 76917.663    266 154367.327   154429.273   155922.831
465  Blosum62+F+R7 76912.644    268 154361.288   154424.223   155928.488
469  mtMet         88504.191    237 177482.382   177530.966   178868.302
470  mtMet+I       88076.550    238 176629.100   176678.115   178020.868
471  mtMet+G4      81152.050    238 162780.100   162829.115   164171.868
472  mtMet+I+G4    81122.269    239 162722.537   162771.986   164120.153
473  mtMet+R2      82563.685    239 165605.370   165654.818   167002.985
474  mtMet+R3      81533.394    241 163548.789   163599.110   164958.100
475  mtMet+R4      81201.090    243 162888.180   162939.382   164309.187
476  mtMet+R5      81019.236    245 162528.473   162580.564   163961.175
477  mtMet+R6      80952.185    247 162398.371   162451.360   163842.768
478  mtMet+R7      80952.187    249 162402.375   162456.271   163858.468
482  mtMet+F       84890.252    256 170292.505   170349.640   171789.532
483  mtMet+F+I     84413.501    257 169341.002   169398.609   170843.877
484  mtMet+F+G4    78579.852    257 157673.705   157731.312   159176.580
485  mtMet+F+I+G4  78543.425    258 157602.851   157660.932   159111.573
486  mtMet+F+R2    79932.477    258 160380.954   160439.035   161889.677
487  mtMet+F+R3    78948.771    260 158417.542   158476.576   159937.960
488  mtMet+F+R4    78627.732    262 157779.464   157839.461   159311.578
489  mtMet+F+R5    78465.233    264 157458.467   157519.434   159002.276
490  mtMet+F+R6    78393.674    266 157319.348   157381.295   158874.853
491  mtMet+F+R7    78393.669    268 157323.338   157386.273   158890.539
495  mtVer         90691.724    237 181857.447   181906.031   183243.367
496  mtVer+I       90272.645    238 181021.290   181070.305   182413.057
497  mtVer+G4      82457.506    238 165391.013   165440.028   166782.780
498  mtVer+I+G4    82436.592    239 165351.184   165400.632   166748.799
499  mtVer+R2      83987.079    239 168452.159   168501.607   169849.774
500  mtVer+R3      82881.058    241 166244.115   166294.436   167653.426
501  mtVer+R4      82569.307    243 165624.614   165675.816   167045.620
502  mtVer+R5      82339.784    245 165169.569   165221.660   166602.270
503  mtVer+R6      82249.235    247 164992.470   165045.459   166436.867
504  mtVer+R7      82249.232    249 164996.463   165050.359   166452.556
508  mtVer+F       86779.786    256 174071.572   174128.708   175568.600
509  mtVer+F+I     86254.152    257 173022.303   173079.910   174525.178
510  mtVer+F+G4    80010.472    257 160534.944   160592.552   162037.819
511  mtVer+F+I+G4  79965.901    258 160447.802   160505.883   161956.525
512  mtVer+F+R2    81536.696    258 163589.392   163647.473   165098.115
513  mtVer+F+R3    80398.348    260 161316.695   161375.730   162837.114
514  mtVer+F+R4    80094.099    262 160712.198   160772.194   162244.311
515  mtVer+F+R5    79897.485    264 160322.970   160383.938   161866.780
516  mtVer+F+R6    79823.685    266 160179.370   160241.317   161734.875
517  mtVer+F+R7    79823.636    268 160183.273   160246.208   161750.473
521  mtInv         87832.200    237 176138.401   176186.985   177524.320
522  mtInv+I       87386.340    238 175248.679   175297.695   176640.447
523  mtInv+G4      81168.639    238 162813.278   162862.293   164205.045
524  mtInv+I+G4    81130.730    239 162739.459   162788.907   164137.074
525  mtInv+R2      82425.920    239 165329.840   165379.289   166727.455
526  mtInv+R3      81493.479    241 163468.959   163519.280   164878.269
527  mtInv+R4      81177.836    243 162841.671   162892.874   164262.678
528  mtInv+R5      81045.644    245 162581.288   162633.379   164013.989
529  mtInv+R6      80986.882    247 162467.764   162520.754   163912.162
530  mtInv+R7      80986.871    249 162471.743   162525.639   163927.835
534  mtInv+F       83503.147    256 167518.293   167575.429   169015.321
535  mtInv+F+I     83029.742    257 166573.484   166631.091   168076.359
536  mtInv+F+G4    77793.236    257 156100.473   156158.080   157603.348
537  mtInv+F+I+G4  77758.074    258 156032.149   156090.230   157540.872
538  mtInv+F+R2    79054.563    258 158625.126   158683.207   160133.849
539  mtInv+F+R3    78117.272    260 156754.544   156813.578   158274.962
540  mtInv+F+R4    77813.253    262 156150.506   156210.503   157682.620
541  mtInv+F+R5    77665.333    264 155858.667   155919.634   157402.476
542  mtInv+F+R6    77609.235    266 155750.469   155812.416   157305.974
543  mtInv+F+R7    77609.201    268 155754.402   155817.337   157321.603
Akaike Information Criterion:           LG+R10
Corrected Akaike Information Criterion: LG+R10
Bayesian Information Criterion:         LG+R10
Best-fit model: LG+R10 chosen according to BIC

All model information printed to MSTRG.5217.1.p1.pep.faa.blastp_ALL.outfmt6.parsed.filtered.faa.mafft.aln.model.gz
CPU time for ModelFinder: 9247.057 seconds (2h:34m:7s)
Wall-clock time for ModelFinder: 4183.837 seconds (1h:9m:43s)
Generating 2000 samples for ultrafast bootstrap (seed: 651727)...

NOTE: 172 MB RAM (0 GB) is required!
Measuring multi-threading efficiency up to 2 CPU cores
3 trees examined
Threads: 1 / Time: 2.326 sec / Speedup: 1.000 / Efficiency: 100% / LogL: -100039
Threads: 2 / Time: 1.220 sec / Speedup: 1.907 / Efficiency: 95% / LogL: -100039
BEST NUMBER OF THREADS: 2

Estimate model parameters (epsilon = 0.100)
1. Initial log-likelihood: -75999.650
2. Current log-likelihood: -75992.497
3. Current log-likelihood: -75991.707
4. Current log-likelihood: -75991.474
5. Current log-likelihood: -75991.306
6. Current log-likelihood: -75991.171
7. Current log-likelihood: -75991.062
Optimal log-likelihood: -75990.951
Site proportion and rates:  (0.118,0.049) (0.098,0.153) (0.118,0.279) (0.109,0.412) (0.067,0.604) (0.091,0.760) (0.079,0.994) (0.068,1.282) (0.119,1.793) (0.133,3.106)
Parameters optimization took 7 rounds (44.382 sec)
Computing ML distances based on estimated model parameters... 13.462 sec
Computing BIONJ tree...
0.008 seconds
Log-likelihood of BIONJ tree: -76019.523
--------------------------------------------------------------------
|             INITIALIZING CANDIDATE TREE SET                      |
--------------------------------------------------------------------
Generating 98 parsimony trees... 6.655 second
Computing log-likelihood of 98 initial trees ... 65.858 seconds
Current best score: -75990.951

Do NNI search on 20 best initial trees
Estimate model parameters (epsilon = 0.100)
BETTER TREE FOUND at iteration 1: -75818.991
Estimate model parameters (epsilon = 0.100)
BETTER TREE FOUND at iteration 2: -75813.154
Estimate model parameters (epsilon = 0.100)
BETTER TREE FOUND at iteration 6: -75804.715
Iteration 10 / LogL: -75858.318 / Time: 0h:4m:43s
Estimate model parameters (epsilon = 0.100)
BETTER TREE FOUND at iteration 14: -75789.261
Iteration 20 / LogL: -75825.071 / Time: 0h:6m:50s
Finish initializing candidate tree set (20)
Current best tree score: -75789.261 / CPU time: 348.491
Number of iterations: 20
--------------------------------------------------------------------
|               OPTIMIZING CANDIDATE TREE SET                      |
--------------------------------------------------------------------
Estimate model parameters (epsilon = 0.100)
BETTER TREE FOUND at iteration 22: -75777.281
Estimate model parameters (epsilon = 0.100)
BETTER TREE FOUND at iteration 24: -75776.222
Estimate model parameters (epsilon = 0.100)
BETTER TREE FOUND at iteration 27: -75774.500
Iteration 30 / LogL: -75791.126 / Time: 0h:8m:35s (0h:28m:42s left)
Iteration 40 / LogL: -75792.197 / Time: 0h:10m:6s (0h:22m:33s left)
Iteration 50 / LogL: -75789.262 / Time: 0h:11m:29s (0h:18m:2s left)
Log-likelihood cutoff on original alignment: -75881.180
Estimate model parameters (epsilon = 0.100)
BETTER TREE FOUND at iteration 52: -75774.004
Estimate model parameters (epsilon = 0.100)
BETTER TREE FOUND at iteration 53: -75770.836
Iteration 60 / LogL: -75782.486 / Time: 0h:13m:15s (0h:20m:54s left)
Estimate model parameters (epsilon = 0.100)
BETTER TREE FOUND at iteration 65: -75767.795
Estimate model parameters (epsilon = 0.100)
BETTER TREE FOUND at iteration 69: -75766.455
Iteration 70 / LogL: -75778.920 / Time: 0h:14m:58s (0h:21m:29s left)
Estimate model parameters (epsilon = 0.100)
BETTER TREE FOUND at iteration 77: -75764.710
Estimate model parameters (epsilon = 0.100)
BETTER TREE FOUND at iteration 80: -75764.381
Iteration 80 / LogL: -75764.381 / Time: 0h:16m:32s (0h:20m:56s left)
Iteration 90 / LogL: -75769.258 / Time: 0h:17m:51s (0h:18m:3s left)
Estimate model parameters (epsilon = 0.100)
BETTER TREE FOUND at iteration 92: -75761.306
Iteration 100 / LogL: -75761.384 / Time: 0h:19m:20s (0h:17m:58s left)
Log-likelihood cutoff on original alignment: -75881.180
NOTE: Bootstrap correlation coefficient of split occurrence frequencies: 0.982
NOTE: UFBoot does not converge, continue at least 100 more iterations
Estimate model parameters (epsilon = 0.100)
BETTER TREE FOUND at iteration 104: -75760.854
Iteration 110 / LogL: -75762.917 / Time: 0h:20m:45s (0h:17m:54s left)
Estimate model parameters (epsilon = 0.100)
BETTER TREE FOUND at iteration 120: -75759.708
Iteration 120 / LogL: -75759.708 / Time: 0h:22m:10s (0h:18m:38s left)
Iteration 130 / LogL: -75770.472 / Time: 0h:23m:32s (0h:16m:25s left)
Estimate model parameters (epsilon = 0.100)
BETTER TREE FOUND at iteration 135: -75758.222
Iteration 140 / LogL: -75766.186 / Time: 0h:25m:4s (0h:17m:8s left)
Iteration 150 / LogL: -75758.408 / Time: 0h:26m:26s (0h:15m:5s left)
Log-likelihood cutoff on original alignment: -75881.180
Iteration 160 / LogL: -75772.528 / Time: 0h:27m:54s (0h:13m:10s left)
Iteration 170 / LogL: -75763.831 / Time: 0h:29m:15s (0h:11m:15s left)
Iteration 180 / LogL: -75763.043 / Time: 0h:30m:41s (0h:9m:25s left)
Iteration 190 / LogL: -75760.382 / Time: 0h:32m:3s (0h:7m:37s left)
Iteration 200 / LogL: -75766.762 / Time: 0h:33m:24s (0h:5m:52s left)
Log-likelihood cutoff on original alignment: -75881.180
NOTE: Bootstrap correlation coefficient of split occurrence frequencies: 0.994
Iteration 210 / LogL: -75762.101 / Time: 0h:34m:56s (0h:15m:2s left)
Iteration 220 / LogL: -75759.504 / Time: 0h:36m:20s (0h:13m:16s left)
Iteration 230 / LogL: -75763.134 / Time: 0h:37m:47s (0h:11m:33s left)
TREE SEARCH COMPLETED AFTER 236 ITERATIONS / Time: 0h:38m:37s

--------------------------------------------------------------------
|                    FINALIZING TREE SEARCH                        |
--------------------------------------------------------------------
Performs final model parameters optimization
Estimate model parameters (epsilon = 0.010)
1. Initial log-likelihood: -75758.222
Optimal log-likelihood: -75758.210
Site proportion and rates:  (0.120,0.048) (0.106,0.155) (0.130,0.299) (0.098,0.429) (0.065,0.659) (0.107,0.782) (0.062,1.159) (0.058,1.168) (0.117,1.779) (0.137,3.091)
Parameters optimization took 1 rounds (2.427 sec)
BEST SCORE FOUND : -75758.210
Creating bootstrap support values...
Split supports printed to NEXUS file MSTRG.5217.1.p1.pep.faa.blastp_ALL.outfmt6.parsed.filtered.faa.mafft.aln.splits.nex
Total tree length: 81.181

Total number of iterations: 236
CPU time used for tree search: 4466.675 sec (1h:14m:26s)
Wall-clock time used for tree search: 2255.039 sec (0h:37m:35s)
Total CPU time used: 4594.032 sec (1h:16m:34s)
Total wall-clock time used: 2320.400 sec (0h:38m:40s)

Computing bootstrap consensus tree...
Reading input file MSTRG.5217.1.p1.pep.faa.blastp_ALL.outfmt6.parsed.filtered.faa.mafft.aln.splits.nex...
120 taxa and 821 splits.
Consensus tree written to MSTRG.5217.1.p1.pep.faa.blastp_ALL.outfmt6.parsed.filtered.faa.mafft.aln.contree
Reading input trees file MSTRG.5217.1.p1.pep.faa.blastp_ALL.outfmt6.parsed.filtered.faa.mafft.aln.contree
Log-likelihood of consensus tree: -75758.206

Analysis results written to: 
  IQ-TREE report:                MSTRG.5217.1.p1.pep.faa.blastp_ALL.outfmt6.parsed.filtered.faa.mafft.aln.iqtree
  Maximum-likelihood tree:       MSTRG.5217.1.p1.pep.faa.blastp_ALL.outfmt6.parsed.filtered.faa.mafft.aln.treefile
  Likelihood distances:          MSTRG.5217.1.p1.pep.faa.blastp_ALL.outfmt6.parsed.filtered.faa.mafft.aln.mldist

Ultrafast bootstrap approximation results written to:
  Split support values:          MSTRG.5217.1.p1.pep.faa.blastp_ALL.outfmt6.parsed.filtered.faa.mafft.aln.splits.nex
  Consensus tree:                MSTRG.5217.1.p1.pep.faa.blastp_ALL.outfmt6.parsed.filtered.faa.mafft.aln.contree
  Screen log file:               MSTRG.5217.1.p1.pep.faa.blastp_ALL.outfmt6.parsed.filtered.faa.mafft.aln.log

Date and Time: Tue May 25 06:13:22 2021
