IQ-TREE multicore version 1.6.12 for Linux 64-bit built Aug 15 2019
Developed by Bui Quang Minh, Nguyen Lam Tung, Olga Chernomor,
Heiko Schmidt, Dominik Schrempf, Michael Woodhams.

Host:    coral (AVX512, FMA3, 376 GB RAM)
Command: /home/timothy/programs/iqtree-1.6.12-Linux/bin/iqtree -s MSTRG.15534.1.p1.pep.faa.blastp_ALL.outfmt6.parsed.filtered.faa.mafft.aln -nt AUTO -ntmax 2 -m MFP -bb 2000 -quiet
Seed:    567229 (Using SPRNG - Scalable Parallel Random Number Generator)
Time:    Mon May 24 18:48:00 2021
Kernel:  AVX+FMA - auto-detect threads (96 CPU cores detected)

Reading alignment file MSTRG.15534.1.p1.pep.faa.blastp_ALL.outfmt6.parsed.filtered.faa.mafft.aln ... Fasta format detected
Alignment most likely contains protein sequences
Alignment has 105 sequences with 2143 columns, 1482 distinct patterns
487 parsimony-informative, 789 singleton sites, 867 constant sites
                                                                                                                                                       Gap/Ambiguity  Composition  p-value
   1  Archaea-Crenarchaeota-Thermoprotei-Thermoproteales-Thermofilaceae-Thermofilum_adornatus_WP_020962048.1                                                  90.06%    passed      5.66%
   2  Archaea-Euryarchaeota-Archaeoglobi-Archaeoglobales-Archaeoglobaceae-Archaeoglobus_sulfaticallidus_WP_015590328.1                                        89.92%    failed      0.14%
   3  Archaea-Euryarchaeota-Archaeoglobi-Archaeoglobales-Archaeoglobaceae-Geoglobus_ahangari_WP_048095523.1                                                   89.87%    failed      0.11%
   4  Bacteria-Acidobacteria-Holophagae-NA-NA-Holophagae_bacterium_WP_116782615.1                                                                             89.73%    failed      0.00%
   5  Bacteria-Actinobacteria-Thermoleophilia-Solirubrobacterales-Conexibacteraceae-Conexibacter_woesei_WP_081690589.1                                        88.47%    failed      0.12%
   6  Bacteria-Actinobacteria-Thermoleophilia-Thermoleophilales-Thermoleophilaceae-Thermoleophilum_album_WP_093117357.1                                       89.69%    failed      0.00%
   7  Bacteria-Aquificae-Aquificae-Aquificales-Aquificaceae-Hydrogenivirga_sp._1285R11_WP_008287617.1                                                         90.06%    failed      4.08%
   8  Bacteria-Aquificae-Aquificae-Aquificales-Hydrogenothermaceae-Sulfurihydrogenibium_sp._YO3AOP1_WP_012459004.1                                            90.15%    failed      2.19%
   9  Bacteria-Chlamydiae-Chlamydiia-Parachlamydiales-Criblamydiaceae-Criblamydia_sequanensis_WP_079977949.1                                                  88.75%    passed     28.36%
  10  Bacteria-Deferribacteres-Deferribacteres-Deferribacterales-Deferribacteraceae-Geovibrio_thiophilus_WP_128466084.1                                       89.97%    passed     12.21%
  11  Bacteria-Deferribacteres-Deferribacteres-Deferribacterales-Deferribacteraceae-Mucispirillum_schaedleri_WP_023276839.1                                   89.97%    failed      3.35%
  12  Bacteria-Firmicutes-Bacilli-Bacillales-Bacillaceae-NA_WP_075388574.1                                                                                    89.87%    passed     20.68%
  13  Bacteria-Firmicutes-Clostridia-Thermoanaerobacterales-Thermoanaerobacteraceae-Carboxydothermus_islandicus_WP_075866143.1                                90.01%    passed     54.72%
  14  Bacteria-Fusobacteria-Fusobacteriia-Fusobacteriales-Fusobacteriaceae-Fusobacterium_hwasookii_WP_080653965.1                                             90.15%    failed      0.70%
  15  Bacteria-Fusobacteria-Fusobacteriia-Fusobacteriales-Leptotrichiaceae-Caviibacter_abscessus_WP_068268907.1                                               90.25%    failed      0.60%
  16  Bacteria-NA-NA-NA-NA-bacterium_M00.F.Ca.ET.230.01.1.1_WP_135888936.1                                                                                    89.83%    passed      6.41%
  17  Bacteria-NA-NA-NA-NA-NA_WP_088051845.1                                                                                                                  90.01%    passed     20.40%
  18  Bacteria-Planctomycetes-NA-NA-NA-Planctomycetes_bacterium_HG15A2_WP_145056680.1                                                                         83.76%    failed      0.78%
  19  Bacteria-Planctomycetes-Planctomycetia-Planctomycetales-Planctomycetaceae-Rhodopirellula_europaea_WP_008661653.1                                        83.90%    passed     15.74%
  20  Bacteria-Proteobacteria-Deltaproteobacteria-Bradymonadales-NA-Bradymonadales_bacterium_V1718_WP_146958062.1                                             90.20%    passed     33.03%
  21  Bacteria-Proteobacteria-Deltaproteobacteria-Myxococcales-Nannocystaceae-Plesiocystis_pacifica_WP_045115406.1                                            90.25%    failed      0.47%
  22  Bacteria-Rhodothermaeota-Rhodothermia-Rhodothermales-Rubricoccaceae-Rubrivirga_sp._SAORIC476_WP_095516252.1                                             90.06%    failed      0.00%
  23  Bacteria-Synergistetes-Synergistia-Synergistales-Synergistaceae-Thermanaerovibrio_acidaminovorans_WP_012869908.1                                        90.15%    failed      0.68%
  24  Bacteria-Thermodesulfobacteria-Thermodesulfobacteria-Thermodesulfobacteriales-Thermodesulfobacteriaceae-Thermodesulfobacterium_commune_WP_038062558.1   89.97%    failed      3.54%
  25  Bacteria-Thermodesulfobacteria-Thermodesulfobacteria-Thermodesulfobacteriales-Thermodesulfobacteriaceae-Thermosulfurimonas_dismutans_WP_068669411.1     90.06%    passed      9.87%
  26  Bacteria-Thermotogae-Thermotogae-Kosmotogales-Kosmotogaceae-NA_WP_015869205.1                                                                           89.97%    passed     12.12%
  27  Eukaryota-Acytosteliales-Acytosteliales-Acytosteliales-Acytosteliaceae-Acytostelium_subglobosum_XP_012753492.1                                          90.95%    passed     25.94%
  28  Eukaryota-Acytosteliales-Acytosteliales-Acytosteliales-Acytosteliaceae-Heterostelium_album_XP_020430316.1                                               90.95%    failed      1.24%
  29  Eukaryota-Alveolata-Dinophyceae-NA-Unranked-Karenia_brevis_MMETSP0201_c97340_g1_i1.p1                                                                   90.53%    passed     57.61%
  30  Eukaryota-Alveolata-Dinophyceae-NA-Unranked-Oxyrrhis_marina_MMETSP0469_c25391_g1_i1.p1                                                                  68.13%    failed      0.00%
  31  Eukaryota-Amoebozoa-NA-NA-Paramoebidae-Filamoeba_nolandi_MMETSP0413_c13687_g1_i1.p1                                                                     88.15%    passed      7.29%
  32  Eukaryota-Amoebozoa-NA-NA-Paramoebidae-Trichosphaerium_sp_MMETSP0405_c6090_g1_i1.p1                                                                     89.97%    passed     35.40%
  33  Eukaryota-Annelida-Clitellata-Hirudinida-Glossiphoniidae-Helobdella_robusta_jgi156457                                                                   90.53%    passed      9.43%
  34  Eukaryota-Apicomplexa-Conoidasida-Eucoccidiorida-Cryptosporidiidae-Cryptosporidium_muris_XP_002142267.1                                                 89.55%    passed     50.52%
  35  Eukaryota-Apicomplexa-NA-Unranked-NA-Alveolata_sp_MMETSP0288_c36898_g1_i1.p1                                                                            87.59%    failed      1.75%
  36  Eukaryota-Apusomonadidae-NA-NA-NA-Thecamonas_trahens_XP_013759843.1                                                                                     91.13%    passed     18.73%
  37  Eukaryota-Arthropoda-Insecta-Hemiptera-Aphididae-Sipha_flava_XP_025408777.1                                                                             90.43%    failed      2.86%
  38  Eukaryota-Arthropoda-Insecta-Hymenoptera-Diprionidae-Neodiprion_lecontei_XP_015522576.1                                                                 86.93%    passed     37.34%
  39  Eukaryota-Ascomycota-Saccharomycetes-Saccharomycetales-Metschnikowiaceae-Metschnikowia_bicuspidata_XP_018714106.1                                       89.83%    failed      2.34%
  40  Eukaryota-Ascomycota-Saccharomycetes-Saccharomycetales-Saccharomycetaceae-Eremothecium_gossypii_NP_983572.1                                             86.51%    failed      0.02%
  41  Eukaryota-Basidiomycota-Pucciniomycetes-Pucciniales-Melampsoraceae-Melampsora_laricipopulina_XP_007416036.1                                             90.67%    passed     54.96%
  42  Eukaryota-Basidiomycota-Pucciniomycetes-Pucciniales-Pucciniaceae-Puccinia_graminis_XP_003319442.1                                                       88.33%    passed     11.35%
  43  Eukaryota-Brachiopoda-Lingulata-Lingulida-Lingulidae-Lingula_anatina_XP_013414444.1                                                                     89.73%    passed     74.98%
  44  Eukaryota-Cercozoa-Chlorarachniophyceae-NA-NA-Bigelowiella_natans_MMETSP1052_c24232_g1_i1.p1                                                            86.42%    passed     60.67%
  45  Eukaryota-Cercozoa-NA-Euglyphida-Paulinellidae-Paulinella_chromatophora_scaffold2386-size2507_m.27298                                                   71.44%    failed      2.01%
  46  Eukaryota-Chlorophyta-NA-NA-NA-Prasinococcus_capsulatus_MMETSP0941_c5080_g1_i1.p1                                                                       87.40%    failed      2.40%
  47  Eukaryota-Chlorophyta-NA-Pyramimonadales-NA-Pyramimonas_parkeae_MMETSP0058_c4972_g1_i1.p1                                                               86.19%    failed      3.88%
  48  Eukaryota-Choanoflagellata-Choanoflagellata-Choanoflagellata-Salpingoecidae-Monosiga_brevicollis_XP_001749568.1                                         90.62%    passed     26.52%
  49  Eukaryota-Choanoflagellata-Choanoflagellata-Choanoflagellata-Salpingoecidae-Salpingoeca_rosetta_XP_004989196.1                                          90.85%    passed     65.85%
  50  Eukaryota-Chordata-Actinopteri-Cypriniformes-Cyprinidae-Danio_rerio_NP_998274.2                                                                         89.78%    passed     45.78%
  51  Eukaryota-Chordata-Actinopteri-Gobiiformes-Gobiidae-Boleophthalmus_pectinirostris_XP_020795211.1                                                        89.78%    passed     40.39%
  52  Eukaryota-Chromeraceae-NA-NA-NA-Chromera_velia_MMETSP0290_c38116_g1_i1.p1                                                                               88.61%    failed      0.69%
  53  Eukaryota-Chromeraceae-NA-NA-NA-Vitrella_brassicaformis_MMETSP1451_c167_g1_i1.p1                                                                        74.62%    failed      0.02%
  54  Eukaryota-Chytridiomycota-Chytridiomycetes-Rhizophydiales-NA-Batrachochytrium_dendrobatidis_jgi28095                                                    56.70%    failed      0.00%
  55  Eukaryota-Chytridiomycota-Chytridiomycetes-Spizellomycetales-Spizellomycetaceae-Spizellomyces_punctatus_XP_016613061.1                                  75.45%    failed      0.00%
  56  Eukaryota-Ciliophora-NA-Unranked-NA-Strombidinopsis_acuminatum_MMETSP0126_c134_g1_i1.p1                                                                 85.72%    failed      0.00%
  57  Eukaryota-Ciliophora-NA-Unranked-NA-Tiarina_fusus_MMETSP0472_c106473_g1_i1.p1                                                                           89.08%    passed     15.75%
  58  Eukaryota-Cnidaria-Anthozoa-Actiniaria-Edwardsiidae-Nematostella_vectensis_XP_001628223.1                                                               90.90%    passed     68.28%
  59  Eukaryota-Cnidaria-Anthozoa-Scleractinia-Merulinidae-Orbicella_faveolata_XP_020609992.1                                                                 90.06%    passed     16.30%
  60  Eukaryota-Cryptophyta-NA-Cryptomonadales-Hemiselmidaceae-Hemiselmis_virescens_MMETSP1356_c2473_g1_i2.p1                                                 90.11%    passed     20.36%
  61  Eukaryota-Cryptophyta-NA-Goniomondales-NA-Goniomonas_pacifica_MMETSP0107_c38155_g1_i1.p1                                                                89.17%    passed     18.64%
  62  Eukaryota-Dictyosteliales-Dictyosteliales-Dictyosteliales-Dictyosteliaceae-Dictyostelium_purpureum_jgi151373                                            90.85%    passed     15.79%
  63  Eukaryota-Echinodermata-Asteroidea-Valvatida-Acanthasteridae-Acanthaster_planci_XP_022087758.1                                                          90.01%    passed     33.87%
  64  Eukaryota-Echinodermata-Echinoidea-Echinoida-Strongylocentrotidae-Strongylocentrotus_purpuratus_XP_003729267.1                                          89.41%    passed     53.54%
  65  Eukaryota-Entamoebidae-NA-NA-NA-Entamoeba_dispar_XP_001736744.1                                                                                         90.62%    passed      6.61%
  66  Eukaryota-Euglenida-NA-Eutreptiales-NA-Eutreptiella_gymnastica_MMETSP0039_c87164_g1_i1.p1                                                               88.61%    passed     13.13%
  67  Eukaryota-Euglenida-NA-NA-Unranked-Neobodo_designis_MMETSP1114_c26377_g1_i1.p2                                                                          88.01%    passed      7.23%
  68  Eukaryota-Glaucophyta-Glaucophyta-Gloeochaetales-Gloeochaetaceae-Gloeochaete_witrockiana_MMETSP0308_c11562_g1_i1.p1                                     86.09%    passed      9.79%
  69  Eukaryota-Glaucophyta-Glaucophyta-NA-NA-Cyanoptyche_gloeocystis_MMETSP1086_c7866_g1_i1.p1                                                               86.33%    failed      0.01%
  70  Eukaryota-Haptophyta-NA-Prymnesiales-NA-Coccolithus_pelagicussspbraarudi_MMETSP0164_c159_g1_i1.p1                                                       87.82%    failed      0.12%
  71  Eukaryota-Haptophyta-NA-Prymnesiales-NA-Pleurochrysis_carterae_MMETSP1136_c8489_g1_i1.p1                                                                86.51%    failed      0.55%
  72  Eukaryota-Hemichordata-Enteropneusta-NA-Harrimaniidae-Saccoglossus_kowalevskii_XP_002740977.1                                                           90.81%    passed     60.02%
  73  Eukaryota-Heterolobosea-NA-NA-NA-Percolomonas_cosmopolitus_MMETSP0759_c9385_g1_i1.p1                                                                    62.25%    failed      0.00%
  74  Eukaryota-Heterolobosea-NA-NA-Vahlkampfiidae-Naegleria_gruberi_jgi59535                                                                                 65.66%    failed      0.00%
  75  Eukaryota-Kinetoplastida-Kinetoplastida-Kinetoplastida-Trypanosomatidae-Leptomonas_pyrrhocoris_XP_015656745.1                                           86.70%    passed     23.48%
  76  Eukaryota-Kinetoplastida-Kinetoplastida-Kinetoplastida-Trypanosomatidae-Trypanosoma_cruzi_XP_810144.1                                                   87.87%    failed      4.52%
  77  Eukaryota-Longamoebia-Longamoebia-Longamoebia-Acanthamoebidae-Acanthamoeba_castellanii_XP_004339459.1                                                   90.99%    passed     41.08%
  78  Eukaryota-Mesomycetozoea-Ichthyosporea-Ichthyophonida-NA-Sphaeroforma_arctica_XP_014157756.1                                                            88.75%    passed     71.52%
  79  Eukaryota-Mesomycetozoea-Ichthyosporea-NA-NA-Capsaspora_owczarzaki_XP_004342470.1                                                                       89.31%    passed     35.95%
  80  Eukaryota-Microsporidia-NA-NA-NA-Mitosporidium_daphniae_XP_013237975.1                                                                                  88.43%    passed     11.73%
  81  Eukaryota-Mollusca-Bivalvia-Ostreoida-Ostreidae-Crassostrea_gigas_XP_011445220.1                                                                        91.04%    passed     70.63%
  82  Eukaryota-Mollusca-Gastropoda-NA-Lottiidae-Lottia_gigantea_jgi149165                                                                                    91.04%    passed     82.37%
  83  Eukaryota-Mucorales-Mucoraceae-Undefined-Undefined-Mucor_circinelloides_jgi26650                                                                        90.67%    failed      1.85%
  84  Eukaryota-Mucoromycota-Mucoromycetes-Mucorales-Phycomycetaceae-Phycomyces_blakesleeanus_jgi41273                                                        90.53%    failed      0.17%
  85  Eukaryota-Mucoromycota-Mucoromycetes-Mucorales-Rhizopodaceae-Rhizopus_microsporus_XP_023470558.1                                                        90.57%    passed     15.16%
  86  Eukaryota-Nematoda-Chromadorea-Rhabditida-Strongyloididae-Strongyloides_ratti_XP_024510240.1                                                            91.32%    passed     44.28%
  87  Eukaryota-Nematoda-Chromadorea-Strongylida-Ancylostomatidae-Necator_americanus_XP_013303698.1                                                           90.76%    passed     28.28%
  88  Eukaryota-Palpitomonas-NA-NA-NA-Palpitomonas_bilix_MMETSP0780_c14346_g1_i1.p1                                                                           89.64%    failed      3.10%
  89  Eukaryota-Perkinsozoa-NA-Perkinsida-Perkinsidae-Perkinsus_marinus_MMETSP0922_c2968_g1_i1.p1                                                             91.04%    failed      0.81%
  90  Eukaryota-Placozoa-NA-NA-Trichoplacidae-Trichoplax_adhaerens_XP_002112173.1                                                                             91.13%    passed     70.83%
  91  Eukaryota-Platyhelminthes-Trematoda-Opisthorchiida-Opisthorchiidae-Opisthorchis_viverrini_XP_009171958.1                                                90.76%    passed     53.00%
  92  Eukaryota-Platyhelminthes-Trematoda-Strigeidida-Schistosomatidae-Schistosoma_mansoni_XP_018648199.1                                                     90.81%    passed     12.99%
  93  Eukaryota-Porifera-Demospongiae-Haplosclerida-Niphatidae-Amphimedon_queenslandica_jgiAqu1214129                                                         90.15%    passed     40.88%
  94  Eukaryota-Priapulida-Priapulimorpha-Priapulimorphida-Priapulidae-Priapulus_caudatus_XP_014675214.1                                                      90.76%    passed     83.10%
  95  Eukaryota-Retaria-NA-NA-NA-Ammonia_sp_MMETSP1384_c13385_g1_i1.p1                                                                                        86.33%    passed     23.47%
  96  Eukaryota-Retaria-NA-NA-NA-Sorites_sp_MMETSP0191_c22644_g1_i1.p1                                                                                        86.23%    failed      2.83%
  97  Eukaryota-Rhodophyta-Bangiophyceae-NA-NA-Rhodosorus_marinus_MMETSP0315_c6601_g1_i1.p1                                                                   67.57%    failed      0.00%
  98  Eukaryota-Rhodophyta-Florideophyceae-Gigartinales-Gigartinaceae-Chondrus_crispus_XP_005717989.1                                                         76.39%    failed      0.00%
  99  Eukaryota-Stramenopiles-Coscinodiscophyceae-Thalassiosirales-Thalassiosiraceae-Thalassiosira_gravida_MMETSP0492_c3882_g1_i1.p1                          86.51%    failed      1.15%
 100  Eukaryota-Stramenopiles-NA-NA-NA-Detonula_confervacea_MMETSP1058_c3077_g1_i1.p1                                                                         86.51%    failed      0.36%
 101  Eukaryota-Stramenopiles-Oomycetes-Saprolegniales-Saprolegniaceae-Aphanomyces_astaci_XP_009821101.1                                                      31.92%    failed      0.00%
 102  Eukaryota-Streptophyta-NA-Malvales-Malvaceae-Herrania_umbratica_XP_021287748.1                                                                          86.00%    failed      0.84%
 103  Eukaryota-Streptophyta-NA-Malvales-Malvaceae-Theobroma_cacao_XP_007019827.1                                                                             86.00%    failed      0.09%
 104  Eukaryota-Trichomonadida-Trichomonadida-Trichomonadida-Trichomonadidae-Trichomonas_vaginalis_XP_001580027.1                                             87.68%    failed      0.00%
 105  MSTRG.15534.1.p1                                                                                                                                        72.00%    failed      0.19%
WARNING: 104 sequences contain more than 50% gaps/ambiguity
****  TOTAL                                                                                                                                                   86.73%  49 sequences failed composition chi2 test (p-value<5%; df=19)


Create initial parsimony tree by phylogenetic likelihood library (PLL)... 0.151 seconds
NOTE: ModelFinder requires 255 MB RAM!
ModelFinder will test 546 protein models (sample size: 2143) ...
 No. Model         -LnL         df  AIC          AICc         BIC
Measuring multi-threading efficiency up to 2 CPU cores
7 trees examined
Threads: 1 / Time: 2.306 sec / Speedup: 1.000 / Efficiency: 100% / LogL: -64757
Threads: 2 / Time: 1.198 sec / Speedup: 1.926 / Efficiency: 96% / LogL: -64757
BEST NUMBER OF THREADS: 2

  1  Dayhoff       53638.771    207 107691.542   107736.044   108865.224
  2  Dayhoff+I     53230.847    208 106877.694   106922.650   108057.046
  3  Dayhoff+G4    51480.875    208 103377.751   103422.706   104557.103
  4  Dayhoff+I+G4  51421.774    209 103261.547   103306.959   104446.569
  5  Dayhoff+R2    51895.549    209 104209.098   104254.509   105394.120
  6  Dayhoff+R3    51517.169    211 103456.337   103502.667   104652.699
  7  Dayhoff+R4    51390.671    213 103207.342   103254.601   104415.043
  8  Dayhoff+R5    51354.356    215 103138.711   103186.910   104357.753
  9  Dayhoff+R6    51333.148    217 103100.296   103149.445   104330.678
 10  Dayhoff+R7    51324.952    219 103087.904   103138.014   104329.626
 11  Dayhoff+R8    51318.486    221 103078.973   103130.052   104332.034
 14  Dayhoff+F     53526.011    226 107504.023   107557.574   108785.434
 15  Dayhoff+F+I   53152.975    227 106759.950   106814.004   108047.032
 16  Dayhoff+F+G4  51399.651    227 103253.302   103307.355   104540.383
 17  Dayhoff+F+I+G4 51350.699    228 103157.399   103211.957   104450.150
 18  Dayhoff+F+R2  51796.369    228 104048.737   104103.295   105341.489
 19  Dayhoff+F+R3  51435.652    230 103331.304   103386.879   104635.395
 20  Dayhoff+F+R4  51310.993    232 103085.986   103142.590   104401.418
 21  Dayhoff+F+R5  51267.120    234 103002.239   103059.881   104329.010
 22  Dayhoff+F+R6  51252.879    236 102977.758   103036.448   104315.869
 23  Dayhoff+F+R7  51249.543    238 102975.087   103034.837   104324.537
 27  mtMAM         59849.506    207 120113.012   120157.515   121286.694
 28  mtMAM+I       59623.032    208 119662.064   119707.020   120841.416
 29  mtMAM+G4      55199.609    208 110815.219   110860.174   111994.571
 30  mtMAM+I+G4    55194.150    209 110806.299   110851.710   111991.321
 31  mtMAM+R2      55992.178    209 112402.355   112447.767   113587.377
 32  mtMAM+R3      55354.402    211 111130.804   111177.135   112327.166
 33  mtMAM+R4      55144.341    213 110714.681   110761.941   111922.383
 34  mtMAM+R5      55046.228    215 110522.455   110570.655   111741.497
 35  mtMAM+R6      55030.318    217 110494.635   110543.785   111725.017
 36  mtMAM+R7      55026.137    219 110490.273   110540.382   111731.995
 40  mtMAM+F       56350.134    226 113152.268   113205.820   114433.680
 41  mtMAM+F+I     56107.545    227 112669.090   112723.143   113956.171
 42  mtMAM+F+G4    52952.872    227 106359.745   106413.798   107646.826
 43  mtMAM+F+I+G4  52942.768    228 106341.536   106396.094   107634.288
 44  mtMAM+F+R2    53493.274    228 107442.547   107497.105   108735.298
 45  mtMAM+F+R3    53064.836    230 106589.671   106645.246   107893.762
 46  mtMAM+F+R4    52914.672    232 106293.345   106349.948   107608.776
 47  mtMAM+F+R5    52834.813    234 106137.626   106195.268   107464.397
 48  mtMAM+F+R6    52821.846    236 106115.691   106174.382   107453.802
 49  mtMAM+F+R7    52818.577    238 106113.154   106172.904   107462.605
 53  JTT           53579.887    207 107573.774   107618.276   108747.456
 54  JTT+I         53146.850    208 106709.700   106754.656   107889.052
 55  JTT+G4        51315.651    208 103047.302   103092.258   104226.654
 56  JTT+I+G4      51262.783    209 102943.565   102988.977   104128.588
 57  JTT+R2        51693.555    209 103805.111   103850.522   104990.133
 58  JTT+R3        51348.117    211 103118.233   103164.564   104314.595
 59  JTT+R4        51214.364    213 102854.728   102901.988   104062.430
 60  JTT+R5        51169.339    215 102768.677   102816.877   103987.719
 61  JTT+R6        51159.535    217 102753.070   102802.219   103983.452
 62  JTT+R7        51155.515    219 102749.030   102799.139   103990.752
 66  JTT+F         53619.249    226 107690.499   107744.050   108971.910
 67  JTT+F+I       53191.200    227 106836.399   106890.452   108123.481
 68  JTT+F+G4      51407.958    227 103269.917   103323.970   104556.998
 69  JTT+F+I+G4    51354.013    228 103164.026   103218.584   104456.777
 70  JTT+F+R2      51770.313    228 103996.627   104051.185   105289.378
 71  JTT+F+R3      51430.882    230 103321.764   103377.339   104625.855
 72  JTT+F+R4      51301.826    232 103067.652   103124.255   104383.083
 73  JTT+F+R5      51257.242    234 102982.483   103040.125   104309.254
 74  JTT+F+R6      51241.736    236 102955.472   103014.163   104293.583
 75  JTT+F+R7      51236.128    238 102948.255   103008.005   104297.706
 79  WAG           52632.462    207 105678.924   105723.426   106852.606
 80  WAG+I         52289.877    208 104995.754   105040.709   106175.106
 81  WAG+G4        50797.876    208 102011.753   102056.708   103191.105
 82  WAG+I+G4      50749.301    209 101916.601   101962.012   103101.623
 83  WAG+R2        51117.635    209 102653.269   102698.681   103838.292
 84  WAG+R3        50812.386    211 102046.772   102093.102   103243.134
 85  WAG+R4        50696.037    213 101818.073   101865.333   103025.775
 86  WAG+R5        50653.627    215 101737.254   101785.453   102956.295
 87  WAG+R6        50635.009    217 101704.019   101753.168   102934.400
 88  WAG+R7        50629.662    219 101697.325   101747.434   102939.046
 92  WAG+F         52699.783    226 105851.566   105905.117   107132.977
 93  WAG+F+I       52367.925    227 105189.850   105243.904   106476.932
 94  WAG+F+G4      50882.315    227 102218.630   102272.684   103505.712
 95  WAG+F+I+G4    50834.827    228 102125.655   102180.213   103418.406
 96  WAG+F+R2      51187.370    228 102830.739   102885.297   104123.491
 97  WAG+F+R3      50893.258    230 102246.516   102302.092   103550.607
 98  WAG+F+R4      50771.612    232 102007.225   102063.828   103322.656
 99  WAG+F+R5      50735.298    234 101938.597   101996.238   103265.368
100  WAG+F+R6      50718.835    236 101909.669   101968.360   103247.780
101  WAG+F+R7      50713.225    238 101902.450   101962.200   103251.901
105  cpREV         53130.430    207 106674.861   106719.363   107848.543
106  cpREV+I       52838.469    208 106092.938   106137.893   107272.290
107  cpREV+G4      51287.679    208 102991.358   103036.313   104170.710
108  cpREV+I+G4    51252.694    209 102923.389   102968.800   104108.411
109  cpREV+R2      51649.951    209 103717.903   103763.314   104902.925
110  cpREV+R3      51308.187    211 103038.373   103084.704   104234.735
111  cpREV+R4      51183.341    213 102792.681   102839.941   104000.383
112  cpREV+R5      51148.127    215 102726.255   102774.454   103945.297
113  cpREV+R6      51119.453    217 102672.906   102722.055   103903.288
114  cpREV+R7      51115.432    219 102668.865   102718.974   103910.586
118  cpREV+F       53018.050    226 106488.101   106541.652   107769.512
119  cpREV+F+I     52697.713    227 105849.426   105903.480   107136.508
120  cpREV+F+G4    51169.303    227 102792.606   102846.660   104079.688
121  cpREV+F+I+G4  51128.367    228 102712.734   102767.292   104005.485
122  cpREV+F+R2    51551.773    228 103559.547   103614.105   104852.298
123  cpREV+F+R3    51185.283    230 102830.566   102886.141   104134.657
124  cpREV+F+R4    51059.994    232 102583.988   102640.591   103899.419
125  cpREV+F+R5    51021.926    234 102511.851   102569.493   103838.623
126  cpREV+F+R6    50997.625    236 102467.250   102525.940   103805.361
127  cpREV+F+R7    50997.102    238 102470.204   102529.954   103819.655
131  mtREV         57192.151    207 114798.301   114842.804   115971.984
132  mtREV+I       57004.907    208 114425.815   114470.770   115605.167
133  mtREV+G4      54143.051    208 108702.102   108747.057   109881.454
134  mtREV+I+G4    54139.293    209 108696.587   108741.998   109881.609
135  mtREV+R2      54571.724    209 109561.448   109606.860   110746.470
136  mtREV+R3      54208.780    211 108839.559   108885.890   110035.921
137  mtREV+R4      54063.929    213 108553.858   108601.117   109761.559
138  mtREV+R5      54015.466    215 108460.932   108509.131   109679.974
139  mtREV+R6      53996.016    217 108426.033   108475.182   109656.415
140  mtREV+R7      53983.463    219 108404.926   108455.035   109646.648
141  mtREV+R8      53983.375    221 108408.749   108459.829   109661.811
144  mtREV+F       54293.291    226 109038.582   109092.133   110319.993
145  mtREV+F+I     54076.277    227 108606.554   108660.607   109893.636
146  mtREV+F+G4    51885.348    227 104224.696   104278.749   105511.778
147  mtREV+F+I+G4  51873.625    228 104203.250   104257.808   105496.001
148  mtREV+F+R2    52293.086    228 105042.172   105096.730   106334.923
149  mtREV+F+R3    51956.417    230 104372.834   104428.409   105676.925
150  mtREV+F+R4    51823.697    232 104111.394   104167.997   105426.825
151  mtREV+F+R5    51770.256    234 104008.512   104066.154   105335.284
152  mtREV+F+R6    51756.664    236 103985.328   104044.018   105323.439
153  mtREV+F+R7    51745.998    238 103967.996   104027.746   105317.447
154  mtREV+F+R8    51745.989    240 103971.977   104032.797   105332.768
157  rtREV         53233.648    207 106881.296   106925.798   108054.978
158  rtREV+I       52921.731    208 106259.462   106304.418   107438.815
159  rtREV+G4      51113.902    208 102643.804   102688.760   103823.156
160  rtREV+I+G4    51072.230    209 102562.461   102607.872   103747.483
161  rtREV+R2      51421.034    209 103260.069   103305.480   104445.091
162  rtREV+R3      51144.342    211 102710.685   102757.015   103907.047
163  rtREV+R4      51009.202    213 102444.403   102491.663   103652.105
164  rtREV+R5      50977.946    215 102385.892   102434.091   103604.933
165  rtREV+R6      50955.067    217 102344.134   102393.283   103574.516
166  rtREV+R7      50949.054    219 102336.108   102386.217   103577.829
170  rtREV+F       53112.836    226 106677.672   106731.223   107959.083
171  rtREV+F+I     52815.590    227 106085.180   106139.234   107372.262
172  rtREV+F+G4    50989.044    227 102432.089   102486.142   103719.170
173  rtREV+F+I+G4  50951.427    228 102358.854   102413.412   103651.605
174  rtREV+F+R2    51298.303    228 103052.606   103107.164   104345.358
175  rtREV+F+R3    51026.550    230 102513.100   102568.676   103817.192
176  rtREV+F+R4    50889.656    232 102243.311   102299.914   103558.742
177  rtREV+F+R5    50860.756    234 102189.512   102247.153   103516.283
178  rtREV+F+R6    50832.689    236 102137.378   102196.068   103475.489
179  rtREV+F+R7    50830.964    238 102137.927   102197.677   103487.378
183  mtART         58718.923    207 117851.845   117896.347   119025.527
184  mtART+I       58538.162    208 117492.323   117537.279   118671.675
185  mtART+G4      54586.656    208 109589.311   109634.267   110768.663
186  mtART+I+G4    54582.048    209 109582.095   109627.507   110767.118
187  mtART+R2      55136.933    209 110691.867   110737.278   111876.889
188  mtART+R3      54666.805    211 109755.609   109801.939   110951.971
189  mtART+R4      54510.002    213 109446.004   109493.264   110653.706
190  mtART+R5      54460.696    215 109351.393   109399.592   110570.434
191  mtART+R6      54400.408    217 109234.816   109283.965   110465.197
192  mtART+R7      54385.285    219 109208.570   109258.679   110450.292
193  mtART+R8      54385.203    221 109212.405   109263.485   110465.467
196  mtART+F       55400.191    226 111252.383   111305.934   112533.794
197  mtART+F+I     55202.934    227 110859.869   110913.922   112146.950
198  mtART+F+G4    52202.104    227 104858.209   104912.262   106145.290
199  mtART+F+I+G4  52192.664    228 104841.329   104895.887   106134.080
200  mtART+F+R2    52698.371    228 105852.742   105907.300   107145.494
201  mtART+F+R3    52343.518    230 105147.037   105202.612   106451.128
202  mtART+F+R4    52177.919    232 104819.838   104876.441   106135.269
203  mtART+F+R5    52137.246    234 104742.492   104800.133   106069.263
204  mtART+F+R6    52080.311    236 104632.621   104691.312   105970.732
205  mtART+F+R7    52067.857    238 104611.713   104671.463   105961.164
206  mtART+F+R8    52067.632    240 104615.264   104676.084   105976.055
209  mtZOA         57138.098    207 114690.195   114734.698   115863.877
210  mtZOA+I       56929.275    208 114274.550   114319.506   115453.902
211  mtZOA+G4      53521.848    208 107459.696   107504.651   108639.048
212  mtZOA+I+G4    53509.278    209 107436.557   107481.968   108621.579
213  mtZOA+R2      53902.907    209 108223.815   108269.226   109408.837
214  mtZOA+R3      53590.622    211 107603.245   107649.575   108799.607
215  mtZOA+R4      53440.473    213 107306.945   107354.205   108514.647
216  mtZOA+R5      53390.974    215 107211.947   107260.146   108430.989
217  mtZOA+R6      53344.135    217 107122.270   107171.419   108352.652
218  mtZOA+R7      53333.443    219 107104.887   107154.996   108346.608
219  mtZOA+R8      53333.334    221 107108.667   107159.747   108361.729
222  mtZOA+F       54615.177    226 109682.354   109735.905   110963.765
223  mtZOA+F+I     54372.773    227 109199.547   109253.600   110486.628
224  mtZOA+F+G4    51821.761    227 104097.521   104151.574   105384.603
225  mtZOA+F+I+G4  51804.583    228 104065.167   104119.725   105357.918
226  mtZOA+F+R2    52279.381    228 105014.762   105069.320   106307.513
227  mtZOA+F+R3    51948.752    230 104357.503   104413.078   105661.594
228  mtZOA+F+R4    51781.185    232 104026.371   104082.974   105341.802
229  mtZOA+F+R5    51750.897    234 103969.793   104027.435   105296.564
230  mtZOA+F+R6    51710.797    236 103893.593   103952.283   105231.704
231  mtZOA+F+R7    51700.689    238 103877.377   103937.127   105226.828
232  mtZOA+F+R8    51700.475    240 103880.951   103941.771   105241.742
235  VT            52755.262    207 105924.523   105969.025   107098.205
236  VT+I          52402.379    208 105220.758   105265.714   106400.110
237  VT+G4         50896.973    208 102209.946   102254.902   103389.298
238  VT+I+G4       50848.628    209 102115.256   102160.667   103300.278
239  VT+R2         51202.150    209 102822.299   102867.711   104007.321
240  VT+R3         50910.949    211 102243.897   102290.228   103440.259
241  VT+R4         50795.489    213 102016.977   102064.237   103224.679
242  VT+R5         50755.630    215 101941.261   101989.460   103160.303
243  VT+R6         50744.106    217 101922.212   101971.361   103152.593
244  VT+R7         50738.815    219 101915.630   101965.739   103157.352
248  VT+F          52838.650    226 106129.299   106182.850   107410.711
249  VT+F+I        52489.344    227 105432.687   105486.740   106719.768
250  VT+F+G4       51028.257    227 102510.514   102564.567   103797.595
251  VT+F+I+G4     50977.982    228 102411.964   102466.522   103704.716
252  VT+F+R2       51318.639    228 103093.278   103147.836   104386.029
253  VT+F+R3       51034.910    230 102529.820   102585.395   103833.911
254  VT+F+R4       50921.409    232 102306.818   102363.422   103622.250
255  VT+F+R5       50881.727    234 102231.454   102289.096   103558.225
256  VT+F+R6       50872.168    236 102216.336   102275.027   103554.447
257  VT+F+R7       50867.735    238 102211.471   102271.221   103560.922
261  LG            52953.111    207 106320.221   106364.723   107493.903
262  LG+I          52621.740    208 105659.479   105704.435   106838.831
263  LG+G4         50714.915    208 101845.830   101890.785   103025.182
264  LG+I+G4       50673.755    209 101765.509   101810.920   102950.531
265  LG+R2         51059.708    209 102537.416   102582.827   103722.438
266  LG+R3         50767.423    211 101956.845   102003.176   103153.207
267  LG+R4         50622.739    213 101671.477   101718.737   102879.179
268  LG+R5         50582.772    215 101595.544   101643.743   102814.585
269  LG+R6         50564.639    217 101563.279   101612.428   102793.660
270  LG+R7         50562.015    219 101562.030   101612.139   102803.751
274  LG+F          53070.158    226 106592.317   106645.868   107873.728
275  LG+F+I        52745.825    227 105945.650   105999.703   107232.731
276  LG+F+G4       50917.419    227 102288.838   102342.891   103575.919
277  LG+F+I+G4     50874.193    228 102204.386   102258.944   103497.138
278  LG+F+R2       51239.179    228 102934.359   102988.917   104227.110
279  LG+F+R3       50960.587    230 102381.175   102436.750   103685.266
280  LG+F+R4       50820.688    232 102105.376   102161.979   103420.808
281  LG+F+R5       50781.985    234 102031.970   102089.611   103358.741
282  LG+F+R6       50761.656    236 101995.313   102054.003   103333.424
283  LG+F+R7       50761.431    238 101998.863   102058.613   103348.313
287  DCMut         53634.115    207 107682.229   107726.731   108855.911
288  DCMut+I       53226.275    208 106868.550   106913.505   108047.902
289  DCMut+G4      51480.008    208 103376.017   103420.973   104555.369
290  DCMut+I+G4    51421.144    209 103260.289   103305.700   104445.311
291  DCMut+R2      51891.090    209 104200.181   104245.592   105385.203
292  DCMut+R3      51511.586    211 103445.173   103491.503   104641.535
293  DCMut+R4      51383.566    213 103193.132   103240.392   104400.834
294  DCMut+R5      51326.987    215 103083.974   103132.173   104303.016
295  DCMut+R6      51305.918    217 103045.835   103094.985   104276.217
296  DCMut+R7      51305.706    219 103049.412   103099.522   104291.134
300  DCMut+F       53520.578    226 107493.155   107546.706   108774.567
301  DCMut+F+I     53147.676    227 106749.351   106803.405   108036.433
302  DCMut+F+G4    51398.158    227 103250.316   103304.369   104537.397
303  DCMut+F+I+G4  51349.326    228 103154.653   103209.211   104447.404
304  DCMut+F+R2    51794.092    228 104044.185   104098.743   105336.936
305  DCMut+F+R3    51432.553    230 103325.106   103380.681   104629.197
306  DCMut+F+R4    51308.060    232 103080.120   103136.724   104395.552
307  DCMut+F+R5    51253.231    234 102974.462   103032.104   104301.233
308  DCMut+F+R6    51236.174    236 102944.348   103003.038   104282.459
309  DCMut+F+R7    51236.136    238 102948.272   103008.022   104297.722
313  PMB           52963.461    207 106340.922   106385.425   107514.604
314  PMB+I         52646.982    208 105709.964   105754.920   106889.316
315  PMB+G4        51158.522    208 102733.044   102778.000   103912.396
316  PMB+I+G4      51108.094    209 102634.188   102679.599   103819.210
317  PMB+R2        51428.946    209 103275.891   103321.302   104460.913
318  PMB+R3        51170.287    211 102762.574   102808.904   103958.936
319  PMB+R4        51051.149    213 102528.299   102575.558   103736.001
320  PMB+R5        51013.797    215 102457.595   102505.794   103676.636
321  PMB+R6        51003.214    217 102440.428   102489.577   103670.810
322  PMB+R7        51003.184    219 102444.368   102494.477   103686.089
326  PMB+F         52913.939    226 106279.877   106333.428   107561.289
327  PMB+F+I       52586.259    227 105626.518   105680.571   106913.599
328  PMB+F+G4      51133.047    227 102720.095   102774.148   104007.176
329  PMB+F+I+G4    51081.820    228 102619.640   102674.198   103912.392
330  PMB+F+R2      51411.120    228 103278.240   103332.798   104570.992
331  PMB+F+R3      51144.682    230 102749.365   102804.940   104053.456
332  PMB+F+R4      51021.330    232 102506.659   102563.263   103822.091
333  PMB+F+R5      50985.250    234 102438.499   102496.141   103765.270
334  PMB+F+R6      50974.586    236 102421.173   102479.863   103759.284
335  PMB+F+R7      50974.564    238 102425.128   102484.878   103774.579
339  HIVb          55278.241    207 110970.482   111014.985   112144.164
340  HIVb+I        54754.509    208 109925.018   109969.973   111104.370
341  HIVb+G4       52484.195    208 105384.390   105429.346   106563.743
342  HIVb+I+G4     52414.107    209 105246.213   105291.624   106431.235
343  HIVb+R2       52969.013    209 106356.027   106401.438   107541.049
344  HIVb+R3       52525.234    211 105472.468   105518.799   106668.830
345  HIVb+R4       52363.050    213 105152.100   105199.360   106359.802
346  HIVb+R5       52308.149    215 105046.298   105094.497   106265.340
347  HIVb+R6       52291.169    217 105016.339   105065.488   106246.720
348  HIVb+R7       52290.159    219 105018.319   105068.428   106260.041
352  HIVb+F        55141.175    226 110734.349   110787.900   112015.761
353  HIVb+F+I      54605.404    227 109664.809   109718.862   110951.890
354  HIVb+F+G4     52303.424    227 105060.848   105114.901   106347.929
355  HIVb+F+I+G4   52232.345    228 104920.689   104975.247   106213.440
356  HIVb+F+R2     52787.525    228 106031.051   106085.609   107323.802
357  HIVb+F+R3     52347.131    230 105154.263   105209.838   106458.354
358  HIVb+F+R4     52188.121    232 104840.241   104896.844   106155.672
359  HIVb+F+R5     52126.511    234 104721.021   104778.663   106047.792
360  HIVb+F+R6     52113.287    236 104698.574   104757.265   106036.685
361  HIVb+F+R7     52113.050    238 104702.100   104761.850   106051.551
365  HIVw          57461.491    207 115336.982   115381.485   116510.664
366  HIVw+I        56844.263    208 114104.526   114149.482   115283.878
367  HIVw+G4       54723.644    208 109863.289   109908.244   111042.641
368  HIVw+I+G4     54646.275    209 109710.549   109755.960   110895.571
369  HIVw+R2       55234.675    209 110887.349   110932.761   112072.371
370  HIVw+R3       54760.478    211 109942.957   109989.287   111139.319
371  HIVw+R4       54595.631    213 109617.262   109664.522   110824.964
372  HIVw+R5       54541.460    215 109512.921   109561.120   110731.963
373  HIVw+R6       54519.429    217 109472.857   109522.006   110703.239
374  HIVw+R7       54519.165    219 109476.330   109526.439   110718.052
378  HIVw+F        56301.899    226 113055.798   113109.349   114337.209
379  HIVw+F+I      55655.480    227 111764.961   111819.014   113052.042
380  HIVw+F+G4     53509.507    227 107473.014   107527.068   108760.096
381  HIVw+F+I+G4   53434.647    228 107325.295   107379.853   108618.046
382  HIVw+F+R2     54021.618    228 108499.236   108553.794   109791.987
383  HIVw+F+R3     53533.254    230 107526.507   107582.083   108830.599
384  HIVw+F+R4     53372.716    232 107209.432   107266.035   108524.863
385  HIVw+F+R5     53320.172    234 107108.343   107165.985   108435.114
386  HIVw+F+R6     53296.073    236 107064.147   107122.837   108402.258
387  HIVw+F+R7     53290.901    238 107057.803   107117.553   108407.254
391  JTTDCMut      53555.438    207 107524.875   107569.378   108698.557
392  JTTDCMut+I    53126.378    208 106668.757   106713.712   107848.109
393  JTTDCMut+G4   51306.114    208 103028.227   103073.183   104207.579
394  JTTDCMut+I+G4 51252.621    209 102923.242   102968.653   104108.264
395  JTTDCMut+R2   51682.587    209 103783.174   103828.585   104968.196
396  JTTDCMut+R3   51338.485    211 103098.970   103145.300   104295.332
397  JTTDCMut+R4   51202.825    213 102831.650   102878.909   104039.352
398  JTTDCMut+R5   51153.007    215 102736.014   102784.213   103955.056
399  JTTDCMut+R6   51137.389    217 102708.778   102757.927   103939.159
400  JTTDCMut+R7   51136.794    219 102711.588   102761.697   103953.310
404  JTTDCMut+F    53595.129    226 107642.258   107695.809   108923.670
405  JTTDCMut+F+I  53172.241    227 106798.482   106852.535   108085.563
406  JTTDCMut+F+G4 51395.934    227 103245.867   103299.921   104532.949
407  JTTDCMut+F+I+G4 51341.785    228 103139.570   103194.128   104432.322
408  JTTDCMut+F+R2 51757.238    228 103970.476   104025.034   105263.228
409  JTTDCMut+F+R3 51419.627    230 103299.254   103354.829   104603.345
410  JTTDCMut+F+R4 51287.838    232 103039.677   103096.280   104355.108
411  JTTDCMut+F+R5 51239.013    234 102946.026   103003.668   104272.797
412  JTTDCMut+F+R6 51224.469    236 102920.937   102979.628   104259.048
413  JTTDCMut+F+R7 51224.142    238 102924.285   102984.035   104273.736
417  FLU           54984.815    207 110383.630   110428.133   111557.312
418  FLU+I         54529.563    208 109475.125   109520.081   110654.477
419  FLU+G4        52456.402    208 105328.805   105373.760   106508.157
420  FLU+I+G4      52390.181    209 105198.363   105243.774   106383.385
421  FLU+R2        52896.051    209 106210.103   106255.514   107395.125
422  FLU+R3        52504.812    211 105431.623   105477.954   106627.985
423  FLU+R4        52341.767    213 105109.533   105156.793   106317.235
424  FLU+R5        52288.966    215 105007.932   105056.131   106226.974
425  FLU+R6        52267.022    217 104968.044   105017.193   106198.425
426  FLU+R7        52266.288    219 104970.576   105020.685   106212.298
430  FLU+F         54563.278    226 109578.556   109632.107   110859.967
431  FLU+F+I       54102.743    227 108659.486   108713.539   109946.567
432  FLU+F+G4      51985.151    227 104424.302   104478.356   105711.384
433  FLU+F+I+G4    51919.062    228 104294.124   104348.682   105586.875
434  FLU+F+R2      52428.767    228 105313.535   105368.093   106606.286
435  FLU+F+R3      52033.624    230 104527.248   104582.824   105831.339
436  FLU+F+R4      51870.309    232 104204.619   104261.222   105520.050
437  FLU+F+R5      51814.691    234 104097.382   104155.023   105424.153
438  FLU+F+R6      51798.299    236 104068.598   104127.288   105406.709
439  FLU+F+R7      51797.350    238 104070.699   104130.449   105420.150
443  Blosum62      52817.414    207 106048.828   106093.330   107222.510
444  Blosum62+I    52511.263    208 105438.526   105483.481   106617.878
445  Blosum62+G4   51061.370    208 102538.741   102583.696   103718.093
446  Blosum62+I+G4 51014.500    209 102447.001   102492.412   103632.023
447  Blosum62+R2   51321.611    209 103061.223   103106.634   104246.245
448  Blosum62+R3   51071.349    211 102564.698   102611.029   103761.060
449  Blosum62+R4   50953.571    213 102333.143   102380.402   103540.844
450  Blosum62+R5   50914.324    215 102258.649   102306.848   103477.690
451  Blosum62+R6   50906.097    217 102246.194   102295.343   103476.576
452  Blosum62+R7   50902.127    219 102242.253   102292.362   103483.975
456  Blosum62+F    52804.773    226 106061.547   106115.098   107342.958
457  Blosum62+F+I  52489.347    227 105432.695   105486.748   106719.776
458  Blosum62+F+G4 51079.436    227 102612.873   102666.926   103899.954
459  Blosum62+F+I+G4 51031.594    228 102519.187   102573.745   103811.939
460  Blosum62+F+R2 51348.324    228 103152.648   103207.206   104445.399
461  Blosum62+F+R3 51084.956    230 102629.913   102685.488   103934.004
462  Blosum62+F+R4 50965.732    232 102395.465   102452.068   103710.896
463  Blosum62+F+R5 50928.538    234 102325.077   102382.718   103651.848
464  Blosum62+F+R6 50921.620    236 102315.240   102373.931   103653.351
469  mtMet         57746.333    207 115906.667   115951.169   117080.349
470  mtMet+I       57499.440    208 115414.881   115459.836   116594.233
471  mtMet+G4      54397.025    208 109210.051   109255.006   110389.403
472  mtMet+I+G4    54383.066    209 109184.132   109229.543   110369.154
473  mtMet+R2      54846.203    209 110110.406   110155.818   111295.428
474  mtMet+R3      54492.865    211 109407.731   109454.061   110604.093
475  mtMet+R4      54313.099    213 109052.198   109099.458   110259.900
476  mtMet+R5      54268.068    215 108966.136   109014.335   110185.178
477  mtMet+R6      54254.485    217 108942.970   108992.119   110173.352
478  mtMet+R7      54238.585    219 108915.170   108965.279   110156.892
479  mtMet+R8      54236.033    221 108914.066   108965.145   110167.127
482  mtMet+F       54732.623    226 109917.247   109970.798   111198.658
483  mtMet+F+I     54439.264    227 109332.528   109386.581   110619.609
484  mtMet+F+G4    52032.285    227 104518.569   104572.622   105805.651
485  mtMet+F+I+G4  52003.345    228 104462.690   104517.248   105755.442
486  mtMet+F+R2    52487.476    228 105430.953   105485.511   106723.704
487  mtMet+F+R3    52117.665    230 104695.329   104750.904   105999.420
488  mtMet+F+R4    51980.192    232 104424.384   104480.988   105739.816
489  mtMet+F+R5    51913.576    234 104295.152   104352.794   105621.923
490  mtMet+F+R6    51907.520    236 104287.041   104345.731   105625.152
495  mtVer         58602.193    207 117618.386   117662.889   118792.068
496  mtVer+I       58316.278    208 117048.555   117093.511   118227.907
497  mtVer+G4      54714.411    208 109844.822   109889.777   111024.174
498  mtVer+I+G4    54695.138    209 109808.277   109853.688   110993.299
499  mtVer+R2      55212.383    209 110842.766   110888.177   112027.788
500  mtVer+R3      54832.375    211 110086.751   110133.081   111283.113
501  mtVer+R4      54627.578    213 109681.155   109728.415   110888.857
502  mtVer+R5      54579.542    215 109589.084   109637.284   110808.126
503  mtVer+R6      54565.556    217 109565.112   109614.261   110795.494
504  mtVer+R7      54539.385    219 109516.770   109566.879   110758.492
505  mtVer+R8      54535.924    221 109513.848   109564.928   110766.910
508  mtVer+F       55742.312    226 111936.624   111990.175   113218.036
509  mtVer+F+I     55402.965    227 111259.931   111313.984   112547.012
510  mtVer+F+G4    52708.188    227 105870.377   105924.430   107157.458
511  mtVer+F+I+G4  52679.045    228 105814.091   105868.649   107106.842
512  mtVer+F+R2    53238.940    228 106933.881   106988.439   108226.632
513  mtVer+F+R3    52793.598    230 106047.196   106102.771   107351.287
514  mtVer+F+R4    52650.833    232 105765.667   105822.270   107081.098
515  mtVer+F+R5    52587.680    234 105643.359   105701.001   106970.130
516  mtVer+F+R6    52576.742    236 105625.483   105684.174   106963.594
517  mtVer+F+R7    52563.507    238 105603.013   105662.763   106952.464
518  mtVer+F+R8    52561.104    240 105602.208   105663.028   106962.999
521  mtInv         57752.652    207 115919.303   115963.806   117092.986
522  mtInv+I       57499.703    208 115415.406   115460.361   116594.758
523  mtInv+G4      54730.340    208 109876.679   109921.635   111056.031
524  mtInv+I+G4    54716.650    209 109851.300   109896.711   111036.322
525  mtInv+R2      55112.451    209 110642.902   110688.313   111827.924
526  mtInv+R3      54809.449    211 110040.897   110087.228   111237.259
527  mtInv+R4      54653.297    213 109732.594   109779.854   110940.296
528  mtInv+R5      54609.899    215 109649.797   109697.997   110868.839
529  mtInv+R6      54598.715    217 109631.430   109680.579   110861.812
530  mtInv+R7      54591.406    219 109620.813   109670.922   110862.534
534  mtInv+F       54146.072    226 108744.143   108797.694   110025.555
535  mtInv+F+I     53848.211    227 108150.421   108204.474   109437.503
536  mtInv+F+G4    51708.233    227 103870.466   103924.519   105157.547
537  mtInv+F+I+G4  51671.756    228 103799.512   103854.070   105092.263
538  mtInv+F+R2    52144.718    228 104745.437   104799.995   106038.188
539  mtInv+F+R3    51787.685    230 104035.369   104090.945   105339.461
540  mtInv+F+R4    51647.173    232 103758.346   103814.950   105073.778
541  mtInv+F+R5    51595.299    234 103658.598   103716.239   104985.369
542  mtInv+F+R6    51590.186    236 103652.371   103711.062   104990.482
Akaike Information Criterion:           LG+R7
Corrected Akaike Information Criterion: LG+R7
Bayesian Information Criterion:         LG+R6
Best-fit model: LG+R6 chosen according to BIC

All model information printed to MSTRG.15534.1.p1.pep.faa.blastp_ALL.outfmt6.parsed.filtered.faa.mafft.aln.model.gz
CPU time for ModelFinder: 13572.557 seconds (3h:46m:12s)
Wall-clock time for ModelFinder: 6910.906 seconds (1h:55m:10s)
Generating 2000 samples for ultrafast bootstrap (seed: 567229)...

NOTE: 157 MB RAM (0 GB) is required!
Measuring multi-threading efficiency up to 2 CPU cores
3 trees examined
Threads: 1 / Time: 2.083 sec / Speedup: 1.000 / Efficiency: 100% / LogL: -60967
Threads: 2 / Time: 1.049 sec / Speedup: 1.986 / Efficiency: 99% / LogL: -60967
BEST NUMBER OF THREADS: 2

Estimate model parameters (epsilon = 0.100)
1. Initial log-likelihood: -50641.454
2. Current log-likelihood: -50605.299
3. Current log-likelihood: -50600.314
4. Current log-likelihood: -50598.783
5. Current log-likelihood: -50597.641
6. Current log-likelihood: -50596.505
7. Current log-likelihood: -50595.103
8. Current log-likelihood: -50593.329
9. Current log-likelihood: -50591.667
10. Current log-likelihood: -50590.538
11. Current log-likelihood: -50589.842
12. Current log-likelihood: -50589.028
13. Current log-likelihood: -50588.569
14. Current log-likelihood: -50588.181
15. Current log-likelihood: -50587.972
16. Current log-likelihood: -50587.617
17. Current log-likelihood: -50587.505
18. Current log-likelihood: -50587.197
Optimal log-likelihood: -50587.103
Site proportion and rates:  (0.071,0.069) (0.114,0.240) (0.135,0.476) (0.193,0.765) (0.222,1.119) (0.266,1.912)
Parameters optimization took 18 rounds (75.895 sec)
Computing ML distances based on estimated model parameters... 6.085 sec
Computing BIONJ tree...
0.007 seconds
Log-likelihood of BIONJ tree: -50573.760
--------------------------------------------------------------------
|             INITIALIZING CANDIDATE TREE SET                      |
--------------------------------------------------------------------
Generating 98 parsimony trees... 8.455 second
Computing log-likelihood of 98 initial trees ... 59.340 seconds
Current best score: -50515.101

Do NNI search on 20 best initial trees
Estimate model parameters (epsilon = 0.100)
BETTER TREE FOUND at iteration 1: -50331.926
Estimate model parameters (epsilon = 0.100)
BETTER TREE FOUND at iteration 8: -50325.561
Iteration 10 / LogL: -50359.437 / Time: 0h:6m:12s
Iteration 20 / LogL: -50363.409 / Time: 0h:7m:51s
Finish initializing candidate tree set (20)
Current best tree score: -50325.561 / CPU time: 385.977
Number of iterations: 20
--------------------------------------------------------------------
|               OPTIMIZING CANDIDATE TREE SET                      |
--------------------------------------------------------------------
Estimate model parameters (epsilon = 0.100)
BETTER TREE FOUND at iteration 21: -50315.068
Estimate model parameters (epsilon = 0.100)
BETTER TREE FOUND at iteration 25: -50294.723
Estimate model parameters (epsilon = 0.100)
BETTER TREE FOUND at iteration 27: -50285.903
Estimate model parameters (epsilon = 0.100)
BETTER TREE FOUND at iteration 28: -50280.285
Iteration 30 / LogL: -50283.862 / Time: 0h:12m:17s (0h:41m:31s left)
Iteration 40 / LogL: -50306.254 / Time: 0h:13m:34s (0h:30m:37s left)
Estimate model parameters (epsilon = 0.100)
BETTER TREE FOUND at iteration 41: -50278.185
Iteration 50 / LogL: -50286.735 / Time: 0h:14m:59s (0h:27m:51s left)
Log-likelihood cutoff on original alignment: -50405.707
Estimate model parameters (epsilon = 0.100)
BETTER TREE FOUND at iteration 51: -50274.933
Estimate model parameters (epsilon = 0.100)
BETTER TREE FOUND at iteration 58: -50274.767
Estimate model parameters (epsilon = 0.100)
BETTER TREE FOUND at iteration 59: -50272.526
Iteration 60 / LogL: -50289.717 / Time: 0h:16m:32s (0h:27m:45s left)
Iteration 70 / LogL: -50287.565 / Time: 0h:17m:48s (0h:22m:58s left)
Iteration 80 / LogL: -50278.415 / Time: 0h:19m:11s (0h:19m:11s left)
Estimate model parameters (epsilon = 0.100)
BETTER TREE FOUND at iteration 84: -50271.878
Estimate model parameters (epsilon = 0.100)
BETTER TREE FOUND at iteration 87: -50269.436
Iteration 90 / LogL: -50295.805 / Time: 0h:20m:38s (0h:22m:29s left)
Estimate model parameters (epsilon = 0.100)
UPDATE BEST LOG-LIKELIHOOD: -50269.284
Iteration 100 / LogL: -50272.690 / Time: 0h:21m:58s (0h:19m:18s left)
Log-likelihood cutoff on original alignment: -50405.707
NOTE: Bootstrap correlation coefficient of split occurrence frequencies: 0.968
NOTE: UFBoot does not converge, continue at least 100 more iterations
Iteration 110 / LogL: -50276.078 / Time: 0h:23m:16s (0h:19m:13s left)
Iteration 120 / LogL: -50270.447 / Time: 0h:24m:25s (0h:16m:24s left)
Iteration 130 / LogL: -50276.267 / Time: 0h:25m:39s (0h:13m:55s left)
Iteration 140 / LogL: -50270.754 / Time: 0h:26m:53s (0h:11m:36s left)
Estimate model parameters (epsilon = 0.100)
BETTER TREE FOUND at iteration 148: -50268.596
Iteration 150 / LogL: -50269.563 / Time: 0h:28m:9s (0h:18m:31s left)
Log-likelihood cutoff on original alignment: -50405.707
Iteration 160 / LogL: -50269.288 / Time: 0h:29m:22s (0h:16m:15s left)
Iteration 170 / LogL: -50285.501 / Time: 0h:30m:50s (0h:14m:14s left)
Iteration 180 / LogL: -50269.402 / Time: 0h:32m:9s (0h:12m:13s left)
Estimate model parameters (epsilon = 0.100)
BETTER TREE FOUND at iteration 187: -50267.804
Iteration 190 / LogL: -50270.928 / Time: 0h:33m:26s (0h:17m:9s left)
Iteration 200 / LogL: -50270.720 / Time: 0h:34m:43s (0h:15m:10s left)
Log-likelihood cutoff on original alignment: -50405.707
NOTE: Bootstrap correlation coefficient of split occurrence frequencies: 0.991
Iteration 210 / LogL: -50271.011 / Time: 0h:35m:58s (0h:15m:29s left)
Iteration 220 / LogL: -50272.431 / Time: 0h:37m:12s (0h:13m:35s left)
Iteration 230 / LogL: -50275.095 / Time: 0h:38m:25s (0h:11m:44s left)
Iteration 240 / LogL: -50277.059 / Time: 0h:39m:36s (0h:9m:56s left)
Estimate model parameters (epsilon = 0.100)
UPDATE BEST LOG-LIKELIHOOD: -50267.704
Iteration 250 / LogL: -50270.811 / Time: 0h:40m:52s (0h:8m:12s left)
Log-likelihood cutoff on original alignment: -50405.707
Iteration 260 / LogL: -50276.571 / Time: 0h:42m:0s (0h:6m:29s left)
Iteration 270 / LogL: -50269.612 / Time: 0h:43m:15s (0h:4m:49s left)
Iteration 280 / LogL: -50268.934 / Time: 0h:44m:28s (0h:3m:11s left)
TREE SEARCH COMPLETED AFTER 288 ITERATIONS / Time: 0h:45m:25s

--------------------------------------------------------------------
|                    FINALIZING TREE SEARCH                        |
--------------------------------------------------------------------
Performs final model parameters optimization
Estimate model parameters (epsilon = 0.010)
1. Initial log-likelihood: -50267.704
2. Current log-likelihood: -50267.650
3. Current log-likelihood: -50267.586
4. Current log-likelihood: -50267.523
5. Current log-likelihood: -50267.463
6. Current log-likelihood: -50267.404
7. Current log-likelihood: -50267.345
8. Current log-likelihood: -50267.290
9. Current log-likelihood: -50267.236
10. Current log-likelihood: -50267.182
11. Current log-likelihood: -50267.126
12. Current log-likelihood: -50267.074
13. Current log-likelihood: -50267.023
14. Current log-likelihood: -50266.972
15. Current log-likelihood: -50266.923
16. Current log-likelihood: -50266.874
17. Current log-likelihood: -50266.827
18. Current log-likelihood: -50266.780
19. Current log-likelihood: -50266.734
20. Current log-likelihood: -50266.689
21. Current log-likelihood: -50266.644
22. Current log-likelihood: -50266.600
23. Current log-likelihood: -50266.552
24. Current log-likelihood: -50266.507
25. Current log-likelihood: -50266.464
26. Current log-likelihood: -50266.425
27. Current log-likelihood: -50266.386
28. Current log-likelihood: -50266.343
29. Current log-likelihood: -50266.301
30. Current log-likelihood: -50266.259
31. Current log-likelihood: -50266.220
32. Current log-likelihood: -50266.184
33. Current log-likelihood: -50266.149
34. Current log-likelihood: -50266.129
35. Current log-likelihood: -50266.102
36. Current log-likelihood: -50266.088
Optimal log-likelihood: -50266.074
Site proportion and rates:  (0.038,0.026) (0.058,0.134) (0.142,0.315) (0.208,0.635) (0.297,1.054) (0.258,1.947)
Parameters optimization took 36 rounds (134.062 sec)
BEST SCORE FOUND : -50266.074
Creating bootstrap support values...
Split supports printed to NEXUS file MSTRG.15534.1.p1.pep.faa.blastp_ALL.outfmt6.parsed.filtered.faa.mafft.aln.splits.nex
Total tree length: 82.829

Total number of iterations: 288
CPU time used for tree search: 5210.311 sec (1h:26m:50s)
Wall-clock time used for tree search: 2640.357 sec (0h:44m:0s)
Total CPU time used: 5641.441 sec (1h:34m:1s)
Total wall-clock time used: 2860.213 sec (0h:47m:40s)

Computing bootstrap consensus tree...
Reading input file MSTRG.15534.1.p1.pep.faa.blastp_ALL.outfmt6.parsed.filtered.faa.mafft.aln.splits.nex...
105 taxa and 975 splits.
Consensus tree written to MSTRG.15534.1.p1.pep.faa.blastp_ALL.outfmt6.parsed.filtered.faa.mafft.aln.contree
Reading input trees file MSTRG.15534.1.p1.pep.faa.blastp_ALL.outfmt6.parsed.filtered.faa.mafft.aln.contree
Log-likelihood of consensus tree: -50267.827

Analysis results written to: 
  IQ-TREE report:                MSTRG.15534.1.p1.pep.faa.blastp_ALL.outfmt6.parsed.filtered.faa.mafft.aln.iqtree
  Maximum-likelihood tree:       MSTRG.15534.1.p1.pep.faa.blastp_ALL.outfmt6.parsed.filtered.faa.mafft.aln.treefile
  Likelihood distances:          MSTRG.15534.1.p1.pep.faa.blastp_ALL.outfmt6.parsed.filtered.faa.mafft.aln.mldist

Ultrafast bootstrap approximation results written to:
  Split support values:          MSTRG.15534.1.p1.pep.faa.blastp_ALL.outfmt6.parsed.filtered.faa.mafft.aln.splits.nex
  Consensus tree:                MSTRG.15534.1.p1.pep.faa.blastp_ALL.outfmt6.parsed.filtered.faa.mafft.aln.contree
  Screen log file:               MSTRG.15534.1.p1.pep.faa.blastp_ALL.outfmt6.parsed.filtered.faa.mafft.aln.log

Date and Time: Mon May 24 21:30:54 2021
