IQ-TREE multicore version 1.6.12 for Linux 64-bit built Aug 15 2019
Developed by Bui Quang Minh, Nguyen Lam Tung, Olga Chernomor,
Heiko Schmidt, Dominik Schrempf, Michael Woodhams.

Host:    coral (AVX512, FMA3, 376 GB RAM)
Command: /home/timothy/programs/iqtree-1.6.12-Linux/bin/iqtree -s MSTRG.26161.6.p1.pep.faa.blastp_ALL.outfmt6.parsed.filtered.faa.mafft.aln -nt AUTO -ntmax 2 -m MFP -bb 2000 -quiet
Seed:    177932 (Using SPRNG - Scalable Parallel Random Number Generator)
Time:    Tue May 25 01:24:05 2021
Kernel:  AVX+FMA - auto-detect threads (96 CPU cores detected)

Reading alignment file MSTRG.26161.6.p1.pep.faa.blastp_ALL.outfmt6.parsed.filtered.faa.mafft.aln ... Fasta format detected
Alignment most likely contains protein sequences
Alignment has 57 sequences with 2627 columns, 1376 distinct patterns
580 parsimony-informative, 613 singleton sites, 1434 constant sites
                                                                                                                                   Gap/Ambiguity  Composition  p-value
   1  Bacteria-Acidobacteria-Acidobacteriia-NA-NA-Acidobacteriia_bacterium_SbA2_WP_105313914.1                                            87.02%    failed      0.05%
   2  Bacteria-Actinobacteria-Actinobacteria-Micrococcales-Dermabacteraceae-Brachybacterium_sp._VM2412_WP_096801998.1                     84.58%    failed      0.00%
   3  Bacteria-Actinobacteria-Actinobacteria-Pseudonocardiales-Pseudonocardiaceae-Actinokineospora_enzanensis_WP_018680336.1              87.32%    failed      0.00%
   4  Bacteria-Bacteroidetes-Bacteroidia-Bacteroidales-Bacteroidaceae-Bacteroides_xylanolyticus_WP_104438824.1                            87.44%    passed     10.49%
   5  Bacteria-Chloroflexi-Anaerolineae-Anaerolineales-Anaerolineaceae-Anaerolinea_thermophila_WP_013558987.1                             86.60%    failed      0.29%
   6  Bacteria-Chloroflexi-Anaerolineae-Anaerolineales-Anaerolineaceae-Longilinea_arvoryzae_WP_075073199.1                                86.60%    failed      1.10%
   7  Bacteria-Chloroflexi-Ardenticatenia-Ardenticatenales-Ardenticatenaceae-Ardenticatena_maritima_WP_082373901.1                        85.65%    failed      2.03%
   8  Bacteria-Firmicutes-Bacilli-Bacillales-Paenibacillaceae-Paenibacillus_sinopodophylli_WP_138751446.1                                 86.56%    failed      0.70%
   9  Bacteria-Firmicutes-Clostridia-Clostridiales-Clostridiaceae-Clostridium_sp._ASBs410_WP_025229844.1                                  87.44%    failed      0.48%
  10  Bacteria-Firmicutes-Clostridia-Clostridiales-Lachnospiraceae-Coprococcus_sp._HPP0048_WP_016441637.1                                 88.24%    passed     34.71%
  11  Bacteria-Firmicutes-Clostridia-Clostridiales-Lachnospiraceae-Faecalimonas_umbilicata_WP_009263073.1                                 88.24%    passed     39.85%
  12  Bacteria-Firmicutes-Clostridia-Clostridiales-Lachnospiraceae-Lachnoanaerobaculum_sp._MSX33_WP_034211982.1                           87.70%    failed      0.00%
  13  Bacteria-Firmicutes-Clostridia-Clostridiales-Lachnospiraceae-Lachnospiraceae_bacterium_oral_taxon_500_WP_009218962.1                87.74%    failed      0.00%
  14  Bacteria-Firmicutes-Clostridia-Clostridiales-Lachnospiraceae-NA_WP_024293588.1                                                      87.44%    failed      0.20%
  15  Bacteria-Firmicutes-Erysipelotrichia-Erysipelotrichales-Erysipelotrichaceae-Galactobacillus_timonensis_WP_102341354.1               86.98%    passed     55.12%
  16  Bacteria-Firmicutes-Erysipelotrichia-Erysipelotrichales-Erysipelotrichaceae-Solobacterium_moorei_WP_006525500.1                     86.94%    failed      1.27%
  17  Bacteria-Proteobacteria-Gammaproteobacteria-Pasteurellales-Pasteurellaceae-Haemophilus_paracuniculus_WP_078237547.1                 87.02%    failed      0.02%
  18  Eukaryota-Alveolata-Dinophyceae-NA-Unranked-Alexandrium_tamarense_MMETSP0382_c47495_g1_i1.p1                                        84.47%    passed     57.03%
  19  Eukaryota-Alveolata-Dinophyceae-NA-Unranked-Glenodinium_foliaceum_MMETSP0118_c19642_g1_i1.p1                                        93.34%    failed      0.15%
  20  Eukaryota-Alveolata-Dinophyceae-NA-Unranked-Gymnodinium_catenatum_MMETSP0784_c50057_g1_i1.p1                                        86.03%    failed      0.03%
  21  Eukaryota-Alveolata-Dinophyceae-NA-Unranked-Heterocapsa_rotundata_MMETSP0503_c8720_g1_i1.p2                                         84.62%    failed      1.17%
  22  Eukaryota-Alveolata-Dinophyceae-NA-Unranked-Karlodinium_micrum_MMETSP1016_c58109_g1_i1.p1                                           94.75%    passed     42.54%
  23  Eukaryota-Alveolata-Dinophyceae-NA-Unranked-Lingulodinium_polyedra_MMETSP1032_c81619_g1_i1.p2                                       85.34%    passed     12.87%
  24  Eukaryota-Alveolata-Dinophyceae-NA-Unranked-Peridinium_aciculiferum_MMETSP0370_c25732_g1_i1.p1                                      93.80%    passed     76.25%
  25  Eukaryota-Alveolata-Dinophyceae-NA-Unranked-Protoceratium_reticulatum_MMETSP0228_c45652_g1_i1.p1                                    85.23%    passed     24.53%
  26  Eukaryota-Alveolata-Dinophyceae-NA-Unranked-Scrippsiella_hangoei_MMETSP0360_c61510_g1_i1.p1                                         92.65%    passed     53.56%
  27  Eukaryota-Alveolata-Dinophyceae-NA-Unranked-Symbiodinium_sp_MMETSP1124_c36868_g1_i1.p1                                              85.65%    passed      8.01%
  28  Eukaryota-Amoebozoa-NA-NA-Paramoebidae-Mayorella_sp_MMETSP0417_c13144_g2_i1.p1                                                      72.06%    failed      0.20%
  29  Eukaryota-Amoebozoa-NA-NA-Paramoebidae-Sexangularia_sp_MMETSP0437_c10216_g1_i1.p1                                                   83.52%    failed      0.00%
  30  Eukaryota-Amoebozoa-NA-NA-Paramoebidae-Stygamoeba_regulata_MMETSP0447_c36245_g1_i1.p1                                               73.58%    failed      1.04%
  31  Eukaryota-Amoebozoa-NA-NA-Paramoebidae-Vexillifera_sp_MMETSP0173_c4821_g1_i1.p1                                                     69.20%    failed      0.00%
  32  Eukaryota-Arthropoda-Hexanauplia-Calanoida-Temoridae-Eurytemora_affinis_XP_023334384.1                                              83.94%    failed      0.79%
  33  Eukaryota-Cercozoa-Chlorarachniophyceae-NA-NA-Lotharella_globosa_MMETSP0112_c6231_g1_i1.p1                                          90.10%    failed      4.76%
  34  Eukaryota-Cercozoa-NA-Euglyphida-Paulinellidae-Paulinella_chromatophora_scaffold4439-size1970_m.41872                               79.25%    failed      0.00%
  35  Eukaryota-Chlorophyta-NA-NA-NA-Dolichomastix_tenuilepis_MMETSP0033_c2626_g1_i1.p1                                                   77.05%    failed      0.00%
  36  Eukaryota-Chlorophyta-NA-NA-NA-Tetraselmis_striata_MMETSP0817_c15590_g1_i1.p1                                                       91.51%    passed     11.01%
  37  Eukaryota-Ciliophora-NA-Unranked-NA-Favella_ehrenbergii_MMETSP0123_c15337_g1_i1.p2                                                  95.32%    passed     57.86%
  38  Eukaryota-Ciliophora-NA-Unranked-NA-Strombidium_rassoulzadegani_MMETSP0449_c4620_g1_i1.p1                                           81.35%    failed      0.00%
  39  Eukaryota-Cryptophyta-NA-Goniomondales-NA-Goniomonas_pacifica_MMETSP0107_c46873_g1_i1.p1                                            86.79%    failed      1.03%
  40  Eukaryota-Haptophyta-NA-Prymnesiales-NA-Chrysochromulina_rotalis_MMETSP0287_c36997_g1_i1.p1                                         80.62%    failed      0.17%
  41  Eukaryota-Haptophyta-NA-Prymnesiales-NA-Prymnesium_parvum_MMETSP0006_c7259_g2_i1.p1                                                 81.27%    failed      0.05%
  42  Eukaryota-Haptophyta-NA-Unranked-NA-Scyphosphaera_apsteinii_MMETSP1333_c6849_g1_i1.p1                                               90.26%    failed      2.25%
  43  Eukaryota-Mesomycetozoea-Ichthyosporea-NA-NA-Capsaspora_owczarzaki_XP_004346776.2                                                   86.60%    passed     19.23%
  44  Eukaryota-Placozoa-NA-NA-Trichoplacidae-Trichoplax_adhaerens_XP_002117047.1                                                         83.97%    passed      8.78%
  45  Eukaryota-Rhodophyta-Compsopogonophyceae-NA-NA-Madagascaria_erythrocladiodes_MMETSP1450_c11026_g1_i1.p2                             82.30%    failed      0.74%
  46  Eukaryota-Rhodophyta-Florideophyceae-Gracilariales-Gracilariaceae-Gracilariopsis_chorda_PXF42044.1                                  85.65%    failed      0.75%
  47  Eukaryota-Stramenopiles-Bacillariophyceae-Bacillariales-Bacillariaceae-Nitzschia_sp_MMETSP0014_c10649_g1_i1.p1                      82.34%    passed     57.92%
  48  Eukaryota-Stramenopiles-Coscinodiscophyceae-Thalassiosirales-Thalassiosiraceae-Thalassiosira_miniscula_MMETSP0740_c16510_g1_i1.p1   88.69%    failed      0.50%
  49  Eukaryota-Stramenopiles-Labyrinthista-NA-NA-Aplanochytrium_stocchinoi_MMETSP1349_c2406_g1_i1.p1                                     85.31%    passed     21.83%
  50  Eukaryota-Stramenopiles-Labyrinthulomycetes-Unranked-Unranked-Aplanochytrium_kerguelense_jgi33276                                   85.12%    passed     15.21%
  51  Eukaryota-Stramenopiles-NA-Bicosoecida-Cafeteriaceae-Cafeteria_roenbergensis_MMETSP0942_c2321_g1_i1.p1                              84.74%    failed      0.00%
  52  Eukaryota-Stramenopiles-NA-NA-NA-Amphiprora_sp_MMETSP0725_c3189_g1_i1.p1                                                            13.93%    failed      0.00%
  53  Eukaryota-Stramenopiles-NA-NA-NA-Bolidomonas_pacifica_MMETSP1319_c14110_g1_i1.p1                                                    79.60%    failed      0.00%
  54  Eukaryota-Stramenopiles-NA-NA-NA-Fragilariopsis_kerguelensis_MMETSP0735_c604_g1_i1.p1                                               83.17%    failed      4.47%
  55  Eukaryota-Stramenopiles-NA-NA-NA-Paraphysomonas_imperforata_MMETSP0104_c479_g1_i1.p1                                                89.23%    passed     11.69%
  56  Eukaryota-Stramenopiles-Raphidophyceae-Chattonellales-Chattonellaceae-Chattonella_subsalsa_MMETSP0948_c19108_g1_i1.p1               83.82%    failed      0.27%
  57  MSTRG.26161.6.p1                                                                                                                    82.41%    failed      0.00%
WARNING: 56 sequences contain more than 50% gaps/ambiguity
****  TOTAL                                                                                                                               84.18%  38 sequences failed composition chi2 test (p-value<5%; df=19)


Create initial parsimony tree by phylogenetic likelihood library (PLL)... 0.027 seconds
NOTE: ModelFinder requires 133 MB RAM!
ModelFinder will test 546 protein models (sample size: 2627) ...
 No. Model         -LnL         df  AIC          AICc         BIC
Measuring multi-threading efficiency up to 2 CPU cores
Increase to 10 rounds for branch lengths
5 trees examined
Threads: 1 / Time: 2.188 sec / Speedup: 1.000 / Efficiency: 100% / LogL: -56377
Threads: 2 / Time: 1.456 sec / Speedup: 1.502 / Efficiency: 75% / LogL: -56377
BEST NUMBER OF THREADS: 2

  1  Dayhoff       47520.116    111 95262.231    95272.117    95914.200
  2  Dayhoff+I     47209.160    112 94642.321    94652.389    95300.164
  3  Dayhoff+G4    46316.112    112 92856.223    92866.291    93514.066
  4  Dayhoff+I+G4  46262.505    113 92751.010    92761.262    93414.726
  5  Dayhoff+R2    46528.595    113 93283.191    93293.443    93946.907
  6  Dayhoff+R3    46252.413    115 92734.825    92745.451    93410.289
  7  Dayhoff+R4    46214.559    117 92663.119    92674.124    93350.330
  8  Dayhoff+R5    46193.881    119 92625.762    92637.154    93324.720
  9  Dayhoff+R6    46187.842    121 92617.684    92629.470    93328.389
 14  Dayhoff+F     47289.882    130 94839.763    94853.409    95603.331
 15  Dayhoff+F+I   46978.148    131 94218.296    94232.158    94987.738
 16  Dayhoff+F+G4  46067.622    131 92397.245    92411.106    93166.686
 17  Dayhoff+F+I+G4 46012.977    132 92289.953    92304.032    93065.268
 18  Dayhoff+F+R2  46287.772    132 92839.544    92853.623    93614.859
 19  Dayhoff+F+R3  45990.369    134 92248.738    92263.256    93035.800
 20  Dayhoff+F+R4  45954.662    136 92181.325    92196.290    92980.134
 21  Dayhoff+F+R5  45938.322    138 92152.645    92168.065    92963.201
 22  Dayhoff+F+R6  45932.654    140 92145.307    92161.188    92967.611
 27  mtMAM         52398.801    111 105019.603   105029.489   105671.572
 28  mtMAM+I       52115.718    112 104455.436   104465.504   105113.279
 29  mtMAM+G4      49420.024    112 99064.049    99074.117    99721.892
 30  mtMAM+I+G4    49396.003    113 99018.007    99028.259    99681.724
 31  mtMAM+R2      49865.481    113 99956.962    99967.215    100620.679
 32  mtMAM+R3      49466.489    115 99162.978    99173.604    99838.442
 33  mtMAM+R4      49348.812    117 98931.624    98942.630    99618.835
 34  mtMAM+R5      49278.503    119 98795.006    98806.399    99493.965
 35  mtMAM+R6      49272.297    121 98786.594    98798.380    99497.300
 40  mtMAM+F       49428.436    130 99116.873    99130.519    99880.441
 41  mtMAM+F+I     49091.126    131 98444.251    98458.113    99213.693
 42  mtMAM+F+G4    47147.954    131 94557.907    94571.769    95327.349
 43  mtMAM+F+I+G4  47110.113    132 94484.225    94498.304    95259.540
 44  mtMAM+F+R2    47492.560    132 95249.121    95263.200    96024.436
 45  mtMAM+F+R3    47171.630    134 94611.260    94625.778    95398.322
 46  mtMAM+F+R4    47081.105    136 94434.211    94449.176    95233.020
 47  mtMAM+F+R5    47027.655    138 94331.310    94346.729    95141.866
 48  mtMAM+F+R6    47017.551    140 94315.101    94330.982    95137.405
 49  mtMAM+F+R7    47017.361    142 94318.722    94335.071    95152.773
 53  JTT           47228.569    111 94679.138    94689.024    95331.107
 54  JTT+I         46926.028    112 94076.056    94086.124    94733.899
 55  JTT+G4        46051.641    112 92327.283    92337.351    92985.126
 56  JTT+I+G4      45995.601    113 92217.203    92227.455    92880.919
 57  JTT+R2        46236.956    113 92699.913    92710.165    93363.629
 58  JTT+R3        45968.371    115 92166.743    92177.368    92842.207
 59  JTT+R4        45943.545    117 92121.091    92132.096    92808.302
 60  JTT+R5        45925.172    119 92088.343    92099.735    92787.301
 61  JTT+R6        45921.708    121 92085.417    92097.203    92796.122
 66  JTT+F         47124.246    130 94508.493    94522.139    95272.061
 67  JTT+F+I       46826.250    131 93914.500    93928.361    94683.941
 68  JTT+F+G4      45960.878    131 92183.756    92197.617    92953.197
 69  JTT+F+I+G4    45903.739    132 92071.479    92085.557    92846.794
 70  JTT+F+R2      46142.881    132 92549.762    92563.841    93325.077
 71  JTT+F+R3      45875.094    134 92018.187    92032.706    92805.249
 72  JTT+F+R4      45852.205    136 91976.411    91991.376    92775.220
 73  JTT+F+R5      45833.280    138 91942.560    91957.980    92753.117
 74  JTT+F+R6      45830.040    140 91940.080    91955.961    92762.384
 79  WAG           46618.613    111 93459.226    93469.113    94111.196
 80  WAG+I         46339.167    112 92902.333    92912.402    93560.176
 81  WAG+G4        45721.875    112 91667.749    91677.818    92325.592
 82  WAG+I+G4      45659.527    113 91545.055    91555.307    92208.771
 83  WAG+R2        45837.030    113 91900.060    91910.313    92563.777
 84  WAG+R3        45619.143    115 91468.286    91478.911    92143.749
 85  WAG+R4        45600.182    117 91434.365    91445.370    92121.576
 86  WAG+R5        45581.095    119 91400.189    91411.581    92099.147
 87  WAG+R6        45579.919    121 91401.838    91413.624    92112.543
 92  WAG+F         46494.570    130 93249.139    93262.785    94012.707
 93  WAG+F+I       46222.489    131 92706.979    92720.840    93476.420
 94  WAG+F+G4      45609.932    131 91481.865    91495.726    92251.306
 95  WAG+F+I+G4    45547.581    132 91359.162    91373.241    92134.477
 96  WAG+F+R2      45722.555    132 91709.109    91723.188    92484.424
 97  WAG+F+R3      45506.498    134 91280.995    91295.514    92068.057
 98  WAG+F+R4      45488.635    136 91249.271    91264.236    92048.080
 99  WAG+F+R5      45470.854    138 91217.707    91233.127    92028.264
100  WAG+F+R6      45469.729    140 91219.459    91235.340    92041.763
105  cpREV         47127.081    111 94476.162    94486.049    95128.132
106  cpREV+I       46889.102    112 94002.204    94012.272    94660.047
107  cpREV+G4      46153.101    112 92530.201    92540.270    93188.044
108  cpREV+I+G4    46106.379    113 92438.759    92449.011    93102.475
109  cpREV+R2      46294.676    113 92815.351    92825.604    93479.068
110  cpREV+R3      46061.882    115 92353.765    92364.390    93029.228
111  cpREV+R4      46033.261    117 92300.522    92311.527    92987.733
112  cpREV+R5      46023.523    119 92285.045    92296.437    92984.003
113  cpREV+R6      46018.011    121 92278.023    92289.809    92988.728
118  cpREV+F       46839.157    130 93938.314    93951.960    94701.882
119  cpREV+F+I     46590.760    131 93443.520    93457.381    94212.961
120  cpREV+F+G4    45846.732    131 91955.465    91969.326    92724.906
121  cpREV+F+I+G4  45800.218    132 91864.437    91878.515    92639.752
122  cpREV+F+R2    45998.496    132 92260.993    92275.071    93036.308
123  cpREV+F+R3    45761.624    134 91791.247    91805.766    92578.309
124  cpREV+F+R4    45729.824    136 91731.647    91746.613    92530.456
125  cpREV+F+R5    45716.672    138 91709.344    91724.763    92519.900
126  cpREV+F+R6    45712.376    140 91704.752    91720.633    92527.056
131  mtREV         50615.573    111 101453.147   101463.033   102105.116
132  mtREV+I       50412.323    112 101048.647   101058.715   101706.490
133  mtREV+G4      48649.014    112 97522.027    97532.096    98179.870
134  mtREV+I+G4    48627.348    113 97480.695    97490.947    98144.412
135  mtREV+R2      48825.054    113 97876.108    97886.361    98539.825
136  mtREV+R3      48621.763    115 97473.527    97484.152    98148.991
137  mtREV+R4      48540.123    117 97314.246    97325.251    98001.457
138  mtREV+R5      48524.221    119 97286.443    97297.835    97985.401
139  mtREV+R6      48521.047    121 97284.094    97295.880    97994.799
144  mtREV+F       48056.999    130 96373.998    96387.644    97137.566
145  mtREV+F+I     47776.337    131 95814.674    95828.535    96584.115
146  mtREV+F+G4    46449.549    131 93161.098    93174.959    93930.539
147  mtREV+F+I+G4  46410.301    132 93084.601    93098.680    93859.916
148  mtREV+F+R2    46702.045    132 93668.090    93682.168    94443.405
149  mtREV+F+R3    46416.471    134 93100.942    93115.461    93888.004
150  mtREV+F+R4    46361.302    136 92994.603    93009.569    93793.413
151  mtREV+F+R5    46340.910    138 92957.821    92973.240    93768.377
152  mtREV+F+R6    46339.019    140 92958.038    92973.919    93780.342
157  rtREV         47174.094    111 94570.189    94580.075    95222.158
158  rtREV+I       46909.386    112 94042.772    94052.840    94700.615
159  rtREV+G4      46059.270    112 92342.540    92352.608    93000.383
160  rtREV+I+G4    46008.217    113 92242.433    92252.685    92906.150
161  rtREV+R2      46220.320    113 92666.640    92676.893    93330.357
162  rtREV+R3      45977.771    115 92185.542    92196.167    92861.005
163  rtREV+R4      45955.218    117 92144.437    92155.442    92831.648
164  rtREV+R5      45937.813    119 92113.626    92125.018    92812.584
165  rtREV+R6      45933.045    121 92108.091    92119.877    92818.796
170  rtREV+F       46796.252    130 93852.505    93866.151    94616.072
171  rtREV+F+I     46544.199    131 93350.397    93364.259    94119.839
172  rtREV+F+G4    45636.023    131 91534.046    91547.907    92303.487
173  rtREV+F+I+G4  45589.564    132 91443.129    91457.207    92218.444
174  rtREV+F+R2    45812.109    132 91888.217    91902.296    92663.532
175  rtREV+F+R3    45558.825    134 91385.650    91400.169    92172.712
176  rtREV+F+R4    45536.289    136 91344.578    91359.543    92143.387
177  rtREV+F+R5    45518.834    138 91313.667    91329.087    92124.224
178  rtREV+F+R6    45512.079    140 91304.158    91320.038    92126.461
183  mtART         51968.517    111 104159.035   104168.921   104811.004
184  mtART+I       51825.975    112 103875.950   103886.019   104533.793
185  mtART+G4      49187.097    112 98598.194    98608.262    99256.037
186  mtART+I+G4    49184.186    113 98594.373    98604.625    99258.090
187  mtART+R2      49556.261    113 99338.522    99348.775    100002.239
188  mtART+R3      49209.662    115 98649.325    98659.950    99324.788
189  mtART+R4      49155.840    117 98545.679    98556.685    99232.890
190  mtART+R5      49060.407    119 98358.815    98370.207    99057.773
191  mtART+R6      49044.247    121 98330.494    98342.280    99041.200
192  mtART+R7      49044.225    123 98334.450    98346.637    99056.903
196  mtART+F       49083.921    130 98427.841    98441.487    99191.409
197  mtART+F+I     48885.113    131 98032.227    98046.088    98801.668
198  mtART+F+G4    46713.126    131 93688.252    93702.114    94457.694
199  mtART+F+I+G4  46703.928    132 93671.857    93685.935    94447.172
200  mtART+F+R2    47079.970    132 94423.940    94438.018    95199.255
201  mtART+F+R3    46755.280    134 93778.560    93793.078    94565.622
202  mtART+F+R4    46688.371    136 93648.743    93663.708    94447.552
203  mtART+F+R5    46612.218    138 93500.436    93515.855    94310.992
204  mtART+F+R6    46598.841    140 93477.681    93493.562    94299.985
205  mtART+F+R7    46598.828    142 93481.656    93498.005    94315.707
209  mtZOA         50364.941    111 100951.882   100961.769   101603.852
210  mtZOA+I       50206.905    112 100637.810   100647.879   101295.653
211  mtZOA+G4      47981.949    112 96187.899    96197.967    96845.742
212  mtZOA+I+G4    47973.058    113 96172.116    96182.368    96835.832
213  mtZOA+R2      48183.300    113 96592.600    96602.853    97256.317
214  mtZOA+R3      47944.717    115 96119.433    96130.059    96794.897
215  mtZOA+R4      47888.667    117 96011.334    96022.339    96698.545
216  mtZOA+R5      47855.485    119 95948.971    95960.363    96647.929
217  mtZOA+R6      47845.008    121 95932.017    95943.803    96642.722
218  mtZOA+R7      47844.929    123 95935.859    95948.046    96658.311
222  mtZOA+F       48318.837    130 96897.673    96911.319    97661.241
223  mtZOA+F+I     48089.126    131 96440.251    96454.113    97209.693
224  mtZOA+F+G4    46299.595    131 92861.190    92875.051    93630.631
225  mtZOA+F+I+G4  46280.796    132 92825.591    92839.670    93600.906
226  mtZOA+F+R2    46605.615    132 93475.230    93489.308    94250.545
227  mtZOA+F+R3    46304.167    134 92876.335    92890.853    93663.397
228  mtZOA+F+R4    46230.912    136 92733.823    92748.789    93532.633
229  mtZOA+F+R5    46206.176    138 92688.352    92703.772    93498.908
230  mtZOA+F+R6    46197.904    140 92675.809    92691.690    93498.112
231  mtZOA+F+R7    46197.842    142 92679.685    92696.034    93513.736
235  VT            46607.147    111 93436.293    93446.180    94088.263
236  VT+I          46340.578    112 92905.156    92915.225    93562.999
237  VT+G4         45734.210    112 91692.420    91702.488    92350.263
238  VT+I+G4       45670.120    113 91566.240    91576.492    92229.957
239  VT+R2         45839.045    113 91904.091    91914.343    92567.807
240  VT+R3         45626.100    115 91482.200    91492.825    92157.664
241  VT+R4         45611.852    117 91457.703    91468.708    92144.914
242  VT+R5         45599.127    119 91436.255    91447.647    92135.213
243  VT+R6         45597.192    121 91436.385    91448.171    92147.090
248  VT+F          46501.652    130 93263.305    93276.951    94026.872
249  VT+F+I        46241.923    131 92745.846    92759.708    93515.288
250  VT+F+G4       45642.555    131 91547.109    91560.971    92316.550
251  VT+F+I+G4     45579.388    132 91422.776    91436.855    92198.091
252  VT+F+R2       45747.612    132 91759.223    91773.302    92534.538
253  VT+F+R3       45537.358    134 91342.715    91357.234    92129.777
254  VT+F+R4       45522.703    136 91317.406    91332.371    92116.215
255  VT+F+R5       45508.758    138 91293.517    91308.936    92104.073
256  VT+F+R6       45507.071    140 91294.141    91310.022    92116.445
261  LG            46742.748    111 93707.496    93717.383    94359.466
262  LG+I          46467.598    112 93159.196    93169.264    93817.039
263  LG+G4         45554.780    112 91333.560    91343.628    91991.403
264  LG+I+G4       45504.963    113 91235.926    91246.178    91899.642
265  LG+R2         45740.538    113 91707.076    91717.328    92370.792
266  LG+R3         45485.728    115 91201.456    91212.081    91876.920
267  LG+R4         45458.863    117 91151.727    91162.732    91838.938
268  LG+R5         45440.908    119 91119.816    91131.208    91818.774
269  LG+R6         45433.941    121 91109.881    91121.667    91820.587
274  LG+F          46665.007    130 93590.014    93603.659    94353.581
275  LG+F+I        46401.536    131 93065.072    93078.934    93834.514
276  LG+F+G4       45492.026    131 91246.052    91259.913    92015.493
277  LG+F+I+G4     45444.499    132 91152.999    91167.077    91928.314
278  LG+F+R2       45674.713    132 91613.426    91627.505    92388.741
279  LG+F+R3       45422.057    134 91112.113    91126.632    91899.175
280  LG+F+R4       45397.461    136 91066.922    91081.888    91865.732
281  LG+F+R5       45377.061    138 91030.122    91045.541    91840.678
282  LG+F+R6       45370.814    140 91021.629    91037.510    91843.932
287  DCMut         47516.727    111 95255.454    95265.341    95907.424
288  DCMut+I       47205.993    112 94635.987    94646.055    95293.829
289  DCMut+G4      46315.967    112 92855.933    92866.002    93513.776
290  DCMut+I+G4    46262.248    113 92750.496    92760.748    93414.212
291  DCMut+R2      46522.383    113 93270.766    93281.018    93934.482
292  DCMut+R3      46244.358    115 92718.717    92729.342    93394.181
293  DCMut+R4      46205.015    117 92644.029    92655.034    93331.240
294  DCMut+R5      46184.154    119 92606.308    92617.700    93305.266
295  DCMut+R6      46177.801    121 92597.603    92609.389    93308.308
300  DCMut+F       47286.236    130 94832.472    94846.118    95596.039
301  DCMut+F+I     46974.839    131 94211.677    94225.538    94981.118
302  DCMut+F+G4    46067.230    131 92396.460    92410.321    93165.901
303  DCMut+F+I+G4  46012.334    132 92288.667    92302.746    93063.982
304  DCMut+F+R2    46285.843    132 92835.686    92849.765    93611.001
305  DCMut+F+R3    45988.144    134 92244.287    92258.806    93031.349
306  DCMut+F+R4    45948.241    136 92168.481    92183.447    92967.291
307  DCMut+F+R5    45932.907    138 92141.814    92157.233    92952.370
308  DCMut+F+R6    45926.652    140 92133.305    92149.185    92955.608
313  PMB           46554.249    111 93330.498    93340.384    93982.467
314  PMB+I         46346.201    112 92916.403    92926.471    93574.245
315  PMB+G4        45783.500    112 91790.999    91801.068    92448.842
316  PMB+I+G4      45730.891    113 91687.781    91698.034    92351.498
317  PMB+R2        45863.501    113 91953.002    91963.254    92616.719
318  PMB+R3        45676.720    115 91583.439    91594.065    92258.903
319  PMB+R4        45662.481    117 91558.962    91569.967    92246.173
320  PMB+R5        45655.520    119 91549.039    91560.431    92247.997
326  PMB+F         46430.396    130 93120.793    93134.439    93884.360
327  PMB+F+I       46215.533    131 92693.067    92706.928    93462.508
328  PMB+F+G4      45660.751    131 91583.502    91597.363    92352.943
329  PMB+F+I+G4    45606.760    132 91477.521    91491.600    92252.836
330  PMB+F+R2      45751.198    132 91766.396    91780.475    92541.711
331  PMB+F+R3      45558.834    134 91385.668    91400.186    92172.730
332  PMB+F+R4      45540.959    136 91353.919    91368.884    92152.728
333  PMB+F+R5      45534.390    138 91344.780    91360.200    92155.337
339  HIVb          48487.017    111 97196.033    97205.919    97848.002
340  HIVb+I        48124.374    112 96472.747    96482.816    97130.590
341  HIVb+G4       47002.896    112 94229.793    94239.861    94887.636
342  HIVb+I+G4     46940.763    113 94107.526    94117.778    94771.242
343  HIVb+R2       47257.708    113 94741.416    94751.668    95405.133
344  HIVb+R3       46933.430    115 94096.861    94107.486    94772.324
345  HIVb+R4       46891.135    117 94016.271    94027.276    94703.482
346  HIVb+R5       46870.886    119 93979.772    93991.164    94678.730
347  HIVb+R6       46860.251    121 93962.503    93974.289    94673.208
348  HIVb+R7       46860.023    123 93966.045    93978.232    94688.498
352  HIVb+F        48190.562    130 96641.125    96654.770    97404.692
353  HIVb+F+I      47847.090    131 95956.180    95970.042    96725.622
354  HIVb+F+G4     46684.136    131 93630.273    93644.134    94399.714
355  HIVb+F+I+G4   46626.840    132 93517.681    93531.759    94292.996
356  HIVb+F+R2     46939.879    132 94143.758    94157.837    94919.073
357  HIVb+F+R3     46624.724    134 93517.449    93531.967    94304.511
358  HIVb+F+R4     46581.936    136 93435.871    93450.837    94234.681
359  HIVb+F+R5     46555.917    138 93387.834    93403.254    94198.390
360  HIVb+F+R6     46547.509    140 93375.017    93390.898    94197.321
361  HIVb+F+R7     46547.397    142 93378.794    93395.144    94212.845
365  HIVw          50758.870    111 101739.741   101749.627   102391.710
366  HIVw+I        50346.695    112 100917.390   100927.458   101575.233
367  HIVw+G4       49242.059    112 98708.118    98718.186    99365.961
368  HIVw+I+G4     49180.704    113 98587.407    98597.659    99251.124
369  HIVw+R2       49591.741    113 99409.482    99419.734    100073.198
370  HIVw+R3       49195.150    115 98620.301    98630.926    99295.764
371  HIVw+R4       49147.347    117 98528.693    98539.698    99215.904
372  HIVw+R5       49115.829    119 98469.657    98481.050    99168.616
373  HIVw+R6       49106.412    121 98454.824    98466.610    99165.529
374  HIVw+R7       49106.214    123 98458.428    98470.615    99180.880
378  HIVw+F        49158.955    130 98577.910    98591.556    99341.478
379  HIVw+F+I      48754.739    131 97771.479    97785.340    98540.920
380  HIVw+F+G4     47644.939    131 95551.877    95565.739    96321.319
381  HIVw+F+I+G4   47587.347    132 95438.693    95452.772    96214.008
382  HIVw+F+R2     47948.269    132 96160.538    96174.616    96935.853
383  HIVw+F+R3     47589.024    134 95446.048    95460.566    96233.110
384  HIVw+F+R4     47554.083    136 95380.167    95395.132    96178.976
385  HIVw+F+R5     47518.309    138 95312.619    95328.038    96123.175
386  HIVw+F+R6     47508.485    140 95296.971    95312.852    96119.274
387  HIVw+F+R7     47508.381    142 95300.762    95317.111    96134.813
391  JTTDCMut      47217.728    111 94657.456    94667.342    95309.425
392  JTTDCMut+I    46915.229    112 94054.458    94064.526    94712.301
393  JTTDCMut+G4   46051.583    112 92327.166    92337.234    92985.009
394  JTTDCMut+I+G4 45995.254    113 92216.508    92226.760    92880.224
395  JTTDCMut+R2   46235.385    113 92696.769    92707.021    93360.486
396  JTTDCMut+R3   45966.139    115 92162.278    92172.903    92837.741
397  JTTDCMut+R4   45939.732    117 92113.464    92124.469    92800.675
398  JTTDCMut+R5   45920.735    119 92079.470    92090.862    92778.428
399  JTTDCMut+R6   45915.747    121 92073.493    92085.279    92784.198
404  JTTDCMut+F    47110.646    130 94481.292    94494.937    95244.859
405  JTTDCMut+F+I  46813.505    131 93889.010    93902.872    94658.452
406  JTTDCMut+F+G4 45956.058    131 92174.116    92187.977    92943.557
407  JTTDCMut+F+I+G4 45898.806    132 92061.612    92075.691    92836.927
408  JTTDCMut+F+R2 46136.262    132 92536.525    92550.603    93311.839
409  JTTDCMut+F+R3 45869.239    134 92006.479    92020.997    92793.541
410  JTTDCMut+F+R4 45842.149    136 91956.298    91971.263    92755.107
411  JTTDCMut+F+R5 45824.528    138 91925.057    91940.476    92735.613
412  JTTDCMut+F+R6 45820.100    140 91920.200    91936.081    92742.503
417  FLU           48463.263    111 97148.527    97158.413    97800.496
418  FLU+I         48150.744    112 96525.488    96535.557    97183.331
419  FLU+G4        47188.110    112 94600.220    94610.288    95258.063
420  FLU+I+G4      47140.158    113 94506.315    94516.567    95170.032
421  FLU+R2        47411.003    113 95048.006    95058.258    95711.722
422  FLU+R3        47111.603    115 94453.206    94463.831    95128.670
423  FLU+R4        47073.479    117 94380.958    94391.964    95068.169
424  FLU+R5        47058.828    119 94355.656    94367.048    95054.614
425  FLU+R6        47047.860    121 94337.720    94349.506    95048.425
426  FLU+R7        47047.732    123 94341.463    94353.650    95063.916
430  FLU+F         47640.573    130 95541.145    95554.791    96304.713
431  FLU+F+I       47335.305    131 94932.609    94946.470    95702.050
432  FLU+F+G4      46381.106    131 93024.211    93038.073    93793.653
433  FLU+F+I+G4    46329.056    132 92922.111    92936.190    93697.426
434  FLU+F+R2      46591.554    132 93447.108    93461.187    94222.423
435  FLU+F+R3      46308.408    134 92884.816    92899.334    93671.878
436  FLU+F+R4      46265.205    136 92802.410    92817.375    93601.219
437  FLU+F+R5      46250.636    138 92777.271    92792.691    93587.828
438  FLU+F+R6      46241.522    140 92763.044    92778.925    93585.348
439  FLU+F+R7      46241.467    142 92766.933    92783.282    93600.984
443  Blosum62      46587.059    111 93396.117    93406.004    94048.087
444  Blosum62+I    46364.575    112 92953.150    92963.218    93610.993
445  Blosum62+G4   45811.720    112 91847.439    91857.508    92505.282
446  Blosum62+I+G4 45754.639    113 91735.278    91745.530    92398.995
447  Blosum62+R2   45896.819    113 92019.639    92029.891    92683.355
448  Blosum62+R3   45706.568    115 91643.135    91653.761    92318.599
449  Blosum62+R4   45696.941    117 91627.882    91638.888    92315.093
450  Blosum62+R5   45680.527    119 91599.053    91610.445    92298.011
451  Blosum62+R6   45678.846    121 91599.692    91611.478    92310.397
456  Blosum62+F    46405.430    130 93070.861    93084.506    93834.428
457  Blosum62+F+I  46176.983    131 92615.967    92629.828    93385.408
458  Blosum62+F+G4 45626.831    131 91515.662    91529.524    92285.104
459  Blosum62+F+I+G4 45569.290    132 91402.579    91416.658    92177.894
460  Blosum62+F+R2 45723.927    132 91711.855    91725.934    92487.170
461  Blosum62+F+R3 45527.095    134 91322.191    91336.709    92109.253
462  Blosum62+F+R4 45514.416    136 91300.831    91315.797    92099.641
463  Blosum62+F+R5 45497.868    138 91271.736    91287.156    92082.293
464  Blosum62+F+R6 45496.088    140 91272.175    91288.056    92094.479
469  mtMet         51198.500    111 102618.999   102628.886   103270.969
470  mtMet+I       50995.181    112 102214.363   102224.431   102872.206
471  mtMet+G4      49104.028    112 98432.056    98442.125    99089.899
472  mtMet+I+G4    49079.362    113 98384.725    98394.977    99048.441
473  mtMet+R2      49323.095    113 98872.190    98882.442    99535.906
474  mtMet+R3      49073.075    115 98376.150    98386.775    99051.614
475  mtMet+R4      49005.567    117 98245.133    98256.138    98932.344
476  mtMet+R5      48956.418    119 98150.836    98162.228    98849.794
477  mtMet+R6      48956.047    121 98154.094    98165.880    98864.799
482  mtMet+F       48268.929    130 96797.857    96811.503    97561.425
483  mtMet+F+I     47984.985    131 96231.970    96245.832    97001.412
484  mtMet+F+G4    46468.632    131 93199.265    93213.126    93968.706
485  mtMet+F+I+G4  46429.931    132 93123.861    93137.940    93899.176
486  mtMet+F+R2    46755.193    132 93774.386    93788.465    94549.701
487  mtMet+F+R3    46458.130    134 93184.260    93198.778    93971.322
488  mtMet+F+R4    46394.972    136 93061.945    93076.910    93860.754
489  mtMet+F+R5    46354.647    138 92985.294    93000.714    93795.851
490  mtMet+F+R6    46353.842    140 92987.684    93003.565    93809.988
495  mtVer         51563.009    111 103348.019   103357.905   103999.988
496  mtVer+I       51289.727    112 102803.455   102813.523   103461.298
497  mtVer+G4      49178.390    112 98580.779    98590.848    99238.622
498  mtVer+I+G4    49149.884    113 98525.769    98536.021    99189.485
499  mtVer+R2      49412.616    113 99051.233    99061.485    99714.949
500  mtVer+R3      49139.311    115 98508.622    98519.248    99184.086
501  mtVer+R4      49062.562    117 98359.124    98370.129    99046.335
502  mtVer+R5      49027.691    119 98293.382    98304.775    98992.341
503  mtVer+R6      49026.087    121 98294.174    98305.960    99004.879
508  mtVer+F       48947.618    130 98155.236    98168.881    98918.803
509  mtVer+F+I     48581.884    131 97425.769    97439.630    98195.210
510  mtVer+F+G4    46969.965    131 94201.929    94215.791    94971.371
511  mtVer+F+I+G4  46919.199    132 94102.398    94116.477    94877.713
512  mtVer+F+R2    47314.175    132 94892.349    94906.428    95667.664
513  mtVer+F+R3    46970.205    134 94208.410    94222.928    94995.472
514  mtVer+F+R4    46884.268    136 94040.537    94055.502    94839.346
515  mtVer+F+R5    46851.314    138 93978.629    93994.048    94789.185
516  mtVer+F+R6    46849.735    140 93979.471    93995.352    94801.775
521  mtInv         51333.365    111 102888.730   102898.616   103540.699
522  mtInv+I       51146.488    112 102516.976   102527.044   103174.819
523  mtInv+G4      49537.420    112 99298.840    99308.909    99956.683
524  mtInv+I+G4    49511.726    113 99249.452    99259.704    99913.168
525  mtInv+R2      49696.807    113 99619.613    99629.866    100283.330
526  mtInv+R3      49483.735    115 99197.471    99208.096    99872.935
527  mtInv+R4      49431.164    117 99096.327    99107.332    99783.538
528  mtInv+R5      49411.558    119 99061.116    99072.508    99760.074
529  mtInv+R6      49410.648    121 99063.296    99075.082    99774.002
534  mtInv+F       47794.586    130 95849.172    95862.818    96612.740
535  mtInv+F+I     47526.704    131 95315.408    95329.270    96084.849
536  mtInv+F+G4    46179.461    131 92620.923    92634.784    93390.364
537  mtInv+F+I+G4  46139.869    132 92543.738    92557.817    93319.053
538  mtInv+F+R2    46441.669    132 93147.337    93161.416    93922.652
539  mtInv+F+R3    46144.332    134 92556.665    92571.183    93343.727
540  mtInv+F+R4    46104.120    136 92480.240    92495.206    93279.050
541  mtInv+F+R5    46070.641    138 92417.283    92432.702    93227.839
542  mtInv+F+R6    46070.244    140 92420.488    92436.369    93242.791
Akaike Information Criterion:           LG+F+R6
Corrected Akaike Information Criterion: LG+F+R6
Bayesian Information Criterion:         LG+R5
Best-fit model: LG+R5 chosen according to BIC

All model information printed to MSTRG.26161.6.p1.pep.faa.blastp_ALL.outfmt6.parsed.filtered.faa.mafft.aln.model.gz
CPU time for ModelFinder: 4733.177 seconds (1h:18m:53s)
Wall-clock time for ModelFinder: 2207.915 seconds (0h:36m:47s)
Generating 2000 samples for ultrafast bootstrap (seed: 177932)...

NOTE: 72 MB RAM (0 GB) is required!
Measuring multi-threading efficiency up to 2 CPU cores
8 trees examined
Threads: 1 / Time: 2.123 sec / Speedup: 1.000 / Efficiency: 100% / LogL: -53627
Threads: 2 / Time: 1.090 sec / Speedup: 1.947 / Efficiency: 97% / LogL: -53627
BEST NUMBER OF THREADS: 2

Estimate model parameters (epsilon = 0.100)
1. Initial log-likelihood: -45538.998
2. Current log-likelihood: -45465.544
3. Current log-likelihood: -45459.001
4. Current log-likelihood: -45456.740
5. Current log-likelihood: -45455.158
6. Current log-likelihood: -45453.962
7. Current log-likelihood: -45453.142
8. Current log-likelihood: -45452.475
9. Current log-likelihood: -45451.923
10. Current log-likelihood: -45451.454
11. Current log-likelihood: -45451.047
12. Current log-likelihood: -45450.689
13. Current log-likelihood: -45450.366
14. Current log-likelihood: -45450.076
15. Current log-likelihood: -45449.883
16. Current log-likelihood: -45449.616
17. Current log-likelihood: -45449.450
18. Current log-likelihood: -45449.285
19. Current log-likelihood: -45449.126
20. Current log-likelihood: -45448.977
21. Current log-likelihood: -45448.841
22. Current log-likelihood: -45448.714
23. Current log-likelihood: -45448.594
24. Current log-likelihood: -45448.481
25. Current log-likelihood: -45448.376
Optimal log-likelihood: -45448.222
Site proportion and rates:  (0.063,0.081) (0.130,0.338) (0.239,0.573) (0.345,1.122) (0.224,1.912)
Parameters optimization took 25 rounds (31.028 sec)
Computing ML distances based on estimated model parameters... 1.579 sec
Computing BIONJ tree...
0.002 seconds
Log-likelihood of BIONJ tree: -45424.223
--------------------------------------------------------------------
|             INITIALIZING CANDIDATE TREE SET                      |
--------------------------------------------------------------------
Generating 98 parsimony trees... 3.469 second
Computing log-likelihood of 98 initial trees ... 23.437 seconds
Current best score: -45424.223

Do NNI search on 20 best initial trees
Estimate model parameters (epsilon = 0.100)
BETTER TREE FOUND at iteration 1: -45392.832
Estimate model parameters (epsilon = 0.100)
BETTER TREE FOUND at iteration 2: -45385.232
Estimate model parameters (epsilon = 0.100)
BETTER TREE FOUND at iteration 5: -45382.175
Estimate model parameters (epsilon = 0.100)
BETTER TREE FOUND at iteration 6: -45381.331
Estimate model parameters (epsilon = 0.100)
BETTER TREE FOUND at iteration 7: -45377.922
Iteration 10 / LogL: -45392.380 / Time: 0h:1m:47s
Estimate model parameters (epsilon = 0.100)
BETTER TREE FOUND at iteration 16: -45377.340
Iteration 20 / LogL: -45406.986 / Time: 0h:2m:15s
Finish initializing candidate tree set (18)
Current best tree score: -45377.340 / CPU time: 99.334
Number of iterations: 20
--------------------------------------------------------------------
|               OPTIMIZING CANDIDATE TREE SET                      |
--------------------------------------------------------------------
Iteration 30 / LogL: -45377.583 / Time: 0h:2m:42s (0h:8m:1s left)
Iteration 40 / LogL: -45386.200 / Time: 0h:3m:11s (0h:6m:12s left)
Iteration 50 / LogL: -45382.808 / Time: 0h:3m:39s (0h:4m:55s left)
Log-likelihood cutoff on original alignment: -45424.053
Iteration 60 / LogL: -45383.487 / Time: 0h:4m:5s (0h:3m:53s left)
Estimate model parameters (epsilon = 0.100)
BETTER TREE FOUND at iteration 67: -45376.426
Iteration 70 / LogL: -45378.691 / Time: 0h:4m:37s (0h:6m:29s left)
Iteration 80 / LogL: -45384.569 / Time: 0h:5m:4s (0h:5m:35s left)
Iteration 90 / LogL: -45377.734 / Time: 0h:5m:32s (0h:4m:47s left)
Iteration 100 / LogL: -45376.625 / Time: 0h:6m:2s (0h:4m:5s left)
Log-likelihood cutoff on original alignment: -45424.053
NOTE: Bootstrap correlation coefficient of split occurrence frequencies: 0.997
Iteration 110 / LogL: -45380.401 / Time: 0h:6m:28s (0h:5m:20s left)
Iteration 120 / LogL: -45377.648 / Time: 0h:6m:55s (0h:4m:39s left)
Iteration 130 / LogL: -45377.750 / Time: 0h:7m:22s (0h:4m:0s left)
Iteration 140 / LogL: -45377.245 / Time: 0h:7m:48s (0h:3m:22s left)
Iteration 150 / LogL: -45377.649 / Time: 0h:8m:15s (0h:2m:46s left)
Log-likelihood cutoff on original alignment: -45422.893
Iteration 160 / LogL: -45376.531 / Time: 0h:8m:45s (0h:2m:12s left)
UPDATE BEST LOG-LIKELIHOOD: -45376.425
TREE SEARCH COMPLETED AFTER 168 ITERATIONS / Time: 0h:9m:5s

--------------------------------------------------------------------
|                    FINALIZING TREE SEARCH                        |
--------------------------------------------------------------------
Performs final model parameters optimization
Estimate model parameters (epsilon = 0.010)
1. Initial log-likelihood: -45376.425
2. Current log-likelihood: -45376.332
3. Current log-likelihood: -45376.212
4. Current log-likelihood: -45376.088
5. Current log-likelihood: -45375.963
6. Current log-likelihood: -45375.837
7. Current log-likelihood: -45375.706
8. Current log-likelihood: -45375.576
9. Current log-likelihood: -45375.442
10. Current log-likelihood: -45375.306
11. Current log-likelihood: -45375.170
12. Current log-likelihood: -45375.031
13. Current log-likelihood: -45374.888
14. Current log-likelihood: -45374.745
15. Current log-likelihood: -45374.602
16. Current log-likelihood: -45374.459
17. Current log-likelihood: -45374.317
18. Current log-likelihood: -45374.174
19. Current log-likelihood: -45374.028
20. Current log-likelihood: -45373.885
21. Current log-likelihood: -45373.741
22. Current log-likelihood: -45373.599
23. Current log-likelihood: -45373.457
24. Current log-likelihood: -45373.319
25. Current log-likelihood: -45373.178
26. Current log-likelihood: -45373.038
27. Current log-likelihood: -45372.903
28. Current log-likelihood: -45372.766
29. Current log-likelihood: -45372.632
30. Current log-likelihood: -45372.499
31. Current log-likelihood: -45372.371
32. Current log-likelihood: -45372.240
33. Current log-likelihood: -45372.111
34. Current log-likelihood: -45371.986
35. Current log-likelihood: -45371.863
36. Current log-likelihood: -45371.741
37. Current log-likelihood: -45371.620
38. Current log-likelihood: -45371.501
39. Current log-likelihood: -45371.382
40. Current log-likelihood: -45371.266
41. Current log-likelihood: -45371.151
42. Current log-likelihood: -45371.038
43. Current log-likelihood: -45370.926
44. Current log-likelihood: -45370.819
45. Current log-likelihood: -45370.715
46. Current log-likelihood: -45370.612
47. Current log-likelihood: -45370.511
48. Current log-likelihood: -45370.412
49. Current log-likelihood: -45370.315
50. Current log-likelihood: -45370.220
51. Current log-likelihood: -45370.126
52. Current log-likelihood: -45370.035
53. Current log-likelihood: -45369.946
54. Current log-likelihood: -45369.859
55. Current log-likelihood: -45369.774
56. Current log-likelihood: -45369.702
57. Current log-likelihood: -45369.630
58. Current log-likelihood: -45369.558
59. Current log-likelihood: -45369.489
60. Current log-likelihood: -45369.423
61. Current log-likelihood: -45369.358
62. Current log-likelihood: -45369.295
63. Current log-likelihood: -45369.232
64. Current log-likelihood: -45369.173
65. Current log-likelihood: -45369.115
66. Current log-likelihood: -45369.058
67. Current log-likelihood: -45369.002
68. Current log-likelihood: -45368.948
69. Current log-likelihood: -45368.895
70. Current log-likelihood: -45368.844
71. Current log-likelihood: -45368.793
72. Current log-likelihood: -45368.743
73. Current log-likelihood: -45368.694
74. Current log-likelihood: -45368.646
75. Current log-likelihood: -45368.600
76. Current log-likelihood: -45368.554
77. Current log-likelihood: -45368.512
78. Current log-likelihood: -45368.477
79. Current log-likelihood: -45368.442
80. Current log-likelihood: -45368.409
81. Current log-likelihood: -45368.376
82. Current log-likelihood: -45368.343
83. Current log-likelihood: -45368.307
84. Current log-likelihood: -45368.277
85. Current log-likelihood: -45368.248
86. Current log-likelihood: -45368.228
87. Current log-likelihood: -45368.198
88. Current log-likelihood: -45368.179
89. Current log-likelihood: -45368.149
90. Current log-likelihood: -45368.131
91. Current log-likelihood: -45368.103
92. Current log-likelihood: -45368.085
93. Current log-likelihood: -45368.058
94. Current log-likelihood: -45368.041
95. Current log-likelihood: -45368.023
96. Current log-likelihood: -45367.996
97. Current log-likelihood: -45367.980
98. Current log-likelihood: -45367.962
99. Current log-likelihood: -45367.944
Optimal log-likelihood: -45367.944
Site proportion and rates:  (0.034,0.039) (0.055,0.173) (0.285,0.474) (0.341,1.004) (0.285,1.798)
Parameters optimization took 99 rounds (119.258 sec)
BEST SCORE FOUND : -45367.944
Creating bootstrap support values...
Split supports printed to NEXUS file MSTRG.26161.6.p1.pep.faa.blastp_ALL.outfmt6.parsed.filtered.faa.mafft.aln.splits.nex
Total tree length: 53.105

Total number of iterations: 168
CPU time used for tree search: 1014.117 sec (0h:16m:54s)
Wall-clock time used for tree search: 509.638 sec (0h:8m:29s)
Total CPU time used: 1322.789 sec (0h:22m:2s)
Total wall-clock time used: 665.359 sec (0h:11m:5s)

Computing bootstrap consensus tree...
Reading input file MSTRG.26161.6.p1.pep.faa.blastp_ALL.outfmt6.parsed.filtered.faa.mafft.aln.splits.nex...
57 taxa and 388 splits.
Consensus tree written to MSTRG.26161.6.p1.pep.faa.blastp_ALL.outfmt6.parsed.filtered.faa.mafft.aln.contree
Reading input trees file MSTRG.26161.6.p1.pep.faa.blastp_ALL.outfmt6.parsed.filtered.faa.mafft.aln.contree
Log-likelihood of consensus tree: -45368.262

Analysis results written to: 
  IQ-TREE report:                MSTRG.26161.6.p1.pep.faa.blastp_ALL.outfmt6.parsed.filtered.faa.mafft.aln.iqtree
  Maximum-likelihood tree:       MSTRG.26161.6.p1.pep.faa.blastp_ALL.outfmt6.parsed.filtered.faa.mafft.aln.treefile
  Likelihood distances:          MSTRG.26161.6.p1.pep.faa.blastp_ALL.outfmt6.parsed.filtered.faa.mafft.aln.mldist

Ultrafast bootstrap approximation results written to:
  Split support values:          MSTRG.26161.6.p1.pep.faa.blastp_ALL.outfmt6.parsed.filtered.faa.mafft.aln.splits.nex
  Consensus tree:                MSTRG.26161.6.p1.pep.faa.blastp_ALL.outfmt6.parsed.filtered.faa.mafft.aln.contree
  Screen log file:               MSTRG.26161.6.p1.pep.faa.blastp_ALL.outfmt6.parsed.filtered.faa.mafft.aln.log

Date and Time: Tue May 25 02:11:59 2021
