IQ-TREE multicore version 1.6.12 for Linux 64-bit built Aug 15 2019
Developed by Bui Quang Minh, Nguyen Lam Tung, Olga Chernomor,
Heiko Schmidt, Dominik Schrempf, Michael Woodhams.

Host:    coral (AVX512, FMA3, 376 GB RAM)
Command: /home/timothy/programs/iqtree-1.6.12-Linux/bin/iqtree -s MSTRG.4653.2.p1.pep.faa.blastp_ALL.outfmt6.parsed.filtered.faa.mafft.aln -nt AUTO -ntmax 2 -m MFP -bb 2000 -quiet
Seed:    44791 (Using SPRNG - Scalable Parallel Random Number Generator)
Time:    Tue May 25 03:50:15 2021
Kernel:  AVX+FMA - auto-detect threads (96 CPU cores detected)

Reading alignment file MSTRG.4653.2.p1.pep.faa.blastp_ALL.outfmt6.parsed.filtered.faa.mafft.aln ... Fasta format detected
Alignment most likely contains protein sequences
Alignment has 102 sequences with 1369 columns, 1255 distinct patterns
639 parsimony-informative, 409 singleton sites, 321 constant sites
                                                                                                                         Gap/Ambiguity  Composition  p-value
   1  Archaea-Crenarchaeota-Thermoprotei-Thermoproteales-Thermoproteaceae-Caldivirga_maquilingensis_WP_012186665.1              74.58%    failed      1.62%
   2  Archaea-Euryarchaeota-Methanomicrobia-Methanomicrobiales-Methanospirillaceae-Methanospirillum_lacunae_WP_109970262.1      62.67%    failed      0.34%
   3  Archaea-Euryarchaeota-NA-NA-NA-Aciduliprofundum_sp._MAR08339_WP_015283286.1                                               75.24%    failed      0.54%
   4  Bacteria-Acidobacteria-Holophagae-Holophagales-Holophagaceae-Geothrix_fermentans_WP_026854108.1                           74.07%    passed     67.82%
   5  Bacteria-Acidobacteria-Holophagae-Holophagales-Holophagaceae-Holophaga_foetida_WP_005037863.1                             74.07%    passed     87.56%
   6  Bacteria-Actinobacteria-Actinobacteria-Micrococcales-Microbacteriaceae-NA_WP_110824549.1                                  72.97%    failed      0.00%
   7  Bacteria-Actinobacteria-Actinobacteria-Micrococcales-Microbacteriaceae-Pseudoclavibacter_helvolus_WP_068476867.1          72.24%    failed      0.12%
   8  Bacteria-Bacteroidetes-Bacteroidia-Marinilabiliales-Marinifilaceae-Ancylomarina_sp._M1P_WP_125029971.1                    74.21%    failed      0.86%
   9  Bacteria-Bacteroidetes-Bacteroidia-Marinilabiliales-Salinivirgaceae-Salinivirga_cyanobacteriivorans_WP_057952594.1        74.29%    passed      5.71%
  10  Bacteria-CandidatusBipolaricaulota-NA-NA-NA-Candidatus_Bipolaricaulis_anaerobius_WP_122030734.1                           74.43%    failed      0.02%
  11  Bacteria-CandidatusCloacimonetes-NA-NA-NA-Candidatus_Syntrophosphaera_thermopropionivorans_WP_133200543.1                 73.78%    failed      2.77%
  12  Bacteria-CandidatusMarinimicrobia-NA-NA-NA-Candidatus_Marinimicrobia_bacterium_PRS2_WP_122504606.1                        74.36%    passed      9.13%
  13  Bacteria-Chlorobi-Chlorobia-Chlorobiales-Chlorobiaceae-Chloroherpeton_thalassium_WP_012498913.1                           73.12%    passed     96.77%
  14  Bacteria-Chloroflexi-Anaerolineae-Anaerolineales-Anaerolineaceae-Longilinea_arvoryzae_WP_075073199.1                      74.29%    failed      1.66%
  15  Bacteria-Chloroflexi-Ardenticatenia-Ardenticatenales-Ardenticatenaceae-Ardenticatena_maritima_WP_082374173.1              75.38%    failed      0.00%
  16  Bacteria-Elusimicrobia-Elusimicrobia-Elusimicrobiales-Elusimicrobiaceae-Elusimicrobium_minutum_WP_012415329.1             70.64%    failed      1.02%
  17  Bacteria-Firmicutes-Clostridia-Halanaerobiales-Halobacteroidaceae-Candidatus_Frackibacter_sp._WG12_WP_090003532.1         74.95%    failed      0.28%
  18  Bacteria-Firmicutes-Clostridia-Halanaerobiales-Halobacteroidaceae-NA_WP_089750225.1                                       74.95%    failed      0.26%
  19  Bacteria-Fusobacteria-Fusobacteriia-Fusobacteriales-Fusobacteriaceae-Hypnocyclicus_thermotrophus_WP_134112130.1           75.89%    failed      0.00%
  20  Bacteria-Gemmatimonadetes-Gemmatimonadetes-Gemmatimonadales-Gemmatimonadaceae-Gemmatimonas_aurantiaca_WP_015894166.1      73.92%    failed      0.00%
  21  Bacteria-Gemmatimonadetes-Gemmatimonadetes-Gemmatimonadales-Gemmatimonadaceae-Gemmatirosa_kalamazoonesis_WP_025412822.1   72.83%    failed      0.00%
  22  Bacteria-Ignavibacteriae-Ignavibacteria-Ignavibacteriales-Ignavibacteriaceae-Ignavibacterium_album_WP_014559653.1         72.83%    failed      1.58%
  23  Bacteria-Kiritimatiellaeota-Kiritimatiellae-Kiritimatiellales-NA-Kiritimatiellales_bacterium_WP_136062942.1               70.78%    passed     71.97%
  24  Bacteria-NA-NA-NA-NA-bacterium_JGI_053_WP_096634346.1                                                                     74.58%    passed     10.19%
  25  Bacteria-Planctomycetes-NA-NA-NA-NA_WP_145066176.1                                                                        72.46%    passed     19.74%
  26  Bacteria-Planctomycetes-NA-NA-NA-Planctomycetes_bacterium_Poly30_WP_145199164.1                                           72.61%    passed     49.55%
  27  Bacteria-Proteobacteria-Gammaproteobacteria-Alteromonadales-Idiomarinaceae-Aliidiomarina_minuta_WP_126803510.1            69.69%    passed     17.85%
  28  Bacteria-Proteobacteria-Gammaproteobacteria-Chromatiales-Chromatiaceae-Pararheinheimera_texasensis_WP_031570006.1         70.12%    passed     22.34%
  29  Bacteria-Rhodothermaeota-Rhodothermia-Rhodothermales-Rubricoccaceae-Rubricoccus_marinus_WP_094545991.1                    74.80%    passed      6.73%
  30  Bacteria-Rhodothermaeota-Rhodothermia-Rhodothermales-Rubricoccaceae-Rubrivirga_marina_WP_095510661.1                      74.58%    failed      4.19%
  31  Bacteria-Spirochaetes-Spirochaetia-Spirochaetales-Spirochaetaceae-Alkalispirochaeta_americana_WP_076487405.1              70.64%    failed      3.88%
  32  Bacteria-Spirochaetes-Spirochaetia-Spirochaetales-Spirochaetaceae-Spirochaeta_lutea_WP_037548578.1                        70.42%    passed     37.80%
  33  Bacteria-Verrucomicrobia-NA-NA-NA-Verrucomicrobia_bacterium_S94_WP_130597052.1                                            70.78%    passed     12.53%
  34  Eukaryota-Acytosteliales-Acytosteliales-Acytosteliales-Acytosteliaceae-Acytostelium_subglobosum_XP_012748487.1            45.58%    failed      1.32%
  35  Eukaryota-Acytosteliales-Acytosteliales-Acytosteliales-Cavenderiaceae-Cavenderia_fasciculata_XP_004366164.1               43.97%    failed      1.00%
  36  Eukaryota-Alveolata-Dinophyceae-NA-Unranked-Alexandrium_tamarense_MMETSP0384_c160958_g1_i1.p2                             84.30%    passed      8.26%
  37  Eukaryota-Alveolata-Dinophyceae-Peridiniales-Kryptoperidiniaceae-Durinskia_baltica_MMETSP0117_c1035_g1_i1.p1              73.12%    passed     20.85%
  38  Eukaryota-Amoebozoa-NA-NA-Paramoebidae-Mayorella_sp_MMETSP0417_c4378_g1_i1.p1                                             42.37%    failed      1.14%
  39  Eukaryota-Amoebozoa-NA-NA-Paramoebidae-Vexillifera_sp_MMETSP0173_c10387_g1_i1.p1                                          74.00%    passed     14.31%
  40  Eukaryota-Annelida-Clitellata-Hirudinida-Glossiphoniidae-Helobdella_robusta_jgi110129                                     73.92%    failed      0.04%
  41  Eukaryota-Apicomplexa-Aconoidasida-Piroplasmida-Theileriidae-Theileria_equi_XP_004829595.1                                74.00%    failed      1.32%
  42  Eukaryota-Apicomplexa-NA-Unranked-NA-Alveolata_sp_MMETSP0288_c1954_g1_i2.p1                                               68.74%    passed     48.00%
  43  Eukaryota-Apusomonadidae-NA-NA-NA-Thecamonas_trahens_XP_013762615.1                                                       46.17%    failed      0.00%
  44  Eukaryota-Arthropoda-Insecta-Diptera-Culicidae-Aedes_albopictus_XP_029718323.1                                            71.44%    failed      0.00%
  45  Eukaryota-Arthropoda-Merostomata-Xiphosura-Limulidae-Limulus_polyphemus_XP_013791359.2                                    73.27%    passed     97.52%
  46  Eukaryota-Ascomycota-Eurotiomycetes-Chaetothyriales-Herpotrichiellaceae-Exophiala_xenobiotica_XP_013315752.1              74.36%    passed     94.57%
  47  Eukaryota-Ascomycota-Eurotiomycetes-Chaetothyriales-Herpotrichiellaceae-Rhinocladiella_mackenziei_XP_013275025.1          74.43%    passed     94.36%
  48  Eukaryota-Basidiomycota-Agaricomycetes-Corticiales-Punctulariaceae-Punctularia_strigosozonata_XP_007378777.1              73.12%    passed     32.02%
  49  Eukaryota-Basidiomycota-Microbotryomycetes-Sporidiobolales-Sporidiobolaceae-Rhodotorula_toruloides_XP_016269969.1         74.29%    passed     89.08%
  50  Eukaryota-Brachiopoda-Lingulata-Lingulida-Lingulidae-Lingula_anatina_XP_013390246.2                                       72.02%    passed     80.83%
  51  Eukaryota-Cercozoa-Chlorarachniophyceae-NA-NA-Bigelowiella_natans_CCMP2755_jgi57641                                       65.38%    passed     36.37%
  52  Eukaryota-Cercozoa-NA-Euglyphida-Paulinellidae-Paulinella_chromatophora_scaffold7490-size1535_m.59944                     63.40%    failed      1.10%
  53  Eukaryota-Chlorophyta-Chlorophyceae-Sphaeropleales-Selenastraceae-Monoraphidium_neglectum_XP_013906549.1                  71.66%    failed      0.00%
  54  Eukaryota-Chlorophyta-NA-NA-NA-Tetraselmis_sp_MMETSP0419_c5409_g1_i1.p1                                                   72.46%    passed      6.23%
  55  Eukaryota-Choanoflagellata-Choanoflagellata-Choanoflagellata-NA-Acanthoeca_sp_MMETSP0105_c1029_g1_i1.p1                   63.48%    failed      3.24%
  56  Eukaryota-Chordata-Aves-Galliformes-Phasianidae-Gallus_gallus_NP_001006290.1                                              73.92%    passed     80.19%
  57  Eukaryota-Chordata-NA-Squamata-Viperidae-Protobothrops_mucrosquamatus_XP_015685257.1                                      73.78%    passed     21.33%
  58  Eukaryota-Chromeraceae-NA-NA-NA-Chromera_velia_MMETSP0290_c47484_g1_i1.p1                                                 70.78%    passed     83.72%
  59  Eukaryota-Chromeraceae-NA-NA-NA-Vitrella_brassicaformis_MMETSP1451_c4024_g1_i1.p1                                         69.54%    passed     53.39%
  60  Eukaryota-Ciliophora-NA-Unranked-NA-Climacostomum_virens_MMETSP1397_c8546_g1_i1.p1                                        76.99%    passed     44.96%
  61  Eukaryota-Ciliophora-NA-Unranked-NA-Euplotes_focardii_MMETSP0206_TR16820-c0_g1_i1.p1                                      92.26%    passed     18.73%
  62  Eukaryota-Cnidaria-Anthozoa-Actiniaria-Aiptasiidae-Exaiptasia_pallida_XP_020903852.1                                      71.15%    passed     64.32%
  63  Eukaryota-Cnidaria-Anthozoa-Actiniaria-Edwardsiidae-Nematostella_vectensis_XP_001637526.1                                 73.27%    passed     86.09%
  64  Eukaryota-Cryptophyta-NA-Goniomondales-NA-Goniomonas_sp_MMETSP0114_c15973_g1_i1.p1                                        68.30%    passed     90.51%
  65  Eukaryota-Cryptophyta-NA-Pyrenomonadales-Pyrenomonadaceae-Rhodomonas_lens_MMETSP0484_c28491_g1_i1.p1                      70.85%    passed     47.91%
  66  Eukaryota-Dictyosteliales-Dictyosteliales-Dictyosteliales-Dictyosteliaceae-Dictyostelium_discoideum_XP_637270.1           43.61%    failed      0.00%
  67  Eukaryota-Echinodermata-Asteroidea-Valvatida-Acanthasteridae-Acanthaster_planci_XP_022083748.1                            73.92%    passed     66.71%
  68  Eukaryota-Echinodermata-Echinoidea-Echinoida-Strongylocentrotidae-Strongylocentrotus_purpuratus_XP_785367.3               70.71%    passed     69.51%
  69  Eukaryota-Entamoebidae-NA-NA-NA-Entamoeba_histolytica_XP_655082.1                                                         74.58%    failed      1.90%
  70  Eukaryota-Euglenida-NA-Eutreptiales-NA-Eutreptiella_gymnastica-like_MMETSP0809_c47135_g1_i1.p1                            84.44%    passed     80.68%
  71  Eukaryota-Glaucophyta-Glaucophyta-Gloeochaetales-Gloeochaetaceae-Gloeochaete_witrockiana_MMETSP0308_c1071_g1_i1.p1        74.51%    passed     97.62%
  72  Eukaryota-Haptophyta-NA-Isochrysidales-Noelaerhabdaceae-Emiliania_huxleyi_MMETSP1155_c33544_g1_i1.p1                      66.54%    failed      0.21%
  73  Eukaryota-Haptophyta-NA-Prymnesiales-NA-Isochrysis_sp_MMETSP1388_c19958_g1_i1.p1                                          67.20%    failed      0.41%
  74  Eukaryota-Hemichordata-Enteropneusta-NA-Harrimaniidae-Saccoglossus_kowalevskii_XP_006814765.1                             74.14%    passed     77.48%
  75  Eukaryota-Heterolobosea-NA-NA-Vahlkampfiidae-Naegleria_gruberi_jgi37886                                                   75.97%    failed      0.02%
  76  Eukaryota-Kinetoplastida-Kinetoplastida-Kinetoplastida-Trypanosomatidae-Leishmania_braziliensis_XP_001568318.1            73.70%    passed     49.56%
  77  Eukaryota-Kinetoplastida-Kinetoplastida-Kinetoplastida-Trypanosomatidae-Leptomonas_pyrrhocoris_XP_015664613.1             71.66%    passed     27.58%
  78  Eukaryota-Longamoebia-Longamoebia-Longamoebia-Acanthamoebidae-Acanthamoeba_castellanii_XP_004336844.1                     85.54%    passed     99.37%
  79  Eukaryota-Mesomycetozoea-Ichthyosporea-Ichthyophonida-NA-Sphaeroforma_arctica_XP_014151204.1                              78.67%    passed     94.10%
  80  Eukaryota-Mesomycetozoea-Ichthyosporea-NA-NA-Capsaspora_owczarzaki_XP_004346776.2                                         74.29%    passed     15.62%
  81  Eukaryota-Mollusca-Bivalvia-Pectinoida-Pectinidae-Mizuhopecten_yessoensis_XP_021355938.1                                  73.34%    passed     16.11%
  82  Eukaryota-Mollusca-Gastropoda-NA-Lottiidae-Lottia_gigantea_jgi138054                                                      74.87%    passed     97.01%
  83  Eukaryota-Nematoda-Chromadorea-Rhabditida-Onchocercidae-Loa_loa_XP_003145206.1                                            73.12%    passed     94.57%
  84  Eukaryota-Nematoda-Enoplea-Trichinellida-Trichinellidae-Trichinella_spiralis_XP_003379631.1                               74.58%    passed     52.84%
  85  Eukaryota-Palpitomonas-NA-NA-NA-Palpitomonas_bilix_MMETSP0780_c7420_g1_i2.p1                                              75.09%    passed     58.83%
  86  Eukaryota-Perkinsozoa-NA-Perkinsida-Perkinsidae-Perkinsus_marinus_XP_002787337.1                                          77.79%    passed     86.99%
  87  Eukaryota-Placozoa-NA-NA-Trichoplacidae-Trichoplax_adhaerens_XP_002117115.1                                               70.85%    passed     24.03%
  88  Eukaryota-Platyhelminthes-Cestoda-Cyclophyllidea-Taeniidae-Echinococcus_granulosus_XP_024349094.1                         73.56%    passed     76.15%
  89  Eukaryota-Platyhelminthes-Trematoda-Strigeidida-Schistosomatidae-Schistosoma_mansoni_XP_018647850.1                       74.58%    passed     64.79%
  90  Eukaryota-Porifera-Demospongiae-Haplosclerida-Niphatidae-Amphimedon_queenslandica_XP_003385387.1                          74.51%    passed     42.93%
  91  Eukaryota-Priapulida-Priapulimorpha-Priapulimorphida-Priapulidae-Priapulus_caudatus_XP_014667618.1                        73.63%    passed     99.76%
  92  Eukaryota-Retaria-NA-NA-NA-Ammonia_sp_MMETSP1384_c9232_g1_i1.p1                                                           67.86%    passed     14.19%
  93  Eukaryota-Retaria-NA-NA-NA-Sorites_sp_MMETSP0191_c14071_g1_i1.p1                                                          68.37%    failed      0.00%
  94  Eukaryota-Rhodophyta-Bangiophyceae-NA-NA-Rhodella_maculata_MMETSP0167_c19051_g1_i1.p1                                     79.11%    passed     71.52%
  95  Eukaryota-Rhodophyta-Compsopogonophyceae-NA-NA-Madagascaria_erythrocladiodes_MMETSP1450_c11026_g1_i1.p2                   66.03%    failed      0.27%
  96  Eukaryota-Stramenopiles-NA-NA-NA-Helicotheca_tamensis_MMETSP1171_c3866_g1_i1.p1                                           67.20%    passed     23.24%
  97  Eukaryota-Stramenopiles-NA-NA-NA-Odontella_aurita_MMETSP0015_c33372_g1_i1.p1                                              65.67%    passed     88.93%
  98  Eukaryota-Stramenopiles-Oomycetes-Peronosporales-Peronosporaceae-Phytophthora_parasitica_XP_008913520.1                   66.76%    passed     20.32%
  99  Eukaryota-Streptophyta-NA-Fabales-Fabaceae-Vigna_radiata_XP_014509457.1                                                   73.34%    passed      8.83%
 100  Eukaryota-Streptophyta-NA-Gentianales-Rubiaceae-Coffea_eugenioides_XP_027185230.1                                         73.48%    passed     46.34%
 101  Eukaryota-Trichomonadida-Trichomonadida-Trichomonadida-Trichomonadidae-Trichomonas_vaginalis_XP_001317231.1               46.53%    passed     14.13%
 102  MSTRG.4653.2.p1                                                                                                           58.44%    failed      2.88%
WARNING: 96 sequences contain more than 50% gaps/ambiguity
****  TOTAL                                                                                                                     71.19%  37 sequences failed composition chi2 test (p-value<5%; df=19)


Create initial parsimony tree by phylogenetic likelihood library (PLL)... 0.168 seconds
NOTE: ModelFinder requires 210 MB RAM!
ModelFinder will test 546 protein models (sample size: 1369) ...
 No. Model         -LnL         df  AIC          AICc         BIC
Measuring multi-threading efficiency up to 2 CPU cores
19 trees examined
Threads: 1 / Time: 2.020 sec / Speedup: 1.000 / Efficiency: 100% / LogL: -90694
Threads: 2 / Time: 1.060 sec / Speedup: 1.906 / Efficiency: 95% / LogL: -90694
BEST NUMBER OF THREADS: 2

  1  Dayhoff       73336.897    201 147075.795   147145.378   148125.384
  2  Dayhoff+I     72933.258    202 146270.516   146340.852   147325.327
  3  Dayhoff+G4    70617.328    202 141638.656   141708.992   142693.467
  4  Dayhoff+I+G4  70535.786    203 141477.572   141548.665   142537.605
  5  Dayhoff+R2    71184.952    203 142775.904   142846.998   143835.937
  6  Dayhoff+R3    70678.685    205 141767.369   141839.992   142837.846
  7  Dayhoff+R4    70498.302    207 141410.604   141484.775   142491.524
  8  Dayhoff+R5    70422.842    209 141263.684   141339.422   142355.048
  9  Dayhoff+R6    70395.591    211 141213.182   141290.506   142314.989
 10  Dayhoff+R7    70387.877    213 141201.754   141280.684   142314.005
 11  Dayhoff+R8    70375.594    215 141181.188   141261.743   142303.882
 12  Dayhoff+R9    70368.238    217 141170.476   141252.676   142303.615
 13  Dayhoff+R10   70364.519    219 141167.038   141250.902   142310.620
 14  Dayhoff+F     73083.894    220 146607.788   146692.492   147756.592
 15  Dayhoff+F+I   72686.138    221 145814.275   145899.824   146968.301
 16  Dayhoff+F+G4  70331.638    221 141105.276   141190.825   142259.302
 17  Dayhoff+F+I+G4 70244.381    222 140932.761   141019.159   142092.009
 18  Dayhoff+F+R2  70906.729    222 142257.458   142343.856   143416.706
 19  Dayhoff+F+R3  70394.184    224 141236.368   141324.480   142406.060
 20  Dayhoff+F+R4  70196.108    226 140844.217   140934.062   142024.351
 21  Dayhoff+F+R5  70129.874    228 140715.748   140807.348   141906.326
 22  Dayhoff+F+R6  70109.337    230 140678.674   140772.049   141879.697
 23  Dayhoff+F+R7  70102.653    232 140669.305   140764.474   141880.771
 27  mtMAM         81305.240    201 163012.479   163082.063   164062.068
 28  mtMAM+I       80897.215    202 162198.429   162268.766   163253.240
 29  mtMAM+G4      74937.518    202 150279.035   150349.371   151333.846
 30  mtMAM+I+G4    74886.921    203 150179.843   150250.937   151239.876
 31  mtMAM+R2      76064.821    203 152535.642   152606.736   153595.675
 32  mtMAM+R3      75226.512    205 150863.024   150935.647   151933.501
 33  mtMAM+R4      74814.188    207 150042.375   150116.546   151123.295
 34  mtMAM+R5      74710.484    209 149838.968   149914.705   150930.331
 35  mtMAM+R6      74648.420    211 149718.841   149796.165   150820.648
 36  mtMAM+R7      74602.673    213 149631.345   149710.275   150743.596
 37  mtMAM+R8      74560.051    215 149550.102   149630.657   150672.797
 38  mtMAM+R9      74533.236    217 149500.472   149582.672   150633.611
 39  mtMAM+R10     74526.937    219 149491.873   149575.738   150635.456
 40  mtMAM+F       77036.505    220 154513.011   154597.715   155661.815
 41  mtMAM+F+I     76542.607    221 153527.214   153612.762   154681.240
 42  mtMAM+F+G4    72237.581    221 144917.163   145002.711   146071.188
 43  mtMAM+F+I+G4  72162.401    222 144768.801   144855.199   145928.049
 44  mtMAM+F+R2    73173.566    222 146791.133   146877.531   147950.380
 45  mtMAM+F+R3    72517.921    224 145483.841   145571.953   146653.533
 46  mtMAM+F+R4    72198.558    226 144849.116   144938.962   146029.251
 47  mtMAM+F+R5    72087.662    228 144631.323   144722.923   145821.902
 48  mtMAM+F+R6    72032.287    230 144524.574   144617.948   145725.596
 49  mtMAM+F+R7    71994.658    232 144453.316   144548.485   145664.782
 50  mtMAM+F+R8    71957.513    234 144383.026   144480.010   145604.936
 51  mtMAM+F+R9    71933.460    236 144338.920   144437.740   145571.273
 52  mtMAM+F+R10   71921.885    238 144319.771   144420.447   145562.568
 53  JTT           72869.185    201 146140.370   146209.953   147189.959
 54  JTT+I         72449.151    202 145302.303   145372.639   146357.113
 55  JTT+G4        70071.054    202 140546.107   140616.443   141600.918
 56  JTT+I+G4      69976.210    203 140358.420   140429.514   141418.453
 57  JTT+R2        70611.916    203 141629.833   141700.926   142689.865
 58  JTT+R3        70109.711    205 140629.423   140702.045   141699.899
 59  JTT+R4        69922.237    207 140258.474   140332.644   141339.394
 60  JTT+R5        69860.735    209 140139.470   140215.208   141230.834
 61  JTT+R6        69843.902    211 140109.805   140187.129   141211.612
 62  JTT+R7        69840.324    213 140106.648   140185.577   141218.899
 66  JTT+F         72760.902    220 145961.804   146046.508   147110.608
 67  JTT+F+I       72353.125    221 145148.249   145233.798   146302.275
 68  JTT+F+G4      70001.293    221 140444.586   140530.135   141598.612
 69  JTT+F+I+G4    69911.695    222 140267.389   140353.787   141426.637
 70  JTT+F+R2      70539.700    222 141523.401   141609.799   142682.648
 71  JTT+F+R3      70045.243    224 140538.486   140626.598   141708.177
 72  JTT+F+R4      69853.623    226 140159.246   140249.092   141339.381
 73  JTT+F+R5      69794.738    228 140045.476   140137.076   141236.055
 74  JTT+F+R6      69778.250    230 140016.501   140109.875   141217.523
 75  JTT+F+R7      69774.994    232 140013.987   140109.156   141225.453
 79  WAG           71680.225    201 143762.450   143832.033   144812.039
 80  WAG+I         71290.186    202 142984.372   143054.708   144039.183
 81  WAG+G4        69443.555    202 139291.110   139361.446   140345.921
 82  WAG+I+G4      69358.791    203 139123.582   139194.675   140183.614
 83  WAG+R2        69887.951    203 140181.903   140252.996   141241.935
 84  WAG+R3        69450.100    205 139310.200   139382.822   140380.676
 85  WAG+R4        69311.239    207 139036.478   139110.649   140117.398
 86  WAG+R5        69243.181    209 138904.362   138980.100   139995.726
 87  WAG+R6        69237.006    211 138896.013   138973.337   139997.820
 92  WAG+F         71522.957    220 143485.914   143570.617   144634.717
 93  WAG+F+I       71144.130    221 142730.260   142815.808   143884.285
 94  WAG+F+G4      69302.999    221 139047.998   139133.547   140202.024
 95  WAG+F+I+G4    69223.026    222 138890.053   138976.451   140049.300
 96  WAG+F+R2      69746.862    222 139937.725   140024.123   141096.972
 97  WAG+F+R3      69312.914    224 139073.827   139161.939   140243.519
 98  WAG+F+R4      69177.860    226 138807.720   138897.566   139987.855
 99  WAG+F+R5      69107.994    228 138671.989   138763.589   139862.568
100  WAG+F+R6      69100.192    230 138660.384   138753.758   139861.406
101  WAG+F+R7      69098.574    232 138661.148   138756.317   139872.614
105  cpREV         72198.222    201 144798.443   144868.027   145848.032
106  cpREV+I       71888.259    202 144180.519   144250.855   145235.330
107  cpREV+G4      69932.577    202 140269.154   140339.490   141323.965
108  cpREV+I+G4    69876.014    203 140158.027   140229.121   141218.060
109  cpREV+R2      70405.528    203 141217.057   141288.151   142277.090
110  cpREV+R3      69956.183    205 140322.366   140394.988   141392.842
111  cpREV+R4      69823.943    207 140061.885   140136.056   141142.805
112  cpREV+R5      69755.015    209 139928.030   140003.768   141019.394
113  cpREV+R6      69746.538    211 139915.076   139992.400   141016.883
114  cpREV+R7      69742.343    213 139910.686   139989.615   141022.937
118  cpREV+F       71928.519    220 144297.039   144381.743   145445.843
119  cpREV+F+I     71609.551    221 143661.101   143746.650   144815.127
120  cpREV+F+G4    69659.745    221 139761.490   139847.039   140915.516
121  cpREV+F+I+G4  69598.518    222 139641.036   139727.434   140800.284
122  cpREV+F+R2    70153.737    222 140751.473   140837.871   141910.721
123  cpREV+F+R3    69706.082    224 139860.163   139948.275   141029.854
124  cpREV+F+R4    69548.627    226 139549.253   139639.099   140729.388
125  cpREV+F+R5    69479.684    228 139415.369   139506.969   140605.947
126  cpREV+F+R6    69470.462    230 139400.923   139494.298   140601.945
127  cpREV+F+R7    69465.994    232 139395.989   139491.158   140607.455
131  mtREV         77646.797    201 155695.593   155765.177   156745.182
132  mtREV+I       77354.046    202 155112.093   155182.429   156166.904
133  mtREV+G4      73548.095    202 147500.191   147570.527   148555.002
134  mtREV+I+G4    73487.036    203 147380.072   147451.165   148440.104
135  mtREV+R2      74108.554    203 148623.108   148694.202   149683.141
136  mtREV+R3      73596.118    205 147602.237   147674.859   148672.713
137  mtREV+R4      73398.611    207 147211.221   147285.392   148292.141
138  mtREV+R5      73297.659    209 147013.317   147089.055   148104.681
139  mtREV+R6      73277.173    211 146976.346   147053.670   148078.153
140  mtREV+R7      73269.598    213 146965.197   147044.127   148077.448
141  mtREV+R8      73245.940    215 146921.880   147002.435   148044.574
142  mtREV+R9      73239.073    217 146912.146   146994.346   148045.285
144  mtREV+F       73918.292    220 148276.584   148361.288   149425.388
145  mtREV+F+I     73527.442    221 147496.884   147582.433   148650.910
146  mtREV+F+G4    70720.788    221 141883.577   141969.125   143037.603
147  mtREV+F+I+G4  70575.997    222 141595.995   141682.393   142755.242
148  mtREV+F+R2    71309.425    222 143062.850   143149.248   144222.098
149  mtREV+F+R3    70749.963    224 141947.926   142036.038   143117.617
150  mtREV+F+R4    70519.101    226 141490.201   141580.047   142670.336
151  mtREV+F+R5    70439.426    228 141334.852   141426.452   142525.430
152  mtREV+F+R6    70418.657    230 141297.314   141390.688   142498.336
153  mtREV+F+R7    70408.979    232 141281.957   141377.126   142493.423
154  mtREV+F+R8    70392.805    234 141253.610   141350.594   142475.520
155  mtREV+F+R9    70387.446    236 141246.891   141345.711   142479.245
157  rtREV         72555.629    201 145513.257   145582.841   146562.846
158  rtREV+I       72167.429    202 144738.859   144809.195   145793.670
159  rtREV+G4      69849.298    202 140102.597   140172.933   141157.408
160  rtREV+I+G4    69761.563    203 139929.126   140000.219   140989.158
161  rtREV+R2      70385.992    203 141177.984   141249.077   142238.016
162  rtREV+R3      69880.750    205 140171.500   140244.123   141241.977
163  rtREV+R4      69715.314    207 139844.629   139918.799   140925.549
164  rtREV+R5      69645.509    209 139709.018   139784.756   140800.382
165  rtREV+R6      69633.980    211 139689.960   139767.284   140791.767
166  rtREV+R7      69631.557    213 139689.115   139768.044   140801.366
170  rtREV+F       72105.990    220 144651.981   144736.685   145800.785
171  rtREV+F+I     71748.921    221 143939.841   144025.390   145093.867
172  rtREV+F+G4    69344.159    221 139130.318   139215.866   140284.343
173  rtREV+F+I+G4  69267.004    222 138978.007   139064.405   140137.255
174  rtREV+F+R2    69897.745    222 140239.491   140325.889   141398.738
175  rtREV+F+R3    69398.320    224 139244.641   139332.752   140414.332
176  rtREV+F+R4    69219.180    226 138890.360   138980.206   140070.495
177  rtREV+F+R5    69141.107    228 138738.215   138829.815   139928.793
178  rtREV+F+R6    69130.379    230 138720.757   138814.132   139921.780
179  rtREV+F+R7    69127.703    232 138719.407   138814.576   139930.872
183  mtART         79948.733    201 160299.466   160369.049   161349.055
184  mtART+I       79797.037    202 159998.075   160068.411   161052.886
185  mtART+G4      74184.124    202 148772.248   148842.584   149827.059
186  mtART+I+G4    74175.425    203 148756.851   148827.944   149816.884
187  mtART+R2      75059.587    203 150525.174   150596.268   151585.207
188  mtART+R3      74324.507    205 149059.014   149131.636   150129.490
189  mtART+R4      74081.182    207 148576.364   148650.534   149657.284
190  mtART+R5      73957.632    209 148333.265   148409.002   149424.628
191  mtART+R6      73933.687    211 148289.374   148366.698   149391.181
192  mtART+R7      73921.051    213 148268.101   148347.031   149380.352
193  mtART+R8      73876.084    215 148182.169   148262.724   149304.863
194  mtART+R9      73864.352    217 148162.703   148244.903   149295.842
195  mtART+R10     73830.579    219 148099.159   148183.023   149242.741
196  mtART+F       75677.263    220 151794.527   151879.231   152943.331
197  mtART+F+I     75455.750    221 151353.499   151439.048   152507.525
198  mtART+F+G4    71109.688    221 142661.377   142746.925   143815.403
199  mtART+F+I+G4  71083.419    222 142610.839   142697.237   143770.086
200  mtART+F+R2    71946.996    222 144337.992   144424.390   145497.239
201  mtART+F+R3    71325.641    224 143099.282   143187.394   144268.973
202  mtART+F+R4    71082.259    226 142616.518   142706.364   143796.653
203  mtART+F+R5    70947.292    228 142350.585   142442.185   143541.164
204  mtART+F+R6    70932.273    230 142324.546   142417.920   143525.568
205  mtART+F+R7    70918.503    232 142301.005   142396.174   143512.471
206  mtART+F+R8    70865.040    234 142198.080   142295.064   143419.990
207  mtART+F+R9    70849.992    236 142171.983   142270.803   143404.336
208  mtART+F+R10   70817.619    238 142111.238   142211.914   143354.035
209  mtZOA         77534.306    201 155470.612   155540.195   156520.201
210  mtZOA+I       77359.563    202 155123.125   155193.461   156177.936
211  mtZOA+G4      72492.325    202 145388.649   145458.986   146443.460
212  mtZOA+I+G4    72483.032    203 145372.065   145443.159   146432.098
213  mtZOA+R2      73141.346    203 146688.692   146759.785   147748.724
214  mtZOA+R3      72598.535    205 145607.069   145679.692   146677.546
215  mtZOA+R4      72369.755    207 145153.511   145227.681   146234.431
216  mtZOA+R5      72275.095    209 144968.189   145043.927   146059.553
217  mtZOA+R6      72255.821    211 144933.643   145010.967   146035.450
218  mtZOA+R7      72247.030    213 144920.061   144998.991   146032.312
219  mtZOA+R8      72217.839    215 144865.678   144946.233   145988.373
220  mtZOA+R9      72209.793    217 144853.587   144935.787   145986.725
221  mtZOA+R10     72196.478    219 144830.956   144914.820   145974.538
222  mtZOA+F       74406.300    220 149252.601   149337.305   150401.405
223  mtZOA+F+I     74140.370    221 148722.741   148808.289   149876.767
224  mtZOA+F+G4    70443.910    221 141329.820   141415.369   142483.846
225  mtZOA+F+I+G4  70401.735    222 141247.471   141333.869   142406.718
226  mtZOA+F+R2    71219.315    222 142882.630   142969.028   144041.878
227  mtZOA+F+R3    70600.154    224 141648.308   141736.420   142817.999
228  mtZOA+F+R4    70401.804    226 141255.608   141345.454   142435.743
229  mtZOA+F+R5    70288.116    228 141032.233   141123.833   142222.811
230  mtZOA+F+R6    70269.779    230 140999.557   141092.932   142200.580
231  mtZOA+F+R7    70260.592    232 140985.185   141080.354   142196.651
232  mtZOA+F+R8    70230.256    234 140928.512   141025.496   142150.421
233  mtZOA+F+R9    70220.451    236 140912.902   141011.722   142145.255
234  mtZOA+F+R10   70196.179    238 140868.359   140969.035   142111.155
235  VT            71700.594    201 143803.188   143872.772   144852.777
236  VT+I          71321.511    202 143047.022   143117.359   144101.833
237  VT+G4         69461.144    202 139326.289   139396.625   140381.100
238  VT+I+G4       69370.991    203 139147.982   139219.075   140208.014
239  VT+R2         69869.113    203 140144.225   140215.319   141204.258
240  VT+R3         69451.578    205 139313.156   139385.779   140383.632
241  VT+R4         69303.425    207 139020.849   139095.020   140101.769
242  VT+R5         69250.874    209 138919.747   138995.485   140011.111
243  VT+R6         69244.126    211 138910.252   138987.576   140012.060
248  VT+F          71592.050    220 143624.101   143708.805   144772.905
249  VT+F+I        71225.310    221 142892.619   142978.167   144046.645
250  VT+F+G4       69391.077    221 139224.154   139309.703   140378.180
251  VT+F+I+G4     69308.680    222 139061.361   139147.759   140220.608
252  VT+F+R2       69793.330    222 140030.661   140117.059   141189.908
253  VT+F+R3       69382.163    224 139212.327   139300.439   140382.018
254  VT+F+R4       69239.153    226 138930.306   139020.152   140110.441
255  VT+F+R5       69187.022    228 138830.044   138921.644   140020.622
256  VT+F+R6       69180.228    230 138820.455   138913.829   140021.477
261  LG            71943.437    201 144288.875   144358.458   145338.464
262  LG+I          71546.441    202 143496.882   143567.219   144551.693
263  LG+G4         69116.100    202 138636.200   138706.536   139691.010
264  LG+I+G4       69029.062    203 138464.123   138535.217   139524.156
265  LG+R2         69680.941    203 139767.883   139838.976   140827.915
266  LG+R3         69173.069    205 138756.137   138828.760   139826.614
267  LG+R4         68990.301    207 138394.601   138468.772   139475.521
268  LG+R5         68920.474    209 138258.949   138334.686   139350.312
269  LG+R6         68900.445    211 138222.890   138300.214   139324.697
270  LG+R7         68900.211    213 138226.422   138305.351   139338.673
274  LG+F          71888.334    220 144216.667   144301.371   145365.471
275  LG+F+I        71512.156    221 143466.313   143551.861   144620.339
276  LG+F+G4       69110.225    221 138662.449   138747.998   139816.475
277  LG+F+I+G4     69029.808    222 138503.615   138590.013   139662.863
278  LG+F+R2       69668.370    222 139780.741   139867.139   140939.988
279  LG+F+R3       69172.045    224 138792.090   138880.202   139961.782
280  LG+F+R4       68990.732    226 138433.465   138523.311   139613.600
281  LG+F+R5       68916.505    228 138289.009   138380.609   139479.588
282  LG+F+R6       68900.247    230 138260.495   138353.869   139461.517
283  LG+F+R7       68899.758    232 138263.516   138358.685   139474.982
287  DCMut         73330.209    201 147062.419   147132.002   148112.008
288  DCMut+I       72926.772    202 146257.544   146327.881   147312.355
289  DCMut+G4      70616.865    202 141637.729   141708.066   142692.540
290  DCMut+I+G4    70535.303    203 141476.606   141547.699   142536.638
291  DCMut+R2      71178.000    203 142762.001   142833.094   143822.033
292  DCMut+R3      70675.872    205 141761.744   141834.367   142832.221
293  DCMut+R4      70483.059    207 141380.118   141454.288   142461.038
294  DCMut+R5      70405.913    209 141229.826   141305.564   142321.190
295  DCMut+R6      70393.570    211 141209.140   141286.464   142310.947
296  DCMut+R7      70392.527    213 141211.055   141289.984   142323.306
300  DCMut+F       73076.749    220 146593.498   146678.201   147742.301
301  DCMut+F+I     72679.299    221 145800.598   145886.146   146954.623
302  DCMut+F+G4    70330.792    221 141103.584   141189.132   142257.610
303  DCMut+F+I+G4  70243.564    222 140931.127   141017.525   142090.375
304  DCMut+F+R2    70904.110    222 142252.219   142338.617   143411.467
305  DCMut+F+R3    70390.970    224 141229.941   141318.053   142399.632
306  DCMut+F+R4    70193.612    226 140839.225   140929.070   142019.359
307  DCMut+F+R5    70114.424    228 140684.847   140776.447   141875.426
308  DCMut+F+R6    70106.822    230 140673.645   140767.019   141874.667
309  DCMut+F+R7    70105.675    232 140675.350   140770.519   141886.816
313  PMB           71661.704    201 143725.408   143794.992   144774.997
314  PMB+I         71372.150    202 143148.301   143218.637   144203.112
315  PMB+G4        69590.467    202 139584.933   139655.269   140639.744
316  PMB+I+G4      69530.650    203 139467.299   139538.393   140527.332
317  PMB+R2        69969.800    203 140345.599   140416.693   141405.632
318  PMB+R3        69570.476    205 139550.952   139623.575   140621.428
319  PMB+R4        69446.748    207 139307.495   139381.666   140388.415
320  PMB+R5        69399.680    209 139217.359   139293.097   140308.723
321  PMB+R6        69391.338    211 139204.677   139282.001   140306.484
322  PMB+R7        69391.255    213 139208.510   139287.440   140320.761
326  PMB+F         71553.520    220 143547.041   143631.745   144695.845
327  PMB+F+I       71257.962    221 142957.923   143043.472   144111.949
328  PMB+F+G4      69501.755    221 139445.510   139531.059   140599.536
329  PMB+F+I+G4    69443.347    222 139330.695   139417.092   140489.942
330  PMB+F+R2      69894.311    222 140232.622   140319.020   141391.869
331  PMB+F+R3      69488.691    224 139425.382   139513.494   140595.073
332  PMB+F+R4      69369.465    226 139190.931   139280.777   140371.066
333  PMB+F+R5      69317.216    228 139090.432   139182.032   140281.011
334  PMB+F+R6      69306.869    230 139073.739   139167.113   140274.761
335  PMB+F+R7      69306.731    232 139077.463   139172.632   140288.929
339  HIVb          74946.411    201 150294.822   150364.406   151344.411
340  HIVb+I        74453.320    202 149310.639   149380.975   150365.450
341  HIVb+G4       71624.697    202 143653.393   143723.729   144708.204
342  HIVb+I+G4     71528.192    203 143462.383   143533.477   144522.416
343  HIVb+R2       72322.780    203 145051.560   145122.653   146111.592
344  HIVb+R3       71722.390    205 143854.780   143927.402   144925.256
345  HIVb+R4       71490.304    207 143394.609   143468.779   144475.529
346  HIVb+R5       71408.608    209 143235.216   143310.953   144326.579
347  HIVb+R6       71377.630    211 143177.260   143254.584   144279.067
348  HIVb+R7       71377.322    213 143180.644   143259.574   144292.895
352  HIVb+F        74764.066    220 149968.132   150052.836   151116.936
353  HIVb+F+I      74303.330    221 149048.661   149134.209   150202.686
354  HIVb+F+G4     71368.067    221 143178.134   143263.682   144332.160
355  HIVb+F+I+G4   71281.796    222 143007.592   143093.990   144166.840
356  HIVb+F+R2     72091.532    222 144627.063   144713.461   145786.311
357  HIVb+F+R3     71476.419    224 143400.837   143488.949   144570.529
358  HIVb+F+R4     71243.794    226 142939.588   143029.434   144119.723
359  HIVb+F+R5     71162.365    228 142780.731   142872.331   143971.310
360  HIVb+F+R6     71128.826    230 142717.651   142811.025   143918.673
361  HIVb+F+R7     71128.397    232 142720.795   142815.964   143932.261
365  HIVw          78283.402    201 156968.804   157038.387   158018.393
366  HIVw+I        77731.860    202 155867.720   155938.056   156922.531
367  HIVw+G4       75006.440    202 150416.881   150487.217   151471.692
368  HIVw+I+G4     74901.018    203 150208.036   150279.129   151268.068
369  HIVw+R2       75785.526    203 151977.052   152048.145   153037.085
370  HIVw+R3       75128.184    205 150666.368   150738.991   151736.845
371  HIVw+R4       74913.632    207 150241.264   150315.434   151322.184
372  HIVw+R5       74830.582    209 150079.164   150154.901   151170.527
373  HIVw+R6       74795.882    211 150013.764   150091.088   151115.572
374  HIVw+R7       74794.977    213 150015.955   150094.885   151128.206
378  HIVw+F        76672.121    220 153784.242   153868.946   154933.046
379  HIVw+F+I      76167.490    221 152776.980   152862.529   153931.006
380  HIVw+F+G4     73374.762    221 147191.523   147277.071   148345.549
381  HIVw+F+I+G4   73278.458    222 147000.916   147087.314   148160.163
382  HIVw+F+R2     74111.872    222 148667.743   148754.141   149826.991
383  HIVw+F+R3     73479.190    224 147406.379   147494.491   148576.071
384  HIVw+F+R4     73264.896    226 146981.793   147071.639   148161.928
385  HIVw+F+R5     73193.122    228 146842.244   146933.844   148032.822
386  HIVw+F+R6     73165.034    230 146790.068   146883.443   147991.090
387  HIVw+F+R7     73164.478    232 146792.955   146888.124   148004.421
391  JTTDCMut      72847.602    201 146097.204   146166.788   147146.793
392  JTTDCMut+I    72425.597    202 145255.193   145325.530   146310.004
393  JTTDCMut+G4   70062.656    202 140529.311   140599.648   141584.122
394  JTTDCMut+I+G4 69967.344    203 140340.689   140411.782   141400.721
395  JTTDCMut+R2   70604.533    203 141615.065   141686.159   142675.098
396  JTTDCMut+R3   70103.234    205 140616.468   140689.091   141686.944
397  JTTDCMut+R4   69913.545    207 140241.091   140315.261   141322.011
398  JTTDCMut+R5   69850.425    209 140118.851   140194.588   141210.214
399  JTTDCMut+R6   69834.001    211 140090.001   140167.325   141191.808
400  JTTDCMut+R7   69833.996    213 140093.993   140172.922   141206.244
404  JTTDCMut+F    72744.876    220 145929.752   146014.456   147078.556
405  JTTDCMut+F+I  72336.256    221 145114.513   145200.061   146268.538
406  JTTDCMut+F+G4 69992.115    221 140426.231   140511.779   141580.256
407  JTTDCMut+F+I+G4 69902.787    222 140249.573   140335.971   141408.821
408  JTTDCMut+F+R2 70532.352    222 141508.704   141595.102   142667.952
409  JTTDCMut+F+R3 70037.866    224 140523.732   140611.843   141693.423
410  JTTDCMut+F+R4 69845.748    226 140143.495   140233.341   141323.630
411  JTTDCMut+F+R5 69783.637    228 140023.275   140114.875   141213.854
412  JTTDCMut+F+R6 69768.689    230 139997.379   140090.753   141198.401
413  JTTDCMut+F+R7 69768.678    232 140001.356   140096.525   141212.821
417  FLU           74694.157    201 149790.313   149859.897   150839.902
418  FLU+I         74268.042    202 148940.083   149010.420   149994.894
419  FLU+G4        71680.114    202 143764.228   143834.564   144819.038
420  FLU+I+G4      71596.384    203 143598.769   143669.862   144658.802
421  FLU+R2        72312.875    203 145031.750   145102.843   146091.782
422  FLU+R3        71769.773    205 143949.547   144022.169   145020.023
423  FLU+R4        71591.964    207 143597.929   143672.099   144678.849
424  FLU+R5        71496.462    209 143410.924   143486.662   144502.288
425  FLU+R6        71482.626    211 143387.252   143464.576   144489.059
426  FLU+R7        71482.330    213 143390.661   143469.591   144502.912
430  FLU+F         74101.959    220 148643.919   148728.623   149792.723
431  FLU+F+I       73698.976    221 147839.951   147925.500   148993.977
432  FLU+F+G4      71081.716    221 142605.432   142690.981   143759.458
433  FLU+F+I+G4    71013.454    222 142470.909   142557.307   143630.156
434  FLU+F+R2      71735.079    222 143914.159   144000.556   145073.406
435  FLU+F+R3      71156.759    224 142761.518   142849.630   143931.209
436  FLU+F+R4      70997.660    226 142447.321   142537.167   143627.456
437  FLU+F+R5      70904.451    228 142264.902   142356.502   143455.481
438  FLU+F+R6      70893.955    230 142247.910   142341.284   143448.932
439  FLU+F+R7      70893.877    232 142251.755   142346.924   143463.221
443  Blosum62      71623.441    201 143648.882   143718.466   144698.471
444  Blosum62+I    71309.131    202 143022.263   143092.599   144077.074
445  Blosum62+G4   69532.954    202 139469.908   139540.244   140524.719
446  Blosum62+I+G4 69461.811    203 139329.622   139400.716   140389.655
447  Blosum62+R2   69913.934    203 140233.868   140304.962   141293.901
448  Blosum62+R3   69504.624    205 139419.248   139491.871   140489.725
449  Blosum62+R4   69377.441    207 139168.881   139243.052   140249.801
450  Blosum62+R5   69335.248    209 139088.496   139164.234   140179.860
451  Blosum62+R6   69327.860    211 139077.720   139155.044   140179.527
452  Blosum62+R7   69327.759    213 139081.518   139160.448   140193.769
456  Blosum62+F    71563.520    220 143567.040   143651.744   144715.844
457  Blosum62+F+I  71244.433    221 142930.865   143016.414   144084.891
458  Blosum62+F+G4 69501.298    221 139444.596   139530.144   140598.621
459  Blosum62+F+I+G4 69429.752    222 139303.504   139389.902   140462.751
460  Blosum62+F+R2 69887.135    222 140218.270   140304.667   141377.517
461  Blosum62+F+R3 69480.150    224 139408.301   139496.413   140577.992
462  Blosum62+F+R4 69355.571    226 139163.142   139252.988   140343.277
463  Blosum62+F+R5 69307.434    228 139070.868   139162.468   140261.447
464  Blosum62+F+R6 69299.152    230 139058.303   139151.677   140259.325
465  Blosum62+F+R7 69298.992    232 139061.984   139157.153   140273.450
469  mtMet         78369.310    201 157140.619   157210.203   158190.208
470  mtMet+I       78101.305    202 156606.609   156676.945   157661.420
471  mtMet+G4      73709.195    202 147822.390   147892.726   148877.201
472  mtMet+I+G4    73677.864    203 147761.727   147832.821   148821.760
473  mtMet+R2      74457.227    203 149320.454   149391.547   150380.487
474  mtMet+R3      73791.362    205 147992.723   148065.346   149063.200
475  mtMet+R4      73591.116    207 147596.231   147670.402   148677.151
476  mtMet+R5      73506.063    209 147430.126   147505.864   148521.490
477  mtMet+R6      73469.193    211 147360.386   147437.710   148462.193
478  mtMet+R7      73468.516    213 147363.033   147441.963   148475.284
482  mtMet+F       74556.430    220 149552.859   149637.563   150701.663
483  mtMet+F+I     74202.032    221 148846.065   148931.613   150000.091
484  mtMet+F+G4    70803.215    221 142048.430   142133.978   143202.455
485  mtMet+F+I+G4  70737.847    222 141919.695   142006.093   143078.942
486  mtMet+F+R2    71569.034    222 143582.067   143668.465   144741.315
487  mtMet+F+R3    70894.629    224 142237.258   142325.370   143406.949
488  mtMet+F+R4    70698.804    226 141849.609   141939.455   143029.744
489  mtMet+F+R5    70639.631    228 141735.263   141826.863   142925.842
490  mtMet+F+R6    70604.797    230 141669.594   141762.968   142870.616
491  mtMet+F+R7    70603.993    232 141671.986   141767.155   142883.452
495  mtVer         79583.991    201 159569.981   159639.565   160619.570
496  mtVer+I       79218.618    202 158841.237   158911.573   159896.047
497  mtVer+G4      74348.286    202 149100.572   149170.908   150155.383
498  mtVer+I+G4    74296.026    203 148998.052   149069.145   150058.084
499  mtVer+R2      75177.700    203 150761.400   150832.494   151821.433
500  mtVer+R3      74459.827    205 149329.653   149402.276   150400.130
501  mtVer+R4      74243.110    207 148900.219   148974.390   149981.140
502  mtVer+R5      74173.636    209 148765.272   148841.010   149856.636
503  mtVer+R6      74123.727    211 148669.453   148746.778   149771.261
504  mtVer+R7      74122.620    213 148671.240   148750.170   149783.491
508  mtVer+F       75971.008    220 152382.015   152466.719   153530.819
509  mtVer+F+I     75483.840    221 151409.681   151495.229   152563.706
510  mtVer+F+G4    71813.635    221 144069.270   144154.818   145223.296
511  mtVer+F+I+G4  71718.658    222 143881.317   143967.715   145040.564
512  mtVer+F+R2    72741.463    222 145926.927   146013.325   147086.174
513  mtVer+F+R3    71939.365    224 144326.731   144414.843   145496.422
514  mtVer+F+R4    71745.948    226 143943.896   144033.742   145124.031
515  mtVer+F+R5    71662.310    228 143780.619   143872.219   144971.198
516  mtVer+F+R6    71616.288    230 143692.576   143785.951   144893.599
517  mtVer+F+R7    71615.481    232 143694.962   143790.131   144906.428
521  mtInv         78123.792    201 156649.585   156719.168   157699.174
522  mtInv+I       77882.125    202 156168.250   156238.586   157223.061
523  mtInv+G4      74012.160    202 148428.320   148498.656   149483.131
524  mtInv+I+G4    73987.857    203 148381.715   148452.808   149441.747
525  mtInv+R2      74634.235    203 149674.470   149745.563   150734.502
526  mtInv+R3      74088.022    205 148586.043   148658.666   149656.519
527  mtInv+R4      73854.480    207 148122.960   148197.131   149203.880
528  mtInv+R5      73805.278    209 148028.557   148104.295   149119.921
529  mtInv+R6      73777.716    211 147977.432   148054.756   149079.239
530  mtInv+R7      73777.476    213 147980.951   148059.881   149093.202
534  mtInv+F       73601.515    220 147643.029   147727.733   148791.833
535  mtInv+F+I     73272.706    221 146987.412   147072.960   148141.437
536  mtInv+F+G4    70250.117    221 140942.234   141027.782   142096.260
537  mtInv+F+I+G4  70186.662    222 140817.324   140903.722   141976.571
538  mtInv+F+R2    70952.894    222 142349.787   142436.185   143509.035
539  mtInv+F+R3    70324.954    224 141097.909   141186.020   142267.600
540  mtInv+F+R4    70132.168    226 140716.337   140806.183   141896.472
541  mtInv+F+R5    70085.137    228 140626.274   140717.874   141816.852
542  mtInv+F+R6    70058.025    230 140576.049   140669.424   141777.072
543  mtInv+F+R7    70057.547    232 140579.093   140674.262   141790.559
Akaike Information Criterion:           LG+R6
Corrected Akaike Information Criterion: LG+R6
Bayesian Information Criterion:         LG+R6
Best-fit model: LG+R6 chosen according to BIC

All model information printed to MSTRG.4653.2.p1.pep.faa.blastp_ALL.outfmt6.parsed.filtered.faa.mafft.aln.model.gz
CPU time for ModelFinder: 8415.249 seconds (2h:20m:15s)
Wall-clock time for ModelFinder: 3965.180 seconds (1h:6m:5s)
Generating 2000 samples for ultrafast bootstrap (seed: 44791)...

NOTE: 130 MB RAM (0 GB) is required!
Measuring multi-threading efficiency up to 2 CPU cores
4 trees examined
Threads: 1 / Time: 2.318 sec / Speedup: 1.000 / Efficiency: 100% / LogL: -84793
Threads: 2 / Time: 1.161 sec / Speedup: 1.997 / Efficiency: 100% / LogL: -84793
BEST NUMBER OF THREADS: 2

Estimate model parameters (epsilon = 0.100)
1. Initial log-likelihood: -68977.680
2. Current log-likelihood: -68923.656
3. Current log-likelihood: -68913.557
4. Current log-likelihood: -68906.559
5. Current log-likelihood: -68902.558
6. Current log-likelihood: -68900.791
7. Current log-likelihood: -68900.104
8. Current log-likelihood: -68899.842
Optimal log-likelihood: -68899.694
Site proportion and rates:  (0.062,0.068) (0.099,0.233) (0.129,0.434) (0.162,0.644) (0.279,1.056) (0.269,1.924)
Parameters optimization took 8 rounds (26.039 sec)
Computing ML distances based on estimated model parameters... 6.268 sec
WARNING: Some pairwise ML distances are too long (saturated)
Computing BIONJ tree...
0.006 seconds
Log-likelihood of BIONJ tree: -68884.982
--------------------------------------------------------------------
|             INITIALIZING CANDIDATE TREE SET                      |
--------------------------------------------------------------------
Generating 98 parsimony trees... 7.745 second
Computing log-likelihood of 98 initial trees ... 48.705 seconds
Current best score: -68884.982

Do NNI search on 20 best initial trees
Estimate model parameters (epsilon = 0.100)
BETTER TREE FOUND at iteration 1: -68750.297
Estimate model parameters (epsilon = 0.100)
BETTER TREE FOUND at iteration 3: -68720.223
Estimate model parameters (epsilon = 0.100)
BETTER TREE FOUND at iteration 4: -68717.319
Estimate model parameters (epsilon = 0.100)
BETTER TREE FOUND at iteration 5: -68708.640
Estimate model parameters (epsilon = 0.100)
BETTER TREE FOUND at iteration 6: -68700.239
Iteration 10 / LogL: -68743.791 / Time: 0h:3m:0s
Estimate model parameters (epsilon = 0.100)
BETTER TREE FOUND at iteration 14: -68699.673
Estimate model parameters (epsilon = 0.100)
BETTER TREE FOUND at iteration 17: -68696.765
Iteration 20 / LogL: -68745.986 / Time: 0h:4m:25s
Finish initializing candidate tree set (20)
Current best tree score: -68696.765 / CPU time: 229.997
Number of iterations: 20
--------------------------------------------------------------------
|               OPTIMIZING CANDIDATE TREE SET                      |
--------------------------------------------------------------------
Estimate model parameters (epsilon = 0.100)
BETTER TREE FOUND at iteration 25: -68696.084
Estimate model parameters (epsilon = 0.100)
BETTER TREE FOUND at iteration 30: -68693.452
Iteration 30 / LogL: -68693.452 / Time: 0h:5m:38s (0h:19m:26s left)
Iteration 40 / LogL: -68707.227 / Time: 0h:6m:35s (0h:15m:13s left)
Estimate model parameters (epsilon = 0.100)
BETTER TREE FOUND at iteration 47: -68692.454
Iteration 50 / LogL: -68692.499 / Time: 0h:7m:40s (0h:15m:12s left)
Log-likelihood cutoff on original alignment: -68783.230
Estimate model parameters (epsilon = 0.100)
BETTER TREE FOUND at iteration 53: -68691.560
Estimate model parameters (epsilon = 0.100)
BETTER TREE FOUND at iteration 59: -68690.674
Iteration 60 / LogL: -68690.716 / Time: 0h:8m:48s (0h:14m:46s left)
Iteration 70 / LogL: -68691.511 / Time: 0h:9m:41s (0h:12m:30s left)
Estimate model parameters (epsilon = 0.100)
BETTER TREE FOUND at iteration 78: -68690.255
Iteration 80 / LogL: -68692.463 / Time: 0h:10m:48s (0h:13m:24s left)
Estimate model parameters (epsilon = 0.100)
BETTER TREE FOUND at iteration 82: -68689.336
Estimate model parameters (epsilon = 0.100)
BETTER TREE FOUND at iteration 89: -68689.089
Iteration 90 / LogL: -68691.393 / Time: 0h:11m:54s (0h:13m:14s left)
Iteration 100 / LogL: -68698.338 / Time: 0h:12m:52s (0h:11m:34s left)
Log-likelihood cutoff on original alignment: -68783.230
NOTE: Bootstrap correlation coefficient of split occurrence frequencies: 0.994
Iteration 110 / LogL: -68693.531 / Time: 0h:13m:57s (0h:11m:31s left)
Estimate model parameters (epsilon = 0.100)
BETTER TREE FOUND at iteration 111: -68688.726
Iteration 120 / LogL: -68694.491 / Time: 0h:15m:0s (0h:11m:28s left)
Iteration 130 / LogL: -68689.294 / Time: 0h:15m:59s (0h:10m:2s left)
Iteration 140 / LogL: -68693.357 / Time: 0h:17m:1s (0h:8m:41s left)
Estimate model parameters (epsilon = 0.100)
BETTER TREE FOUND at iteration 150: -68688.623
Iteration 150 / LogL: -68688.623 / Time: 0h:18m:6s (0h:12m:9s left)
Log-likelihood cutoff on original alignment: -68783.230
Iteration 160 / LogL: -68691.727 / Time: 0h:19m:16s (0h:10m:54s left)
Iteration 170 / LogL: -68691.305 / Time: 0h:20m:15s (0h:9m:35s left)
Iteration 180 / LogL: -68692.136 / Time: 0h:21m:15s (0h:8m:18s left)
Iteration 190 / LogL: -68693.036 / Time: 0h:22m:17s (0h:7m:4s left)
Iteration 200 / LogL: -68688.656 / Time: 0h:23m:19s (0h:5m:51s left)
Log-likelihood cutoff on original alignment: -68783.230
NOTE: Bootstrap correlation coefficient of split occurrence frequencies: 0.998
Iteration 210 / LogL: -68688.765 / Time: 0h:24m:19s (0h:10m:28s left)
Iteration 220 / LogL: -68690.942 / Time: 0h:25m:29s (0h:9m:18s left)
Iteration 230 / LogL: -68698.019 / Time: 0h:26m:28s (0h:8m:5s left)
Iteration 240 / LogL: -68699.958 / Time: 0h:27m:30s (0h:6m:54s left)
Iteration 250 / LogL: -68692.894 / Time: 0h:28m:28s (0h:5m:43s left)
Log-likelihood cutoff on original alignment: -68783.230
TREE SEARCH COMPLETED AFTER 251 ITERATIONS / Time: 0h:28m:35s

--------------------------------------------------------------------
|                    FINALIZING TREE SEARCH                        |
--------------------------------------------------------------------
Performs final model parameters optimization
Estimate model parameters (epsilon = 0.010)
1. Initial log-likelihood: -68688.623
Optimal log-likelihood: -68688.620
Site proportion and rates:  (0.062,0.068) (0.103,0.239) (0.122,0.433) (0.176,0.659) (0.273,1.081) (0.264,1.919)
Parameters optimization took 1 rounds (1.433 sec)
BEST SCORE FOUND : -68688.620
Creating bootstrap support values...
Split supports printed to NEXUS file MSTRG.4653.2.p1.pep.faa.blastp_ALL.outfmt6.parsed.filtered.faa.mafft.aln.splits.nex
Total tree length: 106.628

Total number of iterations: 251
CPU time used for tree search: 3333.955 sec (0h:55m:33s)
Wall-clock time used for tree search: 1679.879 sec (0h:27m:59s)
Total CPU time used: 3406.279 sec (0h:56m:46s)
Total wall-clock time used: 1717.509 sec (0h:28m:37s)

Computing bootstrap consensus tree...
Reading input file MSTRG.4653.2.p1.pep.faa.blastp_ALL.outfmt6.parsed.filtered.faa.mafft.aln.splits.nex...
102 taxa and 645 splits.
Consensus tree written to MSTRG.4653.2.p1.pep.faa.blastp_ALL.outfmt6.parsed.filtered.faa.mafft.aln.contree
Reading input trees file MSTRG.4653.2.p1.pep.faa.blastp_ALL.outfmt6.parsed.filtered.faa.mafft.aln.contree
Log-likelihood of consensus tree: -68688.626

Analysis results written to: 
  IQ-TREE report:                MSTRG.4653.2.p1.pep.faa.blastp_ALL.outfmt6.parsed.filtered.faa.mafft.aln.iqtree
  Maximum-likelihood tree:       MSTRG.4653.2.p1.pep.faa.blastp_ALL.outfmt6.parsed.filtered.faa.mafft.aln.treefile
  Likelihood distances:          MSTRG.4653.2.p1.pep.faa.blastp_ALL.outfmt6.parsed.filtered.faa.mafft.aln.mldist

Ultrafast bootstrap approximation results written to:
  Split support values:          MSTRG.4653.2.p1.pep.faa.blastp_ALL.outfmt6.parsed.filtered.faa.mafft.aln.splits.nex
  Consensus tree:                MSTRG.4653.2.p1.pep.faa.blastp_ALL.outfmt6.parsed.filtered.faa.mafft.aln.contree
  Screen log file:               MSTRG.4653.2.p1.pep.faa.blastp_ALL.outfmt6.parsed.filtered.faa.mafft.aln.log

Date and Time: Tue May 25 05:25:01 2021
