IQ-TREE multicore version 1.6.12 for Linux 64-bit built Aug 15 2019
Developed by Bui Quang Minh, Nguyen Lam Tung, Olga Chernomor,
Heiko Schmidt, Dominik Schrempf, Michael Woodhams.

Host:    coral (AVX512, FMA3, 376 GB RAM)
Command: /home/timothy/programs/iqtree-1.6.12-Linux/bin/iqtree -s MSTRG.27853.2.p1.pep.faa.blastp_ALL.outfmt6.parsed.filtered.faa.mafft.aln -nt AUTO -ntmax 2 -m MFP -bb 2000 -quiet
Seed:    350303 (Using SPRNG - Scalable Parallel Random Number Generator)
Time:    Tue May 25 02:17:47 2021
Kernel:  AVX+FMA - auto-detect threads (96 CPU cores detected)

Reading alignment file MSTRG.27853.2.p1.pep.faa.blastp_ALL.outfmt6.parsed.filtered.faa.mafft.aln ... Fasta format detected
Alignment most likely contains protein sequences
Alignment has 120 sequences with 1471 columns, 828 distinct patterns
318 parsimony-informative, 337 singleton sites, 816 constant sites
                                                                                                                                                Gap/Ambiguity  Composition  p-value
   1  Archaea-Euryarchaeota-Archaeoglobi-Archaeoglobales-Archaeoglobaceae-Archaeoglobus_veneficus_WP_013683771.1                                       88.17%    failed      0.81%
   2  Archaea-Euryarchaeota-Halobacteria-Halobacteriales-Halobacteriaceae-Haloarchaeobius_iranensis_WP_089735733.1                                     86.13%    failed      0.02%
   3  Archaea-Euryarchaeota-Methanonatronarchaeia-Methanonatronarchaeales-Methanonatronarchaeaceae-Methanonatronarchaeum_thermophilum_WP_086637782.1   88.31%    failed      0.39%
   4  Archaea-NA-NA-NA-NA-anaerobic_archaeon_MKD1_WP_147661846.1                                                                                       83.75%    failed      0.03%
   5  Archaea-NA-NA-NA-NA-archaeon_AArcSl_WP_119821046.1                                                                                               86.06%    failed      1.88%
   6  Bacteria-Abditibacteriota-Abditibacteria-Abditibacteriales-Abitibacteriaceae-Abditibacterium_utsteinense_WP_106381310.1                          86.47%    passed     27.91%
   7  Bacteria-Actinobacteria-Actinobacteria-Micrococcales-Dermabacteraceae-Dermabacter_hominis_WP_101686813.1                                         87.70%    passed      8.65%
   8  Bacteria-Actinobacteria-Actinobacteria-Micrococcales-Dermabacteraceae-Helcobacillus_massiliensis_WP_055089755.1                                  87.83%    passed      5.80%
   9  Bacteria-Actinobacteria-Actinobacteria-Micrococcales-Dermabacteraceae-NA_WP_065248718.1                                                          87.83%    passed      7.14%
  10  Bacteria-Caldiserica-Caldisericia-Caldisericales-Caldisericaceae-Caldisericum_exile_WP_014453393.1                                               87.56%    passed      9.83%
  11  Bacteria-CandidatusSaccharibacteria-NA-NA-NA-Candidatus_Saccharibacteria_bacterium_WP_129632457.1                                                87.83%    passed     32.10%
  12  Bacteria-CandidatusSaccharibacteria-NA-NA-NA-NA_WP_039327039.1                                                                                   87.83%    passed     50.15%
  13  Bacteria-CandidatusSaccharibacteria-NA-NA-NA-TM7_phylum_sp._oral_taxon_352_WP_146555044.1                                                        87.83%    passed     29.72%
  14  Bacteria-Chloroflexi-Chloroflexia-Chloroflexales-Chloroflexaceae-Chloroflexus_aggregans_WP_015941388.1                                           87.76%    passed      7.01%
  15  Bacteria-Chloroflexi-Chloroflexia-Chloroflexales-NA-Chloroflexales_bacterium_ZM163_WP_129686165.1                                                87.76%    passed     15.67%
  16  Bacteria-Chloroflexi-Chloroflexia-Chloroflexales-Oscillochloridaceae-Candidatus_Chloroploca_asiatica_WP_097654928.1                              87.76%    passed      7.16%
  17  Bacteria-Coprothermobacterota-Coprothermobacteria-Coprothermobacterales-Coprothermobacteraceae-Coprothermobacter_platensis_WP_018963214.1        87.42%    passed     24.03%
  18  Bacteria-Firmicutes-Bacilli-Lactobacillales-Aerococcaceae-Aerococcus_sp._1KP2016_WP_094517772.1                                                  87.63%    passed     24.92%
  19  Bacteria-Firmicutes-Bacilli-Lactobacillales-NA-NA_WP_069285397.1                                                                                 87.56%    passed     38.63%
  20  Bacteria-Firmicutes-Clostridia-Clostridiales-Ruminococcaceae-Caproiciproducens_galactitolivorans_WP_135657024.1                                  87.56%    passed     41.22%
  21  Bacteria-Fusobacteria-Fusobacteriia-Fusobacteriales-Fusobacteriaceae-Fusobacterium_varium_WP_096402407.1                                         88.17%    failed      1.56%
  22  Bacteria-Fusobacteria-Fusobacteriia-Fusobacteriales-Fusobacteriaceae-NA_WP_005951554.1                                                           88.17%    failed      1.22%
  23  Bacteria-Fusobacteria-Fusobacteriia-Fusobacteriales-Leptotrichiaceae-Leptotrichia_sp._OH3620_COT345_WP_125237101.1                               87.97%    failed      1.10%
  24  Bacteria-NA-NA-NA-NA-bacterium_1xD4267_WP_120395552.1                                                                                            87.76%    passed     21.54%
  25  Bacteria-NA-NA-NA-NA-NA_WP_040318362.1                                                                                                           87.49%    passed     22.96%
  26  Bacteria-NA-NA-NA-NA-Thermobaculum_terrenum_WP_012873991.1                                                                                       87.36%    passed     14.74%
  27  Bacteria-Proteobacteria-Betaproteobacteria-Burkholderiales-Burkholderiaceae-Hydromonas_sp._F02_WP_114563333.1                                    88.10%    passed     11.06%
  28  Eukaryota-Acytosteliales-Acytosteliales-Acytosteliales-Acytosteliaceae-Acytostelium_subglobosum_XP_012759644.1                                   87.29%    passed     42.02%
  29  Eukaryota-Acytosteliales-Acytosteliales-Acytosteliales-Acytosteliaceae-Heterostelium_album_XP_020438149.1                                        87.15%    passed     21.03%
  30  Eukaryota-Acytosteliales-Acytosteliales-Acytosteliales-Cavenderiaceae-Cavenderia_fasciculata_XP_004366666.1                                      87.42%    passed     55.69%
  31  Eukaryota-Alveolata-Dinophyceae-NA-Unranked-Alexandrium_tamarense_MMETSP0384_c149204_g1_i1.p1                                                    82.39%    failed      0.06%
  32  Eukaryota-Alveolata-Dinophyceae-NA-Unranked-Noctiluca_scintillans_MMETSP0253_c41493_g1_i1.p1                                                     85.45%    passed     13.97%
  33  Eukaryota-Alveolata-Dinophyceae-NA-Unranked-Pyrodinium_bahamense_MMETSP0796_c81453_g1_i1.p1                                                      84.43%    passed     13.93%
  34  Eukaryota-Amoebozoa-NA-NA-Paramoebidae-Mayorella_sp_MMETSP0417_c13180_g1_i1.p1                                                                   86.54%    passed     82.18%
  35  Eukaryota-Amoebozoa-NA-NA-Paramoebidae-Neoparamoeba_aestuarina_MMETSP0161_c22481_g1_i1.p1                                                        86.68%    passed      7.19%
  36  Eukaryota-Amoebozoa-NA-NA-Paramoebidae-Stygamoeba_regulata_MMETSP0447_c37368_g1_i1.p1                                                            86.54%    passed     82.18%
  37  Eukaryota-Annelida-Clitellata-Hirudinida-Glossiphoniidae-Helobdella_robusta_jgi75660                                                             85.04%    failed      0.45%
  38  Eukaryota-Apicomplexa-Conoidasida-Eucoccidiorida-Eimeriidae-Eimeria_necatrix_XP_013432759.1                                                      84.98%    passed     87.58%
  39  Eukaryota-Apicomplexa-Conoidasida-Eucoccidiorida-Sarcocystidae-Besnoitia_besnoiti_XP_029218432.1                                                 84.36%    passed     37.03%
  40  Eukaryota-Apicomplexa-NA-Unranked-NA-Alveolata_sp_MMETSP0288_c18211_g1_i1.p1                                                                     85.38%    passed     84.96%
  41  Eukaryota-Apusomonadidae-NA-NA-NA-Thecamonas_trahens_XP_013761677.1                                                                              84.64%    passed     67.98%
  42  Eukaryota-Arthropoda-Insecta-Diptera-Culicidae-Aedes_albopictus_XP_029720812.1                                                                   87.56%    failed      3.50%
  43  Eukaryota-Arthropoda-Insecta-Hymenoptera-Apidae-Apis_florea_XP_003691695.1                                                                       87.15%    passed      5.74%
  44  Eukaryota-Arthropoda-Insecta-Hymenoptera-Formicidae-Cyphomyrmex_costatus_XP_018401608.1                                                          86.95%    passed     17.86%
  45  Eukaryota-Brachiopoda-Lingulata-Lingulida-Lingulidae-Lingula_anatina_XP_013392038.1                                                              84.64%    passed     28.67%
  46  Eukaryota-Cercozoa-Chlorarachniophyceae-NA-NA-Gymnochlora_sp_MMETSP0110_c16041_g1_i1.p1                                                          81.78%    failed      0.29%
  47  Eukaryota-Cercozoa-Chlorarachniophyceae-NA-NA-Lotharella_globosa_MMETSP0041_c19569_g1_i1.p1                                                      83.28%    failed      0.27%
  48  Eukaryota-Cercozoa-NA-Euglyphida-Paulinellidae-Paulinella_chromatophora_scaffold4100-size2029_m.39669                                            57.92%    failed      0.00%
  49  Eukaryota-Chlorophyta-Chlorophyceae-Chlamydomonadales-Chlamydomonadaceae-Chlamydomonas_chlamydogama_MMETSP1392_c27083_g1_i1.p1                   85.59%    passed     20.59%
  50  Eukaryota-Chlorophyta-Chlorophyceae-Chlamydomonadales-Volvocaceae-Volvox_carteri_XP_002955841.1                                                  84.43%    passed     15.24%
  51  Eukaryota-Chlorophyta-NA-NA-NA-Crustomastix_stigmata_MMETSP0803_c6919_g1_i1.p2                                                                   82.46%    failed      0.06%
  52  Eukaryota-Choanoflagellata-Choanoflagellata-Choanoflagellata-NA-Acanthoeca_sp_MMETSP0105_c15700_g1_i1.p1                                         81.31%    passed     38.13%
  53  Eukaryota-Choanoflagellata-Choanoflagellata-Choanoflagellata-Salpingoecidae-Monosiga_brevicollis_XP_001745597.1                                  81.51%    passed     54.51%
  54  Eukaryota-Choanoflagellata-Choanoflagellata-Choanoflagellata-Salpingoecidae-Salpingoeca_rosetta_XP_004990017.1                                   84.02%    passed     71.15%
  55  Eukaryota-Chordata-Actinopteri-Clupeiformes-Denticipitidae-Denticeps_clupeoides_XP_028815365.1                                                   85.18%    passed     40.02%
  56  Eukaryota-Chordata-Actinopteri-Semionotiformes-Lepisosteidae-Lepisosteus_oculatus_XP_006633050.2                                                 78.59%    passed      5.63%
  57  Eukaryota-Chordata-Mammalia-Rodentia-Cricetidae-Microtus_ochrogaster_XP_005358519.1                                                              84.84%    passed     59.67%
  58  Eukaryota-Chromeraceae-NA-NA-NA-Chromera_velia_MMETSP0290_c1594_g1_i1.p1                                                                         82.73%    passed     62.69%
  59  Eukaryota-Chromeraceae-NA-NA-NA-Vitrella_brassicaformis_MMETSP1451_c23085_g1_i1.p1                                                               85.38%    passed     84.96%
  60  Eukaryota-Chytridiomycota-Chytridiomycetes-Rhizophydiales-NA-Batrachochytrium_dendrobatidis_jgi91122                                             85.38%    passed     54.91%
  61  Eukaryota-Chytridiomycota-Chytridiomycetes-Spizellomycetales-Spizellomycetaceae-Spizellomyces_punctatus_XP_016607965.1                           85.32%    passed     92.75%
  62  Eukaryota-Ciliophora-NA-Unranked-NA-Euplotes_focardii_MMETSP0206_TR14924-c0_g1_i1.p1                                                             80.69%    failed      0.19%
  63  Eukaryota-Ciliophora-NA-Unranked-NA-Mesodinium_pulex_MMETSP0467_c30808_g1_i1.p2                                                                  85.04%    passed      8.78%
  64  Eukaryota-Ciliophora-NA-Unranked-NA-Strombidinopsis_acuminatum_MMETSP0126_c14085_g1_i1.p2                                                        87.56%    passed     53.79%
  65  Eukaryota-Cnidaria-Anthozoa-Actiniaria-Edwardsiidae-Nematostella_vectensis_XP_001625038.1                                                        85.72%    passed     73.73%
  66  Eukaryota-Cnidaria-Anthozoa-Scleractinia-Acroporidae-Acropora_millepora_XP_029207842.1                                                           84.57%    passed     18.99%
  67  Eukaryota-Cnidaria-Hydrozoa-Anthoathecata-Hydridae-Hydra_vulgaris_XP_002170830.2                                                                 85.32%    passed     23.94%
  68  Eukaryota-Cryptophyta-NA-Cryptomonadales-Hemiselmidaceae-Hemiselmis_andersenii_MMETSP0043_c15104_g1_i1.p1                                        85.04%    passed     61.91%
  69  Eukaryota-Cryptophyta-NA-Goniomondales-NA-Goniomonas_sp_MMETSP0114_c3340_g1_i1.p1                                                                86.06%    passed     64.78%
  70  Eukaryota-Cryptophyta-NA-Pyrenomonadales-Geminigeraceae-Guillardia_theta_MMETSP0046_c20367_g1_i1.p1                                              71.65%    failed      0.00%
  71  Eukaryota-Dictyosteliales-Dictyosteliales-Dictyosteliales-Dictyosteliaceae-Dictyostelium_discoideum_XP_638364.1                                  87.76%    passed     10.25%
  72  Eukaryota-Echinodermata-Asteroidea-Valvatida-Acanthasteridae-Acanthaster_planci_XP_022080007.1                                                   85.38%    failed      3.68%
  73  Eukaryota-Echinodermata-Echinoidea-Echinoida-Strongylocentrotidae-Strongylocentrotus_purpuratus_XP_011684206.1                                   84.09%    passed     52.67%
  74  Eukaryota-Euglenida-NA-Eutreptiales-NA-Eutreptiella_gymnastica_MMETSP0039_c102047_g1_i1.p1                                                       71.04%    failed      0.00%
  75  Eukaryota-Euglenida-NA-NA-Unranked-Neobodo_designis_MMETSP1114_c17480_g1_i1.p1                                                                   86.20%    passed     13.47%
  76  Eukaryota-Fonticulida-Fonticulida-Fonticulida-Fonticulaceae-Fonticula_alba_XP_009492577.1                                                        70.63%    failed      0.00%
  77  Eukaryota-Glaucophyta-Glaucophyta-Gloeochaetales-Gloeochaetaceae-Gloeochaete_wittrockiana_MMETSP1089_c7851_g1_i1.p1                              87.83%    passed     38.48%
  78  Eukaryota-Glaucophyta-Glaucophyta-NA-Cyanophoraceae-Cyanophora_paradoxa_tig00000889_g5293.t1                                                     84.98%    passed     80.19%
  79  Eukaryota-Haptophyta-NA-Isochrysidales-Noelaerhabdaceae-Emiliania_huxleyi_jgi428604                                                              86.34%    passed     12.45%
  80  Eukaryota-Haptophyta-NA-Prymnesiales-NA-Imantonia_sp_MMETSP1474_c4179_g1_i1.p1                                                                   87.36%    passed     64.99%
  81  Eukaryota-Haptophyta-NA-Prymnesiales-NA-Isochrysis_sp_MMETSP1090_c6848_g1_i1.p1                                                                  86.34%    passed     12.45%
  82  Eukaryota-Hemichordata-Enteropneusta-NA-Harrimaniidae-Saccoglossus_kowalevskii_XP_006814065.1                                                    85.25%    passed     62.11%
  83  Eukaryota-Heterolobosea-NA-NA-Vahlkampfiidae-Naegleria_gruberi_jgi80810                                                                          86.74%    passed     30.26%
  84  Eukaryota-Kinetoplastida-Kinetoplastida-Kinetoplastida-Trypanosomatidae-Leishmania_major_XP_001683025.1                                          85.66%    passed     85.49%
  85  Eukaryota-Kinetoplastida-Kinetoplastida-Kinetoplastida-Trypanosomatidae-Leptomonas_pyrrhocoris_XP_015656668.1                                    85.86%    passed     27.97%
  86  Eukaryota-Kinetoplastida-Kinetoplastida-Kinetoplastida-Trypanosomatidae-Trypanosoma_cruzi_XP_813396.1                                            84.98%    passed     16.33%
  87  Eukaryota-Longamoebia-Longamoebia-Longamoebia-Acanthamoebidae-Acanthamoeba_castellanii_XP_004337059.1                                            86.06%    passed      8.68%
  88  Eukaryota-Mesomycetozoea-Ichthyosporea-Ichthyophonida-NA-Sphaeroforma_arctica_XP_014150316.1                                                     84.84%    passed     72.07%
  89  Eukaryota-Mesomycetozoea-Ichthyosporea-NA-NA-Capsaspora_owczarzaki_XP_004344302.2                                                                85.32%    passed     68.51%
  90  Eukaryota-Mollusca-Bivalvia-Pectinoida-Pectinidae-Mizuhopecten_yessoensis_XP_021363882.1                                                         84.30%    passed     56.93%
  91  Eukaryota-Mollusca-Gastropoda-Architaenioglossa-Ampullariidae-Pomacea_canaliculata_XP_025094267.1                                                84.77%    passed     33.17%
  92  Eukaryota-Mollusca-Gastropoda-NA-Planorbidae-Biomphalaria_glabrata_XP_013073817.1                                                                85.18%    passed     28.82%
  93  Eukaryota-Mucorales-Mucoraceae-Undefined-Undefined-Mucor_circinelloides_jgi81243                                                                 85.18%    passed     44.75%
  94  Eukaryota-Mucoromycota-Mortierellomycetes-Mortierellales-Mortierellaceae-Lobosporangium_transversale_XP_021882837.1                              85.18%    passed     35.15%
  95  Eukaryota-Mucoromycota-Mucoromycetes-Mucorales-Phycomycetaceae-Phycomyces_blakesleeanus_jgi76652                                                 85.18%    passed     81.72%
  96  Eukaryota-Mucoromycota-Mucoromycetes-Mucorales-Rhizopodaceae-Rhizopus_microsporus_XP_023465546.1                                                 85.11%    passed     44.09%
  97  Eukaryota-Nematoda-Chromadorea-Rhabditida-Rhabditidae-Caenorhabditis_remanei_XP_003087028.1                                                      88.58%    passed     30.99%
  98  Eukaryota-Nematoda-Chromadorea-Rhabditida-Strongyloididae-Strongyloides_ratti_XP_024503902.1                                                     85.45%    passed     44.19%
  99  Eukaryota-Nematoda-Chromadorea-Strongylida-Ancylostomatidae-Necator_americanus_XP_013301148.1                                                    86.27%    passed     99.23%
 100  Eukaryota-Palpitomonas-NA-NA-NA-Palpitomonas_bilix_MMETSP0780_c10112_g1_i2.p1                                                                    87.08%    passed     57.92%
 101  Eukaryota-Perkinsozoa-NA-Perkinsida-Perkinsidae-Perkinsus_marinus_XP_002780416.1                                                                 83.55%    passed     29.72%
 102  Eukaryota-Platyhelminthes-Cestoda-Cyclophyllidea-Taeniidae-Echinococcus_granulosus_XP_024350349.1                                                83.41%    passed     64.69%
 103  Eukaryota-Platyhelminthes-Trematoda-Opisthorchiida-Opisthorchiidae-Opisthorchis_viverrini_XP_009177093.1                                         72.94%    failed      0.52%
 104  Eukaryota-Platyhelminthes-Trematoda-Strigeidida-Schistosomatidae-Schistosoma_mansoni_XP_018645681.1                                              84.57%    passed     11.03%
 105  Eukaryota-Porifera-Demospongiae-Haplosclerida-Niphatidae-Amphimedon_queenslandica_jgiAqu1227531                                                  84.02%    passed     56.08%
 106  Eukaryota-Priapulida-Priapulimorpha-Priapulimorphida-Priapulidae-Priapulus_caudatus_XP_014676675.1                                               80.22%    passed     25.60%
 107  Eukaryota-Retaria-NA-NA-NA-Ammonia_sp_MMETSP1384_c16813_g1_i1.p1                                                                                 86.00%    passed     80.57%
 108  Eukaryota-Retaria-NA-NA-NA-Elphidium_margaritaceum_MMETSP1385_c15378_g1_i1.p1                                                                    85.66%    passed     21.23%
 109  Eukaryota-Retaria-NA-NA-NA-Rosalina_sp_MMETSP0190_c3707_g1_i1.p1                                                                                 85.45%    passed     27.17%
 110  Eukaryota-Rhodophyta-Bangiophyceae-Bangiales-Bangiaceae-Porphyra_umbilicalis_Poumb2535s0001.1                                                    87.70%    failed      0.00%
 111  Eukaryota-Rhodophyta-Bangiophyceae-NA-NA-Rhodosorus_marinus_MMETSP0315_c3014_g1_i1.p1                                                            87.02%    passed      9.45%
 112  Eukaryota-Rhodophyta-Compsopogonophyceae-NA-NA-Madagascaria_erythrocladiodes_MMETSP1450_c39934_g1_i1.p3                                          85.79%    passed     10.91%
 113  Eukaryota-Stramenopiles-Labyrinthista-NA-NA-Aurantiochytrium_limacinum_MMETSP0958_TR10999-c0_g1_i1.p1                                            84.23%    passed     27.99%
 114  Eukaryota-Stramenopiles-Labyrinthista-NA-NA-Schizochytrium_aggregatum_MMETSP0965_c5104_g1_i2.p1                                                  82.60%    passed     79.66%
 115  Eukaryota-Stramenopiles-Labyrinthulomycetes-Unranked-Unranked-Aurantiochytrium_limacinum_jgi46994                                                84.23%    passed     27.99%
 116  Eukaryota-Streptophyta-NA-Caryophyllales-Chenopodiaceae-Chenopodium_quinoa_XP_021737652.1                                                        86.68%    passed     38.55%
 117  Eukaryota-Streptophyta-NA-Malpighiales-Salicaceae-Populus_euphratica_XP_011044833.1                                                              87.29%    passed     40.57%
 118  Eukaryota-Streptophyta-NA-Solanales-Solanaceae-Solanum_pennellii_XP_015072047.1                                                                  86.47%    passed     21.29%
 119  Eukaryota-Trichomonadida-Trichomonadida-Trichomonadida-Trichomonadidae-Trichomonas_vaginalis_XP_001307954.1                                      90.89%    failed      3.02%
 120  MSTRG.27853.2.p1                                                                                                                                 43.71%    failed      0.00%
WARNING: 119 sequences contain more than 50% gaps/ambiguity
****  TOTAL                                                                                                                                            84.71%  24 sequences failed composition chi2 test (p-value<5%; df=19)
NOTE: Eukaryota-Amoebozoa-NA-NA-Paramoebidae-Stygamoeba_regulata_MMETSP0447_c37368_g1_i1.p1 is identical to Eukaryota-Amoebozoa-NA-NA-Paramoebidae-Mayorella_sp_MMETSP0417_c13180_g1_i1.p1 but kept for subsequent analysis
NOTE: Eukaryota-Chromeraceae-NA-NA-NA-Vitrella_brassicaformis_MMETSP1451_c23085_g1_i1.p1 is identical to Eukaryota-Apicomplexa-NA-Unranked-NA-Alveolata_sp_MMETSP0288_c18211_g1_i1.p1 but kept for subsequent analysis
NOTE: Eukaryota-Haptophyta-NA-Prymnesiales-NA-Isochrysis_sp_MMETSP1090_c6848_g1_i1.p1 is identical to Eukaryota-Haptophyta-NA-Isochrysidales-Noelaerhabdaceae-Emiliania_huxleyi_jgi428604 but kept for subsequent analysis
NOTE: Eukaryota-Stramenopiles-Labyrinthulomycetes-Unranked-Unranked-Aurantiochytrium_limacinum_jgi46994 is identical to Eukaryota-Stramenopiles-Labyrinthista-NA-NA-Aurantiochytrium_limacinum_MMETSP0958_TR10999-c0_g1_i1.p1 but kept for subsequent analysis


Create initial parsimony tree by phylogenetic likelihood library (PLL)... 0.053 seconds
NOTE: ModelFinder requires 163 MB RAM!
ModelFinder will test 546 protein models (sample size: 1471) ...
 No. Model         -LnL         df  AIC          AICc         BIC
Measuring multi-threading efficiency up to 2 CPU cores
Increase to 10 rounds for branch lengths
4 trees examined
Threads: 1 / Time: 2.276 sec / Speedup: 1.000 / Efficiency: 100% / LogL: -56102
Threads: 2 / Time: 1.904 sec / Speedup: 1.195 / Efficiency: 60% / LogL: -56102
BEST NUMBER OF THREADS: 2

  1  Dayhoff       43147.434    237 86768.867    86860.361    88023.474
  2  Dayhoff+I     43065.451    238 86606.902    86699.243    87866.802
  3  Dayhoff+G4    41672.793    238 83821.587    83913.927    85081.487
  4  Dayhoff+I+G4  41662.553    239 83803.106    83896.299    85068.300
  5  Dayhoff+R2    42002.633    239 84483.265    84576.458    85748.459
  6  Dayhoff+R3    41750.480    241 83982.959    84077.869    85258.740
  7  Dayhoff+R4    41642.489    243 83770.978    83867.623    85057.346
  8  Dayhoff+R5    41612.480    245 83714.961    83813.361    85011.917
  9  Dayhoff+R6    41605.440    247 83704.880    83805.054    85012.424
 14  Dayhoff+F     43125.073    256 86762.146    86870.535    88117.333
 15  Dayhoff+F+I   43051.630    257 86617.259    86726.585    87977.740
 16  Dayhoff+F+G4  41650.367    257 83814.735    83924.060    85175.215
 17  Dayhoff+F+I+G4 41640.270    258 83796.539    83906.807    85162.313
 18  Dayhoff+F+R2  41962.148    258 84440.297    84550.564    85806.071
 19  Dayhoff+F+R3  41720.690    260 83961.380    84073.545    85337.741
 20  Dayhoff+F+R4  41616.899    262 83757.797    83871.880    85144.746
 21  Dayhoff+F+R5  41591.035    264 83710.070    83826.090    85107.606
 22  Dayhoff+F+R6  41584.040    266 83700.079    83818.056    85108.203
 27  mtMAM         48537.148    237 97548.295    97639.789    98802.901
 28  mtMAM+I       48470.630    238 97417.260    97509.601    98677.160
 29  mtMAM+G4      44840.684    238 90157.368    90249.709    91417.268
 30  mtMAM+I+G4    44836.432    239 90150.864    90244.057    91416.058
 31  mtMAM+R2      45731.464    239 91940.928    92034.121    93206.122
 32  mtMAM+R3      45100.985    241 90683.969    90778.879    91959.751
 33  mtMAM+R4      44850.051    243 90186.102    90282.747    91472.470
 34  mtMAM+R5      44792.964    245 90075.928    90174.328    91372.884
 35  mtMAM+R6      44775.192    247 90044.384    90144.558    91351.928
 36  mtMAM+R7      44730.776    249 89959.553    90061.519    91277.684
 37  mtMAM+R8      44709.961    251 89921.923    90025.699    91250.641
 38  mtMAM+R9      44699.468    253 89904.936    90010.544    91244.242
 39  mtMAM+R10     44693.534    255 89897.068    90004.525    91246.961
 40  mtMAM+F       45765.360    256 92042.720    92151.109    93397.907
 41  mtMAM+F+I     45697.832    257 91909.665    92018.990    93270.145
 42  mtMAM+F+G4    43120.079    257 86754.158    86863.483    88114.638
 43  mtMAM+F+I+G4  43112.082    258 86740.164    86850.431    88105.938
 44  mtMAM+F+R2    43697.045    258 87910.091    88020.358    89275.865
 45  mtMAM+F+R3    43291.686    260 87103.372    87215.538    88479.734
 46  mtMAM+F+R4    43133.195    262 86790.391    86904.473    88177.339
 47  mtMAM+F+R5    43092.990    264 86713.981    86830.001    88111.517
 48  mtMAM+F+R6    43062.121    266 86656.241    86774.218    88064.365
 49  mtMAM+F+R7    43042.860    268 86621.720    86741.673    88040.431
 50  mtMAM+F+R8    43019.858    270 86579.717    86701.667    88009.015
 51  mtMAM+F+R9    43006.811    272 86557.622    86681.589    87997.508
 52  mtMAM+F+R10   43001.289    274 86550.578    86676.582    88001.051
 53  JTT           43063.933    237 86601.866    86693.360    87856.472
 54  JTT+I         43000.753    238 86477.505    86569.846    87737.405
 55  JTT+G4        41537.564    238 83551.128    83643.469    84811.028
 56  JTT+I+G4      41530.267    239 83538.533    83631.726    84803.727
 57  JTT+R2        41859.657    239 84197.315    84290.507    85462.508
 58  JTT+R3        41597.679    241 83677.359    83772.268    84953.140
 59  JTT+R4        41501.863    243 83489.725    83586.371    84776.094
 60  JTT+R5        41479.056    245 83448.112    83546.512    84745.068
 61  JTT+R6        41471.553    247 83437.105    83537.279    84744.649
 62  JTT+R7        41463.082    249 83424.164    83526.130    84742.295
 63  JTT+R8        41458.677    251 83419.354    83523.131    84748.072
 66  JTT+F         43100.364    256 86712.728    86821.117    88067.915
 67  JTT+F+I       43043.987    257 86601.974    86711.299    87962.454
 68  JTT+F+G4      41606.118    257 83726.236    83835.561    85086.716
 69  JTT+F+I+G4    41599.438    258 83714.876    83825.143    85080.650
 70  JTT+F+R2      41905.231    258 84326.461    84436.729    85692.235
 71  JTT+F+R3      41659.802    260 83839.605    83951.770    85215.966
 72  JTT+F+R4      41567.307    262 83658.613    83772.696    85045.562
 73  JTT+F+R5      41540.852    264 83609.704    83725.724    85007.240
 74  JTT+F+R6      41534.636    266 83601.272    83719.249    85009.396
 79  WAG           42291.431    237 85056.863    85148.357    86311.469
 80  WAG+I         42237.954    238 84951.908    85044.249    86211.808
 81  WAG+G4        41062.516    238 82601.032    82693.373    83860.932
 82  WAG+I+G4      41055.998    239 82589.997    82683.189    83855.190
 83  WAG+R2        41297.999    239 83073.998    83167.191    84339.192
 84  WAG+R3        41103.143    241 82688.286    82783.196    83964.068
 85  WAG+R4        41017.843    243 82521.687    82618.332    83808.056
 86  WAG+R5        40996.916    245 82483.832    82582.232    83780.788
 87  WAG+R6        40991.537    247 82477.074    82577.247    83784.617
 92  WAG+F         42346.297    256 85204.594    85312.982    86559.780
 93  WAG+F+I       42297.849    257 85109.699    85219.025    86470.179
 94  WAG+F+G4      41108.066    257 82730.132    82839.458    84090.613
 95  WAG+F+I+G4    41100.232    258 82716.464    82826.731    84082.238
 96  WAG+F+R2      41338.938    258 83193.875    83304.142    84559.649
 97  WAG+F+R3      41141.838    260 82803.676    82915.842    84180.038
 98  WAG+F+R4      41062.303    262 82648.607    82762.690    84035.556
 99  WAG+F+R5      41035.573    264 82599.146    82715.166    83996.682
100  WAG+F+R6      41031.046    266 82594.093    82712.070    84002.217
105  cpREV         42824.061    237 86122.122    86213.616    87376.729
106  cpREV+I       42767.756    238 86011.512    86103.853    87271.412
107  cpREV+G4      41497.994    238 83471.989    83564.330    84731.889
108  cpREV+I+G4    41491.079    239 83460.157    83553.350    84725.351
109  cpREV+R2      41772.068    239 84022.137    84115.329    85287.330
110  cpREV+R3      41558.945    241 83599.889    83694.799    84875.671
111  cpREV+R4      41462.476    243 83410.953    83507.598    84697.322
112  cpREV+R5      41452.388    245 83394.775    83493.175    84691.731
113  cpREV+R6      41443.097    247 83380.194    83480.367    84687.737
114  cpREV+R7      41429.648    249 83357.297    83459.262    84675.428
115  cpREV+R8      41425.095    251 83352.190    83455.967    84680.908
118  cpREV+F       42686.685    256 85885.370    85993.758    87240.556
119  cpREV+F+I     42632.186    257 85778.371    85887.697    87138.852
120  cpREV+F+G4    41391.626    257 83297.253    83406.578    84657.733
121  cpREV+F+I+G4  41384.931    258 83285.861    83396.128    84651.635
122  cpREV+F+R2    41654.017    258 83824.035    83934.302    85189.809
123  cpREV+F+R3    41454.168    260 83428.337    83540.502    84804.698
124  cpREV+F+R4    41354.741    262 83233.481    83347.564    84620.430
125  cpREV+F+R5    41341.208    264 83210.416    83326.436    84607.952
126  cpREV+F+R6    41332.482    266 83196.964    83314.940    84605.087
127  cpREV+F+R7    41318.412    268 83172.824    83292.778    84591.535
128  cpREV+F+R8    41313.241    270 83166.481    83288.431    84595.779
131  mtREV         46149.773    237 92773.546    92865.040    94028.152
132  mtREV+I       46102.175    238 92680.350    92772.691    93940.250
133  mtREV+G4      43789.059    238 88054.117    88146.458    89314.018
134  mtREV+I+G4    43785.058    239 88048.116    88141.309    89313.310
135  mtREV+R2      44218.428    239 88914.857    89008.050    90180.051
136  mtREV+R3      43872.222    241 88226.443    88321.353    89502.225
137  mtREV+R4      43768.758    243 88023.516    88120.162    89309.885
138  mtREV+R5      43744.465    245 87978.930    88077.330    89275.886
139  mtREV+R6      43726.297    247 87946.595    88046.768    89254.138
140  mtREV+R7      43704.409    249 87906.818    88008.784    89224.949
141  mtREV+R8      43695.516    251 87893.032    87996.809    89221.750
142  mtREV+R9      43687.977    253 87881.953    87987.560    89221.259
143  mtREV+R10     43686.712    255 87883.423    87990.880    89233.316
144  mtREV+F       43814.181    256 88140.362    88248.751    89495.549
145  mtREV+F+I     43760.301    257 88034.602    88143.927    89395.082
146  mtREV+F+G4    42029.655    257 84573.310    84682.635    85933.790
147  mtREV+F+I+G4  42020.646    258 84557.293    84667.560    85923.067
148  mtREV+F+R2    42334.785    258 85185.569    85295.836    86551.343
149  mtREV+F+R3    42106.590    260 84733.180    84845.345    86109.542
150  mtREV+F+R4    42023.878    262 84571.755    84685.838    85958.704
151  mtREV+F+R5    41991.275    264 84510.549    84626.569    85908.086
152  mtREV+F+R6    41966.128    266 84464.257    84582.233    85872.380
153  mtREV+F+R7    41944.937    268 84425.873    84545.827    85844.584
154  mtREV+F+R8    41941.633    270 84423.265    84545.215    85852.564
157  rtREV         42891.367    237 86256.735    86348.229    87511.341
158  rtREV+I       42842.132    238 86160.263    86252.604    87420.163
159  rtREV+G4      41377.663    238 83231.327    83323.668    84491.227
160  rtREV+I+G4    41372.143    239 83222.285    83315.478    84487.479
161  rtREV+R2      41673.589    239 83825.177    83918.370    85090.371
162  rtREV+R3      41431.613    241 83345.225    83440.135    84621.006
163  rtREV+R4      41352.911    243 83191.823    83288.468    84478.191
164  rtREV+R5      41322.725    245 83135.450    83233.850    84432.406
165  rtREV+R6      41315.545    247 83125.090    83225.264    84432.634
170  rtREV+F       42733.323    256 85978.645    86087.034    87333.832
171  rtREV+F+I     42690.136    257 85894.271    86003.597    87254.752
172  rtREV+F+G4    41180.490    257 82874.980    82984.306    84235.461
173  rtREV+F+I+G4  41174.687    258 82865.373    82975.640    84231.147
174  rtREV+F+R2    41463.513    258 83443.027    83553.294    84808.801
175  rtREV+F+R3    41235.016    260 82990.032    83102.197    84366.393
176  rtREV+F+R4    41160.837    262 82845.673    82959.756    84232.622
177  rtREV+F+R5    41125.135    264 82778.269    82894.289    84175.805
178  rtREV+F+R6    41113.570    266 82759.139    82877.116    84167.263
179  rtREV+F+R7    41104.303    268 82744.607    82864.560    84163.318
180  rtREV+F+R8    41102.059    270 82744.119    82866.069    84173.417
183  mtART         47728.461    237 95930.922    96022.416    97185.529
184  mtART+I       47682.362    238 95840.723    95933.064    97100.623
185  mtART+G4      44191.094    238 88858.187    88950.528    90118.087
186  mtART+I+G4    44190.221    239 88858.442    88951.634    90123.636
187  mtART+R2      44864.704    239 90207.409    90300.601    91472.602
188  mtART+R3      44453.355    241 89388.709    89483.619    90664.491
189  mtART+R4      44208.982    243 88903.964    89000.610    90190.333
190  mtART+R5      44166.058    245 88822.117    88920.517    90119.073
191  mtART+R6      44131.465    247 88756.931    88857.104    90064.474
192  mtART+R7      44097.997    249 88693.993    88795.959    90012.124
193  mtART+R8      44085.004    251 88672.007    88775.784    90000.725
194  mtART+R9      44063.439    253 88632.878    88738.486    89972.184
195  mtART+R10     44059.682    255 88629.363    88736.820    89979.256
196  mtART+F       45159.961    256 90831.922    90940.311    92187.109
197  mtART+F+I     45104.816    257 90723.632    90832.958    92084.113
198  mtART+F+G4    42468.107    257 85450.214    85559.540    86810.695
199  mtART+F+I+G4  42463.188    258 85442.376    85552.644    86808.150
200  mtART+F+R2    42997.751    258 86511.501    86621.768    87877.275
201  mtART+F+R3    42677.166    260 85874.331    85986.497    87250.693
202  mtART+F+R4    42497.439    262 85518.878    85632.961    86905.827
203  mtART+F+R5    42469.069    264 85466.137    85582.157    86863.674
204  mtART+F+R6    42440.916    266 85413.833    85531.810    86821.956
205  mtART+F+R7    42406.052    268 85348.104    85468.058    86766.815
206  mtART+F+R8    42396.908    270 85333.816    85455.766    86763.115
207  mtART+F+R9    42379.550    272 85303.100    85427.067    86742.986
208  mtART+F+R10   42378.005    274 85304.009    85430.013    86754.483
209  mtZOA         46087.500    237 92649.001    92740.495    93903.607
210  mtZOA+I       46044.189    238 92564.379    92656.720    93824.279
211  mtZOA+G4      43092.223    238 86660.446    86752.787    87920.346
212  mtZOA+I+G4    43090.306    239 86658.612    86751.805    87923.806
213  mtZOA+R2      43541.847    239 87561.693    87654.886    88826.887
214  mtZOA+R3      43237.419    241 86956.838    87051.748    88232.620
215  mtZOA+R4      43075.150    243 86636.301    86732.946    87922.669
216  mtZOA+R5      43045.341    245 86580.682    86679.082    87877.638
217  mtZOA+R6      43027.139    247 86548.278    86648.451    87855.821
218  mtZOA+R7      43000.923    249 86499.846    86601.811    87817.976
219  mtZOA+R8      42995.874    251 86493.748    86597.525    87822.466
222  mtZOA+F       44147.638    256 88807.276    88915.665    90162.463
223  mtZOA+F+I     44092.589    257 88699.178    88808.504    90059.658
224  mtZOA+F+G4    41925.444    257 84364.889    84474.215    85725.369
225  mtZOA+F+I+G4  41918.162    258 84352.325    84462.592    85718.099
226  mtZOA+F+R2    42362.428    258 85240.856    85351.124    86606.630
227  mtZOA+F+R3    42044.916    260 84609.832    84721.997    85986.193
228  mtZOA+F+R4    41929.472    262 84382.944    84497.026    85769.892
229  mtZOA+F+R5    41903.331    264 84334.661    84450.681    85732.197
230  mtZOA+F+R6    41880.123    266 84292.246    84410.223    85700.370
231  mtZOA+F+R7    41857.190    268 84250.380    84370.333    85669.090
232  mtZOA+F+R8    41851.761    270 84243.522    84365.472    85672.821
235  VT            42426.765    237 85327.529    85419.023    86582.136
236  VT+I          42377.053    238 85230.105    85322.446    86490.005
237  VT+G4         41181.961    238 82839.922    82932.263    84099.822
238  VT+I+G4       41174.858    239 82827.715    82920.908    84092.909
239  VT+R2         41425.440    239 83328.880    83422.072    84594.073
240  VT+R3         41213.834    241 82909.667    83004.577    84185.449
241  VT+R4         41143.146    243 82772.292    82868.937    84058.660
242  VT+R5         41119.226    245 82728.453    82826.853    84025.409
243  VT+R6         41115.310    247 82724.620    82824.793    84032.163
248  VT+F          42446.073    256 85404.145    85512.534    86759.332
249  VT+F+I        42401.795    257 85317.590    85426.916    86678.070
250  VT+F+G4       41221.886    257 82957.772    83067.098    84318.253
251  VT+F+I+G4     41214.987    258 82945.973    83056.241    84311.747
252  VT+F+R2       41450.152    258 83416.304    83526.571    84782.078
253  VT+F+R3       41248.680    260 83017.360    83129.526    84393.722
254  VT+F+R4       41178.749    262 82881.499    82995.582    84268.448
255  VT+F+R5       41152.150    264 82832.300    82948.320    84229.836
256  VT+F+R6       41149.701    266 82831.403    82949.380    84239.526
261  LG            42512.273    237 85498.546    85590.040    86753.152
262  LG+I          42460.558    238 85397.115    85489.456    86657.015
263  LG+G4         40950.850    238 82377.700    82470.041    83637.600
264  LG+I+G4       40943.350    239 82364.700    82457.893    83629.894
265  LG+R2         41259.576    239 82997.152    83090.345    84262.346
266  LG+R3         41005.861    241 82493.722    82588.632    83769.503
267  LG+R4         40928.228    243 82342.457    82439.102    83628.825
268  LG+R5         40891.501    245 82273.002    82371.402    83569.958
269  LG+R6         40885.561    247 82265.121    82365.294    83572.664
274  LG+F          42565.319    256 85642.637    85751.026    86997.824
275  LG+F+I        42520.787    257 85555.575    85664.900    86916.055
276  LG+F+G4       41020.699    257 82555.398    82664.724    83915.879
277  LG+F+I+G4     41014.323    258 82544.647    82654.914    83910.421
278  LG+F+R2       41311.167    258 83138.333    83248.601    84504.107
279  LG+F+R3       41075.599    260 82671.199    82783.364    84047.560
280  LG+F+R4       41000.450    262 82524.900    82638.983    83911.849
281  LG+F+R5       40961.464    264 82450.928    82566.948    83848.465
282  LG+F+R6       40954.183    266 82440.366    82558.343    83848.490
287  DCMut         43144.500    237 86763.000    86854.494    88017.607
288  DCMut+I       43062.778    238 86601.556    86693.896    87861.456
289  DCMut+G4      41672.784    238 83821.567    83913.908    85081.467
290  DCMut+I+G4    41662.378    239 83802.755    83895.948    85067.949
291  DCMut+R2      42001.633    239 84481.265    84574.458    85746.459
292  DCMut+R3      41750.340    241 83982.679    84077.589    85258.460
293  DCMut+R4      41641.341    243 83768.683    83865.328    85055.051
294  DCMut+R5      41616.893    245 83723.787    83822.187    85020.743
295  DCMut+R6      41611.327    247 83716.655    83816.828    85024.198
300  DCMut+F       43121.786    256 86755.571    86863.960    88110.758
301  DCMut+F+I     43048.574    257 86611.147    86720.473    87971.628
302  DCMut+F+G4    41649.723    257 83813.445    83922.771    85173.925
303  DCMut+F+I+G4  41639.566    258 83795.132    83905.400    85160.906
304  DCMut+F+R2    41960.940    258 84437.880    84548.147    85803.654
305  DCMut+F+R3    41719.658    260 83959.317    84071.482    85335.678
306  DCMut+F+R4    41615.972    262 83755.943    83870.026    85142.892
307  DCMut+F+R5    41594.242    264 83716.485    83832.505    85114.021
308  DCMut+F+R6    41588.408    266 83708.815    83826.792    85116.939
313  PMB           42587.851    237 85649.701    85741.195    86904.307
314  PMB+I         42544.029    238 85564.059    85656.399    86823.959
315  PMB+G4        41319.400    238 83114.800    83207.141    84374.700
316  PMB+I+G4      41314.187    239 83106.374    83199.566    84371.567
317  PMB+R2        41558.909    239 83595.818    83689.010    84861.011
318  PMB+R3        41342.083    241 83166.165    83261.075    84441.946
319  PMB+R4        41270.364    243 83026.728    83123.374    84313.097
320  PMB+R5        41247.185    245 82984.370    83082.770    84281.326
321  PMB+R6        41243.572    247 82981.143    83081.317    84288.687
326  PMB+F         42643.915    256 85799.829    85908.218    87155.016
327  PMB+F+I       42601.181    257 85716.361    85825.687    87076.841
328  PMB+F+G4      41390.693    257 83295.385    83404.711    84655.865
329  PMB+F+I+G4    41381.759    258 83279.517    83389.785    84645.291
330  PMB+F+R2      41622.792    258 83761.585    83871.852    85127.359
331  PMB+F+R3      41412.547    260 83345.095    83457.260    84721.456
332  PMB+F+R4      41340.824    262 83205.648    83319.731    84592.597
333  PMB+F+R5      41315.167    264 83158.333    83274.353    84555.869
334  PMB+F+R6      41311.733    266 83155.467    83273.443    84563.590
339  HIVb          44574.410    237 89622.819    89714.313    90877.426
340  HIVb+I        44498.185    238 89472.370    89564.711    90732.270
341  HIVb+G4       42583.239    238 85642.477    85734.818    86902.377
342  HIVb+I+G4     42575.858    239 85629.716    85722.908    86894.909
343  HIVb+R2       42988.734    239 86455.467    86548.660    87720.661
344  HIVb+R3       42675.448    241 85832.896    85927.805    87108.677
345  HIVb+R4       42553.734    243 85593.467    85690.113    86879.836
346  HIVb+R5       42521.363    245 85532.726    85631.126    86829.682
347  HIVb+R6       42513.364    247 85520.729    85620.902    86828.272
348  HIVb+R7       42505.826    249 85509.653    85611.618    86827.783
349  HIVb+R8       42504.322    251 85510.644    85614.421    86839.362
352  HIVb+F        44466.680    256 89445.359    89553.748    90800.546
353  HIVb+F+I      44402.812    257 89319.624    89428.949    90680.104
354  HIVb+F+G4     42450.449    257 85414.897    85524.223    86775.377
355  HIVb+F+I+G4   42446.638    258 85409.275    85519.543    86775.049
356  HIVb+F+R2     42830.961    258 86177.922    86288.189    87543.696
357  HIVb+F+R3     42539.569    260 85599.137    85711.302    86975.498
358  HIVb+F+R4     42421.198    262 85366.397    85480.480    86753.346
359  HIVb+F+R5     42375.795    264 85279.591    85395.611    86677.127
360  HIVb+F+R6     42366.491    266 85264.982    85382.959    86673.106
361  HIVb+F+R7     42358.897    268 85253.794    85373.747    86672.505
362  HIVb+F+R8     42357.569    270 85255.139    85377.089    86684.437
365  HIVw          46434.112    237 93342.223    93433.717    94596.829
366  HIVw+I        46329.207    238 93134.414    93226.755    94394.314
367  HIVw+G4       44532.618    238 89541.237    89633.578    90801.137
368  HIVw+I+G4     44520.975    239 89519.951    89613.143    90785.144
369  HIVw+R2       44998.859    239 90475.717    90568.910    91740.911
370  HIVw+R3       44640.203    241 89762.406    89857.316    91038.187
371  HIVw+R4       44525.498    243 89536.996    89633.641    90823.364
372  HIVw+R5       44482.576    245 89455.152    89553.552    90752.108
373  HIVw+R6       44476.357    247 89446.714    89546.887    90754.257
378  HIVw+F        45439.569    256 91391.139    91499.527    92746.325
379  HIVw+F+I      45366.448    257 91246.896    91356.222    92607.377
380  HIVw+F+G4     43568.577    257 87651.153    87760.479    89011.634
381  HIVw+F+I+G4   43562.131    258 87640.262    87750.529    89006.036
382  HIVw+F+R2     43983.088    258 88482.176    88592.443    89847.950
383  HIVw+F+R3     43656.391    260 87832.783    87944.948    89209.144
384  HIVw+F+R4     43549.371    262 87622.743    87736.826    89009.692
385  HIVw+F+R5     43508.020    264 87544.040    87660.060    88941.576
386  HIVw+F+R6     43499.856    266 87531.712    87649.689    88939.836
387  HIVw+F+R7     43486.295    268 87508.589    87628.542    88927.300
388  HIVw+F+R8     43483.324    270 87506.648    87628.598    88935.947
391  JTTDCMut      43051.761    237 86577.523    86669.017    87832.129
392  JTTDCMut+I    42987.219    238 86450.439    86542.780    87710.339
393  JTTDCMut+G4   41532.581    238 83541.162    83633.503    84801.062
394  JTTDCMut+I+G4 41524.068    239 83526.137    83619.329    84791.331
395  JTTDCMut+R2   41852.100    239 84182.200    84275.392    85447.393
396  JTTDCMut+R3   41594.300    241 83670.599    83765.509    84946.380
397  JTTDCMut+R4   41496.710    243 83479.420    83576.066    84765.789
398  JTTDCMut+R5   41473.189    245 83436.378    83534.778    84733.333
399  JTTDCMut+R6   41468.418    247 83430.836    83531.009    84738.379
404  JTTDCMut+F    43090.015    256 86692.030    86800.418    88047.216
405  JTTDCMut+F+I  43032.725    257 86579.449    86688.775    87939.930
406  JTTDCMut+F+G4 41599.405    257 83712.810    83822.136    85073.291
407  JTTDCMut+F+I+G4 41593.349    258 83702.697    83812.964    85068.471
408  JTTDCMut+F+R2 41899.308    258 84314.616    84424.883    85680.390
409  JTTDCMut+F+R3 41655.378    260 83830.756    83942.921    85207.117
410  JTTDCMut+F+R4 41561.812    262 83647.624    83761.707    85034.573
411  JTTDCMut+F+R5 41535.010    264 83598.020    83714.040    84995.557
412  JTTDCMut+F+R6 41530.562    266 83593.124    83711.100    85001.247
417  FLU           44308.655    237 89091.310    89182.804    90345.916
418  FLU+I         44229.306    238 88934.613    89026.954    90194.513
419  FLU+G4        42501.328    238 85478.656    85570.997    86738.556
420  FLU+I+G4      42489.385    239 85456.770    85549.962    86721.964
421  FLU+R2        42885.348    239 86248.696    86341.889    87513.890
422  FLU+R3        42594.183    241 85670.366    85765.276    86946.147
423  FLU+R4        42487.715    243 85461.430    85558.075    86747.799
424  FLU+R5        42465.798    245 85421.596    85519.996    86718.552
425  FLU+R6        42451.345    247 85396.690    85496.863    86704.233
426  FLU+R7        42430.330    249 85358.660    85460.625    86676.790
427  FLU+R8        42426.860    251 85355.719    85459.496    86684.438
430  FLU+F         44089.324    256 88690.649    88799.037    90045.835
431  FLU+F+I       44030.300    257 88574.601    88683.927    89935.081
432  FLU+F+G4      42221.062    257 84956.124    85065.450    86316.605
433  FLU+F+I+G4    42212.375    258 84940.749    85051.017    86306.523
434  FLU+F+R2      42595.147    258 85706.294    85816.561    87072.068
435  FLU+F+R3      42295.525    260 85111.050    85223.215    86487.411
436  FLU+F+R4      42212.403    262 84948.806    85062.889    86335.755
437  FLU+F+R5      42187.205    264 84902.411    85018.430    86299.947
438  FLU+F+R6      42164.917    266 84861.835    84979.811    86269.958
439  FLU+F+R7      42146.211    268 84828.421    84948.375    86247.132
440  FLU+F+R8      42143.191    270 84826.383    84948.333    86255.681
443  Blosum62      42467.657    237 85409.313    85500.807    86663.920
444  Blosum62+I    42429.503    238 85335.006    85427.347    86594.906
445  Blosum62+G4   41231.946    238 82939.892    83032.233    84199.792
446  Blosum62+I+G4 41226.014    239 82930.028    83023.221    84195.222
447  Blosum62+R2   41457.834    239 83393.668    83486.860    84658.862
448  Blosum62+R3   41256.239    241 82994.477    83089.387    84270.258
449  Blosum62+R4   41189.691    243 82865.382    82962.027    84151.751
450  Blosum62+R5   41161.444    245 82812.889    82911.289    84109.845
451  Blosum62+R6   41158.987    247 82811.975    82912.148    84119.518
456  Blosum62+F    42489.007    256 85490.015    85598.404    86845.201
457  Blosum62+F+I  42452.014    257 85418.027    85527.353    86778.508
458  Blosum62+F+G4 41272.047    257 83058.093    83167.419    84418.573
459  Blosum62+F+I+G4 41266.008    258 83048.016    83158.284    84413.790
460  Blosum62+F+R2 41492.973    258 83501.945    83612.213    84867.719
461  Blosum62+F+R3 41297.388    260 83114.777    83226.942    84491.138
462  Blosum62+F+R4 41230.195    262 82984.390    83098.473    84371.339
463  Blosum62+F+R5 41200.689    264 82929.379    83045.399    84326.915
464  Blosum62+F+R6 41198.709    266 82929.418    83047.394    84337.541
469  mtMet         46591.920    237 93657.841    93749.335    94912.447
470  mtMet+I       46539.331    238 93554.662    93647.003    94814.562
471  mtMet+G4      43956.156    238 88388.311    88480.652    89648.212
472  mtMet+I+G4    43951.216    239 88380.431    88473.624    89645.625
473  mtMet+R2      44378.773    239 89235.545    89328.738    90500.739
474  mtMet+R3      44056.026    241 88594.051    88688.961    89869.832
475  mtMet+R4      43940.527    243 88367.054    88463.699    89653.422
476  mtMet+R5      43898.600    245 88287.200    88385.600    89584.156
477  mtMet+R6      43886.209    247 88266.417    88366.590    89573.960
478  mtMet+R7      43870.400    249 88238.799    88340.765    89556.930
479  mtMet+R8      43867.436    251 88236.871    88340.648    89565.589
482  mtMet+F       44178.960    256 88869.920    88978.309    90225.107
483  mtMet+F+I     44121.912    257 88757.824    88867.149    90118.304
484  mtMet+F+G4    42131.638    257 84777.276    84886.602    86137.756
485  mtMet+F+I+G4  42124.058    258 84764.115    84874.383    86129.889
486  mtMet+F+R2    42531.757    258 85579.513    85689.781    86945.287
487  mtMet+F+R3    42234.266    260 84988.533    85100.698    86364.894
488  mtMet+F+R4    42138.210    262 84800.420    84914.503    86187.369
489  mtMet+F+R5    42092.017    264 84712.033    84828.053    86109.569
490  mtMet+F+R6    42079.667    266 84691.335    84809.311    86099.458
491  mtMet+F+R7    42067.751    268 84671.502    84791.456    86090.213
492  mtMet+F+R8    42065.375    270 84670.751    84792.701    86100.049
495  mtVer         47424.384    237 95322.767    95414.261    96577.374
496  mtVer+I       47347.702    238 95171.404    95263.745    96431.304
497  mtVer+G4      44379.669    238 89235.337    89327.678    90495.238
498  mtVer+I+G4    44373.466    239 89224.931    89318.124    90490.125
499  mtVer+R2      44849.294    239 90176.589    90269.781    91441.783
500  mtVer+R3      44535.241    241 89552.481    89647.391    90828.262
501  mtVer+R4      44371.639    243 89229.278    89325.924    90515.647
502  mtVer+R5      44324.313    245 89138.626    89237.026    90435.582
503  mtVer+R6      44310.338    247 89114.676    89214.849    90422.219
504  mtVer+R7      44287.686    249 89073.372    89175.337    90391.502
505  mtVer+R8      44282.864    251 89067.728    89171.505    90396.446
508  mtVer+F       45120.133    256 90752.266    90860.655    92107.453
509  mtVer+F+I     45042.791    257 90599.583    90708.908    91960.063
510  mtVer+F+G4    42821.354    257 86156.708    86266.033    87517.188
511  mtVer+F+I+G4  42810.681    258 86137.363    86247.630    87503.137
512  mtVer+F+R2    43260.922    258 87037.845    87148.112    88403.619
513  mtVer+F+R3    42966.888    260 86453.775    86565.941    87830.137
514  mtVer+F+R4    42848.605    262 86221.209    86335.292    87608.158
515  mtVer+F+R5    42789.999    264 86107.998    86224.018    87505.535
516  mtVer+F+R6    42774.133    266 86080.267    86198.243    87488.390
517  mtVer+F+R7    42758.225    268 86052.450    86172.404    87471.161
518  mtVer+F+R8    42754.553    270 86049.105    86171.055    87478.404
521  mtInv         46522.041    237 93518.082    93609.576    94772.688
522  mtInv+I       46476.834    238 93429.668    93522.008    94689.568
523  mtInv+G4      44170.215    238 88816.430    88908.771    90076.330
524  mtInv+I+G4    44166.455    239 88810.910    88904.102    90076.103
525  mtInv+R2      44535.836    239 89549.672    89642.865    90814.866
526  mtInv+R3      44224.893    241 88931.786    89026.696    90207.567
527  mtInv+R4      44145.422    243 88776.844    88873.490    90063.213
528  mtInv+R5      44108.198    245 88706.397    88804.797    90003.352
529  mtInv+R6      44097.817    247 88689.635    88789.808    89997.178
530  mtInv+R7      44088.564    249 88675.128    88777.094    89993.259
531  mtInv+R8      44086.616    251 88675.232    88779.009    90003.950
534  mtInv+F       43669.918    256 87851.836    87960.224    89207.022
535  mtInv+F+I     43615.459    257 87744.917    87854.243    89105.398
536  mtInv+F+G4    41837.713    257 84189.426    84298.751    85549.906
537  mtInv+F+I+G4  41828.858    258 84173.716    84283.983    85539.490
538  mtInv+F+R2    42207.341    258 84930.682    85040.949    86296.456
539  mtInv+F+R3    41911.187    260 84342.373    84454.539    85718.735
540  mtInv+F+R4    41832.684    262 84189.368    84303.451    85576.317
541  mtInv+F+R5    41790.810    264 84109.621    84225.641    85507.157
542  mtInv+F+R6    41781.030    266 84094.060    84212.037    85502.184
543  mtInv+F+R7    41773.496    268 84082.992    84202.945    85501.703
544  mtInv+F+R8    41772.258    270 84084.516    84206.466    85513.814
Akaike Information Criterion:           LG+R6
Corrected Akaike Information Criterion: LG+R6
Bayesian Information Criterion:         LG+R5
Best-fit model: LG+R5 chosen according to BIC

All model information printed to MSTRG.27853.2.p1.pep.faa.blastp_ALL.outfmt6.parsed.filtered.faa.mafft.aln.model.gz
CPU time for ModelFinder: 6259.008 seconds (1h:44m:19s)
Wall-clock time for ModelFinder: 2833.115 seconds (0h:47m:13s)
Generating 2000 samples for ultrafast bootstrap (seed: 350303)...

NOTE: 85 MB RAM (0 GB) is required!
Measuring multi-threading efficiency up to 2 CPU cores
6 trees examined
Threads: 1 / Time: 2.078 sec / Speedup: 1.000 / Efficiency: 100% / LogL: -53552
Threads: 2 / Time: 1.064 sec / Speedup: 1.953 / Efficiency: 98% / LogL: -53552
BEST NUMBER OF THREADS: 2

Estimate model parameters (epsilon = 0.100)
1. Initial log-likelihood: -40909.563
2. Current log-likelihood: -40891.226
3. Current log-likelihood: -40887.601
4. Current log-likelihood: -40886.877
5. Current log-likelihood: -40886.757
Optimal log-likelihood: -40886.659
Site proportion and rates:  (0.112,0.099) (0.172,0.329) (0.213,0.648) (0.264,1.150) (0.239,2.053)
Parameters optimization took 5 rounds (8.812 sec)
Computing ML distances based on estimated model parameters... 6.688 sec
Computing BIONJ tree...
0.009 seconds
Log-likelihood of BIONJ tree: -40763.510
--------------------------------------------------------------------
|             INITIALIZING CANDIDATE TREE SET                      |
--------------------------------------------------------------------
Generating 98 parsimony trees... 5.841 second
Computing log-likelihood of 98 initial trees ... 30.313 seconds
Current best score: -40763.510

Do NNI search on 20 best initial trees
Estimate model parameters (epsilon = 0.100)
BETTER TREE FOUND at iteration 1: -40670.734
Estimate model parameters (epsilon = 0.100)
BETTER TREE FOUND at iteration 8: -40653.819
Iteration 10 / LogL: -40697.745 / Time: 0h:1m:46s
Iteration 20 / LogL: -40714.135 / Time: 0h:2m:30s
Finish initializing candidate tree set (20)
Current best tree score: -40653.819 / CPU time: 133.630
Number of iterations: 20
--------------------------------------------------------------------
|               OPTIMIZING CANDIDATE TREE SET                      |
--------------------------------------------------------------------
Iteration 30 / LogL: -40657.286 / Time: 0h:3m:9s (0h:8m:29s left)
Estimate model parameters (epsilon = 0.100)
BETTER TREE FOUND at iteration 33: -40649.748
Estimate model parameters (epsilon = 0.100)
BETTER TREE FOUND at iteration 35: -40647.929
Estimate model parameters (epsilon = 0.100)
BETTER TREE FOUND at iteration 36: -40635.848
Iteration 40 / LogL: -40651.266 / Time: 0h:3m:56s (0h:9m:42s left)
Estimate model parameters (epsilon = 0.100)
BETTER TREE FOUND at iteration 46: -40634.394
Iteration 50 / LogL: -40635.124 / Time: 0h:4m:37s (0h:9m:4s left)
Log-likelihood cutoff on original alignment: -40748.996
Estimate model parameters (epsilon = 0.100)
BETTER TREE FOUND at iteration 59: -40630.981
Iteration 60 / LogL: -40638.297 / Time: 0h:5m:21s (0h:8m:59s left)
Iteration 70 / LogL: -40632.253 / Time: 0h:5m:59s (0h:7m:43s left)
Iteration 80 / LogL: -40636.740 / Time: 0h:6m:35s (0h:6m:35s left)
Iteration 90 / LogL: -40650.499 / Time: 0h:7m:11s (0h:5m:34s left)
Iteration 100 / LogL: -40632.251 / Time: 0h:7m:50s (0h:4m:40s left)
Log-likelihood cutoff on original alignment: -40748.996
NOTE: Bootstrap correlation coefficient of split occurrence frequencies: 0.995
Iteration 110 / LogL: -40634.196 / Time: 0h:8m:29s (0h:7m:0s left)
Iteration 120 / LogL: -40645.244 / Time: 0h:9m:6s (0h:6m:7s left)
Iteration 130 / LogL: -40633.366 / Time: 0h:9m:42s (0h:5m:15s left)
Iteration 140 / LogL: -40645.159 / Time: 0h:10m:20s (0h:4m:27s left)
Iteration 150 / LogL: -40633.637 / Time: 0h:10m:56s (0h:3m:40s left)
Log-likelihood cutoff on original alignment: -40748.996
Iteration 160 / LogL: -40653.571 / Time: 0h:11m:34s (0h:2m:54s left)
TREE SEARCH COMPLETED AFTER 160 ITERATIONS / Time: 0h:11m:34s

--------------------------------------------------------------------
|                    FINALIZING TREE SEARCH                        |
--------------------------------------------------------------------
Performs final model parameters optimization
Estimate model parameters (epsilon = 0.010)
1. Initial log-likelihood: -40630.981
Optimal log-likelihood: -40630.978
Site proportion and rates:  (0.112,0.098) (0.166,0.323) (0.210,0.636) (0.272,1.167) (0.241,2.014)
Parameters optimization took 1 rounds (1.834 sec)
BEST SCORE FOUND : -40630.978
Creating bootstrap support values...
Split supports printed to NEXUS file MSTRG.27853.2.p1.pep.faa.blastp_ALL.outfmt6.parsed.filtered.faa.mafft.aln.splits.nex
Total tree length: 84.237

Total number of iterations: 160
CPU time used for tree search: 1344.414 sec (0h:22m:24s)
Wall-clock time used for tree search: 677.013 sec (0h:11m:17s)
Total CPU time used: 1381.186 sec (0h:23m:1s)
Total wall-clock time used: 696.763 sec (0h:11m:36s)

Computing bootstrap consensus tree...
Reading input file MSTRG.27853.2.p1.pep.faa.blastp_ALL.outfmt6.parsed.filtered.faa.mafft.aln.splits.nex...
120 taxa and 1235 splits.
Consensus tree written to MSTRG.27853.2.p1.pep.faa.blastp_ALL.outfmt6.parsed.filtered.faa.mafft.aln.contree
Reading input trees file MSTRG.27853.2.p1.pep.faa.blastp_ALL.outfmt6.parsed.filtered.faa.mafft.aln.contree
Log-likelihood of consensus tree: -40632.279

Analysis results written to: 
  IQ-TREE report:                MSTRG.27853.2.p1.pep.faa.blastp_ALL.outfmt6.parsed.filtered.faa.mafft.aln.iqtree
  Maximum-likelihood tree:       MSTRG.27853.2.p1.pep.faa.blastp_ALL.outfmt6.parsed.filtered.faa.mafft.aln.treefile
  Likelihood distances:          MSTRG.27853.2.p1.pep.faa.blastp_ALL.outfmt6.parsed.filtered.faa.mafft.aln.mldist

Ultrafast bootstrap approximation results written to:
  Split support values:          MSTRG.27853.2.p1.pep.faa.blastp_ALL.outfmt6.parsed.filtered.faa.mafft.aln.splits.nex
  Consensus tree:                MSTRG.27853.2.p1.pep.faa.blastp_ALL.outfmt6.parsed.filtered.faa.mafft.aln.contree
  Screen log file:               MSTRG.27853.2.p1.pep.faa.blastp_ALL.outfmt6.parsed.filtered.faa.mafft.aln.log

Date and Time: Tue May 25 03:16:39 2021
