IQ-TREE multicore version 1.6.12 for Linux 64-bit built Aug 15 2019
Developed by Bui Quang Minh, Nguyen Lam Tung, Olga Chernomor,
Heiko Schmidt, Dominik Schrempf, Michael Woodhams.

Host:    coral (AVX512, FMA3, 376 GB RAM)
Command: /home/timothy/programs/iqtree-1.6.12-Linux/bin/iqtree -s MSTRG.13131.1.p1.pep.faa.blastp_ALL.outfmt6.parsed.filtered.faa.mafft.aln -nt AUTO -ntmax 2 -m MFP -bb 2000 -quiet
Seed:    592447 (Using SPRNG - Scalable Parallel Random Number Generator)
Time:    Mon May 24 18:49:02 2021
Kernel:  AVX+FMA - auto-detect threads (96 CPU cores detected)

Reading alignment file MSTRG.13131.1.p1.pep.faa.blastp_ALL.outfmt6.parsed.filtered.faa.mafft.aln ... Fasta format detected
Alignment most likely contains protein sequences
Alignment has 108 sequences with 2834 columns, 1502 distinct patterns
550 parsimony-informative, 687 singleton sites, 1597 constant sites
                                                                                                                             Gap/Ambiguity  Composition  p-value
   1  Archaea-Euryarchaeota-Methanomicrobia-Methanomicrobiales-Methanospirillaceae-Methanospirillum_stamsii_WP_109939179.1          82.89%    failed      0.04%
   2  Archaea-Euryarchaeota-NA-NA-NA-Aciduliprofundum_boonei_WP_008084691.1                                                         88.07%    failed      0.00%
   3  Bacteria-Acidobacteria-Acidobacteriia-Acidobacteriales-Acidobacteriaceae-Acidobacteriaceae_bacterium_KBS_96_WP_020720442.1    88.92%    failed      0.12%
   4  Bacteria-Actinobacteria-Actinobacteria-Propionibacteriales-Nocardioidaceae-Nocardioides_bacterium_WP_136432482.1              87.79%    failed      0.00%
   5  Bacteria-Actinobacteria-Actinobacteria-Streptomycetales-Streptomycetaceae-Streptomyces_pini_WP_093850690.1                    86.66%    failed      0.00%
   6  Bacteria-Bacteroidetes-NA-BacteroidetesOrderII.Incertaesedis-Rhodothermaceae-Longibacter_salinarum_WP_098075289.1             87.58%    passed     23.09%
   7  Bacteria-Bacteroidetes-NA-BacteroidetesOrderII.Incertaesedis-Rhodothermaceae-Salinibacter_sp._10B_WP_105013393.1              87.26%    passed      5.77%
   8  Bacteria-Balneolaeota-Balneolia-Balneolales-Balneolaceae-Balneola_vulgaris_WP_018126185.1                                     88.25%    failed      3.69%
   9  Bacteria-CandidatusBipolaricaulota-NA-NA-NA-Candidatus_Bipolaricaulis_anaerobius_WP_122030734.1                               87.65%    failed      0.00%
  10  Bacteria-CandidatusCloacimonetes-NA-NA-NA-Candidatus_Cloacimonas_acidaminovorans_WP_015425397.1                               87.33%    failed      0.05%
  11  Bacteria-CandidatusMarinimicrobia-NA-NA-NA-Candidatus_Marinimicrobia_bacterium_WP_129215262.1                                 87.61%    failed      1.61%
  12  Bacteria-Chlamydiae-Chlamydiia-Parachlamydiales-Criblamydiaceae-Criblamydia_sequanensis_WP_079978039.1                        86.38%    failed      0.02%
  13  Bacteria-Chlorobi-Chlorobia-Chlorobiales-Chlorobiaceae-Chloroherpeton_thalassium_WP_012498913.1                               87.01%    passed     93.64%
  14  Bacteria-Chloroflexi-Anaerolineae-Anaerolineales-Anaerolineaceae-Anaerolinea_thermolimosa_WP_062189364.1                      87.58%    failed      0.07%
  15  Bacteria-Chloroflexi-Anaerolineae-Anaerolineales-Anaerolineaceae-Bellilinea_caldifistulae_WP_061912855.1                      87.65%    failed      0.00%
  16  Bacteria-Firmicutes-Bacilli-Bacillales-Bacillaceae-Bacillus_sp._FJAT44921_WP_078552510.1                                      87.93%    failed      2.06%
  17  Bacteria-Firmicutes-Limnochordia-Limnochordales-Limnochordaceae-Limnochorda_pilosa_WP_144440517.1                             87.05%    failed      0.00%
  18  Bacteria-Fusobacteria-Fusobacteriia-Fusobacteriales-Fusobacteriaceae-Cetobacterium_somerae_WP_023052432.1                     88.21%    failed      0.00%
  19  Bacteria-Fusobacteria-Fusobacteriia-Fusobacteriales-Fusobacteriaceae-Ilyobacter_polytropus_WP_013389183.1                     88.32%    failed      0.00%
  20  Bacteria-Gemmatimonadetes-Gemmatimonadetes-Gemmatimonadales-Gemmatimonadaceae-Gemmatimonas_phototrophica_WP_053334094.1       87.01%    failed      0.00%
  21  Bacteria-Gemmatimonadetes-Gemmatimonadetes-Gemmatimonadales-Gemmatimonadaceae-Gemmatirosa_kalamazoonesis_WP_025412822.1       86.87%    failed      0.00%
  22  Bacteria-Ignavibacteriae-Ignavibacteria-Ignavibacteriales-Ignavibacteriaceae-Ignavibacterium_album_WP_014559653.1             86.87%    failed      0.16%
  23  Bacteria-Ignavibacteriae-Ignavibacteria-Ignavibacteriales-Melioribacteraceae-Melioribacter_roseus_WP_051015842.1              87.23%    failed      0.60%
  24  Bacteria-NA-NA-NA-NA-NA_WP_046651055.1                                                                                        86.17%    failed      0.00%
  25  Bacteria-Proteobacteria-Deltaproteobacteria-Myxococcales-Archangiaceae-Vitiosangium_sp._GDMCC_1.1324_WP_108074756.1           87.72%    failed      0.00%
  26  Bacteria-Proteobacteria-Deltaproteobacteria-Myxococcales-Nannocystaceae-Plesiocystis_pacifica_WP_006971596.1                  87.12%    failed      1.06%
  27  Bacteria-Rhodothermaeota-Rhodothermia-Rhodothermales-Rubricoccaceae-Rubrivirga_marina_WP_095510661.1                          87.72%    failed      0.05%
  28  Bacteria-Rhodothermaeota-Rhodothermia-Rhodothermales-Salinibacteraceae-Salinivenus_iranica_WP_103037089.1                     87.40%    passed     15.87%
  29  Bacteria-Spirochaetes-Spirochaetia-Spirochaetales-Spirochaetaceae-Candidatus_Marispirochaeta_associata_WP_069894322.1         87.33%    passed      9.30%
  30  Bacteria-Spirochaetes-Spirochaetia-Spirochaetales-Spirochaetaceae-Marispirochaeta_aestuarii_WP_083049518.1                    87.33%    passed     56.71%
  31  Bacteria-Verrucomicrobia-Verrucomicrobiae-Verrucomicrobiales-Verrucomicrobiaceae-Haloferula_sp._BvORR071_WP_081886293.1       86.17%    failed      0.39%
  32  Eukaryota-Acytosteliales-Acytosteliales-Acytosteliales-Acytosteliaceae-Acytostelium_subglobosum_XP_012748487.1                73.71%    failed      0.21%
  33  Eukaryota-Acytosteliales-Acytosteliales-Acytosteliales-Cavenderiaceae-Cavenderia_fasciculata_XP_004366164.1                   72.94%    failed      0.35%
  34  Eukaryota-Alveolata-Dinophyceae-NA-Unranked-Karenia_brevis_MMETSP0030_c123877_g1_i1.p1                                        91.92%    passed      8.17%
  35  Eukaryota-Alveolata-Dinophyceae-NA-Unranked-Togula_jolla_MMETSP0224_c24194_g1_i1.p1                                           86.13%    failed      0.00%
  36  Eukaryota-Amoebozoa-NA-NA-Paramoebidae-Filamoeba_nolandi_MMETSP0413_c19075_g1_i1.p1                                           90.79%    passed     17.88%
  37  Eukaryota-Amoebozoa-NA-NA-Paramoebidae-Pessonella_sp_MMETSP0420_c7549_g1_i1.p1                                                87.90%    failed      1.02%
  38  Eukaryota-Annelida-Clitellata-Hirudinida-Glossiphoniidae-Helobdella_robusta_jgi110129                                         87.40%    failed      0.13%
  39  Eukaryota-Apicomplexa-Conoidasida-Eucoccidiorida-Sarcocystidae-Toxoplasma_gondii_XP_002367803.1                               87.09%    failed      3.85%
  40  Eukaryota-Apicomplexa-NA-Unranked-NA-Alveolata_sp_MMETSP0288_c604_g1_i1.p2                                                    87.09%    failed      1.48%
  41  Eukaryota-Apusomonadidae-NA-NA-NA-Thecamonas_trahens_XP_013762615.1                                                           73.99%    failed      0.00%
  42  Eukaryota-Arthropoda-Insecta-Hymenoptera-Encyrtidae-Copidosoma_floridanum_XP_014212670.1                                      87.37%    failed      0.00%
  43  Eukaryota-Arthropoda-Insecta-Lepidoptera-Noctuidae-Helicoverpa_armigera_XP_021191969.1                                        87.76%    passed     38.28%
  44  Eukaryota-Ascomycota-Dothideomycetes-Capnodiales-Mycosphaerellaceae-Pseudocercospora_fijiensis_XP_007928874.1                 87.93%    passed     42.45%
  45  Eukaryota-Ascomycota-NA-NA-NA-Saitoella_complicata_XP_019022772.1                                                             86.77%    passed      8.66%
  46  Eukaryota-Basidiomycota-Exobasidiomycetes-Exobasidiales-Cryptobasidiaceae-Acaromyces_ingoldii_XP_025375025.1                  87.44%    failed      0.33%
  47  Eukaryota-Basidiomycota-Exobasidiomycetes-Microstromatales-NA-Pseudomicrostroma_glucosiphilum_XP_025346643.1                  87.58%    failed      0.19%
  48  Eukaryota-Brachiopoda-Lingulata-Lingulida-Lingulidae-Lingula_anatina_XP_013406866.1                                           87.44%    passed     19.83%
  49  Eukaryota-Cercozoa-Chlorarachniophyceae-NA-NA-Lotharella_amoebiformis_MMETSP0042_c17957_g1_i1.p1                              85.78%    passed     10.49%
  50  Eukaryota-Cercozoa-NA-Euglyphida-Paulinellidae-Paulinella_chromatophora_scaffold5262-size1831_m.47071                         81.19%    failed      0.00%
  51  Eukaryota-Chlorophyta-NA-NA-NA-Tetraselmis_striata_MMETSP0820_c2158_g1_i1.p1                                                  87.40%    failed      0.00%
  52  Eukaryota-Chlorophyta-NA-Pyramimonadales-NA-Pyramimonas_parkeae_MMETSP0059_c12116_g1_i1.p1                                    87.65%    passed     27.68%
  53  Eukaryota-Chlorophyta-Trebouxiophyceae-Chlorellales-Chlorellaceae-Chlorella_NC64A_jgi22261                                    85.36%    failed      0.00%
  54  Eukaryota-Chlorophyta-Trebouxiophyceae-NA-NA-Coccomyxa_subellipsoida_jgi22155                                                 87.76%    passed      6.10%
  55  Eukaryota-Choanoflagellata-Choanoflagellata-Choanoflagellata-Salpingoecidae-Monosiga_brevicollis_XP_001747074.1               39.10%    failed      0.00%
  56  Eukaryota-Choanoflagellata-Choanoflagellata-Choanoflagellata-Salpingoecidae-Salpingoeca_rosetta_XP_004989173.1                86.20%    failed      0.00%
  57  Eukaryota-Chordata-Amphibia-Anura-Dicroglossidae-Nanorana_parkeri_XP_018415993.1                                              87.76%    passed      9.05%
  58  Eukaryota-Chordata-Mammalia-Carnivora-Mustelidae-Enhydra_lutris_XP_022380775.1                                                87.47%    failed      1.45%
  59  Eukaryota-Chromeraceae-NA-NA-NA-Chromera_velia_MMETSP0290_c6961_g1_i1.p1                                                      95.45%    failed      4.85%
  60  Eukaryota-Chromeraceae-NA-NA-NA-Vitrella_brassicaformis_MMETSP1451_c47231_g1_i1.p2                                            91.39%    failed      0.76%
  61  Eukaryota-Chytridiomycota-Chytridiomycetes-Rhizophydiales-NA-Batrachochytrium_dendrobatidis_jgi20019                          87.76%    passed     73.77%
  62  Eukaryota-Ciliophora-NA-Unranked-NA-Blepharisma_japonicum_MMETSP1395_c9774_g1_i1.p1                                           89.06%    failed      0.65%
  63  Eukaryota-Ciliophora-NA-Unranked-NA-Fabrea_salina_MMETSP1345_c10832_g1_i1.p1                                                  89.38%    failed      2.69%
  64  Eukaryota-Cnidaria-Anthozoa-Alcyonacea-Nephtheidae-Dendronephthya_gigantea_XP_028407028.1                                     87.01%    passed     15.14%
  65  Eukaryota-Cnidaria-Anthozoa-Scleractinia-Merulinidae-Orbicella_faveolata_XP_020626948.1                                       87.16%    failed      0.82%
  66  Eukaryota-Cryptophyta-NA-Goniomondales-NA-Goniomonas_pacifica_MMETSP0108_c16607_g1_i1.p1                                      85.36%    failed      0.00%
  67  Eukaryota-Cryptophyta-NA-Pyrenomonadales-Pyrenomonadaceae-Rhodomonas_lens_MMETSP0484_c33340_g1_i1.p1                          83.27%    failed      0.00%
  68  Eukaryota-Dictyosteliales-Dictyosteliales-Dictyosteliales-Dictyosteliaceae-Dictyostelium_purpureum_jgi54735                   72.48%    failed      0.00%
  69  Eukaryota-Echinodermata-Asteroidea-Valvatida-Acanthasteridae-Acanthaster_planci_XP_022104694.1                                87.51%    passed     71.30%
  70  Eukaryota-Echinodermata-Echinoidea-Echinoida-Strongylocentrotidae-Strongylocentrotus_purpuratus_XP_011669589.1                86.45%    passed     35.89%
  71  Eukaryota-Entamoebidae-NA-NA-NA-Entamoeba_nuttalli_XP_008856015.1                                                             88.11%    failed      1.00%
  72  Eukaryota-Euglenida-NA-Eutreptiales-NA-Eutreptiella_gymnastica_MMETSP0039_c43298_g1_i1.p1                                     87.72%    passed     16.80%
  73  Eukaryota-Euglenida-NA-NA-Unranked-Neobodo_designis_MMETSP1114_c5528_g1_i1.p1                                                 86.10%    failed      0.00%
  74  Eukaryota-Fonticulida-Fonticulida-Fonticulida-Fonticulaceae-Fonticula_alba_XP_009496045.1                                     82.07%    failed      0.00%
  75  Eukaryota-Glaucophyta-Glaucophyta-Gloeochaetales-Gloeochaetaceae-Gloeochaete_witrockiana_MMETSP0308_c1071_g1_i1.p1            87.69%    passed     48.84%
  76  Eukaryota-Glaucophyta-Glaucophyta-NA-Cyanophoraceae-Cyanophora_paradoxa_tig00000663_g2970.t2                                  87.09%    failed      0.00%
  77  Eukaryota-Haptophyta-NA-Prymnesiales-NA-Coccolithus_pelagicussspbraarudi_MMETSP0164_c43500_g1_i1.p1                           86.34%    failed      0.01%
  78  Eukaryota-Haptophyta-NA-Prymnesiales-NA-Imantonia_sp_MMETSP1474_c21358_g1_i1.p1                                               89.31%    failed      1.06%
  79  Eukaryota-Hemichordata-Enteropneusta-NA-Harrimaniidae-Saccoglossus_kowalevskii_XP_006817734.1                                 85.07%    failed      0.00%
  80  Eukaryota-Heterolobosea-NA-NA-NA-Percolomonas_cosmopolitus_MMETSP0758_c4455_g1_i1.p1                                          95.80%    failed      0.08%
  81  Eukaryota-Heterolobosea-NA-NA-Vahlkampfiidae-Naegleria_gruberi_jgi62042                                                       86.06%    failed      0.00%
  82  Eukaryota-Kinetoplastida-Kinetoplastida-Kinetoplastida-Trypanosomatidae-Trypanosoma_grayi_XP_009314533.1                      77.91%    failed      0.00%
  83  Eukaryota-Longamoebia-Longamoebia-Longamoebia-Acanthamoebidae-Acanthamoeba_castellanii_XP_004344912.1                         95.06%    passed     48.13%
  84  Eukaryota-Mesomycetozoea-Ichthyosporea-Ichthyophonida-NA-Sphaeroforma_arctica_XP_014150287.1                                  87.83%    passed     14.50%
  85  Eukaryota-Mollusca-Bivalvia-Ostreoida-Ostreidae-Crassostrea_gigas_XP_011424103.1                                              87.47%    failed      3.43%
  86  Eukaryota-Mollusca-Cephalopoda-Octopoda-Octopodidae-Octopus_vulgaris_XP_029643691.1                                           87.79%    failed      0.07%
  87  Eukaryota-Mucorales-Mucoraceae-Undefined-Undefined-Mucor_circinelloides_jgi38358                                              88.07%    failed      3.75%
  88  Eukaryota-Mucoromycota-Glomeromycetes-Glomerales-Glomeraceae-Rhizophagus_irregularis_XP_025186958.1                           87.30%    failed      0.19%
  89  Eukaryota-Mucoromycota-Mucoromycetes-Mucorales-Phycomycetaceae-Phycomyces_blakesleeanus_XP_018293799.1                        88.25%    passed     57.56%
  90  Eukaryota-Nematoda-Chromadorea-Rhabditida-Onchocercidae-Brugia_malayi_XP_001895175.1                                          88.04%    failed      3.61%
  91  Eukaryota-Nematoda-Chromadorea-Rhabditida-Rhabditidae-Caenorhabditis_elegans_NP_871955.2                                      86.31%    failed      2.14%
  92  Eukaryota-Palpitomonas-NA-NA-NA-Palpitomonas_bilix_MMETSP0780_c7420_g1_i2.p1                                                  87.97%    passed     18.37%
  93  Eukaryota-Perkinsozoa-NA-Perkinsida-Perkinsidae-Perkinsus_marinus_XP_002768429.1                                              91.18%    passed      5.82%
  94  Eukaryota-Placozoa-NA-NA-Trichoplacidae-Trichoplax_adhaerens_XP_002117047.1                                                   85.14%    passed     13.59%
  95  Eukaryota-Platyhelminthes-Trematoda-Opisthorchiida-Opisthorchiidae-Opisthorchis_viverrini_XP_009165632.1                      84.51%    passed      5.92%
  96  Eukaryota-Platyhelminthes-Trematoda-Strigeidida-Schistosomatidae-Schistosoma_mansoni_XP_018645235.1                           87.83%    failed      0.14%
  97  Eukaryota-Porifera-Demospongiae-Haplosclerida-Niphatidae-Amphimedon_queenslandica_XP_011409237.2                              94.88%    passed     71.36%
  98  Eukaryota-Priapulida-Priapulimorpha-Priapulimorphida-Priapulidae-Priapulus_caudatus_XP_014671937.1                            87.47%    passed     14.71%
  99  Eukaryota-Retaria-NA-NA-NA-Ammonia_sp_MMETSP1384_c39485_g1_i1.p1                                                              86.56%    failed      0.64%
 100  Eukaryota-Retaria-NA-NA-NA-Elphidium_margaritaceum_MMETSP1385_c32707_g1_i1.p1                                                 85.64%    passed     30.53%
 101  Eukaryota-Rhodophyta-Florideophyceae-Gigartinales-Gigartinaceae-Chondrus_crispus_XP_005712203.1                               86.49%    failed      0.22%
 102  Eukaryota-Rhodophyta-Florideophyceae-Gracilariales-Gracilariaceae-Gracilariopsis_chorda_PXF44837.1                            87.69%    passed     13.53%
 103  Eukaryota-Stramenopiles-Coscinodiscophyceae-Chaetocerotales-Chaetocerotaceae-Chaetoceros_debilis_MMETSP0150_c17040_g1_i1.p1   85.22%    passed     33.68%
 104  Eukaryota-Stramenopiles-Raphidophyceae-Chattonellales-Chattonellaceae-Chattonella_subsalsa_MMETSP0947_c1316_g1_i1.p1          86.94%    passed     12.98%
 105  Eukaryota-Streptophyta-Lycopodiopsida-Selaginellales-Selaginellaceae-Selaginella_moellendorffii_XP_002994526.1                87.40%    passed     36.36%
 106  Eukaryota-Streptophyta-NA-Asterales-Asteraceae-Lactuca_sativa_XP_023771402.1                                                  87.58%    failed      1.65%
 107  Eukaryota-Trichomonadida-Trichomonadida-Trichomonadida-Trichomonadidae-Trichomonas_vaginalis_XP_001325125.1                   74.17%    failed      1.58%
 108  MSTRG.13131.1.p1                                                                                                              82.29%    failed      0.00%
WARNING: 107 sequences contain more than 50% gaps/ambiguity
****  TOTAL                                                                                                                         86.28%  72 sequences failed composition chi2 test (p-value<5%; df=19)


Create initial parsimony tree by phylogenetic likelihood library (PLL)... 0.075 seconds
NOTE: ModelFinder requires 265 MB RAM!
ModelFinder will test 546 protein models (sample size: 2834) ...
 No. Model         -LnL         df  AIC          AICc         BIC
Measuring multi-threading efficiency up to 2 CPU cores
9 trees examined
Threads: 1 / Time: 2.164 sec / Speedup: 1.000 / Efficiency: 100% / LogL: -98853
Threads: 2 / Time: 2.388 sec / Speedup: 0.906 / Efficiency: 45% / LogL: -98853
BEST NUMBER OF THREADS: 1

  1  Dayhoff       84429.424    213 169284.847   169319.643   170552.079
  2  Dayhoff+I     84164.675    214 168757.350   168792.486   170030.531
  3  Dayhoff+G4    81275.192    214 162978.383   163013.519   164251.564
  4  Dayhoff+I+G4  81223.546    215 162877.092   162912.570   164156.223
  5  Dayhoff+R2    81965.225    215 164360.451   164395.928   165639.581
  6  Dayhoff+R3    81271.350    217 162976.699   163012.866   164267.729
  7  Dayhoff+R4    81169.772    219 162777.543   162814.406   164080.472
  8  Dayhoff+R5    81057.450    221 162556.901   162594.467   163871.728
  9  Dayhoff+R6    81044.503    223 162535.005   162573.283   163861.732
 10  Dayhoff+R7    81030.309    225 162510.619   162549.614   163849.244
 11  Dayhoff+R8    81018.231    227 162490.462   162530.183   163840.986
 12  Dayhoff+R9    81009.998    229 162477.996   162518.449   163840.419
 13  Dayhoff+R10   81004.397    231 162470.795   162511.988   163845.116
 14  Dayhoff+F     84049.383    232 168562.767   168604.332   169943.038
 15  Dayhoff+F+I   83785.099    233 168036.198   168078.138   169422.419
 16  Dayhoff+F+G4  80919.487    233 162304.975   162346.915   163691.195
 17  Dayhoff+F+I+G4 80863.049    234 162194.099   162236.415   163586.269
 18  Dayhoff+F+R2  81556.488    234 163580.977   163623.293   164973.147
 19  Dayhoff+F+R3  80883.040    236 162238.081   162281.155   163642.149
 20  Dayhoff+F+R4  80761.488    238 161998.976   162042.815   163414.944
 21  Dayhoff+F+R5  80657.450    240 161794.900   161839.512   163222.766
 22  Dayhoff+F+R6  80654.628    242 161793.256   161838.649   163233.022
 27  mtMAM         93204.168    213 186834.337   186869.132   188101.568
 28  mtMAM+I       92939.347    214 186306.695   186341.830   187579.876
 29  mtMAM+G4      85892.524    214 172213.049   172248.184   173486.230
 30  mtMAM+I+G4    85873.506    215 172177.012   172212.489   173456.142
 31  mtMAM+R2      87370.289    215 175170.578   175206.056   176449.709
 32  mtMAM+R3      86142.504    217 172719.008   172755.174   174010.037
 33  mtMAM+R4      85880.207    219 172198.414   172235.277   173501.342
 34  mtMAM+R5      85663.966    221 171769.931   171807.498   173084.758
 35  mtMAM+R6      85636.921    223 171719.842   171758.120   173046.568
 36  mtMAM+R7      85615.812    225 171681.624   171720.620   173020.249
 37  mtMAM+R8      85598.829    227 171651.658   171691.379   173002.182
 38  mtMAM+R9      85584.265    229 171626.531   171666.984   172988.953
 39  mtMAM+R10     85563.355    231 171588.710   171629.903   172963.032
 40  mtMAM+F       88392.210    232 177248.421   177289.986   178628.692
 41  mtMAM+F+I     88074.260    233 176614.520   176656.460   178000.740
 42  mtMAM+F+G4    82931.984    233 166329.967   166371.907   167716.188
 43  mtMAM+F+I+G4  82894.878    234 166257.756   166300.072   167649.926
 44  mtMAM+F+R2    83943.952    234 168355.905   168398.221   169748.075
 45  mtMAM+F+R3    83158.465    236 166788.931   166832.005   168193.000
 46  mtMAM+F+R4    82891.344    238 166258.687   166302.527   167674.655
 47  mtMAM+F+R5    82726.847    240 165933.694   165978.307   167361.561
 48  mtMAM+F+R6    82712.545    242 165909.090   165954.483   167348.856
 49  mtMAM+F+R7    82705.114    244 165898.228   165944.408   167349.893
 53  JTT           84061.720    213 168549.441   168584.236   169816.672
 54  JTT+I         83802.974    214 168033.948   168069.084   169307.130
 55  JTT+G4        80758.551    214 161945.102   161980.237   163218.283
 56  JTT+I+G4      80711.464    215 161852.927   161888.405   163132.058
 57  JTT+R2        81392.518    215 163215.037   163250.514   164494.167
 58  JTT+R3        80754.101    217 161942.203   161978.369   163233.232
 59  JTT+R4        80620.725    219 161679.450   161716.313   162982.378
 60  JTT+R5        80512.176    221 161466.353   161503.919   162781.180
 61  JTT+R6        80500.622    223 161447.244   161485.522   162773.970
 62  JTT+R7        80499.648    225 161449.296   161488.292   162787.921
 66  JTT+F         83966.664    232 168397.327   168438.893   169777.599
 67  JTT+F+I       83714.868    233 167895.736   167937.676   169281.956
 68  JTT+F+G4      80729.157    233 161924.313   161966.253   163310.534
 69  JTT+F+I+G4    80682.240    234 161832.480   161874.796   163224.650
 70  JTT+F+R2      81352.065    234 163172.131   163214.447   164564.301
 71  JTT+F+R3      80718.458    236 161908.915   161951.990   163312.984
 72  JTT+F+R4      80560.566    238 161597.132   161640.972   163013.100
 73  JTT+F+R5      80471.689    240 161423.379   161467.991   162851.245
 74  JTT+F+R6      80459.847    242 161403.694   161449.086   162843.459
 75  JTT+F+R7      80457.200    244 161402.400   161448.580   162854.065
 79  WAG           82746.287    213 165918.573   165953.369   167185.805
 80  WAG+I         82490.515    214 165409.029   165444.165   166682.210
 81  WAG+G4        80132.194    214 160692.388   160727.524   161965.569
 82  WAG+I+G4      80075.682    215 160581.364   160616.842   161860.495
 83  WAG+R2        80658.067    215 161746.133   161781.611   163025.264
 84  WAG+R3        80104.010    217 160642.021   160678.187   161933.050
 85  WAG+R4        79926.677    219 160291.355   160328.218   161594.283
 86  WAG+R5        79855.466    221 160152.931   160190.498   161467.759
 87  WAG+R6        79850.750    223 160147.500   160185.777   161474.226
 92  WAG+F         82673.243    232 165810.486   165852.051   167190.757
 93  WAG+F+I       82427.186    233 165320.372   165362.312   166706.593
 94  WAG+F+G4      80089.811    233 160645.623   160687.563   162031.843
 95  WAG+F+I+G4    80032.683    234 160533.367   160575.683   161925.537
 96  WAG+F+R2      80594.749    234 161657.499   161699.815   163049.669
 97  WAG+F+R3      80048.098    236 160568.197   160611.271   161972.266
 98  WAG+F+R4      79871.962    238 160219.923   160263.763   161635.891
 99  WAG+F+R5      79804.196    240 160088.392   160133.004   161516.258
100  WAG+F+R6      79797.622    242 160079.245   160124.637   161519.010
105  cpREV         83290.277    213 167006.554   167041.349   168273.786
106  cpREV+I       83075.741    214 166579.483   166614.619   167852.664
107  cpREV+G4      80590.989    214 161609.978   161645.113   162883.159
108  cpREV+I+G4    80549.179    215 161528.358   161563.836   162807.489
109  cpREV+R2      81122.160    215 162674.321   162709.798   163953.451
110  cpREV+R3      80601.394    217 161636.788   161672.954   162927.817
111  cpREV+R4      80429.163    219 161296.325   161333.188   162599.253
112  cpREV+R5      80347.816    221 161137.632   161175.199   162452.459
113  cpREV+R6      80337.850    223 161121.701   161159.978   162448.427
114  cpREV+R7      80337.082    225 161124.164   161163.159   162462.789
118  cpREV+F       83024.673    232 166513.346   166554.911   167893.617
119  cpREV+F+I     82803.381    233 166072.763   166114.703   167458.983
120  cpREV+F+G4    80350.617    233 161167.234   161209.174   162553.455
121  cpREV+F+I+G4  80306.197    234 161080.395   161122.711   162472.565
122  cpREV+F+R2    80912.806    234 162293.613   162335.929   163685.783
123  cpREV+F+R3    80361.432    236 161194.864   161237.938   162598.933
124  cpREV+F+R4    80172.021    238 160820.043   160863.882   162236.010
125  cpREV+F+R5    80096.287    240 160672.573   160717.186   162100.440
126  cpREV+F+R6    80087.628    242 160659.256   160704.649   162099.022
127  cpREV+F+R7    80086.658    244 160661.316   160707.496   162112.980
131  mtREV         89566.343    213 179558.686   179593.481   180825.918
132  mtREV+I       89373.473    214 179174.946   179210.082   180448.127
133  mtREV+G4      84594.959    214 169617.917   169653.053   170891.098
134  mtREV+I+G4    84576.838    215 169583.676   169619.153   170862.806
135  mtREV+R2      85323.089    215 171076.178   171111.656   172355.309
136  mtREV+R3      84665.009    217 169764.017   169800.184   171055.047
137  mtREV+R4      84455.215    219 169348.430   169385.293   170651.359
138  mtREV+R5      84414.835    221 169271.671   169309.237   170586.498
139  mtREV+R6      84402.321    223 169250.641   169288.919   170577.367
140  mtREV+R7      84401.288    225 169252.576   169291.571   170591.201
144  mtREV+F       85432.141    232 171328.282   171369.848   172708.554
145  mtREV+F+I     85172.088    233 170810.177   170852.117   172196.397
146  mtREV+F+G4    81515.671    233 163497.343   163539.283   164883.563
147  mtREV+F+I+G4  81472.816    234 163413.633   163455.949   164805.803
148  mtREV+F+R2    82199.072    234 164866.144   164908.460   166258.314
149  mtREV+F+R3    81540.972    236 163553.943   163597.018   164958.012
150  mtREV+F+R4    81383.169    238 163242.337   163286.177   164658.305
151  mtREV+F+R5    81307.381    240 163094.762   163139.375   164522.629
152  mtREV+F+R6    81295.244    242 163074.487   163119.880   164514.253
153  mtREV+F+R7    81289.500    244 163067.000   163113.180   164518.664
157  rtREV         83665.025    213 167756.050   167790.845   169023.282
158  rtREV+I       83415.747    214 167259.494   167294.630   168532.675
159  rtREV+G4      80520.599    214 161469.198   161504.334   162742.379
160  rtREV+I+G4    80470.131    215 161370.262   161405.740   162649.393
161  rtREV+R2      81131.510    215 162693.020   162728.498   163972.151
162  rtREV+R3      80475.544    217 161385.088   161421.255   162676.118
163  rtREV+R4      80324.301    219 161086.603   161123.466   162389.531
164  rtREV+R5      80244.606    221 160931.211   160968.778   162246.039
165  rtREV+R6      80233.421    223 160912.842   160951.119   162239.568
166  rtREV+R7      80232.429    225 160914.858   160953.854   162253.483
170  rtREV+F       83305.455    232 167074.910   167116.475   168455.181
171  rtREV+F+I     83071.226    233 166608.452   166650.392   167994.672
172  rtREV+F+G4    80121.016    233 160708.031   160749.971   162094.252
173  rtREV+F+I+G4  80073.747    234 160615.495   160657.811   162007.665
174  rtREV+F+R2    80715.437    234 161898.875   161941.191   163291.045
175  rtREV+F+R3    80075.967    236 160623.934   160667.008   162028.002
176  rtREV+F+R4    79914.119    238 160304.238   160348.078   161720.206
177  rtREV+F+R5    79847.122    240 160174.244   160218.857   161602.111
178  rtREV+F+R6    79834.407    242 160152.815   160198.207   161592.580
179  rtREV+F+R7    79833.804    244 160155.609   160201.789   161607.273
183  mtART         91777.297    213 183980.594   184015.390   185247.826
184  mtART+I       91637.325    214 183702.650   183737.785   184975.831
185  mtART+G4      85148.792    214 170725.585   170760.720   171998.766
186  mtART+I+G4    85147.343    215 170724.686   170760.163   172003.816
187  mtART+R2      86288.117    215 173006.235   173041.712   174285.365
188  mtART+R3      85234.812    217 170903.625   170939.791   172194.654
189  mtART+R4      84966.336    219 170370.672   170407.535   171673.600
190  mtART+R5      84894.765    221 170231.530   170269.097   171546.358
191  mtART+R6      84876.113    223 170198.226   170236.503   171524.952
192  mtART+R7      84875.932    225 170201.864   170240.860   171540.489
196  mtART+F       86911.599    232 174287.198   174328.763   175667.469
197  mtART+F+I     86734.848    233 173935.696   173977.636   175321.916
198  mtART+F+G4    81728.616    233 163923.233   163965.173   165309.453
199  mtART+F+I+G4  81714.356    234 163896.712   163939.028   165288.882
200  mtART+F+R2    82584.573    234 165637.147   165679.463   167029.317
201  mtART+F+R3    81931.643    236 164335.286   164378.360   165739.355
202  mtART+F+R4    81595.165    238 163666.330   163710.170   165082.298
203  mtART+F+R5    81558.181    240 163596.362   163640.974   165024.229
204  mtART+F+R6    81542.745    242 163569.491   163614.883   165009.256
205  mtART+F+R7    81542.568    244 163573.136   163619.316   165024.801
209  mtZOA         89094.096    213 178614.192   178648.987   179881.423
210  mtZOA+I       88945.447    214 178318.894   178354.029   179592.075
211  mtZOA+G4      83203.962    214 166835.923   166871.059   168109.104
212  mtZOA+I+G4    83199.985    215 166829.969   166865.447   168109.100
213  mtZOA+R2      83935.068    215 168300.136   168335.614   169579.267
214  mtZOA+R3      83304.584    217 167043.167   167079.334   168334.197
215  mtZOA+R4      83030.579    219 166499.159   166536.022   167802.087
216  mtZOA+R5      82995.747    221 166433.494   166471.061   167748.322
217  mtZOA+R6      82979.612    223 166405.223   166443.500   167731.949
218  mtZOA+R7      82979.609    225 166409.218   166448.213   167747.843
222  mtZOA+F       85604.558    232 171673.117   171714.682   173053.388
223  mtZOA+F+I     85403.029    233 171272.058   171313.998   172658.279
224  mtZOA+F+G4    81062.331    233 162590.662   162632.602   163976.882
225  mtZOA+F+I+G4  81041.513    234 162551.026   162593.342   163943.196
226  mtZOA+F+R2    81806.444    234 164080.889   164123.205   165473.059
227  mtZOA+F+R3    81188.122    236 162848.244   162891.318   164252.313
228  mtZOA+F+R4    80929.656    238 162335.312   162379.152   163751.280
229  mtZOA+F+R5    80892.589    240 162265.178   162309.791   163693.045
230  mtZOA+F+R6    80873.912    242 162231.823   162277.216   163671.589
231  mtZOA+F+R7    80873.888    244 162235.777   162281.957   163687.441
235  VT            82800.054    213 166026.107   166060.903   167293.339
236  VT+I          82561.005    214 165550.010   165585.146   166823.192
237  VT+G4         80171.860    214 160771.720   160806.856   162044.901
238  VT+I+G4       80117.029    215 160664.059   160699.536   161943.189
239  VT+R2         80662.282    215 161754.565   161790.042   163033.695
240  VT+R3         80104.877    217 160643.753   160679.920   161934.783
241  VT+R4         79958.554    219 160355.109   160391.972   161658.037
242  VT+R5         79895.917    221 160233.834   160271.401   161548.661
243  VT+R6         79888.564    223 160223.128   160261.405   161549.854
248  VT+F          82770.951    232 166005.901   166047.467   167386.173
249  VT+F+I        82539.286    233 165544.571   165586.511   166930.792
250  VT+F+G4       80201.611    233 160869.222   160911.162   162255.442
251  VT+F+I+G4     80150.811    234 160769.622   160811.939   162161.792
252  VT+F+R2       80681.164    234 161830.329   161872.645   163222.499
253  VT+F+R3       80131.097    236 160734.195   160777.269   162138.264
254  VT+F+R4       79976.430    238 160428.860   160472.700   161844.828
255  VT+F+R5       79925.080    240 160330.159   160374.772   161758.026
256  VT+F+R6       79919.052    242 160322.105   160367.497   161761.870
261  LG            83036.652    213 166499.305   166534.100   167766.537
262  LG+I          82788.198    214 166004.395   166039.531   167277.576
263  LG+G4         79727.835    214 159883.671   159918.807   161156.852
264  LG+I+G4       79680.527    215 159791.053   159826.531   161070.184
265  LG+R2         80341.485    215 161112.970   161148.447   162392.100
266  LG+R3         79719.107    217 159872.214   159908.381   161163.244
267  LG+R4         79543.057    219 159524.114   159560.977   160827.042
268  LG+R5         79464.890    221 159371.781   159409.347   160686.608
269  LG+R6         79453.433    223 159352.865   159391.143   160679.591
270  LG+R7         79450.139    225 159350.279   159389.274   160688.904
274  LG+F          83084.796    232 166633.593   166675.159   168013.864
275  LG+F+I        82845.865    233 166157.730   166199.670   167543.950
276  LG+F+G4       79844.193    233 160154.386   160196.326   161540.606
277  LG+F+I+G4     79798.576    234 160065.153   160107.469   161457.323
278  LG+F+R2       80447.782    234 161363.565   161405.881   162755.735
279  LG+F+R3       79823.840    236 160119.680   160162.754   161523.749
280  LG+F+R4       79648.867    238 159773.734   159817.574   161189.702
281  LG+F+R5       79576.253    240 159632.507   159677.119   161060.373
282  LG+F+R6       79560.974    242 159605.949   159651.341   161045.714
283  LG+F+R7       79560.188    244 159608.375   159654.555   161060.040
287  DCMut         84425.004    213 169276.008   169310.803   170543.240
288  DCMut+I       84160.445    214 168748.890   168784.026   170022.072
289  DCMut+G4      81276.898    214 162981.796   163016.931   164254.977
290  DCMut+I+G4    81225.200    215 162880.400   162915.877   164159.531
291  DCMut+R2      81964.514    215 164359.027   164394.505   165638.158
292  DCMut+R3      81268.885    217 162971.770   163007.937   164262.800
293  DCMut+R4      81104.818    219 162647.636   162684.499   163950.564
294  DCMut+R5      81026.067    221 162494.135   162531.701   163808.962
295  DCMut+R6      81011.791    223 162469.581   162507.858   163796.307
296  DCMut+R7      81011.521    225 162473.042   162512.037   163811.667
300  DCMut+F       84044.425    232 168552.850   168594.416   169933.121
301  DCMut+F+I     83780.389    233 168026.777   168068.717   169412.998
302  DCMut+F+G4    80920.049    233 162306.099   162348.039   163692.319
303  DCMut+F+I+G4  80863.742    234 162195.483   162237.800   163587.653
304  DCMut+F+R2    81555.489    234 163578.979   163621.295   164971.149
305  DCMut+F+R3    80882.661    236 162237.323   162280.397   163641.392
306  DCMut+F+R4    80708.646    238 161893.291   161937.131   163309.259
307  DCMut+F+R5    80646.112    240 161772.224   161816.837   163200.091
308  DCMut+F+R6    80632.850    242 161749.700   161795.093   163189.466
309  DCMut+F+R7    80632.764    244 161753.527   161799.707   163205.192
313  PMB           82685.952    213 165797.904   165832.699   167065.135
314  PMB+I         82503.213    214 165434.425   165469.561   166707.606
315  PMB+G4        80264.381    214 160956.763   160991.898   162229.944
316  PMB+I+G4      80222.719    215 160875.438   160910.916   162154.569
317  PMB+R2        80667.414    215 161764.828   161800.306   163043.959
318  PMB+R3        80183.819    217 160801.637   160837.804   162092.667
319  PMB+R4        80036.263    219 160510.526   160547.389   161813.455
320  PMB+R5        79993.045    221 160428.091   160465.657   161742.918
321  PMB+R6        79990.430    223 160426.859   160465.136   161753.585
326  PMB+F         82681.139    232 165826.278   165867.843   167206.549
327  PMB+F+I       82494.215    233 165454.430   165496.370   166840.650
328  PMB+F+G4      80292.031    233 161050.062   161092.002   162436.282
329  PMB+F+I+G4    80249.273    234 160966.547   161008.863   162358.717
330  PMB+F+R2      80708.335    234 161884.670   161926.986   163276.840
331  PMB+F+R3      80216.783    236 160905.566   160948.640   162309.635
332  PMB+F+R4      80065.447    238 160606.893   160650.733   162022.861
333  PMB+F+R5      80021.979    240 160523.959   160568.571   161951.825
334  PMB+F+R6      80020.451    242 160524.902   160570.294   161964.668
339  HIVb          86256.711    213 172939.422   172974.217   174206.653
340  HIVb+I        85976.747    214 172381.494   172416.630   173654.675
341  HIVb+G4       82254.091    214 164936.183   164971.318   166209.364
342  HIVb+I+G4     82211.755    215 164853.509   164888.987   166132.640
343  HIVb+R2       83050.944    215 166531.889   166567.366   167811.019
344  HIVb+R3       82287.189    217 165008.379   165044.545   166299.408
345  HIVb+R4       82068.237    219 164574.474   164611.337   165877.402
346  HIVb+R5       81974.686    221 164391.373   164428.939   165706.200
347  HIVb+R6       81967.857    223 164381.715   164419.992   165708.441
352  HIVb+F        86042.563    232 172549.127   172590.692   173929.398
353  HIVb+F+I      85778.874    233 172023.747   172065.687   173409.968
354  HIVb+F+G4     81990.227    233 164446.455   164488.395   165832.676
355  HIVb+F+I+G4   81951.262    234 164370.524   164412.840   165762.694
356  HIVb+F+R2     82768.492    234 166004.983   166047.299   167397.153
357  HIVb+F+R3     82029.506    236 164531.011   164574.086   165935.080
358  HIVb+F+R4     81813.077    238 164102.154   164145.993   165518.122
359  HIVb+F+R5     81704.356    240 163888.712   163933.324   165316.579
360  HIVb+F+R6     81701.599    242 163887.199   163932.591   165326.964
365  HIVw          89922.253    213 180270.507   180305.302   181537.738
366  HIVw+I        89592.703    214 179613.406   179648.542   180886.587
367  HIVw+G4       86055.752    214 172539.504   172574.639   173812.685
368  HIVw+I+G4     86012.316    215 172454.633   172490.110   173733.763
369  HIVw+R2       86927.944    215 174285.889   174321.366   175565.019
370  HIVw+R3       86197.028    217 172828.057   172864.223   174119.086
371  HIVw+R4       85896.132    219 172230.263   172267.126   173533.192
372  HIVw+R5       85800.880    221 172043.760   172081.326   173358.587
373  HIVw+R6       85793.747    223 172033.493   172071.771   173360.219
378  HIVw+F        87656.200    232 175776.399   175817.965   177156.670
379  HIVw+F+I      87337.597    233 175141.193   175183.133   176527.414
380  HIVw+F+G4     83861.891    233 168189.783   168231.723   169576.003
381  HIVw+F+I+G4   83813.217    234 168094.435   168136.751   169486.605
382  HIVw+F+R2     84631.436    234 169730.872   169773.188   171123.042
383  HIVw+F+R3     83940.413    236 168352.826   168395.901   169756.895
384  HIVw+F+R4     83677.788    238 167831.576   167875.416   169247.544
385  HIVw+F+R5     83574.023    240 167628.047   167672.659   169055.914
386  HIVw+F+R6     83565.686    242 167615.372   167660.764   169055.137
387  HIVw+F+R7     83547.208    244 167582.416   167628.596   169034.080
388  HIVw+F+R8     83547.138    246 167586.276   167633.251   169049.839
391  JTTDCMut      84030.841    213 168487.682   168522.478   169754.914
392  JTTDCMut+I    83771.759    214 167971.518   168006.653   169244.699
393  JTTDCMut+G4   80748.755    214 161925.509   161960.645   163198.690
394  JTTDCMut+I+G4 80700.888    215 161831.775   161867.252   163110.906
395  JTTDCMut+R2   81379.736    215 163189.471   163224.949   164468.602
396  JTTDCMut+R3   80743.133    217 161920.265   161956.432   163211.294
397  JTTDCMut+R4   80574.986    219 161587.971   161624.834   162890.899
398  JTTDCMut+R5   80489.949    221 161421.899   161459.465   162736.726
399  JTTDCMut+R6   80476.084    223 161398.167   161436.445   162724.893
400  JTTDCMut+R7   80476.043    225 161402.086   161441.082   162740.711
404  JTTDCMut+F    83935.931    232 168335.863   168377.429   169716.134
405  JTTDCMut+F+I  83683.863    233 167833.726   167875.666   169219.946
406  JTTDCMut+F+G4 80711.013    233 161888.026   161929.966   163274.246
407  JTTDCMut+F+I+G4 80663.394    234 161794.787   161837.104   163186.957
408  JTTDCMut+F+R2 81331.243    234 163130.486   163172.802   164522.656
409  JTTDCMut+F+R3 80698.961    236 161869.922   161912.997   163273.991
410  JTTDCMut+F+R4 80528.173    238 161532.346   161576.186   162948.314
411  JTTDCMut+F+R5 80448.866    240 161377.731   161422.344   162805.598
412  JTTDCMut+F+R6 80435.652    242 161355.305   161400.697   162795.070
413  JTTDCMut+F+R7 80435.593    244 161359.186   161405.366   162810.850
417  FLU           85994.827    213 172415.653   172450.449   173682.885
418  FLU+I         85748.911    214 171925.821   171960.957   173199.002
419  FLU+G4        82541.728    214 165511.456   165546.592   166784.637
420  FLU+I+G4      82497.139    215 165424.278   165459.755   166703.408
421  FLU+R2        83203.113    215 166836.226   166871.703   168115.356
422  FLU+R3        82607.195    217 165648.390   165684.557   166939.420
423  FLU+R4        82381.062    219 165200.123   165236.986   166503.051
424  FLU+R5        82269.884    221 164981.768   165019.334   166296.595
425  FLU+R6        82249.624    223 164945.249   164983.526   166271.975
426  FLU+R7        82249.333    225 164948.666   164987.661   166287.291
430  FLU+F         85141.101    232 170746.202   170787.767   172126.473
431  FLU+F+I       84898.182    233 170262.364   170304.304   171648.585
432  FLU+F+G4      81690.629    233 163847.258   163889.198   165233.478
433  FLU+F+I+G4    81645.570    234 163759.141   163801.457   165151.311
434  FLU+F+R2      82306.225    234 165080.451   165122.767   166472.621
435  FLU+F+R3      81736.090    236 163944.180   163987.254   165348.249
436  FLU+F+R4      81515.700    238 163507.400   163551.240   164923.368
437  FLU+F+R5      81407.829    240 163295.658   163340.271   164723.525
438  FLU+F+R6      81389.601    242 163263.202   163308.594   164702.967
439  FLU+F+R7      81389.432    244 163266.863   163313.043   164718.527
443  Blosum62      82627.436    213 165680.872   165715.668   166948.104
444  Blosum62+I    82422.191    214 165272.382   165307.518   166545.563
445  Blosum62+G4   80209.034    214 160846.068   160881.203   162119.249
446  Blosum62+I+G4 80156.883    215 160743.766   160779.243   162022.896
447  Blosum62+R2   80630.544    215 161691.089   161726.566   162970.219
448  Blosum62+R3   80127.605    217 160689.211   160725.377   161980.240
449  Blosum62+R4   79981.624    219 160401.247   160438.110   161704.176
450  Blosum62+R5   79935.771    221 160313.542   160351.109   161628.369
451  Blosum62+R6   79930.972    223 160307.945   160346.222   161634.671
456  Blosum62+F    82624.246    232 165712.493   165754.058   167092.764
457  Blosum62+F+I  82415.722    233 165297.445   165339.385   166683.665
458  Blosum62+F+G4 80242.141    233 160950.282   160992.222   162336.502
459  Blosum62+F+I+G4 80194.856    234 160857.712   160900.029   162249.882
460  Blosum62+F+R2 80680.140    234 161828.279   161870.595   163220.449
461  Blosum62+F+R3 80164.324    236 160800.648   160843.723   162204.717
462  Blosum62+F+R4 80015.497    238 160506.993   160550.833   161922.961
463  Blosum62+F+R5 79969.612    240 160419.224   160463.836   161847.090
464  Blosum62+F+R6 79965.573    242 160415.147   160460.539   161854.912
469  mtMet         90408.485    213 181242.970   181277.765   182510.201
470  mtMet+I       90219.782    214 180867.564   180902.699   182140.745
471  mtMet+G4      84956.962    214 170341.924   170377.059   171615.105
472  mtMet+I+G4    84942.373    215 170314.745   170350.223   171593.876
473  mtMet+R2      85861.183    215 172152.366   172187.843   173431.496
474  mtMet+R3      85052.452    217 170538.905   170575.071   171829.934
475  mtMet+R4      84809.067    219 170056.134   170092.997   171359.062
476  mtMet+R5      84770.141    221 169982.282   170019.849   171297.110
477  mtMet+R6      84745.046    223 169936.091   169974.369   171262.817
478  mtMet+R7      84721.992    225 169893.984   169932.979   171232.609
479  mtMet+R8      84721.244    227 169896.488   169936.209   171247.012
482  mtMet+F       85815.421    232 172094.842   172136.407   173475.113
483  mtMet+F+I     85566.584    233 171599.167   171641.107   172985.388
484  mtMet+F+G4    81474.851    233 163415.703   163457.643   164801.924
485  mtMet+F+I+G4  81448.592    234 163365.184   163407.500   164757.354
486  mtMet+F+R2    82287.001    234 165042.002   165084.318   166434.172
487  mtMet+F+R3    81556.807    236 163585.614   163628.689   164989.683
488  mtMet+F+R4    81351.322    238 163178.645   163222.484   164594.613
489  mtMet+F+R5    81317.273    240 163114.547   163159.159   164542.414
490  mtMet+F+R6    81305.549    242 163095.098   163140.491   164534.864
491  mtMet+F+R7    81295.424    244 163078.848   163125.028   164530.512
492  mtMet+F+R8    81295.116    246 163082.232   163129.207   164545.796
495  mtVer         91430.361    213 183286.722   183321.518   184553.954
496  mtVer+I       91192.210    214 182812.420   182847.556   184085.601
497  mtVer+G4      85375.712    214 171179.424   171214.560   172452.605
498  mtVer+I+G4    85356.932    215 171143.864   171179.341   172422.994
499  mtVer+R2      86247.003    215 172924.006   172959.483   174203.136
500  mtVer+R3      85478.291    217 171390.583   171426.750   172681.612
501  mtVer+R4      85239.736    219 170917.472   170954.335   172220.401
502  mtVer+R5      85188.712    221 170819.423   170856.990   172134.250
503  mtVer+R6      85169.698    223 170785.395   170823.672   172112.121
504  mtVer+R7      85139.701    225 170729.401   170768.397   172068.026
505  mtVer+R8      85137.392    227 170728.783   170768.504   172079.307
508  mtVer+F       87257.968    232 174979.937   175021.502   176360.208
509  mtVer+F+I     86934.864    233 174335.728   174377.668   175721.949
510  mtVer+F+G4    82434.346    233 165334.692   165376.632   166720.913
511  mtVer+F+I+G4  82395.299    234 165258.598   165300.914   166650.768
512  mtVer+F+R2    83368.025    234 167204.050   167246.366   168596.220
513  mtVer+F+R3    82555.780    236 165583.560   165626.634   166987.629
514  mtVer+F+R4    82334.296    238 165144.591   165188.431   166560.559
515  mtVer+F+R5    82292.510    240 165065.021   165109.633   166492.888
516  mtVer+F+R6    82269.956    242 165023.912   165069.304   166463.677
517  mtVer+F+R7    82254.002    244 164996.004   165042.184   166447.669
518  mtVer+F+R8    82253.530    246 164999.060   165046.035   166462.624
521  mtInv         90385.247    213 181196.493   181231.289   182463.725
522  mtInv+I       90212.293    214 180852.586   180887.722   182125.767
523  mtInv+G4      85536.206    214 171500.411   171535.547   172773.592
524  mtInv+I+G4    85521.285    215 171472.569   171508.047   172751.700
525  mtInv+R2      86119.483    215 172668.965   172704.443   173948.096
526  mtInv+R3      85587.155    217 171608.310   171644.477   172899.339
527  mtInv+R4      85397.013    219 171232.025   171268.888   172534.953
528  mtInv+R5      85355.556    221 171153.112   171190.678   172467.939
529  mtInv+R6      85337.325    223 171120.649   171158.927   172447.375
530  mtInv+R7      85325.146    225 171100.292   171139.287   172438.917
531  mtInv+R8      85324.397    227 171102.794   171142.515   172453.318
534  mtInv+F       84850.735    232 170165.470   170207.036   171545.741
535  mtInv+F+I     84616.545    233 169699.090   169741.030   171085.310
536  mtInv+F+G4    80967.082    233 162400.163   162442.103   163786.384
537  mtInv+F+I+G4  80935.177    234 162338.353   162380.670   163730.523
538  mtInv+F+R2    81680.677    234 163829.354   163871.670   165221.524
539  mtInv+F+R3    81018.918    236 162509.836   162552.910   163913.905
540  mtInv+F+R4    80843.018    238 162162.036   162205.876   163578.004
541  mtInv+F+R5    80818.429    240 162116.858   162161.471   163544.725
542  mtInv+F+R6    80801.846    242 162087.692   162133.084   163527.457
543  mtInv+F+R7    80787.993    244 162063.986   162110.166   163515.651
544  mtInv+F+R8    80786.143    246 162064.286   162111.261   163527.849
Akaike Information Criterion:           LG+R7
Corrected Akaike Information Criterion: LG+R7
Bayesian Information Criterion:         LG+R6
Best-fit model: LG+R6 chosen according to BIC

All model information printed to MSTRG.13131.1.p1.pep.faa.blastp_ALL.outfmt6.parsed.filtered.faa.mafft.aln.model.gz
CPU time for ModelFinder: 14272.867 seconds (3h:57m:52s)
Wall-clock time for ModelFinder: 13814.925 seconds (3h:50m:14s)
Generating 2000 samples for ultrafast bootstrap (seed: 592447)...

NOTE: 164 MB RAM (0 GB) is required!
Measuring multi-threading efficiency up to 2 CPU cores
3 trees examined
Threads: 1 / Time: 2.162 sec / Speedup: 1.000 / Efficiency: 100% / LogL: -92099
Threads: 2 / Time: 1.115 sec / Speedup: 1.940 / Efficiency: 97% / LogL: -92099
BEST NUMBER OF THREADS: 2

Estimate model parameters (epsilon = 0.100)
1. Initial log-likelihood: -79593.040
2. Current log-likelihood: -79521.660
3. Current log-likelihood: -79501.445
4. Current log-likelihood: -79493.506
5. Current log-likelihood: -79488.522
6. Current log-likelihood: -79484.845
7. Current log-likelihood: -79482.038
8. Current log-likelihood: -79480.224
9. Current log-likelihood: -79479.274
10. Current log-likelihood: -79478.798
11. Current log-likelihood: -79478.483
12. Current log-likelihood: -79478.279
13. Current log-likelihood: -79478.140
Optimal log-likelihood: -79478.024
Site proportion and rates:  (0.054,0.065) (0.092,0.214) (0.162,0.438) (0.115,0.664) (0.231,1.096) (0.347,1.661)
Parameters optimization took 13 rounds (55.154 sec)
Computing ML distances based on estimated model parameters... 6.809 sec
Computing BIONJ tree...
0.007 seconds
Log-likelihood of BIONJ tree: -79476.720
--------------------------------------------------------------------
|             INITIALIZING CANDIDATE TREE SET                      |
--------------------------------------------------------------------
Generating 98 parsimony trees... 8.955 second
Computing log-likelihood of 98 initial trees ... 60.595 seconds
Current best score: -79475.400

Do NNI search on 20 best initial trees
Estimate model parameters (epsilon = 0.100)
BETTER TREE FOUND at iteration 1: -79213.073
Estimate model parameters (epsilon = 0.100)
BETTER TREE FOUND at iteration 4: -79189.052
Iteration 10 / LogL: -79274.019 / Time: 0h:6m:10s
Iteration 20 / LogL: -79231.609 / Time: 0h:7m:57s
Finish initializing candidate tree set (20)
Current best tree score: -79189.052 / CPU time: 412.625
Number of iterations: 20
--------------------------------------------------------------------
|               OPTIMIZING CANDIDATE TREE SET                      |
--------------------------------------------------------------------
Estimate model parameters (epsilon = 0.100)
BETTER TREE FOUND at iteration 23: -79180.043
Estimate model parameters (epsilon = 0.100)
BETTER TREE FOUND at iteration 26: -79169.276
Estimate model parameters (epsilon = 0.100)
BETTER TREE FOUND at iteration 29: -79148.901
Estimate model parameters (epsilon = 0.100)
BETTER TREE FOUND at iteration 30: -79145.081
Iteration 30 / LogL: -79145.081 / Time: 0h:10m:54s (0h:37m:36s left)
Estimate model parameters (epsilon = 0.100)
BETTER TREE FOUND at iteration 36: -79144.108
Estimate model parameters (epsilon = 0.100)
BETTER TREE FOUND at iteration 38: -79141.935
Iteration 40 / LogL: -79143.382 / Time: 0h:12m:27s (0h:31m:18s left)
Estimate model parameters (epsilon = 0.100)
BETTER TREE FOUND at iteration 42: -79139.970
Estimate model parameters (epsilon = 0.100)
BETTER TREE FOUND at iteration 44: -79131.717
Estimate model parameters (epsilon = 0.100)
BETTER TREE FOUND at iteration 50: -79129.060
Iteration 50 / LogL: -79129.060 / Time: 0h:14m:13s (0h:29m:2s left)
Log-likelihood cutoff on original alignment: -79290.442
Iteration 60 / LogL: -79135.097 / Time: 0h:15m:28s (0h:23m:35s left)
Estimate model parameters (epsilon = 0.100)
BETTER TREE FOUND at iteration 61: -79125.331
Iteration 70 / LogL: -79126.730 / Time: 0h:17m:5s (0h:22m:32s left)
Iteration 80 / LogL: -79126.894 / Time: 0h:18m:18s (0h:18m:45s left)
Estimate model parameters (epsilon = 0.100)
BETTER TREE FOUND at iteration 81: -79121.789
Estimate model parameters (epsilon = 0.100)
BETTER TREE FOUND at iteration 84: -79118.552
Estimate model parameters (epsilon = 0.100)
BETTER TREE FOUND at iteration 86: -79114.268
Iteration 90 / LogL: -79126.392 / Time: 0h:20m:20s (0h:21m:56s left)
Iteration 100 / LogL: -79118.432 / Time: 0h:21m:35s (0h:18m:45s left)
Log-likelihood cutoff on original alignment: -79266.645
NOTE: Bootstrap correlation coefficient of split occurrence frequencies: 0.930
NOTE: UFBoot does not converge, continue at least 100 more iterations
Iteration 110 / LogL: -79118.658 / Time: 0h:22m:56s (0h:18m:56s left)
Estimate model parameters (epsilon = 0.100)
BETTER TREE FOUND at iteration 114: -79113.233
Estimate model parameters (epsilon = 0.100)
BETTER TREE FOUND at iteration 116: -79112.662
Iteration 120 / LogL: -79119.797 / Time: 0h:24m:31s (0h:19m:47s left)
Iteration 130 / LogL: -79119.469 / Time: 0h:25m:50s (0h:17m:13s left)
BETTER TREE FOUND at iteration 135: -79112.657
Iteration 140 / LogL: -79114.596 / Time: 0h:27m:9s (0h:18m:33s left)
Estimate model parameters (epsilon = 0.100)
BETTER TREE FOUND at iteration 149: -79111.838
Iteration 150 / LogL: -79131.856 / Time: 0h:28m:34s (0h:18m:58s left)
Log-likelihood cutoff on original alignment: -79266.645
Iteration 160 / LogL: -79114.386 / Time: 0h:29m:58s (0h:16m:46s left)
Estimate model parameters (epsilon = 0.100)
BETTER TREE FOUND at iteration 168: -79109.120
Iteration 170 / LogL: -79111.563 / Time: 0h:31m:21s (0h:18m:10s left)
Iteration 180 / LogL: -79135.637 / Time: 0h:32m:37s (0h:16m:2s left)
Iteration 190 / LogL: -79121.154 / Time: 0h:33m:50s (0h:13m:57s left)
Iteration 200 / LogL: -79131.349 / Time: 0h:35m:4s (0h:11m:59s left)
Log-likelihood cutoff on original alignment: -79266.645
NOTE: Bootstrap correlation coefficient of split occurrence frequencies: 0.982
NOTE: UFBoot does not converge, continue at least 100 more iterations
Iteration 210 / LogL: -79114.408 / Time: 0h:36m:20s (0h:15m:38s left)
Estimate model parameters (epsilon = 0.100)
BETTER TREE FOUND at iteration 212: -79108.762
Iteration 220 / LogL: -79132.156 / Time: 0h:37m:43s (0h:15m:51s left)
Iteration 230 / LogL: -79111.149 / Time: 0h:39m:4s (0h:13m:59s left)
Iteration 240 / LogL: -79109.610 / Time: 0h:40m:15s (0h:12m:7s left)
Estimate model parameters (epsilon = 0.100)
BETTER TREE FOUND at iteration 242: -79108.067
Estimate model parameters (epsilon = 0.100)
BETTER TREE FOUND at iteration 243: -79107.739
Iteration 250 / LogL: -79117.191 / Time: 0h:41m:42s (0h:15m:34s left)
Log-likelihood cutoff on original alignment: -79266.645
Iteration 260 / LogL: -79112.830 / Time: 0h:43m:0s (0h:13m:47s left)
BETTER TREE FOUND at iteration 270: -79107.731
Iteration 270 / LogL: -79107.731 / Time: 0h:44m:18s (0h:16m:28s left)
Iteration 280 / LogL: -79108.529 / Time: 0h:45m:32s (0h:14m:41s left)
Iteration 290 / LogL: -79110.054 / Time: 0h:46m:53s (0h:12m:58s left)
Iteration 300 / LogL: -79110.247 / Time: 0h:48m:7s (0h:11m:15s left)
Log-likelihood cutoff on original alignment: -79266.645
NOTE: Bootstrap correlation coefficient of split occurrence frequencies: 0.989
NOTE: UFBoot does not converge, continue at least 100 more iterations
Iteration 310 / LogL: -79124.471 / Time: 0h:49m:30s (0h:14m:25s left)
Iteration 320 / LogL: -79110.103 / Time: 0h:50m:43s (0h:12m:43s left)
Iteration 330 / LogL: -79107.756 / Time: 0h:52m:0s (0h:11m:3s left)
Estimate model parameters (epsilon = 0.100)
BETTER TREE FOUND at iteration 340: -79107.181
Iteration 340 / LogL: -79107.181 / Time: 0h:53m:21s (0h:15m:44s left)
Estimate model parameters (epsilon = 0.100)
BETTER TREE FOUND at iteration 341: -79106.663
Iteration 350 / LogL: -79107.907 / Time: 0h:54m:49s (0h:14m:17s left)
Log-likelihood cutoff on original alignment: -79266.645
Estimate model parameters (epsilon = 0.100)
BETTER TREE FOUND at iteration 358: -79106.397
Iteration 360 / LogL: -79106.620 / Time: 0h:56m:19s (0h:15m:22s left)
Iteration 370 / LogL: -79106.663 / Time: 0h:57m:45s (0h:13m:46s left)
Iteration 380 / LogL: -79108.056 / Time: 0h:59m:7s (0h:12m:10s left)
Iteration 390 / LogL: -79109.177 / Time: 1h:0m:35s (0h:10m:35s left)
Iteration 400 / LogL: -79107.010 / Time: 1h:1m:50s (0h:8m:59s left)
Log-likelihood cutoff on original alignment: -79266.645
NOTE: Bootstrap correlation coefficient of split occurrence frequencies: 0.991
Iteration 410 / LogL: -79108.585 / Time: 1h:3m:14s (0h:13m:54s left)
Iteration 420 / LogL: -79109.556 / Time: 1h:4m:29s (0h:12m:18s left)
Iteration 430 / LogL: -79110.251 / Time: 1h:5m:49s (0h:10m:44s left)
Estimate model parameters (epsilon = 0.100)
BETTER TREE FOUND at iteration 436: -79106.218
Iteration 440 / LogL: -79110.210 / Time: 1h:7m:14s (0h:14m:42s left)
Iteration 450 / LogL: -79121.145 / Time: 1h:8m:43s (0h:13m:9s left)
Log-likelihood cutoff on original alignment: -79266.645
Iteration 460 / LogL: -79113.366 / Time: 1h:10m:10s (0h:11m:37s left)
Iteration 470 / LogL: -79107.022 / Time: 1h:11m:33s (0h:10m:4s left)
Iteration 480 / LogL: -79136.463 / Time: 1h:12m:56s (0h:8m:31s left)
Iteration 490 / LogL: -79106.993 / Time: 1h:14m:19s (0h:6m:59s left)
Iteration 500 / LogL: -79116.329 / Time: 1h:15m:41s (0h:5m:27s left)
Log-likelihood cutoff on original alignment: -79266.645
NOTE: Bootstrap correlation coefficient of split occurrence frequencies: 0.995
Iteration 510 / LogL: -79124.486 / Time: 1h:17m:2s (0h:13m:37s left)
Iteration 520 / LogL: -79119.234 / Time: 1h:18m:28s (0h:12m:5s left)
Iteration 530 / LogL: -79107.453 / Time: 1h:19m:59s (0h:10m:35s left)
TREE SEARCH COMPLETED AFTER 537 ITERATIONS / Time: 1h:20m:57s

--------------------------------------------------------------------
|                    FINALIZING TREE SEARCH                        |
--------------------------------------------------------------------
Performs final model parameters optimization
Estimate model parameters (epsilon = 0.010)
1. Initial log-likelihood: -79106.218
2. Current log-likelihood: -79106.154
3. Current log-likelihood: -79106.130
4. Current log-likelihood: -79106.103
5. Current log-likelihood: -79106.093
6. Current log-likelihood: -79106.066
Optimal log-likelihood: -79106.055
Site proportion and rates:  (0.048,0.036) (0.109,0.203) (0.174,0.438) (0.124,0.710) (0.299,1.183) (0.246,1.860)
Parameters optimization took 6 rounds (15.494 sec)
BEST SCORE FOUND : -79106.055
Creating bootstrap support values...
Split supports printed to NEXUS file MSTRG.13131.1.p1.pep.faa.blastp_ALL.outfmt6.parsed.filtered.faa.mafft.aln.splits.nex
Total tree length: 120.805

Total number of iterations: 537
CPU time used for tree search: 9507.366 sec (2h:38m:27s)
Wall-clock time used for tree search: 4792.419 sec (1h:19m:52s)
Total CPU time used: 9665.928 sec (2h:41m:5s)
Total wall-clock time used: 4873.375 sec (1h:21m:13s)

Computing bootstrap consensus tree...
Reading input file MSTRG.13131.1.p1.pep.faa.blastp_ALL.outfmt6.parsed.filtered.faa.mafft.aln.splits.nex...
108 taxa and 1157 splits.
Consensus tree written to MSTRG.13131.1.p1.pep.faa.blastp_ALL.outfmt6.parsed.filtered.faa.mafft.aln.contree
Reading input trees file MSTRG.13131.1.p1.pep.faa.blastp_ALL.outfmt6.parsed.filtered.faa.mafft.aln.contree
Log-likelihood of consensus tree: -79106.993

Analysis results written to: 
  IQ-TREE report:                MSTRG.13131.1.p1.pep.faa.blastp_ALL.outfmt6.parsed.filtered.faa.mafft.aln.iqtree
  Maximum-likelihood tree:       MSTRG.13131.1.p1.pep.faa.blastp_ALL.outfmt6.parsed.filtered.faa.mafft.aln.treefile
  Likelihood distances:          MSTRG.13131.1.p1.pep.faa.blastp_ALL.outfmt6.parsed.filtered.faa.mafft.aln.mldist

Ultrafast bootstrap approximation results written to:
  Split support values:          MSTRG.13131.1.p1.pep.faa.blastp_ALL.outfmt6.parsed.filtered.faa.mafft.aln.splits.nex
  Consensus tree:                MSTRG.13131.1.p1.pep.faa.blastp_ALL.outfmt6.parsed.filtered.faa.mafft.aln.contree
  Screen log file:               MSTRG.13131.1.p1.pep.faa.blastp_ALL.outfmt6.parsed.filtered.faa.mafft.aln.log

Date and Time: Tue May 25 00:00:34 2021
