IQ-TREE multicore version 1.6.12 for Linux 64-bit built Aug 15 2019
Developed by Bui Quang Minh, Nguyen Lam Tung, Olga Chernomor,
Heiko Schmidt, Dominik Schrempf, Michael Woodhams.

Host:    coral (AVX512, FMA3, 376 GB RAM)
Command: /home/timothy/programs/iqtree-1.6.12-Linux/bin/iqtree -s MSTRG.7998.1.p1.pep.faa.blastp_ALL.outfmt6.parsed.filtered.faa.mafft.aln -nt AUTO -ntmax 2 -m MFP -bb 2000 -quiet
Seed:    25858 (Using SPRNG - Scalable Parallel Random Number Generator)
Time:    Tue May 25 06:25:48 2021
Kernel:  AVX+FMA - auto-detect threads (96 CPU cores detected)

Reading alignment file MSTRG.7998.1.p1.pep.faa.blastp_ALL.outfmt6.parsed.filtered.faa.mafft.aln ... Fasta format detected
Alignment most likely contains protein sequences
Alignment has 123 sequences with 970 columns, 911 distinct patterns
559 parsimony-informative, 217 singleton sites, 194 constant sites
                                                                                                                                                             Gap/Ambiguity  Composition  p-value
   1  Archaea-Crenarchaeota-Thermoprotei-Desulfurococcales-Desulfurococcaceae-Desulfurococcus_amylolyticus_WP_012608187.1                                           73.92%    failed      2.28%
   2  Archaea-Crenarchaeota-Thermoprotei-Sulfolobales-Sulfolobaceae-Metallosphaera_yellowstonensis_WP_009075445.1                                                   75.98%    failed      0.02%
   3  Archaea-Crenarchaeota-Thermoprotei-Sulfolobales-Sulfolobaceae-Saccharolobus_solfataricus_WP_009991162.1                                                       75.98%    failed      0.21%
   4  Archaea-Euryarchaeota-Thermoplasmata-Methanomassiliicoccales-CandidatusMethanomethylophilaceae-Candidatus_Methanomethylophilus_sp._1R26_WP_058746997.1        69.07%    failed      2.88%
   5  Archaea-Euryarchaeota-Thermoplasmata-NA-NA-methanogenic_archaeon_ISO4H5_WP_066074681.1                                                                        69.07%    passed      9.13%
   6  Archaea-Euryarchaeota-Thermoplasmata-Thermoplasmatales-NA-Thermoplasmatales_archaeon_BRNA1_WP_015492122.1                                                     69.07%    passed     11.72%
   7  Archaea-NA-NA-NA-NA-anaerobic_archaeon_MKD1_WP_147663252.1                                                                                                    67.22%    passed      5.52%
   8  Archaea-Thaumarchaeota-NA-NA-NA-Candidatus_Nitrosotenuis_cloacae_WP_048187961.1                                                                               71.75%    passed     58.27%
   9  Archaea-Thaumarchaeota-NA-Nitrosopumilales-Nitrosopumilaceae-Candidatus_Nitrosarchaeum_limnium_WP_010193882.1                                                 71.75%    passed     45.32%
  10  Archaea-Thaumarchaeota-Nitrososphaeria-Nitrososphaerales-Nitrososphaeraceae-Candidatus_Nitrosocosmicus_arcticus_WP_144732859.1                                70.21%    failed      1.92%
  11  Bacteria-Abditibacteriota-Abditibacteria-Abditibacteriales-Abitibacteriaceae-Abditibacterium_utsteinense_WP_105482332.1                                       69.38%    passed     64.62%
  12  Bacteria-Acidobacteria-Acidobacteriia-Acidobacteriales-Acidobacteriaceae-Acidobacteria_bacterium_KBS_146_WP_026385780.1                                       69.28%    passed     87.55%
  13  Bacteria-Acidobacteria-Acidobacteriia-Acidobacteriales-Acidobacteriaceae-Acidobacteriaceae_bacterium_TAA166_WP_022846051.1                                    69.38%    passed     82.94%
  14  Bacteria-Acidobacteria-Acidobacteriia-Acidobacteriales-Acidobacteriaceae-Edaphobacter_aggregans_WP_035350170.1                                                69.28%    passed     34.70%
  15  Bacteria-Actinobacteria-Coriobacteriia-Eggerthellales-Eggerthellaceae-Gordonibacter_massiliensis_WP_080144033.1                                               69.90%    passed     88.02%
  16  Bacteria-Actinobacteria-Coriobacteriia-Eggerthellales-Eggerthellaceae-Raoultibacter_timonensis_WP_102380232.1                                                 70.10%    passed     93.55%
  17  Bacteria-Actinobacteria-Coriobacteriia-Eggerthellales-Eggerthellaceae-Slackia_isoflavoniconvertens_WP_114615289.1                                             70.10%    passed     95.65%
  18  Bacteria-Bacteroidetes-Bacteroidia-Bacteroidales-Bacteroidaceae-Bacteroides_caecimuris_WP_120359972.1                                                         69.90%    passed     84.21%
  19  Bacteria-Bacteroidetes-Bacteroidia-Marinilabiliales-Marinifilaceae-Marinifilum_sp._JC120_WP_136675946.1                                                       69.18%    passed     82.28%
  20  Bacteria-candidatedivisionNC10-NA-NA-NA-candidate_division_NC10_bacterium_WP_116464761.1                                                                      68.35%    passed     71.09%
  21  Bacteria-candidatedivisionNC10-NA-NA-NA-Candidatus_Methylomirabilis_limnetica_WP_107561027.1                                                                  69.18%    passed     43.49%
  22  Bacteria-CandidatusKryptonia-NA-NA-NA-Candidatus_Thermokryptus_mobilis_WP_140944252.1                                                                         68.97%    passed     23.33%
  23  Bacteria-Chloroflexi-Thermomicrobia-NA-NA-Thermorudis_peleae_WP_051914616.1                                                                                   69.38%    failed      0.00%
  24  Bacteria-Chloroflexi-Thermomicrobia-Sphaerobacterales-Sphaerobacteraceae-Sphaerobacter_thermophilus_WP_012871774.1                                            69.18%    failed      0.33%
  25  Bacteria-Deferribacteres-Deferribacteres-Deferribacterales-Deferribacteraceae-Deferribacter_desulfuricans_WP_013008560.1                                      69.90%    passed      5.05%
  26  Bacteria-Deferribacteres-Deferribacteres-Deferribacterales-Deferribacteraceae-Denitrovibrio_acetiphilus_WP_052293503.1                                        69.79%    passed     29.57%
  27  Bacteria-Deferribacteres-Deferribacteres-Deferribacterales-Deferribacteraceae-Flexistipes_sinusarabici_WP_013885280.1                                         69.90%    passed     61.86%
  28  Bacteria-Elusimicrobia-Endomicrobia-Endomicrobiales-Endomicrobiaceae-Candidatus_Endomicrobium_trichonymphae_WP_096525981.1                                    69.90%    passed      5.18%
  29  Bacteria-Elusimicrobia-Endomicrobia-Endomicrobiales-Endomicrobiaceae-Endomicrobium_proavitum_WP_052571571.1                                                   69.90%    passed     32.12%
  30  Bacteria-Elusimicrobia-NA-NA-NA-uncultured_Termite_group_1_bacterium_WP_015423759.1                                                                           69.90%    failed      4.69%
  31  Bacteria-Fibrobacteres-Fibrobacteria-Fibrobacterales-Fibrobacteraceae-Fibrobacter_sp._UWCM_WP_073116610.1                                                     69.69%    passed     96.72%
  32  Bacteria-Fibrobacteres-Fibrobacteria-Fibrobacterales-Fibrobacteraceae-NA_WP_109736091.1                                                                       69.69%    passed     98.46%
  33  Bacteria-Firmicutes-Clostridia-Clostridiales-Clostridiaceae-Clostridium_sp._BNL1100_WP_014312100.1                                                            69.28%    passed     80.51%
  34  Bacteria-Firmicutes-Clostridia-Clostridiales-Hungateiclostridiaceae-Ruminiclostridium_cellulolyticum_WP_012634833.1                                           69.28%    passed     89.74%
  35  Bacteria-Firmicutes-Clostridia-Clostridiales-Hungateiclostridiaceae-Thermoclostridium_stercorarium_WP_015360113.1                                             69.59%    passed     34.56%
  36  Bacteria-Ignavibacteriae-Ignavibacteria-Ignavibacteriales-Ignavibacteriaceae-Ignavibacterium_album_WP_014560190.1                                             69.38%    passed     29.33%
  37  Bacteria-Ignavibacteriae-Ignavibacteria-Ignavibacteriales-Melioribacteraceae-Melioribacter_roseus_WP_014857090.1                                              69.18%    passed     22.01%
  38  Bacteria-Kiritimatiellaeota-Kiritimatiellae-Kiritimatiellales-Kiritimatiellaceae-Kiritimatiella_glycovorans_WP_052881644.1                                    68.97%    passed     72.86%
  39  Bacteria-Kiritimatiellaeota-Kiritimatiellae-Kiritimatiellales-NA-Kiritimatiellales_bacterium_WP_136078583.1                                                   69.38%    passed     72.39%
  40  Bacteria-Lentisphaerae-Lentisphaeria-Victivallales-NA-Victivallales_bacterium_CCUG_44730_WP_106054415.1                                                       69.28%    passed     77.52%
  41  Bacteria-Lentisphaerae-Lentisphaeria-Victivallales-Victivallaceae-Victivallis_vadensis_WP_116882223.1                                                         69.28%    passed     85.67%
  42  Bacteria-NA-NA-NA-NA-bacterium_D1663_WP_120376345.1                                                                                                           70.10%    passed     53.72%
  43  Bacteria-NA-NA-NA-NA-NA_WP_135892992.1                                                                                                                        69.48%    passed     88.35%
  44  Bacteria-Nitrospirae-Nitrospira-Nitrospirales-Nitrospiraceae-Candidatus_Sulfobium_mesophilum_WP_109134777.1                                                   69.90%    passed     63.58%
  45  Bacteria-Nitrospirae-Nitrospira-Nitrospirales-Nitrospiraceae-NA_WP_012545457.1                                                                                69.90%    passed     57.11%
  46  Bacteria-Nitrospirae-Nitrospira-Nitrospirales-Nitrospiraceae-Thermodesulfovibrio_yellowstonii_YP_002249081.1                                                  69.90%    passed     57.11%
  47  Bacteria-Planctomycetes-Phycisphaerae-NA-NA-Phycisphaerae_bacterium_SMChiD1_WP_146683402.1                                                                    69.38%    passed     63.19%
  48  Bacteria-Planctomycetes-Phycisphaerae-Sedimentisphaerales-Sedimentisphaeraceae-Sedimentisphaera_salicampi_WP_094759847.1                                      69.38%    passed     16.27%
  49  Bacteria-Planctomycetes-Planctomycetia-Planctomycetales-Planctomycetaceae-Thermogutta_terrifontis_WP_095416136.1                                              69.59%    passed     84.22%
  50  Bacteria-Proteobacteria-Deltaproteobacteria-Desulfovibrionales-Desulfohalobiaceae-Desulfohalobium_retbaense_WP_015751550.1                                    68.76%    failed      1.68%
  51  Bacteria-Proteobacteria-Deltaproteobacteria-Desulfovibrionales-Desulfovibrionaceae-Bilophila_sp._4_1_30_WP_009380962.1                                        69.28%    passed     99.64%
  52  Bacteria-Proteobacteria-Deltaproteobacteria-Desulfovibrionales-Desulfovibrionaceae-Halodesulfovibrio_marinisediminis_WP_074217655.1                           69.28%    passed     92.34%
  53  Bacteria-Synergistetes-Synergistia-Synergistales-Synergistaceae-Pyramidobacter_piscolens_WP_009165720.1                                                       70.21%    passed     89.76%
  54  Bacteria-Thermodesulfobacteria-Thermodesulfobacteria-Thermodesulfobacteriales-Thermodesulfobacteriaceae-Thermodesulfatator_autotrophicus_WP_068540973.1       69.28%    passed     16.78%
  55  Bacteria-Thermodesulfobacteria-Thermodesulfobacteria-Thermodesulfobacteriales-Thermodesulfobacteriaceae-Thermodesulfobacterium_hveragerdense_WP_028840722.1   69.59%    passed     31.06%
  56  Bacteria-Thermodesulfobacteria-Thermodesulfobacteria-Thermodesulfobacteriales-Thermodesulfobacteriaceae-Thermosulfurimonas_dismutans_WP_068668908.1           69.38%    passed     33.05%
  57  Bacteria-Verrucomicrobia-NA-NA-NA-Verrucomicrobia_bacterium_S94_WP_130594619.1                                                                                69.38%    passed     58.07%
  58  Bacteria-Verrucomicrobia-Spartobacteria-NA-NA-Spartobacteria_bacterium_LR76_WP_108062260.1                                                                    69.48%    passed     33.77%
  59  Bacteria-Verrucomicrobia-Spartobacteria-NA-NA-Terrimicrobium_sacchariphilum_WP_075079238.1                                                                    69.48%    passed     27.44%
  60  Eukaryota-Alveolata-Dinophyceae-NA-Unranked-Glenodinium_foliaceum_MMETSP0119_c85039_g1_i1.p2                                                                  69.28%    passed     14.72%
  61  Eukaryota-Alveolata-Dinophyceae-Peridiniales-Kryptoperidiniaceae-Durinskia_baltica_MMETSP0116_c88310_g1_i1.p1                                                 72.58%    passed     83.80%
  62  Eukaryota-Alveolata-Dinophyceae-Peridiniales-Kryptoperidiniaceae-Kryptoperidinium_foliaceum_MMETSP0120_c11255_g1_i1.p1                                        53.81%    passed     63.99%
  63  Eukaryota-Amoebozoa-NA-NA-Paramoebidae-Paramoeba_atlantica_MMETSP0151_c23877_g1_i1.p1                                                                         52.47%    passed     99.35%
  64  Eukaryota-Amoebozoa-NA-NA-Paramoebidae-Stygamoeba_regulata_MMETSP0447_c14816_g1_i1.p1                                                                         68.25%    failed      3.35%
  65  Eukaryota-Amoebozoa-NA-NA-Paramoebidae-Trichosphaerium_sp_MMETSP0405_c3559_g1_i1.p1                                                                           66.19%    passed     59.07%
  66  Eukaryota-Apicomplexa-NA-Unranked-NA-Alveolata_sp_MMETSP0288_c97_g1_i1.p1                                                                                     48.56%    passed     66.45%
  67  Eukaryota-Arthropoda-Insecta-Diptera-Calliphoridae-Lucilia_cuprina_XP_023308021.1                                                                             69.18%    failed      1.18%
  68  Eukaryota-Arthropoda-Insecta-Hymenoptera-Apidae-Bombus_impatiens_XP_003487482.1                                                                               56.70%    passed     49.04%
  69  Eukaryota-Arthropoda-Insecta-Hymenoptera-Megachilidae-Megachile_rotundata_XP_003708142.1                                                                      56.70%    passed     53.54%
  70  Eukaryota-Ascomycota-Saccharomycetes-Saccharomycetales-Debaryomycetaceae-Candida_viswanathii_XP_026597730.1                                                   69.69%    passed     94.13%
  71  Eukaryota-Ascomycota-Saccharomycetes-Saccharomycetales-Saccharomycetaceae-Eremothecium_gossypii_NP_985078.1                                                   68.87%    passed     96.77%
  72  Eukaryota-Ascomycota-Sordariomycetes-Sordariales-Sordariaceae-Neurospora_discreta_jgi99799                                                                    68.35%    passed     90.58%
  73  Eukaryota-Basidiomycota-Agaricomycetes-Polyporales-Phanerochaetaceae-Phanerochaete_chrysosporium_jgi137445                                                    67.94%    passed     47.13%
  74  Eukaryota-Basidiomycota-Agaricomycetes-Polyporales-Polyporaceae-Dichomitus_squalens_XP_007363111.1                                                            67.63%    passed     33.84%
  75  Eukaryota-Basidiomycota-Agaricomycetes-Polyporales-Polyporaceae-Trametes_versicolor_XP_008038092.1                                                            68.35%    passed     26.37%
  76  Eukaryota-Cercozoa-Chlorarachniophyceae-NA-NA-Gymnochlora_sp_MMETSP0110_c8240_g1_i1.p1                                                                        67.63%    failed      2.46%
  77  Eukaryota-Cercozoa-Chlorarachniophyceae-NA-NA-Lotharella_amoebiformis_MMETSP0042_c16443_g1_i1.p1                                                              67.63%    failed      0.95%
  78  Eukaryota-Cercozoa-Chlorarachniophyceae-NA-NA-Partenskyella_glossopodia_MMETSP1318_c2535_g1_i1.p1                                                             67.42%    passed     21.19%
  79  Eukaryota-Cercozoa-NA-Euglyphida-Paulinellidae-Paulinella_chromatophora_scaffold11809-size1130_m.80556                                                        65.98%    failed      2.92%
  80  Eukaryota-Chlorophyta-Chlorophyceae-Chlamydomonadales-Chlamydomonadaceae-Chlamydomonas_euryale_MMETSP0063_c401_g1_i1.p2                                       58.35%    passed     36.45%
  81  Eukaryota-Chlorophyta-Chlorophyceae-Chlamydomonadales-Chlamydomonadaceae-Polytomella_parva_MMETSP0052_c8336_g1_i1.p1                                          61.65%    passed     44.62%
  82  Eukaryota-Chlorophyta-Trebouxiophyceae-Chlorellales-Chlorellaceae-Chlorella_NC64A_jgi21048                                                                    60.82%    failed      0.06%
  83  Eukaryota-Choanoflagellata-Choanoflagellata-Choanoflagellata-NA-Acanthoeca_sp_MMETSP0105_c19824_g1_i1.p1                                                      61.65%    failed      0.00%
  84  Eukaryota-Chromeraceae-NA-NA-NA-Chromera_velia_MMETSP0290_c41293_g1_i1.p1                                                                                     52.06%    passed      8.52%
  85  Eukaryota-Chromeraceae-NA-NA-NA-Vitrella_brassicaformis_MMETSP1451_c4143_g1_i1.p1                                                                             48.56%    passed     66.45%
  86  Eukaryota-Chytridiomycota-Chytridiomycetes-Rhizophydiales-NA-Batrachochytrium_dendrobatidis_jgi90103                                                          69.38%    passed     87.14%
  87  Eukaryota-Chytridiomycota-Chytridiomycetes-Spizellomycetales-Spizellomycetaceae-Spizellomyces_punctatus_XP_016610224.1                                        68.04%    passed     99.18%
  88  Eukaryota-Ciliophora-NA-Unranked-NA-Mesodinium_pulex_MMETSP0467_c14021_g1_i1.p1                                                                               59.79%    passed     55.79%
  89  Eukaryota-Ciliophora-NA-Unranked-NA-Strombidinopsis_sp_MMETSP0463_c4287_g1_i1.p1                                                                              62.37%    passed     51.01%
  90  Eukaryota-Ciliophora-NA-Unranked-NA-Tiarina_fusus_MMETSP0472_c12927_g1_i1.p1                                                                                  52.89%    passed     78.81%
  91  Eukaryota-Cnidaria-Anthozoa-Scleractinia-Pocilloporidae-Stylophora_pistillata_XP_022809929.1                                                                  75.26%    passed     98.10%
  92  Eukaryota-Cryptophyta-NA-Cryptomonadales-Hemiselmidaceae-Hemiselmis_virescens_MMETSP1356_c35154_g1_i1.p1                                                      63.20%    passed     24.57%
  93  Eukaryota-Cryptophyta-NA-Goniomondales-NA-Goniomonas_pacifica_MMETSP0108_c42043_g1_i1.p2                                                                      69.48%    passed      7.07%
  94  Eukaryota-Cryptophyta-NA-Pyrenomonadales-Pyrenomonadaceae-Rhodomonas_lens_MMETSP0484_c997_g1_i1.p2                                                            63.81%    passed     60.47%
  95  Eukaryota-Euglenida-NA-Eutreptiales-NA-Eutreptiella_gymnastica_MMETSP0039_c25591_g1_i2.p1                                                                     48.87%    passed      7.05%
  96  Eukaryota-Glaucophyta-Glaucophyta-Gloeochaetales-Gloeochaetaceae-Gloeochaete_witrockiana_MMETSP0308_c17659_g1_i1.p1                                           58.35%    passed     39.16%
  97  Eukaryota-Glaucophyta-Glaucophyta-NA-Cyanophoraceae-Cyanophora_paradoxa_tig00000241_g21004.t1                                                                 60.82%    passed     66.16%
  98  Eukaryota-Glaucophyta-Glaucophyta-NA-NA-Cyanoptyche_gloeocystis_MMETSP1086_c3847_g1_i1.p1                                                                     58.97%    passed      8.58%
  99  Eukaryota-Haptophyta-NA-Prymnesiales-NA-Chrysochromulina_polylepis_MMETSP0143_c63649_g1_i1.p1                                                                 67.01%    passed     79.77%
 100  Eukaryota-Haptophyta-NA-Prymnesiales-NA-Coccolithus_pelagicussspbraarudi_MMETSP0164_c1623_g1_i1.p1                                                            66.29%    passed     77.97%
 101  Eukaryota-Haptophyta-NA-Prymnesiales-NA-Prymnesium_parvum_MMETSP0007_c5485_g1_i1.p1                                                                           68.14%    passed     83.83%
 102  Eukaryota-Mesomycetozoea-Ichthyosporea-Ichthyophonida-NA-Sphaeroforma_arctica_XP_014157594.1                                                                  69.18%    passed     98.45%
 103  Eukaryota-Mesomycetozoea-Ichthyosporea-NA-NA-Capsaspora_owczarzaki_XP_004347344.1                                                                             69.18%    passed     99.64%
 104  Eukaryota-Mucorales-Mucoraceae-Undefined-Undefined-Mucor_circinelloides_jgi49872                                                                              69.28%    passed     87.09%
 105  Eukaryota-Mucoromycota-Glomeromycetes-Glomerales-Glomeraceae-Rhizophagus_irregularis_XP_025168452.1                                                           69.28%    passed     27.08%
 106  Eukaryota-Mucoromycota-Mucoromycetes-Mucorales-Phycomycetaceae-Phycomyces_blakesleeanus_jgi77526                                                              69.28%    passed     58.28%
 107  Eukaryota-Mucoromycota-Mucoromycetes-Mucorales-Rhizopodaceae-Rhizopus_microsporus_XP_023466879.1                                                              69.28%    passed     64.75%
 108  Eukaryota-Perkinsozoa-NA-Perkinsida-Perkinsidae-Perkinsus_marinus_XP_002772079.1                                                                              47.63%    failed      0.44%
 109  Eukaryota-Porifera-Demospongiae-Haplosclerida-Niphatidae-Amphimedon_queenslandica_jgiAqu1205818                                                               92.68%    passed     47.58%
 110  Eukaryota-Priapulida-Priapulimorpha-Priapulimorphida-Priapulidae-Priapulus_caudatus_XP_014680469.1                                                            80.00%    passed     55.29%
 111  Eukaryota-Retaria-NA-NA-NA-Sorites_sp_MMETSP0191_c12140_g1_i1.p1                                                                                              51.03%    failed      0.56%
 112  Eukaryota-Rhodophyta-Bangiophyceae-Bangiales-Bangiaceae-Porphyra_umbilicalis_Poumb0715s0004.1                                                                 49.48%    failed      0.00%
 113  Eukaryota-Rhodophyta-Bangiophyceae-NA-NA-Rhodella_maculata_MMETSP0167_c12460_g1_i1.p1                                                                         59.79%    passed     22.36%
 114  Eukaryota-Rhodophyta-Florideophyceae-Gigartinales-Gigartinaceae-Chondrus_crispus_XP_005715985.1                                                               42.37%    failed      0.00%
 115  Eukaryota-Stramenopiles-NA-NA-NA-Pseudo_australis_MMETSP0139_c12253_g1_i1.p1                                                                                  52.47%    passed     84.57%
 116  Eukaryota-Stramenopiles-Oomycetes-Peronosporales-Peronosporaceae-Phytophthora_capsici_jgi26969                                                                73.61%    passed     42.08%
 117  Eukaryota-Stramenopiles-Raphidophyceae-Chattonellales-Chattonellaceae-Heterosigma_akashiwo_MMETSP0414_c31320_g1_i1.p3                                         78.14%    passed     24.93%
 118  Eukaryota-Streptophyta-Liliopsida-Poales-Poaceae-Oryza_brachyantha_XP_006660719.1                                                                             58.76%    failed      0.09%
 119  Eukaryota-Streptophyta-NA-Fagales-Fagaceae-Quercus_suber_XP_023929171.1                                                                                       68.25%    failed      2.12%
 120  Eukaryota-Streptophyta-NA-Lamiales-Phrymaceae-Erythranthe_guttata_XP_012850952.1                                                                              70.00%    passed     63.32%
 121  Viruses-Myoviridae-NA-NA-NA-Synechococcus_phage_SCAM8_YP_008125722.1                                                                                          76.08%    passed     32.11%
 122  Viruses-NA-NA-NA-NA-Mollivirus_sibericum_YP_009165053.1                                                                                                       61.75%    failed      0.68%
 123  MSTRG.7998.1.p1                                                                                                                                               66.08%    passed     14.02%
WARNING: 117 sequences contain more than 50% gaps/ambiguity
****  TOTAL                                                                                                                                                         66.77%  23 sequences failed composition chi2 test (p-value<5%; df=19)
NOTE: Bacteria-Nitrospirae-Nitrospira-Nitrospirales-Nitrospiraceae-Thermodesulfovibrio_yellowstonii_YP_002249081.1 is identical to Bacteria-Nitrospirae-Nitrospira-Nitrospirales-Nitrospiraceae-NA_WP_012545457.1 but kept for subsequent analysis
NOTE: Eukaryota-Chromeraceae-NA-NA-NA-Vitrella_brassicaformis_MMETSP1451_c4143_g1_i1.p1 is identical to Eukaryota-Apicomplexa-NA-Unranked-NA-Alveolata_sp_MMETSP0288_c97_g1_i1.p1 but kept for subsequent analysis


Create initial parsimony tree by phylogenetic likelihood library (PLL)... 0.073 seconds
NOTE: ModelFinder requires 184 MB RAM!
ModelFinder will test 546 protein models (sample size: 970) ...
 No. Model         -LnL         df  AIC          AICc         BIC
Measuring multi-threading efficiency up to 2 CPU cores
Increase to 10 rounds for branch lengths
4 trees examined
Threads: 1 / Time: 2.540 sec / Speedup: 1.000 / Efficiency: 100% / LogL: -74202
Threads: 2 / Time: 2.281 sec / Speedup: 1.114 / Efficiency: 56% / LogL: -74202
BEST NUMBER OF THREADS: 2

  1  Dayhoff       52449.832    243 105385.665   105549.004   106570.848
  2  Dayhoff+I     51960.510    244 104409.021   104573.931   105599.081
  3  Dayhoff+G4    49933.051    244 100354.102   100519.012   101544.162
  4  Dayhoff+I+G4  49834.001    245 100158.002   100324.494   101352.940
  5  Dayhoff+R2    50424.186    245 101338.373   101504.865   102533.310
  6  Dayhoff+R3    49947.786    247 100389.573   100559.257   101594.265
  7  Dayhoff+R4    49846.974    249 100191.949   100364.866   101406.396
  8  Dayhoff+R5    49769.700    251 100041.401   100217.590   101265.602
  9  Dayhoff+R6    49751.560    253 100009.120   100188.622   101243.075
 10  Dayhoff+R7    49736.618    255 99983.236    100166.093   101226.946
 11  Dayhoff+R8    49725.654    257 99965.308    100151.561   101218.774
 12  Dayhoff+R9    49717.966    259 99953.932    100143.622   101217.151
 13  Dayhoff+R10   49710.455    261 99942.909    100136.079   101215.884
 14  Dayhoff+F     52335.828    262 105195.657   105390.582   106473.508
 15  Dayhoff+F+I   51835.131    263 104196.262   104392.953   105478.991
 16  Dayhoff+F+G4  49786.930    263 100099.861   100296.552   101382.590
 17  Dayhoff+F+I+G4 49686.838    264 99901.676    100100.144   101189.283
 18  Dayhoff+F+R2  50289.044    264 101106.088   101304.556   102393.694
 19  Dayhoff+F+R3  49783.484    266 100098.968   100301.022   101396.328
 20  Dayhoff+F+R4  49699.804    268 99935.609    100141.292   101242.724
 21  Dayhoff+F+R5  49627.690    270 99795.381    100004.737   101112.251
 22  Dayhoff+F+R6  49614.090    272 99772.180    99985.253    101098.805
 23  Dayhoff+F+R7  49596.743    274 99741.487    99958.321    101077.866
 24  Dayhoff+F+R8  49586.111    276 99724.222    99944.863    101070.356
 25  Dayhoff+F+R9  49578.488    278 99712.977    99937.469    101068.865
 26  Dayhoff+F+R10 49570.139    280 99700.278    99928.667    101065.921
 27  mtMAM         59293.611    243 119073.221   119236.560   120258.404
 28  mtMAM+I       59023.380    244 118534.761   118699.671   119724.821
 29  mtMAM+G4      53809.003    244 108106.006   108270.917   109296.067
 30  mtMAM+I+G4    53793.024    245 108076.047   108242.539   109270.985
 31  mtMAM+R2      54602.929    245 109695.858   109862.350   110890.796
 32  mtMAM+R3      54037.051    247 108568.101   108737.785   109772.793
 33  mtMAM+R4      53841.223    249 108180.446   108353.363   109394.893
 34  mtMAM+R5      53719.123    251 107940.246   108116.436   109164.448
 35  mtMAM+R6      53697.742    253 107901.484   108080.987   109135.440
 36  mtMAM+R7      53645.743    255 107801.486   107984.344   109045.197
 37  mtMAM+R8      53609.091    257 107732.183   107918.435   108985.648
 38  mtMAM+R9      53598.323    259 107714.647   107904.337   108977.866
 39  mtMAM+R10     53590.166    261 107702.332   107895.501   108975.306
 40  mtMAM+F       56045.885    262 112615.769   112810.694   113893.621
 41  mtMAM+F+I     55663.015    263 111852.030   112048.721   113134.759
 42  mtMAM+F+G4    51659.708    263 103845.416   104042.107   105128.145
 43  mtMAM+F+I+G4  51637.233    264 103802.466   104000.934   105090.072
 44  mtMAM+F+R2    52404.884    264 105337.768   105536.236   106625.375
 45  mtMAM+F+R3    51901.298    266 104334.597   104536.651   105631.958
 46  mtMAM+F+R4    51733.119    268 104002.239   104207.922   105309.354
 47  mtMAM+F+R5    51588.593    270 103717.185   103926.542   105034.055
 48  mtMAM+F+R6    51568.132    272 103680.264   103893.337   105006.888
 49  mtMAM+F+R7    51535.012    274 103618.024   103834.858   104954.403
 50  mtMAM+F+R8    51519.641    276 103591.282   103811.923   104937.416
 51  mtMAM+F+R9    51511.418    278 103578.836   103803.328   104934.725
 52  mtMAM+F+R10   51504.886    280 103569.772   103798.161   104935.415
 53  JTT           52278.005    243 105042.009   105205.348   106227.192
 54  JTT+I         51834.936    244 104157.871   104322.781   105347.931
 55  JTT+G4        49660.362    244 99808.723    99973.634    100998.784
 56  JTT+I+G4      49598.609    245 99687.219    99853.711    100882.156
 57  JTT+R2        50151.892    245 100793.784   100960.276   101988.721
 58  JTT+R3        49677.556    247 99849.111    100018.796   101053.803
 59  JTT+R4        49559.185    249 99616.370    99789.286    100830.816
 60  JTT+R5        49509.375    251 99520.750    99696.940    100744.951
 61  JTT+R6        49491.270    253 99488.541    99668.043    100722.497
 62  JTT+R7        49485.626    255 99481.252    99664.110    100724.963
 66  JTT+F         52227.480    262 104978.960   105173.885   106256.812
 67  JTT+F+I       51783.838    263 104093.676   104290.367   105376.405
 68  JTT+F+G4      49617.719    263 99761.438    99958.129    101044.167
 69  JTT+F+I+G4    49555.603    264 99639.206    99837.674    100926.812
 70  JTT+F+R2      50113.666    264 100755.333   100953.801   102042.939
 71  JTT+F+R3      49631.913    266 99795.827    99997.881    101093.188
 72  JTT+F+R4      49508.915    268 99553.829    99759.513    100860.945
 73  JTT+F+R5      49467.821    270 99475.642    99684.998    100792.512
 74  JTT+F+R6      49442.949    272 99429.899    99642.972    100756.523
 75  JTT+F+R7      49441.544    274 99431.089    99647.923    100767.468
 79  WAG           51206.166    243 102898.331   103061.670   104083.514
 80  WAG+I         50754.981    244 101997.963   102162.873   103188.023
 81  WAG+G4        49035.848    244 98559.695    98724.605    99749.755
 82  WAG+I+G4      48970.267    245 98430.533    98597.025    99625.471
 83  WAG+R2        49409.864    245 99309.728    99476.220    100504.666
 84  WAG+R3        49002.584    247 98499.168    98668.852    99703.860
 85  WAG+R4        48893.600    249 98285.200    98458.117    99499.647
 86  WAG+R5        48860.807    251 98223.614    98399.804    99447.815
 87  WAG+R6        48837.220    253 98180.440    98359.943    99414.396
 88  WAG+R7        48835.767    255 98181.534    98364.391    99425.244
 92  WAG+F         51202.691    262 102929.382   103124.307   104207.233
 93  WAG+F+I       50751.403    263 102028.806   102225.497   103311.535
 94  WAG+F+G4      49016.775    263 98559.551    98756.242    99842.280
 95  WAG+F+I+G4    48949.762    264 98427.524    98625.992    99715.130
 96  WAG+F+R2      49400.922    264 99329.843    99528.311    100617.449
 97  WAG+F+R3      48989.169    266 98510.339    98712.393    99807.700
 98  WAG+F+R4      48879.669    268 98295.338    98501.022    99602.454
 99  WAG+F+R5      48847.175    270 98234.350    98443.706    99551.220
100  WAG+F+R6      48820.102    272 98184.204    98397.278    99510.829
101  WAG+F+R7      48818.490    274 98184.980    98401.814    99521.359
105  cpREV         51880.796    243 104247.593   104410.931   105432.776
106  cpREV+I       51340.769    244 103169.539   103334.449   104359.599
107  cpREV+G4      49617.047    244 99722.093    99887.004    100912.153
108  cpREV+I+G4    49529.090    245 99548.179    99714.671    100743.117
109  cpREV+R2      49984.510    245 100459.020   100625.511   101653.957
110  cpREV+R3      49596.279    247 99686.559    99856.243    100891.251
111  cpREV+R4      49446.548    249 99391.096    99564.012    100605.542
112  cpREV+R5      49411.920    251 99325.840    99502.030    100550.042
113  cpREV+R6      49385.140    253 99276.281    99455.783    100510.237
114  cpREV+R7      49382.918    255 99275.837    99458.694    100519.547
118  cpREV+F       51834.121    262 104192.241   104387.166   105470.093
119  cpREV+F+I     51282.820    263 103091.640   103288.331   104374.369
120  cpREV+F+G4    49527.731    263 99581.462    99778.153    100864.191
121  cpREV+F+I+G4  49412.540    264 99353.080    99551.548    100640.686
122  cpREV+F+R2    49927.247    264 100382.495   100580.963   101670.101
123  cpREV+F+R3    49501.397    266 99534.794    99736.848    100832.155
124  cpREV+F+R4    49353.842    268 99243.684    99449.367    100550.800
125  cpREV+F+R5    49310.735    270 99161.471    99370.827    100478.341
126  cpREV+F+R6    49292.721    272 99129.441    99342.515    100456.066
127  cpREV+F+R7    49290.378    274 99128.756    99345.590    100465.135
131  mtREV         56088.124    243 112662.249   112825.588   113847.432
132  mtREV+I       55780.188    244 112048.376   112213.287   113238.437
133  mtREV+G4      52407.690    244 105303.379   105468.290   106493.439
134  mtREV+I+G4    52387.923    245 105265.846   105432.337   106460.783
135  mtREV+R2      52921.248    245 106332.495   106498.987   107527.433
136  mtREV+R3      52543.107    247 105580.213   105749.897   106784.905
137  mtREV+R4      52328.908    249 105155.817   105328.734   106370.264
138  mtREV+R5      52274.028    251 105050.057   105226.246   106274.258
139  mtREV+R6      52261.106    253 105028.212   105207.714   106262.168
140  mtREV+R7      52261.010    255 105032.020   105214.877   106275.730
144  mtREV+F       53416.213    262 107356.427   107551.352   108634.279
145  mtREV+F+I     53010.674    263 106547.348   106744.039   107830.077
146  mtREV+F+G4    50315.269    263 101156.537   101353.228   102439.266
147  mtREV+F+I+G4  50276.228    264 101080.456   101278.924   102368.062
148  mtREV+F+R2    50862.293    264 102252.587   102451.055   103540.193
149  mtREV+F+R3    50394.627    266 101321.254   101523.308   102618.615
150  mtREV+F+R4    50231.735    268 100999.470   101205.153   102306.585
151  mtREV+F+R5    50194.339    270 100928.679   101138.035   102245.549
152  mtREV+F+R6    50172.892    272 100889.784   101102.858   102216.409
153  mtREV+F+R7    50172.711    274 100893.422   101110.257   102229.801
157  rtREV         51881.180    243 104248.360   104411.699   105433.543
158  rtREV+I       51485.555    244 103459.111   103624.021   104649.171
159  rtREV+G4      49270.631    244 99029.262    99194.172    100219.322
160  rtREV+I+G4    49223.984    245 98937.968    99104.459    100132.905
161  rtREV+R2      49744.379    245 99978.758    100145.249   101173.695
162  rtREV+R3      49294.029    247 99082.058    99251.742    100286.750
163  rtREV+R4      49180.273    249 98858.546    99031.462    100072.993
164  rtREV+R5      49126.095    251 98754.191    98930.380    99978.392
165  rtREV+R6      49114.445    253 98734.889    98914.392    99968.845
166  rtREV+R7      49111.101    255 98732.203    98915.060    99975.913
170  rtREV+F       51644.759    262 103813.518   104008.443   105091.369
171  rtREV+F+I     51255.069    263 103036.138   103232.830   104318.867
172  rtREV+F+G4    49006.326    263 98538.652    98735.343    99821.381
173  rtREV+F+I+G4  48961.469    264 98450.939    98649.407    99738.545
174  rtREV+F+R2    49490.005    264 99508.010    99706.478    100795.617
175  rtREV+F+R3    49029.446    266 98590.891    98792.945    99888.252
176  rtREV+F+R4    48923.632    268 98383.264    98588.947    99690.379
177  rtREV+F+R5    48865.817    270 98271.635    98480.991    99588.505
178  rtREV+F+R6    48853.601    272 98251.202    98464.275    99577.827
179  rtREV+F+R7    48852.032    274 98252.065    98468.899    99588.444
183  mtART         58082.189    243 116650.379   116813.717   117835.562
184  mtART+I       57800.967    244 116089.933   116254.844   117279.993
185  mtART+G4      53114.323    244 106716.646   106881.556   107906.706
186  mtART+I+G4    53063.052    245 106616.105   106782.597   107811.042
187  mtART+R2      53783.004    245 108056.008   108222.500   109250.946
188  mtART+R3      53209.455    247 106912.909   107082.593   108117.601
189  mtART+R4      53054.250    249 106606.501   106779.418   107820.948
190  mtART+R5      52927.329    251 106356.657   106532.847   107580.858
191  mtART+R6      52905.688    253 106317.376   106496.879   107551.332
192  mtART+R7      52902.100    255 106314.201   106497.058   107557.911
196  mtART+F       54940.145    262 110404.290   110599.215   111682.142
197  mtART+F+I     54542.117    263 109610.234   109806.925   110892.963
198  mtART+F+G4    50757.932    263 102041.864   102238.555   103324.593
199  mtART+F+I+G4  50735.430    264 101998.859   102197.327   103286.465
200  mtART+F+R2    51491.415    264 103510.830   103709.298   104798.436
201  mtART+F+R3    50984.717    266 102501.435   102703.489   103798.796
202  mtART+F+R4    50754.275    268 102044.550   102250.233   103351.665
203  mtART+F+R5    50634.492    270 101808.983   102018.339   103125.853
204  mtART+F+R6    50615.137    272 101774.274   101987.347   103100.898
205  mtART+F+R7    50611.925    274 101771.849   101988.684   103108.229
209  mtZOA         56021.447    243 112528.894   112692.232   113714.076
210  mtZOA+I       55742.285    244 111972.570   112137.481   113162.630
211  mtZOA+G4      51697.271    244 103882.543   104047.453   105072.603
212  mtZOA+I+G4    51693.952    245 103877.904   104044.395   105072.841
213  mtZOA+R2      52255.110    245 105000.220   105166.712   106195.157
214  mtZOA+R3      51795.979    247 104085.958   104255.642   105290.650
215  mtZOA+R4      51649.106    249 103796.212   103969.129   105010.659
216  mtZOA+R5      51556.672    251 103615.344   103791.533   104839.545
217  mtZOA+R6      51534.441    253 103574.882   103754.385   104808.838
218  mtZOA+R7      51533.725    255 103577.449   103760.307   104821.160
222  mtZOA+F       53676.865    262 107877.731   108072.656   109155.582
223  mtZOA+F+I     53260.719    263 107047.437   107244.129   108330.166
224  mtZOA+F+G4    50113.842    263 100753.683   100950.374   102036.412
225  mtZOA+F+I+G4  50084.370    264 100696.739   100895.207   101984.345
226  mtZOA+F+R2    50756.862    264 102041.725   102240.193   103329.331
227  mtZOA+F+R3    50281.905    266 101095.811   101297.865   102393.171
228  mtZOA+F+R4    50077.812    268 100691.624   100897.307   101998.740
229  mtZOA+F+R5    50000.666    270 100541.331   100750.688   101858.201
230  mtZOA+F+R6    49982.651    272 100509.303   100722.376   101835.927
231  mtZOA+F+R7    49981.303    274 100510.606   100727.440   101846.985
235  VT            51372.939    243 103231.877   103395.216   104417.060
236  VT+I          50951.718    244 102391.435   102556.345   103581.495
237  VT+G4         49163.062    244 98814.124    98979.034    100004.184
238  VT+I+G4       49102.152    245 98694.305    98860.797    99889.243
239  VT+R2         49541.751    245 99573.502    99739.993    100768.439
240  VT+R3         49148.468    247 98790.936    98960.620    99995.628
241  VT+R4         49039.417    249 98576.834    98749.751    99791.281
242  VT+R5         49004.289    251 98510.579    98686.768    99734.780
243  VT+R6         48988.775    253 98483.549    98663.052    99717.505
244  VT+R7         48988.762    255 98487.523    98670.381    99731.234
248  VT+F          51365.163    262 103254.326   103449.251   104532.178
249  VT+F+I        50949.082    263 102424.164   102620.855   103706.893
250  VT+F+G4       49166.895    263 98859.789    99056.481    100142.518
251  VT+F+I+G4     49106.863    264 98741.727    98940.195    100029.333
252  VT+F+R2       49544.317    264 99616.634    99815.102    100904.240
253  VT+F+R3       49149.341    266 98830.683    99032.737    100128.044
254  VT+F+R4       49042.865    268 98621.730    98827.413    99928.845
255  VT+F+R5       49008.227    270 98556.453    98765.810    99873.323
256  VT+F+R6       48990.716    272 98525.432    98738.506    99852.057
257  VT+F+R7       48990.583    274 98529.167    98746.001    99865.546
261  LG            51468.059    243 103422.119   103585.458   104607.302
262  LG+I          51057.123    244 102602.246   102767.156   103792.306
263  LG+G4         48808.346    244 98104.691    98269.602    99294.751
264  LG+I+G4       48759.233    245 98008.465    98174.957    99203.403
265  LG+R2         49300.993    245 99091.985    99258.477    100286.923
266  LG+R3         48843.225    247 98180.449    98350.133    99385.141
267  LG+R4         48719.941    249 97937.881    98110.798    99152.328
268  LG+R5         48665.724    251 97833.448    98009.638    99057.650
269  LG+R6         48651.646    253 97809.291    97988.794    99043.247
270  LG+R7         48651.428    255 97812.856    97995.713    99056.566
274  LG+F          51433.503    262 103391.006   103585.931   104668.857
275  LG+F+I        51035.607    263 102597.214   102793.905   103879.943
276  LG+F+G4       48818.626    263 98163.253    98359.944    99445.982
277  LG+F+I+G4     48771.634    264 98071.269    98269.737    99358.875
278  LG+F+R2       49299.712    264 99127.424    99325.892    100415.030
279  LG+F+R3       48843.339    266 98218.678    98420.732    99516.038
280  LG+F+R4       48727.007    268 97990.014    98195.698    99297.130
281  LG+F+R5       48677.264    270 97894.528    98103.884    99211.398
282  LG+F+R6       48660.341    272 97864.683    98077.756    99191.308
283  LG+F+R7       48660.136    274 97868.273    98085.107    99204.652
287  DCMut         52445.974    243 105377.949   105541.287   106563.132
288  DCMut+I       51957.288    244 104402.575   104567.485   105592.635
289  DCMut+G4      49932.513    244 100353.026   100517.936   101543.086
290  DCMut+I+G4    49833.792    245 100157.584   100324.076   101352.522
291  DCMut+R2      50409.909    245 101309.817   101476.309   102504.755
292  DCMut+R3      49924.214    247 100342.428   100512.112   101547.120
293  DCMut+R4      49796.296    249 100090.593   100263.510   101305.040
294  DCMut+R5      49729.708    251 99961.416    100137.605   101185.617
295  DCMut+R6      49714.626    253 99935.252    100114.755   101169.208
296  DCMut+R7      49711.319    255 99932.638    100115.495   101176.349
300  DCMut+F       52330.680    262 105185.359   105380.284   106463.211
301  DCMut+F+I     51830.784    263 104187.568   104384.259   105470.297
302  DCMut+F+G4    49785.501    263 100097.002   100293.693   101379.731
303  DCMut+F+I+G4  49685.823    264 99899.647    100098.115   101187.253
304  DCMut+F+R2    50285.150    264 101098.300   101296.768   102385.906
305  DCMut+F+R3    49775.393    266 100082.785   100284.840   101380.146
306  DCMut+F+R4    49654.928    268 99845.856    100051.539   101152.971
307  DCMut+F+R5    49591.558    270 99723.116    99932.472    101039.986
308  DCMut+F+R6    49569.853    272 99683.706    99896.779    101010.331
309  DCMut+F+R7    49567.068    274 99682.136    99898.970    101018.515
313  PMB           51570.251    243 103626.502   103789.841   104811.685
314  PMB+I         51176.823    244 102841.646   103006.556   104031.706
315  PMB+G4        49416.775    244 99321.551    99486.461    100511.611
316  PMB+I+G4      49358.744    245 99207.489    99373.981    100402.426
317  PMB+R2        49790.553    245 100071.106   100237.597   101266.043
318  PMB+R3        49409.234    247 99312.468    99482.153    100517.161
319  PMB+R4        49309.266    249 99116.533    99289.449    100330.979
320  PMB+R5        49263.582    251 99029.164    99205.353    100253.365
321  PMB+R6        49256.405    253 99018.810    99198.313    100252.766
322  PMB+R7        49256.023    255 99022.046    99204.903    100265.757
326  PMB+F         51517.301    262 103558.603   103753.528   104836.454
327  PMB+F+I       51110.210    263 102746.421   102943.112   104029.150
328  PMB+F+G4      49369.056    263 99264.112    99460.803    100546.841
329  PMB+F+I+G4    49308.145    264 99144.290    99342.758    100431.896
330  PMB+F+R2      49750.259    264 100028.518   100226.986   101316.124
331  PMB+F+R3      49356.089    266 99244.177    99446.231    100541.538
332  PMB+F+R4      49253.684    268 99043.368    99249.051    100350.483
333  PMB+F+R5      49209.946    270 98959.892    99169.248    100276.762
334  PMB+F+R6      49198.350    272 98940.700    99153.773    100267.324
335  PMB+F+R7      49198.217    274 98944.433    99161.268    100280.813
339  HIVb          54404.085    243 109294.169   109457.508   110479.352
340  HIVb+I        53817.639    244 108123.278   108288.189   109313.339
341  HIVb+G4       51011.985    244 102511.970   102676.881   103702.030
342  HIVb+I+G4     50934.166    245 102358.332   102524.824   103553.269
343  HIVb+R2       51637.151    245 103764.302   103930.794   104959.240
344  HIVb+R3       51104.046    247 102702.091   102871.776   103906.783
345  HIVb+R4       50919.508    249 102337.015   102509.932   103551.462
346  HIVb+R5       50827.437    251 102156.874   102333.064   103381.076
347  HIVb+R6       50809.214    253 102124.428   102303.931   103358.384
348  HIVb+R7       50808.327    255 102126.655   102309.512   103370.365
352  HIVb+F        54189.511    262 108903.023   109097.948   110180.874
353  HIVb+F+I      53659.887    263 107845.774   108042.465   109128.503
354  HIVb+F+G4     50730.366    263 101986.733   102183.424   103269.462
355  HIVb+F+I+G4   50665.061    264 101858.123   102056.591   103145.729
356  HIVb+F+R2     51377.532    264 103283.064   103481.532   104570.670
357  HIVb+F+R3     50820.854    266 102173.708   102375.762   103471.069
358  HIVb+F+R4     50654.361    268 101844.722   102050.405   103151.837
359  HIVb+F+R5     50564.173    270 101668.347   101877.703   102985.217
360  HIVb+F+R6     50548.179    272 101640.358   101853.431   102966.983
361  HIVb+F+R7     50547.249    274 101642.498   101859.333   102978.878
365  HIVw          56646.640    243 113779.280   113942.619   114964.463
366  HIVw+I        55913.143    244 112314.286   112479.196   113504.346
367  HIVw+G4       53494.086    244 107476.171   107641.082   108666.232
368  HIVw+I+G4     53395.062    245 107280.123   107446.615   108475.061
369  HIVw+R2       54106.136    245 108702.272   108868.764   109897.210
370  HIVw+R3       53563.420    247 107620.841   107790.525   108825.533
371  HIVw+R4       53366.094    249 107230.187   107403.104   108444.634
372  HIVw+R5       53291.651    251 107085.301   107261.490   108309.502
373  HIVw+R6       53261.764    253 107029.528   107209.030   108263.484
374  HIVw+R7       53260.506    255 107031.012   107213.869   108274.722
378  HIVw+F        55641.269    262 111806.538   112001.463   113084.389
379  HIVw+F+I      54996.978    263 110519.957   110716.648   111802.686
380  HIVw+F+G4     52367.828    263 105261.655   105458.347   106544.384
381  HIVw+F+I+G4   52278.219    264 105084.437   105282.905   106372.044
382  HIVw+F+R2     53003.608    264 106535.216   106733.685   107822.823
383  HIVw+F+R3     52415.666    266 105363.331   105565.385   106660.692
384  HIVw+F+R4     52260.960    268 105057.920   105263.603   106365.035
385  HIVw+F+R5     52172.641    270 104885.282   105094.638   106202.151
386  HIVw+F+R6     52152.539    272 104849.077   105062.150   106175.702
387  HIVw+F+R7     52151.389    274 104850.777   105067.612   106187.156
391  JTTDCMut      52252.735    243 104991.469   105154.808   106176.652
392  JTTDCMut+I    51807.836    244 104103.673   104268.583   105293.733
393  JTTDCMut+G4   49649.522    244 99787.043    99951.954    100977.104
394  JTTDCMut+I+G4 49588.018    245 99666.035    99832.527    100860.973
395  JTTDCMut+R2   50137.161    245 100764.322   100930.814   101959.260
396  JTTDCMut+R3   49665.728    247 99825.455    99995.139    101030.147
397  JTTDCMut+R4   49533.815    249 99565.631    99738.548    100780.078
398  JTTDCMut+R5   49486.484    251 99474.968    99651.158    100699.170
399  JTTDCMut+R6   49463.171    253 99432.342    99611.845    100666.298
400  JTTDCMut+R7   49463.110    255 99436.221    99619.078    100679.931
404  JTTDCMut+F    52207.256    262 104938.511   105133.436   106216.363
405  JTTDCMut+F+I  51762.492    263 104050.985   104247.676   105333.714
406  JTTDCMut+F+G4 49608.232    263 99742.465    99939.156    101025.194
407  JTTDCMut+F+I+G4 49546.481    264 99620.962    99819.430    100908.569
408  JTTDCMut+F+R2 50100.856    264 100729.712   100928.180   102017.318
409  JTTDCMut+F+R3 49621.973    266 99775.946    99978.000    101073.307
410  JTTDCMut+F+R4 49496.140    268 99528.279    99733.963    100835.395
411  JTTDCMut+F+R5 49446.419    270 99432.838    99642.194    100749.708
412  JTTDCMut+F+R6 49419.614    272 99383.227    99596.301    100709.852
413  JTTDCMut+F+R7 49419.479    274 99386.959    99603.793    100723.338
417  FLU           53590.009    243 107666.018   107829.357   108851.201
418  FLU+I         52996.286    244 106480.572   106645.482   107670.632
419  FLU+G4        50758.942    244 102005.884   102170.795   103195.945
420  FLU+I+G4      50675.042    245 101840.085   102006.576   103035.022
421  FLU+R2        51269.577    245 103029.154   103195.645   104224.091
422  FLU+R3        50803.842    247 102101.684   102271.368   103306.376
423  FLU+R4        50637.141    249 101772.282   101945.199   102986.729
424  FLU+R5        50561.857    251 101625.715   101801.904   102849.916
425  FLU+R6        50537.597    253 101581.194   101760.696   102815.149
426  FLU+R7        50537.268    255 101584.537   101767.394   102828.247
430  FLU+F         53228.653    262 106981.307   107176.232   108259.158
431  FLU+F+I       52672.030    263 105870.060   106066.751   107152.788
432  FLU+F+G4      50289.241    263 101104.481   101301.172   102387.210
433  FLU+F+I+G4    50209.166    264 100946.332   101144.800   102233.938
434  FLU+F+R2      50814.030    264 102156.061   102354.529   103443.667
435  FLU+F+R3      50323.262    266 101178.525   101380.579   102475.885
436  FLU+F+R4      50180.025    268 100896.050   101101.733   102203.165
437  FLU+F+R5      50094.967    270 100729.935   100939.291   102046.804
438  FLU+F+R6      50077.267    272 100698.534   100911.607   102025.159
439  FLU+F+R7      50076.926    274 100701.852   100918.687   102038.231
443  Blosum62      51474.939    243 103435.878   103599.217   104621.061
444  Blosum62+I    51084.745    244 102657.490   102822.401   103847.551
445  Blosum62+G4   49327.991    244 99143.982    99308.893    100334.043
446  Blosum62+I+G4 49274.865    245 99039.730    99206.221    100234.667
447  Blosum62+R2   49699.508    245 99889.017    100055.509   101083.954
448  Blosum62+R3   49306.096    247 99106.193    99275.877    100310.885
449  Blosum62+R4   49208.998    249 98915.997    99088.914    100130.444
450  Blosum62+R5   49170.334    251 98842.667    99018.857    100066.869
451  Blosum62+R6   49158.103    253 98822.207    99001.709    100056.162
452  Blosum62+R7   49158.015    255 98826.029    99008.887    100069.740
456  Blosum62+F    51446.047    262 103416.093   103611.018   104693.945
457  Blosum62+F+I  51042.238    263 102610.476   102807.167   103893.204
458  Blosum62+F+G4 49301.831    263 99129.662    99326.354    100412.391
459  Blosum62+F+I+G4 49244.890    264 99017.780    99216.248    100305.386
460  Blosum62+F+R2 49680.393    264 99888.787    100087.255   101176.393
461  Blosum62+F+R3 49276.983    266 99085.965    99288.019    100383.326
462  Blosum62+F+R4 49176.185    268 98888.370    99094.054    100195.486
463  Blosum62+F+R5 49138.506    270 98817.012    99026.368    100133.882
464  Blosum62+F+R6 49124.411    272 98792.821    99005.895    100119.446
465  Blosum62+F+R7 49124.345    274 98796.690    99013.524    100133.069
469  mtMet         56596.627    243 113679.253   113842.592   114864.436
470  mtMet+I       56290.662    244 113069.323   113234.234   114259.383
471  mtMet+G4      52709.574    244 105907.149   106072.059   107097.209
472  mtMet+I+G4    52695.681    245 105881.362   106047.853   107076.299
473  mtMet+R2      53282.409    245 107054.819   107221.310   108249.756
474  mtMet+R3      52846.386    247 106186.772   106356.456   107391.464
475  mtMet+R4      52651.919    249 105801.838   105974.755   107016.285
476  mtMet+R5      52593.492    251 105688.983   105865.173   106913.184
477  mtMet+R6      52572.467    253 105650.935   105830.437   106884.891
478  mtMet+R7      52572.022    255 105654.043   105836.900   106897.754
482  mtMet+F       53835.731    262 108195.462   108390.387   109473.313
483  mtMet+F+I     53425.975    263 107377.951   107574.642   108660.680
484  mtMet+F+G4    50469.909    263 101465.818   101662.509   102748.546
485  mtMet+F+I+G4  50432.816    264 101393.633   101592.101   102681.239
486  mtMet+F+R2    51090.122    264 102708.243   102906.711   103995.849
487  mtMet+F+R3    50615.154    266 101762.308   101964.362   103059.669
488  mtMet+F+R4    50417.056    268 101370.112   101575.796   102677.228
489  mtMet+F+R5    50369.394    270 101278.788   101488.144   102595.658
490  mtMet+F+R6    50349.610    272 101243.219   101456.292   102569.844
491  mtMet+F+R7    50348.931    274 101245.861   101462.696   102582.240
495  mtVer         57536.902    243 115559.805   115723.144   116744.988
496  mtVer+I       57207.398    244 114902.797   115067.707   116092.857
497  mtVer+G4      53167.334    244 106822.669   106987.579   108012.729
498  mtVer+I+G4    53156.411    245 106802.823   106969.315   107997.760
499  mtVer+R2      53825.488    245 108140.976   108307.468   109335.914
500  mtVer+R3      53329.492    247 107152.984   107322.668   108357.676
501  mtVer+R4      53125.645    249 106749.290   106922.207   107963.737
502  mtVer+R5      53053.787    251 106609.573   106785.763   107833.775
503  mtVer+R6      53029.426    253 106564.852   106744.355   107798.808
504  mtVer+R7      53029.159    255 106568.317   106751.174   107812.028
508  mtVer+F       54975.235    262 110474.470   110669.395   111752.322
509  mtVer+F+I     54513.249    263 109552.498   109749.189   110835.227
510  mtVer+F+G4    51293.246    263 103112.492   103309.183   104395.221
511  mtVer+F+I+G4  51250.474    264 103028.948   103227.416   104316.554
512  mtVer+F+R2    52000.786    264 104529.571   104728.039   105817.177
513  mtVer+F+R3    51470.038    266 103472.075   103674.129   104769.436
514  mtVer+F+R4    51258.206    268 103052.411   103258.095   104359.527
515  mtVer+F+R5    51205.356    270 102950.712   103160.068   104267.582
516  mtVer+F+R6    51177.988    272 102899.976   103113.049   104226.600
517  mtVer+F+R7    51177.924    274 102903.849   103120.683   104240.228
521  mtInv         56404.686    243 113295.373   113458.711   114480.556
522  mtInv+I       56086.637    244 112661.274   112826.184   113851.334
523  mtInv+G4      52889.451    244 106266.901   106431.811   107456.961
524  mtInv+I+G4    52869.667    245 106229.334   106395.826   107424.272
525  mtInv+R2      53408.813    245 107307.625   107474.117   108502.563
526  mtInv+R3      53013.686    247 106521.371   106691.055   107726.063
527  mtInv+R4      52824.722    249 106147.443   106320.360   107361.890
528  mtInv+R5      52786.486    251 106074.971   106251.161   107299.173
529  mtInv+R6      52771.821    253 106049.641   106229.144   107283.597
530  mtInv+R7      52771.773    255 106053.545   106236.402   107297.256
534  mtInv+F       53088.956    262 106701.912   106896.837   107979.764
535  mtInv+F+I     52659.775    263 105845.551   106042.242   107128.279
536  mtInv+F+G4    50020.453    263 100566.906   100763.598   101849.635
537  mtInv+F+I+G4  49977.851    264 100483.701   100682.169   101771.307
538  mtInv+F+R2    50613.300    264 101754.600   101953.068   103042.206
539  mtInv+F+R3    50122.022    266 100776.045   100978.099   102073.406
540  mtInv+F+R4    49959.910    268 100455.820   100661.503   101762.935
541  mtInv+F+R5    49930.905    270 100401.809   100611.165   101718.679
542  mtInv+F+R6    49915.791    272 100375.582   100588.655   101702.207
543  mtInv+F+R7    49915.743    274 100379.486   100596.320   101715.865
Akaike Information Criterion:           LG+R6
Corrected Akaike Information Criterion: LG+R6
Bayesian Information Criterion:         LG+R6
Best-fit model: LG+R6 chosen according to BIC

All model information printed to MSTRG.7998.1.p1.pep.faa.blastp_ALL.outfmt6.parsed.filtered.faa.mafft.aln.model.gz
CPU time for ModelFinder: 8030.635 seconds (2h:13m:50s)
Wall-clock time for ModelFinder: 3677.359 seconds (1h:1m:17s)
Generating 2000 samples for ultrafast bootstrap (seed: 25858)...

NOTE: 113 MB RAM (0 GB) is required!
Measuring multi-threading efficiency up to 2 CPU cores
5 trees examined
Threads: 1 / Time: 2.405 sec / Speedup: 1.000 / Efficiency: 100% / LogL: -69064
Threads: 2 / Time: 1.187 sec / Speedup: 2.026 / Efficiency: 101% / LogL: -69064
BEST NUMBER OF THREADS: 2

Estimate model parameters (epsilon = 0.100)
1. Initial log-likelihood: -48727.030
2. Current log-likelihood: -48702.298
3. Current log-likelihood: -48697.776
4. Current log-likelihood: -48695.209
5. Current log-likelihood: -48693.262
6. Current log-likelihood: -48691.629
7. Current log-likelihood: -48690.208
8. Current log-likelihood: -48688.976
9. Current log-likelihood: -48687.891
10. Current log-likelihood: -48686.937
11. Current log-likelihood: -48686.121
12. Current log-likelihood: -48685.434
13. Current log-likelihood: -48684.955
14. Current log-likelihood: -48684.520
15. Current log-likelihood: -48684.138
16. Current log-likelihood: -48683.783
17. Current log-likelihood: -48683.551
18. Current log-likelihood: -48683.183
19. Current log-likelihood: -48682.803
20. Current log-likelihood: -48682.372
21. Current log-likelihood: -48681.884
22. Current log-likelihood: -48680.882
23. Current log-likelihood: -48680.170
24. Current log-likelihood: -48679.328
25. Current log-likelihood: -48678.974
26. Current log-likelihood: -48678.692
27. Current log-likelihood: -48678.557
28. Current log-likelihood: -48678.351
Optimal log-likelihood: -48678.308
Site proportion and rates:  (0.078,0.060) (0.088,0.200) (0.145,0.391) (0.131,0.654) (0.160,1.016) (0.398,1.691)
Parameters optimization took 28 rounds (77.815 sec)
Computing ML distances based on estimated model parameters... 7.758 sec
WARNING: Some pairwise ML distances are too long (saturated)
Computing BIONJ tree...
0.009 seconds
Log-likelihood of BIONJ tree: -48628.120
--------------------------------------------------------------------
|             INITIALIZING CANDIDATE TREE SET                      |
--------------------------------------------------------------------
Generating 98 parsimony trees... 7.965 second
Computing log-likelihood of 98 initial trees ... 47.177 seconds
Current best score: -48622.501

Do NNI search on 20 best initial trees
Estimate model parameters (epsilon = 0.100)
BETTER TREE FOUND at iteration 1: -48494.017
Estimate model parameters (epsilon = 0.100)
BETTER TREE FOUND at iteration 2: -48482.968
Iteration 10 / LogL: -48516.080 / Time: 0h:4m:58s
Estimate model parameters (epsilon = 0.100)
BETTER TREE FOUND at iteration 11: -48470.578
Iteration 20 / LogL: -48492.420 / Time: 0h:6m:2s
Finish initializing candidate tree set (20)
Current best tree score: -48470.578 / CPU time: 275.132
Number of iterations: 20
--------------------------------------------------------------------
|               OPTIMIZING CANDIDATE TREE SET                      |
--------------------------------------------------------------------
Estimate model parameters (epsilon = 0.100)
BETTER TREE FOUND at iteration 27: -48468.055
Estimate model parameters (epsilon = 0.100)
BETTER TREE FOUND at iteration 28: -48459.818
Iteration 30 / LogL: -48459.976 / Time: 0h:7m:9s (0h:24m:10s left)
Estimate model parameters (epsilon = 0.100)
UPDATE BEST LOG-LIKELIHOOD: -48459.740
Estimate model parameters (epsilon = 0.100)
BETTER TREE FOUND at iteration 38: -48459.171
Iteration 40 / LogL: -48461.545 / Time: 0h:8m:5s (0h:20m:18s left)
Iteration 50 / LogL: -48464.355 / Time: 0h:8m:51s (0h:15m:55s left)
Log-likelihood cutoff on original alignment: -48549.147
Iteration 60 / LogL: -48470.867 / Time: 0h:9m:41s (0h:12m:49s left)
Iteration 70 / LogL: -48460.378 / Time: 0h:10m:33s (0h:10m:24s left)
Iteration 80 / LogL: -48459.358 / Time: 0h:11m:26s (0h:8m:24s left)
Estimate model parameters (epsilon = 0.100)
BETTER TREE FOUND at iteration 86: -48456.961
Iteration 90 / LogL: -48461.621 / Time: 0h:12m:24s (0h:13m:23s left)
Iteration 100 / LogL: -48459.473 / Time: 0h:13m:14s (0h:11m:30s left)
Log-likelihood cutoff on original alignment: -48545.438
NOTE: Bootstrap correlation coefficient of split occurrence frequencies: 0.998
Iteration 110 / LogL: -48493.366 / Time: 0h:14m:4s (0h:11m:37s left)
Iteration 120 / LogL: -48456.965 / Time: 0h:14m:55s (0h:10m:1s left)
Iteration 130 / LogL: -48461.284 / Time: 0h:15m:46s (0h:8m:33s left)
Iteration 140 / LogL: -48461.825 / Time: 0h:16m:41s (0h:7m:12s left)
Estimate model parameters (epsilon = 0.100)
UPDATE BEST LOG-LIKELIHOOD: -48456.942
Iteration 150 / LogL: -48457.738 / Time: 0h:17m:34s (0h:5m:53s left)
Log-likelihood cutoff on original alignment: -48545.438
Iteration 160 / LogL: -48460.144 / Time: 0h:18m:26s (0h:4m:38s left)
Iteration 170 / LogL: -48457.000 / Time: 0h:19m:16s (0h:3m:25s left)
Iteration 180 / LogL: -48462.237 / Time: 0h:20m:7s (0h:2m:14s left)
TREE SEARCH COMPLETED AFTER 187 ITERATIONS / Time: 0h:20m:43s

--------------------------------------------------------------------
|                    FINALIZING TREE SEARCH                        |
--------------------------------------------------------------------
Performs final model parameters optimization
Estimate model parameters (epsilon = 0.010)
1. Initial log-likelihood: -48456.942
Optimal log-likelihood: -48456.941
Site proportion and rates:  (0.062,0.039) (0.092,0.167) (0.170,0.370) (0.199,0.727) (0.289,1.336) (0.187,2.074)
Parameters optimization took 1 rounds (1.505 sec)
BEST SCORE FOUND : -48456.941
Creating bootstrap support values...
Split supports printed to NEXUS file MSTRG.7998.1.p1.pep.faa.blastp_ALL.outfmt6.parsed.filtered.faa.mafft.aln.splits.nex
Total tree length: 76.112

Total number of iterations: 187
CPU time used for tree search: 2269.951 sec (0h:37m:49s)
Wall-clock time used for tree search: 1156.219 sec (0h:19m:16s)
Total CPU time used: 2446.186 sec (0h:40m:46s)
Total wall-clock time used: 1246.001 sec (0h:20m:46s)

Computing bootstrap consensus tree...
Reading input file MSTRG.7998.1.p1.pep.faa.blastp_ALL.outfmt6.parsed.filtered.faa.mafft.aln.splits.nex...
123 taxa and 1012 splits.
Consensus tree written to MSTRG.7998.1.p1.pep.faa.blastp_ALL.outfmt6.parsed.filtered.faa.mafft.aln.contree
Reading input trees file MSTRG.7998.1.p1.pep.faa.blastp_ALL.outfmt6.parsed.filtered.faa.mafft.aln.contree
Log-likelihood of consensus tree: -48459.510

Analysis results written to: 
  IQ-TREE report:                MSTRG.7998.1.p1.pep.faa.blastp_ALL.outfmt6.parsed.filtered.faa.mafft.aln.iqtree
  Maximum-likelihood tree:       MSTRG.7998.1.p1.pep.faa.blastp_ALL.outfmt6.parsed.filtered.faa.mafft.aln.treefile
  Likelihood distances:          MSTRG.7998.1.p1.pep.faa.blastp_ALL.outfmt6.parsed.filtered.faa.mafft.aln.mldist

Ultrafast bootstrap approximation results written to:
  Split support values:          MSTRG.7998.1.p1.pep.faa.blastp_ALL.outfmt6.parsed.filtered.faa.mafft.aln.splits.nex
  Consensus tree:                MSTRG.7998.1.p1.pep.faa.blastp_ALL.outfmt6.parsed.filtered.faa.mafft.aln.contree
  Screen log file:               MSTRG.7998.1.p1.pep.faa.blastp_ALL.outfmt6.parsed.filtered.faa.mafft.aln.log

Date and Time: Tue May 25 07:47:54 2021
